{"level":"debug","message":"Initializing...","module":"base","timestamp":"2024-02-19T05:19:06.463Z"}
{"level":"debug","message":"Initialized Boot controller","module":"base","timestamp":"2024-02-19T05:19:06.466Z"}
{"level":"debug","message":"Initialized User controller","module":"base","timestamp":"2024-02-19T05:19:06.466Z"}
{"level":"debug","message":"Initialized Cash controller","module":"base","timestamp":"2024-02-19T05:19:06.467Z"}
{"level":"debug","message":"Initialized Invoice controller","module":"base","timestamp":"2024-02-19T05:19:06.467Z"}
{"level":"debug","message":"Initialized Account controller","module":"base","timestamp":"2024-02-19T05:19:06.467Z"}
{"level":"debug","message":"Initialized Transaction controller","module":"base","timestamp":"2024-02-19T05:19:06.468Z"}
{"level":"debug","message":"Initialized Broadcast controller","module":"base","timestamp":"2024-02-19T05:19:06.468Z"}
{"level":"debug","message":"Loading language from config: en","module":"i18n","timestamp":"2024-02-19T05:19:06.468Z"}
{"level":"debug","message":"Checking database connection ..","module":"boot","timestamp":"2024-02-19T05:19:07.103Z"}
{"level":"debug","message":"Connected to database.","module":"boot","timestamp":"2024-02-19T05:19:07.305Z"}
{"level":"info","message":"Starting pefcl.","module":"boot","timestamp":"2024-02-19T05:19:07.305Z"}
{"level":"debug","message":"Loading player for pefcl.","module":"user","timestamp":"2024-02-19T05:19:16.616Z"}
{"level":"debug","message":{"identifier":"license:b27179133e8df658895ecd5f756db2a4a4c8cd08","name":"Pepperfield","source":1},"module":"user","timestamp":"2024-02-19T05:19:16.616Z"}
{"level":"debug","message":"Player loaded. Emitting: pefcl:userLoaded","module":"user","timestamp":"2024-02-19T05:19:16.620Z"}
{"level":"debug","message":"Creating initial cash row for source: 1","module":"cash","timestamp":"2024-02-19T05:19:16.644Z"}
{"level":"silly","message":"Checking if default account exists for source: 1","module":"accounts","timestamp":"2024-02-19T05:19:16.647Z"}
{"level":"silly","message":"Identifier: license:b27179133e8df658895ecd5f756db2a4a4c8cd08","module":"accounts","timestamp":"2024-02-19T05:19:16.647Z"}
{"level":"silly","message":"Default account exists.","module":"accounts","timestamp":"2024-02-19T05:19:16.660Z"}
{"level":"silly","message":"netPromise > pefcl:getMyCash > RequestObj","module":"events","timestamp":"2024-02-19T05:19:44.332Z"}
{"level":"silly","message":{"data":{},"source":1},"module":"events","timestamp":"2024-02-19T05:19:44.333Z"}
{"level":"silly","message":"Response Promise Event pefcl:getMyCash:c6cc44c4-fd42-4c15-b248-4f47ceb5d57c (2.5569ms), Data >>","module":"events","timestamp":"2024-02-19T05:19:44.335Z"}
{"level":"silly","message":{"data":0,"status":"ok"},"module":"events","timestamp":"2024-02-19T05:19:44.335Z"}
{"level":"silly","message":"netPromise > pefcl:getAccounts > RequestObj","module":"events","timestamp":"2024-02-19T05:19:44.382Z"}
{"level":"silly","message":{"data":null,"source":1},"module":"events","timestamp":"2024-02-19T05:19:44.383Z"}
{"level":"debug","message":"Retrieving accounts","module":"accounts","timestamp":"2024-02-19T05:19:44.383Z"}
{"level":"silly","message":"Response Promise Event pefcl:getAccounts:1946d6e0-d062-4867-af7c-667a68138a88 (14.3487ms), Data >>","module":"events","timestamp":"2024-02-19T05:19:44.397Z"}
{"level":"silly","message":{"data":[{"accountName":"Personal account","balance":0,"createdAt":"2024-02-18, 5:32:48 p.m.","deletedAt":null,"id":1,"isDefault":true,"number":"920,5572-2181-2645","ownerIdentifier":"license:b27179133e8df658895ecd5f756db2a4a4c8cd08","role":"owner","type":"personal","updatedAt":"2024-02-19T02:17:29.000Z"},{"accountName":"BaLLAS","balance":3000,"createdAt":"2024-02-18, 9:14:55 p.m.","deletedAt":null,"id":2,"isDefault":false,"number":"920,3718-2301-3658","ownerIdentifier":"license:b27179133e8df658895ecd5f756db2a4a4c8cd08","role":"owner","type":"personal","updatedAt":"2024-02-19T02:17:55.000Z"},{"accountName":"bALLAS","balance":500,"createdAt":"2024-02-18, 9:15:09 p.m.","deletedAt":null,"id":3,"isDefault":false,"number":"920,1084-0155-2337","ownerIdentifier":"license:b27179133e8df658895ecd5f756db2a4a4c8cd08","role":"owner","type":"shared","updatedAt":"2024-02-19T02:15:09.000Z"}],"status":"ok"},"module":"events","timestamp":"2024-02-19T05:19:44.398Z"}
{"level":"silly","message":"netPromise > pefcl:getInvoices > RequestObj","module":"events","timestamp":"2024-02-19T05:20:37.973Z"}
{"level":"silly","message":{"data":{"invoices":[],"limit":10,"offset":0,"total":0,"totalUnpaid":0},"source":1},"module":"events","timestamp":"2024-02-19T05:20:37.974Z"}
{"level":"silly","message":"Fetching user invoices ..","module":"invoice-service","timestamp":"2024-02-19T05:20:37.974Z"}
{"level":"silly","message":"Response Promise Event pefcl:getInvoices:0869837d-82e6-46a5-9b42-2d7b4e50de08 (10.332ms), Data >>","module":"events","timestamp":"2024-02-19T05:20:37.983Z"}
{"level":"silly","message":{"data":{"invoices":[],"limit":10,"offset":0,"total":0,"totalUnpaid":0},"status":"ok"},"module":"events","timestamp":"2024-02-19T05:20:37.984Z"}
{"level":"silly","message":"netPromise > pefcl:getTransactions > RequestObj","module":"events","timestamp":"2024-02-19T05:20:38.023Z"}
{"level":"silly","message":{"data":{"limit":10,"offset":0,"total":0,"transactions":[]},"source":1},"module":"events","timestamp":"2024-02-19T05:20:38.023Z"}
{"level":"silly","message":"Getting transactions","module":"transactionService","timestamp":"2024-02-19T05:20:38.023Z"}
{"level":"silly","message":{"data":{"limit":10,"offset":0,"total":0,"transactions":[]},"source":1},"module":"transactionService","timestamp":"2024-02-19T05:20:38.024Z"}
{"level":"silly","message":"netPromise > pefcl:getTransactionsHistory > RequestObj","module":"events","timestamp":"2024-02-19T05:20:38.024Z"}
{"level":"silly","message":{"data":null,"source":1},"module":"events","timestamp":"2024-02-19T05:20:38.025Z"}
{"level":"silly","message":"Response Promise Event pefcl:getTransactionsHistory:1062e6b6-1ec9-4303-b84c-77984cc710f6 (22.7819ms), Data >>","module":"events","timestamp":"2024-02-19T05:20:38.047Z"}
{"level":"silly","message":{"data":{"expenses":-7000,"income":7000,"lastWeek":{"Sun Feb 18 2024":{"expenses":-7000,"income":7000}}},"status":"ok"},"module":"events","timestamp":"2024-02-19T05:20:38.048Z"}
{"level":"silly","message":"Returned total of 10 transactions.","module":"transactionService","timestamp":"2024-02-19T05:20:38.049Z"}
{"level":"silly","message":"Response Promise Event pefcl:getTransactions:8d8b3214-c21d-47db-85c8-506666c050c6 (27.8364ms), Data >>","module":"events","timestamp":"2024-02-19T05:20:38.052Z"}
{"level":"silly","message":{"data":{"limit":10,"offset":0,"total":10,"transactions":[{"amount":2500,"createdAt":1708309075000,"fromAccount":null,"fromAccountId":null,"id":10,"message":"Deposited $2,500 into account. #10","toAccount":{"accountName":"BaLLAS","balance":3000,"createdAt":1708308895000,"deletedAt":null,"id":2,"isDefault":false,"number":"920,3718-2301-3658","ownerIdentifier":"license:b27179133e8df658895ecd5f756db2a4a4c8cd08","role":"owner","type":"personal","updatedAt":"2024-02-19T02:17:55.000Z"},"toAccountId":2,"type":"Incoming","updatedAt":"2024-02-19T02:17:55.000Z"},{"amount":1500,"createdAt":1708309049000,"fromAccount":{"accountName":"Personal account","balance":0,"createdAt":1708295568000,"deletedAt":null,"id":1,"isDefault":true,"number":"920,5572-2181-2645","ownerIdentifier":"license:b27179133e8df658895ecd5f756db2a4a4c8cd08","role":"owner","type":"personal","updatedAt":"2024-02-19T02:17:29.000Z"},"fromAccountId":1,"id":9,"message":"Withdrew 1500 from an ATM. #9","toAccount":null,"toAccountId":null,"type":"Outgoing","updatedAt":"2024-02-19T02:17:29.000Z"},{"amount":1000,"createdAt":1708308909000,"fromAccount":{"accountName":"Personal account","balance":0,"createdAt":1708295568000,"deletedAt":null,"id":1,"isDefault":true,"number":"920,5572-2181-2645","ownerIdentifier":"license:b27179133e8df658895ecd5f756db2a4a4c8cd08","role":"owner","type":"personal","updatedAt":"2024-02-19T02:17:29.000Z"},"fromAccountId":1,"id":8,"message":"Opened a new account #8","toAccount":null,"toAccountId":null,"type":"Outgoing","updatedAt":"2024-02-19T02:15:09.000Z"},{"amount":1000,"createdAt":1708308895000,"fromAccount":{"accountName":"Personal account","balance":0,"createdAt":1708295568000,"deletedAt":null,"id":1,"isDefault":true,"number":"920,5572-2181-2645","ownerIdentifier":"license:b27179133e8df658895ecd5f756db2a4a4c8cd08","role":"owner","type":"personal","updatedAt":"2024-02-19T02:17:29.000Z"},"fromAccountId":1,"id":7,"message":"Opened a new account #7","toAccount":null,"toAccountId":null,"type":"Outgoing","updatedAt":"2024-02-19T02:14:55.000Z"},{"amount":500,"createdAt":1708298350000,"fromAccount":{"accountName":"Personal account","balance":0,"createdAt":1708295568000,"deletedAt":null,"id":1,"isDefault":true,"number":"920,5572-2181-2645","ownerIdentifier":"license:b27179133e8df658895ecd5f756db2a4a4c8cd08","role":"owner","type":"personal","updatedAt":"2024-02-19T02:17:29.000Z"},"fromAccountId":1,"id":6,"message":"Withdrew 500 from an ATM. #6","toAccount":null,"toAccountId":null,"type":"Outgoing","updatedAt":"2024-02-18T23:19:10.000Z"},{"amount":500,"createdAt":1708296756000,"fromAccount":{"accountName":"Personal account","balance":0,"createdAt":1708295568000,"deletedAt":null,"id":1,"isDefault":true,"number":"920,5572-2181-2645","ownerIdentifier":"license:b27179133e8df658895ecd5f756db2a4a4c8cd08","role":"owner","type":"personal","updatedAt":"2024-02-19T02:17:29.000Z"},"fromAccountId":1,"id":5,"message":"Withdrew 500 from an ATM. #5","toAccount":null,"toAccountId":null,"type":"Outgoing","updatedAt":"2024-02-18T22:52:36.000Z"},{"amount":4500,"createdAt":1708296720000,"fromAccount":null,"fromAccountId":null,"id":4,"message":"Deposited $4,500 into account. #4","toAccount":{"accountName":"Personal account","balance":0,"createdAt":1708295568000,"deletedAt":null,"id":1,"isDefault":true,"number":"920,5572-2181-2645","ownerIdentifier":"license:b27179133e8df658895ecd5f756db2a4a4c8cd08","role":"owner","type":"personal","updatedAt":"2024-02-19T02:17:29.000Z"},"toAccountId":1,"type":"Incoming","updatedAt":"2024-02-18T22:52:00.000Z"},{"amount":500,"createdAt":1708295621000,"fromAccount":{"accountName":"Personal account","balance":0,"createdAt":1708295568000,"deletedAt":null,"id":1,"isDefault":true,"number":"920,5572-2181-2645","ownerIdentifier":"license:b27179133e8df658895ecd5f756db2a4a4c8cd08","role":"owner","type":"personal","updatedAt":"2024-02-19T02:17:29.000Z"},"fromAccountId":1,"id":3,"message":"Withdrew 500 from an ATM. #3","toAccount":null,"toAccountId":null,"type":"Outgoing","updatedAt":"2024-02-18T22:33:41.000Z"},{"amount":1000,"createdAt":1708295620000,"fromAccount":{"accountName":"Personal account","balance":0,"createdAt":1708295568000,"deletedAt":null,"id":1,"isDefault":true,"number":"920,5572-2181-2645","ownerIdentifier":"license:b27179133e8df658895ecd5f756db2a4a4c8cd08","role":"owner","type":"personal","updatedAt":"2024-02-19T02:17:29.000Z"},"fromAccountId":1,"id":2,"message":"Withdrew 1000 from an ATM. #2","toAccount":null,"toAccountId":null,"type":"Outgoing","updatedAt":"2024-02-18T22:33:40.000Z"},{"amount":1000,"createdAt":1708295619000,"fromAccount":{"accountName":"Personal account","balance":0,"createdAt":1708295568000,"deletedAt":null,"id":1,"isDefault":true,"number":"920,5572-2181-2645","ownerIdentifier":"license:b27179133e8df658895ecd5f756db2a4a4c8cd08","role":"owner","type":"personal","updatedAt":"2024-02-19T02:17:29.000Z"},"fromAccountId":1,"id":1,"message":"Withdrew 1000 from an ATM. #1","toAccount":null,"toAccountId":null,"type":"Outgoing","updatedAt":"2024-02-18T22:33:39.000Z"}]},"status":"ok"},"module":"events","timestamp":"2024-02-19T05:20:38.053Z"}
{"level":"silly","message":"netPromise > pefcl:getTransactionsHistory > RequestObj","module":"events","timestamp":"2024-02-19T05:20:43.184Z"}
{"level":"silly","message":{"data":null,"source":1},"module":"events","timestamp":"2024-02-19T05:20:43.185Z"}
{"level":"silly","message":"Response Promise Event pefcl:getTransactionsHistory:d716d953-6826-460a-a27d-f1c45fac1f36 (10.9559ms), Data >>","module":"events","timestamp":"2024-02-19T05:20:43.195Z"}
{"level":"silly","message":{"data":{"expenses":-7000,"income":7000,"lastWeek":{"Sun Feb 18 2024":{"expenses":-7000,"income":7000}}},"status":"ok"},"module":"events","timestamp":"2024-02-19T05:20:43.196Z"}
{"level":"silly","message":"netPromise > pefcl:getTransactionsHistory > RequestObj","module":"events","timestamp":"2024-02-19T05:20:56.983Z"}
{"level":"silly","message":{"data":null,"source":1},"module":"events","timestamp":"2024-02-19T05:20:56.983Z"}
{"level":"silly","message":"Response Promise Event pefcl:getTransactionsHistory:7b602de9-3568-44a2-8833-ee906e54f959 (5.575ms), Data >>","module":"events","timestamp":"2024-02-19T05:20:56.988Z"}
{"level":"silly","message":{"data":{"expenses":-7000,"income":7000,"lastWeek":{"Sun Feb 18 2024":{"expenses":-7000,"income":7000}}},"status":"ok"},"module":"events","timestamp":"2024-02-19T05:20:56.989Z"}
{"level":"silly","message":"netPromise > pefcl:getExternalAccount > RequestObj","module":"events","timestamp":"2024-02-19T05:20:58.790Z"}
{"level":"silly","message":{"data":null,"source":1},"module":"events","timestamp":"2024-02-19T05:20:58.790Z"}
{"level":"silly","message":"Response Promise Event pefcl:getExternalAccount:be5326a5-c435-4ce2-abf0-2961f594a171 (7.5391ms), Data >>","module":"events","timestamp":"2024-02-19T05:20:58.797Z"}
{"level":"silly","message":{"data":[],"status":"ok"},"module":"events","timestamp":"2024-02-19T05:20:58.798Z"}
{"level":"silly","message":"netPromise > pefcl:getTransactions > RequestObj","module":"events","timestamp":"2024-02-19T05:20:59.440Z"}
{"level":"silly","message":{"data":{"limit":5,"offset":0},"source":1},"module":"events","timestamp":"2024-02-19T05:20:59.441Z"}
{"level":"silly","message":"Getting transactions","module":"transactionService","timestamp":"2024-02-19T05:20:59.441Z"}
{"level":"silly","message":{"data":{"limit":5,"offset":0},"source":1},"module":"transactionService","timestamp":"2024-02-19T05:20:59.441Z"}
{"level":"silly","message":"Returned total of 10 transactions.","module":"transactionService","timestamp":"2024-02-19T05:20:59.451Z"}
{"level":"silly","message":"Response Promise Event pefcl:getTransactions:64cc0055-a990-4453-9c65-8318c3f153ea (11.5462ms), Data >>","module":"events","timestamp":"2024-02-19T05:20:59.453Z"}
{"level":"silly","message":{"data":{"limit":5,"offset":0,"total":10,"transactions":[{"amount":2500,"createdAt":1708309075000,"fromAccount":null,"fromAccountId":null,"id":10,"message":"Deposited $2,500 into account. #10","toAccount":{"accountName":"BaLLAS","balance":3000,"createdAt":1708308895000,"deletedAt":null,"id":2,"isDefault":false,"number":"920,3718-2301-3658","ownerIdentifier":"license:b27179133e8df658895ecd5f756db2a4a4c8cd08","role":"owner","type":"personal","updatedAt":"2024-02-19T02:17:55.000Z"},"toAccountId":2,"type":"Incoming","updatedAt":"2024-02-19T02:17:55.000Z"},{"amount":1500,"createdAt":1708309049000,"fromAccount":{"accountName":"Personal account","balance":0,"createdAt":1708295568000,"deletedAt":null,"id":1,"isDefault":true,"number":"920,5572-2181-2645","ownerIdentifier":"license:b27179133e8df658895ecd5f756db2a4a4c8cd08","role":"owner","type":"personal","updatedAt":"2024-02-19T02:17:29.000Z"},"fromAccountId":1,"id":9,"message":"Withdrew 1500 from an ATM. #9","toAccount":null,"toAccountId":null,"type":"Outgoing","updatedAt":"2024-02-19T02:17:29.000Z"},{"amount":1000,"createdAt":1708308909000,"fromAccount":{"accountName":"Personal account","balance":0,"createdAt":1708295568000,"deletedAt":null,"id":1,"isDefault":true,"number":"920,5572-2181-2645","ownerIdentifier":"license:b27179133e8df658895ecd5f756db2a4a4c8cd08","role":"owner","type":"personal","updatedAt":"2024-02-19T02:17:29.000Z"},"fromAccountId":1,"id":8,"message":"Opened a new account #8","toAccount":null,"toAccountId":null,"type":"Outgoing","updatedAt":"2024-02-19T02:15:09.000Z"},{"amount":1000,"createdAt":1708308895000,"fromAccount":{"accountName":"Personal account","balance":0,"createdAt":1708295568000,"deletedAt":null,"id":1,"isDefault":true,"number":"920,5572-2181-2645","ownerIdentifier":"license:b27179133e8df658895ecd5f756db2a4a4c8cd08","role":"owner","type":"personal","updatedAt":"2024-02-19T02:17:29.000Z"},"fromAccountId":1,"id":7,"message":"Opened a new account #7","toAccount":null,"toAccountId":null,"type":"Outgoing","updatedAt":"2024-02-19T02:14:55.000Z"},{"amount":500,"createdAt":1708298350000,"fromAccount":{"accountName":"Personal account","balance":0,"createdAt":1708295568000,"deletedAt":null,"id":1,"isDefault":true,"number":"920,5572-2181-2645","ownerIdentifier":"license:b27179133e8df658895ecd5f756db2a4a4c8cd08","role":"owner","type":"personal","updatedAt":"2024-02-19T02:17:29.000Z"},"fromAccountId":1,"id":6,"message":"Withdrew 500 from an ATM. #6","toAccount":null,"toAccountId":null,"type":"Outgoing","updatedAt":"2024-02-18T23:19:10.000Z"}]},"status":"ok"},"module":"events","timestamp":"2024-02-19T05:20:59.453Z"}
{"level":"silly","message":"netPromise > pefcl:getInvoices > RequestObj","module":"events","timestamp":"2024-02-19T05:20:59.943Z"}
{"level":"silly","message":{"data":{"limit":5,"offset":0},"source":1},"module":"events","timestamp":"2024-02-19T05:20:59.944Z"}
{"level":"silly","message":"Fetching user invoices ..","module":"invoice-service","timestamp":"2024-02-19T05:20:59.944Z"}
{"level":"silly","message":"Response Promise Event pefcl:getInvoices:cc81ac78-0c60-4c15-bfde-9837afbc8158 (3.6713ms), Data >>","module":"events","timestamp":"2024-02-19T05:20:59.947Z"}
{"level":"silly","message":{"data":{"invoices":[],"limit":5,"offset":0,"total":0,"totalUnpaid":0},"status":"ok"},"module":"events","timestamp":"2024-02-19T05:20:59.947Z"}
{"level":"silly","message":"netPromise > pefcl:getInvoices > RequestObj","module":"events","timestamp":"2024-02-19T05:21:03.860Z"}
{"level":"silly","message":{"data":{"limit":5,"offset":0},"source":1},"module":"events","timestamp":"2024-02-19T05:21:03.861Z"}
{"level":"silly","message":"Fetching user invoices ..","module":"invoice-service","timestamp":"2024-02-19T05:21:03.861Z"}
{"level":"silly","message":"Response Promise Event pefcl:getInvoices:61024cfa-b06a-4f2d-b135-ea1ef6ed49a5 (3.6845ms), Data >>","module":"events","timestamp":"2024-02-19T05:21:03.864Z"}
{"level":"silly","message":{"data":{"invoices":[],"limit":5,"offset":0,"total":0,"totalUnpaid":0},"status":"ok"},"module":"events","timestamp":"2024-02-19T05:21:03.864Z"}
{"level":"silly","message":"netPromise > pefcl:getInvoices > RequestObj","module":"events","timestamp":"2024-02-19T05:22:17.286Z"}
{"level":"silly","message":{"data":{"limit":5,"offset":0},"source":1},"module":"events","timestamp":"2024-02-19T05:22:17.286Z"}
{"level":"silly","message":"Fetching user invoices ..","module":"invoice-service","timestamp":"2024-02-19T05:22:17.287Z"}
{"level":"silly","message":"Response Promise Event pefcl:getInvoices:ddf37ff5-f70b-47ad-9af4-6020c542335b (4.8932ms), Data >>","module":"events","timestamp":"2024-02-19T05:22:17.291Z"}
{"level":"silly","message":{"data":{"invoices":[],"limit":5,"offset":0,"total":0,"totalUnpaid":0},"status":"ok"},"module":"events","timestamp":"2024-02-19T05:22:17.291Z"}
{"level":"debug","message":"Initializing...","module":"base","timestamp":"2024-02-19T05:24:01.490Z"}
{"level":"debug","message":"Initialized Boot controller","module":"base","timestamp":"2024-02-19T05:24:01.493Z"}
{"level":"debug","message":"Initialized User controller","module":"base","timestamp":"2024-02-19T05:24:01.494Z"}
{"level":"debug","message":"Initialized Cash controller","module":"base","timestamp":"2024-02-19T05:24:01.494Z"}
{"level":"debug","message":"Initialized Invoice controller","module":"base","timestamp":"2024-02-19T05:24:01.494Z"}
{"level":"debug","message":"Initialized Account controller","module":"base","timestamp":"2024-02-19T05:24:01.494Z"}
{"level":"debug","message":"Initialized Transaction controller","module":"base","timestamp":"2024-02-19T05:24:01.495Z"}
{"level":"debug","message":"Initialized Broadcast controller","module":"base","timestamp":"2024-02-19T05:24:01.495Z"}
{"level":"debug","message":"Loading language from config: en","module":"i18n","timestamp":"2024-02-19T05:24:01.495Z"}
{"level":"debug","message":"Checking database connection ..","module":"boot","timestamp":"2024-02-19T05:24:01.508Z"}
{"level":"debug","message":"Connected to database.","module":"boot","timestamp":"2024-02-19T05:24:01.535Z"}
{"level":"info","message":"Starting pefcl.","module":"boot","timestamp":"2024-02-19T05:24:01.536Z"}
{"level":"debug","message":"Loading player for pefcl.","module":"user","timestamp":"2024-02-19T05:24:01.537Z"}
{"level":"debug","message":{"identifier":"license:b27179133e8df658895ecd5f756db2a4a4c8cd08","name":"Pepperfield","source":1},"module":"user","timestamp":"2024-02-19T05:24:01.537Z"}
{"level":"debug","message":"Player loaded. Emitting: pefcl:userLoaded","module":"user","timestamp":"2024-02-19T05:24:01.539Z"}
{"level":"debug","message":"Creating initial cash row for source: 1","module":"cash","timestamp":"2024-02-19T05:24:01.556Z"}
{"level":"silly","message":"Checking if default account exists for source: 1","module":"accounts","timestamp":"2024-02-19T05:24:01.558Z"}
{"level":"silly","message":"Identifier: license:b27179133e8df658895ecd5f756db2a4a4c8cd08","module":"accounts","timestamp":"2024-02-19T05:24:01.558Z"}
{"level":"silly","message":"Default account exists.","module":"accounts","timestamp":"2024-02-19T05:24:01.566Z"}
{"level":"silly","message":"netPromise > pefcl:getMyCash > RequestObj","module":"events","timestamp":"2024-02-19T05:24:01.856Z"}
{"level":"silly","message":{"data":{},"source":1},"module":"events","timestamp":"2024-02-19T05:24:01.856Z"}
{"level":"silly","message":"netPromise > pefcl:getAccounts > RequestObj","module":"events","timestamp":"2024-02-19T05:24:01.857Z"}
{"level":"silly","message":{"data":null,"source":1},"module":"events","timestamp":"2024-02-19T05:24:01.858Z"}
{"level":"debug","message":"Retrieving accounts","module":"accounts","timestamp":"2024-02-19T05:24:01.858Z"}
{"level":"silly","message":"Response Promise Event pefcl:getMyCash:c63ee8d8-f42a-445e-8003-96a5ca82caef (3.9431ms), Data >>","module":"events","timestamp":"2024-02-19T05:24:01.860Z"}
{"level":"silly","message":{"data":0,"status":"ok"},"module":"events","timestamp":"2024-02-19T05:24:01.860Z"}
{"level":"silly","message":"Response Promise Event pefcl:getAccounts:7cf4e9a7-6ac0-4ca3-b532-0514ed171b57 (9.5202ms), Data >>","module":"events","timestamp":"2024-02-19T05:24:01.867Z"}
{"level":"silly","message":{"data":[{"accountName":"Personal account","balance":0,"createdAt":"2024-02-18, 5:32:48 p.m.","deletedAt":null,"id":1,"isDefault":true,"number":"920,5572-2181-2645","ownerIdentifier":"license:b27179133e8df658895ecd5f756db2a4a4c8cd08","role":"owner","type":"personal","updatedAt":"2024-02-19T02:17:29.000Z"},{"accountName":"BaLLAS","balance":3000,"createdAt":"2024-02-18, 9:14:55 p.m.","deletedAt":null,"id":2,"isDefault":false,"number":"920,3718-2301-3658","ownerIdentifier":"license:b27179133e8df658895ecd5f756db2a4a4c8cd08","role":"owner","type":"personal","updatedAt":"2024-02-19T02:17:55.000Z"},{"accountName":"bALLAS","balance":500,"createdAt":"2024-02-18, 9:15:09 p.m.","deletedAt":null,"id":3,"isDefault":false,"number":"920,1084-0155-2337","ownerIdentifier":"license:b27179133e8df658895ecd5f756db2a4a4c8cd08","role":"owner","type":"shared","updatedAt":"2024-02-19T02:15:09.000Z"}],"status":"ok"},"module":"events","timestamp":"2024-02-19T05:24:01.867Z"}
{"level":"silly","message":"netPromise > pefcl:getInvoices > RequestObj","module":"events","timestamp":"2024-02-19T05:24:13.708Z"}
{"level":"silly","message":{"data":{"invoices":[],"limit":10,"offset":0,"total":0,"totalUnpaid":0},"source":1},"module":"events","timestamp":"2024-02-19T05:24:13.708Z"}
{"level":"silly","message":"Fetching user invoices ..","module":"invoice-service","timestamp":"2024-02-19T05:24:13.709Z"}
{"level":"silly","message":"netPromise > pefcl:getTransactions > RequestObj","module":"events","timestamp":"2024-02-19T05:24:13.713Z"}
{"level":"silly","message":{"data":{"limit":10,"offset":0,"total":0,"transactions":[]},"source":1},"module":"events","timestamp":"2024-02-19T05:24:13.713Z"}
{"level":"silly","message":"Getting transactions","module":"transactionService","timestamp":"2024-02-19T05:24:13.714Z"}
{"level":"silly","message":{"data":{"limit":10,"offset":0,"total":0,"transactions":[]},"source":1},"module":"transactionService","timestamp":"2024-02-19T05:24:13.714Z"}
{"level":"silly","message":"netPromise > pefcl:getTransactionsHistory > RequestObj","module":"events","timestamp":"2024-02-19T05:24:13.715Z"}
{"level":"silly","message":{"data":null,"source":1},"module":"events","timestamp":"2024-02-19T05:24:13.715Z"}
{"level":"silly","message":"Response Promise Event pefcl:getTransactionsHistory:d6e6b720-6400-4ced-8856-33a8c5373454 (28.7276ms), Data >>","module":"events","timestamp":"2024-02-19T05:24:13.744Z"}
{"level":"silly","message":{"data":{"expenses":-7000,"income":7000,"lastWeek":{"Sun Feb 18 2024":{"expenses":-7000,"income":7000}}},"status":"ok"},"module":"events","timestamp":"2024-02-19T05:24:13.745Z"}
{"level":"silly","message":"Response Promise Event pefcl:getInvoices:360ffddc-1e94-40cc-b2b8-b96337eff6de (38.6138ms), Data >>","module":"events","timestamp":"2024-02-19T05:24:13.746Z"}
{"level":"silly","message":{"data":{"invoices":[],"limit":10,"offset":0,"total":0,"totalUnpaid":0},"status":"ok"},"module":"events","timestamp":"2024-02-19T05:24:13.747Z"}
{"level":"silly","message":"Returned total of 10 transactions.","module":"transactionService","timestamp":"2024-02-19T05:24:13.748Z"}
{"level":"silly","message":"Response Promise Event pefcl:getTransactions:48b1a940-7225-428d-bb33-51d3792557a3 (36.1695ms), Data >>","module":"events","timestamp":"2024-02-19T05:24:13.751Z"}
{"level":"silly","message":{"data":{"limit":10,"offset":0,"total":10,"transactions":[{"amount":2500,"createdAt":1708309075000,"fromAccount":null,"fromAccountId":null,"id":10,"message":"Deposited $2,500 into account. #10","toAccount":{"accountName":"BaLLAS","balance":3000,"createdAt":1708308895000,"deletedAt":null,"id":2,"isDefault":false,"number":"920,3718-2301-3658","ownerIdentifier":"license:b27179133e8df658895ecd5f756db2a4a4c8cd08","role":"owner","type":"personal","updatedAt":"2024-02-19T02:17:55.000Z"},"toAccountId":2,"type":"Incoming","updatedAt":"2024-02-19T02:17:55.000Z"},{"amount":1500,"createdAt":1708309049000,"fromAccount":{"accountName":"Personal account","balance":0,"createdAt":1708295568000,"deletedAt":null,"id":1,"isDefault":true,"number":"920,5572-2181-2645","ownerIdentifier":"license:b27179133e8df658895ecd5f756db2a4a4c8cd08","role":"owner","type":"personal","updatedAt":"2024-02-19T02:17:29.000Z"},"fromAccountId":1,"id":9,"message":"Withdrew 1500 from an ATM. #9","toAccount":null,"toAccountId":null,"type":"Outgoing","updatedAt":"2024-02-19T02:17:29.000Z"},{"amount":1000,"createdAt":1708308909000,"fromAccount":{"accountName":"Personal account","balance":0,"createdAt":1708295568000,"deletedAt":null,"id":1,"isDefault":true,"number":"920,5572-2181-2645","ownerIdentifier":"license:b27179133e8df658895ecd5f756db2a4a4c8cd08","role":"owner","type":"personal","updatedAt":"2024-02-19T02:17:29.000Z"},"fromAccountId":1,"id":8,"message":"Opened a new account #8","toAccount":null,"toAccountId":null,"type":"Outgoing","updatedAt":"2024-02-19T02:15:09.000Z"},{"amount":1000,"createdAt":1708308895000,"fromAccount":{"accountName":"Personal account","balance":0,"createdAt":1708295568000,"deletedAt":null,"id":1,"isDefault":true,"number":"920,5572-2181-2645","ownerIdentifier":"license:b27179133e8df658895ecd5f756db2a4a4c8cd08","role":"owner","type":"personal","updatedAt":"2024-02-19T02:17:29.000Z"},"fromAccountId":1,"id":7,"message":"Opened a new account #7","toAccount":null,"toAccountId":null,"type":"Outgoing","updatedAt":"2024-02-19T02:14:55.000Z"},{"amount":500,"createdAt":1708298350000,"fromAccount":{"accountName":"Personal account","balance":0,"createdAt":1708295568000,"deletedAt":null,"id":1,"isDefault":true,"number":"920,5572-2181-2645","ownerIdentifier":"license:b27179133e8df658895ecd5f756db2a4a4c8cd08","role":"owner","type":"personal","updatedAt":"2024-02-19T02:17:29.000Z"},"fromAccountId":1,"id":6,"message":"Withdrew 500 from an ATM. #6","toAccount":null,"toAccountId":null,"type":"Outgoing","updatedAt":"2024-02-18T23:19:10.000Z"},{"amount":500,"createdAt":1708296756000,"fromAccount":{"accountName":"Personal account","balance":0,"createdAt":1708295568000,"deletedAt":null,"id":1,"isDefault":true,"number":"920,5572-2181-2645","ownerIdentifier":"license:b27179133e8df658895ecd5f756db2a4a4c8cd08","role":"owner","type":"personal","updatedAt":"2024-02-19T02:17:29.000Z"},"fromAccountId":1,"id":5,"message":"Withdrew 500 from an ATM. #5","toAccount":null,"toAccountId":null,"type":"Outgoing","updatedAt":"2024-02-18T22:52:36.000Z"},{"amount":4500,"createdAt":1708296720000,"fromAccount":null,"fromAccountId":null,"id":4,"message":"Deposited $4,500 into account. #4","toAccount":{"accountName":"Personal account","balance":0,"createdAt":1708295568000,"deletedAt":null,"id":1,"isDefault":true,"number":"920,5572-2181-2645","ownerIdentifier":"license:b27179133e8df658895ecd5f756db2a4a4c8cd08","role":"owner","type":"personal","updatedAt":"2024-02-19T02:17:29.000Z"},"toAccountId":1,"type":"Incoming","updatedAt":"2024-02-18T22:52:00.000Z"},{"amount":500,"createdAt":1708295621000,"fromAccount":{"accountName":"Personal account","balance":0,"createdAt":1708295568000,"deletedAt":null,"id":1,"isDefault":true,"number":"920,5572-2181-2645","ownerIdentifier":"license:b27179133e8df658895ecd5f756db2a4a4c8cd08","role":"owner","type":"personal","updatedAt":"2024-02-19T02:17:29.000Z"},"fromAccountId":1,"id":3,"message":"Withdrew 500 from an ATM. #3","toAccount":null,"toAccountId":null,"type":"Outgoing","updatedAt":"2024-02-18T22:33:41.000Z"},{"amount":1000,"createdAt":1708295620000,"fromAccount":{"accountName":"Personal account","balance":0,"createdAt":1708295568000,"deletedAt":null,"id":1,"isDefault":true,"number":"920,5572-2181-2645","ownerIdentifier":"license:b27179133e8df658895ecd5f756db2a4a4c8cd08","role":"owner","type":"personal","updatedAt":"2024-02-19T02:17:29.000Z"},"fromAccountId":1,"id":2,"message":"Withdrew 1000 from an ATM. #2","toAccount":null,"toAccountId":null,"type":"Outgoing","updatedAt":"2024-02-18T22:33:40.000Z"},{"amount":1000,"createdAt":1708295619000,"fromAccount":{"accountName":"Personal account","balance":0,"createdAt":1708295568000,"deletedAt":null,"id":1,"isDefault":true,"number":"920,5572-2181-2645","ownerIdentifier":"license:b27179133e8df658895ecd5f756db2a4a4c8cd08","role":"owner","type":"personal","updatedAt":"2024-02-19T02:17:29.000Z"},"fromAccountId":1,"id":1,"message":"Withdrew 1000 from an ATM. #1","toAccount":null,"toAccountId":null,"type":"Outgoing","updatedAt":"2024-02-18T22:33:39.000Z"}]},"status":"ok"},"module":"events","timestamp":"2024-02-19T05:24:13.752Z"}
{"level":"silly","message":"netPromise > pefcl:getTransactionsHistory > RequestObj","module":"events","timestamp":"2024-02-19T05:24:15.613Z"}
{"level":"silly","message":{"data":null,"source":1},"module":"events","timestamp":"2024-02-19T05:24:15.613Z"}
{"level":"silly","message":"Response Promise Event pefcl:getTransactionsHistory:123def49-0edf-468a-8a89-91ccd575026d (5.3827ms), Data >>","module":"events","timestamp":"2024-02-19T05:24:15.618Z"}
{"level":"silly","message":{"data":{"expenses":-7000,"income":7000,"lastWeek":{"Sun Feb 18 2024":{"expenses":-7000,"income":7000}}},"status":"ok"},"module":"events","timestamp":"2024-02-19T05:24:15.618Z"}
{"level":"silly","message":"netPromise > pefcl:getExternalAccount > RequestObj","module":"events","timestamp":"2024-02-19T05:24:15.913Z"}
{"level":"silly","message":{"data":null,"source":1},"module":"events","timestamp":"2024-02-19T05:24:15.913Z"}
{"level":"silly","message":"Response Promise Event pefcl:getExternalAccount:5b593d32-84a3-4791-9434-409e34d12c61 (2.3336ms), Data >>","module":"events","timestamp":"2024-02-19T05:24:15.915Z"}
{"level":"silly","message":{"data":[],"status":"ok"},"module":"events","timestamp":"2024-02-19T05:24:15.915Z"}
{"level":"debug","message":"Loading player for pefcl.","module":"user","timestamp":"2024-02-19T05:26:40.855Z"}
{"level":"debug","message":{"identifier":"license:b27179133e8df658895ecd5f756db2a4a4c8cd08","name":"Pepperfield","source":2},"module":"user","timestamp":"2024-02-19T05:26:40.855Z"}
{"level":"debug","message":"Player loaded. Emitting: pefcl:userLoaded","module":"user","timestamp":"2024-02-19T05:26:40.856Z"}
{"level":"debug","message":"Creating initial cash row for source: 2","module":"cash","timestamp":"2024-02-19T05:26:40.916Z"}
{"level":"silly","message":"Checking if default account exists for source: 2","module":"accounts","timestamp":"2024-02-19T05:26:40.917Z"}
{"level":"silly","message":"Identifier: license:b27179133e8df658895ecd5f756db2a4a4c8cd08","module":"accounts","timestamp":"2024-02-19T05:26:40.918Z"}
{"level":"silly","message":"Default account exists.","module":"accounts","timestamp":"2024-02-19T05:26:40.926Z"}
{"level":"silly","message":"netPromise > pefcl:getMyCash > RequestObj","module":"events","timestamp":"2024-02-19T05:27:10.088Z"}
{"level":"silly","message":{"data":{},"source":2},"module":"events","timestamp":"2024-02-19T05:27:10.088Z"}
{"level":"silly","message":"netPromise > pefcl:getAccounts > RequestObj","module":"events","timestamp":"2024-02-19T05:27:10.089Z"}
{"level":"silly","message":{"data":null,"source":2},"module":"events","timestamp":"2024-02-19T05:27:10.090Z"}
{"level":"debug","message":"Retrieving accounts","module":"accounts","timestamp":"2024-02-19T05:27:10.090Z"}
{"level":"silly","message":"Response Promise Event pefcl:getMyCash:f4e5c550-0a8d-49c9-af73-0ee491bfd31d (4.317ms), Data >>","module":"events","timestamp":"2024-02-19T05:27:10.092Z"}
{"level":"silly","message":{"data":0,"status":"ok"},"module":"events","timestamp":"2024-02-19T05:27:10.092Z"}
{"level":"silly","message":"Response Promise Event pefcl:getAccounts:32dbf7c8-e88a-4363-8309-750c0ae23b40 (6.0137ms), Data >>","module":"events","timestamp":"2024-02-19T05:27:10.096Z"}
{"level":"silly","message":{"data":[{"accountName":"Personal account","balance":0,"createdAt":"2024-02-18, 5:32:48 p.m.","deletedAt":null,"id":1,"isDefault":true,"number":"920,5572-2181-2645","ownerIdentifier":"license:b27179133e8df658895ecd5f756db2a4a4c8cd08","role":"owner","type":"personal","updatedAt":"2024-02-19T02:17:29.000Z"},{"accountName":"BaLLAS","balance":3000,"createdAt":"2024-02-18, 9:14:55 p.m.","deletedAt":null,"id":2,"isDefault":false,"number":"920,3718-2301-3658","ownerIdentifier":"license:b27179133e8df658895ecd5f756db2a4a4c8cd08","role":"owner","type":"personal","updatedAt":"2024-02-19T02:17:55.000Z"},{"accountName":"bALLAS","balance":500,"createdAt":"2024-02-18, 9:15:09 p.m.","deletedAt":null,"id":3,"isDefault":false,"number":"920,1084-0155-2337","ownerIdentifier":"license:b27179133e8df658895ecd5f756db2a4a4c8cd08","role":"owner","type":"shared","updatedAt":"2024-02-19T02:15:09.000Z"}],"status":"ok"},"module":"events","timestamp":"2024-02-19T05:27:10.096Z"}
{"level":"debug","message":"Initializing...","module":"base","timestamp":"2024-02-19T05:29:29.946Z"}
{"level":"debug","message":"Initialized Boot controller","module":"base","timestamp":"2024-02-19T05:29:29.948Z"}
{"level":"debug","message":"Initialized User controller","module":"base","timestamp":"2024-02-19T05:29:29.948Z"}
{"level":"debug","message":"Initialized Cash controller","module":"base","timestamp":"2024-02-19T05:29:29.948Z"}
{"level":"debug","message":"Initialized Invoice controller","module":"base","timestamp":"2024-02-19T05:29:29.949Z"}
{"level":"debug","message":"Initialized Account controller","module":"base","timestamp":"2024-02-19T05:29:29.949Z"}
{"level":"debug","message":"Initialized Transaction controller","module":"base","timestamp":"2024-02-19T05:29:29.949Z"}
{"level":"debug","message":"Initialized Broadcast controller","module":"base","timestamp":"2024-02-19T05:29:29.949Z"}
{"level":"debug","message":"Loading language from config: en","module":"i18n","timestamp":"2024-02-19T05:29:29.949Z"}
{"level":"debug","message":"Checking database connection ..","module":"boot","timestamp":"2024-02-19T05:29:30.037Z"}
{"level":"debug","message":"Connected to database.","module":"boot","timestamp":"2024-02-19T05:29:30.204Z"}
{"level":"info","message":"Starting pefcl.","module":"boot","timestamp":"2024-02-19T05:29:30.205Z"}
{"level":"debug","message":"Loading player for pefcl.","module":"user","timestamp":"2024-02-19T05:32:46.940Z"}
{"level":"debug","message":{"identifier":"license:b27179133e8df658895ecd5f756db2a4a4c8cd08","name":"Pepperfield","source":1},"module":"user","timestamp":"2024-02-19T05:32:46.941Z"}
{"level":"debug","message":"Player loaded. Emitting: pefcl:userLoaded","module":"user","timestamp":"2024-02-19T05:32:46.944Z"}
{"level":"debug","message":"Creating initial cash row for source: 1","module":"cash","timestamp":"2024-02-19T05:32:46.946Z"}
{"level":"silly","message":"Checking if default account exists for source: 1","module":"accounts","timestamp":"2024-02-19T05:32:46.949Z"}
{"level":"silly","message":"Identifier: license:b27179133e8df658895ecd5f756db2a4a4c8cd08","module":"accounts","timestamp":"2024-02-19T05:32:46.949Z"}
{"level":"silly","message":"Default account exists.","module":"accounts","timestamp":"2024-02-19T05:32:46.964Z"}
{"level":"silly","message":"netPromise > pefcl:getMyCash > RequestObj","module":"events","timestamp":"2024-02-19T05:33:17.896Z"}
{"level":"silly","message":{"data":{},"source":1},"module":"events","timestamp":"2024-02-19T05:33:17.897Z"}
{"level":"silly","message":"Response Promise Event pefcl:getMyCash:3a1c5504-7b98-4074-aa53-68374b72039a (4.0558ms), Data >>","module":"events","timestamp":"2024-02-19T05:33:17.900Z"}
{"level":"silly","message":{"data":0,"status":"ok"},"module":"events","timestamp":"2024-02-19T05:33:17.901Z"}
{"level":"silly","message":"netPromise > pefcl:getAccounts > RequestObj","module":"events","timestamp":"2024-02-19T05:33:17.945Z"}
{"level":"silly","message":{"data":null,"source":1},"module":"events","timestamp":"2024-02-19T05:33:17.946Z"}
{"level":"debug","message":"Retrieving accounts","module":"accounts","timestamp":"2024-02-19T05:33:17.946Z"}
{"level":"silly","message":"Response Promise Event pefcl:getAccounts:2d9ac0d9-ebee-4ae5-9f55-189be7ea5aaa (12.2597ms), Data >>","module":"events","timestamp":"2024-02-19T05:33:17.958Z"}
{"level":"silly","message":{"data":[{"accountName":"Personal account","balance":0,"createdAt":"2024-02-18, 5:32:48 p.m.","deletedAt":null,"id":1,"isDefault":true,"number":"920,5572-2181-2645","ownerIdentifier":"license:b27179133e8df658895ecd5f756db2a4a4c8cd08","role":"owner","type":"personal","updatedAt":"2024-02-19T02:17:29.000Z"},{"accountName":"BaLLAS","balance":3000,"createdAt":"2024-02-18, 9:14:55 p.m.","deletedAt":null,"id":2,"isDefault":false,"number":"920,3718-2301-3658","ownerIdentifier":"license:b27179133e8df658895ecd5f756db2a4a4c8cd08","role":"owner","type":"personal","updatedAt":"2024-02-19T02:17:55.000Z"},{"accountName":"bALLAS","balance":500,"createdAt":"2024-02-18, 9:15:09 p.m.","deletedAt":null,"id":3,"isDefault":false,"number":"920,1084-0155-2337","ownerIdentifier":"license:b27179133e8df658895ecd5f756db2a4a4c8cd08","role":"owner","type":"shared","updatedAt":"2024-02-19T02:15:09.000Z"}],"status":"ok"},"module":"events","timestamp":"2024-02-19T05:33:17.958Z"}
{"level":"debug","message":"Initializing...","module":"base","timestamp":"2024-02-19T23:48:11.237Z"}
{"level":"debug","message":"Initialized Boot controller","module":"base","timestamp":"2024-02-19T23:48:11.241Z"}
{"level":"debug","message":"Initialized User controller","module":"base","timestamp":"2024-02-19T23:48:11.242Z"}
{"level":"debug","message":"Initialized Cash controller","module":"base","timestamp":"2024-02-19T23:48:11.242Z"}
{"level":"debug","message":"Initialized Invoice controller","module":"base","timestamp":"2024-02-19T23:48:11.242Z"}
{"level":"debug","message":"Initialized Account controller","module":"base","timestamp":"2024-02-19T23:48:11.243Z"}
{"level":"debug","message":"Initialized Transaction controller","module":"base","timestamp":"2024-02-19T23:48:11.243Z"}
{"level":"debug","message":"Initialized Broadcast controller","module":"base","timestamp":"2024-02-19T23:48:11.243Z"}
{"level":"debug","message":"Loading language from config: en","module":"i18n","timestamp":"2024-02-19T23:48:11.244Z"}
{"level":"debug","message":"Checking database connection ..","module":"boot","timestamp":"2024-02-19T23:48:11.355Z"}
{"level":"debug","message":"Connected to database.","module":"boot","timestamp":"2024-02-19T23:48:11.591Z"}
{"level":"info","message":"Starting pefcl.","module":"boot","timestamp":"2024-02-19T23:48:11.591Z"}
{"level":"debug","message":"Loading player for pefcl.","module":"user","timestamp":"2024-02-19T23:48:54.439Z"}
{"level":"debug","message":{"identifier":"license:b27179133e8df658895ecd5f756db2a4a4c8cd08","name":"Pepperfield","source":1},"module":"user","timestamp":"2024-02-19T23:48:54.440Z"}
{"level":"debug","message":"Player loaded. Emitting: pefcl:userLoaded","module":"user","timestamp":"2024-02-19T23:48:54.446Z"}
{"level":"debug","message":"Creating initial cash row for source: 1","module":"cash","timestamp":"2024-02-19T23:48:54.501Z"}
{"level":"silly","message":"Checking if default account exists for source: 1","module":"accounts","timestamp":"2024-02-19T23:48:54.510Z"}
{"level":"silly","message":"Identifier: license:b27179133e8df658895ecd5f756db2a4a4c8cd08","module":"accounts","timestamp":"2024-02-19T23:48:54.511Z"}
{"level":"silly","message":"Default account exists.","module":"accounts","timestamp":"2024-02-19T23:48:54.547Z"}
{"level":"silly","message":"netPromise > pefcl:getMyCash > RequestObj","module":"events","timestamp":"2024-02-19T23:49:31.915Z"}
{"level":"silly","message":{"data":{},"source":1},"module":"events","timestamp":"2024-02-19T23:49:31.916Z"}
{"level":"silly","message":"netPromise > pefcl:getAccounts > RequestObj","module":"events","timestamp":"2024-02-19T23:49:31.920Z"}
{"level":"silly","message":{"data":null,"source":1},"module":"events","timestamp":"2024-02-19T23:49:31.920Z"}
{"level":"debug","message":"Retrieving accounts","module":"accounts","timestamp":"2024-02-19T23:49:31.921Z"}
{"level":"silly","message":"Response Promise Event pefcl:getMyCash:f510a299-8a7b-4d97-9521-c5365e6b1e0c (9.4451ms), Data >>","module":"events","timestamp":"2024-02-19T23:49:31.925Z"}
{"level":"silly","message":{"data":0,"status":"ok"},"module":"events","timestamp":"2024-02-19T23:49:31.926Z"}
{"level":"silly","message":"Response Promise Event pefcl:getAccounts:b71123b8-0ef7-4cba-a2bb-eeea08f1f1e1 (16.6874ms), Data >>","module":"events","timestamp":"2024-02-19T23:49:31.937Z"}
{"level":"silly","message":{"data":[{"accountName":"Personal account","balance":0,"createdAt":"2024-02-18, 5:32:48 p.m.","deletedAt":null,"id":1,"isDefault":true,"number":"920,5572-2181-2645","ownerIdentifier":"license:b27179133e8df658895ecd5f756db2a4a4c8cd08","role":"owner","type":"personal","updatedAt":"2024-02-19T02:17:29.000Z"},{"accountName":"BaLLAS","balance":3000,"createdAt":"2024-02-18, 9:14:55 p.m.","deletedAt":null,"id":2,"isDefault":false,"number":"920,3718-2301-3658","ownerIdentifier":"license:b27179133e8df658895ecd5f756db2a4a4c8cd08","role":"owner","type":"personal","updatedAt":"2024-02-19T02:17:55.000Z"},{"accountName":"bALLAS","balance":500,"createdAt":"2024-02-18, 9:15:09 p.m.","deletedAt":null,"id":3,"isDefault":false,"number":"920,1084-0155-2337","ownerIdentifier":"license:b27179133e8df658895ecd5f756db2a4a4c8cd08","role":"owner","type":"shared","updatedAt":"2024-02-19T02:15:09.000Z"}],"status":"ok"},"module":"events","timestamp":"2024-02-19T23:49:31.937Z"}
