
================================================================
======== Log Rotated - 3/30/2024, 12:00:00 AM                   
================================================================
[06:00:58][SCHEDULER] Restarting server (scheduled restart at 06:00).
[06:08:48][mjl1106] logged in via in-game ui
[06:16:51][mjl1106] executed "ensure qb-diving"
[06:23:13][mjl1106] executed "ensure keep-hunting"
[06:23:21][mjl1106] executed "ensure ps-dispatch"
[07:27:43][mjl1106] logged in via in-game ui
[09:24:27][mjl1106] logged in from 127.0.0.1 via citizenfx
[09:24:27][mjl1106] logged in via in-game ui
[14:00:08][SCHEDULER] Restarting server (scheduled restart at 14:00).
[22:00:18][SCHEDULER] Restarting server (scheduled restart at 22:00).
[06:00:28][SCHEDULER] Restarting server (scheduled restart at 06:00).
[08:26:06][mjl1106] logged in via in-game ui
[10:03:54][mjl1106] logged in via in-game ui
[10:10:06][mjl1106] logged in via in-game ui
[11:10:53][mjl1106] executed "revive 18"
[11:11:05][mjl1106] executed "revive 23"
[11:11:37][mjl1106] logged in via in-game ui
[11:54:45][mjl1106] logged in from 127.0.0.1 via citizenfx
[11:54:45][mjl1106] logged in via in-game ui
[11:54:49][mjl1106] Revoked ban id B851-MGZQ from waterBuffalo22
[11:54:57][mjl1106] Revoked ban id B672-2DZQ from 3knuckler
[14:00:38][SCHEDULER] Restarting server (scheduled restart at 14:00).
[14:39:59][mjl1106] logged in via in-game ui
[15:09:15][mjl1106] logged in via in-game ui
[15:40:29][mjl1106] logged in via in-game ui
[16:01:20][mjl1106] logged in via in-game ui
[16:04:22][mjl1106] logged in via in-game ui
[16:54:08][mjl1106] Banned player David: cheating
[16:54:28][mjl1106] Banned player dillon basil: cheating
[17:37:15][mjl1106] Banned player DannyCapAlot: Cheating/Stealing from peoples inventory
[17:44:57][mjl1106] Revoked ban id B6FT-CYQH from DannyCapAlot
[17:48:08][mjl1106] Banned player shawnyb2uk: Cheating/Stealing Items from peoples inventory
[22:00:51][SCHEDULER] Restarting server (scheduled restart at 22:00).
[04:15:34][mjl1106] Banned player Don'tPlayMe: rdm
[06:00:01][SCHEDULER] Restarting server (scheduled restart at 06:00).
[06:35:08][mjl1106] logged in via in-game ui
[11:43:11][mjl1106] logged in via in-game ui
[11:45:00][mjl1106] logged in via in-game ui
[13:14:29][mjl1106] logged in from 127.0.0.1 via citizenfx
[13:14:29][mjl1106] logged in via in-game ui
[13:17:45][mjl1106] Revoked ban id BWAC-9WKH from Don'tPlayMe
[14:00:11][SCHEDULER] Restarting server (scheduled restart at 14:00).
[14:03:01][mjl1106] logged in via in-game ui
[22:00:20][SCHEDULER] Restarting server (scheduled restart at 22:00).
[04:21:10][mjl1106] logged in via in-game ui
[06:00:30][SCHEDULER] Restarting server (scheduled restart at 06:00).
[07:14:56][mjl1106] logged in via in-game ui
[12:15:08][mjl1106] logged in via in-game ui
[14:00:39][SCHEDULER] Restarting server (scheduled restart at 14:00).
[14:06:14][mjl1106] logged in via in-game ui
[14:49:19][mjl1106] logged in from 127.0.0.1 via citizenfx
[14:49:19][mjl1106] logged in via in-game ui
[18:29:40][mjl1106] executed "RESTART SERVER"
[22:00:51][SCHEDULER] Restarting server (scheduled restart at 22:00).
[04:15:57][mjl1106] logged in via in-game ui
[06:00:00][SCHEDULER] Restarting server (scheduled restart at 06:00).
[13:35:44][mjl1106] logged in via in-game ui
[14:00:10][SCHEDULER] Restarting server (scheduled restart at 14:00).
[22:00:21][SCHEDULER] Restarting server (scheduled restart at 22:00).
[06:00:31][SCHEDULER] Restarting server (scheduled restart at 06:00).
[14:00:40][SCHEDULER] Restarting server (scheduled restart at 14:00).
[15:20:19][mjl1106] logged in from 127.0.0.1 via citizenfx
[15:22:13][mjl1106] Banned player Ragnar818: Damage Multi on gun
[22:00:51][SCHEDULER] Restarting server (scheduled restart at 22:00).
[06:00:01][SCHEDULER] Restarting server (scheduled restart at 06:00).
[12:16:54][mjl1106] logged in via in-game ui
[14:00:10][SCHEDULER] Restarting server (scheduled restart at 14:00).
[14:25:21][mjl1106] logged in via in-game ui
[22:00:21][SCHEDULER] Restarting server (scheduled restart at 22:00).
