
================================================================
======== txAdmin v6.0.2 atop fxserver 7290 Starting - 2/9/2024, 8:54:20 AM
================================================================
[08:54:51][mjl1106] created admins file
[08:55:10][mjl1106] Changing global/fxserver settings via setup stepper.

================================================================
======== txAdmin v6.0.2 atop fxserver 7290 Starting - 2/9/2024, 9:01:33 AM
================================================================
[09:02:56][mjl1106] logged in from 127.0.0.1 via citizenfx
[09:05:11][mjl1106] logged in via in-game ui
[09:08:06][mjl1106] executed "RESTART SERVER"
[09:09:29][mjl1106] executed "STOP SERVER"
[09:12:24][mjl1106] executed "START SERVER"
[09:14:35][mjl1106] executed "RESTART SERVER"
[09:15:06][mjl1106] Changing fxRunner settings.
[09:15:34][mjl1106] executed "RESTART SERVER"
[09:16:11][mjl1106] executed "RESTART SERVER"
[09:18:26][mjl1106] logged in via in-game ui

================================================================
======== txAdmin v6.0.2 atop fxserver 7290 Starting - 2/9/2024, 9:52:28 AM
================================================================

================================================================
======== txAdmin v6.0.2 atop fxserver 7290 Starting - 2/9/2024, 10:20:57 AM
================================================================
[10:24:28][mjl1106] logged in via in-game ui

================================================================
======== txAdmin v6.0.2 atop fxserver 7290 Starting - 2/9/2024, 10:29:04 AM
================================================================
[10:35:42][mjl1106] logged in from 127.0.0.1 via citizenfx
[10:36:22][mjl1106] executed "/admin 2"

================================================================
======== txAdmin v6.0.2 atop fxserver 7290 Starting - 2/9/2024, 11:09:37 AM
================================================================
[11:10:25][mjl1106] logged in from 127.0.0.1 via citizenfx
[11:11:08][mjl1106] Changing fxRunner settings.
[11:11:19][mjl1106] executed "RESTART SERVER"
[11:13:37][mjl1106] logged in via in-game ui
[11:28:31][mjl1106] logged in via in-game ui
[11:42:54][mjl1106] executed "ensure "qb-bankrobbery""
[13:08:17][mjl1106] executed "ensure "qb-storerobbery""
