
================================================================
======== txAdmin v6.0.2 atop fxserver 7290 Starting - 3/12/2024, 1:44:56 PM
================================================================
[13:45:24][mjl1106] created admins file
[13:45:51][mjl1106] Changing global/fxserver settings via setup stepper.
[13:46:28][mjl1106] executed "STOP SERVER"

================================================================
======== txAdmin v6.0.2 atop fxserver 7290 Starting - 3/12/2024, 2:35:59 PM
================================================================
[14:36:20][mjl1106] logged in from 127.0.0.1 via citizenfx
[14:36:36][mjl1106] Changing fxRunner settings.
[14:36:42][mjl1106] executed "RESTART SERVER"
[14:37:32][mjl1106] Changing monitor settings.

================================================================
======== txAdmin v6.0.2 atop fxserver 7290 Starting - 3/12/2024, 2:45:10 PM
================================================================

================================================================
======== txAdmin v6.0.2 atop fxserver 7290 Starting - 3/12/2024, 2:52:02 PM
================================================================

================================================================
======== txAdmin v6.0.2 atop fxserver 7290 Starting - 3/12/2024, 3:02:49 PM
================================================================

================================================================
======== txAdmin v6.0.2 atop fxserver 7290 Starting - 3/12/2024, 3:12:21 PM
================================================================

================================================================
======== txAdmin v6.0.2 atop fxserver 7290 Starting - 3/12/2024, 3:19:00 PM
================================================================

================================================================
======== txAdmin v6.0.2 atop fxserver 7290 Starting - 3/12/2024, 3:25:35 PM
================================================================

================================================================
======== txAdmin v6.0.2 atop fxserver 7290 Starting - 3/12/2024, 3:28:03 PM
================================================================

================================================================
======== txAdmin v6.0.2 atop fxserver 7290 Starting - 3/12/2024, 3:28:57 PM
================================================================

================================================================
======== txAdmin v6.0.2 atop fxserver 7290 Starting - 3/12/2024, 3:34:52 PM
================================================================
[15:35:01][mjl1106] logged in from 127.0.0.1 via citizenfx

================================================================
======== txAdmin v6.0.2 atop fxserver 7290 Starting - 3/12/2024, 3:52:52 PM
================================================================
