
================================================================
======== Log Rotated - 2/23/2024, 12:00:00 AM                   
================================================================
[  script:qb-chopshop] Vehicle: vacca | Coords: vec4(-1800.380005, -1180.449951, 13.020000, 90.000000) | Plate: 58Reo185
[script:rahe-boosting] [info] Starting the contract generator (automatic trigger). There are currently 1 police online (3 is required for isImportant classes to generate).
[script:rahe-boosting] [info] The contract generator stopped as there are no players in the queue.
[script:rahe-boosting] [info] Starting the contract generator (automatic trigger). There are currently 1 police online (3 is required for isImportant classes to generate).
[script:rahe-boosting] [info] The contract generator stopped as there are no players in the queue.
[  script:qb-chopshop] Vehicle: panto | Coords: vec4(2786.060059, 3463.149902, 54.910000, 90.000000) | Plate: 24LJT883
[script:rahe-boosting] [info] Starting the contract generator (automatic trigger). There are currently 1 police online (3 is required for isImportant classes to generate).
[script:rahe-boosting] [info] The contract generator stopped as there are no players in the queue.
[  script:qb-chopshop] Vehicle: rancherxl | Coords: vec4(383.799988, -1652.900024, 37.299999, 90.000000) | Plate: 13yCd166
[script:rahe-boosting] [info] Starting the contract generator (automatic trigger). There are currently 1 police online (3 is required for isImportant classes to generate).
[script:rahe-boosting] [info] The contract generator stopped as there are no players in the queue.
[ citizen-server-impl] sync thread hitch warning: timer interval of 108 milliseconds
[script:rahe-boosting] [info] Starting the contract generator (automatic trigger). There are currently 1 police online (3 is required for isImportant classes to generate).
[script:rahe-boosting] [info] The contract generator stopped as there are no players in the queue.
[  script:qb-chopshop] Vehicle: sandking | Coords: vec4(-2723.399902, 13.200000, 15.100000, 90.000000) | Plate: 09Fra260
[script:rahe-boosting] [info][97m Starting the contract generator (automatic trigger). There are currently 1 police online (3 is required for isImportant classes to generate).
[script:rahe-boosting] [info] The contract generator stopped as there are no players in the queue.
[  script:qb-chopshop] Vehicle: adder | Coords: vec4(-2078.760010, -331.440002, 12.630000, 90.000000) | Plate: 22YyW238
[script:rahe-boosting] [info] Starting the contract generator (automatic trigger). There are currently 1 police online (3 is required for isImportant classes to generate).
[script:rahe-boosting] [info] The contract generator stopped as there are no players in the queue.
[  script:qb-chopshop] Vehicle: banshee | Coords: vec4(-451.799988, -2269.300049, 7.200000, 90.000000) | Plate: 59nym072
[script:rahe-boosting] [info] Starting the [93mcontract generator (automatic trigger). There are currently 1 police online (3 is required for isImportant classes to generate).
[script:rahe-boosting] [info] The contract generator stopped as there are no players in the queue.
[script:rahe-boosting] [info] Starting the contract generator (automatic trigger). There are currently 1 police online (3 is required for isImportant classes to generate).
[script:rahe-boosting] [info] The contract generator stopped as there are no players in the queue.
[  script:qb-chopshop] Vehicle: vacca | Coords: vec4(2774.649902, 3471.370117, 55.439999, 90.000000) | Plate: 65rNS528
[script:rahe-boosting] [info] Starting the contract generator (automatic trigger). There are currently 1 police online (3 is required for isImportant classes to generate).
[script:rahe-boosting] [info] The contract generator stopped as there are no players in the queue.
[  script:qb-chopshop] Vehicle: regina | Coords: vec4(-556.099976, -1794.699951, 22.000000, 90.000000) | Plate: 25uXy828
[script:rahe-boosting] [info] Starting the contract generator (automatic trigger). There are currently 1 police online (3 is required for isImportant classes to generate).
[script:rahe-boosting] [info] The contract generator stopped as there are no players in the queue.
[  script:qb-chopshop] Vehicle: coquette | Coords: vec4(383.799988, -1652.900024, 37.299999, 90.000000) | Plate: 41jCf259
[script:rahe-boosting] [info][97m Starting the contract generator (automatic trigger). There are currently 1 police online (3 is required for isImportant classes to generate).
[script:rahe-boosting] [info] The contract generator stopped as there are no players in the queue.
[script:rahe-boosting] [info] Starting the contract generator (automatic trigger). There are currently 1 police online (3 is required for isImportant classes to generate).
[script:rahe-boosting] [info] The contract generator stopped as there are no players in the queue.
[  script:qb-chopshop] Vehicle: rhapsody | Coords: vec4(-1029.199951, -475.500000, 36.400002, 90.000000) | Plate: 59LTs577
[script:rahe-boosting] [info] Starting the contract generator (automatic trigger). There are currently 1 police online (3 is required for isImportant classes to generate).
[script:rahe-boosting] [info] The contract generator stopped as there are no players in the queue.
[  script:qb-chopshop] Vehicle: asea | Coords: vec4(1371.300049, -2549.500000, 47.599998, 90.000000) | Plate: 13AuR163
[38;5;89m[script:rahe-boosting] [info] Starting the contract generator (automatic trigger). There are currently 1 police online (3 is required for isImportant classes to generate).
[script:rahe-boosting] [info] The contract generator stopped as there are no players in the queue.
[  script:qb-chopshop] Vehicle: fugitive | Coords: vec4(-2949.469971, 461.579987, 14.700000, 90.000000) | Plate: 77Age895
[script:rahe-boosting] [info] Starting the contract generator (automatic trigger). There are currently 1 police online (3 is required for isImportant classes to generate).
[script:rahe-boosting] [info] The contract generator stopped as there are no players in the queue.
[script:rahe-boosting] [info] Starting the contract generator (automatic trigger). There are currently 1 police online (3 is required for isImportant classes to generate).
[script:rahe-boosting] [info] The contract generator stopped as there are no players in the queue.
[  script:qb-chopshop] Vehicle: faction | Coords: vec4(939.299988, -2197.500000, 30.500000, 90.000000) | Plate: 54mMY536
[script:rahe-boosting] [info] Starting the contract generator (automatic trigger). There are currently 1 police online (3 is required for isImportant classes to generate).
[script:rahe-boosting] [info] The contract generator stopped as there are no players in the queue.
[  script:qb-chopshop] Vehicle: cogcabrio | Coords: vec4(-451.799988, -2269.300049, 7.200000, 90.000000) | Plate: 66Zqx206
[script:rahe-boosting] [info] Starting the contract generator (automatic trigger). There are currently 1 police online (3 is required for isImportant classes to generate).
[script:rahe-boosting] [info] The contract generator stopped as there are no players in the queue.
[script:rahe-boosting] [info] Starting the contract generator (automatic trigger). There are currently 1 police online (3 is required for isImportant classes to generate).
[script:rahe-boosting] [info] The contract generator stopped as there are no players in the queue.
[  script:qb-chopshop] Vehicle: felon | Coords: vec4(-1709.800049, 55.099998, 65.699997, 90.000000) | Plate: 11KcC090
[ citizen-server-impl] sync thread hitch warning: timer interval of 101 milliseconds
[script:rahe-boosting] [93m[info] Starting the contract generator (automatic trigger). There are currently 1 police online (3 is required for isImportant classes to generate).
[script:rahe-boosting] [info] The contract generator stopped as there are no players in the queue.
[  script:qb-chopshop] Vehicle: ninef | Coords: vec4(-2723.399902, 13.200000, 15.100000, 90.000000) | Plate: 20ydy966
[script:rahe-boosting] [info] Starting the contract generator (automatic trigger). There are currently 1 police online (3 is required for isImportant classes to generate).
[script:rahe-boosting] [info] The contract generator stopped as there are no players in the queue.
[  script:qb-chopshop] Vehicle: premier | Coords: vec4(-622.679993, 201.270004, 71.129997, 90.000000) | Plate: 06UVI794
[script:rahe-boosting] [info] Starting the contract generator (automatic trigger). There are currently 1 police online (3 is required for isImportant classes to generate).
[script:rahe-boosting] [info] The contract generator stopped as there are no players in the queue.
[script:rahe-boosting] [info] Starting the contract generator[97m (automatic trigger). There are currently 1 police online (3 is required for isImportant classes to generate).
[script:rahe-boosting] [info] The contract generator stopped as there are no players in the queue.
[ citizen-server-impl] Server list query returned an error: System.Threading.Tasks.TaskCanceledException: A task was canceled. <- System.TimeoutException: A task was canceled. <- System.Threading.Tasks.TaskCanceledException: The request was canceled due to the configured HttpClient.Timeout of 30 seconds elapsing.
[  script:qb-chopshop] Vehicle: jester | Coords: vec4(-1029.199951, -475.500000, 36.400002, 90.000000) | Plate: 08pLH714
[ citizen-server-impl] Server list query returned an error: System.Threading.Tasks.TaskCanceledException: A task was canceled. <- System.TimeoutException: A task was canceled. <- System.Threading.Tasks.TaskCanceledException: The request was canceled due to the configured HttpClient.Timeout of 30 seconds elapsing.
[ citizen-server-impl] [0mServer list query returned an error: System.Threading.Tasks.TaskCanceledException: A task was canceled. <- System.TimeoutException: A task was canceled. <- System.Threading.Tasks.TaskCanceledException: The request was canceled due to the configured HttpClient.Timeout of 30 seconds elapsing.
[ citizen-server-impl] Server list query returned an error: System.Threading.Tasks.TaskCanceledException: A task was canceled. <- System.TimeoutException: A task was canceled. <- System.Threading.Tasks.TaskCanceledException: The request was canceled due to the configured HttpClient.Timeout of 30 seconds elapsing.
[ citizen-server-impl] Server list query returned an error: System.Threading.Tasks.TaskCanceledException: A task was canceled. <- System.TimeoutException: A task was canceled. <- System.Threading.Tasks.TaskCanceledException: The request was canceled due to the configured HttpClient.Timeout of 30 seconds elapsing.
[script:rahe-boosting] [info] Starting the contract generator (automatic trigger). There are currently 1 police online (3 is required for isImportant classes to generate).
[script:rahe-boosting] [info] The contract generator stopped as there are no players in the queue.
[ citizen-server-impl] Server list query returned an error: System.Threading.Tasks.TaskCanceledException: A task was canceled. <- System.TimeoutException: A task was canceled. <- System.Threading.Tasks.TaskCanceledException: The request was canceled due to the configured HttpClient.Timeout of 30 seconds elapsing.
[38;5;73m[ citizen-server-impl] Server list query returned an error: System.Threading.Tasks.TaskCanceledException: A task was canceled. <- System.TimeoutException: A task was canceled. <- System.Threading.Tasks.TaskCanceledException: The request was canceled due to the configured HttpClient.Timeout of 30 seconds elapsing.
[ citizen-server-impl] Server list query returned an error: System.Threading.Tasks.TaskCanceledException: A task was canceled. <- System.TimeoutException: A task was canceled. <- System.Threading.Tasks.TaskCanceledException: The request was canceled due to the configured HttpClient.Timeout of 30 seconds elapsing.
[  script:qb-chopshop] Vehicle: coquette | Coords: vec4(225.669998, -776.580017, 30.770000, 90.000000) | Plate: 65fie297
[ citizen-server-impl] Server list query returned an error: System.Threading.Tasks.TaskCanceledException: A task was canceled. <- System.TimeoutException: A task was canceled. <- System.Threading.Tasks.TaskCanceledException: The request was canceled due to the configured HttpClient.Timeout of 30 seconds elapsing.
[ citizen-server-impl] [0mServer list query returned an error: System.Threading.Tasks.TaskCanceledException: A task was canceled. <- System.TimeoutException: A task was canceled. <- System.Threading.Tasks.TaskCanceledException: The request was canceled due to the configured HttpClient.Timeout of 30 seconds elapsing.
[script:rahe-boosting] [info][97m Starting the contract generator (automatic trigger). There are currently 1 police online (3 is required for isImportant classes to generate).
[script:rahe-boosting] [info] The contract generator stopped as there are no players in the queue.
[ citizen-server-impl] Server list query returned an error: System.Threading.Tasks.TaskCanceledException: A task was canceled. <- System.TimeoutException: A task was canceled. <- System.Threading.Tasks.TaskCanceledException: The request was canceled due to the configured HttpClient.Timeout of 30 seconds elapsing.
[ citizen-server-impl] [0mServer list query returned an error: System.Threading.Tasks.TaskCanceledException: A task was canceled. <- System.TimeoutException: A task was canceled. <- System.Threading.Tasks.TaskCanceledException: The request was canceled due to the configured HttpClient.Timeout of 30 seconds elapsing.
[ citizen-server-impl] Server list query returned an error: System.Threading.Tasks.TaskCanceledException: A task was canceled. <- System.TimeoutException: A task was canceled. <- System.Threading.Tasks.TaskCanceledException: The request was canceled due to the configured HttpClient.Timeout of 30 seconds elapsing.
[ citizen-server-impl] [0mServer list query returned an error: System.Threading.Tasks.TaskCanceledException: A task was canceled. <- System.TimeoutException: A task was canceled. <- System.Threading.Tasks.TaskCanceledException: The request was canceled due to the configured HttpClient.Timeout of 30 seconds elapsing.
[38;5;73m[ citizen-server-impl] Server list query returned an error: System.Threading.Tasks.TaskCanceledException: A task was canceled. <- System.TimeoutException: A task was canceled. <- System.Threading.Tasks.TaskCanceledException: The request was canceled due to the configured HttpClient.Timeout of 30 seconds elapsing.
[  script:qb-chopshop] Vehicle: ingot | Coords: vec4(-311.279999, -757.900024, 33.970001, 90.000000) | Plate: 54uSE299
[script:rahe-boosting] [info] Starting the contract generator (automatic trigger). There are currently 1 police online (3 is required for isImportant classes to generate).
[script:rahe-boosting] [info] The contract generator stopped as there are no players in the queue.
[ citizen-server-impl] Server list query returned an error: System.Threading.Tasks.TaskCanceledException: A task was canceled. <- System.TimeoutException: A task was canceled. <- System.Threading.Tasks.TaskCanceledException: The request was canceled due to the configured HttpClient.Timeout of 30 seconds elapsing.
[ citizen-server-impl] Server list query returned an error: System.Threading.Tasks.TaskCanceledException: A task was canceled. <- System.TimeoutException: A task was canceled. <- System.Threading.Tasks.TaskCanceledException: The request was canceled due to the configured HttpClient.Timeout of 30 seconds elapsing.
[ citizen-server-impl] Server list query returned an error: System.Threading.Tasks.TaskCanceledException: A task was canceled. <- System.TimeoutException: A task was canceled. <- System.Threading.Tasks.TaskCanceledException: The request was canceled due to the configured HttpClient.Timeout of 30 seconds elapsing.
[ citizen-server-impl] Server list query returned an error: System.Threading.Tasks.TaskCanceledException: A task was canceled. <- System.TimeoutException: A task was canceled. <- System.Threading.Tasks.TaskCanceledException: The request was canceled due to the configured HttpClient.Timeout of 30 seconds elapsing.
[ citizen-server-impl] Server list query returned an error: System.Threading.Tasks.TaskCanceledException: A task was canceled. <- System.TimeoutException: A task was canceled. <- System.Threading.Tasks.TaskCanceledException: The request was canceled due to the configured HttpClient.Timeout of 30 seconds elapsing.
[script:rahe-boosting] [info] Starting the contract generator (automatic trigger). There are currently 1 police online (3 is required for isImportant classes to generate).
[script:rahe-boosting] [info] The contract generator stopped as there are no players in the queue.
[ citizen-server-impl] Server list query returned an error: System.Threading.Tasks.TaskCanceledException: A task was canceled. <- System.TimeoutException: A task was canceled. <- System.Threading.Tasks.TaskCanceledException: The request was canceled due to the configured HttpClient.Timeout of 30 seconds elapsing.
[ citizen-server-impl] Server list query returned an error: System.Threading.Tasks.TaskCanceledException: A task was canceled. <- System.TimeoutException: A task was canceled. <- System.Threading.Tasks.TaskCanceledException: The request was canceled due to the configured HttpClient.Timeout of 30 seconds elapsing.
[  script:qb-chopshop] Vehicle: oracle | Coords: vec4(383.799988, -1652.900024, 37.299999, 90.000000) | Plate: 39sDN918
[ citizen-server-impl] Server list query returned an error: System.Threading.Tasks.TaskCanceledException: A task was canceled. <- System.TimeoutException: A task was canceled. <- System.Threading.Tasks.TaskCanceledException: The request was canceled due to the configured HttpClient.Timeout of 30 seconds elapsing.
[ citizen-server-impl] Server list query returned an error: System.Threading.Tasks.TaskCanceledException: A task was canceled. <- System.TimeoutException: A task was canceled. <- System.Threading.Tasks.TaskCanceledException: The request was canceled due to the configured HttpClient.Timeout of 30 seconds elapsing.
[ citizen-server-impl] Server list query returned an error: System.Threading.Tasks.TaskCanceledException: A task was canceled. <- System.TimeoutException: A task was canceled. <- System.Threading.Tasks.TaskCanceledException: The request was canceled due to the configured HttpClient.Timeout of 30 seconds elapsing.
[script:rahe-boosting] [info] Starting the contract generator (automatic trigger). There are currently 1 police online (3 is required for isImportant classes to generate).
[script:rahe-boosting] [info] The contract generator stopped as there are no players in the queue.
[38;5;73m[ citizen-server-impl] Server list query returned an error: System.Threading.Tasks.TaskCanceledException: A task was canceled. <- System.TimeoutException: A task was canceled. <- System.Threading.Tasks.TaskCanceledException: The request was canceled due to the configured HttpClient.Timeout of 30 seconds elapsing.
[38;5;73m[ citizen-server-impl] Server list query returned an error: System.Threading.Tasks.TaskCanceledException: A task was canceled. <- System.TimeoutException: A task was canceled. <- System.Threading.Tasks.TaskCanceledException: The request was canceled due to the configured HttpClient.Timeout of 30 seconds elapsing.
[ citizen-server-impl] Server list query returned an error: System.Threading.Tasks.TaskCanceledException: A task was canceled. <- System.TimeoutException: A task was canceled. <- System.Threading.Tasks.TaskCanceledException: The request was canceled due to the configured HttpClient.Timeout of 30 seconds elapsing.
[  script:qb-chopshop] Vehicle: ninef | Coords: vec4(1642.599976, -2413.300049, 93.099998, 90.000000) | Plate: 28qwu625
[ citizen-server-impl] [91mServer list query returned an error: System.Threading.Tasks.TaskCanceledException: A task was canceled. <- System.TimeoutException: A task was canceled. <- System.Threading.Tasks.TaskCanceledException: The request was canceled due to the configured HttpClient.Timeout of 30 seconds elapsing.
[ citizen-server-impl] Server list query returned an error: System.Threading.Tasks.TaskCanceledException: A task was canceled. <- System.TimeoutException: A task was canceled. <- System.Threading.Tasks.TaskCanceledException: The request was canceled due to the configured HttpClient.Timeout of 30 seconds elapsing.
[script:rahe-boosting] [0m[info] Starting the contract generator (automatic trigger). There are currently 1 police online (3 is required for isImportant classes to generate).
[script:rahe-boosting] [info] The contract generator stopped as there are no players in the queue.
[ citizen-server-impl] Server list query returned an error: System.Threading.Tasks.TaskCanceledException: A task was canceled. <- System.TimeoutException: A task was canceled. <- System.Threading.Tasks.TaskCanceledException: The request was canceled due to the configured HttpClient.Timeout of 30 seconds elapsing.
[ citizen-server-impl] [0mServer list query returned an error: System.Threading.Tasks.TaskCanceledException: A task was canceled. <- System.TimeoutException: A task was canceled. <- System.Threading.Tasks.TaskCanceledException: The request was canceled due to the configured HttpClient.Timeout of 30 seconds elapsing.
[ citizen-server-impl] [0mServer list query returned an error: System.Threading.Tasks.TaskCanceledException: A task was canceled. <- System.TimeoutException: A task was canceled. <- System.Threading.Tasks.TaskCanceledException: The request was canceled due to the configured HttpClient.Timeout of 30 seconds elapsing.
[ citizen-server-impl] Server list query returned an error: System.Threading.Tasks.TaskCanceledException: A task was canceled. <- System.TimeoutException: A task was canceled. <- System.Threading.Tasks.TaskCanceledException: The request was canceled due to the configured HttpClient.Timeout of 30 seconds elapsing.
[ citizen-server-impl] Server list query returned an error: System.Threading.Tasks.TaskCanceledException: A task was canceled. <- System.TimeoutException: A task was canceled. <- System.Threading.Tasks.TaskCanceledException: The request was canceled due to the configured HttpClient.Timeout of 30 seconds elapsing.
[script:rahe-boosting] [info] Starting the contract generator (automatic trigger). There are currently 1 police online (3 is required for isImportant classes to generate).
[script:rahe-boosting] [info] The contract generator stopped as there are no players in the queue.
[  script:qb-chopshop] Vehicle: banshee | Coords: vec4(27.200001, -1030.900024, 29.400000, 90.000000) | Plate: 83ZIQ658
[ citizen-server-impl] [0mServer list query returned an error: System.Threading.Tasks.TaskCanceledException: A task was canceled. <- System.TimeoutException: A task was canceled. <- System.Threading.Tasks.TaskCanceledException: The request was canceled due to the configured HttpClient.Timeout of 30 seconds elapsing.
[ citizen-server-impl] server thread hitch warning: timer interval of 153 milliseconds
[ citizen-server-impl] sync thread hitch warning: timer interval of 104 milliseconds
[ citizen-server-impl] Server list query returned an error: System.Threading.Tasks.TaskCanceledException: A task was canceled. <- System.TimeoutException: A task was canceled. <- System.Threading.Tasks.TaskCanceledException: The request was canceled due to the configured HttpClient.Timeout of 30 seconds elapsing.
[ citizen-server-impl] Server list query returned an error: System.Threading.Tasks.TaskCanceledException: A task was canceled. <- System.TimeoutException: A task was canceled. <- System.Threading.Tasks.TaskCanceledException: The request was canceled due to the configured HttpClient.Timeout of 30 seconds elapsing.
[ citizen-server-impl] Server list query returned an error: System.Threading.Tasks.TaskCanceledException: A task was canceled. <- System.TimeoutException: A task was canceled. <- System.Threading.Tasks.TaskCanceledException: The request was canceled due to the configured HttpClient.Timeout of 30 seconds elapsing.
[ citizen-server-impl] Server list query returned an error: System.Threading.Tasks.TaskCanceledException: A task was canceled. <- System.TimeoutException: A task was canceled. <- System.Threading.Tasks.TaskCanceledException: The request was canceled due to the configured HttpClient.Timeout of 30 seconds elapsing.
[script:rahe-boosting] [0m[info] Starting the contract generator (automatic trigger). There are currently 1 police online (3 is required for isImportant classes to generate).
[script:rahe-boosting] [info] The contract generator stopped as there are no players in the queue.
[ citizen-server-impl] [0mServer list query returned an error: System.Threading.Tasks.TaskCanceledException: A task was canceled. <- System.TimeoutException: A task was canceled. <- System.Threading.Tasks.TaskCanceledException: The request was canceled due to the configured HttpClient.Timeout of 30 seconds elapsing.
[ citizen-server-impl] [91mServer list query returned an error: System.Threading.Tasks.TaskCanceledException: A task was canceled. <- System.TimeoutException: A task was canceled. <- System.Threading.Tasks.TaskCanceledException: The request was canceled due to the configured HttpClient.Timeout of 30 seconds elapsing.
[  script:qb-chopshop] Vehicle: sadler | Coords: vec4(-432.799988, -2166.100098, 9.900000, 90.000000) | Plate: 39vKa423
[ citizen-server-impl] [91mServer list query returned an error: System.Threading.Tasks.TaskCanceledException: A task was canceled. <- System.TimeoutException: A task was canceled. <- System.Threading.Tasks.TaskCanceledException: The request was canceled due to the configured HttpClient.Timeout of 30 seconds elapsing.
[ citizen-server-impl] Server list query returned an error: System.Threading.Tasks.TaskCanceledException: A task was canceled. <- System.TimeoutException: A task was canceled. <- System.Threading.Tasks.TaskCanceledException: The request was canceled due to the configured HttpClient.Timeout of 30 seconds elapsing.
[38;5;73m[ citizen-server-impl] Server list query returned an error: System.Threading.Tasks.TaskCanceledException: A task was canceled. <- System.TimeoutException: A task was canceled. <- System.Threading.Tasks.TaskCanceledException: The request was canceled due to the configured HttpClient.Timeout of 30 seconds elapsing.
[script:rahe-boosting] [info] Starting the contract generator (automatic trigger). There are currently 1 police online (3 is required for isImportant classes to generate).
[script:rahe-boosting] [info] The contract generator stopped as there are no players in the queue.
[ citizen-server-impl] Server list query returned an error: System.Threading.Tasks.TaskCanceledException: A task was canceled. <- System.TimeoutException: A task was canceled. <- System.Threading.Tasks.TaskCanceledException: The request was canceled due to the configured HttpClient.Timeout of 30 seconds elapsing.
[ citizen-server-impl] Server list query returned an error: System.Threading.Tasks.TaskCanceledException: A task was canceled. <- System.TimeoutException: A task was canceled. <- System.Threading.Tasks.TaskCanceledException: The request was canceled due to the configured HttpClient.Timeout of 30 seconds elapsing.
[ citizen-server-impl] Server list query returned an error: System.Threading.Tasks.TaskCanceledException: A task was canceled. <- System.TimeoutException: A task was canceled. <- System.Threading.Tasks.TaskCanceledException: The request was canceled due to the configured HttpClient.Timeout of 30 seconds elapsing.
[38;5;73m[ citizen-server-impl] Server list query returned an error: System.Threading.Tasks.TaskCanceledException: A task was canceled. <- System.TimeoutException: A task was canceled. <- System.Threading.Tasks.TaskCanceledException: The request was canceled due to the configured HttpClient.Timeout of 30 seconds elapsing.
[  script:qb-chopshop] Vehicle: prairie | Coords: vec4(-1510.410034, 1490.020020, 116.160004, 90.000000) | Plate: 93LWF551
[38;5;73m[ citizen-server-impl] Server list query returned an error: System.Threading.Tasks.TaskCanceledException: A task was canceled. <- System.TimeoutException: A task was canceled. <- System.Threading.Tasks.TaskCanceledException: The request was canceled due to the configured HttpClient.Timeout of 30 seconds elapsing.
[script:rahe-boosting] [info] Starting the contract generator (automatic trigger). There are currently 1 police online (3 is required for isImportant classes to generate).
[script:rahe-boosting] [info] The contract generator stopped as there are no players in the queue.
[ citizen-server-impl] Server list query returned an error: System.Threading.Tasks.TaskCanceledException: A task was canceled. <- System.TimeoutException: A task was canceled. <- System.Threading.Tasks.TaskCanceledException: The request was canceled due to the configured HttpClient.Timeout of 30 seconds elapsing.
[ citizen-server-impl] Server list query returned an error: System.Threading.Tasks.TaskCanceledException: A task was canceled. <- System.TimeoutException: A task was canceled. <- System.Threading.Tasks.TaskCanceledException: The request was canceled due to the configured HttpClient.Timeout of 30 seconds elapsing.
[script:rahe-boosting] [info] Starting the [93mcontract generator (automatic trigger). There are currently 1 police online (3 is required for isImportant classes to generate).
[script:rahe-boosting] [info] The contract generator stopped as there are no players in the queue.
[  script:qb-chopshop] Vehicle: surge | Coords: vec4(-622.679993, 201.270004, 71.129997, 90.000000) | Plate: 28vTP596
[ citizen-server-impl] sync thread hitch warning: timer interval of 192 milliseconds
[ citizen-server-impl] network thread hitch warning: timer interval of 193 milliseconds
[ citizen-server-impl] server thread hitch warning: timer interval of 195 milliseconds
[ citizen-server-impl] sync thread hitch warning: timer interval of 202 milliseconds
[ citizen-server-impl] network thread hitch warning: timer interval of 204 milliseconds
[ citizen-server-impl] server thread hitch warning: timer interval of 227 milliseconds
[ citizen-server-impl] sync thread hitch warning: timer interval of 176 milliseconds
[ citizen-server-impl] network thread hitch warning: timer interval of 177 milliseconds
[ citizen-server-impl] server thread hitch warning: timer interval of 217 milliseconds
[ citizen-server-impl] sync thread hitch warning: timer interval of 174 milliseconds
[ citizen-server-impl] network thread hitch warning: timer interval of 175 milliseconds
[ citizen-server-impl] server thread hitch warning: timer interval of 206 milliseconds
[ citizen-server-impl] sync thread hitch warning: timer interval of 158 milliseconds
[ citizen-server-impl] network thread hitch warning: timer interval of 159 milliseconds
[ citizen-server-impl] server thread hitch warning: timer interval of 160 milliseconds
[ citizen-server-impl] sync thread hitch warning: timer interval of 138 milliseconds
[ citizen-server-impl] [0msync thread hitch warning: timer interval of 141 milliseconds
[script:rahe-boosting] [info] Starting the contract generator (automatic trigger). There are currently 1 police online (3 is required for isImportant classes to generate).
[script:rahe-boosting] [info] The contract generator stopped as there are no players in the queue.
[ citizen-server-impl] sync thread hitch warning: timer interval of 106 milliseconds
[ citizen-server-impl] sync thread hitch warning: timer interval of 152 milliseconds
[ citizen-server-impl] network thread hitch warning: timer interval of 153 milliseconds
[ citizen-server-impl] server thread hitch warning: timer interval of 156 milliseconds
[ citizen-server-impl] network thread hitch warning: timer interval of 182 milliseconds
[ citizen-server-impl] sync thread hitch warning: timer interval of 182 milliseconds
[ citizen-server-impl] server thread hitch warning: timer interval of 206 milliseconds
[  script:qb-chopshop] Vehicle: rhapsody | Coords: vec4(-2214.000000, 4238.750000, 47.000000, 90.000000) | Plate: 57DgH954
[script:rahe-boosting] [info] Starting the contract generator (automatic trigger). There are currently 1 police online (3 is required for isImportant classes to generate).
[script:rahe-boosting] [info] The contract generator stopped as there are no players in the queue.
[38;5;79m[  script:qb-chopshop] Vehicle: chino | Coords: vec4(727.210022, -208.160004, 67.839996, 90.000000) | Plate: 23noY115
[script:rahe-boosting] [97m[info] Starting the contract generator (automatic trigger). There are currently 1 police online (3 is required for isImportant classes to generate).
[script:rahe-boosting] [info] The contract generator stopped as there are no players in the queue.
[ citizen-server-impl] sync thread hitch warning: timer interval of 110 milliseconds
[script:rahe-boosting] [info] Starting the contract generator (automatic trigger). There are currently 1 police online (3 is required for isImportant classes to generate).
[script:rahe-boosting] [info] The contract generator stopped as there are no players in the queue.
[  script:qb-chopshop] Vehicle: fugitive | Coords: vec4(-1643.010010, -834.770020, 9.990000, 90.000000) | Plate: 52KLv955
[ citizen-server-impl] sync thread hitch warning: timer interval of 180 milliseconds
[ citizen-server-impl] network thread hitch warning: timer interval of 181 milliseconds
[ citizen-server-impl] server thread hitch warning: timer interval of 183 milliseconds
[ citizen-server-impl] sync thread hitch warning: timer interval of 179 milliseconds
[ citizen-server-impl] network thread hitch warning: timer interval of 180 milliseconds
[ citizen-server-impl] server thread hitch warning: timer interval of 208 milliseconds
[ citizen-server-impl] sync thread hitch warning: timer interval of 142 milliseconds
[ citizen-server-impl] sync thread hitch warning: timer interval of 122 milliseconds
[ citizen-server-impl] sync thread hitch warning: timer interval of 140 milliseconds
[ citizen-server-impl] [0msync thread hitch warning: timer interval of 103 milliseconds
[ citizen-server-impl] sync thread hitch warning: timer interval of 124 milliseconds
[script:rahe-boosting] [info] Starting the contract generator (automatic trigger). There are currently 1 police online (3 is required for isImportant classes to generate).
[script:rahe-boosting] [info] The contract generator stopped as there are no players in the queue.
[  script:qb-chopshop] Vehicle: rocoto | Coords: vec4(-356.989990, 6067.100098, 31.070000, 90.000000) | Plate: 65rcL257
[script:rahe-boosting] [97m[info] Starting the contract generator (automatic trigger). There are currently 1 police online (3 is required for isImportant classes to generate).
[script:rahe-boosting] [info] The contract generator stopped as there are no players in the queue.
[ citizen-server-impl] sync thread hitch warning: timer interval of 103 milliseconds
[  script:qb-chopshop] Vehicle: surge | Coords: vec4(-1067.500000, -2571.399902, 13.200000, 90.000000) | Plate: 81FPC246
[ citizen-server-impl] sync thread hitch warning: timer interval of 119 milliseconds
[ citizen-server-impl] server thread hitch warning: timer interval of 162 milliseconds
[script:rahe-boosting] [info] Starting the contract generator (automatic trigger). There are currently 1 police online (3 is required for isImportant classes to generate).
[script:rahe-boosting] [info] The contract generator stopped as there are no players in the queue.
[script:rahe-boosting] [info] Starting the contract generator (automatic trigger). There are currently 1 police online (3 is required for isImportant classes to generate).
[script:rahe-boosting] [info] The contract generator stopped as there are no players in the queue.
[  script:qb-chopshop] Vehicle: ratloader | Coords: vec4(2774.649902, 3471.370117, 55.439999, 90.000000) | Plate: 12lcc231
[38;5;89m[script:rahe-boosting] [info] Starting the contract generator (automatic trigger). There are currently 1 police online (3 is required for isImportant classes to generate).
[script:rahe-boosting] [info] The contract generator stopped as there are no players in the queue.
[  script:qb-chopshop] Vehicle: adder | Coords: vec4(27.200001, -1030.900024, 29.400000, 90.000000) | Plate: 09iFp067
[ citizen-server-impl] sync thread hitch warning: timer interval of 106 milliseconds
[script:rahe-boosting] [info] Starting the contract generator (automatic trigger). There are currently 1 police online (3 is required for isImportant classes to generate).
[script:rahe-boosting] [info] The contract generator stopped as there are no players in the queue.
[script:rahe-boosting] [info] Starting the contract generator (automatic trigger). There are currently 1 police online (3 is required for isImportant classes to generate).
[script:rahe-boosting] [info] The contract generator stopped as there are no players in the queue.
[  script:qb-chopshop] Vehicle: adder | Coords: vec4(880.409973, -39.270000, 78.760002, 90.000000) | Plate: 90wzK223
[script:rahe-boosting] [info] Starting the contract generator (automatic trigger). There are currently 1 police online (3 is required for isImportant classes to generate).
[script:rahe-boosting] [info] The contract generator stopped as there are no players in the queue.
[  script:qb-chopshop] Vehicle: gauntlet | Coords: vec4(-2214.000000, 4238.750000, 47.000000, 90.000000) | Plate: 01AIf645
[ citizen-server-impl] sync thread hitch warning: timer interval of 103 milliseconds
[script:rahe-boosting] [info] Starting the contract generator (automatic trigger). There are currently 1 police online (3 is required for isImportant classes to generate).
[script:rahe-boosting] [info] The contract generator stopped as there are no players in the queue.
[ citizen-server-impl] Server list query returned an error: System.Threading.Tasks.TaskCanceledException: A task was canceled. <- System.TimeoutException: A task was canceled. <- System.Threading.Tasks.TaskCanceledException: The request was canceled due to the configured HttpClient.Timeout of 30 seconds elapsing.
[ citizen-server-impl] Server list query returned an error: System.Threading.Tasks.TaskCanceledException: A task was canceled. <- System.TimeoutException: A task was canceled. <- System.Threading.Tasks.TaskCanceledException: The request was canceled due to the configured HttpClient.Timeout of 30 seconds elapsing.
[ citizen-server-impl] Server list query returned an error: System.Threading.Tasks.TaskCanceledException: A task was canceled. <- System.TimeoutException: A task was canceled. <- System.Threading.Tasks.TaskCanceledException: The request was canceled due to the configured HttpClient.Timeout of 30 seconds elapsing.
[ citizen-server-impl] server thread hitch warning: timer interval of 159 milliseconds
[ citizen-server-impl] sync thread hitch warning: timer interval of 125 milliseconds
[ citizen-server-impl] Server list query returned an error: System.Threading.Tasks.TaskCanceledException: A task was canceled. <- System.TimeoutException: A task was canceled. <- System.Threading.Tasks.TaskCanceledException: The request was canceled due to the configured HttpClient.Timeout of 30 seconds elapsing.
[  script:qb-chopshop] [0mVehicle: banshee | Coords: vec4(1690.119995, 3288.040039, 40.639999, 90.000000) | Plate: 55eJF160
[ citizen-server-impl] sync thread hitch warning: timer interval of 108 milliseconds
[ citizen-server-impl] Server list query returned an error: System.Threading.Tasks.TaskCanceledException: A task was canceled. <- System.TimeoutException: A task was canceled. <- System.Threading.Tasks.TaskCanceledException: The request was canceled due to the configured HttpClient.Timeout of 30 seconds elapsing.
[script:rahe-boosting] [info] Starting the contract generator (automatic trigger). There are currently 1 police online (3 is required for isImportant classes to generate).
[script:rahe-boosting] [info] The contract generator stopped as there are no players in the queue.
[ citizen-server-impl] Server list query returned an error: System.Threading.Tasks.TaskCanceledException: A task was canceled. <- System.TimeoutException: A task was canceled. <- System.Threading.Tasks.TaskCanceledException: The request was canceled due to the configured HttpClient.Timeout of 30 seconds elapsing.
[ citizen-server-impl] sync thread hitch warning: timer interval of 114 milliseconds
[ citizen-server-impl] [0mServer list query returned an error: System.Threading.Tasks.TaskCanceledException: A task was canceled. <- System.TimeoutException: A task was canceled. <- System.Threading.Tasks.TaskCanceledException: The request was canceled due to the configured HttpClient.Timeout of 30 seconds elapsing.
[ citizen-server-impl] Server list query returned an error: System.Threading.Tasks.TaskCanceledException: A task was canceled. <- System.TimeoutException: A task was canceled. <- System.Threading.Tasks.TaskCanceledException: The request was canceled due to the configured HttpClient.Timeout of 30 seconds elapsing.
[ citizen-server-impl] Server list query returned an error: System.Threading.Tasks.TaskCanceledException: A task was canceled. <- System.TimeoutException: A task was canceled. <- System.Threading.Tasks.TaskCanceledException: The request was canceled due to the configured HttpClient.Timeout of 30 seconds elapsing.
[ citizen-server-impl] Server list query returned an error: System.Threading.Tasks.TaskCanceledException: A task was canceled. <- System.TimeoutException: A task was canceled. <- System.Threading.Tasks.TaskCanceledException: The request was canceled due to the configured HttpClient.Timeout of 30 seconds elapsing.
[script:rahe-boosting] [info] Starting the contract generator (automatic trigger). There are currently 1 police online (3 is required for isImportant classes to generate).
[script:rahe-boosting] [info] The contract generator stopped as there are no players in the queue.
[ citizen-server-impl] Server list query returned an error: System.Threading.Tasks.TaskCanceledException: A task was canceled. <- System.TimeoutException: A task was canceled. <- System.Threading.Tasks.TaskCanceledException: The request was canceled due to the configured HttpClient.Timeout of 30 seconds elapsing.
[38;5;79m[  script:qb-chopshop] Vehicle: dukes | Coords: vec4(-56.500000, -1117.010010, 26.440001, 90.000000) | Plate: 44RMf104
[ citizen-server-impl] Server list query returned an error: System.Threading.Tasks.TaskCanceledException: A task was canceled. <- System.TimeoutException: A task was canceled. <- System.Threading.Tasks.TaskCanceledException: The request was canceled due to the configured HttpClient.Timeout of 30 seconds elapsing.
[ citizen-server-impl] [0mServer list query returned an error: System.Threading.Tasks.TaskCanceledException: A task was canceled. <- System.TimeoutException: A task was canceled. <- System.Threading.Tasks.TaskCanceledException: The request was canceled due to the configured HttpClient.Timeout of 30 seconds elapsing.
[ citizen-server-impl] sync thread hitch warning: timer interval of 194 milliseconds
[ citizen-server-impl] network thread hitch warning: timer interval of 195 milliseconds
[ citizen-server-impl] server thread hitch warning: timer interval of 230 milliseconds
[ citizen-server-impl] network thread hitch warning: timer interval of 215 milliseconds
[ citizen-server-impl] sync thread hitch warning: timer interval of 199 milliseconds
[ citizen-server-impl] server thread hitch warning: timer interval of 216 milliseconds
[ citizen-server-impl] sync thread hitch warning: timer interval of 176 milliseconds
[ citizen-server-impl] network thread hitch warning: timer interval of 177 milliseconds
[ citizen-server-impl] server thread hitch warning: timer interval of 209 milliseconds
[ citizen-server-impl] sync thread hitch warning: timer interval of 182 milliseconds
[ citizen-server-impl] network thread hitch warning: timer interval of 182 milliseconds
[ citizen-server-impl] server thread hitch warning: timer interval of 183 milliseconds
[ citizen-server-impl] network thread hitch warning: timer interval of 222 milliseconds
[ citizen-server-impl] sync thread hitch warning: timer interval of 209 milliseconds
[ citizen-server-impl] server thread hitch warning: timer interval of 223 milliseconds
[ citizen-server-impl] sync thread hitch warning: timer interval of 209 milliseconds
[ citizen-server-impl] network thread hitch warning: timer interval of 210 milliseconds
[ citizen-server-impl] server thread hitch warning: timer interval of 210 milliseconds
[ citizen-server-impl] Server list query returned an error: System.Threading.Tasks.TaskCanceledException: A task was canceled. <- System.TimeoutException: A task was canceled. <- System.Threading.Tasks.TaskCanceledException: The request was canceled due to the configured HttpClient.Timeout of 30 seconds elapsing.
[ citizen-server-impl] Server list query returned an error: System.Threading.Tasks.TaskCanceledException: A task was canceled. <- System.TimeoutException: A task was canceled. <- System.Threading.Tasks.TaskCanceledException: The request was canceled due to the configured HttpClient.Timeout of 30 seconds elapsing.
[script:rahe-boosting] [0m[info] Starting the contract generator (automatic trigger). There are currently 1 police online (3 is required for isImportant classes to generate).
[script:rahe-boosting] [info] The contract generator stopped as there are no players in the queue.
[ citizen-server-impl] Server list query returned an error: System.Threading.Tasks.TaskCanceledException: A task was canceled. <- System.TimeoutException: A task was canceled. <- System.Threading.Tasks.TaskCanceledException: The request was canceled due to the configured HttpClient.Timeout of 30 seconds elapsing.
[38;5;73m[ citizen-server-impl] Server list query returned an error: System.Threading.Tasks.TaskCanceledException: A task was canceled. <- System.TimeoutException: A task was canceled. <- System.Threading.Tasks.TaskCanceledException: The request was canceled due to the configured HttpClient.Timeout of 30 seconds elapsing.
[38;5;73m[ citizen-server-impl] Server list query returned an error: System.Threading.Tasks.TaskCanceledException: A task was canceled. <- System.TimeoutException: A task was canceled. <- System.Threading.Tasks.TaskCanceledException: The request was canceled due to the configured HttpClient.Timeout of 30 seconds elapsing.
[38;5;79m[  script:qb-chopshop] Vehicle: coquette | Coords: vec4(27.200001, -1030.900024, 29.400000, 90.000000) | Plate: 37eBG947
[ citizen-server-impl] sync thread hitch warning: timer interval of 120 milliseconds
[38;5;73m[ citizen-server-impl] Server list query returned an error: System.Threading.Tasks.TaskCanceledException: A task was canceled. <- System.TimeoutException: A task was canceled. <- System.Threading.Tasks.TaskCanceledException: The request was canceled due to the configured HttpClient.Timeout of 30 seconds elapsing.
[ citizen-server-impl] Server list query returned an error: System.Threading.Tasks.TaskCanceledException: A task was canceled. <- System.TimeoutException: A task was canceled. <- System.Threading.Tasks.TaskCanceledException: The request was canceled due to the configured HttpClient.Timeout of 30 seconds elapsing.
[script:rahe-boosting] [0m[info] Starting the contract generator (automatic trigger). There are currently 1 police online (3 is required for isImportant classes to generate).
[38;5;89m[script:rahe-boosting] [info] The contract generator stopped as there are no players in the queue.
[ citizen-server-impl] Server list query returned an error: System.Threading.Tasks.TaskCanceledException: A task was canceled. <- System.TimeoutException: A task was canceled. <- System.Threading.Tasks.TaskCanceledException: The request was canceled due to the configured HttpClient.Timeout of 30 seconds elapsing.
[ citizen-server-impl] Server list query returned an error: System.Threading.Tasks.TaskCanceledException: A task was canceled. <- System.TimeoutException: A task was canceled. <- System.Threading.Tasks.TaskCanceledException: The request was canceled due to the configured HttpClient.Timeout of 30 seconds elapsing.
[ citizen-server-impl] Server list query returned an error: System.Threading.Tasks.TaskCanceledException: A task was canceled. <- System.TimeoutException: A task was canceled. <- System.Threading.Tasks.TaskCanceledException: The request was canceled due to the configured HttpClient.Timeout of 30 seconds elapsing.
[38;5;73m[ citizen-server-impl] Server list query returned an error: System.Threading.Tasks.TaskCanceledException: A task was canceled. <- System.TimeoutException: A task was canceled. <- System.Threading.Tasks.TaskCanceledException: The request was canceled due to the configured HttpClient.Timeout of 30 seconds elapsing.
[ citizen-server-impl] sync thread hitch warning: timer interval of 119 milliseconds
[ citizen-server-impl] server thread hitch warning: timer interval of 223 milliseconds
[ citizen-server-impl] sync thread hitch warning: timer interval of 185 milliseconds
[ citizen-server-impl] network thread hitch warning: timer interval of 186 milliseconds
[ citizen-server-impl] sync thread hitch warning: timer interval of 138 milliseconds
[ citizen-server-impl] sync thread hitch warning: timer interval of 152 milliseconds
[ citizen-server-impl] sync thread hitch warning: timer interval of 126 milliseconds
[ citizen-server-impl] sync thread hitch warning: timer interval of 150 milliseconds
[ citizen-server-impl] sync thread hitch warning: timer interval of 120 milliseconds
[ citizen-server-impl] sync thread hitch warning: timer interval of 121 milliseconds
[ citizen-server-impl] sync thread hitch warning: timer interval of 167 milliseconds
[ citizen-server-impl] network thread hitch warning: timer interval of 167 milliseconds
[ citizen-server-impl] server thread hitch warning: timer interval of 167 milliseconds
[ citizen-server-impl] sync thread hitch warning: timer interval of 111 milliseconds
[  script:qb-chopshop] Vehicle: felon | Coords: vec4(2030.430054, 3166.860107, 45.240002, 90.000000) | Plate: 35wEo756
[38;5;89m[script:rahe-boosting] [info] Starting the contract generator (automatic trigger). There are currently 1 police online (3 is required for isImportant classes to generate).
[script:rahe-boosting] [info] The contract generator stopped as there are no players in the queue.
[ citizen-server-impl] sync thread hitch warning: timer interval of 120 milliseconds
[ citizen-server-impl] server thread hitch warning: timer interval of 156 milliseconds
[ citizen-server-impl] sync thread hitch warning: timer interval of 110 milliseconds
[script:rahe-boosting] [info] Starting the contract generator (automatic trigger). There are currently 1 police online (3 is required for isImportant classes to generate).
[script:rahe-boosting] [info] The contract generator stopped as there are no players in the queue.
[  script:qb-chopshop] Vehicle: rancherxl | Coords: vec4(229.300003, -365.899994, 43.799999, 90.000000) | Plate: 70hXG920
[script:rahe-boosting] [info] Starting the contract generator (automatic trigger). There are currently 1 police online (3 is required for isImportant classes to generate).
[script:rahe-boosting] [info] The contract generator stopped as there are no players in the queue.
[  script:qb-chopshop] Vehicle: voltic | Coords: vec4(1192.099976, -1336.900024, 35.099998, 90.000000) | Plate: 44gWU205
[ citizen-server-impl] sync thread hitch warning: timer interval of 142 milliseconds
[script:rahe-boosting] [info] Starting the contract generator (automatic trigger). There are currently 1 police online (3 is required for isImportant classes to generate).
[script:rahe-boosting] [info] The contract generator stopped as there are no players in the queue.
[ citizen-server-impl] sync thread hitch warning: timer interval of 102 milliseconds
[script:rahe-boosting] [info] Starting the contract generator (automatic trigger). There are currently 1 police online (3 is required for isImportant classes to generate).
[script:rahe-boosting] [info] The contract generator stopped as there are no players in the queue.
[  script:qb-chopshop] Vehicle: sadler | Coords: vec4(-619.200012, -2207.300049, 5.600000, 90.000000) | Plate: 74Ngk376
[script:rahe-boosting] [info] Starting the contract generator (automatic trigger). There are currently 1 police online (3 is required for isImportant classes to generate).
[script:rahe-boosting] [info] The contract generator stopped as there are no players in the queue.
[  script:qb-chopshop] [97mVehicle: futo | Coords: vec4(-391.130005, -122.160004, 38.669998, 90.000000) | Plate: 56WMm802
[script:rahe-boosting] [97m[info] Starting the contract generator (automatic trigger). There are currently 1 police online (3 is required for isImportant classes to generate).
[script:rahe-boosting] [info] The contract generator stopped as there are no players in the queue.
[ citizen-server-impl] sync thread hitch warning: timer interval of 113 milliseconds
[  script:qb-chopshop] Vehicle: faction | Coords: vec4(2774.649902, 3471.370117, 55.439999, 90.000000) | Plate: 63gsY327
[38;5;89m[script:rahe-boosting] [info] Starting the contract generator (automatic trigger). There are currently 1 police online (3 is required for isImportant classes to generate).
[script:rahe-boosting] [info] The contract generator stopped as there are no players in the queue.
[script:rahe-boosting] [info] Starting the contract generator (automatic trigger). There are currently 1 police online (3 is required for isImportant classes to generate).
[script:rahe-boosting] [info] The contract generator stopped as there are no players in the queue.
[  script:qb-chopshop] Vehicle: blista | Coords: vec4(-432.799988, -2166.100098, 9.900000, 90.000000) | Plate: 69pkl675
[script:rahe-boosting] [93m[info] Starting the contract generator (automatic trigger). There are currently 1 police online (3 is required for isImportant classes to generate).
[script:rahe-boosting] [info] The contract generator stopped as there are no players in the queue.
[38;5;79m[  script:qb-chopshop] Vehicle: premier | Coords: vec4(-111.900002, 92.000000, 71.099998, 90.000000) | Plate: 79qHJ426
[script:rahe-boosting] [info] Starting the contract generator (automatic trigger). There are currently 1 police online (3 is required for isImportant classes to generate).
[script:rahe-boosting] [info] The contract generator stopped as there are no players in the queue.
[ citizen-server-impl] server thread hitch warning: timer interval of 154 milliseconds
[ citizen-server-impl] sync thread hitch warning: timer interval of 106 milliseconds
[  script:qb-chopshop] [97mVehicle: premier | Coords: vec4(1690.119995, 3288.040039, 40.639999, 90.000000) | Plate: 48CGH486
[script:rahe-boosting] [info] Starting the contract generator (automatic trigger). There are currently 1 police online (3 is required for isImportant classes to generate).
[script:rahe-boosting] [info] The contract generator stopped as there are no players in the queue.
[script:rahe-boosting] [info] Starting the contract generator (automatic trigger). There are currently 1 police online (3 is required for isImportant classes to generate).
[script:rahe-boosting] [info] The contract generator stopped as there are no players in the queue.
[  script:qb-chopshop] Vehicle: xls | Coords: vec4(-2079.030029, -335.510010, 13.140000, 90.000000) | Plate: 21DxY295
[script:rahe-boosting] [info] Starting the contract generator (automatic trigger). There are currently 1 police online (3 is required for isImportant classes to generate).
[script:rahe-boosting] [info] The contract generator stopped as there are no players in the queue.
[  script:qb-chopshop] Vehicle: blista | Coords: vec4(-1586.699951, -647.599976, 29.400000, 90.000000) | Plate: 33GBF705
[script:rahe-boosting] [93m[info] Starting the contract generator (automatic trigger). There are currently 1 police online (3 is required for isImportant classes to generate).
[script:rahe-boosting] [info] The contract generator stopped as there are no players in the queue.
[ citizen-server-impl] sync thread hitch warning: timer interval of 106 milliseconds
[  script:qb-chopshop] Vehicle: rhapsody | Coords: vec4(-2078.760010, -331.440002, 12.630000, 90.000000) | Plate: 72llO323
[script:rahe-boosting] [info] Starting the contract generator (automatic trigger). There are currently 1 police online (3 is required for isImportant classes to generate).
[script:rahe-boosting] [info] The contract generator stopped as there are no players in the queue.
[ citizen-server-impl] sync thread hitch warning: timer interval of 117 milliseconds
[ citizen-server-impl] server thread hitch warning: timer interval of 165 milliseconds
[ citizen-server-impl] sync thread hitch warning: timer interval of 105 milliseconds
[script:rahe-boosting] [info] Starting the contract generator (automatic trigger). There are currently 1 police online (3 is required for isImportant classes to generate).
[script:rahe-boosting] [info] The contract generator stopped as there are no players in the queue.
[  script:qb-chopshop] Vehicle: schafter | Coords: vec4(178.470001, -698.520020, 33.130001, 90.000000) | Plate: 55xMt773
[38;5;89m[script:rahe-boosting] [info] Starting the contract generator (automatic trigger). There are currently 1 police online (3 is required for isImportant classes to generate).
[script:rahe-boosting] [info] The contract generator stopped as there are no players in the queue.
[ citizen-server-impl] sync thread hitch warning: timer interval of 104 milliseconds
[38;5;79m[  script:qb-chopshop] Vehicle: chino | Coords: vec4(61.599998, 19.350000, 69.349998, 90.000000) | Plate: 35fmi827
[script:rahe-boosting] [info] Starting the contract generator (automatic trigger). There are currently 1 police online (3 is required for isImportant classes to generate).
[script:rahe-boosting] [info] The contract generator stopped as there are no players in the queue.
[ citizen-server-impl] [0msync thread hitch warning: timer interval of 109 milliseconds
[script:rahe-boosting] [info] Starting the contract generator (automatic trigger). There are currently 1 police online (3 is required for isImportant classes to generate).
[script:rahe-boosting] [info] The contract generator stopped as there are no players in the queue.
[38;5;79m[  script:qb-chopshop] Vehicle: coquette | Coords: vec4(-3139.800049, 1078.699951, 20.200001, 90.000000) | Plate: 79lwF715
[ citizen-server-impl] server thread hitch warning: timer interval of 172 milliseconds
[ citizen-server-impl] sync thread hitch warning: timer interval of 137 milliseconds
[ citizen-server-impl] sync thread hitch warning: timer interval of 226 milliseconds
[ citizen-server-impl] network thread hitch warning: timer interval of 223 milliseconds
[ citizen-server-impl] server thread hitch warning: timer interval of 250 milliseconds
[ citizen-server-impl] sync thread hitch warning: timer interval of 116 milliseconds
[ citizen-server-impl] sync thread hitch warning: timer interval of 124 milliseconds
[ citizen-server-impl] sync thread hitch warning: timer interval of 111 milliseconds
[script:rahe-boosting] [info] Starting the contract generator (automatic trigger). There are currently 1 police online (3 is required for isImportant classes to generate).
[script:rahe-boosting] [info] The contract generator stopped as there are no players in the queue.
[  script:qb-chopshop] Vehicle: bison | Coords: vec4(-622.679993, 201.270004, 71.129997, 90.000000) | Plate: 46zRo719
[script:rahe-boosting] [info] Starting the contract generator (automatic trigger). There are currently 1 police online (3 is required for isImportant classes to generate).
[script:rahe-boosting] [info] The contract generator stopped as there are no players in the queue.
[38;5;73m[ citizen-server-impl] sync thread hitch warning: timer interval of 105 milliseconds
[  script:qb-chopshop] Vehicle: jester | Coords: vec4(236.729996, -795.250000, 30.500000, 90.000000) | Plate: 82Onc186
[script:rahe-boosting] [0m[info] Starting the contract generator (automatic trigger). There are currently 1 police online (3 is required for isImportant classes to generate).
[script:rahe-boosting] [info] The contract generator stopped as there are no players in the queue.
[script:rahe-boosting] [97m[info] Starting the contract generator (automatic trigger). There are currently 1 police online (3 is required for isImportant classes to generate).
[script:rahe-boosting] [info] The contract generator stopped as there are no players in the queue.
[  script:qb-chopshop] [97mVehicle: regina | Coords: vec4(4.490000, -1762.489990, 29.299999, 90.000000) | Plate: 72cta710
[script:rahe-boosting] [info] Starting the contract generator (automatic trigger). There are currently 1 police online (3 is required for isImportant classes to generate).
[script:rahe-boosting] [info] The contract generator stopped as there are no players in the queue.
[ citizen-server-impl] sync thread hitch warning: timer interval of 246 milliseconds
[ citizen-server-impl] network thread hitch warning: timer interval of 246 milliseconds
[ citizen-server-impl] server thread hitch warning: timer interval of 245 milliseconds
[ citizen-server-impl] sync thread hitch warning: timer interval of 190 milliseconds
[ citizen-server-impl] network thread hitch warning: timer interval of 190 milliseconds
[ citizen-server-impl] server thread hitch warning: timer interval of 194 milliseconds
[ citizen-server-impl] network thread hitch warning: timer interval of 176 milliseconds
[ citizen-server-impl] sync thread hitch warning: timer interval of 177 milliseconds
[ citizen-server-impl] server thread hitch warning: timer interval of 179 milliseconds
[ citizen-server-impl] sync thread hitch warning: timer interval of 233 milliseconds
[ citizen-server-impl] network thread hitch warning: timer interval of 234 milliseconds
[ citizen-server-impl] server thread hitch warning: timer interval of 235 milliseconds
[ citizen-server-impl] sync thread hitch warning: timer interval of 274 milliseconds
[ citizen-server-impl] network thread hitch warning: timer interval of 276 milliseconds
[ citizen-server-impl] server thread hitch warning: timer interval of 275 milliseconds
[ citizen-server-impl] sync thread hitch warning: timer interval of 189 milliseconds
[ citizen-server-impl] network thread hitch warning: timer interval of 185 milliseconds
[ citizen-server-impl] server thread hitch warning: timer interval of 204 milliseconds
[ citizen-server-impl] sync thread hitch warning: timer interval of 225 milliseconds
[ citizen-server-impl] network thread hitch warning: timer interval of 224 milliseconds
[ citizen-server-impl] server thread hitch warning: timer interval of 223 milliseconds
[ citizen-server-impl] sync thread hitch warning: timer interval of 101 milliseconds
[ citizen-server-impl] sync thread hitch warning: timer interval of 101 milliseconds
[ citizen-server-impl] sync thread hitch warning: timer interval of 157 milliseconds
[ citizen-server-impl] network thread hitch warning: timer interval of 159 milliseconds
[ citizen-server-impl] server thread hitch warning: timer interval of 164 milliseconds
[ citizen-server-impl] sync thread hitch warning: timer interval of 122 milliseconds
[  script:qb-chopshop] Vehicle: dukes | Coords: vec4(4.490000, -1762.489990, 29.299999, 90.000000) | Plate: 50Bad072
[script:rahe-boosting] [info] Starting the contract generator (automatic trigger). There are currently 1 police online (3 is required for isImportant classes to generate).
[38;5;89m[script:rahe-boosting] [info] The contract generator stopped as there are no players in the queue.
[  script:qb-chopshop] Vehicle: schafter | Coords: vec4(-2079.030029, -335.510010, 13.140000, 90.000000) | Plate: 57bty265
[script:rahe-boosting] [info] Starting the contract generator (automatic trigger). There are currently 1 police online (3 is required for isImportant classes to generate).
[script:rahe-boosting] [info] The contract generator stopped as there are no players in the queue.
[ citizen-server-impl] server thread hitch warning: timer interval of 153 milliseconds
[ citizen-server-impl] sync thread hitch warning: timer interval of 115 milliseconds
[38;5;89m[script:rahe-boosting] [info] Starting the contract generator (automatic trigger). There are currently 1 police online (3 is required for isImportant classes to generate).
[script:rahe-boosting] [info] The contract generator stopped as there are no players in the queue.
[  script:qb-chopshop] [0mVehicle: oracle | Coords: vec4(2030.430054, 3166.860107, 45.240002, 90.000000) | Plate: 70CLG371
[script:rahe-boosting] [info] Starting the contract generator (automatic trigger). There are currently 1 police online (3 is required for isImportant classes to generate).
[script:rahe-boosting] [info] The contract generator stopped as there are no players in the queue.
[38;5;73m[ citizen-server-impl] sync thread hitch warning: timer interval of 102 milliseconds
[  script:qb-chopshop] Vehicle: premier | Coords: vec4(-663.799988, -1207.000000, 10.200000, 90.000000) | Plate: 35UuP684
[script:rahe-boosting] [info] Starting the contract generator (automatic trigger). There are currently 1 police online (3 is required for isImportant classes to generate).
[script:rahe-boosting] [info] The contract generator stopped as there are no players in the queue.
[script:rahe-boosting] [97m[info] Starting the contract generator (automatic trigger). There are currently 1 police online (3 is required for isImportant classes to generate).
[script:rahe-boosting] [info] The contract generator stopped as there are no players in the queue.
[  script:qb-chopshop] Vehicle: rhapsody | Coords: vec4(-1067.500000, -2571.399902, 13.200000, 90.000000) | Plate: 00hDg942
[script:rahe-boosting] [info] Starting the contract generator (automatic trigger). There are currently 1 police online (3 is required for isImportant classes to generate).
[script:rahe-boosting] [info] The contract generator stopped as there are no players in the queue.
[  script:qb-chopshop] Vehicle: faction | Coords: vec4(-2949.469971, 461.579987, 14.700000, 90.000000) | Plate: 70QFD510
[script:rahe-boosting] [info] Starting the contract generator (automatic trigger). There are currently 1 police online (3 is required for isImportant classes to generate).
[script:rahe-boosting] [info] The contract generator stopped as there are no players in the queue.
[  script:qb-chopshop] Vehicle: sadler | Coords: vec4(2786.060059, 3463.149902, 54.910000, 90.000000) | Plate: 70JnX344
[script:rahe-boosting] [0m[info] Starting the contract generator (automatic trigger). There are currently 1 police online (3 is required for isImportant classes to generate).
[script:rahe-boosting] [info] The contract generator stopped as there are no players in the queue.
[script:rahe-boosting] [info] Starting the contract generator (automatic trigger). There are currently 1 police online (3 is required for isImportant classes to generate).
[script:rahe-boosting] [info] The contract generator stopped as there are no players in the queue.
[  script:qb-chopshop] Vehicle: regina | Coords: vec4(380.070007, -739.979980, 29.290001, 90.000000) | Plate: 64FdH899
[script:rahe-boosting] [info] Starting the contract generator (automatic trigger). There are currently 1 police online (3 is required for isImportant classes to generate).
[script:rahe-boosting] [info] The contract generator stopped as there are no players in the queue.
[  script:qb-chopshop] Vehicle: voltic | Coords: vec4(-622.679993, 201.270004, 71.129997, 90.000000) | Plate: 73jpg897
[38;5;89m[script:rahe-boosting] [info] Starting the contract generator (automatic trigger). There are currently 1 police online (3 is required for isImportant classes to generate).
[script:rahe-boosting] [info] The contract generator stopped as there are no players in the queue.
[  script:qb-chopshop] Vehicle: buccaneer | Coords: vec4(-619.200012, -2207.300049, 5.600000, 90.000000) | Plate: 47nue933
[script:rahe-boosting] [info] Starting the contract generator (automatic trigger). There are currently 1 police online (3 is required for isImportant classes to generate).
[script:rahe-boosting] [info] The contract generator stopped as there are no players in the queue.
[script:rahe-boosting] [info] Starting the contract generator (automatic trigger). There are currently 1 police online (3 is required for isImportant classes to generate).
[script:rahe-boosting] [info] The contract generator stopped as there are no players in the queue.
[  script:qb-chopshop] Vehicle: rhapsody | Coords: vec4(907.479980, -54.720001, 78.760002, 90.000000) | Plate: 37wpC929
[script:rahe-boosting] [info][97m Starting the contract generator (automatic trigger). There are currently 1 police online (3 is required for isImportant classes to generate).
[script:rahe-boosting] [info] The contract generator stopped as there are no players in the queue.
[  script:qb-chopshop] Vehicle: regina | Coords: vec4(383.799988, -1652.900024, 37.299999, 90.000000) | Plate: 83OQL266
[script:rahe-boosting] [97m[info] Starting the contract generator (automatic trigger). There are currently 1 police online (3 is required for isImportant classes to generate).
[script:rahe-boosting] [info] The contract generator stopped as there are no players in the queue.
[script:rahe-boosting] [info] Starting the contract generator (automatic trigger). There are currently 1 police online (3 is required for isImportant classes to generate).
[script:rahe-boosting] [info] The contract generator stopped as there are no players in the queue.
[  script:qb-chopshop] Vehicle: asea | Coords: vec4(907.479980, -54.720001, 78.760002, 90.000000) | Plate: 97Oem032
[script:rahe-boosting] [93m[info] Starting the contract generator (automatic trigger). There are currently 1 police online (3 is required for isImportant classes to generate).
[script:rahe-boosting] [info] The contract generator stopped as there are no players in the queue.
[  script:qb-chopshop] Vehicle: bison | Coords: vec4(510.209991, -3054.699951, 6.070000, 90.000000) | Plate: 79Osc330
[script:rahe-boosting] [info] Starting the contract generator (automatic trigger). There are currently 1 police online (3 is required for isImportant classes to generate).
[script:rahe-boosting] [info] The contract generator stopped as there are no players in the queue.
