
================================================================
======== Log Rotated - 3/9/2024, 12:00:00 AM                    
================================================================
[script:rahe-boosting] [info] Starting the contract generator (automatic trigger). There are currently 0 police online (3 is required for isImportant classes to generate).
[script:rahe-boosting] [info] The contract generator stopped as there are no players in the queue.
[script:rahe-boosting] [info] Starting the contract generator (automatic trigger). There are currently 0 police online (3 is required for isImportant classes to generate).
[script:rahe-boosting] [info] The contract generator stopped as there are no players in the queue.
[script:rahe-boosting] [0m[info] Starting the contract generator (automatic trigger). There are currently 0 police online (3 is required for isImportant classes to generate).
[script:rahe-boosting] [info] The contract generator stopped as there are no players in the queue.
[script:rahe-boosting] [info] Starting the contract generator (automatic trigger). There are currently 0 police online (3 is required for isImportant classes to generate).
[script:rahe-boosting] [info] The contract generator stopped as there are no players in the queue.
[ citizen-server-impl] [97msync thread hitch warning: timer interval of 104 milliseconds
[script:rahe-boosting] [97m[info] Starting the contract generator (automatic trigger). There are currently 0 police online (3 is required for isImportant classes to generate).
[script:rahe-boosting] [info] The contract generator stopped as there are no players in the queue.
[script:rahe-boosting] [info] Starting the contract generator (automatic trigger). There are currently 0 police online (3 is required for isImportant classes to generate).
[script:rahe-boosting] [info] The contract generator stopped as there are no players in the queue.
[script:rahe-boosting] [info][97m Starting the contract generator (automatic trigger). There are currently 0 police online (3 is required for isImportant classes to generate).
[script:rahe-boosting] [info] The contract generator stopped as there are no players in the queue.
[ citizen-server-impl] sync thread hitch warning: timer interval of 204 milliseconds
[ citizen-server-impl] server thread hitch warning: timer interval of 249 milliseconds
[ citizen-server-impl] network thread hitch warning: timer interval of 202 milliseconds
[ citizen-server-impl] sync thread hitch warning: timer interval of 118 milliseconds
[script:rahe-boosting] [info] Starting the contract generator (automatic trigger). There are currently 0 police online (3 is required for isImportant classes to generate).
[script:rahe-boosting] [info] The contract generator stopped as there are no players in the queue.
[script:rahe-boosting] [info] Starting the contract generator (automatic trigger). There are currently 0 police online (3 is required for isImportant classes to generate).
[script:rahe-boosting] [info] The contract generator stopped as there are no players in the queue.
[script:rahe-boosting] [93m[info] Starting the contract generator (automatic trigger). There are currently 0 police online (3 is required for isImportant classes to generate).
[script:rahe-boosting] [info] The contract generator stopped as there are no players in the queue.
[script:rahe-boosting] [info] Starting the contract generator (automatic trigger). There are currently 0 police online (3 is required for isImportant classes to generate).
[script:rahe-boosting] [info] The contract generator stopped as there are no players in the queue.
[script:rahe-boosting] [info][97m Starting the contract generator (automatic trigger). There are currently 0 police online (3 is required for isImportant classes to generate).
[script:rahe-boosting] [info] The contract generator stopped as there are no players in the queue.
[ citizen-server-impl] sync thread hitch warning: timer interval of 101 milliseconds
[script:rahe-boosting] [info] Starting the contract generator (automatic trigger). There are currently 0 police online (3 is required for isImportant classes to generate).
[script:rahe-boosting] [info] The contract generator stopped as there are no players in the queue.
[script:rahe-boosting] [info] Starting the contract generator (automatic trigger). There are currently 0 police online (3 is required for isImportant classes to generate).
[script:rahe-boosting] [info] The contract generator stopped as there are no players in the queue.
[script:rahe-boosting] [info] Starting the contract generator (automatic trigger). There are currently 0 police online (3 is required for isImportant classes to generate).
[script:rahe-boosting] [info] The contract generator stopped as there are no players in the queue.
[script:rahe-boosting] [info] Starting the contract generator (automatic trigger). There are currently 0 police online (3 is required for isImportant classes to generate).
[script:rahe-boosting] [info] The contract generator stopped as there are no players in the queue.
[script:rahe-boosting] [info] Starting the contract generator (automatic trigger). There are currently 0 police online (3 is required for isImportant classes to generate).
[script:rahe-boosting] [info] The contract generator stopped as there are no players in the queue.
[script:rahe-boosting] [info] Starting the contract generator (automatic trigger). There are currently 0 police online (3 is required for isImportant classes to generate).
[script:rahe-boosting] [info] The contract generator stopped as there are no players in the queue.
[38;5;73m[ citizen-server-impl] sync thread hitch warning: timer interval of 113 milliseconds
[38;5;89m[script:rahe-boosting] [info] Starting the contract generator (automatic trigger). There are currently 0 police online (3 is required for isImportant classes to generate).
[script:rahe-boosting] [info] The contract generator stopped as there are no players in the queue.
[script:rahe-boosting] [info] Starting the contract generator (automatic trigger). There are currently 0 police online (3 is required for isImportant classes to generate).
[script:rahe-boosting] [info] The contract generator stopped as there are no players in the queue.
[script:rahe-boosting] [93m[info] Starting the contract generator (automatic trigger). There are currently 0 police online (3 is required for isImportant classes to generate).
[script:rahe-boosting] [info] The contract generator stopped as there are no players in the queue.
[script:rahe-boosting] [info] Starting the contract generator (automatic trigger). There are currently 0 police online (3 is required for isImportant classes to generate).
[script:rahe-boosting] [info] The contract generator stopped as there are no players in the queue.
[script:rahe-boosting] [info] Starting the contract generator (automatic trigger). There are currently 0 police online (3 is required for isImportant classes to generate).
[script:rahe-boosting] [info] The contract generator stopped as there are no players in the queue.
[script:rahe-boosting] [info] Starting the contract generator (automatic trigger). There are currently 0 police online (3 is required for isImportant classes to generate).
[script:rahe-boosting] [info] The contract generator stopped as there are no players in the queue.
[38;5;89m[script:rahe-boosting] [info] Starting the contract generator (automatic trigger). There are currently 0 police online (3 is required for isImportant classes to generate).
[script:rahe-boosting] [info] The contract generator stopped as there are no players in the queue.
[script:rahe-boosting] [info] Starting the contract generator (automatic trigger). There are currently 0 police online (3 is required for isImportant classes to generate).
[script:rahe-boosting] [info] The contract generator stopped as there are no players in the queue.
[script:rahe-boosting] [info] Starting the contract generator (automatic trigger). There are currently 0 police online (3 is required for isImportant classes to generate).
[script:rahe-boosting] [info] The contract generator stopped as there are no players in the queue.
[script:rahe-boosting] [97m[info] Starting the contract generator (automatic trigger). There are currently 0 police online (3 is required for isImportant classes to generate).
[script:rahe-boosting] [info] The contract generator stopped as there are no players in the queue.
[script:rahe-boosting] [info] Starting the contract generator (automatic trigger). There are currently 0 police online (3 is required for isImportant classes to generate).
[script:rahe-boosting] [info] The contract generator stopped as there are no players in the queue.
[script:rahe-boosting] [info] Starting the contract generator (automatic trigger). There are currently 0 police online (3 is required for isImportant classes to generate).
[script:rahe-boosting] [info] The contract generator stopped as there are no players in the queue.
[script:rahe-boosting] [93m[info] Starting the contract generator (automatic trigger). There are currently 0 police online (3 is required for isImportant classes to generate).
[script:rahe-boosting] [info] The contract generator stopped as there are no players in the queue.
[script:rahe-boosting] [info] Starting the contract generator (automatic trigger). There are currently 0 police online (3 is required for isImportant classes to generate).
[script:rahe-boosting] [info] The contract generator stopped as there are no players in the queue.
[38;5;89m[script:rahe-boosting] [info] Starting the contract generator (automatic trigger). There are currently 0 police online (3 is required for isImportant classes to generate).
[script:rahe-boosting] [info] The contract generator stopped as there are no players in the queue.
[ citizen-server-impl] [97msync thread hitch warning: timer interval of 111 milliseconds
[ citizen-server-impl] sync thread hitch warning: timer interval of 103 milliseconds
[script:rahe-boosting] [97m[info] Starting the contract generator (automatic trigger). There are currently 0 police online (3 is required for isImportant classes to generate).
[script:rahe-boosting] [info] The contract generator stopped as there are no players in the queue.
[ citizen-server-impl] server thread hitch warning: timer interval of 155 milliseconds
[ citizen-server-impl] sync thread hitch warning: timer interval of 102 milliseconds
[ citizen-server-impl] server thread hitch warning: timer interval of 203 milliseconds
[ citizen-server-impl] server thread hitch warning: timer interval of 175 milliseconds
[script:rahe-boosting] [info] Starting the contract generator (automatic trigger). There are currently 0 police online (3 is required for isImportant classes to generate).
[script:rahe-boosting] [info] The contract generator stopped as there are no players in the queue.
[script:rahe-boosting] [info] Starting the contract generator (automatic trigger). There are currently 0 police online (3 is required for isImportant classes to generate).
[script:rahe-boosting] [info] The contract generator stopped as there are no players in the queue.
[script:rahe-boosting] [info] Starting the contract generator (automatic trigger). There are currently 0 police online (3 is required for isImportant classes to generate).
[script:rahe-boosting] [info] The contract generator stopped as there are no players in the queue.
[ citizen-server-impl] network thread hitch warning: timer interval of 195 milliseconds
[ citizen-server-impl] sync thread hitch warning: timer interval of 197 milliseconds
[ citizen-server-impl] server thread hitch warning: timer interval of 221 milliseconds
[script:rahe-boosting] [info] Starting the contract generator (automatic trigger). There are currently 0 police online (3 is required for isImportant classes to generate).
[script:rahe-boosting] [info] The contract generator stopped as there are no players in the queue.
[script:rahe-boosting] [0m[info] Starting the contract generator (automatic trigger). There are currently 0 police online (3 is required for isImportant classes to generate).
[script:rahe-boosting] [info] The contract generator stopped as there are no players in the queue.
[ citizen-server-impl] server thread hitch warning: timer interval of 157 milliseconds
[ citizen-server-impl] sync thread hitch warning: timer interval of 136 milliseconds
[script:rahe-boosting] [info] Starting the contract generator (automatic trigger). There are currently 0 police online (3 is required for isImportant classes to generate).
[script:rahe-boosting] [info] The contract generator stopped as there are no players in the queue.
[ citizen-server-impl] sync thread hitch warning: timer interval of 117 milliseconds
[ citizen-server-impl] sync thread hitch warning: timer interval of 136 milliseconds
[ citizen-server-impl] sync thread hitch warning: timer interval of 191 milliseconds
[ citizen-server-impl] network thread hitch warning: timer interval of 193 milliseconds
[ citizen-server-impl] server thread hitch warning: timer interval of 234 milliseconds
[ citizen-server-impl] sync thread hitch warning: timer interval of 192 milliseconds
[ citizen-server-impl] network thread hitch warning: timer interval of 199 milliseconds
[ citizen-server-impl] server thread hitch warning: timer interval of 209 milliseconds
[ citizen-server-impl] sync thread hitch warning: timer interval of 117 milliseconds
[ citizen-server-impl] sync thread hitch warning: timer interval of 175 milliseconds
[ citizen-server-impl] network thread hitch warning: timer interval of 175 milliseconds
[ citizen-server-impl] server thread hitch warning: timer interval of 176 milliseconds
[ citizen-server-impl] sync thread hitch warning: timer interval of 119 milliseconds
[ citizen-server-impl] server thread hitch warning: timer interval of 159 milliseconds
[ citizen-server-impl] sync thread hitch warning: timer interval of 131 milliseconds
[ citizen-server-impl] sync thread hitch warning: timer interval of 113 milliseconds
[script:rahe-boosting] [info] Starting the contract generator (automatic trigger). There are currently 0 police online (3 is required for isImportant classes to generate).
[script:rahe-boosting] [info] The contract generator stopped as there are no players in the queue.
[ citizen-server-impl] sync thread hitch warning: timer interval of 111 milliseconds
[script:rahe-boosting] [info] Starting the contract generator (automatic trigger). There are currently 0 police online (3 is required for isImportant classes to generate).
[script:rahe-boosting] [info] The contract generator stopped as there are no players in the queue.
[script:rahe-boosting] [info] Starting the contract generator (automatic trigger). There are currently 0 police online (3 is required for isImportant classes to generate).
[script:rahe-boosting] [info] The contract generator stopped as there are no players in the queue.
[script:rahe-boosting] [97m[info] Starting the contract generator (automatic trigger). There are currently 0 police online (3 is required for isImportant classes to generate).
[script:rahe-boosting] [info] The contract generator stopped as there are no players in the queue.
[ citizen-server-impl] sync thread hitch warning: timer interval of 118 milliseconds
[script:rahe-boosting] [info] Starting the contract generator (automatic trigger). There are currently 0 police online (3 is required for isImportant classes to generate).
[script:rahe-boosting] [info] The contract generator stopped as there are no players in the queue.
[script:rahe-boosting] [info] Starting the contract generator (automatic trigger). There are currently 0 police online (3 is required for isImportant classes to generate).
[script:rahe-boosting] [info] The contract generator stopped as there are no players in the queue.
[ citizen-server-impl] sync thread hitch warning: timer interval of 109 milliseconds
[script:rahe-boosting] [97m[info] Starting the contract generator (automatic trigger). There are currently 0 police online (3 is required for isImportant classes to generate).
[script:rahe-boosting] [info] The contract generator stopped as there are no players in the queue.
[ citizen-server-impl] sync thread hitch warning: timer interval of 130 milliseconds
[38;5;89m[script:rahe-boosting] [info] Starting the contract generator (automatic trigger). There are currently 0 police online (3 is required for isImportant classes to generate).
[script:rahe-boosting] [info] The contract generator stopped as there are no players in the queue.
[38;5;89m[script:rahe-boosting] [info] Starting the contract generator (automatic trigger). There are currently 0 police online (3 is required for isImportant classes to generate).
[script:rahe-boosting] [info] The contract generator stopped as there are no players in the queue.
[script:rahe-boosting] [info] Starting the contract generator (automatic trigger). There are currently 0 police online (3 is required for isImportant classes to generate).
[script:rahe-boosting] [info] The contract generator stopped as there are no players in the queue.
[script:rahe-boosting] [info] Starting the contract generator (automatic trigger). There are currently 0 police online (3 is required for isImportant classes to generate).
[script:rahe-boosting] [info] The contract generator stopped as there are no players in the queue.
[script:rahe-boosting] [info] Starting the contract generator (automatic trigger). There are currently 0 police online (3 is required for isImportant classes to generate).
[script:rahe-boosting] [info] The contract generator stopped as there are no players in the queue.
[38;5;73m[ citizen-server-impl] sync thread hitch warning: timer interval of 102 milliseconds
[ citizen-server-impl] server thread hitch warning: timer interval of 156 milliseconds
[ citizen-server-impl] sync thread hitch warning: timer interval of 132 milliseconds
[script:rahe-boosting] [info] Starting the contract generator (automatic trigger). There are currently 0 police online (3 is required for isImportant classes to generate).
[script:rahe-boosting] [info] The contract generator stopped as there are no players in the queue.
[38;5;73m[ citizen-server-impl] sync thread hitch warning: timer interval of 106 milliseconds
[ citizen-server-impl] sync thread hitch warning: timer interval of 106 milliseconds
[script:rahe-boosting] [info] Starting the contract generator (automatic trigger). There are currently 0 police online (3 is required for isImportant classes to generate).
[script:rahe-boosting] [info] The contract generator stopped as there are no players in the queue.
[ citizen-server-impl] sync thread hitch warning: timer interval of 124 milliseconds
[ citizen-server-impl] server thread hitch warning: timer interval of 163 milliseconds
[script:rahe-boosting] [97m[info] Starting the contract generator (automatic trigger). There are currently 0 police online (3 is required for isImportant classes to generate).
[script:rahe-boosting] [info] The contract generator stopped as there are no players in the queue.
[ citizen-server-impl] sync thread hitch warning: timer interval of 105 milliseconds
[script:rahe-boosting] [93m[info] Starting the contract generator (automatic trigger). There are currently 0 police online (3 is required for isImportant classes to generate).
[script:rahe-boosting] [info] The contract generator stopped as there are no players in the queue.
[ citizen-server-impl] sync thread hitch warning: timer interval of 119 milliseconds
[ citizen-server-impl] server thread hitch warning: timer interval of 161 milliseconds
[ citizen-server-impl] sync thread hitch warning: timer interval of 139 milliseconds
[ citizen-server-impl] sync thread hitch warning: timer interval of 125 milliseconds
[script:rahe-boosting] [info] Starting the contract generator (automatic trigger). There are currently 0 police online (3 is required for isImportant classes to generate).
[script:rahe-boosting] [info] The contract generator stopped as there are no players in the queue.
[script:rahe-boosting] [info] Starting the contract generator (automatic trigger). There are currently 0 police online (3 is required for isImportant classes to generate).
[script:rahe-boosting] [info] The contract generator stopped as there are no players in the queue.
[script:rahe-boosting] [info] Starting the contract generator (automatic trigger). There are currently 0 police online (3 is required for isImportant classes to generate).
[script:rahe-boosting] [info] The contract generator stopped as there are no players in the queue.
[38;5;73m[ citizen-server-impl] sync thread hitch warning: timer interval of 101 milliseconds
[script:rahe-boosting] [info] Starting the contract generator (automatic trigger). There are currently 0 police online (3 is required for isImportant classes to generate).
[script:rahe-boosting] [info] The contract generator stopped as there are no players in the queue.
[ citizen-server-impl] sync thread hitch warning: timer interval of 102 milliseconds
[ citizen-server-impl] sync thread hitch warning: timer interval of 109 milliseconds
[ citizen-server-impl] network thread hitch warning: timer interval of 158 milliseconds
[ citizen-server-impl] sync thread hitch warning: timer interval of 163 milliseconds
[ citizen-server-impl] server thread hitch warning: timer interval of 178 milliseconds
[script:rahe-boosting] [info] Starting the contract generator (automatic trigger). There are currently 0 police online (3 is required for isImportant classes to generate).
[script:rahe-boosting] [info] The contract generator stopped as there are no players in the queue.
[ citizen-server-impl] sync thread hitch warning: timer interval of 116 milliseconds
[script:rahe-boosting] [info] Starting the contract generator (automatic trigger). There are currently 0 police online (3 is required for isImportant classes to generate).
[script:rahe-boosting] [info] The contract generator stopped as there are no players in the queue.
[script:rahe-boosting] [0m[info] Starting the contract generator (automatic trigger). There are currently 0 police online (3 is required for isImportant classes to generate).
[script:rahe-boosting] [info] The contract generator stopped as there are no players in the queue.
[ citizen-server-impl] network thread hitch warning: timer interval of 152 milliseconds
[ citizen-server-impl] sync thread hitch warning: timer interval of 163 milliseconds
[ citizen-server-impl] server thread hitch warning: timer interval of 206 milliseconds
[script:rahe-boosting] [info] Starting the contract generator (automatic trigger). There are currently 0 police online (3 is required for isImportant classes to generate).
[script:rahe-boosting] [info] The contract generator stopped as there are no players in the queue.
[ citizen-server-impl] sync thread hitch warning: timer interval of 130 milliseconds
[script:rahe-boosting] [info] Starting the contract generator (automatic trigger). There are currently 0 police online (3 is required for isImportant classes to generate).
[script:rahe-boosting] [info] The contract generator stopped as there are no players in the queue.
[script:rahe-boosting] [info] Starting the contract generator (automatic trigger). There are currently 0 police online (3 is required for isImportant classes to generate).
[script:rahe-boosting] [info] The contract generator stopped as there are no players in the queue.
[script:rahe-boosting] [info] Starting the contract generator (automatic trigger). There are currently 0 police online (3 is required for isImportant classes to generate).
[script:rahe-boosting] [info] The contract generator stopped as there are no players in the queue.
[38;5;73m[ citizen-server-impl] sync thread hitch warning: timer interval of 113 milliseconds
[ citizen-server-impl] sync thread hitch warning: timer interval of 102 milliseconds
[script:rahe-boosting] [info] Starting the contract generator (automatic trigger). There are currently 0 police online (3 is required for isImportant classes to generate).
[script:rahe-boosting] [info] The contract generator stopped as there are no players in the queue.
[script:rahe-boosting] [97m[info] Starting the contract generator (automatic trigger). There are currently 0 police online (3 is required for isImportant classes to generate).
[script:rahe-boosting] [info] The contract generator stopped as there are no players in the queue.
[ citizen-server-impl] sync thread hitch warning: timer interval of 101 milliseconds
[ citizen-server-impl] sync thread hitch warning: timer interval of 132 milliseconds
[38;5;89m[script:rahe-boosting] [info] Starting the contract generator (automatic trigger). There are currently 0 police online (3 is required for isImportant classes to generate).
[script:rahe-boosting] [info] The contract generator stopped as there are no players in the queue.
[ citizen-server-impl] sync thread hitch warning: timer interval of 142 milliseconds
[script:rahe-boosting] [0m[info] Starting the contract generator (automatic trigger). There are currently 0 police online (3 is required for isImportant classes to generate).
[script:rahe-boosting] [info] The contract generator stopped as there are no players in the queue.
[ citizen-server-impl] network thread hitch warning: timer interval of 179 milliseconds
[ citizen-server-impl] sync thread hitch warning: timer interval of 175 milliseconds
[ citizen-server-impl] server thread hitch warning: timer interval of 211 milliseconds
[ citizen-server-impl] sync thread hitch warning: timer interval of 153 milliseconds
[ citizen-server-impl] network thread hitch warning: timer interval of 155 milliseconds
[ citizen-server-impl] server thread hitch warning: timer interval of 186 milliseconds
[ citizen-server-impl] sync thread hitch warning: timer interval of 102 milliseconds
[script:rahe-boosting] [info] Starting the contract generator (automatic trigger). There are currently 0 police online (3 is required for isImportant classes to generate).
[script:rahe-boosting] [info] The contract generator stopped as there are no players in the queue.
[ citizen-server-impl] sync thread hitch warning: timer interval of 102 milliseconds
[ citizen-server-impl] sync thread hitch warning: timer interval of 124 milliseconds
[ citizen-server-impl] server thread hitch warning: timer interval of 176 milliseconds
[script:rahe-boosting] [info] Starting the contract generator (automatic trigger). There are currently 0 police online (3 is required for isImportant classes to generate).
[script:rahe-boosting] [info] The contract generator stopped as there are no players in the queue.
[ citizen-server-impl] sync thread hitch warning: timer interval of 138 milliseconds
[ citizen-server-impl] sync thread hitch warning: timer interval of 124 milliseconds
[ citizen-server-impl] server thread hitch warning: timer interval of 218 milliseconds
[ citizen-server-impl] sync thread hitch warning: timer interval of 173 milliseconds
[ citizen-server-impl] network thread hitch warning: timer interval of 174 milliseconds
[38;5;89m[script:rahe-boosting] [info] Starting the contract generator (automatic trigger). There are currently 0 police online (3 is required for isImportant classes to generate).
[script:rahe-boosting] [info] The contract generator stopped as there are no players in the queue.
[ citizen-server-impl] sync thread hitch warning: timer interval of 103 milliseconds
[38;5;89m[script:rahe-boosting] [info] Starting the contract generator (automatic trigger). There are currently 0 police online (3 is required for isImportant classes to generate).
[script:rahe-boosting] [info] The contract generator stopped as there are no players in the queue.
[ citizen-server-impl] sync thread hitch warning: timer interval of 104 milliseconds
[38;5;89m[script:rahe-boosting] [info] Starting the contract generator (automatic trigger). There are currently 0 police online (3 is required for isImportant classes to generate).
[script:rahe-boosting] [info] The contract generator stopped as there are no players in the queue.
[ citizen-server-impl] server thread hitch warning: timer interval of 189 milliseconds
[ citizen-server-impl] network thread hitch warning: timer interval of 161 milliseconds
[ citizen-server-impl] sync thread hitch warning: timer interval of 167 milliseconds
[script:rahe-boosting] [info] Starting the contract generator (automatic trigger). There are currently 0 police online (3 is required for isImportant classes to generate).
[script:rahe-boosting] [info] The contract generator stopped as there are no players in the queue.
[38;5;73m[ citizen-server-impl] sync thread hitch warning: timer interval of 104 milliseconds
[ citizen-server-impl] sync thread hitch warning: timer interval of 112 milliseconds
[ citizen-server-impl] sync thread hitch warning: timer interval of 134 milliseconds
[ citizen-server-impl] sync thread hitch warning: timer interval of 104 milliseconds
[ citizen-server-impl] sync thread hitch warning: timer interval of 106 milliseconds
[script:rahe-boosting] [info] Starting the contract generator (automatic trigger). There are currently 0 police online (3 is required for isImportant classes to generate).
[script:rahe-boosting] [info] The contract generator stopped as there are no players in the queue.
[ citizen-server-impl] sync thread hitch warning: timer interval of 108 milliseconds
[38;5;89m[script:rahe-boosting] [info][97m Starting the contract generator (automatic trigger). There are currently 0 police online (3 is required for isImportant classes to generate).
[script:rahe-boosting] [info] The contract generator stopped as there are no players in the queue.
[ citizen-server-impl] sync thread hitch warning: timer interval of 101 milliseconds
[ citizen-server-impl] sync thread hitch warning: timer interval of 107 milliseconds
[ citizen-server-impl] sync thread hitch warning: timer interval of 135 milliseconds
[38;5;73m[ citizen-server-impl] sync thread hitch warning: timer interval of 119 milliseconds
[38;5;73m[ citizen-server-impl] sync thread hitch warning: timer interval of 111 milliseconds
[ citizen-server-impl] sync thread hitch warning: timer interval of 104 milliseconds
[38;5;73m[ citizen-server-impl] sync thread hitch warning: timer interval of 103 milliseconds
[script:rahe-boosting] [info] Starting the contract generator (automatic trigger). There are currently 0 police online (3 is required for isImportant classes to generate).
[script:rahe-boosting] [info] The contract generator stopped as there are no players in the queue.
[ citizen-server-impl] network thread hitch warning: timer interval of 154 milliseconds
[ citizen-server-impl] sync thread hitch warning: timer interval of 155 milliseconds
[ citizen-server-impl] server thread hitch warning: timer interval of 186 milliseconds
[script:rahe-boosting] [93m[info] Starting the contract generator (automatic trigger). There are currently 0 police online (3 is required for isImportant classes to generate).
[script:rahe-boosting] [info] The contract generator stopped as there are no players in the queue.
[ citizen-server-impl] server thread hitch warning: timer interval of 166 milliseconds
[ citizen-server-impl] sync thread hitch warning: timer interval of 122 milliseconds
[ citizen-server-impl] sync thread hitch warning: timer interval of 140 milliseconds
[ citizen-server-impl] server thread hitch warning: timer interval of 157 milliseconds
[ citizen-server-impl] sync thread hitch warning: timer interval of 101 milliseconds
[script:rahe-boosting] [info] Starting the contract generator (automatic trigger). There are currently 0 police online (3 is required for isImportant classes to generate).
[script:rahe-boosting] [info] The contract generator stopped as there are no players in the queue.
[ citizen-server-impl] sync thread hitch warning: timer interval of 141 milliseconds
[ citizen-server-impl] sync thread hitch warning: timer interval of 143 milliseconds
[ citizen-server-impl] server thread hitch warning: timer interval of 161 milliseconds
[script:rahe-boosting] [info] Starting the contract generator (automatic trigger). There are currently 0 police online (3 is required for isImportant classes to generate).
[script:rahe-boosting] [info] The contract generator stopped as there are no players in the queue.
[ citizen-server-impl] network thread hitch warning: timer interval of 177 milliseconds
[ citizen-server-impl] sync thread hitch warning: timer interval of 179 milliseconds
[ citizen-server-impl] server thread hitch warning: timer interval of 203 milliseconds
[script:rahe-boosting] [info] Starting the contract generator (automatic trigger). There are currently 0 police online (3 is required for isImportant classes to generate).
[script:rahe-boosting] [info] The contract generator stopped as there are no players in the queue.
[script:rahe-boosting] [info][97m Starting the contract generator (automatic trigger). There are currently 0 police online (3 is required for isImportant classes to generate).
[script:rahe-boosting] [info] The contract generator stopped as there are no players in the queue.
[script:rahe-boosting] [info] Starting the contract generator (automatic trigger). There are currently 0 police online (3 is required for isImportant classes to generate).
[38;5;89m[script:rahe-boosting] [info] The contract generator stopped as there are no players in the queue.
[ citizen-server-impl] sync thread hitch warning: timer interval of 102 milliseconds
[script:rahe-boosting] [info] Starting the contract generator (automatic trigger). There are currently 0 police online (3 is required for isImportant classes to generate).
[script:rahe-boosting] [info] The contract generator stopped as there are no players in the queue.
[script:rahe-boosting] [info] Starting the contract generator (automatic trigger). There are currently 0 police online (3 is required for isImportant classes to generate).
[script:rahe-boosting] [info] The contract generator stopped as there are no players in the queue.
[script:rahe-boosting] [info] Starting the contract generator (automatic trigger). There are currently 0 police online (3 is required for isImportant classes to generate).
[script:rahe-boosting] [info] The contract generator stopped as there are no players in the queue.
[38;5;73m[ citizen-server-impl] sync thread hitch warning: timer interval of 126 milliseconds
[script:rahe-boosting] [info] Starting the contract generator (automatic trigger). There are currently 0 police online (3 is required for isImportant classes to generate).
[script:rahe-boosting] [info] The contract generator stopped as there are no players in the queue.
[ citizen-server-impl] sync thread hitch warning: timer interval of 104 milliseconds
[ citizen-server-impl] sync thread hitch warning: timer interval of 131 milliseconds
[ citizen-server-impl] server thread hitch warning: timer interval of 152 milliseconds
[script:rahe-boosting] [93m[info] Starting the contract generator (automatic trigger). There are currently 0 police online (3 is required for isImportant classes to generate).
[script:rahe-boosting] [info] The contract generator stopped as there are no players in the queue.
[script:rahe-boosting] [info] Starting the contract generator (automatic trigger). There are currently 0 police online (3 is required for isImportant classes to generate).
[script:rahe-boosting] [info] The contract generator stopped as there are no players in the queue.
[script:rahe-boosting] [info] Starting the contract generator (automatic trigger). There are currently 0 police online (3 is required for isImportant classes to generate).
[script:rahe-boosting] [info] The contract generator stopped as there are no players in the queue.
[script:rahe-boosting] [info] Starting the contract generator (automatic trigger). There are currently 0 police online (3 is required for isImportant classes to generate).
[script:rahe-boosting] [info] The contract generator stopped as there are no players in the queue.
[script:rahe-boosting] [info] Starting the contract generator (automatic trigger). There are currently 0 police online (3 is required for isImportant classes to generate).
[script:rahe-boosting] [info] The contract generator stopped as there are no players in the queue.
[script:rahe-boosting] [info] Starting the contract generator (automatic trigger). There are currently 0 police online (3 is required for isImportant classes to generate).
[script:rahe-boosting] [info] The contract generator stopped as there are no players in the queue.
