
================================================================
======== Log Rotated - 3/28/2024, 12:00:00 AM                   
================================================================
[4:48:37 AM] [p6pxQ#1] missberrymedley: joined with identifiers [steam:11000010cab8d07; license:7a3a5bfb5af789cb5f02843e29cc4ee338b0a294; xbl:2535413783067581; live:1688853905214434; discord:461174423903535107; fivem:1697557; license2:ec1926a90f33d1955abd2276f36a7c3ed4c51a23]
[5:31:00 AM] txAdmin: ((Broadcast) txAdmin): said "This server is scheduled to restart in 30 minutes."
[5:45:00 AM] txAdmin: ((Broadcast) txAdmin): said "This server is scheduled to restart in 15 minutes."
[5:49:51 AM] [p6pxQ#2] marcusblackwell7: joined with identifiers [steam:110000154d96125; license:b90a0574761cd349c5a4e1d6372c3ba96f26a074; discord:667904617446768652; fivem:7859917; license2:b90a0574761cd349c5a4e1d6372c3ba96f26a074]
[5:50:01 AM] txAdmin: ((Broadcast) txAdmin): said "This server is scheduled to restart in 10 minutes."
[5:55:00 AM] txAdmin: ((Broadcast) txAdmin): said "This server is scheduled to restart in 5 minutes."
[5:56:01 AM] txAdmin: ((Broadcast) txAdmin): said "This server is scheduled to restart in 4 minutes."
[5:57:01 AM] txAdmin: ((Broadcast) txAdmin): said "This server is scheduled to restart in 3 minutes."
[5:58:01 AM] txAdmin: ((Broadcast) txAdmin): said "This server is scheduled to restart in 2 minutes."
[5:59:01 AM] txAdmin: ((Broadcast) txAdmin): said "This server is scheduled to restart in 1 minute. Please disconnect now."
[5:59:08 AM] [p6pxQ#1] missberrymedley: disconnected (Exiting)
[5:59:12 AM] [p6pxQ#2] marcusblackwell7: disconnected (Exiting)
[6:00:33 AM] txAdmin: Logger started
[6:01:24 AM] [U7NNk#1] missberrymedley: joined with identifiers [steam:11000010cab8d07; license:7a3a5bfb5af789cb5f02843e29cc4ee338b0a294; xbl:2535413783067581; live:1688853905214434; discord:461174423903535107; fivem:1697557; license2:ec1926a90f33d1955abd2276f36a7c3ed4c51a23]
[6:02:33 AM] [U7NNk#2] marcusblackwell7: joined with identifiers [steam:110000154d96125; license:b90a0574761cd349c5a4e1d6372c3ba96f26a074; discord:667904617446768652; fivem:7859917; license2:b90a0574761cd349c5a4e1d6372c3ba96f26a074]
[6:13:37 AM] [U7NNk#1] missberrymedley: said "/hideHUD"
[6:18:27 AM] [U7NNk#1] missberrymedley: said "/hideHUD"
[6:23:59 AM] [U7NNk#3] BotOnMnK: joined with identifiers [steam:11000014df460ff; license:06a61b4c40fc28c0a6e0a709ba99ffb637152b33; xbl:2535406023679221; live:1055518462074046; discord:1043623556015194112; fivem:9907274; license2:06a61b4c40fc28c0a6e0a709ba99ffb637152b33]
[6:28:05 AM] [U7NNk#4] φοῖνιξ: joined with identifiers [steam:11000010ee88c01; license:ee681c08d9d45c48bf5af06870d7d23d75db16dc; xbl:2535430200613003; live:985158121988759; discord:305372052683096065; fivem:10488223; license2:ee681c08d9d45c48bf5af06870d7d23d75db16dc]
[6:39:33 AM] [U7NNk#5] Le Bos: joined with identifiers [steam:110000111baa8b1; license:bda6f9cde356d6126cea9acd106016efdadb020c; discord:470171465388392468; license2:fd54cebafe46049548f218abfec15693031d634f]
[6:47:15 AM] [U7NNk#6] MJL: joined with identifiers [steam:1100001324fa523; license:ec6c328d6d02f816bf13e4a9d09768c02d6e3125; xbl:2535415531070562; live:1055522508602522; discord:213410953641852928; fivem:2586828]
[6:49:31 AM] [U7NNk#6] MJL: said "/hideHUD"
[6:49:38 AM] [U7NNk#6] MJL: said "/hideHUD"
[6:49:39 AM] [U7NNk#6] MJL: said "/hideHUD"
[6:49:41 AM] [U7NNk#6] MJL: said "/hideHUD"
[6:49:42 AM] [U7NNk#6] MJL: said "/hideHUD"
[6:49:44 AM] [U7NNk#6] MJL: said "/hideHUD"
[6:49:44 AM] [U7NNk#6] MJL: said "/hideHUD"
[6:49:46 AM] [U7NNk#6] MJL: said "/hideHUD"
[6:49:47 AM] [U7NNk#6] MJL: said "/hideHUD"
[6:49:50 AM] [U7NNk#6] MJL: said "/hideHUD"
[6:50:05 AM] [U7NNk#6] MJL: said "/hideHUD"
[6:54:41 AM] [U7NNk#6] MJL: said "/exithouse"
[6:54:41 AM] [U7NNk#6] MJL: said "/enterhouse"
[6:56:53 AM] [U7NNk#7] Anne Flank: joined with identifiers [steam:1100001097e125b; license:a938a74170975c01e88f463aea01684a16f28545; xbl:2535409246266710; live:1899947325711585; discord:293157047682465793; license2:9eb41e0279fe15e33ff86440bafc2105d3b78f01]
[7:06:09 AM] [U7NNk#8] Mr.Green: joined with identifiers [steam:110000117f12b1a; license:8cb9f8548eb4c7764c77849cfa2ff397ec016f08; xbl:2535433922801834; live:985153858977618; discord:322443072233537556; fivem:10498222; license2:6dd94f8afb9d56223c4c530061c5ab1316c72c1c]
[7:15:56 AM] [U7NNk#5] Le Bos: disconnected (Exiting)
[7:16:39 AM] [U7NNk#9] Le Bos: joined with identifiers [steam:110000111baa8b1; license:bda6f9cde356d6126cea9acd106016efdadb020c; discord:470171465388392468; license2:fd54cebafe46049548f218abfec15693031d634f]
[7:23:12 AM] [U7NNk#9] Le Bos: disconnected (Exiting)
[7:24:30 AM] [U7NNk#4] φοῖνιξ: said "/hideHUD"
[7:42:37 AM] [U7NNk#2] marcusblackwell7: disconnected (Game crashed: RAGE error: ERR_STR_INFO_2)
[7:43:11 AM] [U7NNk#10] marcusblackwell7: joined with identifiers [steam:110000154d96125; license:b90a0574761cd349c5a4e1d6372c3ba96f26a074; discord:667904617446768652; fivem:7859917; license2:b90a0574761cd349c5a4e1d6372c3ba96f26a074]
[7:44:33 AM] [U7NNk#3] BotOnMnK: said "/hideHUD"
[7:44:46 AM] [U7NNk#3] BotOnMnK: disconnected (Exiting)
[7:46:08 AM] [U7NNk#8] Mr.Green: disconnected (Game crashed: 0x0)
[7:47:42 AM] [U7NNk#11] Mr.Green: joined with identifiers [steam:110000117f12b1a; license:8cb9f8548eb4c7764c77849cfa2ff397ec016f08; xbl:2535433922801834; live:985153858977618; discord:322443072233537556; fivem:10498222; license2:6dd94f8afb9d56223c4c530061c5ab1316c72c1c]
[8:07:35 AM] [U7NNk#4] φοῖνιξ: died from Musket by Anne Flank
[8:24:45 AM] [U7NNk#12] JOSH: joined with identifiers [steam:1100001438fe567; license:b6284c20b4ad2c41c48d4a31859b65ae2a417ec8; discord:405075418769522708; fivem:12124231; license2:b6284c20b4ad2c41c48d4a31859b65ae2a417ec8]
[8:28:00 AM] [U7NNk#12] JOSH: said "/hideHUD"
[8:35:03 AM] [U7NNk#13] marcusblackwell7: joined with identifiers [steam:110000154d96125; license:b90a0574761cd349c5a4e1d6372c3ba96f26a074; discord:667904617446768652; fivem:7859917; license2:b90a0574761cd349c5a4e1d6372c3ba96f26a074]
[8:35:04 AM] [U7NNk#10] marcusblackwell7: disconnected (Duplicate licenses detected: b90a0574761cd349c5a4e1d6372c3ba96f26a074)
[8:38:35 AM] [U7NNk#12] JOSH: said "/th"
[8:54:07 AM] [U7NNk#12] JOSH: said "/th"
[8:54:08 AM] [U7NNk#12] JOSH: said "/th"
[8:54:08 AM] [U7NNk#12] JOSH: said "/th"
[8:55:38 AM] [U7NNk#6] MJL: died from suicide
[8:59:54 AM] [U7NNk#13] marcusblackwell7: said "//rob"
[9:00:03 AM] [U7NNk#12] JOSH: said "/hideHUD"
[9:00:05 AM] [U7NNk#13] marcusblackwell7: said "//rob"
[9:00:23 AM] [U7NNk#13] marcusblackwell7: said "//rob"
[9:00:24 AM] [U7NNk#13] marcusblackwell7: said "//rob"
[9:00:24 AM] [U7NNk#13] marcusblackwell7: said "//rob"
[9:00:24 AM] [U7NNk#13] marcusblackwell7: said "//rob"
[9:00:24 AM] [U7NNk#13] marcusblackwell7: said "//rob"
[9:00:24 AM] [U7NNk#13] marcusblackwell7: said "//rob"
[9:00:24 AM] [U7NNk#13] marcusblackwell7: said "//rob"
[9:00:25 AM] [U7NNk#13] marcusblackwell7: said "//rob"
[9:00:25 AM] [U7NNk#13] marcusblackwell7: said "//rob"
[9:00:32 AM] [U7NNk#13] marcusblackwell7: said "//e sunbathe"
[9:00:32 AM] [U7NNk#13] marcusblackwell7: said "//e sleep"
[9:00:32 AM] [U7NNk#13] marcusblackwell7: said "//e sunbathe"
[9:00:32 AM] [U7NNk#13] marcusblackwell7: said "//e sleep"
[9:00:33 AM] [U7NNk#13] marcusblackwell7: said "//e sunbathe"
[9:00:33 AM] [U7NNk#13] marcusblackwell7: said "//e sleep"
[9:00:33 AM] [U7NNk#13] marcusblackwell7: said "//e sunbathe"
[9:00:33 AM] [U7NNk#13] marcusblackwell7: said "//e sleep"
[9:00:34 AM] [U7NNk#14] BotOnMnK: joined with identifiers [steam:11000014df460ff; license:06a61b4c40fc28c0a6e0a709ba99ffb637152b33; xbl:2535406023679221; live:1055518462074046; discord:1043623556015194112; fivem:9907274; license2:06a61b4c40fc28c0a6e0a709ba99ffb637152b33]
[9:00:38 AM] [U7NNk#13] marcusblackwell7: said "//e sunbathe"
[9:00:38 AM] [U7NNk#13] marcusblackwell7: said "//e sleep"
[9:00:51 AM] [U7NNk#13] marcusblackwell7: said "/r"
[9:00:52 AM] [U7NNk#13] marcusblackwell7: said "/r"
[9:00:57 AM] [U7NNk#13] marcusblackwell7: said "/r"
[9:00:58 AM] [U7NNk#13] marcusblackwell7: said "/r"
[9:00:58 AM] [U7NNk#13] marcusblackwell7: said "/r"
[9:00:59 AM] [U7NNk#13] marcusblackwell7: said "/r"
[9:00:59 AM] [U7NNk#13] marcusblackwell7: said "/r"
[9:00:59 AM] [U7NNk#13] marcusblackwell7: said "/r"
[9:02:36 AM] [U7NNk#13] marcusblackwell7: died from Knife by JOSH
[9:03:46 AM] [U7NNk#12] JOSH: died from unknown by marcusblackwell7
[9:11:01 AM] [U7NNk#12] JOSH: said "/th"
[9:11:01 AM] [U7NNk#12] JOSH: said "/th"
[9:11:02 AM] [U7NNk#12] JOSH: said "/th"
[9:11:02 AM] [U7NNk#12] JOSH: said "/th"
[9:11:31 AM] [U7NNk#13] marcusblackwell7: disconnected (Exiting)
[9:16:17 AM] [U7NNk#12] JOSH: said "/th"
[9:20:09 AM] [U7NNk#12] JOSH: died from suicide (Pistol)
[9:22:55 AM] [U7NNk#6] MJL: disconnected (Exiting)
[9:24:26 AM] [U7NNk#12] JOSH: disconnected (Exiting)
[9:26:35 AM] [U7NNk#11] Mr.Green: disconnected (Exiting)
[9:31:48 AM] [U7NNk#1] missberrymedley: died from suicide (Falling)
[9:32:31 AM] [U7NNk#15] Le Bos: joined with identifiers [steam:110000111baa8b1; license:bda6f9cde356d6126cea9acd106016efdadb020c; discord:470171465388392468; license2:fd54cebafe46049548f218abfec15693031d634f]
[9:37:03 AM] [U7NNk#14] BotOnMnK: disconnected (Exiting)
[9:47:16 AM] [U7NNk#4] φοῖνιξ: disconnected (Game crashed: d3d11.dll!CContext::TID3D11DeviceContext_SetShaderResources_<1,4> (0x161))
[9:48:50 AM] [U7NNk#16] φοῖνιξ: joined with identifiers [steam:11000010ee88c01; license:ee681c08d9d45c48bf5af06870d7d23d75db16dc; xbl:2535430200613003; live:985158121988759; discord:305372052683096065; fivem:10488223; license2:ee681c08d9d45c48bf5af06870d7d23d75db16dc]
[9:56:35 AM] [U7NNk#15] Le Bos: died from suicide (Ranover by Vehicle)
[9:57:03 AM] [U7NNk#15] Le Bos: said "/respawn"
[10:00:45 AM] [U7NNk#17] MJL: joined with identifiers [steam:1100001324fa523; license:ec6c328d6d02f816bf13e4a9d09768c02d6e3125; xbl:2535415531070562; live:1055522508602522; discord:213410953641852928; fivem:2586828]
[10:02:24 AM] [U7NNk#17] MJL: said "/hideHUD"
[10:02:25 AM] [U7NNk#17] MJL: said "/hideHUD"
[10:02:27 AM] [U7NNk#17] MJL: said "/hideHUD"
[10:02:29 AM] [U7NNk#17] MJL: said "/hideHUD"
[10:02:31 AM] [U7NNk#17] MJL: said "/hideHUD"
[10:02:33 AM] [U7NNk#17] MJL: said "/hideHUD"
[10:02:35 AM] [U7NNk#17] MJL: said "/hideHUD"
[10:02:36 AM] [U7NNk#17] MJL: said "/hideHUD"
[10:02:38 AM] [U7NNk#17] MJL: said "/hideHUD"
[10:02:42 AM] [U7NNk#17] MJL: said "/hideHUD"
[10:02:45 AM] [U7NNk#17] MJL: said "/hideHUD"
[10:02:45 AM] [U7NNk#17] MJL: said "/hideHUD"
[10:02:54 AM] [U7NNk#17] MJL: said "/hideHUD"
[10:02:57 AM] [U7NNk#17] MJL: said "/hideHUD"
[10:03:20 AM] [U7NNk#17] MJL: said "/hideHUD"
[10:03:22 AM] [U7NNk#17] MJL: said "/hideHUD"
[10:03:24 AM] [U7NNk#17] MJL: said "/hideHUD"
[10:03:25 AM] [U7NNk#17] MJL: said "/hideHUD"
[10:03:29 AM] [U7NNk#17] MJL: said "/hideHUD"
[10:03:37 AM] [U7NNk#17] MJL: said "/hideHUD"
[10:03:39 AM] [U7NNk#17] MJL: said "/hideHUD"
[10:03:40 AM] [U7NNk#17] MJL: said "/hideHUD"
[10:03:43 AM] [U7NNk#17] MJL: said "/hideHUD"
[10:16:55 AM] [U7NNk#17] MJL: said "/exithouse"
[10:16:55 AM] [U7NNk#17] MJL: said "/enterhouse"
[10:19:24 AM] [U7NNk#18] BotOnMnK: joined with identifiers [steam:11000014df460ff; license:06a61b4c40fc28c0a6e0a709ba99ffb637152b33; xbl:2535406023679221; live:1055518462074046; discord:1043623556015194112; fivem:9907274; license2:06a61b4c40fc28c0a6e0a709ba99ffb637152b33]
[10:25:15 AM] [U7NNk#18] BotOnMnK: said "/hideHUD"
[10:25:19 AM] [U7NNk#18] BotOnMnK: disconnected (Exiting)
[10:25:56 AM] [U7NNk#17] MJL: said "/exithouse"
[10:25:56 AM] [U7NNk#17] MJL: said "/enterhouse"
[10:25:56 AM] [U7NNk#17] MJL: said "/exithouse"
[10:25:56 AM] [U7NNk#17] MJL: said "/enterhouse"
[10:27:26 AM] [U7NNk#17] MJL: said "/exithouse"
[10:27:26 AM] [U7NNk#17] MJL: said "/enterhouse"
[10:27:26 AM] [U7NNk#17] MJL: said "/exithouse"
[10:27:26 AM] [U7NNk#17] MJL: said "/enterhouse"
[10:27:27 AM] [U7NNk#17] MJL: said "/exithouse"
[10:27:27 AM] [U7NNk#17] MJL: said "/enterhouse"
[10:27:27 AM] [U7NNk#17] MJL: said "/exithouse"
[10:27:27 AM] [U7NNk#17] MJL: said "/enterhouse"
[10:29:18 AM] [U7NNk#17] MJL: said "/exithouse"
[10:29:18 AM] [U7NNk#17] MJL: said "/enterhouse"
[10:29:19 AM] [U7NNk#17] MJL: said "/exithouse"
[10:29:19 AM] [U7NNk#17] MJL: said "/enterhouse"
[10:29:29 AM] [U7NNk#17] MJL: said "/exithouse"
[10:29:29 AM] [U7NNk#17] MJL: said "/enterhouse"
[10:32:34 AM] [U7NNk#7] Anne Flank: said "/hideHUD"
[10:33:30 AM] [U7NNk#7] Anne Flank: disconnected (Exiting)
[10:34:06 AM] [U7NNk#16] φοῖνιξ: disconnected (Exiting)
[10:34:08 AM] [U7NNk#1] missberrymedley: disconnected (Exiting)
[10:37:23 AM] [U7NNk#17] MJL: said "/quiit"
[10:37:23 AM] [U7NNk#17] MJL: disconnected (Exiting)
[10:39:54 AM] [U7NNk#15] Le Bos: died from suicide (Drowned)
[10:49:23 AM] [U7NNk#15] Le Bos: disconnected (Disconnected.)
[10:50:20 AM] [U7NNk#19] Le Bos: joined with identifiers [steam:110000111baa8b1; license:bda6f9cde356d6126cea9acd106016efdadb020c; discord:470171465388392468; license2:fd54cebafe46049548f218abfec15693031d634f]
[10:57:33 AM] [U7NNk#19] Le Bos: disconnected (Disconnected.)
[11:07:06 AM] [U7NNk#20] missberrymedley: joined with identifiers [steam:11000010cab8d07; license:7a3a5bfb5af789cb5f02843e29cc4ee338b0a294; xbl:2535413783067581; live:1688853905214434; discord:461174423903535107; fivem:1697557; license2:ec1926a90f33d1955abd2276f36a7c3ed4c51a23]
[11:16:42 AM] [U7NNk#21] DaddyDizzle: joined with identifiers [steam:11000014bb53aeb; license:e0893217ab0d40d6a510bcbfe1c9441b4a208a2b; discord:584024523989581834; fivem:8961289; license2:e0893217ab0d40d6a510bcbfe1c9441b4a208a2b]
[11:18:30 AM] [U7NNk#21] DaddyDizzle: said "/fix]"
[11:18:32 AM] [U7NNk#21] DaddyDizzle: said "/fix]"
[11:56:55 AM] [U7NNk#22] Mr.Green: joined with identifiers [steam:110000117f12b1a; license:8cb9f8548eb4c7764c77849cfa2ff397ec016f08; xbl:2535433922801834; live:985153858977618; discord:322443072233537556; fivem:10498222; license2:6dd94f8afb9d56223c4c530061c5ab1316c72c1c]
[12:22:40 PM] [U7NNk#23] Jonsy: joined with identifiers [steam:1100001061df34c; license:4ef959bff3dd9ee23f0e44636df7c4980346b2a0; xbl:2533274884438722; live:1759221394091664; discord:199151645362356225; fivem:8148089; license2:4ef959bff3dd9ee23f0e44636df7c4980346b2a0]
[12:23:25 PM] [U7NNk#24] Esky: joined with identifiers [steam:110000131c93706; license:8dfbcb6dabf76f1c81aa91d421dc6c2ab1407ba6; xbl:2535436019694875; live:914798270695886; discord:350771731708772354; fivem:11993654; license2:8dfbcb6dabf76f1c81aa91d421dc6c2ab1407ba6]
[12:25:06 PM] [U7NNk#25] Anne Flank: joined with identifiers [steam:1100001097e125b; license:a938a74170975c01e88f463aea01684a16f28545; xbl:2535409246266710; live:1899947325711585; discord:293157047682465793; license2:9eb41e0279fe15e33ff86440bafc2105d3b78f01]
[12:34:12 PM] [U7NNk#22] Mr.Green: died from Musket by Anne Flank
[12:37:32 PM] [U7NNk#23] Jonsy: said "/hideHUD"
[12:38:09 PM] [U7NNk#23] Jonsy: said "/hideHUD"
[12:42:53 PM] [U7NNk#23] Jonsy: disconnected (Exiting)
[12:49:07 PM] [U7NNk#21] DaddyDizzle: said "/reviver"
[12:58:49 PM] [U7NNk#22] Mr.Green: disconnected (Game crashed: d3d11.dll!??$TID3D11DeviceContext_SetShaderResources_@$00$03@CContext@@SAXPEAUID3D11DeviceContext5@@IIPEBQEAUID3D11ShaderResourceView@@@Z (0x13e))
[12:59:48 PM] [U7NNk#26] Mr.Green: joined with identifiers [steam:110000117f12b1a; license:8cb9f8548eb4c7764c77849cfa2ff397ec016f08; xbl:2535433922801834; live:985153858977618; discord:322443072233537556; fivem:10498222; license2:6dd94f8afb9d56223c4c530061c5ab1316c72c1c]
[1:06:39 PM] [U7NNk#27] φοῖνιξ: joined with identifiers [steam:11000010ee88c01; license:ee681c08d9d45c48bf5af06870d7d23d75db16dc; xbl:2535430200613003; live:985158121988759; discord:305372052683096065; fivem:10488223; license2:ee681c08d9d45c48bf5af06870d7d23d75db16dc]
[1:13:52 PM] [U7NNk#26] Mr.Green: died from unknown by DaddyDizzle
[1:15:07 PM] [U7NNk#21] DaddyDizzle: caused an explosion (CAR)
[1:15:07 PM] [U7NNk#27] φοῖνιξ: died from Explosion by DaddyDizzle
[1:15:07 PM] [U7NNk#21] DaddyDizzle: died from suicide (Explosion)
[1:17:02 PM] [U7NNk#27] φοῖνιξ: died from unknown by DaddyDizzle
[1:17:31 PM] [U7NNk#27] φοῖνιξ: died from unknown by DaddyDizzle
[1:21:40 PM] [U7NNk#25] Anne Flank: said "/hideHUD"
[1:26:57 PM] [U7NNk#25] Anne Flank: disconnected (Exiting)
[1:30:10 PM] txAdmin: ((Broadcast) txAdmin): said "This server is scheduled to restart in 30 minutes."
[1:33:56 PM] [U7NNk#20] missberrymedley: died from suicide (Falling)
[1:34:02 PM] [U7NNk#21] DaddyDizzle: said "/revie"
[1:37:27 PM] [U7NNk#20] missberrymedley: died from suicide (Falling)
[1:45:10 PM] txAdmin: ((Broadcast) txAdmin): said "This server is scheduled to restart in 15 minutes."
[1:50:09 PM] txAdmin: ((Broadcast) txAdmin): said "This server is scheduled to restart in 10 minutes."
[1:54:13 PM] [U7NNk#27] φοῖνιξ: died from suicide (Falling)
[1:55:10 PM] txAdmin: ((Broadcast) txAdmin): said "This server is scheduled to restart in 5 minutes."
[1:56:09 PM] [U7NNk#27] φοῖνιξ: died from suicide (Falling)
[1:56:10 PM] txAdmin: ((Broadcast) txAdmin): said "This server is scheduled to restart in 4 minutes."
[1:56:15 PM] [U7NNk#27] φοῖνιξ: died from suicide
[1:57:10 PM] txAdmin: ((Broadcast) txAdmin): said "This server is scheduled to restart in 3 minutes."
[1:58:10 PM] txAdmin: ((Broadcast) txAdmin): said "This server is scheduled to restart in 2 minutes."
[1:58:24 PM] [U7NNk#21] DaddyDizzle: said "/hideHUD"
[1:58:24 PM] [U7NNk#20] missberrymedley: said "/hideHUD"
[1:58:30 PM] [U7NNk#27] φοῖνιξ: died from suicide
[1:58:32 PM] [U7NNk#20] missberrymedley: died from suicide (Falling)
[1:59:10 PM] txAdmin: ((Broadcast) txAdmin): said "This server is scheduled to restart in 1 minute. Please disconnect now."
[1:59:21 PM] [U7NNk#27] φοῖνιξ: disconnected (Exiting)
[1:59:26 PM] [U7NNk#20] missberrymedley: disconnected (Exiting)
[1:59:29 PM] [U7NNk#21] DaddyDizzle: disconnected (Exiting)
[2:00:10 PM] [U7NNk#24] Esky: disconnected ([txAdmin] Server restarting (scheduled restart at 14:00).)
[2:00:10 PM] [U7NNk#26] Mr.Green: disconnected ([txAdmin] Server restarting (scheduled restart at 14:00).)
[2:03:22 PM] txAdmin: Logger started
[2:04:12 PM] [hwDVw#1] Le Bos: joined with identifiers [steam:110000111baa8b1; license:bda6f9cde356d6126cea9acd106016efdadb020c; discord:470171465388392468; license2:fd54cebafe46049548f218abfec15693031d634f]
[2:05:07 PM] [hwDVw#2] missberrymedley: joined with identifiers [steam:11000010cab8d07; license:7a3a5bfb5af789cb5f02843e29cc4ee338b0a294; xbl:2535413783067581; live:1688853905214434; discord:461174423903535107; fivem:1697557; license2:ec1926a90f33d1955abd2276f36a7c3ed4c51a23]
[2:05:50 PM] [hwDVw#3] φοῖνιξ: joined with identifiers [steam:11000010ee88c01; license:ee681c08d9d45c48bf5af06870d7d23d75db16dc; xbl:2535430200613003; live:985158121988759; discord:305372052683096065; fivem:10488223; license2:ee681c08d9d45c48bf5af06870d7d23d75db16dc]
[2:08:51 PM] [hwDVw#4] Mr.Green: joined with identifiers [steam:110000117f12b1a; license:8cb9f8548eb4c7764c77849cfa2ff397ec016f08; xbl:2535433922801834; live:985153858977618; discord:322443072233537556; fivem:10498222; license2:6dd94f8afb9d56223c4c530061c5ab1316c72c1c]
[2:13:00 PM] [hwDVw#5] Kody Pepperfield: joined with identifiers [steam:11000010c770c55; license:3219d00ad3af143df0db5d2bed38fe7460729e68; xbl:2535451109437060; live:1055521765014399; discord:152991330048540672; fivem:12674089; license2:3e576e238fb0360dab034daae9fc7459afbacb59]
[2:19:45 PM] [hwDVw#6] MJL: joined with identifiers [steam:1100001324fa523; license:ec6c328d6d02f816bf13e4a9d09768c02d6e3125; xbl:2535415531070562; live:1055522508602522; discord:213410953641852928; fivem:2586828]
[2:20:01 PM] [hwDVw#7] DaddyDizzle: joined with identifiers [steam:11000014bb53aeb; license:e0893217ab0d40d6a510bcbfe1c9441b4a208a2b; discord:584024523989581834; fivem:8961289; license2:e0893217ab0d40d6a510bcbfe1c9441b4a208a2b]
[2:23:33 PM] [hwDVw#6] MJL: disconnected (Exiting)
[2:33:19 PM] [hwDVw#7] DaddyDizzle: said "/noclp"
[2:44:31 PM] [hwDVw#8] BotOnMnK: joined with identifiers [steam:11000014df460ff; license:06a61b4c40fc28c0a6e0a709ba99ffb637152b33; xbl:2535406023679221; live:1055518462074046; discord:1043623556015194112; fivem:9907274; license2:06a61b4c40fc28c0a6e0a709ba99ffb637152b33]
[2:46:50 PM] [hwDVw#1] Le Bos: disconnected (Server->client connection timed out. Last seen 30951 msec ago.)
[2:47:45 PM] [hwDVw#3] φοῖνιξ: disconnected (Exiting)
[2:50:16 PM] [hwDVw#5] Kody Pepperfield: died from unknown by DaddyDizzle
[2:50:22 PM] [hwDVw#7] DaddyDizzle: died from Pistol by BotOnMnK
[2:50:39 PM] [hwDVw#7] DaddyDizzle: died from suicide
[2:54:50 PM] [hwDVw#7] DaddyDizzle: said "fix"
[2:55:44 PM] [hwDVw#8] BotOnMnK: died from unknown by DaddyDizzle
[2:57:12 PM] [hwDVw#7] DaddyDizzle: died from unknown by Kody Pepperfield
[2:57:29 PM] [hwDVw#8] BotOnMnK: died from unknown by DaddyDizzle
[2:57:34 PM] [hwDVw#7] DaddyDizzle: died from unknown by Kody Pepperfield
[2:57:38 PM] [hwDVw#7] DaddyDizzle: died from unknown by Kody Pepperfield
[2:57:43 PM] [hwDVw#5] Kody Pepperfield: died from Fist by DaddyDizzle
[2:57:49 PM] [hwDVw#5] Kody Pepperfield: died from unknown by DaddyDizzle
[2:59:15 PM] [hwDVw#8] BotOnMnK: died from unknown by DaddyDizzle
[2:59:22 PM] [hwDVw#5] Kody Pepperfield: died from unknown by DaddyDizzle
[2:59:33 PM] [hwDVw#7] DaddyDizzle: died from unknown by Kody Pepperfield
[3:00:45 PM] [hwDVw#4] Mr.Green: died from Ranover by Vehicle by Kody Pepperfield
[3:03:29 PM] [hwDVw#2] missberrymedley: said "/senbill 8 5000"
[3:05:18 PM] [hwDVw#7] DaddyDizzle: said "/refrehskin"
[3:05:24 PM] [hwDVw#7] DaddyDizzle: said "/refrehskin"
[3:06:53 PM] [hwDVw#8] BotOnMnK: died from suicide (Falling)
[3:06:55 PM] [hwDVw#5] Kody Pepperfield: died from suicide (Falling)
[3:11:20 PM] [hwDVw#7] DaddyDizzle: said "/afmin"
[3:13:22 PM] [hwDVw#8] BotOnMnK: said "/hideHUD"
[3:25:21 PM] [hwDVw#7] DaddyDizzle: said "/rpm"
[3:30:40 PM] [hwDVw#4] Mr.Green: said "/hideHUD"
[3:40:16 PM] [hwDVw#2] missberrymedley: said "/hideHUD"
[3:52:51 PM] [hwDVw#5] Kody Pepperfield: disconnected (Exiting)
[3:53:53 PM] [hwDVw#7] DaddyDizzle: said "/admib"
[3:57:28 PM] [hwDVw#8] BotOnMnK: said "/hideHUD"
[3:57:31 PM] [hwDVw#7] DaddyDizzle: disconnected (Exiting)
[3:57:40 PM] [hwDVw#8] BotOnMnK: said "/hideHUD"
[3:57:51 PM] [hwDVw#8] BotOnMnK: disconnected (Exiting)
[3:59:53 PM] [hwDVw#9] RigssRP: joined with identifiers [steam:11000014abdebcf; license:0503ca95eab75210d3475b9e63fd6aa6028e6a91; xbl:2535446394392876; live:1055518940555852; discord:1103467626300199044; fivem:8351340; license2:2a20c64a2a1abb3e1653a5c89e5ac281f69f1eb9]
[4:08:04 PM] [hwDVw#9] RigssRP: said "/hideHUD"
[4:49:18 PM] [hwDVw#9] RigssRP: disconnected (Exiting)
[4:58:36 PM] [hwDVw#10] Kamakazi Gamdom: joined with identifiers [steam:11000010e87be4d; license:b27179133e8df658895ecd5f756db2a4a4c8cd08; xbl:2533275003431282; live:1829581607460581; discord:242888314108116992; fivem:11442758; license2:e1e3866f24a1a081ffd211b7c1805c667b695651]
[5:11:55 PM] [hwDVw#10] Kamakazi Gamdom: said "/admin\"
[5:12:36 PM] [hwDVw#10] Kamakazi Gamdom: said "/hideHUD"
[5:19:27 PM] [hwDVw#10] Kamakazi Gamdom: died from suicide (Falling)
[5:21:15 PM] [hwDVw#11] Doc Johnson: joined with identifiers [license:b4fc6bd4824a48a52d9d13e0465914bc593bae1a; xbl:2535410156961594; live:1055521933202735; discord:340245944220254210; fivem:11532384; license2:b4fc6bd4824a48a52d9d13e0465914bc593bae1a]
[5:21:25 PM] [hwDVw#10] Kamakazi Gamdom: said "/hideHUD"
[5:21:26 PM] [hwDVw#10] Kamakazi Gamdom: said "/hideHUD"
[5:21:27 PM] [hwDVw#10] Kamakazi Gamdom: said "/hideHUD"
[5:21:28 PM] [hwDVw#10] Kamakazi Gamdom: said "/hideHUD"
[5:21:29 PM] [hwDVw#10] Kamakazi Gamdom: said "/hideHUD"
[5:22:37 PM] [hwDVw#12] Kody Pepperfield: joined with identifiers [steam:11000010c770c55; license:3219d00ad3af143df0db5d2bed38fe7460729e68; xbl:2535451109437060; live:1055521765014399; discord:152991330048540672; fivem:12674089; license2:3e576e238fb0360dab034daae9fc7459afbacb59]
[5:23:26 PM] [hwDVw#10] Kamakazi Gamdom: said "/hideHUD"
[5:25:14 PM] [hwDVw#11] Doc Johnson: said "/emsmdt"
[5:25:36 PM] [hwDVw#10] Kamakazi Gamdom: died from unknown by Kody Pepperfield
[5:31:27 PM] [hwDVw#11] Doc Johnson: disconnected (Exiting)
[5:31:47 PM] [hwDVw#4] Mr.Green: died from Assault Rifle by Kamakazi Gamdom
[5:31:55 PM] [hwDVw#4] Mr.Green: died from Assault Rifle by Kamakazi Gamdom
[5:43:25 PM] [hwDVw#4] Mr.Green: disconnected (Game crashed: RAGE error: ERR_MEM_MULTIALLOC_FREE)
[5:44:23 PM] [hwDVw#10] Kamakazi Gamdom: said "/nopclip"
[5:44:28 PM] [hwDVw#13] Mr.Green: joined with identifiers [steam:110000117f12b1a; license:8cb9f8548eb4c7764c77849cfa2ff397ec016f08; xbl:2535433922801834; live:985153858977618; discord:322443072233537556; fivem:10498222; license2:6dd94f8afb9d56223c4c530061c5ab1316c72c1c]
[5:47:22 PM] [hwDVw#12] Kody Pepperfield: died from Heavy Pistol by Kamakazi Gamdom
[5:48:19 PM] [hwDVw#10] Kamakazi Gamdom: said "/hideHUD"
[5:49:07 PM] [hwDVw#10] Kamakazi Gamdom: died from unknown by Kody Pepperfield
[5:49:12 PM] [hwDVw#10] Kamakazi Gamdom: said "/godmode"
[5:49:17 PM] [hwDVw#12] Kody Pepperfield: died from Assault Rifle by Kamakazi Gamdom
[5:49:24 PM] [hwDVw#10] Kamakazi Gamdom: said "/reviv"
[5:49:28 PM] [hwDVw#10] Kamakazi Gamdom: disconnected (Exiting)
[6:06:04 PM] [hwDVw#13] Mr.Green: disconnected (Server->client connection timed out. Last seen 31746 msec ago.)
[6:07:55 PM] [hwDVw#14] Mr.Green: joined with identifiers [steam:110000117f12b1a; license:8cb9f8548eb4c7764c77849cfa2ff397ec016f08; xbl:2535433922801834; live:985153858977618; discord:322443072233537556; fivem:10498222; license2:6dd94f8afb9d56223c4c530061c5ab1316c72c1c]
[6:15:04 PM] [hwDVw#15] BotOnMnK: joined with identifiers [steam:11000014df460ff; license:06a61b4c40fc28c0a6e0a709ba99ffb637152b33; xbl:2535406023679221; live:1055518462074046; discord:1043623556015194112; fivem:9907274; license2:06a61b4c40fc28c0a6e0a709ba99ffb637152b33]
[6:19:19 PM] [hwDVw#12] Kody Pepperfield: disconnected (Exiting)
[6:19:37 PM] [hwDVw#14] Mr.Green: said "/hideHUD"
[6:19:44 PM] [hwDVw#2] missberrymedley: said "/hideHUD"
[6:22:06 PM] [hwDVw#2] missberrymedley: disconnected (Exiting)
[6:33:22 PM] [hwDVw#15] BotOnMnK: disconnected (Exiting)
[6:46:05 PM] [hwDVw#14] Mr.Green: said "/hideHUD"
[6:46:29 PM] [hwDVw#14] Mr.Green: disconnected (Exiting)
[7:21:59 PM] [hwDVw#16] Ryguyyy: joined with identifiers [steam:1100001062e8bd6; license:f926438e1973465479687d3cbfb795d8ac9b3299; discord:139867838193205249; fivem:2704061; license2:43e148fa18b4161a95fc9175047a492f036575a7]
[7:26:54 PM] [hwDVw#17] Kamakazi Gamdom: joined with identifiers [steam:11000010e87be4d; license:b27179133e8df658895ecd5f756db2a4a4c8cd08; xbl:2533275003431282; live:1829581607460581; discord:242888314108116992; fivem:11442758; license2:e1e3866f24a1a081ffd211b7c1805c667b695651]
[7:28:27 PM] [hwDVw#17] Kamakazi Gamdom: said "/hideHUD"
[7:28:28 PM] [hwDVw#17] Kamakazi Gamdom: said "/hideHUD"
[7:29:46 PM] [hwDVw#17] Kamakazi Gamdom: said "/hideHUD"
[7:29:47 PM] [hwDVw#17] Kamakazi Gamdom: said "/hideHUD"
[7:29:47 PM] [hwDVw#17] Kamakazi Gamdom: said "/hideHUD"
[7:29:48 PM] [hwDVw#17] Kamakazi Gamdom: said "/hideHUD"
[7:33:54 PM] [hwDVw#17] Kamakazi Gamdom: said "/fix\"
[7:55:19 PM] [hwDVw#17] Kamakazi Gamdom: disconnected (Exiting)
[7:59:15 PM] [hwDVw#16] Ryguyyy: died from suicide (Animal)
[8:04:03 PM] [hwDVw#16] Ryguyyy: disconnected (Exiting)
[9:30:19 PM] txAdmin: ((Broadcast) txAdmin): said "This server is scheduled to restart in 30 minutes."
[9:45:20 PM] txAdmin: ((Broadcast) txAdmin): said "This server is scheduled to restart in 15 minutes."
[9:50:19 PM] txAdmin: ((Broadcast) txAdmin): said "This server is scheduled to restart in 10 minutes."
[9:55:19 PM] txAdmin: ((Broadcast) txAdmin): said "This server is scheduled to restart in 5 minutes."
[9:56:19 PM] txAdmin: ((Broadcast) txAdmin): said "This server is scheduled to restart in 4 minutes."
[9:57:20 PM] txAdmin: ((Broadcast) txAdmin): said "This server is scheduled to restart in 3 minutes."
[9:58:20 PM] txAdmin: ((Broadcast) txAdmin): said "This server is scheduled to restart in 2 minutes."
[9:59:20 PM] txAdmin: ((Broadcast) txAdmin): said "This server is scheduled to restart in 1 minute. Please disconnect now."
[10:00:54 PM] txAdmin: Logger started
