
================================================================
======== Log Rotated - 3/7/2024, 12:00:00 AM                    
================================================================
[12:14:00 PM] txAdmin: Logger started
[12:14:46 PM] [Mnt66#1] Pepperfield: joined with identifiers [steam:11000010a17dec4; license:b27179133e8df658895ecd5f756db2a4a4c8cd08; xbl:2533275003431282; live:1829581607460581; discord:242888314108116992; fivem:11442758; license2:e1e3866f24a1a081ffd211b7c1805c667b695651]
[12:15:25 PM] [Mnt66#2] MJL: joined with identifiers [steam:1100001324fa523; license:ec6c328d6d02f816bf13e4a9d09768c02d6e3125; xbl:2535415531070562; live:1055522508602522; discord:213410953641852928; fivem:2586828]
[12:18:54 PM] [Mnt66#2] MJL: died from Flashlight by Pepperfield
[12:19:20 PM] [Mnt66#2] MJL: died from Knife by Pepperfield
[12:19:42 PM] [Mnt66#2] MJL: died from Machete by Pepperfield
[12:19:57 PM] [Mnt66#2] MJL: died from Hatchet by Pepperfield
[12:20:38 PM] [Mnt66#2] MJL: died from Night Stick by Pepperfield
[12:20:58 PM] [Mnt66#2] MJL: died from Hammer by Pepperfield
[12:21:50 PM] [Mnt66#2] MJL: died from SNS Pistol by Pepperfield
[12:21:58 PM] [Mnt66#2] MJL: died from SNS Pistol by Pepperfield
[12:22:32 PM] [Mnt66#2] MJL: died from Pistol by Pepperfield
[12:22:57 PM] [Mnt66#2] MJL: died from Pistol by Pepperfield
[12:23:25 PM] [Mnt66#2] MJL: died from SNS Pistol by Pepperfield
[12:23:47 PM] [Mnt66#2] MJL: died from Pistol by Pepperfield
[12:24:16 PM] [Mnt66#2] MJL: died from suicide (Falling)
[12:24:49 PM] [Mnt66#2] MJL: died from Pistol by Pepperfield
[12:25:27 PM] [Mnt66#2] MJL: died from Combat Pistol by Pepperfield
[12:29:30 PM] [Mnt66#2] MJL: died from Combat Pistol by Pepperfield
[12:29:44 PM] [Mnt66#2] MJL: died from Combat Pistol by Pepperfield
[12:31:09 PM] [Mnt66#2] MJL: died from Heavy Pistol by Pepperfield
[12:31:38 PM] [Mnt66#2] MJL: died from Pistol .50 by Pepperfield
[12:31:49 PM] [Mnt66#2] MJL: died from Pistol .50 by Pepperfield
[12:32:28 PM] [Mnt66#2] MJL: died from Heavy Pistol by Pepperfield
[12:32:44 PM] [Mnt66#2] MJL: died from Heavy Pistol by Pepperfield
[12:33:06 PM] [Mnt66#2] MJL: died from Heavy Pistol by Pepperfield
[12:33:23 PM] [Mnt66#2] MJL: died from Heavy Pistol by Pepperfield
[12:33:44 PM] [Mnt66#2] MJL: died from Heavy Pistol by Pepperfield
[12:33:52 PM] [Mnt66#2] MJL: died from Heavy Pistol by Pepperfield
[12:34:27 PM] [Mnt66#2] MJL: died from Pistol .50 by Pepperfield
[12:34:47 PM] [Mnt66#2] MJL: died from Pistol .50 by Pepperfield
[12:35:59 PM] [Mnt66#2] MJL: died from Heavy Pistol by Pepperfield
[12:36:15 PM] [Mnt66#2] MJL: died from Heavy Pistol by Pepperfield
[12:36:31 PM] [Mnt66#2] MJL: died from Heavy Pistol by Pepperfield
[12:36:41 PM] [Mnt66#2] MJL: died from Heavy Pistol by Pepperfield
[12:37:09 PM] [Mnt66#2] MJL: died from Vintage Pistol by Pepperfield
[12:37:36 PM] [Mnt66#2] MJL: died from Vintage Pistol by Pepperfield
[12:38:35 PM] [Mnt66#2] MJL: died from Micro SMG by Pepperfield
[12:38:42 PM] [Mnt66#2] MJL: died from Micro SMG by Pepperfield
[12:38:54 PM] [Mnt66#2] MJL: died from Micro SMG by Pepperfield
[12:39:38 PM] [Mnt66#2] MJL: died from Machine Pistol by Pepperfield
[12:39:52 PM] [Mnt66#2] MJL: died from Machine Pistol by Pepperfield
[12:40:01 PM] [Mnt66#2] MJL: died from Machine Pistol by Pepperfield
[12:40:21 PM] [Mnt66#2] MJL: died from Machine Pistol by Pepperfield
[12:40:50 PM] [Mnt66#2] MJL: died from Mini SMG by Pepperfield
[12:41:04 PM] [Mnt66#2] MJL: died from Mini SMG by Pepperfield
[12:41:24 PM] [Mnt66#2] MJL: died from Mini SMG by Pepperfield
[12:42:05 PM] [Mnt66#2] MJL: died from Combat PDW by Pepperfield
[12:42:56 PM] [Mnt66#2] MJL: died from Combat PDW by Pepperfield
[12:43:05 PM] [Mnt66#2] MJL: died from Combat PDW by Pepperfield
[12:43:16 PM] [Mnt66#2] MJL: died from Combat PDW by Pepperfield
[12:43:56 PM] [Mnt66#2] MJL: died from SMG by Pepperfield
[12:44:04 PM] [Mnt66#2] MJL: died from SMG by Pepperfield
[12:44:20 PM] [Mnt66#2] MJL: died from SMG by Pepperfield
[12:44:27 PM] [Mnt66#2] MJL: died from SMG by Pepperfield
[12:44:38 PM] [Mnt66#2] MJL: died from SMG by Pepperfield
[12:45:33 PM] [Mnt66#2] MJL: died from Compact Rifle by Pepperfield
[12:45:42 PM] [Mnt66#2] MJL: died from Compact Rifle by Pepperfield
[12:45:54 PM] [Mnt66#2] MJL: died from Compact Rifle by Pepperfield
[12:46:08 PM] [Mnt66#2] MJL: died from Compact Rifle by Pepperfield
[12:46:15 PM] [Mnt66#2] MJL: died from Compact Rifle by Pepperfield
[12:46:26 PM] [Mnt66#2] MJL: died from Compact Rifle by Pepperfield
[12:46:45 PM] [Mnt66#2] MJL: died from Compact Rifle by Pepperfield
[12:46:52 PM] [Mnt66#2] MJL: died from Compact Rifle by Pepperfield
[12:47:07 PM] [Mnt66#2] MJL: died from Compact Rifle by Pepperfield
[12:47:37 PM] [Mnt66#2] MJL: died from Assault Rifle by Pepperfield
[12:48:03 PM] [Mnt66#2] MJL: died from Assault Rifle by Pepperfield
[12:48:12 PM] [Mnt66#2] MJL: died from Assault Rifle by Pepperfield
[12:48:23 PM] [Mnt66#2] MJL: died from Assault Rifle by Pepperfield
[12:48:44 PM] [Mnt66#2] MJL: died from suicide (Falling)
[12:48:54 PM] [Mnt66#2] MJL: died from Assault Rifle by Pepperfield
[12:49:23 PM] [Mnt66#1] Pepperfield: said "/hideHUD"
[12:50:06 PM] [Mnt66#2] MJL: died from Assault Rifke Mk2 by Pepperfield
[12:50:21 PM] [Mnt66#2] MJL: died from Assault Rifke Mk2 by Pepperfield
[12:50:30 PM] [Mnt66#2] MJL: died from Assault Rifke Mk2 by Pepperfield
[12:51:50 PM] [Mnt66#2] MJL: died from Carbine Rifle by Pepperfield
[12:52:05 PM] [Mnt66#2] MJL: died from Carbine Rifle Mk2 by Pepperfield
[12:52:21 PM] [Mnt66#2] MJL: died from Carbine Rifle Mk2 by Pepperfield
[12:52:34 PM] [Mnt66#2] MJL: died from Carbine Rifle Mk2 by Pepperfield
[12:52:42 PM] [Mnt66#2] MJL: died from Carbine Rifle Mk2 by Pepperfield
[12:54:55 PM] [Mnt66#2] MJL: died from Advanced Rifle by Pepperfield
[12:55:08 PM] [Mnt66#2] MJL: died from Advanced Rifle by Pepperfield
[12:55:18 PM] [Mnt66#2] MJL: died from Advanced Rifle by Pepperfield
[12:55:29 PM] [Mnt66#2] MJL: died from Special Carbine by Pepperfield
[12:56:08 PM] [Mnt66#2] MJL: died from Special Carbine by Pepperfield
[12:56:28 PM] [Mnt66#2] MJL: died from Special Carbine Mk2 by Pepperfield
[12:56:37 PM] [Mnt66#2] MJL: died from Special Carbine Mk2 by Pepperfield
[12:56:49 PM] [Mnt66#2] MJL: died from Special Carbine Mk2 by Pepperfield
[12:58:06 PM] [Mnt66#2] MJL: said "/exithouse"
[12:58:06 PM] [Mnt66#2] MJL: said "/enterhouse"
[12:58:38 PM] [Mnt66#2] MJL: died from Special Carbine Mk2 by Pepperfield
[12:58:47 PM] [Mnt66#2] MJL: died from Bullpup Rifle by Pepperfield
[12:59:08 PM] [Mnt66#2] MJL: died from Bullpup Rifle by Pepperfield
[1:00:03 PM] [Mnt66#2] MJL: died from Bullpup Rifle Mk2 by Pepperfield
[1:00:14 PM] [Mnt66#2] MJL: died from Bullpup Rifle Mk2 by Pepperfield
[1:04:04 PM] [Mnt66#2] MJL: died from unknown by Pepperfield
[1:04:34 PM] [Mnt66#1] Pepperfield: disconnected (Game crashed: GTA5_b2699.exe!sub_14118986C (0x798))
[1:04:34 PM] [Mnt66#2] MJL: disconnected (Game crashed: GTA5_b2699.exe!sub_140D865A8 (0x29))
[1:05:17 PM] [Mnt66#3] MJL: joined with identifiers [steam:1100001324fa523; license:ec6c328d6d02f816bf13e4a9d09768c02d6e3125; xbl:2535415531070562; live:1055522508602522; discord:213410953641852928; fivem:2586828]
[1:05:26 PM] [Mnt66#4] Pepperfield: joined with identifiers [steam:11000010a17dec4; license:b27179133e8df658895ecd5f756db2a4a4c8cd08; xbl:2533275003431282; live:1829581607460581; discord:242888314108116992; fivem:11442758; license2:e1e3866f24a1a081ffd211b7c1805c667b695651]
[1:06:33 PM] [Mnt66#3] MJL: died from unknown by Pepperfield
[1:06:44 PM] [Mnt66#3] MJL: died from unknown by Pepperfield
[1:08:00 PM] [Mnt66#4] Pepperfield: disconnected (Game crashed: GTA5_b2699.exe!sub_14118986C (0x798))
[1:08:00 PM] [Mnt66#3] MJL: disconnected (Game crashed: GTA5_b2699.exe!sub_140D865A8 (0x29))
[1:08:53 PM] [Mnt66#5] Pepperfield: joined with identifiers [steam:11000010a17dec4; license:b27179133e8df658895ecd5f756db2a4a4c8cd08; xbl:2533275003431282; live:1829581607460581; discord:242888314108116992; fivem:11442758; license2:e1e3866f24a1a081ffd211b7c1805c667b695651]
[1:12:50 PM] [Mnt66#6] MJL: joined with identifiers [steam:1100001324fa523; license:ec6c328d6d02f816bf13e4a9d09768c02d6e3125; xbl:2535415531070562; live:1055522508602522; discord:213410953641852928; fivem:2586828]
[1:13:53 PM] [Mnt66#6] MJL: died from unknown by Pepperfield
[1:14:27 PM] [Mnt66#6] MJL: died from unknown by Pepperfield
[1:14:52 PM] [Mnt66#6] MJL: died from unknown by Pepperfield
[1:15:25 PM] [Mnt66#6] MJL: died from unknown by Pepperfield
[1:15:37 PM] [Mnt66#5] Pepperfield: died from unknown by MJL
[1:20:45 PM] [Mnt66#6] MJL: died from Bullpup Rifle Mk2 by Pepperfield
[1:22:30 PM] [Mnt66#5] Pepperfield: died from unknown by MJL
[1:23:19 PM] [Mnt66#5] Pepperfield: died from unknown by MJL
[1:25:20 PM] [Mnt66#6] MJL: died from Special Carbine Mk2 by Pepperfield
[1:26:00 PM] [Mnt66#5] Pepperfield: died from Advanced Rifle by MJL
[1:26:42 PM] [Mnt66#5] Pepperfield: died from Advanced Rifle by MJL
[1:28:18 PM] [Mnt66#5] Pepperfield: died from Bullpup Rifle by MJL
[1:29:39 PM] [Mnt66#5] Pepperfield: died from Bullpup Rifle by MJL
[1:30:23 PM] [Mnt66#5] Pepperfield: died from Bullpup Rifle Mk2 by MJL
[1:30:59 PM] [Mnt66#6] MJL: died from Heavy Pistol by Pepperfield
[1:32:35 PM] [Mnt66#5] Pepperfield: died from suicide (Falling)
[1:33:20 PM] [Mnt66#5] Pepperfield: died from Special Carbine Mk2 by MJL
[1:34:12 PM] [Mnt66#5] Pepperfield: died from Fist by MJL
[1:34:50 PM] [Mnt66#6] MJL: died from unknown by Pepperfield
[1:36:38 PM] [Mnt66#5] Pepperfield: died from Combat PDW by MJL
[1:37:23 PM] [Mnt66#5] Pepperfield: died from Combat PDW by MJL
[1:38:19 PM] [Mnt66#5] Pepperfield: died from Mini SMG by MJL
[1:39:24 PM] [Mnt66#5] Pepperfield: died from Heavy Pistol by MJL
[1:40:10 PM] [Mnt66#5] Pepperfield: died from Heavy Pistol by MJL
[1:40:17 PM] [Mnt66#5] Pepperfield: died from Heavy Pistol by MJL
[1:40:48 PM] [Mnt66#5] Pepperfield: died from Heavy Pistol by MJL
[1:42:04 PM] [Mnt66#6] MJL: died from Heavy Pistol by Pepperfield
[1:42:42 PM] [Mnt66#5] Pepperfield: died from Heavy Pistol by MJL
[1:43:00 PM] [Mnt66#6] MJL: died from Machine Pistol by Pepperfield
[1:43:50 PM] [Mnt66#5] Pepperfield: died from Heavy Pistol by MJL
[1:44:55 PM] [Mnt66#6] MJL: said "/revivfe 5"
[1:45:04 PM] [Mnt66#5] Pepperfield: said "/hideHUD"
[1:47:00 PM] [Mnt66#6] MJL: said "fix"
[1:47:06 PM] [Mnt66#6] MJL: died from Heavy Pistol by Pepperfield
[1:47:40 PM] [Mnt66#5] Pepperfield: died from Heavy Pistol by MJL
[1:48:34 PM] [Mnt66#5] Pepperfield: said "/hideHUD"
[1:52:19 PM] [Mnt66#5] Pepperfield: died from suicide (Falling)
[1:52:58 PM] [Mnt66#5] Pepperfield: died from Heavy Pistol by MJL
[1:53:43 PM] [Mnt66#5] Pepperfield: died from Heavy Pistol by MJL
[1:55:08 PM] [Mnt66#6] MJL: died from Machine Pistol by Pepperfield
[1:56:05 PM] [Mnt66#5] Pepperfield: died from Heavy Pistol by MJL
[1:56:35 PM] [Mnt66#6] MJL: died from Heavy Pistol by Pepperfield
[1:56:35 PM] [Mnt66#5] Pepperfield: died from Heavy Pistol by MJL
[1:56:45 PM] [Mnt66#6] MJL: disconnected (Exiting)
[1:56:48 PM] [Mnt66#5] Pepperfield: said "/quikt"
[1:56:50 PM] [Mnt66#5] Pepperfield: disconnected (Server->client connection timed out. Last seen 336 msec ago.)
