
================================================================
======== Log Rotated - 4/3/2024, 12:00:00 AM                    
================================================================
[12:56:26 AM] [UCejb#3] Anne Flank: joined with identifiers [steam:1100001097e125b; license:a938a74170975c01e88f463aea01684a16f28545; xbl:2535409246266710; live:1899947325711585; discord:293157047682465793; license2:9eb41e0279fe15e33ff86440bafc2105d3b78f01]
[1:06:40 AM] [UCejb#4] φοῖνιξ: joined with identifiers [steam:11000010ee88c01; license:ee681c08d9d45c48bf5af06870d7d23d75db16dc; xbl:2535430200613003; live:985158121988759; discord:305372052683096065; fivem:10488223; license2:ee681c08d9d45c48bf5af06870d7d23d75db16dc]
[1:17:59 AM] [UCejb#5] JOSH: joined with identifiers [steam:1100001438fe567; license:b6284c20b4ad2c41c48d4a31859b65ae2a417ec8; discord:405075418769522708; fivem:12124231; license2:b6284c20b4ad2c41c48d4a31859b65ae2a417ec8]
[1:40:31 AM] [UCejb#5] JOSH: said "/vash"
[2:02:26 AM] [UCejb#6] MrValentino: joined with identifiers [steam:11000013464012b; license:fec461f11f5a989ae6033483f5f3c9c150aaf4bc; xbl:2535461288884674; live:914798041685848; discord:817567016910454814; fivem:6228215; license2:256e0172b8db6717c93c9774be7adb28484d700d]
[2:14:33 AM] [UCejb#6] MrValentino: said "/handsup"
[2:14:34 AM] [UCejb#6] MrValentino: said "/handsup"
[2:18:04 AM] [UCejb#3] Anne Flank: disconnected (Exiting)
[2:18:40 AM] [UCejb#7] Anne Flank: joined with identifiers [steam:1100001097e125b; license:a938a74170975c01e88f463aea01684a16f28545; xbl:2535409246266710; live:1899947325711585; discord:293157047682465793; license2:9eb41e0279fe15e33ff86440bafc2105d3b78f01]
[2:25:25 AM] [UCejb#8] BotOnMnK: joined with identifiers [steam:11000014df460ff; license:06a61b4c40fc28c0a6e0a709ba99ffb637152b33; xbl:2535406023679221; live:1055518462074046; discord:1043623556015194112; fivem:9907274; license2:06a61b4c40fc28c0a6e0a709ba99ffb637152b33]
[2:29:09 AM] [UCejb#5] JOSH: said "/th"
[2:42:18 AM] [UCejb#9] RigssRP: joined with identifiers [steam:11000014abdebcf; license:0503ca95eab75210d3475b9e63fd6aa6028e6a91; xbl:2535446394392876; live:1055518940555852; discord:1103467626300199044; fivem:8351340; license2:2a20c64a2a1abb3e1653a5c89e5ac281f69f1eb9]
[2:46:33 AM] [UCejb#8] BotOnMnK: said "/hideHUD"
[2:49:04 AM] [UCejb#6] MrValentino: said "/handsup"
[2:49:04 AM] [UCejb#6] MrValentino: said "/handsup"
[2:56:26 AM] [UCejb#8] BotOnMnK: died from Heavy Pistol by JOSH
[2:59:23 AM] [UCejb#4] φοῖνιξ: died from SNS Pistol by RigssRP
[2:59:36 AM] [UCejb#4] φοῖνιξ: disconnected (Anti-cheat resource stopped, please restart your game.)
[2:59:46 AM] [UCejb#9] RigssRP: died from Fist by JOSH
[3:00:51 AM] [UCejb#10] φοῖνιξ: joined with identifiers [steam:11000010ee88c01; license:ee681c08d9d45c48bf5af06870d7d23d75db16dc; xbl:2535430200613003; live:985158121988759; discord:305372052683096065; fivem:10488223; license2:ee681c08d9d45c48bf5af06870d7d23d75db16dc]
[3:02:52 AM] [UCejb#9] RigssRP: died from Heavy Pistol by JOSH
[3:02:55 AM] [UCejb#8] BotOnMnK: died from Heavy Pistol by JOSH
[3:04:05 AM] [UCejb#10] φοῖνιξ: said "/esit"
[3:05:48 AM] [UCejb#6] MrValentino: said "/hideHUD"
[3:07:22 AM] [UCejb#5] JOSH: said "/th"
[3:07:26 AM] [UCejb#5] JOSH: said "/th"
[3:09:42 AM] [UCejb#6] MrValentino: disconnected (Exiting)
[3:16:55 AM] [UCejb#5] JOSH: said "/th"
[3:16:56 AM] [UCejb#5] JOSH: said "/th"
[3:24:31 AM] [UCejb#5] JOSH: said "/th"
[3:41:44 AM] [UCejb#8] BotOnMnK: died from suicide
[3:42:59 AM] [UCejb#8] BotOnMnK: died from suicide
[4:10:03 AM] [UCejb#5] JOSH: said "/th"
[4:10:04 AM] [UCejb#5] JOSH: said "/th"
[4:10:04 AM] [UCejb#5] JOSH: said "/th"
[4:14:50 AM] [UCejb#5] JOSH: said "/th"
[4:15:25 AM] [UCejb#11] MJL: joined with identifiers [steam:1100001324fa523; license:ec6c328d6d02f816bf13e4a9d09768c02d6e3125; xbl:2535415531070562; live:1055522508602522; discord:213410953641852928; fivem:2586828]
[4:19:14 AM] [UCejb#11] MJL: said "/hideHUD"
[4:19:41 AM] [UCejb#11] MJL: said "/hideHUD"
[4:21:08 AM] [UCejb#8] BotOnMnK: died from suicide (Falling)
[4:21:50 AM] [UCejb#5] JOSH: said "/hideHUD"
[4:24:08 AM] [UCejb#5] JOSH: said "/hideHUD"
[4:24:17 AM] [UCejb#5] JOSH: said "/hideHUD"
[4:24:23 AM] [UCejb#5] JOSH: said "/hideHUD"
[4:25:04 AM] [UCejb#8] BotOnMnK: said "/hideHUD"
[4:25:05 AM] [UCejb#8] BotOnMnK: disconnected (Exiting)
[4:26:07 AM] [UCejb#5] JOSH: said "/hideHUD"
[4:26:47 AM] [UCejb#9] RigssRP: died from Heavy Pistol by JOSH
[4:30:05 AM] [UCejb#12] missberrymedley: joined with identifiers [steam:11000010cab8d07; license:7a3a5bfb5af789cb5f02843e29cc4ee338b0a294; xbl:2535413783067581; live:1688853905214434; discord:461174423903535107; fivem:1697557; license2:ec1926a90f33d1955abd2276f36a7c3ed4c51a23]
[4:30:14 AM] [UCejb#9] RigssRP: disconnected (Exiting)
[4:39:29 AM] [UCejb#11] MJL: enabled noclip
[4:39:33 AM] [UCejb#11] MJL: became mortal (standard mode)
[4:50:52 AM] [UCejb#11] MJL: disconnected (Exiting)
[4:59:30 AM] [UCejb#13] marcusblackwell7: joined with identifiers [steam:110000154d96125; license:b90a0574761cd349c5a4e1d6372c3ba96f26a074; discord:667904617446768652; fivem:7859917; license2:b90a0574761cd349c5a4e1d6372c3ba96f26a074]
[5:11:24 AM] [UCejb#10] φοῖνιξ: said "/hideHUD"
[5:11:24 AM] [UCejb#12] missberrymedley: said "/hideHUD"
[5:24:05 AM] [UCejb#13] marcusblackwell7: said "/hideHUD"
[5:24:09 AM] [UCejb#13] marcusblackwell7: disconnected (Exiting)
[5:29:51 AM] [UCejb#5] JOSH: disconnected (Exiting)
[5:30:00 AM] txAdmin: ((Broadcast) txAdmin): said "This server is scheduled to restart in 30 minutes."
[5:30:51 AM] [UCejb#14] JOSH: joined with identifiers [steam:1100001438fe567; license:b6284c20b4ad2c41c48d4a31859b65ae2a417ec8; discord:405075418769522708; fivem:12124231; license2:b6284c20b4ad2c41c48d4a31859b65ae2a417ec8]
[5:39:14 AM] [UCejb#14] JOSH: said "/th"
[5:39:15 AM] [UCejb#14] JOSH: said "/th"
[5:39:15 AM] [UCejb#14] JOSH: said "/th"
[5:39:16 AM] [UCejb#14] JOSH: said "/th"
[5:39:17 AM] [UCejb#14] JOSH: said "/th"
[5:45:01 AM] txAdmin: ((Broadcast) txAdmin): said "This server is scheduled to restart in 15 minutes."
[5:50:01 AM] txAdmin: ((Broadcast) txAdmin): said "This server is scheduled to restart in 10 minutes."
[5:52:19 AM] [UCejb#12] missberrymedley: said "/hideHUD"
[5:54:57 AM] [UCejb#14] JOSH: said "/hideHUD"
[5:55:00 AM] [UCejb#14] JOSH: disconnected (Exiting)
[5:55:01 AM] txAdmin: ((Broadcast) txAdmin): said "This server is scheduled to restart in 5 minutes."
[5:56:01 AM] txAdmin: ((Broadcast) txAdmin): said "This server is scheduled to restart in 4 minutes."
[5:57:00 AM] txAdmin: ((Broadcast) txAdmin): said "This server is scheduled to restart in 3 minutes."
[5:57:20 AM] [UCejb#7] Anne Flank: disconnected (Exiting)
[5:58:00 AM] txAdmin: ((Broadcast) txAdmin): said "This server is scheduled to restart in 2 minutes."
[5:58:39 AM] [UCejb#12] missberrymedley: said "/hideHUD"
[5:58:51 AM] [UCejb#10] φοῖνιξ: disconnected (Exiting)
[5:58:53 AM] [UCejb#12] missberrymedley: disconnected (Exiting)
[5:59:00 AM] txAdmin: ((Broadcast) txAdmin): said "This server is scheduled to restart in 1 minute. Please disconnect now."
[6:00:38 AM] txAdmin: Logger started
[6:01:12 AM] [hXjCX#1] JOSH: joined with identifiers [steam:1100001438fe567; license:b6284c20b4ad2c41c48d4a31859b65ae2a417ec8; discord:405075418769522708; fivem:12124231; license2:b6284c20b4ad2c41c48d4a31859b65ae2a417ec8]
[6:03:44 AM] [hXjCX#2] missberrymedley: joined with identifiers [steam:11000010cab8d07; license:7a3a5bfb5af789cb5f02843e29cc4ee338b0a294; xbl:2535413783067581; live:1688853905214434; discord:461174423903535107; fivem:1697557; license2:ec1926a90f33d1955abd2276f36a7c3ed4c51a23]
[6:04:06 AM] [hXjCX#3] Anne Flank: joined with identifiers [steam:1100001097e125b; license:a938a74170975c01e88f463aea01684a16f28545; xbl:2535409246266710; live:1899947325711585; discord:293157047682465793; license2:9eb41e0279fe15e33ff86440bafc2105d3b78f01]
[6:05:45 AM] [hXjCX#4] φοῖνιξ: joined with identifiers [steam:11000010ee88c01; license:ee681c08d9d45c48bf5af06870d7d23d75db16dc; xbl:2535430200613003; live:985158121988759; discord:305372052683096065; fivem:10488223; license2:ee681c08d9d45c48bf5af06870d7d23d75db16dc]
[6:27:55 AM] [hXjCX#5] bulldogcoop63: joined with identifiers [steam:11000015c5ccb9c; license:29aa888fee71382069550e6e0dc74a5a341edead; xbl:2535414660791367; live:985153908343121; discord:1117456859738153020; fivem:10691742; license2:29aa888fee71382069550e6e0dc74a5a341edead]
[6:33:50 AM] [hXjCX#1] JOSH: said "/th"
[6:33:51 AM] [hXjCX#1] JOSH: said "/th"
[6:33:52 AM] [hXjCX#1] JOSH: said "/th"
[6:42:08 AM] [hXjCX#2] missberrymedley: disconnected (^1Kicked for attempting to duplicate items)
[6:43:18 AM] [hXjCX#6] missberrymedley: joined with identifiers [steam:11000010cab8d07; license:7a3a5bfb5af789cb5f02843e29cc4ee338b0a294; xbl:2535413783067581; live:1688853905214434; discord:461174423903535107; fivem:1697557; license2:ec1926a90f33d1955abd2276f36a7c3ed4c51a23]
[6:53:34 AM] [hXjCX#1] JOSH: died from suicide (Falling)
[6:58:39 AM] [hXjCX#5] bulldogcoop63: disconnected (Exiting)
[7:00:52 AM] [hXjCX#1] JOSH: disconnected (Exiting)
[7:05:27 AM] [hXjCX#7] marcusblackwell7: joined with identifiers [steam:110000154d96125; license:b90a0574761cd349c5a4e1d6372c3ba96f26a074; discord:667904617446768652; fivem:7859917; license2:b90a0574761cd349c5a4e1d6372c3ba96f26a074]
[7:34:34 AM] [hXjCX#6] missberrymedley: died from Fist by marcusblackwell7
[7:36:26 AM] [hXjCX#7] marcusblackwell7: said "//rob"
[7:36:27 AM] [hXjCX#7] marcusblackwell7: said "//e sunbathe"
[7:36:27 AM] [hXjCX#7] marcusblackwell7: said "//e sleep"
[7:50:02 AM] [hXjCX#7] marcusblackwell7: disconnected (Exiting)
[7:50:28 AM] [hXjCX#8] marcusblackwell7: joined with identifiers [steam:110000154d96125; license:b90a0574761cd349c5a4e1d6372c3ba96f26a074; discord:667904617446768652; fivem:7859917; license2:b90a0574761cd349c5a4e1d6372c3ba96f26a074]
[7:51:38 AM] [hXjCX#8] marcusblackwell7: disconnected (Exiting)
[7:52:09 AM] [hXjCX#9] marcusblackwell7: joined with identifiers [steam:110000154d96125; license:b90a0574761cd349c5a4e1d6372c3ba96f26a074; discord:667904617446768652; fivem:7859917; license2:b90a0574761cd349c5a4e1d6372c3ba96f26a074]
[8:10:45 AM] [hXjCX#9] marcusblackwell7: said "/hideHUD"
[8:10:46 AM] [hXjCX#9] marcusblackwell7: disconnected (Exiting)
[8:24:17 AM] [hXjCX#3] Anne Flank: said "/hideHUD"
[8:54:21 AM] [hXjCX#10] JOSH: joined with identifiers [steam:1100001438fe567; license:b6284c20b4ad2c41c48d4a31859b65ae2a417ec8; discord:405075418769522708; fivem:12124231; license2:b6284c20b4ad2c41c48d4a31859b65ae2a417ec8]
[8:59:29 AM] [hXjCX#11] PISSFLAPS: joined with identifiers [steam:11000014bb53aeb; license:e0893217ab0d40d6a510bcbfe1c9441b4a208a2b; discord:584024523989581834; fivem:8961289; license2:e0893217ab0d40d6a510bcbfe1c9441b4a208a2b]
[9:01:21 AM] [hXjCX#3] Anne Flank: died from suicide (Falling)
[9:22:41 AM] [hXjCX#10] JOSH: said "/hideHUD"
[9:22:45 AM] [hXjCX#10] JOSH: said "/hideHUD"
[9:22:49 AM] [hXjCX#10] JOSH: said "/hideHUD"
[9:23:00 AM] [hXjCX#11] PISSFLAPS: said "/hideHUD"
[9:24:41 AM] [hXjCX#10] JOSH: disconnected (Exiting)
[9:25:20 AM] [hXjCX#12] JOSH: joined with identifiers [steam:1100001438fe567; license:b6284c20b4ad2c41c48d4a31859b65ae2a417ec8; discord:405075418769522708; fivem:12124231; license2:b6284c20b4ad2c41c48d4a31859b65ae2a417ec8]
[9:28:37 AM] [hXjCX#11] PISSFLAPS: disconnected (Exiting)
[9:29:14 AM] [hXjCX#13] PISSFLAPS: joined with identifiers [steam:11000014bb53aeb; license:e0893217ab0d40d6a510bcbfe1c9441b4a208a2b; discord:584024523989581834; fivem:8961289; license2:e0893217ab0d40d6a510bcbfe1c9441b4a208a2b]
[9:34:34 AM] [hXjCX#12] JOSH: said "/hideHUD"
[9:34:45 AM] [hXjCX#12] JOSH: said "/hideHUD"
[9:34:56 AM] [hXjCX#12] JOSH: said "/hideHUD"
[9:35:13 AM] [hXjCX#13] PISSFLAPS: said "/hideHUD"
[9:37:11 AM] [hXjCX#13] PISSFLAPS: said "/hideHUD"
[10:01:19 AM] [hXjCX#12] JOSH: said "/hideHUD"
[10:01:22 AM] [hXjCX#12] JOSH: disconnected (Exiting)
[10:27:37 AM] [hXjCX#13] PISSFLAPS: died from suicide (Falling)
[10:36:14 AM] [hXjCX#13] PISSFLAPS: disconnected (Exiting)
[11:12:08 AM] [hXjCX#14] Esky: joined with identifiers [steam:110000131c93706; license:8dfbcb6dabf76f1c81aa91d421dc6c2ab1407ba6; xbl:2535436019694875; live:914798270695886; discord:350771731708772354; fivem:11993654; license2:8dfbcb6dabf76f1c81aa91d421dc6c2ab1407ba6]
[12:19:12 PM] [hXjCX#4] φοῖνιξ: said "/hideHUD"
[12:22:45 PM] [hXjCX#15] Mr_Green: joined with identifiers [steam:110000117f12b1a; license:8cb9f8548eb4c7764c77849cfa2ff397ec016f08; xbl:2535433922801834; live:985153858977618; discord:322443072233537556; fivem:10498222; license2:6dd94f8afb9d56223c4c530061c5ab1316c72c1c]
[1:04:08 PM] [hXjCX#3] Anne Flank: said "/hideHUD"
[1:11:16 PM] [hXjCX#16] Ryguyyy: joined with identifiers [steam:1100001062e8bd6; license:f926438e1973465479687d3cbfb795d8ac9b3299; discord:139867838193205249; fivem:2704061; license2:43e148fa18b4161a95fc9175047a492f036575a7]
[1:21:30 PM] [hXjCX#17] Espen661: joined with identifiers [steam:11000014bb61c9e; license:2f9772222904964dc7e1276592f4900adc8bdf41; xbl:2535425017428396; live:985155143200123; discord:1047627826779656303; fivem:8462056; license2:2f9772222904964dc7e1276592f4900adc8bdf41]
[1:22:20 PM] [hXjCX#18] Kamakazi: joined with identifiers [steam:11000010e87be4d; license:b27179133e8df658895ecd5f756db2a4a4c8cd08; xbl:2533275003431282; live:1829581607460581; discord:242888314108116992; fivem:11442758; license2:e1e3866f24a1a081ffd211b7c1805c667b695651]
[1:25:46 PM] [hXjCX#18] Kamakazi: said "/hideHUD"
[1:27:16 PM] [hXjCX#18] Kamakazi: said "/hideHUD"
[1:27:25 PM] [hXjCX#18] Kamakazi: said "/hideHUD"
[1:27:28 PM] [hXjCX#18] Kamakazi: said "/hideHUD"
[1:27:30 PM] [hXjCX#18] Kamakazi: said "/hideHUD"
[1:27:33 PM] [hXjCX#18] Kamakazi: said "/hideHUD"
[1:28:27 PM] [hXjCX#15] Mr_Green: died from Pistol by Kamakazi
[1:28:43 PM] [hXjCX#15] Mr_Green: died from Pistol by Kamakazi
[1:29:17 PM] [hXjCX#18] Kamakazi: said "/hideHUD"
[1:29:19 PM] [hXjCX#18] Kamakazi: said "/hideHUD"
[1:30:09 PM] txAdmin: ((Broadcast) txAdmin): said "This server is scheduled to restart in 30 minutes."
[1:31:31 PM] [hXjCX#4] φοῖνιξ: said "/hideHUD"
[1:32:25 PM] [hXjCX#17] Espen661: caused an explosion (BIKE)
[1:32:25 PM] [hXjCX#17] Espen661: caused an explosion (CAR)
[1:32:26 PM] [hXjCX#17] Espen661: caused an explosion (CAR)
[1:32:27 PM] [hXjCX#17] Espen661: caused an explosion (CAR)
[1:32:27 PM] [hXjCX#17] Espen661: caused an explosion (CAR)
[1:32:33 PM] [hXjCX#17] Espen661: caused an explosion (CAR)
[1:32:34 PM] [hXjCX#17] Espen661: caused an explosion (CAR)
[1:32:36 PM] [hXjCX#17] Espen661: caused an explosion (CAR)
[1:32:37 PM] [hXjCX#17] Espen661: caused an explosion (CAR)
[1:34:32 PM] [hXjCX#15] Mr_Green: said "/hideHUD"
[1:34:46 PM] [hXjCX#15] Mr_Green: said "/hideHUD"
[1:35:08 PM] [hXjCX#19] MJL: joined with identifiers [steam:1100001324fa523; license:ec6c328d6d02f816bf13e4a9d09768c02d6e3125; xbl:2535415531070562; live:1055522508602522; discord:213410953641852928; fivem:2586828]
[1:35:16 PM] [hXjCX#15] Mr_Green: disconnected (Exiting)
[1:35:44 PM] [hXjCX#20] PISSFLAPS: joined with identifiers [steam:11000014bb53aeb; license:e0893217ab0d40d6a510bcbfe1c9441b4a208a2b; discord:584024523989581834; fivem:8961289; license2:e0893217ab0d40d6a510bcbfe1c9441b4a208a2b]
[1:37:41 PM] [hXjCX#18] Kamakazi: said "/hideHUD"
[1:39:58 PM] [hXjCX#16] Ryguyyy: died from suicide (Falling)
[1:40:49 PM] [hXjCX#16] Ryguyyy: disconnected (Exiting)
[1:41:28 PM] [hXjCX#18] Kamakazi: disconnected (Exiting)
[1:42:45 PM] [hXjCX#21] Ryguyyy: joined with identifiers [steam:1100001062e8bd6; license:f926438e1973465479687d3cbfb795d8ac9b3299; discord:139867838193205249; fivem:2704061; license2:43e148fa18b4161a95fc9175047a492f036575a7]
[1:44:16 PM] [hXjCX#6] missberrymedley: said "/hideHUD"
[1:44:22 PM] [hXjCX#14] Esky: said "/hideHUD"
[1:45:10 PM] txAdmin: ((Broadcast) txAdmin): said "This server is scheduled to restart in 15 minutes."
[1:45:14 PM] [hXjCX#21] Ryguyyy: disconnected (Exiting)
[1:50:10 PM] txAdmin: ((Broadcast) txAdmin): said "This server is scheduled to restart in 10 minutes."
[1:50:30 PM] [hXjCX#3] Anne Flank: disconnected (Exiting)
[1:50:46 PM] [hXjCX#22] Ryguyyy: joined with identifiers [steam:1100001062e8bd6; license:f926438e1973465479687d3cbfb795d8ac9b3299; discord:139867838193205249; fivem:2704061; license2:43e148fa18b4161a95fc9175047a492f036575a7]
[1:53:34 PM] [hXjCX#14] Esky: disconnected (Exiting)
[1:55:10 PM] txAdmin: ((Broadcast) txAdmin): said "This server is scheduled to restart in 5 minutes."
[1:55:44 PM] [hXjCX#19] MJL: said "/uqit"
[1:55:45 PM] [hXjCX#19] MJL: disconnected (Exiting)
[1:56:10 PM] txAdmin: ((Broadcast) txAdmin): said "This server is scheduled to restart in 4 minutes."
[1:57:10 PM] txAdmin: ((Broadcast) txAdmin): said "This server is scheduled to restart in 3 minutes."
[1:57:20 PM] [hXjCX#17] Espen661: said "/q uit"
[1:57:24 PM] [hXjCX#17] Espen661: disconnected (Exiting)
[1:58:10 PM] txAdmin: ((Broadcast) txAdmin): said "This server is scheduled to restart in 2 minutes."
[1:59:10 PM] txAdmin: ((Broadcast) txAdmin): said "This server is scheduled to restart in 1 minute. Please disconnect now."
[1:59:14 PM] [hXjCX#20] PISSFLAPS: disconnected (Exiting)
[1:59:22 PM] [hXjCX#4] φοῖνιξ: disconnected (Exiting)
[1:59:22 PM] [hXjCX#6] missberrymedley: disconnected (Exiting)
[2:00:10 PM] [hXjCX#22] Ryguyyy: disconnected ([txAdmin] Server restarting (scheduled restart at 14:00).)
[2:03:22 PM] txAdmin: Logger started
[2:03:43 PM] [HfHyM#1] φοῖνιξ: joined with identifiers [steam:11000010ee88c01; license:ee681c08d9d45c48bf5af06870d7d23d75db16dc; xbl:2535430200613003; live:985158121988759; discord:305372052683096065; fivem:10488223; license2:ee681c08d9d45c48bf5af06870d7d23d75db16dc]
[2:04:06 PM] [HfHyM#2] Anne Flank: joined with identifiers [steam:1100001097e125b; license:a938a74170975c01e88f463aea01684a16f28545; xbl:2535409246266710; live:1899947325711585; discord:293157047682465793; license2:9eb41e0279fe15e33ff86440bafc2105d3b78f01]
[2:04:10 PM] [HfHyM#3] missberrymedley: joined with identifiers [steam:11000010cab8d07; license:7a3a5bfb5af789cb5f02843e29cc4ee338b0a294; xbl:2535413783067581; live:1688853905214434; discord:461174423903535107; fivem:1697557; license2:ec1926a90f33d1955abd2276f36a7c3ed4c51a23]
[2:05:12 PM] [HfHyM#4] PISSFLAPS: joined with identifiers [steam:11000014bb53aeb; license:e0893217ab0d40d6a510bcbfe1c9441b4a208a2b; discord:584024523989581834; fivem:8961289; license2:e0893217ab0d40d6a510bcbfe1c9441b4a208a2b]
[2:07:17 PM] [HfHyM#4] PISSFLAPS: disconnected (Exiting)
[2:07:57 PM] [HfHyM#5] PISSFLAPS: joined with identifiers [steam:11000014bb53aeb; license:e0893217ab0d40d6a510bcbfe1c9441b4a208a2b; discord:584024523989581834; fivem:8961289; license2:e0893217ab0d40d6a510bcbfe1c9441b4a208a2b]
[2:12:49 PM] [HfHyM#6] Kody Pepperfield: joined with identifiers [steam:11000010c770c55; license:3219d00ad3af143df0db5d2bed38fe7460729e68; xbl:2535451109437060; live:1055521765014399; discord:152991330048540672; fivem:8659677; license2:3e576e238fb0360dab034daae9fc7459afbacb59]
[2:15:10 PM] [HfHyM#7] Ryguyyy: joined with identifiers [steam:1100001062e8bd6; license:f926438e1973465479687d3cbfb795d8ac9b3299; discord:139867838193205249; fivem:2704061; license2:43e148fa18b4161a95fc9175047a492f036575a7]
[2:30:51 PM] [HfHyM#6] Kody Pepperfield: died from suicide (Falling)
[2:32:37 PM] [HfHyM#7] Ryguyyy: disconnected (Exiting)
[2:32:51 PM] [HfHyM#6] Kody Pepperfield: died from suicide (Falling)
[2:33:15 PM] [HfHyM#8] Ryguyyy: joined with identifiers [steam:1100001062e8bd6; license:f926438e1973465479687d3cbfb795d8ac9b3299; discord:139867838193205249; fivem:2704061; license2:43e148fa18b4161a95fc9175047a492f036575a7]
[2:35:27 PM] [HfHyM#5] PISSFLAPS: said "fixc"
[2:38:30 PM] [HfHyM#9] ki: joined with identifiers [steam:11000014937305e; license:96f267487834a7dd20e1835ec25225692b2fd6ed; xbl:2533274848562754; live:1055520789945701; discord:863516509002006589; license2:96f267487834a7dd20e1835ec25225692b2fd6ed]
[2:42:53 PM] [HfHyM#9] ki: said "/hideHUD"
[2:46:03 PM] [HfHyM#8] Ryguyyy: said "/hideHUD"
[2:46:59 PM] [HfHyM#8] Ryguyyy: said "/quikt"
[2:47:01 PM] [HfHyM#8] Ryguyyy: said "/quit\"
[2:47:02 PM] [HfHyM#8] Ryguyyy: disconnected (Exiting)
[2:47:47 PM] [HfHyM#5] PISSFLAPS: said "/hideHUD"
[2:48:06 PM] [HfHyM#1] φοῖνιξ: said "/givekey 9"
[2:49:28 PM] [HfHyM#10] BotOnMnK: joined with identifiers [steam:11000014df460ff; license:06a61b4c40fc28c0a6e0a709ba99ffb637152b33; xbl:2535406023679221; live:1055518462074046; discord:1043623556015194112; fivem:9907274; license2:06a61b4c40fc28c0a6e0a709ba99ffb637152b33]
[2:56:30 PM] [HfHyM#3] missberrymedley: said "/hideHUD"
[2:58:47 PM] [HfHyM#5] PISSFLAPS: said "/hideHUD"
[2:58:47 PM] [HfHyM#5] PISSFLAPS: disconnected (Exiting)
[3:01:44 PM] [HfHyM#10] BotOnMnK: died from suicide (Falling)
[3:01:46 PM] [HfHyM#9] ki: caused an explosion (GAS_TANK)
[3:01:46 PM] [HfHyM#1] φοῖνιξ: caused an explosion (GAS_TANK)
[3:01:46 PM] [HfHyM#6] Kody Pepperfield: caused an explosion (GAS_TANK)
[3:01:46 PM] [HfHyM#10] BotOnMnK: caused an explosion (GAS_TANK)
[3:01:46 PM] [HfHyM#6] Kody Pepperfield: caused an explosion (CAR)
[3:01:46 PM] [HfHyM#6] Kody Pepperfield: caused an explosion (GAS_TANK)
[3:01:46 PM] [HfHyM#6] Kody Pepperfield: died from suicide (Explosion)
[3:02:09 PM] [HfHyM#6] Kody Pepperfield: died from suicide (Fire)
[3:08:00 PM] [HfHyM#9] ki: said "/hideHUD"
[3:08:18 PM] [HfHyM#9] ki: said "/hideHUD"
[3:08:30 PM] [HfHyM#9] ki: said "/hideHUD"
[3:09:13 PM] [HfHyM#6] Kody Pepperfield: said "/hideHUD"
[3:10:01 PM] [HfHyM#9] ki: said "/hideHUD"
[3:10:15 PM] [HfHyM#6] Kody Pepperfield: said "/hideHUD"
[3:11:10 PM] [HfHyM#10] BotOnMnK: disconnected (Exiting)
[3:12:33 PM] [HfHyM#2] Anne Flank: disconnected (Exiting)
[3:13:01 PM] [HfHyM#1] φοῖνιξ: disconnected (Exiting)
[3:19:26 PM] [HfHyM#6] Kody Pepperfield: disconnected (Exiting)
[3:26:39 PM] [HfHyM#9] ki: disconnected (Exiting)
[5:07:29 PM] [HfHyM#3] missberrymedley: said "/hideHUD"
[5:07:45 PM] [HfHyM#3] missberrymedley: disconnected (Exiting)
[5:08:28 PM] [HfHyM#11] missberrymedley: joined with identifiers [steam:11000010cab8d07; license:7a3a5bfb5af789cb5f02843e29cc4ee338b0a294; xbl:2535413783067581; live:1688853905214434; discord:461174423903535107; fivem:1697557; license2:ec1926a90f33d1955abd2276f36a7c3ed4c51a23]
[5:12:57 PM] [HfHyM#11] missberrymedley: disconnected (Exiting)
[6:19:28 PM] [HfHyM#12] missberrymedley: joined with identifiers [steam:11000010cab8d07; license:7a3a5bfb5af789cb5f02843e29cc4ee338b0a294; xbl:2535413783067581; live:1688853905214434; discord:461174423903535107; fivem:1697557; license2:ec1926a90f33d1955abd2276f36a7c3ed4c51a23]
[6:21:28 PM] [HfHyM#12] missberrymedley: disconnected (Exiting)
[6:22:03 PM] [HfHyM#13] missberrymedley: joined with identifiers [steam:11000010cab8d07; license:7a3a5bfb5af789cb5f02843e29cc4ee338b0a294; xbl:2535413783067581; live:1688853905214434; discord:461174423903535107; fivem:1697557; license2:ec1926a90f33d1955abd2276f36a7c3ed4c51a23]
[8:05:06 PM] [HfHyM#13] missberrymedley: said "/quitquit"
[8:05:11 PM] [HfHyM#13] missberrymedley: disconnected (Exiting)
[9:30:20 PM] txAdmin: ((Broadcast) txAdmin): said "This server is scheduled to restart in 30 minutes."
[9:45:21 PM] txAdmin: ((Broadcast) txAdmin): said "This server is scheduled to restart in 15 minutes."
[9:50:21 PM] txAdmin: ((Broadcast) txAdmin): said "This server is scheduled to restart in 10 minutes."
[9:55:21 PM] txAdmin: ((Broadcast) txAdmin): said "This server is scheduled to restart in 5 minutes."
[9:56:21 PM] txAdmin: ((Broadcast) txAdmin): said "This server is scheduled to restart in 4 minutes."
[9:57:21 PM] txAdmin: ((Broadcast) txAdmin): said "This server is scheduled to restart in 3 minutes."
[9:58:21 PM] txAdmin: ((Broadcast) txAdmin): said "This server is scheduled to restart in 2 minutes."
[9:59:21 PM] txAdmin: ((Broadcast) txAdmin): said "This server is scheduled to restart in 1 minute. Please disconnect now."
[10:00:57 PM] txAdmin: Logger started
[10:04:51 PM] [4Fk7q#1] JOSH: joined with identifiers [steam:1100001438fe567; license:b6284c20b4ad2c41c48d4a31859b65ae2a417ec8; discord:405075418769522708; fivem:12124231; license2:b6284c20b4ad2c41c48d4a31859b65ae2a417ec8]
[10:16:39 PM] [4Fk7q#1] JOSH: said "/th"
[10:16:40 PM] [4Fk7q#1] JOSH: said "/th"
[10:16:41 PM] [4Fk7q#1] JOSH: said "/th"
[10:16:48 PM] [4Fk7q#1] JOSH: said "/th"
[10:16:49 PM] [4Fk7q#1] JOSH: said "/th"
[10:16:50 PM] [4Fk7q#1] JOSH: said "/th"
[10:38:29 PM] [4Fk7q#1] JOSH: disconnected (Exiting)
[10:38:29 PM] [4Fk7q#1] JOSH: said "/hideHUD"
