
================================================================
======== Log Rotated - 3/23/2024, 12:00:00 AM                   
================================================================
[12:16:14 AM] [bHd63#1] RigssRP: died from suicide
[12:21:22 AM] [bHd63#1] RigssRP: said "/type2"
[12:24:20 AM] [bHd63#1] RigssRP: disconnected (Exiting)
[12:34:27 AM] [bHd63#3] Doc Johnson: joined with identifiers [steam:11000013e90334b; license:b4fc6bd4824a48a52d9d13e0465914bc593bae1a; xbl:2535410156961594; live:1055521933202735; discord:340245944220254210; fivem:11532384; license2:b4fc6bd4824a48a52d9d13e0465914bc593bae1a]
[1:15:45 AM] [bHd63#3] Doc Johnson: disconnected (Exiting)
[1:18:48 AM] [bHd63#4] Mr.Green: joined with identifiers [steam:110000117f12b1a; license:8cb9f8548eb4c7764c77849cfa2ff397ec016f08; xbl:2535433922801834; live:985153858977618; discord:322443072233537556; fivem:10498222; license2:6dd94f8afb9d56223c4c530061c5ab1316c72c1c]
[1:20:07 AM] [bHd63#5] BlazewolfV1: joined with identifiers [steam:11000014c0af4d6; license:034b4ec00b617ed260bdf85c4f38d0d808f19925; xbl:2535455258048430; live:844425001122073; discord:556116411886469143; fivem:7690152; license2:e463f58279a9da223bfce67240fdbedf17f5775e]
[1:20:52 AM] [bHd63#6] Doc Johnson: joined with identifiers [steam:11000013e90334b; license:b4fc6bd4824a48a52d9d13e0465914bc593bae1a; xbl:2535410156961594; live:1055521933202735; discord:340245944220254210; fivem:11532384; license2:b4fc6bd4824a48a52d9d13e0465914bc593bae1a]
[1:26:07 AM] [bHd63#6] Doc Johnson: disconnected (Exiting)
[1:26:17 AM] [bHd63#5] BlazewolfV1: said "/handsup"
[1:26:20 AM] [bHd63#5] BlazewolfV1: said "/handsu"
[1:26:24 AM] [bHd63#5] BlazewolfV1: said "/handsups"
[1:26:25 AM] [bHd63#5] BlazewolfV1: said "/handsup"
[1:26:46 AM] [bHd63#7] Doc Johnson: joined with identifiers [steam:11000013e90334b; license:b4fc6bd4824a48a52d9d13e0465914bc593bae1a; xbl:2535410156961594; live:1055521933202735; discord:340245944220254210; fivem:11532384; license2:b4fc6bd4824a48a52d9d13e0465914bc593bae1a]
[1:33:56 AM] [bHd63#5] BlazewolfV1: said "/hideHUD"
[1:33:56 AM] [bHd63#7] Doc Johnson: said "/hideHUD"
[1:38:25 AM] [bHd63#5] BlazewolfV1: died from suicide (Falling)
[1:38:25 AM] [bHd63#7] Doc Johnson: died from suicide (Falling)
[1:38:27 AM] [bHd63#5] BlazewolfV1: disconnected (Exiting)
[1:38:31 AM] [bHd63#7] Doc Johnson: disconnected (Exiting)
[1:38:53 AM] [bHd63#8] BlazewolfV1: joined with identifiers [steam:11000014c0af4d6; license:034b4ec00b617ed260bdf85c4f38d0d808f19925; xbl:2535455258048430; live:844425001122073; discord:556116411886469143; fivem:7690152; license2:e463f58279a9da223bfce67240fdbedf17f5775e]
[1:39:15 AM] [bHd63#9] Doc Johnson: joined with identifiers [steam:11000013e90334b; license:b4fc6bd4824a48a52d9d13e0465914bc593bae1a; xbl:2535410156961594; live:1055521933202735; discord:340245944220254210; fivem:11532384; license2:b4fc6bd4824a48a52d9d13e0465914bc593bae1a]
[1:48:44 AM] [bHd63#9] Doc Johnson: died from suicide (Falling)
[1:56:02 AM] [bHd63#9] Doc Johnson: said "/hideHUD"
[1:58:04 AM] [bHd63#9] Doc Johnson: said "/hideHUD"
[1:58:35 AM] [bHd63#8] BlazewolfV1: said "/depota"
[1:58:37 AM] [bHd63#8] BlazewolfV1: said "/depota"
[2:04:29 AM] [bHd63#8] BlazewolfV1: said "/hideHUD"
[2:11:22 AM] [bHd63#8] BlazewolfV1: said "/hideHUD"
[2:12:48 AM] [bHd63#9] Doc Johnson: died from Pistol by BlazewolfV1
[2:16:33 AM] [bHd63#9] Doc Johnson: caused an explosion (CAR)
[2:16:58 AM] [bHd63#8] BlazewolfV1: caused an explosion (CAR)
[2:20:45 AM] [bHd63#8] BlazewolfV1: died from suicide (Falling)
[2:21:20 AM] [bHd63#8] BlazewolfV1: died from suicide (Falling)
[2:27:25 AM] [bHd63#8] BlazewolfV1: said "/hideHUD"
[2:27:39 AM] [bHd63#8] BlazewolfV1: said "/createscebe"
[2:37:17 AM] [bHd63#9] Doc Johnson: died from SMG by BlazewolfV1
[2:39:11 AM] [bHd63#8] BlazewolfV1: caused an explosion (TRUCK)
[2:39:12 AM] [bHd63#8] BlazewolfV1: died from suicide (Explosion)
[2:39:32 AM] [bHd63#8] BlazewolfV1: died from unknown by Doc Johnson
[2:44:07 AM] [bHd63#8] BlazewolfV1: disconnected (Exiting)
[2:57:51 AM] [bHd63#4] Mr.Green: died from suicide (Falling)
[3:09:11 AM] [bHd63#4] Mr.Green: disconnected (Exiting)
[3:17:09 AM] [bHd63#10] missberrymedley: joined with identifiers [steam:11000010cab8d07; license:7a3a5bfb5af789cb5f02843e29cc4ee338b0a294; xbl:2535413783067581; live:1688853905214434; discord:461174423903535107; fivem:1697557; license2:ec1926a90f33d1955abd2276f36a7c3ed4c51a23]
[3:46:46 AM] [bHd63#9] Doc Johnson: died from suicide (Falling)
[3:59:11 AM] [bHd63#9] Doc Johnson: disconnected (Exiting)
[3:59:49 AM] [bHd63#11] φοῖνιξ: joined with identifiers [steam:11000010ee88c01; license:ee681c08d9d45c48bf5af06870d7d23d75db16dc; xbl:2535430200613003; live:985158121988759; discord:305372052683096065; fivem:10488223; license2:ee681c08d9d45c48bf5af06870d7d23d75db16dc]
[4:30:34 AM] [bHd63#11] φοῖνιξ: died from suicide (Falling)
[4:31:59 AM] [bHd63#11] φοῖνιξ: died from suicide (Falling)
[4:37:49 AM] [bHd63#10] missberrymedley: said "/handsup"
[4:38:11 AM] [bHd63#10] missberrymedley: said "/carry"
[4:38:56 AM] [bHd63#11] φοῖνιξ: disconnected (Exiting)
[4:39:34 AM] [bHd63#12] φοῖνιξ: joined with identifiers [steam:11000010ee88c01; license:ee681c08d9d45c48bf5af06870d7d23d75db16dc; xbl:2535430200613003; live:985158121988759; discord:305372052683096065; fivem:10488223; license2:ee681c08d9d45c48bf5af06870d7d23d75db16dc]
[4:44:12 AM] [bHd63#10] missberrymedley: said "/crossarms5"
[4:44:13 AM] [bHd63#10] missberrymedley: said "/crossarms5"
[4:44:13 AM] [bHd63#10] missberrymedley: said "/ecrossarms5"
[4:44:14 AM] [bHd63#10] missberrymedley: said "/crossarms5"
[4:44:14 AM] [bHd63#10] missberrymedley: said "/ecrossarms5"
[4:44:14 AM] [bHd63#10] missberrymedley: said "/crossarms5"
[4:44:14 AM] [bHd63#10] missberrymedley: said "/ecrossarms5"
[4:44:15 AM] [bHd63#10] missberrymedley: said "/crossarms5"
[4:44:15 AM] [bHd63#10] missberrymedley: said "/ecrossarms5"
[4:44:15 AM] [bHd63#10] missberrymedley: said "/crossarms5"
[4:44:15 AM] [bHd63#10] missberrymedley: said "/ecrossarms5"
[4:44:15 AM] [bHd63#10] missberrymedley: said "/crossarms5"
[4:44:15 AM] [bHd63#10] missberrymedley: said "/ecrossarms5"
[4:44:16 AM] [bHd63#10] missberrymedley: said "/crossarms5"
[4:44:16 AM] [bHd63#10] missberrymedley: said "/ecrossarms5"
[4:44:16 AM] [bHd63#10] missberrymedley: said "/crossarms5"
[4:44:16 AM] [bHd63#10] missberrymedley: said "/ecrossarms5"
[4:44:16 AM] [bHd63#10] missberrymedley: said "/crossarms5"
[4:44:16 AM] [bHd63#10] missberrymedley: said "/ecrossarms5"
[4:44:16 AM] [bHd63#10] missberrymedley: said "/crossarms5"
[4:44:16 AM] [bHd63#10] missberrymedley: said "/ecrossarms5"
[4:44:16 AM] [bHd63#10] missberrymedley: said "/crossarms5"
[4:44:16 AM] [bHd63#10] missberrymedley: said "/ecrossarms5"
[4:44:16 AM] [bHd63#10] missberrymedley: said "/crossarms5"
[4:44:16 AM] [bHd63#10] missberrymedley: said "/ecrossarms5"
[4:44:17 AM] [bHd63#10] missberrymedley: said "/crossarms5"
[4:44:17 AM] [bHd63#10] missberrymedley: said "/ecrossarms5"
[4:44:17 AM] [bHd63#10] missberrymedley: said "/crossarms5"
[4:44:17 AM] [bHd63#10] missberrymedley: said "/ecrossarms5"
[4:44:17 AM] [bHd63#10] missberrymedley: said "/crossarms5"
[4:44:17 AM] [bHd63#10] missberrymedley: said "/ecrossarms5"
[5:19:38 AM] [bHd63#13] MJL: joined with identifiers [steam:1100001324fa523; license:ec6c328d6d02f816bf13e4a9d09768c02d6e3125; xbl:2535415531070562; live:1055522508602522; discord:213410953641852928; fivem:2586828]
[5:22:58 AM] [bHd63#13] MJL: said "job"
[5:23:17 AM] [bHd63#13] MJL: died from suicide (Falling)
[5:24:28 AM] [bHd63#14] JOSH: joined with identifiers [steam:1100001438fe567; license:b6284c20b4ad2c41c48d4a31859b65ae2a417ec8; discord:405075418769522708; fivem:12124231; license2:b6284c20b4ad2c41c48d4a31859b65ae2a417ec8]
[5:25:25 AM] [bHd63#13] MJL: died from suicide (Falling)
[5:28:23 AM] [bHd63#15] Mr.Green: joined with identifiers [steam:110000117f12b1a; license:8cb9f8548eb4c7764c77849cfa2ff397ec016f08; xbl:2535433922801834; live:985153858977618; discord:322443072233537556; fivem:10498222; license2:6dd94f8afb9d56223c4c530061c5ab1316c72c1c]
[5:28:43 AM] [bHd63#12] φοῖνιξ: said "/changejob"
[5:29:03 AM] [bHd63#13] MJL: died from suicide (Falling)
[5:30:23 AM] [bHd63#13] MJL: died from suicide (Falling)
[5:30:36 AM] [bHd63#13] MJL: died from suicide (Falling)
[5:30:40 AM] txAdmin: ((Broadcast) txAdmin): said "This server is scheduled to restart in 30 minutes."
[5:32:12 AM] [bHd63#12] φοῖνιξ: died from suicide (Falling)
[5:35:20 AM] [bHd63#13] MJL: said "//escort"
[5:41:49 AM] [bHd63#10] missberrymedley: said "/crossarms5"
[5:41:49 AM] [bHd63#10] missberrymedley: said "/ecrossarms5"
[5:41:50 AM] [bHd63#10] missberrymedley: said "/crossarms5"
[5:41:50 AM] [bHd63#10] missberrymedley: said "/ecrossarms5"
[5:42:39 AM] [bHd63#16] DaddyDizzle: joined with identifiers [steam:11000014bb53aeb; license:e0893217ab0d40d6a510bcbfe1c9441b4a208a2b; discord:584024523989581834; fivem:8961289; license2:e0893217ab0d40d6a510bcbfe1c9441b4a208a2b]
[5:44:30 AM] [bHd63#16] DaddyDizzle: said "/hideHUD"
[5:44:31 AM] [bHd63#16] DaddyDizzle: said "/hideHUD"
[5:45:40 AM] txAdmin: ((Broadcast) txAdmin): said "This server is scheduled to restart in 15 minutes."
[5:46:45 AM] [bHd63#16] DaddyDizzle: said "/outfit use 1"
[5:47:08 AM] [bHd63#13] MJL: disconnected (Exiting)
[5:47:28 AM] [bHd63#14] JOSH: said "/quit'"
[5:47:30 AM] [bHd63#14] JOSH: disconnected (Exiting)
[5:47:49 AM] [bHd63#16] DaddyDizzle: said "/hideHUD"
[5:50:41 AM] txAdmin: ((Broadcast) txAdmin): said "This server is scheduled to restart in 10 minutes."
[5:53:57 AM] [bHd63#16] DaddyDizzle: said "/hideHUD"
[5:54:11 AM] [bHd63#10] missberrymedley: said "/invoice"
[5:55:40 AM] txAdmin: ((Broadcast) txAdmin): said "This server is scheduled to restart in 5 minutes."
[5:55:49 AM] [bHd63#16] DaddyDizzle: said "/hideHUD"
[5:56:40 AM] txAdmin: ((Broadcast) txAdmin): said "This server is scheduled to restart in 4 minutes."
[5:57:41 AM] txAdmin: ((Broadcast) txAdmin): said "This server is scheduled to restart in 3 minutes."
[5:57:56 AM] [bHd63#15] Mr.Green: disconnected (Exiting)
[5:58:25 AM] [bHd63#16] DaddyDizzle: said "/hideHUD"
[5:58:31 AM] [bHd63#16] DaddyDizzle: disconnected (Exiting)
[5:58:41 AM] txAdmin: ((Broadcast) txAdmin): said "This server is scheduled to restart in 2 minutes."
[5:58:47 AM] [bHd63#10] missberrymedley: died from suicide (Falling)
[5:59:26 AM] [bHd63#10] missberrymedley: died from suicide (Falling)
[5:59:41 AM] txAdmin: ((Broadcast) txAdmin): said "This server is scheduled to restart in 1 minute. Please disconnect now."
[6:00:40 AM] [bHd63#10] missberrymedley: disconnected ([txAdmin] Server restarting (scheduled restart at 06:00).)
[6:00:40 AM] [bHd63#12] φοῖνιξ: disconnected ([txAdmin] Server restarting (scheduled restart at 06:00).)
[6:01:30 AM] txAdmin: Logger started
[6:02:45 AM] [piQ7G#1] missberrymedley: joined with identifiers [steam:11000010cab8d07; license:7a3a5bfb5af789cb5f02843e29cc4ee338b0a294; xbl:2535413783067581; live:1688853905214434; discord:461174423903535107; fivem:1697557; license2:ec1926a90f33d1955abd2276f36a7c3ed4c51a23]
[6:04:41 AM] [piQ7G#2] φοῖνιξ: joined with identifiers [steam:11000010ee88c01; license:ee681c08d9d45c48bf5af06870d7d23d75db16dc; xbl:2535430200613003; live:985158121988759; discord:305372052683096065; fivem:10488223; license2:ee681c08d9d45c48bf5af06870d7d23d75db16dc]
[6:06:27 AM] [piQ7G#3] JOSH: joined with identifiers [steam:1100001438fe567; license:b6284c20b4ad2c41c48d4a31859b65ae2a417ec8; discord:405075418769522708; fivem:12124231; license2:b6284c20b4ad2c41c48d4a31859b65ae2a417ec8]
[6:06:42 AM] [piQ7G#4] DaddyDizzle: joined with identifiers [steam:11000014bb53aeb; license:e0893217ab0d40d6a510bcbfe1c9441b4a208a2b; discord:584024523989581834; fivem:8961289; license2:e0893217ab0d40d6a510bcbfe1c9441b4a208a2b]
[6:07:51 AM] [piQ7G#5] MJL: joined with identifiers [steam:1100001324fa523; license:ec6c328d6d02f816bf13e4a9d09768c02d6e3125; xbl:2535415531070562; live:1055522508602522; discord:213410953641852928; fivem:2586828]
[6:11:29 AM] [piQ7G#4] DaddyDizzle: died from suicide (Falling)
[6:12:36 AM] [piQ7G#4] DaddyDizzle: died from suicide (Falling)
[6:13:20 AM] [piQ7G#4] DaddyDizzle: said "/bindkeyboard "7" "escort""
[6:13:59 AM] [piQ7G#4] DaddyDizzle: died from suicide (Falling)
[6:14:24 AM] [piQ7G#6] Mr.Green: joined with identifiers [steam:110000117f12b1a; license:8cb9f8548eb4c7764c77849cfa2ff397ec016f08; xbl:2535433922801834; live:985153858977618; discord:322443072233537556; fivem:10498222; license2:6dd94f8afb9d56223c4c530061c5ab1316c72c1c]
[6:18:21 AM] [piQ7G#4] DaddyDizzle: said "/hideHUD"
[6:21:05 AM] [piQ7G#5] MJL: died from suicide (Falling)
[6:22:27 AM] [piQ7G#4] DaddyDizzle: said "/radar"
[6:22:50 AM] [piQ7G#5] MJL: died from suicide (Falling)
[6:23:12 AM] [piQ7G#4] DaddyDizzle: said "/radar_l_lock"
[6:23:19 AM] [piQ7G#1] missberrymedley: said "/keybind keyboad "f4" "e notepad""
[6:23:34 AM] [piQ7G#4] DaddyDizzle: said "/radar"
[6:23:35 AM] [piQ7G#1] missberrymedley: said "/keybind keyboad "f5" "e notepad""
[6:23:38 AM] [piQ7G#1] missberrymedley: said "/crossarms5"
[6:23:39 AM] [piQ7G#1] missberrymedley: said "/crossarms5"
[6:23:40 AM] [piQ7G#1] missberrymedley: said "/crossarms5"
[6:23:40 AM] [piQ7G#1] missberrymedley: said "/crossarms5"
[6:23:40 AM] [piQ7G#1] missberrymedley: said "/crossarms5"
[6:24:21 AM] [piQ7G#5] MJL: died from suicide (Falling)
[6:24:23 AM] [piQ7G#1] missberrymedley: said "/keybind keyboard "f5" "e notepad""
[6:24:25 AM] [piQ7G#1] missberrymedley: said "/crossarms5"
[6:24:26 AM] [piQ7G#1] missberrymedley: said "/crossarms5"
[6:24:27 AM] [piQ7G#1] missberrymedley: said "/crossarms5"
[6:24:27 AM] [piQ7G#1] missberrymedley: said "/crossarms5"
[6:24:27 AM] [piQ7G#1] missberrymedley: said "/crossarms5"
[6:24:27 AM] [piQ7G#1] missberrymedley: said "/crossarms5"
[6:24:27 AM] [piQ7G#1] missberrymedley: said "/crossarms5"
[6:24:31 AM] [piQ7G#1] missberrymedley: said "/crossarms5"
[6:24:48 AM] [piQ7G#1] missberrymedley: said "/keybind keyboard "numpad 5" "e notepad""
[6:24:54 AM] [piQ7G#1] missberrymedley: said "/crossarms5"
[6:24:54 AM] [piQ7G#1] missberrymedley: said "/crossarms5"
[6:24:55 AM] [piQ7G#1] missberrymedley: said "/crossarms5"
[6:24:56 AM] [piQ7G#1] missberrymedley: said "/crossarms5"
[6:24:56 AM] [piQ7G#1] missberrymedley: said "/crossarms5"
[6:24:57 AM] [piQ7G#1] missberrymedley: said "/crossarms5"
[6:24:57 AM] [piQ7G#4] DaddyDizzle: said "/radar"
[6:25:04 AM] [piQ7G#4] DaddyDizzle: said "/radar"
[6:25:38 AM] [piQ7G#1] missberrymedley: said "/crossarms5"
[6:25:38 AM] [piQ7G#1] missberrymedley: said "/ecrossarms5"
[6:25:39 AM] [piQ7G#1] missberrymedley: said "/crossarms5"
[6:25:39 AM] [piQ7G#1] missberrymedley: said "/ecrossarms5"
[6:25:40 AM] [piQ7G#1] missberrymedley: said "/crossarms5"
[6:25:42 AM] [piQ7G#1] missberrymedley: said "/crossarms5"
[6:25:50 AM] [piQ7G#4] DaddyDizzle: said "/radar"
[6:26:00 AM] [piQ7G#5] MJL: died from suicide (Falling)
[6:26:24 AM] [piQ7G#5] MJL: said "/cat jester4"
[6:26:47 AM] [piQ7G#5] MJL: said "/hideHUD"
[6:27:00 AM] [piQ7G#5] MJL: died from suicide (Falling)
[6:27:21 AM] [piQ7G#1] missberrymedley: said "/crossarms5"
[6:27:22 AM] [piQ7G#1] missberrymedley: said "/crossarms5"
[6:27:23 AM] [piQ7G#1] missberrymedley: said "/crossarms5"
[6:27:23 AM] [piQ7G#1] missberrymedley: said "/crossarms5"
[6:27:31 AM] [piQ7G#1] missberrymedley: said "/crossarms5"
[6:29:30 AM] [piQ7G#6] Mr.Green: disconnected (Exiting)
[6:30:07 AM] [piQ7G#5] MJL: said "/hideHUD"
[6:30:14 AM] [piQ7G#4] DaddyDizzle: said "/hideHUD"
[6:30:32 AM] [piQ7G#7] marcusblackwell7: joined with identifiers [steam:110000154d96125; license:b90a0574761cd349c5a4e1d6372c3ba96f26a074; discord:667904617446768652; fivem:7859917; license2:b90a0574761cd349c5a4e1d6372c3ba96f26a074]
[6:30:52 AM] [piQ7G#5] MJL: said "/kill3"
[6:30:55 AM] [piQ7G#3] JOSH: died from suicide (Falling)
[6:31:16 AM] [piQ7G#5] MJL: died from suicide (Falling)
[6:33:00 AM] [piQ7G#5] MJL: died from suicide (Falling)
[6:34:55 AM] [piQ7G#1] missberrymedley: said "/crossarms5"
[6:41:27 AM] [piQ7G#8] BotOnMnK: joined with identifiers [steam:11000014df460ff; license:06a61b4c40fc28c0a6e0a709ba99ffb637152b33; xbl:2535406023679221; live:1055518462074046; discord:1043623556015194112; fivem:9907274; license2:06a61b4c40fc28c0a6e0a709ba99ffb637152b33]
[6:45:53 AM] [piQ7G#3] JOSH: disconnected (Exiting)
[6:46:42 AM] [piQ7G#5] MJL: disconnected (Exiting)
[6:46:47 AM] [piQ7G#1] missberrymedley: disconnected ([txAdmin] Server shutting down (requested by mjl1106).)
[6:46:47 AM] [piQ7G#2] φοῖνιξ: disconnected ([txAdmin] Server shutting down (requested by mjl1106).)
[6:46:47 AM] [piQ7G#4] DaddyDizzle: disconnected ([txAdmin] Server shutting down (requested by mjl1106).)
[6:46:47 AM] [piQ7G#7] marcusblackwell7: disconnected ([txAdmin] Server shutting down (requested by mjl1106).)
[6:46:47 AM] [piQ7G#8] BotOnMnK: disconnected ([txAdmin] Server shutting down (requested by mjl1106).)

================================================================
======== txAdmin Starting - 3/23/2024, 7:04:34 AM               
================================================================
[7:07:28 AM] txAdmin: Logger started
[7:08:16 AM] [eJnxr#1] φοῖνιξ: joined with identifiers [steam:11000010ee88c01; license:ee681c08d9d45c48bf5af06870d7d23d75db16dc; xbl:2535430200613003; live:985158121988759; discord:305372052683096065; fivem:10488223; license2:ee681c08d9d45c48bf5af06870d7d23d75db16dc]
[7:08:53 AM] [eJnxr#2] missberrymedley: joined with identifiers [steam:11000010cab8d07; license:7a3a5bfb5af789cb5f02843e29cc4ee338b0a294; xbl:2535413783067581; live:1688853905214434; discord:461174423903535107; fivem:1697557; license2:ec1926a90f33d1955abd2276f36a7c3ed4c51a23]
[7:11:24 AM] [eJnxr#3] marcusblackwell7: joined with identifiers [steam:110000154d96125; license:b90a0574761cd349c5a4e1d6372c3ba96f26a074; discord:667904617446768652; fivem:7859917; license2:b90a0574761cd349c5a4e1d6372c3ba96f26a074]
[7:11:38 AM] [eJnxr#4] DaddyDizzle: joined with identifiers [steam:11000014bb53aeb; license:e0893217ab0d40d6a510bcbfe1c9441b4a208a2b; discord:584024523989581834; fivem:8961289; license2:e0893217ab0d40d6a510bcbfe1c9441b4a208a2b]
[7:11:39 AM] [eJnxr#5] BotOnMnK: joined with identifiers [steam:11000014df460ff; license:06a61b4c40fc28c0a6e0a709ba99ffb637152b33; xbl:2535406023679221; live:1055518462074046; discord:1043623556015194112; fivem:9907274; license2:06a61b4c40fc28c0a6e0a709ba99ffb637152b33]
[7:12:51 AM] [eJnxr#3] marcusblackwell7: said "/hideHUD"
[7:18:36 AM] [eJnxr#2] missberrymedley: said "/crossarms5"
[7:18:36 AM] [eJnxr#2] missberrymedley: said "/ecrossarms5"
[7:21:45 AM] [eJnxr#6] Kody Pepperfield: joined with identifiers [steam:11000010c770c55; license:3219d00ad3af143df0db5d2bed38fe7460729e68; xbl:2535451109437060; live:1055521765014399; discord:152991330048540672; fivem:12674089; license2:3e576e238fb0360dab034daae9fc7459afbacb59]
[7:22:29 AM] [eJnxr#7] Anne Flank: joined with identifiers [steam:1100001097e125b; license:a938a74170975c01e88f463aea01684a16f28545; xbl:2535409246266710; live:1899947325711585; discord:293157047682465793; license2:9eb41e0279fe15e33ff86440bafc2105d3b78f01]
[7:23:57 AM] [eJnxr#1] φοῖνιξ: died from suicide (Falling)
[7:24:42 AM] [eJnxr#8] JOSH: joined with identifiers [steam:1100001438fe567; license:b6284c20b4ad2c41c48d4a31859b65ae2a417ec8; discord:405075418769522708; fivem:12124231; license2:b6284c20b4ad2c41c48d4a31859b65ae2a417ec8]
[7:30:10 AM] [eJnxr#6] Kody Pepperfield: said "/vehiclmenu"
[7:30:52 AM] [eJnxr#2] missberrymedley: said "/crossarms5"
[7:30:52 AM] [eJnxr#2] missberrymedley: said "/ecrossarms5"
[7:37:14 AM] [eJnxr#9] MJL: joined with identifiers [steam:1100001324fa523; license:ec6c328d6d02f816bf13e4a9d09768c02d6e3125; xbl:2535415531070562; live:1055522508602522; discord:213410953641852928; fivem:2586828]
[7:44:18 AM] [eJnxr#3] marcusblackwell7: said "/r"
[7:44:18 AM] [eJnxr#3] marcusblackwell7: disconnected (Exiting)
[7:44:48 AM] [eJnxr#10] marcusblackwell7: joined with identifiers [steam:110000154d96125; license:b90a0574761cd349c5a4e1d6372c3ba96f26a074; discord:667904617446768652; fivem:7859917; license2:b90a0574761cd349c5a4e1d6372c3ba96f26a074]
[7:44:57 AM] [eJnxr#6] Kody Pepperfield: said "//e superhero"
[7:53:02 AM] [eJnxr#4] DaddyDizzle: said "/hideHUD"
[7:55:01 AM] [eJnxr#2] missberrymedley: said "/crossarms5"
[7:55:14 AM] [eJnxr#4] DaddyDizzle: disconnected (Exiting)
[7:56:01 AM] [eJnxr#11] DaddyDizzle: joined with identifiers [steam:11000014bb53aeb; license:e0893217ab0d40d6a510bcbfe1c9441b4a208a2b; discord:584024523989581834; fivem:8961289; license2:e0893217ab0d40d6a510bcbfe1c9441b4a208a2b]
[7:56:08 AM] [eJnxr#2] missberrymedley: said "/crossarms5"
[8:06:52 AM] [eJnxr#5] BotOnMnK: said "/hideHUD"
[8:12:08 AM] [eJnxr#11] DaddyDizzle: said "/hideHUD"
[8:19:19 AM] [eJnxr#1] φοῖνιξ: died from Ranover by Vehicle by Kody Pepperfield
[8:20:29 AM] [eJnxr#7] Anne Flank: died from Pistol by BotOnMnK
[8:21:02 AM] [eJnxr#10] marcusblackwell7: died from Pistol by BotOnMnK
[8:21:17 AM] [eJnxr#5] BotOnMnK: died from Pump Shotgun by Kody Pepperfield
[8:26:03 AM] [eJnxr#11] DaddyDizzle: said "/hideHUD"
[8:27:10 AM] [eJnxr#11] DaddyDizzle: said "/vd"
[8:27:13 AM] [eJnxr#11] DaddyDizzle: said "/hideHUD"
[8:29:21 AM] [eJnxr#12] Kamakazi Gamdom: joined with identifiers [steam:11000010e87be4d; license:b27179133e8df658895ecd5f756db2a4a4c8cd08; xbl:2533275003431282; live:1829581607460581; discord:242888314108116992; fivem:11442758; license2:e1e3866f24a1a081ffd211b7c1805c667b695651]
[8:29:56 AM] [eJnxr#11] DaddyDizzle: died from suicide (Falling)
[8:30:31 AM] [eJnxr#11] DaddyDizzle: said "/hideHUD"
[8:30:32 AM] [eJnxr#6] Kody Pepperfield: disconnected (Exiting)
[8:30:32 AM] [eJnxr#11] DaddyDizzle: said "/hideHUD"
[8:30:33 AM] [eJnxr#11] DaddyDizzle: said "/hideHUD"
[8:30:37 AM] [eJnxr#11] DaddyDizzle: said "/hideHUD"
[8:30:40 AM] [eJnxr#11] DaddyDizzle: said "/hideHUD"
[8:32:08 AM] [eJnxr#2] missberrymedley: said "/crossarms5"
[8:32:08 AM] [eJnxr#2] missberrymedley: said "/ecrossarms5"
[8:32:39 AM] [eJnxr#5] BotOnMnK: said "/hideHUD"
[8:34:52 AM] [eJnxr#8] JOSH: died from Fist by marcusblackwell7
[8:36:58 AM] [eJnxr#12] Kamakazi Gamdom: said "tpm"
[8:38:15 AM] [eJnxr#10] marcusblackwell7: died from unknown by Kamakazi Gamdom
[8:38:17 AM] [eJnxr#8] JOSH: died from unknown by Kamakazi Gamdom
[8:42:25 AM] [eJnxr#10] marcusblackwell7: disconnected (Exiting)
[8:42:33 AM] [eJnxr#9] MJL: disconnected (Exiting)
[8:43:09 AM] [eJnxr#8] JOSH: said "/hideHUD"
[8:43:11 AM] [eJnxr#8] JOSH: disconnected (Exiting)
[8:43:16 AM] [eJnxr#7] Anne Flank: disconnected ([txAdmin] Server restarting (requested by mjl1106).)
[8:43:16 AM] [eJnxr#1] φοῖνιξ: disconnected ([txAdmin] Server restarting (requested by mjl1106).)
[8:43:16 AM] [eJnxr#2] missberrymedley: disconnected ([txAdmin] Server restarting (requested by mjl1106).)
[8:43:16 AM] [eJnxr#5] BotOnMnK: disconnected ([txAdmin] Server restarting (requested by mjl1106).)
[8:43:16 AM] [eJnxr#11] DaddyDizzle: disconnected ([txAdmin] Server restarting (requested by mjl1106).)
[8:43:16 AM] [eJnxr#12] Kamakazi Gamdom: disconnected ([txAdmin] Server restarting (requested by mjl1106).)
[8:46:49 AM] txAdmin: Logger started
[8:47:42 AM] [fpq7K#1] BotOnMnK: joined with identifiers [steam:11000014df460ff; license:06a61b4c40fc28c0a6e0a709ba99ffb637152b33; xbl:2535406023679221; live:1055518462074046; discord:1043623556015194112; fivem:9907274; license2:06a61b4c40fc28c0a6e0a709ba99ffb637152b33]
[8:47:42 AM] [fpq7K#2] φοῖνιξ: joined with identifiers [steam:11000010ee88c01; license:ee681c08d9d45c48bf5af06870d7d23d75db16dc; xbl:2535430200613003; live:985158121988759; discord:305372052683096065; fivem:10488223; license2:ee681c08d9d45c48bf5af06870d7d23d75db16dc]
[8:48:14 AM] [fpq7K#3] missberrymedley: joined with identifiers [steam:11000010cab8d07; license:7a3a5bfb5af789cb5f02843e29cc4ee338b0a294; xbl:2535413783067581; live:1688853905214434; discord:461174423903535107; fivem:1697557; license2:ec1926a90f33d1955abd2276f36a7c3ed4c51a23]
[8:48:17 AM] [fpq7K#4] Anne Flank: joined with identifiers [steam:1100001097e125b; license:a938a74170975c01e88f463aea01684a16f28545; xbl:2535409246266710; live:1899947325711585; discord:293157047682465793; license2:9eb41e0279fe15e33ff86440bafc2105d3b78f01]
[8:49:20 AM] [fpq7K#5] MJL: joined with identifiers [steam:1100001324fa523; license:ec6c328d6d02f816bf13e4a9d09768c02d6e3125; xbl:2535415531070562; live:1055522508602522; discord:213410953641852928; fivem:2586828]
[8:53:05 AM] [fpq7K#6] Kamakazi Gamdom: joined with identifiers [steam:11000010e87be4d; license:b27179133e8df658895ecd5f756db2a4a4c8cd08; xbl:2533275003431282; live:1829581607460581; discord:242888314108116992; fivem:11442758; license2:e1e3866f24a1a081ffd211b7c1805c667b695651]
[8:59:39 AM] [fpq7K#4] Anne Flank: said "/ui-r"
[9:02:48 AM] [fpq7K#7] D20_OG: joined with identifiers [steam:110000118208d04; license:78264314a900a686181e306063932f7a75dede88; xbl:2533274819184604; live:844427138197021; discord:396522725851660301; fivem:1395350]
[9:09:29 AM] [fpq7K#8] DaddyDizzle: joined with identifiers [steam:11000014bb53aeb; license:e0893217ab0d40d6a510bcbfe1c9441b4a208a2b; discord:584024523989581834; fivem:8961289; license2:e0893217ab0d40d6a510bcbfe1c9441b4a208a2b]
[9:11:04 AM] [fpq7K#8] DaddyDizzle: said "/hideHUD"
[9:12:28 AM] [fpq7K#3] missberrymedley: said "/crossarms5"
[9:12:57 AM] [fpq7K#6] Kamakazi Gamdom: disconnected (Exiting)
[9:13:04 AM] [fpq7K#3] missberrymedley: said "/crossarms5"
[9:13:42 AM] [fpq7K#9] Kamakazi Gamdom: joined with identifiers [steam:11000010e87be4d; license:b27179133e8df658895ecd5f756db2a4a4c8cd08; xbl:2533275003431282; live:1829581607460581; discord:242888314108116992; fivem:11442758; license2:e1e3866f24a1a081ffd211b7c1805c667b695651]
[9:13:44 AM] [fpq7K#8] DaddyDizzle: said "/admind"
[9:14:22 AM] [fpq7K#10] Kody Pepperfield: joined with identifiers [steam:11000010c770c55; license:3219d00ad3af143df0db5d2bed38fe7460729e68; xbl:2535451109437060; live:1055521765014399; discord:152991330048540672; fivem:12674089; license2:3e576e238fb0360dab034daae9fc7459afbacb59]
[9:15:48 AM] [fpq7K#4] Anne Flank: disconnected (Exiting)
[9:18:19 AM] [fpq7K#2] φοῖνιξ: disconnected (Exiting)
[9:18:22 AM] [fpq7K#3] missberrymedley: disconnected (Exiting)
[9:21:13 AM] [fpq7K#7] D20_OG: disconnected (Exiting)
[9:27:27 AM] [fpq7K#10] Kody Pepperfield: said "/hideHUD"
[9:28:14 AM] [fpq7K#10] Kody Pepperfield: said "/vehiclemeny"
[9:29:41 AM] [fpq7K#11] panda: joined with identifiers [steam:110000146f8c41b; license:a96a897e2341db6c451c8e879631e4fe3dd17a75; discord:983461401874010132; license2:ab1aa085aa6a2e34bc0d447a61b42ebb9af16033]
[9:35:52 AM] [fpq7K#9] Kamakazi Gamdom: said "/hideHUD"
[9:36:00 AM] [fpq7K#9] Kamakazi Gamdom: said "/hideHUD"
[9:36:07 AM] [fpq7K#9] Kamakazi Gamdom: said "/hideHUD"
[9:37:09 AM] [fpq7K#12] D20_OG: joined with identifiers [steam:110000118208d04; license:78264314a900a686181e306063932f7a75dede88; xbl:2533274819184604; live:844427138197021; discord:396522725851660301; fivem:1395350]
[9:39:23 AM] [fpq7K#10] Kody Pepperfield: died from Ranover by Vehicle by DaddyDizzle
[9:40:11 AM] [fpq7K#9] Kamakazi Gamdom: died from Pistol by BotOnMnK
[9:41:57 AM] [fpq7K#13] Le0va: joined with identifiers [steam:110000115ceb248; license:eb50d0f0e1234a21689c685afbb0031705183403; xbl:2535464818703766; live:985157324057631; discord:246676459643600897; fivem:8879279; license2:eb50d0f0e1234a21689c685afbb0031705183403]
[9:43:18 AM] [fpq7K#14] JOSH: joined with identifiers [steam:1100001438fe567; license:b6284c20b4ad2c41c48d4a31859b65ae2a417ec8; discord:405075418769522708; fivem:12124231; license2:b6284c20b4ad2c41c48d4a31859b65ae2a417ec8]
[9:44:18 AM] [fpq7K#15] Gaming: joined with identifiers [license:cb5cc9b99f5b53c656d60cc7ff0e5f68f364688f; xbl:2535417184814297; live:1055519330314964; discord:668792968165064735; fivem:11149236; license2:cb5cc9b99f5b53c656d60cc7ff0e5f68f364688f]
[9:44:40 AM] [fpq7K#13] Le0va: said "/lip"
[9:44:52 AM] [fpq7K#13] Le0va: died from unknown by DaddyDizzle
[9:46:31 AM] [fpq7K#5] MJL: died from suicide
[9:46:42 AM] [fpq7K#10] Kody Pepperfield: died from unknown by DaddyDizzle
[9:47:19 AM] [fpq7K#1] BotOnMnK: died from unknown by DaddyDizzle
[9:47:27 AM] [fpq7K#10] Kody Pepperfield: died from unknown by DaddyDizzle
[9:47:29 AM] [fpq7K#1] BotOnMnK: died from unknown by DaddyDizzle
[9:48:03 AM] [fpq7K#15] Gaming: said "/radio"
[9:48:26 AM] [fpq7K#5] MJL: died from suicide
[9:52:02 AM] [fpq7K#8] DaddyDizzle: said "/hideHUD"
[9:52:03 AM] [fpq7K#9] Kamakazi Gamdom: said "/hideHUD"
[9:52:36 AM] [fpq7K#10] Kody Pepperfield: said "/hideHUD"
[9:52:40 AM] [fpq7K#10] Kody Pepperfield: disconnected (Exiting)
[9:54:55 AM] [fpq7K#8] DaddyDizzle: said "refrehsin"
[9:56:24 AM] [fpq7K#16] Kody Pepperfield: joined with identifiers [steam:11000010c770c55; license:3219d00ad3af143df0db5d2bed38fe7460729e68; xbl:2535451109437060; live:1055521765014399; discord:152991330048540672; fivem:12674089; license2:3e576e238fb0360dab034daae9fc7459afbacb59]
[9:57:57 AM] [fpq7K#14] JOSH: died from suicide (Drowned in Vehicle)
[9:58:05 AM] [fpq7K#11] panda: said "/hudsettings"
[10:00:29 AM] [fpq7K#17] missberrymedley: joined with identifiers [steam:11000010cab8d07; license:7a3a5bfb5af789cb5f02843e29cc4ee338b0a294; xbl:2535413783067581; live:1688853905214434; discord:461174423903535107; fivem:1697557; license2:ec1926a90f33d1955abd2276f36a7c3ed4c51a23]
[10:00:45 AM] [fpq7K#9] Kamakazi Gamdom: said "/hideHUD"
[10:00:46 AM] [fpq7K#9] Kamakazi Gamdom: said "/hideHUD"
[10:00:47 AM] [fpq7K#9] Kamakazi Gamdom: said "/hideHUD"
[10:00:47 AM] [fpq7K#9] Kamakazi Gamdom: said "/hideHUD"
[10:00:48 AM] [fpq7K#9] Kamakazi Gamdom: said "/hideHUD"
[10:00:49 AM] [fpq7K#9] Kamakazi Gamdom: said "/hideHUD"
[10:05:16 AM] [fpq7K#8] DaddyDizzle: said "/hideHUD"
[10:05:16 AM] [fpq7K#9] Kamakazi Gamdom: said "/hideHUD"
[10:05:17 AM] [fpq7K#9] Kamakazi Gamdom: said "/hideHUD"
[10:05:18 AM] [fpq7K#9] Kamakazi Gamdom: said "/hideHUD"
[10:05:18 AM] [fpq7K#9] Kamakazi Gamdom: said "/hideHUD"
[10:05:20 AM] [fpq7K#9] Kamakazi Gamdom: said "/hideHUD"
[10:05:20 AM] [fpq7K#9] Kamakazi Gamdom: said "/hideHUD"
[10:05:30 AM] [fpq7K#9] Kamakazi Gamdom: said "/hideHUD"
[10:05:31 AM] [fpq7K#9] Kamakazi Gamdom: said "/hideHUD"
[10:05:33 AM] [fpq7K#9] Kamakazi Gamdom: said "/hideHUD"
[10:05:54 AM] [fpq7K#16] Kody Pepperfield: said "//e superhero"
[10:07:31 AM] [fpq7K#12] D20_OG: disconnected (Exiting)
[10:09:02 AM] [fpq7K#18] D20_OG: joined with identifiers [steam:110000118208d04; license:78264314a900a686181e306063932f7a75dede88; xbl:2533274819184604; live:844427138197021; discord:396522725851660301; fivem:1395350]
[10:14:22 AM] [fpq7K#17] missberrymedley: died from suicide (Falling)
[10:19:21 AM] [fpq7K#17] missberrymedley: said "/crossarms5"
[10:20:19 AM] [fpq7K#17] missberrymedley: said "/crossarms5"
[10:21:13 AM] [fpq7K#15] Gaming: died from unknown by DaddyDizzle
[10:21:14 AM] [fpq7K#1] BotOnMnK: died from unknown by DaddyDizzle
[10:27:06 AM] [fpq7K#17] missberrymedley: said "/crossarms5"
[10:27:25 AM] [fpq7K#17] missberrymedley: said "/crossarms5"
[10:30:29 AM] [fpq7K#9] Kamakazi Gamdom: said "/hideHUD"
[10:31:50 AM] [fpq7K#17] missberrymedley: said "/crossarms5"
[10:35:39 AM] [fpq7K#19] φοῖνιξ: joined with identifiers [steam:11000010ee88c01; license:ee681c08d9d45c48bf5af06870d7d23d75db16dc; xbl:2535430200613003; live:985158121988759; discord:305372052683096065; fivem:10488223; license2:ee681c08d9d45c48bf5af06870d7d23d75db16dc]
[10:39:24 AM] [fpq7K#20] Anne Flank: joined with identifiers [steam:1100001097e125b; license:a938a74170975c01e88f463aea01684a16f28545; xbl:2535409246266710; live:1899947325711585; discord:293157047682465793; license2:9eb41e0279fe15e33ff86440bafc2105d3b78f01]
[10:41:38 AM] [fpq7K#17] missberrymedley: said "/crossarms5"
[10:41:38 AM] [fpq7K#17] missberrymedley: said "/ecrossarms5"
[10:42:13 AM] [fpq7K#21] Mr.Green: joined with identifiers [steam:110000117f12b1a; license:8cb9f8548eb4c7764c77849cfa2ff397ec016f08; xbl:2535433922801834; live:985153858977618; discord:322443072233537556; fivem:10498222; license2:6dd94f8afb9d56223c4c530061c5ab1316c72c1c]
[10:45:45 AM] [fpq7K#17] missberrymedley: said "/crossarms5"
[10:45:45 AM] [fpq7K#17] missberrymedley: said "/ecrossarms5"
[10:48:42 AM] [fpq7K#22] marcusblackwell7: joined with identifiers [steam:110000154d96125; license:b90a0574761cd349c5a4e1d6372c3ba96f26a074; discord:667904617446768652; fivem:7859917; license2:b90a0574761cd349c5a4e1d6372c3ba96f26a074]
[10:57:43 AM] [fpq7K#8] DaddyDizzle: said "/hideHUD"
[10:57:44 AM] [fpq7K#8] DaddyDizzle: said "/hideHUD"
[10:57:45 AM] [fpq7K#8] DaddyDizzle: said "/hideHUD"
[11:01:25 AM] [fpq7K#15] Gaming: disconnected (Game crashed: september-uranus-charlie (d3d11.dll+10442E))
[11:02:48 AM] [fpq7K#23] Gaming: joined with identifiers [license:cb5cc9b99f5b53c656d60cc7ff0e5f68f364688f; xbl:2535417184814297; live:1055519330314964; discord:668792968165064735; fivem:11149236; license2:cb5cc9b99f5b53c656d60cc7ff0e5f68f364688f]
[11:03:27 AM] [fpq7K#11] panda: died from suicide (Falling)
[11:06:32 AM] [fpq7K#22] marcusblackwell7: said "/hideHUD"
[11:06:35 AM] [fpq7K#22] marcusblackwell7: said "/r"
[11:06:36 AM] [fpq7K#22] marcusblackwell7: disconnected (Exiting)
[11:16:04 AM] [fpq7K#1] BotOnMnK: disconnected (Game crashed: d3d11.dll!CContext::TID3D11DeviceContext_SetShaderResources_<1,4> (0x161))
[11:17:15 AM] [fpq7K#24] BotOnMnK: joined with identifiers [steam:11000014df460ff; license:06a61b4c40fc28c0a6e0a709ba99ffb637152b33; xbl:2535406023679221; live:1055518462074046; discord:1043623556015194112; fivem:9907274; license2:06a61b4c40fc28c0a6e0a709ba99ffb637152b33]
[11:18:41 AM] [fpq7K#20] Anne Flank: died from suicide (Falling)
[11:19:58 AM] [fpq7K#9] Kamakazi Gamdom: said "/hideHUD"
[11:20:00 AM] [fpq7K#9] Kamakazi Gamdom: said "/hideHUD"
[11:20:02 AM] [fpq7K#9] Kamakazi Gamdom: said "/hideHUD"
[11:20:04 AM] [fpq7K#9] Kamakazi Gamdom: said "/hideHUD"
[11:20:05 AM] [fpq7K#9] Kamakazi Gamdom: said "/hideHUD"
[11:20:28 AM] [fpq7K#9] Kamakazi Gamdom: said "/admin\"
[11:24:10 AM] [fpq7K#24] BotOnMnK: died from Machete by Kamakazi Gamdom
[11:24:15 AM] [fpq7K#14] JOSH: died from suicide (Falling)
[11:24:18 AM] [fpq7K#24] BotOnMnK: died from Pump Shotgun by Kody Pepperfield
[11:25:09 AM] [fpq7K#24] BotOnMnK: died from unknown by Kamakazi Gamdom
[11:25:16 AM] [fpq7K#16] Kody Pepperfield: died from unknown by Kamakazi Gamdom
[11:25:20 AM] [fpq7K#24] BotOnMnK: died from unknown by DaddyDizzle
[11:27:04 AM] [fpq7K#14] JOSH: said "/repair"
[11:27:26 AM] [fpq7K#24] BotOnMnK: died from Ranover by Vehicle by panda
[11:27:40 AM] [fpq7K#11] panda: died from unknown by DaddyDizzle
[11:28:32 AM] [fpq7K#9] Kamakazi Gamdom: died from suicide (Falling)
[11:29:22 AM] [fpq7K#14] JOSH: said "/hideHUD"
[11:29:28 AM] [fpq7K#24] BotOnMnK: died from unknown by Kamakazi Gamdom
[11:29:34 AM] [fpq7K#24] BotOnMnK: died from unknown by DaddyDizzle
[11:34:55 AM] [fpq7K#21] Mr.Green: disconnected (Game crashed: GTA5_b2699.exe!_setSamplersForPixelShader (0x89))
[11:34:59 AM] [fpq7K#9] Kamakazi Gamdom: said "/hideHUD"
[11:35:02 AM] [fpq7K#9] Kamakazi Gamdom: disconnected (Exiting)
[11:36:55 AM] [fpq7K#11] panda: disconnected (Exiting)
[11:40:10 AM] [fpq7K#8] DaddyDizzle: said "/hideHUD"
[11:43:17 AM] [fpq7K#20] Anne Flank: disconnected (Exiting)
[11:44:15 AM] [fpq7K#23] Gaming: disconnected (1041)
[11:49:04 AM] [fpq7K#25] ChaoticHusky: joined with identifiers [steam:11000010029f557; license:ffa722ce481d32447ecc2110bd9053de9fe09e29; xbl:2535444200609606; live:1055521887551984; discord:248984682509631489; fivem:11633014; license2:82c05601c4dfb733561d9b579d75f304cda29a58]
[11:55:07 AM] [fpq7K#13] Le0va: died from suicide
[12:03:33 PM] [fpq7K#18] D20_OG: disconnected (Exiting)
[12:07:29 PM] [fpq7K#26] Kamakazi Gamdom: joined with identifiers [steam:11000010e87be4d; license:b27179133e8df658895ecd5f756db2a4a4c8cd08; xbl:2533275003431282; live:1829581607460581; discord:242888314108116992; fivem:11442758; license2:e1e3866f24a1a081ffd211b7c1805c667b695651]
[12:12:14 PM] [fpq7K#5] MJL: disconnected (text.afk_kick_message)
[12:15:03 PM] [fpq7K#17] missberrymedley: said "/crossarms5"
[12:15:52 PM] [fpq7K#27] Mr.Green: joined with identifiers [steam:110000117f12b1a; license:8cb9f8548eb4c7764c77849cfa2ff397ec016f08; xbl:2535433922801834; live:985153858977618; discord:322443072233537556; fivem:10498222; license2:6dd94f8afb9d56223c4c530061c5ab1316c72c1c]
[12:19:21 PM] [fpq7K#25] ChaoticHusky: said "/selfie"
[12:20:39 PM] [fpq7K#26] Kamakazi Gamdom: said "/hideHUD"
[12:22:03 PM] [fpq7K#26] Kamakazi Gamdom: said "/hideHUD"
[12:22:29 PM] [fpq7K#26] Kamakazi Gamdom: said "/hideHUD"
[12:24:26 PM] [fpq7K#27] Mr.Green: disconnected (Exiting)
[12:26:57 PM] [fpq7K#16] Kody Pepperfield: said "//e superhero"
[12:28:31 PM] [fpq7K#17] missberrymedley: said "/crossarms5"
[12:37:49 PM] [fpq7K#25] ChaoticHusky: said "/info"
[12:42:46 PM] [fpq7K#26] Kamakazi Gamdom: died from Pump Shotgun by Kody Pepperfield
[12:43:24 PM] [fpq7K#19] φοῖνιξ: died from unknown by Kamakazi Gamdom
[12:43:31 PM] [fpq7K#24] BotOnMnK: died from Pump Shotgun by Kody Pepperfield
[12:43:36 PM] [fpq7K#16] Kody Pepperfield: said "//e superhero"
[12:43:59 PM] [fpq7K#8] DaddyDizzle: died from suicide (Falling)
[12:45:08 PM] [fpq7K#24] BotOnMnK: died from Pistol by φοῖνιξ
[12:45:12 PM] [fpq7K#24] BotOnMnK: died from unknown by DaddyDizzle
[12:45:32 PM] [fpq7K#26] Kamakazi Gamdom: disconnected (banned)
[12:45:48 PM] [fpq7K#19] φοῖνιξ: died from unknown by DaddyDizzle
[12:45:56 PM] [fpq7K#16] Kody Pepperfield: died from unknown by DaddyDizzle
[12:46:00 PM] [fpq7K#8] DaddyDizzle: died from Pistol by BotOnMnK
[12:46:09 PM] [fpq7K#24] BotOnMnK: died from unknown by DaddyDizzle
[12:50:25 PM] [fpq7K#28] Gaming: joined with identifiers [license:cb5cc9b99f5b53c656d60cc7ff0e5f68f364688f; xbl:2535417184814297; live:1055519330314964; discord:668792968165064735; fivem:11149236; license2:cb5cc9b99f5b53c656d60cc7ff0e5f68f364688f]
[12:51:27 PM] [fpq7K#16] Kody Pepperfield: died from suicide (Falling)
[12:51:32 PM] [fpq7K#24] BotOnMnK: died from suicide (Falling)
[12:51:42 PM] [fpq7K#16] Kody Pepperfield: died from suicide (Falling)
[12:51:52 PM] [fpq7K#8] DaddyDizzle: died from Pistol by Gaming
[12:53:25 PM] [fpq7K#16] Kody Pepperfield: said "/vehiclemeny"
[12:53:49 PM] [fpq7K#25] ChaoticHusky: disconnected (Exiting)
[12:55:52 PM] [fpq7K#29] Anne Flank: joined with identifiers [steam:1100001097e125b; license:a938a74170975c01e88f463aea01684a16f28545; xbl:2535409246266710; live:1899947325711585; discord:293157047682465793; license2:9eb41e0279fe15e33ff86440bafc2105d3b78f01]
[12:56:02 PM] [fpq7K#14] JOSH: said "/th"
[12:57:21 PM] [fpq7K#17] missberrymedley: said ".ec"
[12:57:29 PM] [fpq7K#17] missberrymedley: said "/ec"
[12:57:47 PM] [fpq7K#17] missberrymedley: said "/ec"
[12:59:24 PM] [fpq7K#14] JOSH: said "/th"
[12:59:25 PM] [fpq7K#14] JOSH: said "/th"
[1:00:47 PM] [fpq7K#14] JOSH: disconnected (Game crashed: d3d11.dll!CContext::TID3D11DeviceContext_SetShaderResources_<1,4> (0x161))
[1:02:06 PM] [fpq7K#30] JOSH: joined with identifiers [steam:1100001438fe567; license:b6284c20b4ad2c41c48d4a31859b65ae2a417ec8; discord:405075418769522708; fivem:12124231; license2:b6284c20b4ad2c41c48d4a31859b65ae2a417ec8]
[1:04:52 PM] [fpq7K#29] Anne Flank: died from Pistol by φοῖνιξ
[1:05:14 PM] [fpq7K#8] DaddyDizzle: said "noclip"
[1:05:51 PM] [fpq7K#31] Mr.Green: joined with identifiers [steam:110000117f12b1a; license:8cb9f8548eb4c7764c77849cfa2ff397ec016f08; xbl:2535433922801834; live:985153858977618; discord:322443072233537556; fivem:10498222; license2:6dd94f8afb9d56223c4c530061c5ab1316c72c1c]
[1:06:12 PM] [fpq7K#32] D20_OG: joined with identifiers [steam:110000118208d04; license:78264314a900a686181e306063932f7a75dede88; xbl:2533274819184604; live:844427138197021; discord:396522725851660301; fivem:1395350]
[1:09:36 PM] [fpq7K#30] JOSH: said "/th"
[1:11:42 PM] [fpq7K#16] Kody Pepperfield: disconnected (Exiting)
[1:12:45 PM] [fpq7K#30] JOSH: said "/th"
[1:12:45 PM] [fpq7K#30] JOSH: said "/th"
[1:20:02 PM] [fpq7K#30] JOSH: disconnected (Exiting)
[1:28:40 PM] [fpq7K#19] φοῖνιξ: died from unknown by DaddyDizzle
[1:28:59 PM] [fpq7K#19] φοῖνιξ: died from Bat by Anne Flank
[1:29:22 PM] [fpq7K#19] φοῖνιξ: died from unknown by DaddyDizzle
[1:29:45 PM] [fpq7K#29] Anne Flank: died from Pistol by φοῖνιξ
[1:30:26 PM] [fpq7K#19] φοῖνιξ: died from Bat by Anne Flank
[1:30:42 PM] txAdmin: ((Broadcast) txAdmin): said "This server is scheduled to restart in 30 minutes."
[1:42:27 PM] [fpq7K#24] BotOnMnK: died from suicide (Falling)
[1:42:39 PM] [fpq7K#19] φοῖνιξ: died from suicide (Falling)
[1:42:45 PM] [fpq7K#24] BotOnMnK: died from suicide (Falling)
[1:42:56 PM] [fpq7K#19] φοῖνιξ: died from suicide (Falling)
[1:43:22 PM] [fpq7K#29] Anne Flank: disconnected (Exiting)
[1:45:42 PM] txAdmin: ((Broadcast) txAdmin): said "This server is scheduled to restart in 15 minutes."
[1:46:19 PM] [fpq7K#33] Rollo_Trollo: joined with identifiers [steam:110000105388248; license:885da4c7ff748316ae69dc4092024dd378866599; xbl:2533274838319533; live:1899946045819328; discord:97100778031808512; license2:885da4c7ff748316ae69dc4092024dd378866599]
[1:46:56 PM] [fpq7K#34] Chip Diamond: joined with identifiers [steam:11000010ea65d99; license:f3a2650224382e13f875afc3765c83f6655e596b; xbl:2535473701065398; live:844428061678846; discord:484538642031706129; fivem:13469420; license2:f3a2650224382e13f875afc3765c83f6655e596b]
[1:47:02 PM] [fpq7K#24] BotOnMnK: said "/roll"
[1:50:42 PM] txAdmin: ((Broadcast) txAdmin): said "This server is scheduled to restart in 10 minutes."
[1:51:22 PM] [fpq7K#19] φοῖνιξ: said "/printer"
[1:51:26 PM] [fpq7K#35] Bashd: joined with identifiers [license:a00857b602d138b5ec7509d31a9a89d95ef3395e; xbl:2535446564592413; live:985154622891630; discord:810419830540337152; fivem:5554937; license2:a00857b602d138b5ec7509d31a9a89d95ef3395e]
[1:55:43 PM] txAdmin: ((Broadcast) txAdmin): said "This server is scheduled to restart in 5 minutes."
[1:56:18 PM] [fpq7K#32] D20_OG: disconnected (Exiting)
[1:56:42 PM] txAdmin: ((Broadcast) txAdmin): said "This server is scheduled to restart in 4 minutes."
[1:56:52 PM] [fpq7K#36] marcusblackwell7: joined with identifiers [steam:110000154d96125; license:b90a0574761cd349c5a4e1d6372c3ba96f26a074; discord:667904617446768652; fivem:7859917; license2:b90a0574761cd349c5a4e1d6372c3ba96f26a074]
[1:57:43 PM] txAdmin: ((Broadcast) txAdmin): said "This server is scheduled to restart in 3 minutes."
[1:58:31 PM] [fpq7K#19] φοῖνιξ: disconnected (Exiting)
[1:58:35 PM] [fpq7K#17] missberrymedley: disconnected (Exiting)
[1:58:43 PM] txAdmin: ((Broadcast) txAdmin): said "This server is scheduled to restart in 2 minutes."
[1:59:42 PM] txAdmin: ((Broadcast) txAdmin): said "This server is scheduled to restart in 1 minute. Please disconnect now."
[1:59:51 PM] [fpq7K#37] Lowfy: joined with identifiers [steam:11000015d3c6319; license:d6e52e9a47c6b7580a1883f45c7e5edb67f6b7d4; discord:1109100924049309786; fivem:13204888; license2:d6e52e9a47c6b7580a1883f45c7e5edb67f6b7d4]
[1:59:56 PM] [fpq7K#33] Rollo_Trollo: disconnected (Exiting)
[2:00:11 PM] [fpq7K#34] Chip Diamond: died from unknown by DaddyDizzle
[2:00:15 PM] [fpq7K#28] Gaming: died from unknown by DaddyDizzle
[2:00:17 PM] [fpq7K#31] Mr.Green: died from unknown by DaddyDizzle
[2:00:20 PM] [fpq7K#36] marcusblackwell7: died from unknown by DaddyDizzle
[2:00:21 PM] [fpq7K#24] BotOnMnK: died from unknown by DaddyDizzle
[2:00:29 PM] [fpq7K#34] Chip Diamond: died from unknown by DaddyDizzle
[2:00:29 PM] [fpq7K#28] Gaming: died from unknown by DaddyDizzle
[2:00:31 PM] [fpq7K#24] BotOnMnK: died from unknown by DaddyDizzle
[2:00:31 PM] [fpq7K#36] marcusblackwell7: died from unknown by DaddyDizzle
[2:00:31 PM] [fpq7K#31] Mr.Green: died from unknown by DaddyDizzle
[2:00:36 PM] [fpq7K#35] Bashd: died from unknown by DaddyDizzle
[2:00:40 PM] [fpq7K#35] Bashd: disconnected (Exiting)
[2:00:42 PM] [fpq7K#8] DaddyDizzle: disconnected ([txAdmin] Server restarting (scheduled restart at 14:00).)
[2:00:42 PM] [fpq7K#13] Le0va: disconnected ([txAdmin] Server restarting (scheduled restart at 14:00).)
[2:00:42 PM] [fpq7K#36] marcusblackwell7: disconnected ([txAdmin] Server restarting (scheduled restart at 14:00).)
[2:00:42 PM] [fpq7K#24] BotOnMnK: disconnected ([txAdmin] Server restarting (scheduled restart at 14:00).)
[2:00:42 PM] [fpq7K#28] Gaming: disconnected ([txAdmin] Server restarting (scheduled restart at 14:00).)
[2:00:42 PM] [fpq7K#31] Mr.Green: disconnected ([txAdmin] Server restarting (scheduled restart at 14:00).)
[2:00:42 PM] [fpq7K#34] Chip Diamond: disconnected ([txAdmin] Server restarting (scheduled restart at 14:00).)
[2:00:42 PM] [fpq7K#37] Lowfy: disconnected ([txAdmin] Server restarting (scheduled restart at 14:00).)
[2:04:49 PM] txAdmin: Logger started
[2:05:30 PM] [mpVKz#1] Gaming: joined with identifiers [license:cb5cc9b99f5b53c656d60cc7ff0e5f68f364688f; xbl:2535417184814297; live:1055519330314964; discord:668792968165064735; fivem:11149236; license2:cb5cc9b99f5b53c656d60cc7ff0e5f68f364688f]
[2:05:32 PM] [mpVKz#2] marcusblackwell7: joined with identifiers [steam:110000154d96125; license:b90a0574761cd349c5a4e1d6372c3ba96f26a074; discord:667904617446768652; fivem:7859917; license2:b90a0574761cd349c5a4e1d6372c3ba96f26a074]
[2:05:36 PM] [mpVKz#3] Chip Diamond: joined with identifiers [steam:11000010ea65d99; license:f3a2650224382e13f875afc3765c83f6655e596b; xbl:2535473701065398; live:844428061678846; discord:484538642031706129; fivem:13469420; license2:f3a2650224382e13f875afc3765c83f6655e596b]
[2:05:37 PM] [mpVKz#4] missberrymedley: joined with identifiers [steam:11000010cab8d07; license:7a3a5bfb5af789cb5f02843e29cc4ee338b0a294; xbl:2535413783067581; live:1688853905214434; discord:461174423903535107; fivem:1697557; license2:ec1926a90f33d1955abd2276f36a7c3ed4c51a23]
[2:06:13 PM] [mpVKz#5] DaddyDizzle: joined with identifiers [steam:11000014bb53aeb; license:e0893217ab0d40d6a510bcbfe1c9441b4a208a2b; discord:584024523989581834; fivem:8961289; license2:e0893217ab0d40d6a510bcbfe1c9441b4a208a2b]
[2:06:22 PM] [mpVKz#6] Mr.Green: joined with identifiers [steam:110000117f12b1a; license:8cb9f8548eb4c7764c77849cfa2ff397ec016f08; xbl:2535433922801834; live:985153858977618; discord:322443072233537556; fivem:10498222; license2:6dd94f8afb9d56223c4c530061c5ab1316c72c1c]
[2:07:41 PM] [mpVKz#7] BotOnMnK: joined with identifiers [steam:11000014df460ff; license:06a61b4c40fc28c0a6e0a709ba99ffb637152b33; xbl:2535406023679221; live:1055518462074046; discord:1043623556015194112; fivem:9907274; license2:06a61b4c40fc28c0a6e0a709ba99ffb637152b33]
[2:08:07 PM] [mpVKz#8] Rollo_Trollo: joined with identifiers [steam:110000105388248; license:885da4c7ff748316ae69dc4092024dd378866599; xbl:2533274838319533; live:1899946045819328; discord:97100778031808512; license2:885da4c7ff748316ae69dc4092024dd378866599]
[2:08:54 PM] [mpVKz#9] Bashd: joined with identifiers [license:a00857b602d138b5ec7509d31a9a89d95ef3395e; xbl:2535446564592413; live:985154622891630; discord:810419830540337152; fivem:5554937; license2:a00857b602d138b5ec7509d31a9a89d95ef3395e]
[2:09:08 PM] [mpVKz#10] Lowfy: joined with identifiers [steam:11000015d3c6319; license:d6e52e9a47c6b7580a1883f45c7e5edb67f6b7d4; discord:1109100924049309786; fivem:13204888; license2:d6e52e9a47c6b7580a1883f45c7e5edb67f6b7d4]
[2:18:29 PM] [mpVKz#11] φοῖνιξ: joined with identifiers [steam:11000010ee88c01; license:ee681c08d9d45c48bf5af06870d7d23d75db16dc; xbl:2535430200613003; live:985158121988759; discord:305372052683096065; fivem:10488223; license2:ee681c08d9d45c48bf5af06870d7d23d75db16dc]
[2:18:35 PM] [mpVKz#6] Mr.Green: disconnected (Game crashed: d3d11.dll!??$TID3D11DeviceContext_SetShaderResources_@$00$03@CContext@@SAXPEAUID3D11DeviceContext5@@IIPEBQEAUID3D11ShaderResourceView@@@Z (0x13e))
[2:19:11 PM] [mpVKz#3] Chip Diamond: said "/carry"
[2:19:40 PM] [mpVKz#12] Mr.Green: joined with identifiers [steam:110000117f12b1a; license:8cb9f8548eb4c7764c77849cfa2ff397ec016f08; xbl:2535433922801834; live:985153858977618; discord:322443072233537556; fivem:10498222; license2:6dd94f8afb9d56223c4c530061c5ab1316c72c1c]
[2:26:10 PM] [mpVKz#5] DaddyDizzle: said "/reviv"
[2:26:38 PM] [mpVKz#9] Bashd: said "/vallet3"
[2:26:43 PM] [mpVKz#9] Bashd: said "/vallet 3"
[2:31:18 PM] [mpVKz#4] missberrymedley: said "/clear"
[2:34:48 PM] [mpVKz#11] φοῖνιξ: disconnected (Exiting)
[2:37:41 PM] [mpVKz#13] Le Bos: joined with identifiers [steam:110000111baa8b1; license:bda6f9cde356d6126cea9acd106016efdadb020c; discord:470171465388392468; license2:fd54cebafe46049548f218abfec15693031d634f]
[2:38:19 PM] [mpVKz#14] dudem: joined with identifiers [license:ee681c08d9d45c48bf5af06870d7d23d75db16dc; xbl:2535430200613003; live:985158121988759; discord:305372052683096065; fivem:10488223; license2:ee681c08d9d45c48bf5af06870d7d23d75db16dc]
[2:39:56 PM] [mpVKz#3] Chip Diamond: said "/carry"
[2:47:06 PM] [mpVKz#15] Prime: joined with identifiers [steam:11000010ca11a3e; license:f7dcdb2337cb359eab1d01dbb378da219cffa61c; xbl:2535470342658869; live:1829581630186829; discord:218191942377406464; fivem:3083043; license2:6fb7e6793c6bdcdc1e0c5f9b3ab6accd839e0285]
[2:48:08 PM] [mpVKz#16] BlazewolfV1: joined with identifiers [steam:11000014c0af4d6; license:034b4ec00b617ed260bdf85c4f38d0d808f19925; xbl:2535455258048430; live:844425001122073; discord:556116411886469143; fivem:7690152; license2:e463f58279a9da223bfce67240fdbedf17f5775e]
[2:51:07 PM] [mpVKz#9] Bashd: disconnected (Exiting)
[2:53:50 PM] [mpVKz#5] DaddyDizzle: said "/hideHUD"
[2:53:52 PM] [mpVKz#5] DaddyDizzle: said "/hideHUD"
[2:53:57 PM] [mpVKz#5] DaddyDizzle: said "/hideHUD"
[2:53:57 PM] [mpVKz#5] DaddyDizzle: said "/hideHUD"
[2:54:01 PM] [mpVKz#17] Kody Pepperfield: joined with identifiers [steam:11000010c770c55; license:3219d00ad3af143df0db5d2bed38fe7460729e68; xbl:2535451109437060; live:1055521765014399; discord:152991330048540672; fivem:12674089; license2:3e576e238fb0360dab034daae9fc7459afbacb59]
[2:54:02 PM] [mpVKz#5] DaddyDizzle: said "/hideHUD"
[2:54:04 PM] [mpVKz#5] DaddyDizzle: said "/hideHUD"
[2:54:06 PM] [mpVKz#5] DaddyDizzle: said "/hideHUD"
[2:54:06 PM] [mpVKz#5] DaddyDizzle: said "/hideHUD"
[2:54:08 PM] [mpVKz#5] DaddyDizzle: said "/hideHUD"
[2:54:10 PM] [mpVKz#5] DaddyDizzle: said "/hideHUD"
[2:54:12 PM] [mpVKz#5] DaddyDizzle: said "/hideHUD"
[2:54:16 PM] [mpVKz#5] DaddyDizzle: said "/hideHUD"
[2:56:33 PM] [mpVKz#13] Le Bos: disconnected (Server->client connection timed out. Last seen 50279 msec ago.)
[2:57:49 PM] [mpVKz#18] D20_OG: joined with identifiers [steam:110000118208d04; license:78264314a900a686181e306063932f7a75dede88; xbl:2533274819184604; live:844427138197021; discord:396522725851660301; fivem:1395350]
[2:58:20 PM] [mpVKz#1] Gaming: disconnected (brb)
[3:00:07 PM] [mpVKz#19] Nestl: joined with identifiers [steam:110000149880bad; license:9daa0977f2ccf82e790d12610cf33fed5dacfed9; xbl:2535419590571835; live:914798558023613; discord:769967905973993482; fivem:7347046; license2:2cd768c619b24b0015ea596524ad491bca341df9]
[3:03:19 PM] [mpVKz#10] Lowfy: disconnected (Exiting)
[3:15:15 PM] [mpVKz#14] dudem: said "/givekey 4"
[3:15:40 PM] [mpVKz#19] Nestl: said "/hideHUD"
[3:20:23 PM] [mpVKz#19] Nestl: died from Pistol by BlazewolfV1
[3:21:41 PM] [mpVKz#3] Chip Diamond: disconnected (Exiting)
[3:21:54 PM] [mpVKz#20] Kamakazi Gamdom: joined with identifiers [steam:11000010e87be4d; license:b27179133e8df658895ecd5f756db2a4a4c8cd08; xbl:2533275003431282; live:1829581607460581; discord:242888314108116992; fivem:11442758; license2:e1e3866f24a1a081ffd211b7c1805c667b695651]
[3:27:05 PM] [mpVKz#21] 3knuckler: joined with identifiers [steam:1100001459e413e; license:2f45efc6fc5236b2edf98268ec669c60ecd4b984; discord:797538341758566441; fivem:10306690; license2:e28cdd42b265b48561576dcfc5b5f6141a05a949]
[3:28:44 PM] [mpVKz#20] Kamakazi Gamdom: said "/hideHUD"
[3:29:41 PM] [mpVKz#20] Kamakazi Gamdom: said "/hideHUD"
[3:31:47 PM] [mpVKz#19] Nestl: died from suicide (Falling)
[3:31:47 PM] [mpVKz#16] BlazewolfV1: died from suicide (Falling)
[3:33:37 PM] [mpVKz#20] Kamakazi Gamdom: said "/hideHUD"
[3:33:54 PM] [mpVKz#22] MJL: joined with identifiers [steam:1100001324fa523; license:ec6c328d6d02f816bf13e4a9d09768c02d6e3125; xbl:2535415531070562; live:1055522508602522; discord:213410953641852928; fivem:2586828]
[3:36:28 PM] [mpVKz#18] D20_OG: died from suicide (Falling)
[3:36:40 PM] [mpVKz#5] DaddyDizzle: said "/refreshskiv"
[3:36:43 PM] [mpVKz#4] missberrymedley: said "/crossarms5"
[3:36:43 PM] [mpVKz#4] missberrymedley: said "/ecrossarms5"
[3:38:26 PM] [mpVKz#7] BotOnMnK: said "/ec"
[3:38:56 PM] [mpVKz#14] dudem: disconnected (Exiting)
[3:40:12 PM] [mpVKz#23] Le Bos: joined with identifiers [steam:110000111baa8b1; license:bda6f9cde356d6126cea9acd106016efdadb020c; discord:470171465388392468; license2:fd54cebafe46049548f218abfec15693031d634f]
[3:43:13 PM] [mpVKz#21] 3knuckler: said "/cancelemote"
[3:43:13 PM] [mpVKz#21] 3knuckler: said "/reloadskin"
[3:45:21 PM] [mpVKz#17] Kody Pepperfield: said "/THU"
[3:46:15 PM] [mpVKz#21] 3knuckler: said "/cancelemote"
[3:46:15 PM] [mpVKz#21] 3knuckler: said "/reloadskin"
[3:46:18 PM] [mpVKz#21] 3knuckler: said "/cancelemote"
[3:46:18 PM] [mpVKz#21] 3knuckler: said "/reloadskin"
[3:46:18 PM] [mpVKz#21] 3knuckler: said "/cancelemote"
[3:46:18 PM] [mpVKz#21] 3knuckler: said "/reloadskin"
[3:46:18 PM] [mpVKz#21] 3knuckler: said "/cancelemote"
[3:46:18 PM] [mpVKz#21] 3knuckler: said "/reloadskin"
[3:46:19 PM] [mpVKz#21] 3knuckler: said "/cancelemote"
[3:46:19 PM] [mpVKz#21] 3knuckler: said "/reloadskin"
[3:46:20 PM] [mpVKz#21] 3knuckler: said "/cancelemote"
[3:46:20 PM] [mpVKz#21] 3knuckler: said "/reloadskin"
[3:46:20 PM] [mpVKz#21] 3knuckler: said "/cancelemote"
[3:46:20 PM] [mpVKz#21] 3knuckler: said "/reloadskin"
[3:47:10 PM] [mpVKz#21] 3knuckler: said "/cancelemote"
[3:47:10 PM] [mpVKz#21] 3knuckler: said "/reloadskin"
[3:47:11 PM] [mpVKz#21] 3knuckler: said "/cancelemote"
[3:47:11 PM] [mpVKz#21] 3knuckler: said "/reloadskin"
[3:47:12 PM] [mpVKz#21] 3knuckler: said "/cancelemote"
[3:47:12 PM] [mpVKz#21] 3knuckler: said "/reloadskin"
[3:47:29 PM] [mpVKz#21] 3knuckler: said "/cancelemote"
[3:47:29 PM] [mpVKz#21] 3knuckler: said "/reloadskin"
[3:47:48 PM] [mpVKz#21] 3knuckler: said "/cancelemote"
[3:47:48 PM] [mpVKz#21] 3knuckler: said "/reloadskin"
[3:48:07 PM] [mpVKz#21] 3knuckler: said "/cancelemote"
[3:48:07 PM] [mpVKz#21] 3knuckler: said "/reloadskin"
[3:48:23 PM] [mpVKz#21] 3knuckler: said "/cancelemote"
[3:48:23 PM] [mpVKz#21] 3knuckler: said "/reloadskin"
[3:48:23 PM] [mpVKz#21] 3knuckler: said "/cancelemote"
[3:48:23 PM] [mpVKz#21] 3knuckler: said "/reloadskin"
[3:48:24 PM] [mpVKz#21] 3knuckler: said "/cancelemote"
[3:48:24 PM] [mpVKz#21] 3knuckler: said "/reloadskin"
[3:48:24 PM] [mpVKz#21] 3knuckler: said "/cancelemote"
[3:48:24 PM] [mpVKz#21] 3knuckler: said "/reloadskin"
[3:48:24 PM] [mpVKz#21] 3knuckler: said "/cancelemote"
[3:48:24 PM] [mpVKz#21] 3knuckler: said "/reloadskin"
[3:48:24 PM] [mpVKz#21] 3knuckler: said "/cancelemote"
[3:48:24 PM] [mpVKz#21] 3knuckler: said "/reloadskin"
[3:48:24 PM] [mpVKz#21] 3knuckler: said "/cancelemote"
[3:48:24 PM] [mpVKz#21] 3knuckler: said "/reloadskin"
[3:48:25 PM] [mpVKz#21] 3knuckler: said "/cancelemote"
[3:48:25 PM] [mpVKz#21] 3knuckler: said "/reloadskin"
[3:48:25 PM] [mpVKz#21] 3knuckler: said "/cancelemote"
[3:48:25 PM] [mpVKz#21] 3knuckler: said "/reloadskin"
[3:48:26 PM] [mpVKz#21] 3knuckler: said "/cancelemote"
[3:48:26 PM] [mpVKz#21] 3knuckler: said "/reloadskin"
[3:48:27 PM] [mpVKz#21] 3knuckler: said "/cancelemote"
[3:48:27 PM] [mpVKz#21] 3knuckler: said "/reloadskin"
[3:48:27 PM] [mpVKz#21] 3knuckler: said "/cancelemote"
[3:48:27 PM] [mpVKz#21] 3knuckler: said "/reloadskin"
[3:48:27 PM] [mpVKz#21] 3knuckler: said "/cancelemote"
[3:48:27 PM] [mpVKz#21] 3knuckler: said "/reloadskin"
[3:48:27 PM] [mpVKz#21] 3knuckler: said "/cancelemote"
[3:48:27 PM] [mpVKz#21] 3knuckler: said "/reloadskin"
[3:48:27 PM] [mpVKz#21] 3knuckler: said "/cancelemote"
[3:48:27 PM] [mpVKz#21] 3knuckler: said "/reloadskin"
[3:48:28 PM] [mpVKz#21] 3knuckler: said "/cancelemote"
[3:48:28 PM] [mpVKz#21] 3knuckler: said "/reloadskin"
[3:48:28 PM] [mpVKz#21] 3knuckler: said "/cancelemote"
[3:48:28 PM] [mpVKz#21] 3knuckler: said "/reloadskin"
[3:48:28 PM] [mpVKz#21] 3knuckler: said "/cancelemote"
[3:48:28 PM] [mpVKz#21] 3knuckler: said "/reloadskin"
[3:48:28 PM] [mpVKz#21] 3knuckler: said "/cancelemote"
[3:48:28 PM] [mpVKz#21] 3knuckler: said "/reloadskin"
[3:48:32 PM] [mpVKz#21] 3knuckler: said "/cancelemote"
[3:48:32 PM] [mpVKz#21] 3knuckler: said "/reloadskin"
[3:48:33 PM] [mpVKz#21] 3knuckler: said "/cancelemote"
[3:48:33 PM] [mpVKz#21] 3knuckler: said "/reloadskin"
[3:48:33 PM] [mpVKz#21] 3knuckler: said "/cancelemote"
[3:48:33 PM] [mpVKz#21] 3knuckler: said "/reloadskin"
[3:48:33 PM] [mpVKz#21] 3knuckler: said "/cancelemote"
[3:48:33 PM] [mpVKz#21] 3knuckler: said "/reloadskin"
[3:48:33 PM] [mpVKz#21] 3knuckler: said "/cancelemote"
[3:48:33 PM] [mpVKz#21] 3knuckler: said "/reloadskin"
[3:48:33 PM] [mpVKz#21] 3knuckler: said "/cancelemote"
[3:48:33 PM] [mpVKz#21] 3knuckler: said "/reloadskin"
[3:48:34 PM] [mpVKz#21] 3knuckler: said "/cancelemote"
[3:48:34 PM] [mpVKz#21] 3knuckler: said "/reloadskin"
[3:48:34 PM] [mpVKz#21] 3knuckler: said "/cancelemote"
[3:48:34 PM] [mpVKz#21] 3knuckler: said "/reloadskin"
[3:48:34 PM] [mpVKz#21] 3knuckler: said "/cancelemote"
[3:48:34 PM] [mpVKz#21] 3knuckler: said "/reloadskin"
[3:48:34 PM] [mpVKz#21] 3knuckler: said "/cancelemote"
[3:48:34 PM] [mpVKz#21] 3knuckler: said "/reloadskin"
[3:48:34 PM] [mpVKz#21] 3knuckler: said "/cancelemote"
[3:48:34 PM] [mpVKz#21] 3knuckler: said "/reloadskin"
[3:48:35 PM] [mpVKz#21] 3knuckler: said "/cancelemote"
[3:48:35 PM] [mpVKz#21] 3knuckler: said "/reloadskin"
[3:48:35 PM] [mpVKz#21] 3knuckler: said "/cancelemote"
[3:48:35 PM] [mpVKz#21] 3knuckler: said "/reloadskin"
[3:48:45 PM] [mpVKz#21] 3knuckler: said "/cancelemote"
[3:48:45 PM] [mpVKz#21] 3knuckler: said "/reloadskin"
[3:48:57 PM] [mpVKz#21] 3knuckler: said "/cancelemote"
[3:48:57 PM] [mpVKz#21] 3knuckler: said "/reloadskin"
[3:49:07 PM] [mpVKz#8] Rollo_Trollo: disconnected (Game crashed: GTA5_b2699.exe!_setSamplersForPixelShader (0x89))
[3:49:36 PM] [mpVKz#18] D20_OG: said "/hideHUD"
[3:49:40 PM] [mpVKz#22] MJL: said "/exithouse"
[3:49:40 PM] [mpVKz#22] MJL: said "/enterhouse"
[3:49:42 PM] [mpVKz#22] MJL: said "/exithouse"
[3:49:42 PM] [mpVKz#22] MJL: said "/enterhouse"
[3:49:43 PM] [mpVKz#22] MJL: said "/exithouse"
[3:49:43 PM] [mpVKz#22] MJL: said "/enterhouse"
[3:49:45 PM] [mpVKz#22] MJL: said "/exithouse"
[3:49:45 PM] [mpVKz#22] MJL: said "/enterhouse"
[3:49:46 PM] [mpVKz#22] MJL: said "/exithouse"
[3:49:46 PM] [mpVKz#22] MJL: said "/enterhouse"
[3:49:49 PM] [mpVKz#24] Rollo_Trollo: joined with identifiers [steam:110000105388248; license:885da4c7ff748316ae69dc4092024dd378866599; xbl:2533274838319533; live:1899946045819328; discord:97100778031808512; license2:885da4c7ff748316ae69dc4092024dd378866599]
[3:50:38 PM] [mpVKz#17] Kody Pepperfield: said "/ENGINBE"
[3:53:44 PM] [mpVKz#22] MJL: died from suicide
[3:55:07 PM] [mpVKz#21] 3knuckler: said "/furnish"
[3:55:08 PM] [mpVKz#21] 3knuckler: said "/cancelemote"
[3:55:08 PM] [mpVKz#21] 3knuckler: said "/reloadskin"
[3:55:09 PM] [mpVKz#21] 3knuckler: said "/cancelemote"
[3:55:09 PM] [mpVKz#21] 3knuckler: said "/reloadskin"
[3:55:14 PM] [mpVKz#21] 3knuckler: said "/cancelemote"
[3:55:14 PM] [mpVKz#21] 3knuckler: said "/reloadskin"
[3:55:15 PM] [mpVKz#21] 3knuckler: said "/cancelemote"
[3:55:15 PM] [mpVKz#21] 3knuckler: said "/reloadskin"
[3:55:16 PM] [mpVKz#21] 3knuckler: said "/cancelemote"
[3:55:16 PM] [mpVKz#21] 3knuckler: said "/reloadskin"
[3:55:29 PM] [mpVKz#21] 3knuckler: said "/furnish"
[3:56:42 PM] [mpVKz#21] 3knuckler: said "/SEAT2"
[3:56:51 PM] [mpVKz#21] 3knuckler: said "/SEAT2"
[3:58:21 PM] [mpVKz#2] marcusblackwell7: disconnected (Game crashed: RAGE error: ERR_STR_INFO_2)
[3:58:56 PM] [mpVKz#21] 3knuckler: said "/cancelemote"
[3:58:56 PM] [mpVKz#21] 3knuckler: said "/reloadskin"
[3:58:56 PM] [mpVKz#21] 3knuckler: said "/cancelemote"
[3:58:56 PM] [mpVKz#21] 3knuckler: said "/reloadskin"
[3:58:57 PM] [mpVKz#21] 3knuckler: said "/cancelemote"
[3:58:57 PM] [mpVKz#21] 3knuckler: said "/reloadskin"
[3:58:57 PM] [mpVKz#21] 3knuckler: said "/cancelemote"
[3:58:57 PM] [mpVKz#21] 3knuckler: said "/reloadskin"
[3:59:04 PM] [mpVKz#21] 3knuckler: said "/reloadskin"
[3:59:39 PM] [mpVKz#25] marcusblackwell7: joined with identifiers [steam:110000154d96125; license:b90a0574761cd349c5a4e1d6372c3ba96f26a074; discord:667904617446768652; fivem:7859917; license2:b90a0574761cd349c5a4e1d6372c3ba96f26a074]
[4:04:11 PM] [mpVKz#19] Nestl: disconnected (Game crashed: d3d11.dll!CContext::TID3D11DeviceContext_SetShaderResources_<1,4> (0x161))
[4:04:31 PM] [mpVKz#21] 3knuckler: said "/cancelemote"
[4:04:31 PM] [mpVKz#21] 3knuckler: said "/reloadskin"
[4:04:31 PM] [mpVKz#21] 3knuckler: said "/cancelemote"
[4:04:31 PM] [mpVKz#21] 3knuckler: said "/reloadskin"
[4:04:37 PM] [mpVKz#21] 3knuckler: said "/cancelemote"
[4:04:37 PM] [mpVKz#21] 3knuckler: said "/reloadskin"
[4:05:31 PM] [mpVKz#26] Nestl: joined with identifiers [steam:110000149880bad; license:9daa0977f2ccf82e790d12610cf33fed5dacfed9; xbl:2535419590571835; live:914798558023613; discord:769967905973993482; fivem:7347046; license2:2cd768c619b24b0015ea596524ad491bca341df9]
[4:06:51 PM] [mpVKz#27] kei: joined with identifiers [steam:11000015d2ee6eb; license:3913c4b104383854d4710df1ad355c251bc85aea; xbl:2535406310135259; live:844426017862208; discord:727383105408598140; fivem:11241954; license2:3913c4b104383854d4710df1ad355c251bc85aea]
[4:10:29 PM] [mpVKz#21] 3knuckler: said "/cancelemote"
[4:10:29 PM] [mpVKz#21] 3knuckler: said "/reloadskin"
[4:10:29 PM] [mpVKz#21] 3knuckler: said "/cancelemote"
[4:10:29 PM] [mpVKz#21] 3knuckler: said "/reloadskin"
[4:10:29 PM] [mpVKz#21] 3knuckler: said "/cancelemote"
[4:10:29 PM] [mpVKz#21] 3knuckler: said "/reloadskin"
[4:10:37 PM] [mpVKz#20] Kamakazi Gamdom: said "/hideHUD"
[4:11:46 PM] [mpVKz#21] 3knuckler: said "/cancelemote"
[4:11:46 PM] [mpVKz#21] 3knuckler: said "/reloadskin"
[4:11:46 PM] [mpVKz#21] 3knuckler: said "/cancelemote"
[4:11:46 PM] [mpVKz#21] 3knuckler: said "/reloadskin"
[4:11:53 PM] [mpVKz#21] 3knuckler: said "/cancelemote"
[4:11:53 PM] [mpVKz#21] 3knuckler: said "/reloadskin"
[4:11:54 PM] [mpVKz#21] 3knuckler: said "/cancelemote"
[4:11:54 PM] [mpVKz#21] 3knuckler: said "/reloadskin"
[4:11:54 PM] [mpVKz#21] 3knuckler: said "/cancelemote"
[4:11:54 PM] [mpVKz#21] 3knuckler: said "/reloadskin"
[4:11:55 PM] [mpVKz#21] 3knuckler: said "/cancelemote"
[4:11:55 PM] [mpVKz#21] 3knuckler: said "/reloadskin"
[4:11:55 PM] [mpVKz#21] 3knuckler: said "/cancelemote"
[4:11:55 PM] [mpVKz#21] 3knuckler: said "/reloadskin"
[4:11:55 PM] [mpVKz#21] 3knuckler: said "/cancelemote"
[4:11:55 PM] [mpVKz#21] 3knuckler: said "/reloadskin"
[4:11:55 PM] [mpVKz#21] 3knuckler: said "/cancelemote"
[4:11:55 PM] [mpVKz#21] 3knuckler: said "/reloadskin"
[4:11:55 PM] [mpVKz#21] 3knuckler: said "/cancelemote"
[4:11:55 PM] [mpVKz#21] 3knuckler: said "/reloadskin"
[4:11:55 PM] [mpVKz#21] 3knuckler: said "/cancelemote"
[4:11:55 PM] [mpVKz#21] 3knuckler: said "/reloadskin"
[4:11:56 PM] [mpVKz#21] 3knuckler: said "/cancelemote"
[4:11:56 PM] [mpVKz#21] 3knuckler: said "/reloadskin"
[4:12:36 PM] [mpVKz#7] BotOnMnK: said "e gangsign"
[4:13:05 PM] [mpVKz#20] Kamakazi Gamdom: said "/carsounds"
[4:13:15 PM] [mpVKz#20] Kamakazi Gamdom: said "/vehiclesounds"
[4:13:54 PM] [mpVKz#12] Mr.Green: said "/seat3"
[4:14:06 PM] [mpVKz#17] Kody Pepperfield: said "//e superhero"
[4:14:12 PM] [mpVKz#16] BlazewolfV1: died from suicide (Falling)
[4:14:34 PM] [mpVKz#5] DaddyDizzle: died from unknown by BotOnMnK
[4:15:41 PM] [mpVKz#21] 3knuckler: said "/cancelemote"
[4:15:41 PM] [mpVKz#21] 3knuckler: said "/reloadskin"
[4:15:41 PM] [mpVKz#21] 3knuckler: said "/cancelemote"
[4:15:41 PM] [mpVKz#21] 3knuckler: said "/reloadskin"
[4:15:44 PM] [mpVKz#21] 3knuckler: disconnected (Exiting)
[4:20:35 PM] [mpVKz#12] Mr.Green: died from suicide (Falling)
[4:20:57 PM] [mpVKz#18] D20_OG: disconnected (Exiting)
[4:22:54 PM] [mpVKz#16] BlazewolfV1: said "/bill"
[4:22:54 PM] [mpVKz#5] DaddyDizzle: said "/refrshskin"
[4:27:51 PM] [mpVKz#15] Prime: disconnected (Exiting)
[4:29:15 PM] [mpVKz#4] missberrymedley: said "/crossarms5"
[4:29:16 PM] [mpVKz#25] marcusblackwell7: said "/refreshskin'"
[4:29:34 PM] [mpVKz#25] marcusblackwell7: disconnected (Exiting)
[4:33:11 PM] [mpVKz#22] MJL: said "/exithouse"
[4:33:11 PM] [mpVKz#22] MJL: said "/enterhouse"
[4:33:12 PM] [mpVKz#22] MJL: said "/exithouse"
[4:33:12 PM] [mpVKz#22] MJL: said "/enterhouse"
[4:33:12 PM] [mpVKz#22] MJL: said "/exithouse"
[4:33:12 PM] [mpVKz#22] MJL: said "/enterhouse"
[4:38:47 PM] [mpVKz#12] Mr.Green: disconnected (Server->client connection timed out. Last seen 42444 msec ago.)
[4:40:32 PM] [mpVKz#7] BotOnMnK: disconnected (Game crashed: GTA5_b2699.exe!_setSamplersForPixelShader (0x89))
[4:40:48 PM] [mpVKz#4] missberrymedley: said "/crossarms5"
[4:40:48 PM] [mpVKz#4] missberrymedley: said "/ecrossarms5"
[4:41:26 PM] [mpVKz#28] BotOnMnK: joined with identifiers [steam:11000014df460ff; license:06a61b4c40fc28c0a6e0a709ba99ffb637152b33; xbl:2535406023679221; live:1055518462074046; discord:1043623556015194112; fivem:9907274; license2:06a61b4c40fc28c0a6e0a709ba99ffb637152b33]
[4:43:10 PM] [mpVKz#16] BlazewolfV1: disconnected (Exiting)
[4:45:16 PM] [mpVKz#4] missberrymedley: said "/crossarms5"
[4:45:57 PM] [mpVKz#4] missberrymedley: said "/crossarms5"
[4:46:09 PM] [mpVKz#24] Rollo_Trollo: disconnected (Exiting)
[4:46:18 PM] [mpVKz#22] MJL: said "/exithouse"
[4:46:18 PM] [mpVKz#22] MJL: said "/enterhouse"
[4:46:19 PM] [mpVKz#4] missberrymedley: said "/crossarms5"
[4:47:58 PM] [mpVKz#5] DaddyDizzle: disconnected (Exiting)
[4:48:37 PM] [mpVKz#29] DaddyDizzle: joined with identifiers [steam:11000014bb53aeb; license:e0893217ab0d40d6a510bcbfe1c9441b4a208a2b; discord:584024523989581834; fivem:8961289; license2:e0893217ab0d40d6a510bcbfe1c9441b4a208a2b]
[4:48:43 PM] [mpVKz#4] missberrymedley: said "/crossarms5"
[4:52:38 PM] [mpVKz#4] missberrymedley: said "/crossarms5"
[4:55:10 PM] [mpVKz#22] MJL: said "/exithouse"
[4:55:10 PM] [mpVKz#22] MJL: said "/enterhouse"
[4:55:15 PM] [mpVKz#22] MJL: said "/exithouse"
[4:55:15 PM] [mpVKz#22] MJL: said "/enterhouse"
[4:55:16 PM] [mpVKz#22] MJL: said "/exithouse"
[4:55:16 PM] [mpVKz#22] MJL: said "/enterhouse"
[4:55:16 PM] [mpVKz#22] MJL: said "/exithouse"
[4:55:16 PM] [mpVKz#22] MJL: said "/enterhouse"
[4:55:19 PM] [mpVKz#22] MJL: said "/exithouse"
[4:55:19 PM] [mpVKz#22] MJL: said "/enterhouse"
[4:57:25 PM] [mpVKz#22] MJL: said "/exithouse"
[4:57:25 PM] [mpVKz#22] MJL: said "/enterhouse"
[4:58:12 PM] [mpVKz#22] MJL: said "/exithouse"
[4:58:12 PM] [mpVKz#22] MJL: said "/enterhouse"
[4:58:26 PM] [mpVKz#22] MJL: said "/exithouse"
[4:58:26 PM] [mpVKz#22] MJL: said "/enterhouse"
[4:58:52 PM] [mpVKz#22] MJL: said "/exithouse"
[4:58:52 PM] [mpVKz#22] MJL: said "/enterhouse"
[4:59:07 PM] [mpVKz#22] MJL: said "/exithouse"
[4:59:07 PM] [mpVKz#22] MJL: said "/enterhouse"
[4:59:09 PM] [mpVKz#22] MJL: said "/exithouse"
[4:59:09 PM] [mpVKz#22] MJL: said "/enterhouse"
[5:00:28 PM] [mpVKz#22] MJL: said "/exithouse"
[5:00:28 PM] [mpVKz#22] MJL: said "/enterhouse"
[5:00:54 PM] [mpVKz#22] MJL: said "/exithouse"
[5:00:54 PM] [mpVKz#22] MJL: said "/enterhouse"
[5:00:55 PM] [mpVKz#22] MJL: said "/exithouse"
[5:00:55 PM] [mpVKz#22] MJL: said "/enterhouse"
[5:00:56 PM] [mpVKz#22] MJL: said "/exithouse"
[5:00:56 PM] [mpVKz#22] MJL: said "/enterhouse"
[5:01:48 PM] [mpVKz#22] MJL: said "/exithouse"
[5:01:48 PM] [mpVKz#22] MJL: said "/enterhouse"
[5:01:48 PM] [mpVKz#22] MJL: said "/exithouse"
[5:01:48 PM] [mpVKz#22] MJL: said "/enterhouse"
[5:01:49 PM] [mpVKz#22] MJL: said "/exithouse"
[5:01:49 PM] [mpVKz#22] MJL: said "/enterhouse"
[5:01:49 PM] [mpVKz#17] Kody Pepperfield: disconnected (Game crashed: d3d11.dll!??$TID3D11DeviceContext_SetShaderResources_@$00$03@CContext@@SAXPEAUID3D11DeviceContext5@@IIPEBQEAUID3D11ShaderResourceView@@@Z (0x13e))
[5:02:02 PM] [mpVKz#22] MJL: said "/exithouse"
[5:02:02 PM] [mpVKz#22] MJL: said "/enterhouse"
[5:02:39 PM] [mpVKz#22] MJL: said "/exithouse"
[5:02:39 PM] [mpVKz#22] MJL: said "/enterhouse"
[5:02:40 PM] [mpVKz#22] MJL: said "/exithouse"
[5:02:40 PM] [mpVKz#22] MJL: said "/enterhouse"
[5:03:22 PM] [mpVKz#22] MJL: said "/exithouse"
[5:03:22 PM] [mpVKz#22] MJL: said "/enterhouse"
[5:04:00 PM] [mpVKz#20] Kamakazi Gamdom: said "/hideHUD"
[5:04:18 PM] [mpVKz#22] MJL: said "/exithouse"
[5:04:18 PM] [mpVKz#22] MJL: said "/enterhouse"
[5:04:38 PM] [mpVKz#22] MJL: said "/exithouse"
[5:04:38 PM] [mpVKz#22] MJL: said "/enterhouse"
[5:04:38 PM] [mpVKz#20] Kamakazi Gamdom: said "/fixc"
[5:06:21 PM] [mpVKz#30] D20_OG: joined with identifiers [steam:110000118208d04; license:78264314a900a686181e306063932f7a75dede88; xbl:2533274819184604; live:844427138197021; discord:396522725851660301; fivem:1395350]
[5:07:15 PM] [mpVKz#22] MJL: said "/exithouse"
[5:07:15 PM] [mpVKz#22] MJL: said "/enterhouse"
[5:07:55 PM] [mpVKz#22] MJL: said "/exithouse"
[5:07:55 PM] [mpVKz#22] MJL: said "/enterhouse"
[5:08:09 PM] [mpVKz#26] Nestl: disconnected (Exiting)
[5:08:51 PM] [mpVKz#22] MJL: said "/exithouse"
[5:08:51 PM] [mpVKz#22] MJL: said "/enterhouse"
[5:12:00 PM] [mpVKz#31] ki: joined with identifiers [steam:11000014937305e; license:96f267487834a7dd20e1835ec25225692b2fd6ed; xbl:2533274848562754; live:1055520789945701; discord:863516509002006589; license2:96f267487834a7dd20e1835ec25225692b2fd6ed]
[5:12:11 PM] [mpVKz#27] kei: said "/radio"
[5:12:49 PM] [mpVKz#32] Kody Pepperfield: joined with identifiers [steam:11000010c770c55; license:3219d00ad3af143df0db5d2bed38fe7460729e68; xbl:2535451109437060; live:1055521765014399; discord:152991330048540672; fivem:12674089; license2:3e576e238fb0360dab034daae9fc7459afbacb59]
[5:16:16 PM] [mpVKz#22] MJL: said "/exithouse"
[5:16:16 PM] [mpVKz#22] MJL: said "/enterhouse"
[5:16:17 PM] [mpVKz#22] MJL: said "/exithouse"
[5:16:17 PM] [mpVKz#22] MJL: said "/enterhouse"
[5:16:17 PM] [mpVKz#22] MJL: said "/exithouse"
[5:16:17 PM] [mpVKz#22] MJL: said "/enterhouse"
[5:16:17 PM] [mpVKz#22] MJL: said "/exithouse"
[5:16:17 PM] [mpVKz#22] MJL: said "/enterhouse"
[5:16:17 PM] [mpVKz#22] MJL: said "/exithouse"
[5:16:17 PM] [mpVKz#22] MJL: said "/enterhouse"
[5:16:18 PM] [mpVKz#22] MJL: said "/exithouse"
[5:16:18 PM] [mpVKz#22] MJL: said "/enterhouse"
[5:17:06 PM] [mpVKz#22] MJL: died from suicide (Ranover by Vehicle)
[5:21:56 PM] [mpVKz#22] MJL: said "/exithouse"
[5:21:56 PM] [mpVKz#22] MJL: said "/enterhouse"
[5:21:56 PM] [mpVKz#22] MJL: said "/exithouse"
[5:21:56 PM] [mpVKz#22] MJL: said "/enterhouse"
[5:21:57 PM] [mpVKz#22] MJL: said "/exithouse"
[5:21:57 PM] [mpVKz#22] MJL: said "/enterhouse"
[5:22:35 PM] [mpVKz#33] Doc Johnson: joined with identifiers [license:b4fc6bd4824a48a52d9d13e0465914bc593bae1a; xbl:2535410156961594; live:1055521933202735; discord:340245944220254210; fivem:11532384; license2:b4fc6bd4824a48a52d9d13e0465914bc593bae1a]
[5:22:41 PM] [mpVKz#22] MJL: died from suicide (Drowned)
[5:23:17 PM] [mpVKz#22] MJL: said "/exithouse"
[5:23:17 PM] [mpVKz#22] MJL: said "/enterhouse"
[5:23:19 PM] [mpVKz#22] MJL: said "/exithouse"
[5:23:19 PM] [mpVKz#22] MJL: said "/enterhouse"
[5:24:17 PM] [mpVKz#28] BotOnMnK: disconnected (Exiting)
[5:25:28 PM] [mpVKz#23] Le Bos: disconnected (Disconnected.)
[5:34:51 PM] [mpVKz#31] ki: said "/steal"
[5:35:26 PM] [mpVKz#33] Doc Johnson: disconnected (Exiting)
[5:35:46 PM] [mpVKz#22] MJL: disconnected (Exiting)
[5:36:06 PM] [mpVKz#34] Doc Johnson: joined with identifiers [license:b4fc6bd4824a48a52d9d13e0465914bc593bae1a; xbl:2535410156961594; live:1055521933202735; discord:340245944220254210; fivem:11532384; license2:b4fc6bd4824a48a52d9d13e0465914bc593bae1a]
[5:36:19 PM] [mpVKz#35] MJL: joined with identifiers [steam:1100001324fa523; license:ec6c328d6d02f816bf13e4a9d09768c02d6e3125; xbl:2535415531070562; live:1055522508602522; discord:213410953641852928; fivem:2586828]
[5:38:07 PM] [mpVKz#31] ki: disconnected (Exiting)
[5:38:32 PM] [mpVKz#27] kei: said "/cah"
[5:41:32 PM] [mpVKz#20] Kamakazi Gamdom: disconnected (Game crashed: d3d11.dll!CContext::TID3D11DeviceContext_SetShaderResources_<1,4> (0x161))
[5:46:13 PM] [mpVKz#4] missberrymedley: said "/crossarms5"
[5:46:13 PM] [mpVKz#4] missberrymedley: said "/crossarms5"
[5:46:13 PM] [mpVKz#4] missberrymedley: said "/ecrossarms5"
[5:48:42 PM] [mpVKz#27] kei: disconnected (Exiting)
[5:53:07 PM] [mpVKz#32] Kody Pepperfield: said "//e superhero"
[6:26:31 PM] [mpVKz#4] missberrymedley: disconnected (Exiting)
[6:32:45 PM] [mpVKz#32] Kody Pepperfield: disconnected (Exiting)
[6:36:19 PM] [mpVKz#30] D20_OG: disconnected (Exiting)
[6:42:08 PM] [mpVKz#36] Le Bos: joined with identifiers [steam:110000111baa8b1; license:bda6f9cde356d6126cea9acd106016efdadb020c; discord:470171465388392468; license2:fd54cebafe46049548f218abfec15693031d634f]
[7:15:14 PM] [mpVKz#29] DaddyDizzle: died from suicide (Falling)
[7:28:34 PM] [mpVKz#34] Doc Johnson: died from suicide (Falling)
[7:36:24 PM] [mpVKz#35] MJL: died from suicide
[8:00:21 PM] [mpVKz#34] Doc Johnson: died from suicide (Falling)
[8:08:01 PM] [mpVKz#36] Le Bos: died from suicide (Falling)
[8:10:12 PM] [mpVKz#36] Le Bos: died from suicide (Falling)
[8:12:14 PM] [mpVKz#34] Doc Johnson: disconnected (Exiting)
[8:30:28 PM] [mpVKz#37] alfar: joined with identifiers [license:18d3268c36938c18f7cf6fd10ed4388600e68f1b; xbl:2535433236340688; live:985154508151963; discord:768652485064654858; license2:18d3268c36938c18f7cf6fd10ed4388600e68f1b]
[8:42:08 PM] [mpVKz#37] alfar: disconnected (Exiting)
[9:30:52 PM] txAdmin: ((Broadcast) txAdmin): said "This server is scheduled to restart in 30 minutes."
[9:45:52 PM] txAdmin: ((Broadcast) txAdmin): said "This server is scheduled to restart in 15 minutes."
[9:48:35 PM] [mpVKz#38] 3K-04 | Tide J.: joined with identifiers [steam:1100001321a696b; license:0cdee38bb7dd0865a3da58eb6378588113da300a; discord:1161360057812930690; license2:0cdee38bb7dd0865a3da58eb6378588113da300a]
[9:50:53 PM] txAdmin: ((Broadcast) txAdmin): said "This server is scheduled to restart in 10 minutes."
[9:55:52 PM] txAdmin: ((Broadcast) txAdmin): said "This server is scheduled to restart in 5 minutes."
[9:56:53 PM] txAdmin: ((Broadcast) txAdmin): said "This server is scheduled to restart in 4 minutes."
[9:57:53 PM] txAdmin: ((Broadcast) txAdmin): said "This server is scheduled to restart in 3 minutes."
[9:58:53 PM] txAdmin: ((Broadcast) txAdmin): said "This server is scheduled to restart in 2 minutes."
[9:59:53 PM] txAdmin: ((Broadcast) txAdmin): said "This server is scheduled to restart in 1 minute. Please disconnect now."
[10:00:52 PM] [mpVKz#29] DaddyDizzle: disconnected ([txAdmin] Server restarting (scheduled restart at 22:00).)
[10:00:52 PM] [mpVKz#35] MJL: disconnected ([txAdmin] Server restarting (scheduled restart at 22:00).)
[10:00:52 PM] [mpVKz#36] Le Bos: disconnected ([txAdmin] Server restarting (scheduled restart at 22:00).)
[10:00:52 PM] [mpVKz#38] 3K-04 | Tide J.: disconnected ([txAdmin] Server restarting (scheduled restart at 22:00).)
[10:02:54 PM] txAdmin: Logger started
[11:14:53 PM] [qwD9N#1] carma: joined with identifiers [license:b27179133e8df658895ecd5f756db2a4a4c8cd08; xbl:2533275003431282; live:1829581607460581; discord:242888314108116992; fivem:11442758; license2:e1e3866f24a1a081ffd211b7c1805c667b695651]
[11:16:35 PM] [qwD9N#1] carma: said "/hideHUD"
[11:36:59 PM] [qwD9N#1] carma: disconnected (Exiting)
