
================================================================
======== Log Rotated - 3/16/2024, 12:00:00 AM                   
================================================================
[4:50:24 AM] [nBgMB#1] Le0va: joined with identifiers [steam:110000115ceb248; license:eb50d0f0e1234a21689c685afbb0031705183403; xbl:2535464818703766; live:985157324057631; discord:246676459643600897; fivem:8879279; license2:eb50d0f0e1234a21689c685afbb0031705183403]
[4:59:50 AM] [nBgMB#1] Le0va: said "/hideHUD"
[4:59:52 AM] [nBgMB#1] Le0va: said "/hideHUD"
[5:00:02 AM] [nBgMB#1] Le0va: said "/hideHUD"
[5:03:38 AM] [nBgMB#1] Le0va: said "/hideHUD"
[5:03:40 AM] [nBgMB#1] Le0va: said "/hideHUD"
[5:03:43 AM] [nBgMB#1] Le0va: said "/hideHUD"
[5:03:49 AM] [nBgMB#1] Le0va: said "/hideHUD"
[5:03:57 AM] [nBgMB#1] Le0va: said "/hideHUD"
[5:04:02 AM] [nBgMB#1] Le0va: said "/hideHUD"
[5:04:08 AM] [nBgMB#1] Le0va: said "/hideHUD"
[5:04:25 AM] [nBgMB#1] Le0va: said "/hideHUD"
[5:04:33 AM] [nBgMB#1] Le0va: said "/hideHUD"
[5:04:39 AM] [nBgMB#1] Le0va: said "/hideHUD"
[5:04:44 AM] [nBgMB#1] Le0va: said "/hideHUD"
[5:30:20 AM] txAdmin: ((Broadcast) txAdmin): said "This server is scheduled to restart in 30 minutes."
[5:39:47 AM] [nBgMB#1] Le0va: said "/hideHUD"
[5:45:20 AM] txAdmin: ((Broadcast) txAdmin): said "This server is scheduled to restart in 15 minutes."
[5:50:21 AM] txAdmin: ((Broadcast) txAdmin): said "This server is scheduled to restart in 10 minutes."
[5:54:32 AM] [nBgMB#1] Le0va: died from suicide (Falling)
[5:55:12 AM] [nBgMB#1] Le0va: died from suicide (Falling)
[5:55:21 AM] txAdmin: ((Broadcast) txAdmin): said "This server is scheduled to restart in 5 minutes."
[5:56:21 AM] txAdmin: ((Broadcast) txAdmin): said "This server is scheduled to restart in 4 minutes."
[5:57:21 AM] txAdmin: ((Broadcast) txAdmin): said "This server is scheduled to restart in 3 minutes."
[5:58:21 AM] txAdmin: ((Broadcast) txAdmin): said "This server is scheduled to restart in 2 minutes."
[5:59:21 AM] txAdmin: ((Broadcast) txAdmin): said "This server is scheduled to restart in 1 minute. Please disconnect now."
[6:00:21 AM] [nBgMB#1] Le0va: disconnected ([txAdmin] Server restarting (scheduled restart at 06:00).)
[6:00:50 AM] txAdmin: Logger started
[10:45:48 AM] txAdmin: Logger started
[12:01:03 PM] [FLHe3#1] DaddyDizzle: joined with identifiers [steam:11000014bb53aeb; license:e0893217ab0d40d6a510bcbfe1c9441b4a208a2b; discord:584024523989581834; fivem:8961289; license2:e0893217ab0d40d6a510bcbfe1c9441b4a208a2b]
[12:06:18 PM] [FLHe3#1] DaddyDizzle: disconnected (Server shutting down: SIGHUP received)

================================================================
======== txAdmin Starting - 3/16/2024, 12:10:01 PM              
================================================================
[12:13:46 PM] txAdmin: Logger started
[12:15:22 PM] [R9fDd#1] DaddyDizzle: joined with identifiers [steam:11000014bb53aeb; license:e0893217ab0d40d6a510bcbfe1c9441b4a208a2b; discord:584024523989581834; fivem:8961289; license2:e0893217ab0d40d6a510bcbfe1c9441b4a208a2b]
[12:15:46 PM] [R9fDd#2] MJL: joined with identifiers [steam:1100001324fa523; license:ec6c328d6d02f816bf13e4a9d09768c02d6e3125; xbl:2535415531070562; live:1055522508602522; discord:213410953641852928; fivem:2586828]
[12:16:02 PM] [R9fDd#2] MJL: disconnected (Exiting)
[12:16:58 PM] [R9fDd#1] DaddyDizzle: disconnected ([txAdmin] Server restarting (requested by mjl1106).)
[12:17:29 PM] txAdmin: Logger started
[12:18:40 PM] [xrxX4#1] DaddyDizzle: joined with identifiers [steam:11000014bb53aeb; license:e0893217ab0d40d6a510bcbfe1c9441b4a208a2b; discord:584024523989581834; fivem:8961289; license2:e0893217ab0d40d6a510bcbfe1c9441b4a208a2b]
[12:18:46 PM] [xrxX4#2] Le0va: joined with identifiers [steam:110000115ceb248; license:eb50d0f0e1234a21689c685afbb0031705183403; xbl:2535464818703766; live:985157324057631; discord:246676459643600897; fivem:8879279; license2:eb50d0f0e1234a21689c685afbb0031705183403]
[12:18:46 PM] [xrxX4#3] MJL: joined with identifiers [steam:1100001324fa523; license:ec6c328d6d02f816bf13e4a9d09768c02d6e3125; xbl:2535415531070562; live:1055522508602522; discord:213410953641852928; fivem:2586828]
[12:19:27 PM] [xrxX4#3] MJL: disconnected (Exiting)
[12:20:09 PM] [xrxX4#4] MJL: joined with identifiers [steam:1100001324fa523; license:ec6c328d6d02f816bf13e4a9d09768c02d6e3125; xbl:2535415531070562; live:1055522508602522; discord:213410953641852928; fivem:2586828]
[12:28:04 PM] [xrxX4#5] marcusblackwell7: joined with identifiers [steam:110000154d96125; license:b90a0574761cd349c5a4e1d6372c3ba96f26a074; discord:667904617446768652; fivem:7859917; license2:b90a0574761cd349c5a4e1d6372c3ba96f26a074]
[12:28:51 PM] [xrxX4#1] DaddyDizzle: said "/hideHUD"
[12:29:19 PM] [xrxX4#4] MJL: said "/exithouse"
[12:29:19 PM] [xrxX4#4] MJL: said "/enterhouse"
[12:29:20 PM] [xrxX4#4] MJL: said "/exithouse"
[12:29:20 PM] [xrxX4#4] MJL: said "/enterhouse"
[12:30:09 PM] [xrxX4#6] Pepperfield: joined with identifiers [steam:11000010a17dec4; license:b27179133e8df658895ecd5f756db2a4a4c8cd08; xbl:2533275003431282; live:1829581607460581; discord:242888314108116992; fivem:11442758; license2:e1e3866f24a1a081ffd211b7c1805c667b695651]
[12:30:59 PM] [xrxX4#1] DaddyDizzle: said "/hideHUD"
[12:31:26 PM] [xrxX4#4] MJL: said "/exithouse"
[12:31:26 PM] [xrxX4#4] MJL: said "/enterhouse"
[12:31:44 PM] [xrxX4#1] DaddyDizzle: said "/hideHUD"
[12:31:57 PM] [xrxX4#4] MJL: said "/exithouse"
[12:31:57 PM] [xrxX4#4] MJL: said "/enterhouse"
[12:31:57 PM] [xrxX4#4] MJL: said "/exithouse"
[12:31:57 PM] [xrxX4#4] MJL: said "/enterhouse"
[12:31:59 PM] [xrxX4#6] Pepperfield: disconnected (Exiting)
[12:32:12 PM] [xrxX4#1] DaddyDizzle: died from Crowbar by MJL
[12:32:28 PM] [xrxX4#4] MJL: said "/exithouse"
[12:32:28 PM] [xrxX4#4] MJL: said "/enterhouse"
[12:32:29 PM] [xrxX4#4] MJL: said "/exithouse"
[12:32:29 PM] [xrxX4#4] MJL: said "/enterhouse"
[12:32:30 PM] [xrxX4#5] marcusblackwell7: said "admin"
[12:32:31 PM] [xrxX4#7] Pepperfield: joined with identifiers [steam:11000010a17dec4; license:b27179133e8df658895ecd5f756db2a4a4c8cd08; xbl:2533275003431282; live:1829581607460581; discord:242888314108116992; fivem:11442758; license2:e1e3866f24a1a081ffd211b7c1805c667b695651]
[12:32:37 PM] [xrxX4#4] MJL: said "/exithouse"
[12:32:37 PM] [xrxX4#4] MJL: said "/enterhouse"
[12:33:41 PM] [xrxX4#4] MJL: said "/exithouse"
[12:33:41 PM] [xrxX4#4] MJL: said "/enterhouse"
[12:33:58 PM] [xrxX4#7] Pepperfield: disconnected (Exiting)
[12:35:14 PM] [xrxX4#8] Kamakazi Gamdom: joined with identifiers [steam:11000010e87be4d; license:b27179133e8df658895ecd5f756db2a4a4c8cd08; xbl:2533275003431282; live:1829581607460581; discord:242888314108116992; fivem:11442758; license2:e1e3866f24a1a081ffd211b7c1805c667b695651]
[12:36:22 PM] [xrxX4#8] Kamakazi Gamdom: said "/hideHUD"
[12:36:23 PM] [xrxX4#8] Kamakazi Gamdom: said "/hideHUD"
[12:36:26 PM] [xrxX4#8] Kamakazi Gamdom: said "/hideHUD"
[12:36:30 PM] [xrxX4#8] Kamakazi Gamdom: said "/hideHUD"
[12:38:56 PM] [xrxX4#5] marcusblackwell7: disconnected (You have been banned.)
[12:40:53 PM] [xrxX4#1] DaddyDizzle: said "seat 0"
[12:43:16 PM] [xrxX4#4] MJL: said "/ficx"
[12:44:24 PM] [xrxX4#4] MJL: said "/exithouse"
[12:44:24 PM] [xrxX4#4] MJL: said "/enterhouse"
[12:49:12 PM] [xrxX4#4] MJL: said "/exithouse"
[12:49:12 PM] [xrxX4#4] MJL: said "/enterhouse"
[12:49:13 PM] [xrxX4#4] MJL: said "/exithouse"
[12:49:13 PM] [xrxX4#4] MJL: said "/enterhouse"
[12:49:14 PM] [xrxX4#4] MJL: said "/exithouse"
[12:49:14 PM] [xrxX4#4] MJL: said "/enterhouse"
[12:49:14 PM] [xrxX4#4] MJL: said "/exithouse"
[12:49:14 PM] [xrxX4#4] MJL: said "/enterhouse"
[12:49:15 PM] [xrxX4#4] MJL: said "/exithouse"
[12:49:15 PM] [xrxX4#4] MJL: said "/enterhouse"
[12:49:15 PM] [xrxX4#4] MJL: said "/exithouse"
[12:49:15 PM] [xrxX4#4] MJL: said "/enterhouse"
[12:49:15 PM] [xrxX4#4] MJL: said "/exithouse"
[12:49:15 PM] [xrxX4#4] MJL: said "/enterhouse"
[12:49:15 PM] [xrxX4#4] MJL: said "/exithouse"
[12:49:15 PM] [xrxX4#4] MJL: said "/enterhouse"
[12:49:16 PM] [xrxX4#4] MJL: said "/exithouse"
[12:49:16 PM] [xrxX4#4] MJL: said "/enterhouse"
[12:49:16 PM] [xrxX4#4] MJL: said "/exithouse"
[12:49:16 PM] [xrxX4#4] MJL: said "/enterhouse"
[12:49:18 PM] [xrxX4#4] MJL: said "/exithouse"
[12:49:18 PM] [xrxX4#4] MJL: said "/enterhouse"
[12:49:18 PM] [xrxX4#4] MJL: said "/exithouse"
[12:49:18 PM] [xrxX4#4] MJL: said "/enterhouse"
[12:49:18 PM] [xrxX4#4] MJL: said "/exithouse"
[12:49:18 PM] [xrxX4#4] MJL: said "/enterhouse"
[12:49:18 PM] [xrxX4#4] MJL: said "/exithouse"
[12:49:18 PM] [xrxX4#4] MJL: said "/enterhouse"
[12:49:19 PM] [xrxX4#4] MJL: said "/exithouse"
[12:49:19 PM] [xrxX4#4] MJL: said "/enterhouse"
[12:49:19 PM] [xrxX4#4] MJL: said "/exithouse"
[12:49:19 PM] [xrxX4#4] MJL: said "/enterhouse"
[12:49:21 PM] [xrxX4#4] MJL: said "/exithouse"
[12:49:21 PM] [xrxX4#4] MJL: said "/enterhouse"
[12:49:21 PM] [xrxX4#4] MJL: said "/exithouse"
[12:49:21 PM] [xrxX4#4] MJL: said "/enterhouse"
[12:49:21 PM] [xrxX4#4] MJL: said "/exithouse"
[12:49:21 PM] [xrxX4#4] MJL: said "/enterhouse"
[12:49:21 PM] [xrxX4#4] MJL: said "/exithouse"
[12:49:21 PM] [xrxX4#4] MJL: said "/enterhouse"
[12:49:22 PM] [xrxX4#4] MJL: said "/exithouse"
[12:49:22 PM] [xrxX4#4] MJL: said "/enterhouse"
[12:49:22 PM] [xrxX4#4] MJL: said "/exithouse"
[12:49:22 PM] [xrxX4#4] MJL: said "/enterhouse"
[12:49:46 PM] [xrxX4#4] MJL: died from unknown by DaddyDizzle
[12:49:52 PM] [xrxX4#4] MJL: said "/god"
[12:50:34 PM] [xrxX4#4] MJL: died from unknown by DaddyDizzle
[12:51:05 PM] [xrxX4#4] MJL: died from unknown by DaddyDizzle
[12:51:19 PM] [xrxX4#4] MJL: died from unknown by DaddyDizzle
[12:51:47 PM] [xrxX4#4] MJL: said "/exithouse"
[12:51:47 PM] [xrxX4#4] MJL: said "/enterhouse"
[12:53:14 PM] [xrxX4#4] MJL: said "/fixc"
[12:54:41 PM] [xrxX4#4] MJL: died from suicide (Falling)
[12:59:14 PM] [xrxX4#4] MJL: said "/noclikp"
[12:59:44 PM] [xrxX4#8] Kamakazi Gamdom: caused an explosion (PETROL_PUMP)
[12:59:44 PM] [xrxX4#8] Kamakazi Gamdom: caused an explosion (PETROL_PUMP)
[12:59:44 PM] [xrxX4#1] DaddyDizzle: caused an explosion (CAR)
[12:59:44 PM] [xrxX4#1] DaddyDizzle: died from suicide (Explosion)
[12:59:44 PM] [xrxX4#1] DaddyDizzle: caused an explosion (PETROL_PUMP)
[12:59:45 PM] [xrxX4#4] MJL: said "/fix]"
[1:00:10 PM] [xrxX4#8] Kamakazi Gamdom: said "/hideHUD"
[1:01:03 PM] [xrxX4#4] MJL: disconnected (Exiting)
[1:03:48 PM] [xrxX4#8] Kamakazi Gamdom: said "/hideHUD"
[1:04:03 PM] [xrxX4#1] DaddyDizzle: died from suicide (Falling)
[1:04:13 PM] [xrxX4#8] Kamakazi Gamdom: died from suicide (Falling)
[1:06:00 PM] [xrxX4#8] Kamakazi Gamdom: said "/hideHUD"
[1:07:32 PM] [xrxX4#8] Kamakazi Gamdom: disconnected (Exiting)
[1:13:14 PM] [xrxX4#1] DaddyDizzle: caused an explosion (CAR)
[1:15:11 PM] [xrxX4#1] DaddyDizzle: disconnected (Exiting)
[1:22:36 PM] [xrxX4#2] Le0va: disconnected ([txAdmin] Server restarting (requested by mjl1106).)
[1:23:12 PM] txAdmin: Logger started
[1:25:28 PM] txAdmin: Logger started
[1:30:02 PM] txAdmin: ((Broadcast) txAdmin): said "This server is scheduled to restart in 30 minutes."
[1:45:02 PM] txAdmin: ((Broadcast) txAdmin): said "This server is scheduled to restart in 15 minutes."
[1:50:01 PM] txAdmin: ((Broadcast) txAdmin): said "This server is scheduled to restart in 10 minutes."
[1:55:02 PM] txAdmin: ((Broadcast) txAdmin): said "This server is scheduled to restart in 5 minutes."
[1:56:02 PM] txAdmin: ((Broadcast) txAdmin): said "This server is scheduled to restart in 4 minutes."
[1:57:02 PM] txAdmin: ((Broadcast) txAdmin): said "This server is scheduled to restart in 3 minutes."
[1:58:02 PM] txAdmin: ((Broadcast) txAdmin): said "This server is scheduled to restart in 2 minutes."
[1:59:02 PM] txAdmin: ((Broadcast) txAdmin): said "This server is scheduled to restart in 1 minute. Please disconnect now."
[2:00:37 PM] txAdmin: Logger started
[2:11:22 PM] txAdmin: Logger started
[2:12:33 PM] txAdmin: Logger started
[2:13:23 PM] [YeFnq#1] MJL: joined with identifiers [steam:1100001324fa523; license:ec6c328d6d02f816bf13e4a9d09768c02d6e3125; xbl:2535415531070562; live:1055522508602522; discord:213410953641852928; fivem:2586828]
[2:14:55 PM] [YeFnq#1] MJL: disconnected ([txAdmin] Server restarting (requested by mjl1106).)
[2:15:24 PM] txAdmin: Logger started
[9:30:13 PM] txAdmin: ((Broadcast) txAdmin): said "This server is scheduled to restart in 30 minutes."
[9:45:13 PM] txAdmin: ((Broadcast) txAdmin): said "This server is scheduled to restart in 15 minutes."
[9:50:13 PM] txAdmin: ((Broadcast) txAdmin): said "This server is scheduled to restart in 10 minutes."
[9:55:13 PM] txAdmin: ((Broadcast) txAdmin): said "This server is scheduled to restart in 5 minutes."
[9:56:13 PM] txAdmin: ((Broadcast) txAdmin): said "This server is scheduled to restart in 4 minutes."
[9:57:13 PM] txAdmin: ((Broadcast) txAdmin): said "This server is scheduled to restart in 3 minutes."
[9:58:13 PM] txAdmin: ((Broadcast) txAdmin): said "This server is scheduled to restart in 2 minutes."
[9:59:13 PM] txAdmin: ((Broadcast) txAdmin): said "This server is scheduled to restart in 1 minute. Please disconnect now."
[10:00:50 PM] txAdmin: Logger started
