
================================================================
======== Log Rotated - 3/24/2024, 12:00:00 AM                   
================================================================
[12:45:07 AM] [qwD9N#2] Elijah: joined with identifiers [steam:11000014e4d8554; license:35458757965b9c6cc4b6f6d906de758b9bed70fa; xbl:2535466779863112; live:985155114126606; discord:1001358556341207173; fivem:10157332; license2:35458757965b9c6cc4b6f6d906de758b9bed70fa]
[1:10:55 AM] [qwD9N#2] Elijah: said "/hud"
[1:11:02 AM] [qwD9N#2] Elijah: disconnected (Exiting)
[2:47:05 AM] [qwD9N#3] missberrymedley: joined with identifiers [steam:11000010cab8d07; license:7a3a5bfb5af789cb5f02843e29cc4ee338b0a294; xbl:2535413783067581; live:1688853905214434; discord:461174423903535107; fivem:1697557; license2:ec1926a90f33d1955abd2276f36a7c3ed4c51a23]
[3:08:33 AM] [qwD9N#4] φοῖνιξ: joined with identifiers [steam:11000010ee88c01; license:ee681c08d9d45c48bf5af06870d7d23d75db16dc; xbl:2535430200613003; live:985158121988759; discord:305372052683096065; fivem:10488223; license2:ee681c08d9d45c48bf5af06870d7d23d75db16dc]
[3:16:55 AM] [qwD9N#5] JOSH: joined with identifiers [steam:1100001438fe567; license:b6284c20b4ad2c41c48d4a31859b65ae2a417ec8; discord:405075418769522708; fivem:12124231; license2:b6284c20b4ad2c41c48d4a31859b65ae2a417ec8]
[3:17:51 AM] [qwD9N#3] missberrymedley: said "/hideHUD"
[3:19:35 AM] [qwD9N#5] JOSH: disconnected (Exiting)
[3:20:16 AM] [qwD9N#6] JOSH: joined with identifiers [steam:1100001438fe567; license:b6284c20b4ad2c41c48d4a31859b65ae2a417ec8; discord:405075418769522708; fivem:12124231; license2:b6284c20b4ad2c41c48d4a31859b65ae2a417ec8]
[3:27:51 AM] [qwD9N#6] JOSH: said "/hideHUD"
[3:29:14 AM] [qwD9N#7] RigssRP: joined with identifiers [steam:11000014abdebcf; license:0503ca95eab75210d3475b9e63fd6aa6028e6a91; xbl:2535446394392876; live:1055518940555852; discord:1103467626300199044; fivem:8351340; license2:2a20c64a2a1abb3e1653a5c89e5ac281f69f1eb9]
[3:37:45 AM] [qwD9N#4] φοῖνιξ: said "/hud"
[3:39:20 AM] [qwD9N#4] φοῖνιξ: said "/quickwalk"
[3:44:43 AM] [qwD9N#6] JOSH: died from Bat by RigssRP
[3:50:41 AM] [qwD9N#6] JOSH: said "/th"
[3:50:41 AM] [qwD9N#6] JOSH: said "/th"
[3:54:30 AM] [qwD9N#6] JOSH: died from suicide (Falling)
[4:19:40 AM] [qwD9N#6] JOSH: died from Bat by RigssRP
[4:29:28 AM] [qwD9N#3] missberrymedley: said "/crossarms5"
[4:29:28 AM] [qwD9N#3] missberrymedley: said "/ecrossarms5"
[4:33:56 AM] [qwD9N#7] RigssRP: died from Fist by JOSH
[4:35:59 AM] [qwD9N#7] RigssRP: said "/type2"
[4:38:20 AM] [qwD9N#8] Dynamic: joined with identifiers [steam:11000011b8b4bee; license:ac1ea848358c6388d860d67b4f2484fb77a7fc16; xbl:2533274986113572; live:1688853633359397; discord:1147015040264847480; fivem:544591; license2:ac1ea848358c6388d860d67b4f2484fb77a7fc16]
[4:40:39 AM] [qwD9N#9] DaddyDizzle: joined with identifiers [steam:11000014bb53aeb; license:e0893217ab0d40d6a510bcbfe1c9441b4a208a2b; discord:584024523989581834; fivem:8961289; license2:e0893217ab0d40d6a510bcbfe1c9441b4a208a2b]
[4:43:42 AM] [qwD9N#9] DaddyDizzle: disconnected (Exiting)
[4:44:14 AM] [qwD9N#10] DaddyDizzle: joined with identifiers [steam:11000014bb53aeb; license:e0893217ab0d40d6a510bcbfe1c9441b4a208a2b; discord:584024523989581834; fivem:8961289; license2:e0893217ab0d40d6a510bcbfe1c9441b4a208a2b]
[4:44:58 AM] [qwD9N#11] MJL: joined with identifiers [steam:1100001324fa523; license:ec6c328d6d02f816bf13e4a9d09768c02d6e3125; xbl:2535415531070562; live:1055522508602522; discord:213410953641852928; fivem:2586828]
[4:45:59 AM] [qwD9N#11] MJL: said "/exithouse"
[4:45:59 AM] [qwD9N#11] MJL: said "/enterhouse"
[4:54:36 AM] [qwD9N#3] missberrymedley: said "/crossarms5"
[4:54:36 AM] [qwD9N#3] missberrymedley: said "/ecrossarms5"
[5:09:25 AM] [qwD9N#10] DaddyDizzle: said "/reive"
[5:10:53 AM] [qwD9N#6] JOSH: died from Bat by RigssRP
[5:16:50 AM] [qwD9N#12] Mr.Green: joined with identifiers [steam:110000117f12b1a; license:8cb9f8548eb4c7764c77849cfa2ff397ec016f08; xbl:2535433922801834; live:985153858977618; discord:322443072233537556; fivem:10498222; license2:6dd94f8afb9d56223c4c530061c5ab1316c72c1c]
[5:21:16 AM] [qwD9N#8] Dynamic: said "/hud"
[5:28:19 AM] [qwD9N#13] prest: joined with identifiers [license:78264314a900a686181e306063932f7a75dede88; xbl:2533274819184604; live:844427138197021; discord:396522725851660301; fivem:1395350]
[5:30:02 AM] txAdmin: ((Broadcast) txAdmin): said "This server is scheduled to restart in 30 minutes."
[5:30:10 AM] [qwD9N#12] Mr.Green: disconnected (Exiting)
[5:30:12 AM] [qwD9N#10] DaddyDizzle: said "tpm"
[5:33:41 AM] [qwD9N#13] prest: disconnected (Exiting)
[5:36:06 AM] [qwD9N#14] marcusblackwell7: joined with identifiers [steam:110000154d96125; license:b90a0574761cd349c5a4e1d6372c3ba96f26a074; discord:667904617446768652; fivem:7859917; license2:b90a0574761cd349c5a4e1d6372c3ba96f26a074]
[5:37:30 AM] [qwD9N#11] MJL: disconnected (Exiting)
[5:39:38 AM] [qwD9N#7] RigssRP: said "/seat1"
[5:39:46 AM] [qwD9N#7] RigssRP: said "/seat-1"
[5:39:49 AM] [qwD9N#7] RigssRP: said "/seat0"
[5:41:06 AM] [qwD9N#7] RigssRP: said "/type2"
[5:41:06 AM] [qwD9N#7] RigssRP: said "/type2"
[5:45:03 AM] txAdmin: ((Broadcast) txAdmin): said "This server is scheduled to restart in 15 minutes."
[5:45:19 AM] [qwD9N#10] DaddyDizzle: said "refreshskin"
[5:50:03 AM] txAdmin: ((Broadcast) txAdmin): said "This server is scheduled to restart in 10 minutes."
[5:51:00 AM] [qwD9N#14] marcusblackwell7: disconnected (Game crashed: RAGE error: ERR_STR_INFO_2)
[5:51:32 AM] [qwD9N#7] RigssRP: said "/hideHUD"
[5:51:33 AM] [qwD9N#15] marcusblackwell7: joined with identifiers [steam:110000154d96125; license:b90a0574761cd349c5a4e1d6372c3ba96f26a074; discord:667904617446768652; fivem:7859917; license2:b90a0574761cd349c5a4e1d6372c3ba96f26a074]
[5:51:42 AM] [qwD9N#6] JOSH: disconnected (Exiting)
[5:55:03 AM] txAdmin: ((Broadcast) txAdmin): said "This server is scheduled to restart in 5 minutes."
[5:55:13 AM] [qwD9N#15] marcusblackwell7: died from Knife by DaddyDizzle
[5:56:03 AM] txAdmin: ((Broadcast) txAdmin): said "This server is scheduled to restart in 4 minutes."
[5:56:38 AM] [qwD9N#10] DaddyDizzle: said "/reob"
[5:57:03 AM] txAdmin: ((Broadcast) txAdmin): said "This server is scheduled to restart in 3 minutes."
[5:58:03 AM] txAdmin: ((Broadcast) txAdmin): said "This server is scheduled to restart in 2 minutes."
[5:59:03 AM] txAdmin: ((Broadcast) txAdmin): said "This server is scheduled to restart in 1 minute. Please disconnect now."
[5:59:35 AM] [qwD9N#15] marcusblackwell7: died from Knife by DaddyDizzle
[5:59:38 AM] [qwD9N#7] RigssRP: died from Fist by φοῖνιξ
[5:59:47 AM] [qwD9N#15] marcusblackwell7: died from Knife by DaddyDizzle
[6:00:02 AM] [qwD9N#3] missberrymedley: disconnected ([txAdmin] Server restarting (scheduled restart at 06:00).)
[6:00:02 AM] [qwD9N#7] RigssRP: disconnected ([txAdmin] Server restarting (scheduled restart at 06:00).)
[6:00:02 AM] [qwD9N#4] φοῖνιξ: disconnected ([txAdmin] Server restarting (scheduled restart at 06:00).)
[6:00:02 AM] [qwD9N#15] marcusblackwell7: disconnected ([txAdmin] Server restarting (scheduled restart at 06:00).)
[6:00:03 AM] [qwD9N#8] Dynamic: disconnected ([txAdmin] Server restarting (scheduled restart at 06:00).)
[6:00:03 AM] [qwD9N#10] DaddyDizzle: disconnected ([txAdmin] Server restarting (scheduled restart at 06:00).)
[6:00:42 AM] txAdmin: Logger started
[6:01:05 AM] [T7taV#1] φοῖνιξ: joined with identifiers [steam:11000010ee88c01; license:ee681c08d9d45c48bf5af06870d7d23d75db16dc; xbl:2535430200613003; live:985158121988759; discord:305372052683096065; fivem:10488223; license2:ee681c08d9d45c48bf5af06870d7d23d75db16dc]
[6:01:26 AM] [T7taV#2] marcusblackwell7: joined with identifiers [steam:110000154d96125; license:b90a0574761cd349c5a4e1d6372c3ba96f26a074; discord:667904617446768652; fivem:7859917; license2:b90a0574761cd349c5a4e1d6372c3ba96f26a074]
[6:01:37 AM] [T7taV#3] RigssRP: joined with identifiers [steam:11000014abdebcf; license:0503ca95eab75210d3475b9e63fd6aa6028e6a91; xbl:2535446394392876; live:1055518940555852; discord:1103467626300199044; fivem:8351340; license2:2a20c64a2a1abb3e1653a5c89e5ac281f69f1eb9]
[6:01:56 AM] [T7taV#4] MJL: joined with identifiers [steam:1100001324fa523; license:ec6c328d6d02f816bf13e4a9d09768c02d6e3125; xbl:2535415531070562; live:1055522508602522; discord:213410953641852928; fivem:2586828]
[6:02:00 AM] [T7taV#5] missberrymedley: joined with identifiers [steam:11000010cab8d07; license:7a3a5bfb5af789cb5f02843e29cc4ee338b0a294; xbl:2535413783067581; live:1688853905214434; discord:461174423903535107; fivem:1697557; license2:ec1926a90f33d1955abd2276f36a7c3ed4c51a23]
[6:04:03 AM] [T7taV#6] Dynamic: joined with identifiers [steam:11000011b8b4bee; license:ac1ea848358c6388d860d67b4f2484fb77a7fc16; xbl:2533274986113572; live:1688853633359397; discord:1147015040264847480; fivem:544591; license2:ac1ea848358c6388d860d67b4f2484fb77a7fc16]
[6:04:46 AM] [T7taV#7] prest: joined with identifiers [license:78264314a900a686181e306063932f7a75dede88; xbl:2533274819184604; live:844427138197021; discord:396522725851660301; fivem:1395350]
[6:05:55 AM] [T7taV#8] DaddyDizzle: joined with identifiers [steam:11000014bb53aeb; license:e0893217ab0d40d6a510bcbfe1c9441b4a208a2b; discord:584024523989581834; fivem:8961289; license2:e0893217ab0d40d6a510bcbfe1c9441b4a208a2b]
[6:09:28 AM] [T7taV#8] DaddyDizzle: said "/hideHUD"
[6:09:32 AM] [T7taV#8] DaddyDizzle: said "/hideHUD"
[6:09:34 AM] [T7taV#8] DaddyDizzle: said "/hideHUD"
[6:09:36 AM] [T7taV#8] DaddyDizzle: said "/hideHUD"
[6:09:37 AM] [T7taV#8] DaddyDizzle: said "/hideHUD"
[6:09:38 AM] [T7taV#8] DaddyDizzle: said "/hideHUD"
[6:09:39 AM] [T7taV#8] DaddyDizzle: said "/hideHUD"
[6:09:39 AM] [T7taV#8] DaddyDizzle: said "/hideHUD"
[6:09:40 AM] [T7taV#8] DaddyDizzle: said "/hideHUD"
[6:09:41 AM] [T7taV#8] DaddyDizzle: said "/hideHUD"
[6:09:42 AM] [T7taV#8] DaddyDizzle: said "/hideHUD"
[6:09:42 AM] [T7taV#8] DaddyDizzle: said "/hideHUD"
[6:09:43 AM] [T7taV#8] DaddyDizzle: said "/hideHUD"
[6:09:44 AM] [T7taV#8] DaddyDizzle: said "/hideHUD"
[6:09:44 AM] [T7taV#8] DaddyDizzle: said "/hideHUD"
[6:09:49 AM] [T7taV#8] DaddyDizzle: said "/hideHUD"
[6:09:49 AM] [T7taV#8] DaddyDizzle: said "/hideHUD"
[6:09:51 AM] [T7taV#5] missberrymedley: said "/crossarms5"
[6:12:39 AM] [T7taV#9] JOSH: joined with identifiers [steam:1100001438fe567; license:b6284c20b4ad2c41c48d4a31859b65ae2a417ec8; discord:405075418769522708; fivem:12124231; license2:b6284c20b4ad2c41c48d4a31859b65ae2a417ec8]
[6:14:41 AM] [T7taV#6] Dynamic: said "/hideHUD"
[6:18:36 AM] [T7taV#9] JOSH: said "/hideHUD"
[6:19:53 AM] [T7taV#8] DaddyDizzle: said "/hideHUD"
[6:19:54 AM] [T7taV#8] DaddyDizzle: disconnected (Exiting)
[6:20:28 AM] [T7taV#10] DaddyDizzle: joined with identifiers [steam:11000014bb53aeb; license:e0893217ab0d40d6a510bcbfe1c9441b4a208a2b; discord:584024523989581834; fivem:8961289; license2:e0893217ab0d40d6a510bcbfe1c9441b4a208a2b]
[6:21:42 AM] [T7taV#4] MJL: disconnected (Exiting)
[6:22:21 AM] [T7taV#11] MJL: joined with identifiers [steam:1100001324fa523; license:ec6c328d6d02f816bf13e4a9d09768c02d6e3125; xbl:2535415531070562; live:1055522508602522; discord:213410953641852928; fivem:2586828]
[6:23:11 AM] [T7taV#11] MJL: disconnected (Exiting)
[6:23:37 AM] [T7taV#12] MJL: joined with identifiers [steam:1100001324fa523; license:ec6c328d6d02f816bf13e4a9d09768c02d6e3125; xbl:2535415531070562; live:1055522508602522; discord:213410953641852928; fivem:2586828]
[6:24:00 AM] [T7taV#13] BotOnMnK: joined with identifiers [steam:11000014df460ff; license:06a61b4c40fc28c0a6e0a709ba99ffb637152b33; xbl:2535406023679221; live:1055518462074046; discord:1043623556015194112; fivem:9907274; license2:06a61b4c40fc28c0a6e0a709ba99ffb637152b33]
[6:24:42 AM] [T7taV#7] prest: disconnected (Exiting)
[6:24:43 AM] [T7taV#12] MJL: said "/exithouse"
[6:24:43 AM] [T7taV#12] MJL: said "/enterhouse"
[6:24:44 AM] [T7taV#12] MJL: said "/exithouse"
[6:24:44 AM] [T7taV#12] MJL: said "/enterhouse"
[6:25:07 AM] [T7taV#10] DaddyDizzle: said "/hideHUD"
[6:27:48 AM] [T7taV#12] MJL: said "/exithouse"
[6:27:48 AM] [T7taV#12] MJL: said "/enterhouse"
[6:27:49 AM] [T7taV#12] MJL: said "/exithouse"
[6:27:49 AM] [T7taV#12] MJL: said "/enterhouse"
[6:27:53 AM] [T7taV#12] MJL: said "/exithouse"
[6:27:53 AM] [T7taV#12] MJL: said "/enterhouse"
[6:27:54 AM] [T7taV#12] MJL: said "/exithouse"
[6:27:54 AM] [T7taV#12] MJL: said "/enterhouse"
[6:27:55 AM] [T7taV#12] MJL: said "/exithouse"
[6:27:55 AM] [T7taV#12] MJL: said "/enterhouse"
[6:27:56 AM] [T7taV#12] MJL: said "/exithouse"
[6:27:56 AM] [T7taV#12] MJL: said "/enterhouse"
[6:27:57 AM] [T7taV#12] MJL: said "/exithouse"
[6:27:57 AM] [T7taV#12] MJL: said "/enterhouse"
[6:28:52 AM] [T7taV#12] MJL: said "/exithouse"
[6:28:52 AM] [T7taV#12] MJL: said "/enterhouse"
[6:28:53 AM] [T7taV#12] MJL: said "/exithouse"
[6:28:53 AM] [T7taV#12] MJL: said "/enterhouse"
[6:28:58 AM] [T7taV#12] MJL: said "/exithouse"
[6:28:58 AM] [T7taV#12] MJL: said "/enterhouse"
[6:29:10 AM] [T7taV#12] MJL: said "/exithouse"
[6:29:10 AM] [T7taV#12] MJL: said "/enterhouse"
[6:29:12 AM] [T7taV#12] MJL: said "/exithouse"
[6:29:12 AM] [T7taV#12] MJL: said "/enterhouse"
[6:29:30 AM] [T7taV#12] MJL: said "/exithouse"
[6:29:30 AM] [T7taV#12] MJL: said "/enterhouse"
[6:30:29 AM] [T7taV#12] MJL: said "/exithouse"
[6:30:29 AM] [T7taV#12] MJL: said "/enterhouse"
[6:30:30 AM] [T7taV#12] MJL: said "/exithouse"
[6:30:30 AM] [T7taV#12] MJL: said "/enterhouse"
[6:34:44 AM] [T7taV#13] BotOnMnK: said "rob"
[6:39:30 AM] [T7taV#12] MJL: said "/exithouse"
[6:39:30 AM] [T7taV#12] MJL: said "/enterhouse"
[6:45:35 AM] [T7taV#9] JOSH: said "/window"
[6:50:30 AM] [T7taV#12] MJL: said "/exithouse"
[6:50:30 AM] [T7taV#12] MJL: said "/enterhouse"
[6:53:18 AM] [T7taV#12] MJL: said "/exithouse"
[6:53:18 AM] [T7taV#12] MJL: said "/enterhouse"
[6:53:18 AM] [T7taV#12] MJL: said "/exithouse"
[6:53:18 AM] [T7taV#12] MJL: said "/enterhouse"
[6:53:18 AM] [T7taV#12] MJL: said "/exithouse"
[6:53:18 AM] [T7taV#12] MJL: said "/enterhouse"
[6:53:18 AM] [T7taV#12] MJL: said "/exithouse"
[6:53:18 AM] [T7taV#12] MJL: said "/enterhouse"
[6:53:19 AM] [T7taV#12] MJL: said "/exithouse"
[6:53:19 AM] [T7taV#12] MJL: said "/enterhouse"
[6:53:19 AM] [T7taV#12] MJL: said "/exithouse"
[6:53:19 AM] [T7taV#12] MJL: said "/enterhouse"
[6:53:19 AM] [T7taV#12] MJL: said "/exithouse"
[6:53:19 AM] [T7taV#12] MJL: said "/enterhouse"
[6:53:19 AM] [T7taV#12] MJL: said "/exithouse"
[6:53:19 AM] [T7taV#12] MJL: said "/enterhouse"
[6:53:19 AM] [T7taV#12] MJL: said "/exithouse"
[6:53:19 AM] [T7taV#12] MJL: said "/enterhouse"
[6:53:20 AM] [T7taV#12] MJL: said "/exithouse"
[6:53:20 AM] [T7taV#12] MJL: said "/enterhouse"
[6:53:20 AM] [T7taV#12] MJL: said "/exithouse"
[6:53:20 AM] [T7taV#12] MJL: said "/enterhouse"
[6:54:24 AM] [T7taV#9] JOSH: said "/th"
[6:54:25 AM] [T7taV#9] JOSH: said "/th"
[6:54:42 AM] [T7taV#6] Dynamic: disconnected (Exiting)
[6:54:46 AM] [T7taV#2] marcusblackwell7: died from suicide
[7:02:20 AM] [T7taV#9] JOSH: said "/turfs"
[7:04:02 AM] [T7taV#14] prest: joined with identifiers [license:78264314a900a686181e306063932f7a75dede88; xbl:2533274819184604; live:844427138197021; discord:396522725851660301; fivem:1395350]
[7:04:54 AM] [T7taV#12] MJL: said "/exithouse"
[7:04:54 AM] [T7taV#12] MJL: said "/enterhouse"
[7:05:00 AM] [T7taV#9] JOSH: said "/maskl"
[7:05:02 AM] [T7taV#12] MJL: said "/exithouse"
[7:05:02 AM] [T7taV#12] MJL: said "/enterhouse"
[7:05:38 AM] [T7taV#12] MJL: said "/exithouse"
[7:05:38 AM] [T7taV#12] MJL: said "/enterhouse"
[7:05:40 AM] [T7taV#12] MJL: said "/exithouse"
[7:05:40 AM] [T7taV#12] MJL: said "/enterhouse"
[7:05:41 AM] [T7taV#12] MJL: said "/exithouse"
[7:05:41 AM] [T7taV#12] MJL: said "/enterhouse"
[7:05:43 AM] [T7taV#12] MJL: said "/exithouse"
[7:05:43 AM] [T7taV#12] MJL: said "/enterhouse"
[7:05:45 AM] [T7taV#12] MJL: said "/exithouse"
[7:05:45 AM] [T7taV#12] MJL: said "/enterhouse"
[7:05:47 AM] [T7taV#12] MJL: said "/exithouse"
[7:05:47 AM] [T7taV#12] MJL: said "/enterhouse"
[7:05:48 AM] [T7taV#12] MJL: said "/exithouse"
[7:05:48 AM] [T7taV#12] MJL: said "/enterhouse"
[7:06:00 AM] [T7taV#9] JOSH: said "/th"
[7:06:01 AM] [T7taV#9] JOSH: said "/th"
[7:06:11 AM] [T7taV#12] MJL: said "/exithouse"
[7:06:11 AM] [T7taV#12] MJL: said "/enterhouse"
[7:06:12 AM] [T7taV#12] MJL: said "/exithouse"
[7:06:12 AM] [T7taV#12] MJL: said "/enterhouse"
[7:06:12 AM] [T7taV#12] MJL: said "/exithouse"
[7:06:12 AM] [T7taV#12] MJL: said "/enterhouse"
[7:06:15 AM] [T7taV#12] MJL: said "/exithouse"
[7:06:15 AM] [T7taV#12] MJL: said "/enterhouse"
[7:06:18 AM] [T7taV#12] MJL: said "/exithouse"
[7:06:18 AM] [T7taV#12] MJL: said "/enterhouse"
[7:06:29 AM] [T7taV#12] MJL: said "/exithouse"
[7:06:29 AM] [T7taV#12] MJL: said "/enterhouse"
[7:06:33 AM] [T7taV#12] MJL: said "/exithouse"
[7:06:33 AM] [T7taV#12] MJL: said "/enterhouse"
[7:06:35 AM] [T7taV#12] MJL: said "/exithouse"
[7:06:35 AM] [T7taV#12] MJL: said "/enterhouse"
[7:06:39 AM] [T7taV#12] MJL: said "/exithouse"
[7:06:39 AM] [T7taV#12] MJL: said "/enterhouse"
[7:06:40 AM] [T7taV#12] MJL: said "/exithouse"
[7:06:40 AM] [T7taV#12] MJL: said "/enterhouse"
[7:06:42 AM] [T7taV#12] MJL: said "/exithouse"
[7:06:42 AM] [T7taV#12] MJL: said "/enterhouse"
[7:10:37 AM] [T7taV#12] MJL: said "/exithouse"
[7:10:37 AM] [T7taV#12] MJL: said "/enterhouse"
[7:11:34 AM] [T7taV#12] MJL: said "/exithouse"
[7:11:34 AM] [T7taV#12] MJL: said "/enterhouse"
[7:11:37 AM] [T7taV#12] MJL: said "/exithouse"
[7:11:37 AM] [T7taV#12] MJL: said "/enterhouse"
[7:11:48 AM] [T7taV#12] MJL: said "/exithouse"
[7:11:48 AM] [T7taV#12] MJL: said "/enterhouse"
[7:11:49 AM] [T7taV#12] MJL: said "/exithouse"
[7:11:49 AM] [T7taV#12] MJL: said "/enterhouse"
[7:13:06 AM] [T7taV#12] MJL: said "/exithouse"
[7:13:06 AM] [T7taV#12] MJL: said "/enterhouse"
[7:13:50 AM] [T7taV#14] prest: disconnected (Exiting)
[7:14:08 AM] [T7taV#12] MJL: said "/exithouse"
[7:14:08 AM] [T7taV#12] MJL: said "/enterhouse"
[7:14:16 AM] [T7taV#12] MJL: said "/exithouse"
[7:14:16 AM] [T7taV#12] MJL: said "/enterhouse"
[7:14:20 AM] [T7taV#12] MJL: said "/exithouse"
[7:14:20 AM] [T7taV#12] MJL: said "/enterhouse"
[7:16:59 AM] [T7taV#12] MJL: said "/exithouse"
[7:16:59 AM] [T7taV#12] MJL: said "/enterhouse"
[7:19:05 AM] [T7taV#12] MJL: said "/exithouse"
[7:19:05 AM] [T7taV#12] MJL: said "/enterhouse"
[7:19:06 AM] [T7taV#12] MJL: said "/exithouse"
[7:19:06 AM] [T7taV#12] MJL: said "/enterhouse"
[7:19:42 AM] [T7taV#12] MJL: said "/exithouse"
[7:19:42 AM] [T7taV#12] MJL: said "/enterhouse"
[7:19:43 AM] [T7taV#12] MJL: said "/exithouse"
[7:19:43 AM] [T7taV#12] MJL: said "/enterhouse"
[7:22:21 AM] [T7taV#12] MJL: said "/exithouse"
[7:22:21 AM] [T7taV#12] MJL: said "/enterhouse"
[7:22:21 AM] [T7taV#12] MJL: said "/exithouse"
[7:22:21 AM] [T7taV#12] MJL: said "/enterhouse"
[7:22:24 AM] [T7taV#12] MJL: said "/exithouse"
[7:22:24 AM] [T7taV#12] MJL: said "/enterhouse"
[7:22:25 AM] [T7taV#12] MJL: said "/exithouse"
[7:22:25 AM] [T7taV#12] MJL: said "/enterhouse"
[7:24:01 AM] [T7taV#12] MJL: said "/exithouse"
[7:24:01 AM] [T7taV#12] MJL: said "/enterhouse"
[7:24:02 AM] [T7taV#12] MJL: said "/exithouse"
[7:24:02 AM] [T7taV#12] MJL: said "/enterhouse"
[7:24:05 AM] [T7taV#12] MJL: said "/exithouse"
[7:24:05 AM] [T7taV#12] MJL: said "/enterhouse"
[7:24:06 AM] [T7taV#12] MJL: said "/exithouse"
[7:24:06 AM] [T7taV#12] MJL: said "/enterhouse"
[7:28:52 AM] [T7taV#12] MJL: said "/exithouse"
[7:28:52 AM] [T7taV#12] MJL: said "/enterhouse"
[7:28:56 AM] [T7taV#12] MJL: said "/exithouse"
[7:28:56 AM] [T7taV#12] MJL: said "/enterhouse"
[7:29:52 AM] [T7taV#12] MJL: said "/exithouse"
[7:29:52 AM] [T7taV#12] MJL: said "/enterhouse"
[7:29:53 AM] [T7taV#12] MJL: said "/exithouse"
[7:29:53 AM] [T7taV#12] MJL: said "/enterhouse"
[7:29:58 AM] [T7taV#12] MJL: disconnected (Exiting)
[7:32:03 AM] [T7taV#5] missberrymedley: said "/crossarms5"
[7:33:16 AM] [T7taV#3] RigssRP: died from Fist by JOSH
[7:38:37 AM] [T7taV#3] RigssRP: disconnected (Exiting)
[7:38:55 AM] [T7taV#5] missberrymedley: said "/crossarms5"
[7:39:19 AM] [T7taV#10] DaddyDizzle: said "/hideHUD"
[7:39:36 AM] [T7taV#10] DaddyDizzle: disconnected (Exiting)
[7:40:27 AM] [T7taV#15] DaddyDizzle: joined with identifiers [steam:11000014bb53aeb; license:e0893217ab0d40d6a510bcbfe1c9441b4a208a2b; discord:584024523989581834; fivem:8961289; license2:e0893217ab0d40d6a510bcbfe1c9441b4a208a2b]
[7:41:32 AM] [T7taV#9] JOSH: disconnected (Exiting)
[7:41:35 AM] [T7taV#15] DaddyDizzle: disconnected (Exiting)
[7:42:11 AM] [T7taV#16] DaddyDizzle: joined with identifiers [steam:11000014bb53aeb; license:e0893217ab0d40d6a510bcbfe1c9441b4a208a2b; discord:584024523989581834; fivem:8961289; license2:e0893217ab0d40d6a510bcbfe1c9441b4a208a2b]
[7:43:35 AM] [T7taV#17] Kody Pepperfield: joined with identifiers [steam:11000010c770c55; license:3219d00ad3af143df0db5d2bed38fe7460729e68; xbl:2535451109437060; live:1055521765014399; discord:152991330048540672; fivem:12674089; license2:3e576e238fb0360dab034daae9fc7459afbacb59]
[7:43:42 AM] [T7taV#16] DaddyDizzle: said "/hideHUD"
[7:43:45 AM] [T7taV#16] DaddyDizzle: said "/hideHUD"
[7:43:47 AM] [T7taV#16] DaddyDizzle: said "/hideHUD"
[7:45:12 AM] [T7taV#5] missberrymedley: said "/emote,enu"
[7:47:37 AM] [T7taV#18] d20_og: joined with identifiers [license:78264314a900a686181e306063932f7a75dede88; xbl:2533274819184604; live:844427138197021; discord:396522725851660301; fivem:1395350]
[7:54:04 AM] [T7taV#13] BotOnMnK: died from Knife by DaddyDizzle
[7:54:17 AM] [T7taV#19] DevilJack: joined with identifiers [steam:11000010ed7a403; license:6768be628cc20f4a8ab5af3e03f6ed94dab84afa; xbl:2535435307604589; live:844428655011721; discord:198496329989619713; fivem:175604; license2:6768be628cc20f4a8ab5af3e03f6ed94dab84afa]
[8:08:51 AM] [T7taV#2] marcusblackwell7: died from suicide (Falling)
[8:11:10 AM] [T7taV#2] marcusblackwell7: died from suicide
[8:12:27 AM] [T7taV#16] DaddyDizzle: died from Pistol by BotOnMnK
[8:12:30 AM] [T7taV#16] DaddyDizzle: said "revive"
[8:12:38 AM] [T7taV#13] BotOnMnK: died from Fist by DaddyDizzle
[8:13:37 AM] [T7taV#13] BotOnMnK: died from Knife by DaddyDizzle
[8:14:15 AM] [T7taV#17] Kody Pepperfield: died from Ranover by Vehicle by DaddyDizzle
[8:14:15 AM] [T7taV#13] BotOnMnK: died from Ranover by Vehicle by DaddyDizzle
[8:14:44 AM] [T7taV#16] DaddyDizzle: died from Pistol by BotOnMnK
[8:14:55 AM] [T7taV#16] DaddyDizzle: died from Pistol by BotOnMnK
[8:15:12 AM] [T7taV#16] DaddyDizzle: died from Pump Shotgun by Kody Pepperfield
[8:16:01 AM] [T7taV#2] marcusblackwell7: disconnected (Game crashed: RAGE error: ERR_STR_INFO_2)
[8:16:10 AM] [T7taV#18] d20_og: disconnected (Exiting)
[8:16:46 AM] [T7taV#20] marcusblackwell7: joined with identifiers [steam:110000154d96125; license:b90a0574761cd349c5a4e1d6372c3ba96f26a074; discord:667904617446768652; fivem:7859917; license2:b90a0574761cd349c5a4e1d6372c3ba96f26a074]
[8:16:49 AM] [T7taV#16] DaddyDizzle: died from Pump Shotgun by Kody Pepperfield
[8:17:20 AM] [T7taV#13] BotOnMnK: died from Machine Pistol by DaddyDizzle
[8:18:48 AM] [T7taV#17] Kody Pepperfield: died from Pump Shotgun by DaddyDizzle
[8:19:34 AM] [T7taV#19] DevilJack: disconnected (Exiting)
[8:20:27 AM] [T7taV#21] JOSH: joined with identifiers [steam:1100001438fe567; license:b6284c20b4ad2c41c48d4a31859b65ae2a417ec8; discord:405075418769522708; fivem:12124231; license2:b6284c20b4ad2c41c48d4a31859b65ae2a417ec8]
[8:25:22 AM] [T7taV#5] missberrymedley: said "/reloadskin"
[8:26:27 AM] [T7taV#5] missberrymedley: disconnected (Exiting)
[8:26:35 AM] [T7taV#13] BotOnMnK: disconnected (Game crashed: d3d11.dll!CContext::TID3D11DeviceContext_SetShaderResources_<1,4> (0x161))
[8:27:06 AM] [T7taV#22] missberrymedley: joined with identifiers [steam:11000010cab8d07; license:7a3a5bfb5af789cb5f02843e29cc4ee338b0a294; xbl:2535413783067581; live:1688853905214434; discord:461174423903535107; fivem:1697557; license2:ec1926a90f33d1955abd2276f36a7c3ed4c51a23]
[8:27:32 AM] [T7taV#23] BotOnMnK: joined with identifiers [steam:11000014df460ff; license:06a61b4c40fc28c0a6e0a709ba99ffb637152b33; xbl:2535406023679221; live:1055518462074046; discord:1043623556015194112; fivem:9907274; license2:06a61b4c40fc28c0a6e0a709ba99ffb637152b33]
[8:29:39 AM] [T7taV#1] φοῖνιξ: died from suicide (Falling)
[8:35:59 AM] [T7taV#21] JOSH: said "/hideHUD"
[8:42:32 AM] [T7taV#17] Kody Pepperfield: said "//e superhero"
[8:42:42 AM] [T7taV#23] BotOnMnK: died from Fist by DaddyDizzle
[8:46:12 AM] [T7taV#21] JOSH: died from Pistol by marcusblackwell7
[8:47:23 AM] [T7taV#16] DaddyDizzle: said "revive"
[8:49:42 AM] [T7taV#23] BotOnMnK: died from Fist by JOSH
[8:51:16 AM] [T7taV#1] φοῖνιξ: disconnected (Exiting)
[8:52:18 AM] [T7taV#21] JOSH: died from unknown by BotOnMnK
[8:58:09 AM] [T7taV#24] Kamakazi Gamdom: joined with identifiers [steam:11000010e87be4d; license:b27179133e8df658895ecd5f756db2a4a4c8cd08; xbl:2533275003431282; live:1829581607460581; discord:242888314108116992; fivem:11442758; license2:e1e3866f24a1a081ffd211b7c1805c667b695651]
[9:00:33 AM] [T7taV#24] Kamakazi Gamdom: disconnected (Exiting)
[9:03:30 AM] [T7taV#21] JOSH: died from suicide (Falling)
[9:04:48 AM] [T7taV#22] missberrymedley: disconnected (Exiting)
[9:08:38 AM] [T7taV#25] Rollo_Trollo: joined with identifiers [steam:110000105388248; license:885da4c7ff748316ae69dc4092024dd378866599; xbl:2533274838319533; live:1899946045819328; discord:97100778031808512; license2:885da4c7ff748316ae69dc4092024dd378866599]
[9:09:08 AM] [T7taV#26] Kamakazi Gamdom: joined with identifiers [steam:11000010e87be4d; license:b27179133e8df658895ecd5f756db2a4a4c8cd08; xbl:2533275003431282; live:1829581607460581; discord:242888314108116992; fivem:11442758; license2:e1e3866f24a1a081ffd211b7c1805c667b695651]
[9:10:07 AM] [T7taV#26] Kamakazi Gamdom: disconnected (Exiting)
[9:11:58 AM] [T7taV#27] Kamakazi Gamdom: joined with identifiers [steam:11000010e87be4d; license:b27179133e8df658895ecd5f756db2a4a4c8cd08; xbl:2533275003431282; live:1829581607460581; discord:242888314108116992; fivem:11442758; license2:e1e3866f24a1a081ffd211b7c1805c667b695651]
[9:12:22 AM] [T7taV#28] Mr.Green: joined with identifiers [steam:110000117f12b1a; license:8cb9f8548eb4c7764c77849cfa2ff397ec016f08; xbl:2535433922801834; live:985153858977618; discord:322443072233537556; fivem:10498222; license2:6dd94f8afb9d56223c4c530061c5ab1316c72c1c]
[9:12:53 AM] [T7taV#27] Kamakazi Gamdom: disconnected (Exiting)
[9:13:31 AM] [T7taV#29] Kamakazi Gamdom: joined with identifiers [steam:11000010e87be4d; license:b27179133e8df658895ecd5f756db2a4a4c8cd08; xbl:2533275003431282; live:1829581607460581; discord:242888314108116992; fivem:11442758; license2:e1e3866f24a1a081ffd211b7c1805c667b695651]
[9:17:54 AM] [T7taV#29] Kamakazi Gamdom: said "/hideHUD"
[9:18:33 AM] [T7taV#21] JOSH: died from suicide (Falling)
[9:18:39 AM] [T7taV#29] Kamakazi Gamdom: said "/tpm\"
[9:22:05 AM] [T7taV#29] Kamakazi Gamdom: said "/hideHUD"
[9:23:44 AM] [T7taV#23] BotOnMnK: said "/hideHUD"
[9:29:34 AM] [T7taV#21] JOSH: said "/th"
[9:29:34 AM] [T7taV#21] JOSH: said "/th"
[9:29:35 AM] [T7taV#21] JOSH: said "/th"
[9:34:50 AM] [T7taV#21] JOSH: said "/th"
[9:35:54 AM] [T7taV#25] Rollo_Trollo: said "/hideHUD"
[9:38:41 AM] [T7taV#30] missberrymedley: joined with identifiers [steam:11000010cab8d07; license:7a3a5bfb5af789cb5f02843e29cc4ee338b0a294; xbl:2535413783067581; live:1688853905214434; discord:461174423903535107; fivem:1697557; license2:ec1926a90f33d1955abd2276f36a7c3ed4c51a23]
[9:43:41 AM] [T7taV#21] JOSH: said "/th"
[9:43:41 AM] [T7taV#21] JOSH: said "/th"
[9:43:41 AM] [T7taV#21] JOSH: said "/th"
[9:44:54 AM] [T7taV#20] marcusblackwell7: disconnected (Game crashed: RAGE error: ERR_STR_INFO_2)
[9:45:28 AM] [T7taV#31] marcusblackwell7: joined with identifiers [steam:110000154d96125; license:b90a0574761cd349c5a4e1d6372c3ba96f26a074; discord:667904617446768652; fivem:7859917; license2:b90a0574761cd349c5a4e1d6372c3ba96f26a074]
[9:46:14 AM] [T7taV#17] Kody Pepperfield: said "/hideHUD"
[9:46:18 AM] [T7taV#25] Rollo_Trollo: said "/hideHUD"
[9:50:45 AM] [T7taV#32] Le0va: joined with identifiers [steam:110000115ceb248; license:eb50d0f0e1234a21689c685afbb0031705183403; xbl:2535464818703766; live:985157324057631; discord:246676459643600897; fivem:8879279; license2:eb50d0f0e1234a21689c685afbb0031705183403]
[9:58:01 AM] [T7taV#17] Kody Pepperfield: died from suicide (Falling)
[9:58:02 AM] [T7taV#30] missberrymedley: said "/hideHUD"
[10:02:26 AM] [T7taV#25] Rollo_Trollo: said "/hideHUD"
[10:02:27 AM] [T7taV#30] missberrymedley: said "/hideHUD"
[10:03:41 AM] [T7taV#32] Le0va: disconnected (Game crashed: GTA5_b2699.exe!_setSamplersForPixelShader (0x89))
[10:04:20 AM] [T7taV#23] BotOnMnK: said "/hideHUD"
[10:04:39 AM] [T7taV#23] BotOnMnK: said "/hideHUD"
[10:05:14 AM] [T7taV#23] BotOnMnK: said "/hideHUD"
[10:09:27 AM] [T7taV#31] marcusblackwell7: said "//rob"
[10:09:48 AM] [T7taV#16] DaddyDizzle: said "revive"
[10:12:21 AM] [T7taV#30] missberrymedley: said "/hideHUD"
[10:18:44 AM] [T7taV#29] Kamakazi Gamdom: said "/fikx"
[10:24:43 AM] [T7taV#29] Kamakazi Gamdom: said "fix"
[10:26:33 AM] [T7taV#29] Kamakazi Gamdom: died from Pump Shotgun by Kody Pepperfield
[10:27:24 AM] [T7taV#16] DaddyDizzle: disconnected (Game crashed: GTA5_b2699.exe!_setSamplersForPixelShader (0x89))
[10:28:14 AM] [T7taV#33] DaddyDizzle: joined with identifiers [steam:11000014bb53aeb; license:e0893217ab0d40d6a510bcbfe1c9441b4a208a2b; discord:584024523989581834; fivem:8961289; license2:e0893217ab0d40d6a510bcbfe1c9441b4a208a2b]
[10:33:15 AM] [T7taV#21] JOSH: said "/th"
[10:33:16 AM] [T7taV#21] JOSH: said "/th"
[10:33:16 AM] [T7taV#21] JOSH: said "/th"
[10:33:18 AM] [T7taV#21] JOSH: said "/th"
[10:33:34 AM] [T7taV#29] Kamakazi Gamdom: died from Pistol by marcusblackwell7
[10:35:55 AM] [T7taV#29] Kamakazi Gamdom: said "/mask'"
[10:39:23 AM] [T7taV#34] jlberry10: joined with identifiers [steam:1100001615c0a52; license:41e5d20797706e46aae96886f2a6497b04b828fa; xbl:2535431518296618; live:914801212956691; discord:1183450223519998023; fivem:12942490; license2:41e5d20797706e46aae96886f2a6497b04b828fa]
[10:44:31 AM] [T7taV#25] Rollo_Trollo: disconnected (Exiting)
[10:46:20 AM] [T7taV#21] JOSH: died from suicide (Falling)
[10:53:46 AM] [T7taV#30] missberrymedley: said "/hideHUD"
[10:54:27 AM] [T7taV#30] missberrymedley: said "/printer"
[10:59:10 AM] [T7taV#23] BotOnMnK: died from Knife by DaddyDizzle
[11:00:18 AM] [T7taV#35] φοῖνιξ: joined with identifiers [steam:11000010ee88c01; license:ee681c08d9d45c48bf5af06870d7d23d75db16dc; xbl:2535430200613003; live:985158121988759; discord:305372052683096065; fivem:10488223; license2:ee681c08d9d45c48bf5af06870d7d23d75db16dc]
[11:00:57 AM] [T7taV#29] Kamakazi Gamdom: died from Pump Shotgun by Kody Pepperfield
[11:01:24 AM] [T7taV#28] Mr.Green: died from suicide (Falling)
[11:03:14 AM] [T7taV#28] Mr.Green: died from suicide (Falling)
[11:07:16 AM] [T7taV#21] JOSH: disconnected (Game crashed: d3d11.dll!CContext::TID3D11DeviceContext_SetShaderResources_<1,4> (0x161))
[11:07:20 AM] [T7taV#17] Kody Pepperfield: said "//e superhero"
[11:07:25 AM] [T7taV#17] Kody Pepperfield: said "//e superhero"
[11:08:23 AM] [T7taV#34] jlberry10: said "/carry"
[11:08:24 AM] [T7taV#36] JOSH: joined with identifiers [steam:1100001438fe567; license:b6284c20b4ad2c41c48d4a31859b65ae2a417ec8; discord:405075418769522708; fivem:12124231; license2:b6284c20b4ad2c41c48d4a31859b65ae2a417ec8]
[11:09:34 AM] [T7taV#29] Kamakazi Gamdom: said "/mask'"
[11:11:22 AM] [T7taV#28] Mr.Green: disconnected (Exiting)
[11:24:45 AM] [T7taV#17] Kody Pepperfield: said "/vehiclemeny"
[11:25:13 AM] [T7taV#17] Kody Pepperfield: died from suicide (Falling)
[11:26:17 AM] [T7taV#33] DaddyDizzle: said "admin"
[11:26:54 AM] [T7taV#30] missberrymedley: said "/crossarms5"
[11:28:01 AM] [T7taV#30] missberrymedley: said "/crossarms5"
[11:28:15 AM] [T7taV#30] missberrymedley: said "/crossarms5"
[11:33:45 AM] [T7taV#30] missberrymedley: said "/crossarms5"
[11:33:56 AM] [T7taV#37] d20_og: joined with identifiers [steam:110000118208d04; license:78264314a900a686181e306063932f7a75dede88; xbl:2533274819184604; live:844427138197021; discord:396522725851660301; fivem:1395350]
[11:34:07 AM] [T7taV#30] missberrymedley: said "/crossarms5"
[11:45:43 AM] [T7taV#17] Kody Pepperfield: died from suicide (Falling)
[11:49:49 AM] [T7taV#17] Kody Pepperfield: died from unknown by Kamakazi Gamdom
[11:50:21 AM] [T7taV#29] Kamakazi Gamdom: died from unknown by BotOnMnK
[11:50:43 AM] [T7taV#33] DaddyDizzle: died from unknown by BotOnMnK
[11:53:32 AM] [T7taV#30] missberrymedley: disconnected (Game crashed: d3d11.dll!??$TID3D11DeviceContext_SetShaderResources_@$00$03@CContext@@SAXPEAUID3D11DeviceContext5@@IIPEBQEAUID3D11ShaderResourceView@@@Z (0x13e))
[11:55:02 AM] [T7taV#38] missberrymedley: joined with identifiers [steam:11000010cab8d07; license:7a3a5bfb5af789cb5f02843e29cc4ee338b0a294; xbl:2535413783067581; live:1688853905214434; discord:461174423903535107; fivem:1697557; license2:ec1926a90f33d1955abd2276f36a7c3ed4c51a23]
[11:55:04 AM] [T7taV#23] BotOnMnK: disconnected (Game crashed: GTA5_b2699.exe!_setSamplersForPixelShader (0x89))
[11:55:57 AM] [T7taV#34] jlberry10: disconnected (Server->client connection timed out. Last seen 38220 msec ago.)
[11:56:03 AM] [T7taV#36] JOSH: died from unknown by marcusblackwell7
[11:57:31 AM] [T7taV#39] jlberry10: joined with identifiers [steam:1100001615c0a52; license:41e5d20797706e46aae96886f2a6497b04b828fa; xbl:2535431518296618; live:914801212956691; discord:1183450223519998023; fivem:12942490; license2:41e5d20797706e46aae96886f2a6497b04b828fa]
[11:58:06 AM] [T7taV#38] missberrymedley: disconnected (Exiting)
[11:58:37 AM] [T7taV#17] Kody Pepperfield: disconnected (Exiting)
[11:58:39 AM] [T7taV#40] missberrymedley: joined with identifiers [steam:11000010cab8d07; license:7a3a5bfb5af789cb5f02843e29cc4ee338b0a294; xbl:2535413783067581; live:1688853905214434; discord:461174423903535107; fivem:1697557; license2:ec1926a90f33d1955abd2276f36a7c3ed4c51a23]
[11:59:14 AM] [T7taV#37] d20_og: disconnected (Exiting)
[11:59:20 AM] [T7taV#36] JOSH: said "/th"
[12:00:17 PM] [T7taV#41] Kieron: joined with identifiers [license:06a61b4c40fc28c0a6e0a709ba99ffb637152b33; xbl:2535406023679221; live:1055518462074046; discord:1043623556015194112; fivem:9907274; license2:06a61b4c40fc28c0a6e0a709ba99ffb637152b33]
[12:11:46 PM] [T7taV#31] marcusblackwell7: disconnected (Exiting)
[12:11:48 PM] [T7taV#41] Kieron: disconnected (Exiting)
[12:12:00 PM] [T7taV#39] jlberry10: disconnected (Server->client connection timed out. Last seen 57884 msec ago.)
[12:18:16 PM] [T7taV#42] jlberry10: joined with identifiers [steam:1100001615c0a52; license:41e5d20797706e46aae96886f2a6497b04b828fa; xbl:2535431518296618; live:914801212956691; discord:1183450223519998023; fivem:12942490; license2:41e5d20797706e46aae96886f2a6497b04b828fa]
[12:20:30 PM] [T7taV#29] Kamakazi Gamdom: disconnected (Exiting)
[12:23:04 PM] [T7taV#43] Kamakazi Gamdom: joined with identifiers [steam:11000010e87be4d; license:b27179133e8df658895ecd5f756db2a4a4c8cd08; xbl:2533275003431282; live:1829581607460581; discord:242888314108116992; fivem:11442758; license2:e1e3866f24a1a081ffd211b7c1805c667b695651]
[12:24:42 PM] [T7taV#43] Kamakazi Gamdom: said "tpm"
[12:25:29 PM] [T7taV#33] DaddyDizzle: said "/hideHUD"
[12:25:29 PM] [T7taV#36] JOSH: said "/hideHUD"
[12:25:54 PM] [T7taV#33] DaddyDizzle: disconnected (Exiting)
[12:25:55 PM] [T7taV#36] JOSH: disconnected (Exiting)
[12:26:59 PM] [T7taV#40] missberrymedley: died from suicide (Falling)
[12:31:51 PM] [T7taV#43] Kamakazi Gamdom: disconnected (Exiting)
[12:39:09 PM] [T7taV#42] jlberry10: disconnected (Server->client connection timed out. Last seen 40924 msec ago.)
[12:40:30 PM] [T7taV#40] missberrymedley: said "/anchor"
[12:40:49 PM] [T7taV#40] missberrymedley: said "/anchor"
[1:02:23 PM] [T7taV#44] Esky: joined with identifiers [steam:110000131c93706; license:8dfbcb6dabf76f1c81aa91d421dc6c2ab1407ba6; xbl:2535436019694875; live:914798270695886; discord:350771731708772354; fivem:11993654; license2:8dfbcb6dabf76f1c81aa91d421dc6c2ab1407ba6]
[1:10:47 PM] [T7taV#44] Esky: disconnected (Exiting)
[1:11:35 PM] [T7taV#45] Esky: joined with identifiers [steam:110000131c93706; license:8dfbcb6dabf76f1c81aa91d421dc6c2ab1407ba6; xbl:2535436019694875; live:914798270695886; discord:350771731708772354; fivem:11993654; license2:8dfbcb6dabf76f1c81aa91d421dc6c2ab1407ba6]
[1:25:29 PM] [T7taV#45] Esky: said "/reloadskin"
[1:25:44 PM] [T7taV#45] Esky: disconnected (Exiting)
[1:26:26 PM] [T7taV#46] Esky: joined with identifiers [steam:110000131c93706; license:8dfbcb6dabf76f1c81aa91d421dc6c2ab1407ba6; xbl:2535436019694875; live:914798270695886; discord:350771731708772354; fivem:11993654; license2:8dfbcb6dabf76f1c81aa91d421dc6c2ab1407ba6]
[1:28:25 PM] [T7taV#46] Esky: said "/refreshskin]"
[1:29:36 PM] [T7taV#46] Esky: disconnected (Exiting)
[1:30:12 PM] txAdmin: ((Broadcast) txAdmin): said "This server is scheduled to restart in 30 minutes."
[1:30:16 PM] [T7taV#47] Esky: joined with identifiers [steam:110000131c93706; license:8dfbcb6dabf76f1c81aa91d421dc6c2ab1407ba6; xbl:2535436019694875; live:914798270695886; discord:350771731708772354; fivem:11993654; license2:8dfbcb6dabf76f1c81aa91d421dc6c2ab1407ba6]
[1:30:52 PM] [T7taV#48] MercInTheMicrowave: joined with identifiers [steam:11000011b2b5be9; license:002116d9b017e0c0bde3b0ca0bcaad067cb6a635; xbl:2533274993767905; live:985156978211075; discord:719690968072192000; fivem:8984449; license2:002116d9b017e0c0bde3b0ca0bcaad067cb6a635]
[1:31:01 PM] [T7taV#49] grimwrim: joined with identifiers [steam:110000148d44236; license:1d3fcb4df8619570705a91f0605b8b262ec381e5; xbl:2535433452542448; live:985154087192946; discord:344195109023383564; fivem:10552369; license2:1d3fcb4df8619570705a91f0605b8b262ec381e5]
[1:31:54 PM] [T7taV#47] Esky: disconnected (Server->client connection timed out. Last seen 31302 msec ago.)
[1:32:47 PM] [T7taV#50] Esky: joined with identifiers [steam:110000131c93706; license:8dfbcb6dabf76f1c81aa91d421dc6c2ab1407ba6; xbl:2535436019694875; live:914798270695886; discord:350771731708772354; fivem:11993654; license2:8dfbcb6dabf76f1c81aa91d421dc6c2ab1407ba6]
[1:34:51 PM] [T7taV#51] MJL: joined with identifiers [steam:1100001324fa523; license:ec6c328d6d02f816bf13e4a9d09768c02d6e3125; xbl:2535415531070562; live:1055522508602522; discord:213410953641852928; fivem:2586828]
[1:36:21 PM] [T7taV#51] MJL: said "/adn"
[1:42:10 PM] [T7taV#52] JOSH: joined with identifiers [steam:1100001438fe567; license:b6284c20b4ad2c41c48d4a31859b65ae2a417ec8; discord:405075418769522708; fivem:12124231; license2:b6284c20b4ad2c41c48d4a31859b65ae2a417ec8]
[1:43:21 PM] [T7taV#52] JOSH: disconnected (Exiting)
[1:45:12 PM] txAdmin: ((Broadcast) txAdmin): said "This server is scheduled to restart in 15 minutes."
[1:47:01 PM] [T7taV#50] Esky: disconnected (Server->client connection timed out. Last seen 36863 msec ago.)
[1:47:45 PM] [T7taV#53] Esky: joined with identifiers [steam:110000131c93706; license:8dfbcb6dabf76f1c81aa91d421dc6c2ab1407ba6; xbl:2535436019694875; live:914798270695886; discord:350771731708772354; fivem:11993654; license2:8dfbcb6dabf76f1c81aa91d421dc6c2ab1407ba6]
[1:50:13 PM] txAdmin: ((Broadcast) txAdmin): said "This server is scheduled to restart in 10 minutes."
[1:55:13 PM] txAdmin: ((Broadcast) txAdmin): said "This server is scheduled to restart in 5 minutes."
[1:56:13 PM] txAdmin: ((Broadcast) txAdmin): said "This server is scheduled to restart in 4 minutes."
[1:57:13 PM] txAdmin: ((Broadcast) txAdmin): said "This server is scheduled to restart in 3 minutes."
[1:57:38 PM] [T7taV#49] grimwrim: disconnected (Exiting)
[1:58:13 PM] txAdmin: ((Broadcast) txAdmin): said "This server is scheduled to restart in 2 minutes."
[1:59:07 PM] [T7taV#48] MercInTheMicrowave: disconnected (Exiting)
[1:59:13 PM] txAdmin: ((Broadcast) txAdmin): said "This server is scheduled to restart in 1 minute. Please disconnect now."
[1:59:32 PM] [T7taV#53] Esky: disconnected (Exiting)
[2:00:12 PM] [T7taV#35] φοῖνιξ: disconnected ([txAdmin] Server restarting (scheduled restart at 14:00).)
[2:00:12 PM] [T7taV#40] missberrymedley: disconnected ([txAdmin] Server restarting (scheduled restart at 14:00).)
[2:00:12 PM] [T7taV#51] MJL: disconnected ([txAdmin] Server restarting (scheduled restart at 14:00).)
[2:03:26 PM] txAdmin: Logger started
[2:04:15 PM] [DPjxJ#1] MercInTheMicrowave: joined with identifiers [steam:11000011b2b5be9; license:002116d9b017e0c0bde3b0ca0bcaad067cb6a635; xbl:2533274993767905; live:985156978211075; discord:719690968072192000; fivem:8984449; license2:002116d9b017e0c0bde3b0ca0bcaad067cb6a635]
[2:04:42 PM] [DPjxJ#2] MJL: joined with identifiers [steam:1100001324fa523; license:ec6c328d6d02f816bf13e4a9d09768c02d6e3125; xbl:2535415531070562; live:1055522508602522; discord:213410953641852928; fivem:2586828]
[2:04:50 PM] [DPjxJ#3] missberrymedley: joined with identifiers [steam:11000010cab8d07; license:7a3a5bfb5af789cb5f02843e29cc4ee338b0a294; xbl:2535413783067581; live:1688853905214434; discord:461174423903535107; fivem:1697557; license2:ec1926a90f33d1955abd2276f36a7c3ed4c51a23]
[2:05:22 PM] [DPjxJ#4] Rollo_Trollo: joined with identifiers [steam:110000105388248; license:885da4c7ff748316ae69dc4092024dd378866599; xbl:2533274838319533; live:1899946045819328; discord:97100778031808512; license2:885da4c7ff748316ae69dc4092024dd378866599]
[2:06:11 PM] [DPjxJ#5] grimwrim: joined with identifiers [steam:110000148d44236; license:1d3fcb4df8619570705a91f0605b8b262ec381e5; xbl:2535433452542448; live:985154087192946; discord:344195109023383564; fivem:10552369; license2:1d3fcb4df8619570705a91f0605b8b262ec381e5]
[2:07:09 PM] [DPjxJ#2] MJL: said "/exithouse"
[2:07:09 PM] [DPjxJ#2] MJL: said "/enterhouse"
[2:07:10 PM] [DPjxJ#2] MJL: said "/exithouse"
[2:07:10 PM] [DPjxJ#2] MJL: said "/enterhouse"
[2:07:11 PM] [DPjxJ#2] MJL: said "/exithouse"
[2:07:11 PM] [DPjxJ#2] MJL: said "/enterhouse"
[2:07:12 PM] [DPjxJ#2] MJL: said "/exithouse"
[2:07:12 PM] [DPjxJ#2] MJL: said "/enterhouse"
[2:07:20 PM] [DPjxJ#2] MJL: said "/exithouse"
[2:07:20 PM] [DPjxJ#2] MJL: said "/enterhouse"
[2:07:20 PM] [DPjxJ#2] MJL: said "/exithouse"
[2:07:20 PM] [DPjxJ#2] MJL: said "/enterhouse"
[2:07:33 PM] [DPjxJ#6] DaddyDizzle: joined with identifiers [steam:11000014bb53aeb; license:e0893217ab0d40d6a510bcbfe1c9441b4a208a2b; discord:584024523989581834; fivem:8961289; license2:e0893217ab0d40d6a510bcbfe1c9441b4a208a2b]
[2:09:35 PM] [DPjxJ#6] DaddyDizzle: said "/hideHUD"
[2:09:42 PM] [DPjxJ#7] BotOnMnK: joined with identifiers [steam:11000014df460ff; license:06a61b4c40fc28c0a6e0a709ba99ffb637152b33; xbl:2535406023679221; live:1055518462074046; discord:1043623556015194112; fivem:9907274; license2:06a61b4c40fc28c0a6e0a709ba99ffb637152b33]
[2:10:33 PM] [DPjxJ#2] MJL: disconnected (Exiting)
[2:11:11 PM] [DPjxJ#8] MJL: joined with identifiers [steam:1100001324fa523; license:ec6c328d6d02f816bf13e4a9d09768c02d6e3125; xbl:2535415531070562; live:1055522508602522; discord:213410953641852928; fivem:2586828]
[2:12:24 PM] [DPjxJ#8] MJL: said "/exithouse"
[2:12:24 PM] [DPjxJ#8] MJL: said "/enterhouse"
[2:12:25 PM] [DPjxJ#8] MJL: said "/exithouse"
[2:12:25 PM] [DPjxJ#8] MJL: said "/enterhouse"
[2:12:39 PM] [DPjxJ#8] MJL: said "/exithouse"
[2:12:39 PM] [DPjxJ#8] MJL: said "/enterhouse"
[2:12:39 PM] [DPjxJ#8] MJL: said "/exithouse"
[2:12:39 PM] [DPjxJ#8] MJL: said "/enterhouse"
[2:12:41 PM] [DPjxJ#8] MJL: said "/exithouse"
[2:12:41 PM] [DPjxJ#8] MJL: said "/enterhouse"
[2:12:42 PM] [DPjxJ#8] MJL: said "/exithouse"
[2:12:42 PM] [DPjxJ#8] MJL: said "/enterhouse"
[2:12:44 PM] [DPjxJ#8] MJL: said "/exithouse"
[2:12:44 PM] [DPjxJ#8] MJL: said "/enterhouse"
[2:12:45 PM] [DPjxJ#8] MJL: said "/exithouse"
[2:12:45 PM] [DPjxJ#8] MJL: said "/enterhouse"
[2:12:47 PM] [DPjxJ#8] MJL: said "/exithouse"
[2:12:47 PM] [DPjxJ#8] MJL: said "/enterhouse"
[2:12:48 PM] [DPjxJ#8] MJL: said "/exithouse"
[2:12:48 PM] [DPjxJ#8] MJL: said "/enterhouse"
[2:12:50 PM] [DPjxJ#8] MJL: said "/exithouse"
[2:12:50 PM] [DPjxJ#8] MJL: said "/enterhouse"
[2:12:51 PM] [DPjxJ#8] MJL: said "/exithouse"
[2:12:51 PM] [DPjxJ#8] MJL: said "/enterhouse"
[2:12:54 PM] [DPjxJ#8] MJL: said "/exithouse"
[2:12:54 PM] [DPjxJ#8] MJL: said "/enterhouse"
[2:12:55 PM] [DPjxJ#8] MJL: said "/exithouse"
[2:12:55 PM] [DPjxJ#8] MJL: said "/enterhouse"
[2:12:58 PM] [DPjxJ#8] MJL: said "/exithouse"
[2:12:58 PM] [DPjxJ#8] MJL: said "/enterhouse"
[2:12:59 PM] [DPjxJ#8] MJL: said "/exithouse"
[2:12:59 PM] [DPjxJ#8] MJL: said "/enterhouse"
[2:13:01 PM] [DPjxJ#8] MJL: said "/exithouse"
[2:13:01 PM] [DPjxJ#8] MJL: said "/enterhouse"
[2:13:02 PM] [DPjxJ#8] MJL: said "/exithouse"
[2:13:02 PM] [DPjxJ#8] MJL: said "/enterhouse"
[2:13:04 PM] [DPjxJ#8] MJL: said "/exithouse"
[2:13:04 PM] [DPjxJ#8] MJL: said "/enterhouse"
[2:13:12 PM] [DPjxJ#8] MJL: said "/exithouse"
[2:13:12 PM] [DPjxJ#8] MJL: said "/enterhouse"
[2:13:13 PM] [DPjxJ#8] MJL: said "/exithouse"
[2:13:13 PM] [DPjxJ#8] MJL: said "/enterhouse"
[2:13:17 PM] [DPjxJ#8] MJL: said "/exithouse"
[2:13:17 PM] [DPjxJ#8] MJL: said "/enterhouse"
[2:13:18 PM] [DPjxJ#8] MJL: said "/exithouse"
[2:13:18 PM] [DPjxJ#8] MJL: said "/enterhouse"
[2:13:20 PM] [DPjxJ#8] MJL: said "/exithouse"
[2:13:20 PM] [DPjxJ#8] MJL: said "/enterhouse"
[2:13:20 PM] [DPjxJ#8] MJL: said "/exithouse"
[2:13:20 PM] [DPjxJ#8] MJL: said "/enterhouse"
[2:13:46 PM] [DPjxJ#4] Rollo_Trollo: said "/hideHUD"
[2:13:49 PM] [DPjxJ#7] BotOnMnK: disconnected (Exiting)
[2:14:34 PM] [DPjxJ#9] BotOnMnK: joined with identifiers [steam:11000014df460ff; license:06a61b4c40fc28c0a6e0a709ba99ffb637152b33; xbl:2535406023679221; live:1055518462074046; discord:1043623556015194112; fivem:9907274; license2:06a61b4c40fc28c0a6e0a709ba99ffb637152b33]
[2:14:54 PM] [DPjxJ#8] MJL: disconnected (Exiting)
[2:14:55 PM] [DPjxJ#3] missberrymedley: said "/crossarms5"
[2:20:31 PM] [DPjxJ#1] MercInTheMicrowave: disconnected (Server->client connection timed out. Last seen 34787 msec ago.)
[2:20:37 PM] [DPjxJ#10] MercInTheMicrowave: joined with identifiers [steam:11000011b2b5be9; license:002116d9b017e0c0bde3b0ca0bcaad067cb6a635; xbl:2533274993767905; live:985156978211075; discord:719690968072192000; fivem:8984449; license2:002116d9b017e0c0bde3b0ca0bcaad067cb6a635]
[2:21:00 PM] [DPjxJ#3] missberrymedley: said "/crossarms5"
[2:28:25 PM] [DPjxJ#3] missberrymedley: said "/crossarms5"
[2:33:57 PM] [DPjxJ#10] MercInTheMicrowave: disconnected (Server->client connection timed out. Last seen 32196 msec ago.)
[2:41:24 PM] [DPjxJ#11] Esky: joined with identifiers [steam:110000131c93706; license:8dfbcb6dabf76f1c81aa91d421dc6c2ab1407ba6; xbl:2535436019694875; live:914798270695886; discord:350771731708772354; fivem:11993654; license2:8dfbcb6dabf76f1c81aa91d421dc6c2ab1407ba6]
[2:42:31 PM] [DPjxJ#11] Esky: disconnected (Exiting)
[2:46:02 PM] [DPjxJ#5] grimwrim: disconnected (Exiting)
[3:14:51 PM] [DPjxJ#6] DaddyDizzle: said "/hideHUD"
[3:14:58 PM] [DPjxJ#6] DaddyDizzle: said "/hideHUD"
[3:15:03 PM] [DPjxJ#6] DaddyDizzle: said "/hideHUD"
[3:15:13 PM] [DPjxJ#6] DaddyDizzle: said "/hideHUD"
[3:15:16 PM] [DPjxJ#6] DaddyDizzle: said "/hideHUD"
[3:15:17 PM] [DPjxJ#6] DaddyDizzle: said "/hideHUD"
[3:15:18 PM] [DPjxJ#6] DaddyDizzle: said "/hideHUD"
[3:15:18 PM] [DPjxJ#6] DaddyDizzle: said "/hideHUD"
[3:15:43 PM] [DPjxJ#9] BotOnMnK: said "/hideHUD"
[3:16:45 PM] [DPjxJ#9] BotOnMnK: disconnected (Exiting)
[3:24:40 PM] [DPjxJ#6] DaddyDizzle: said "tpm"
[3:25:57 PM] [DPjxJ#6] DaddyDizzle: said "admin"
[3:36:28 PM] [DPjxJ#12] RigssRP: joined with identifiers [steam:11000014abdebcf; license:0503ca95eab75210d3475b9e63fd6aa6028e6a91; xbl:2535446394392876; live:1055518940555852; discord:1103467626300199044; fivem:8351340; license2:2a20c64a2a1abb3e1653a5c89e5ac281f69f1eb9]
[3:46:01 PM] [DPjxJ#6] DaddyDizzle: said "/hideHUD"
[3:48:55 PM] [DPjxJ#6] DaddyDizzle: said "/rpm"
[3:58:54 PM] [DPjxJ#6] DaddyDizzle: said "/novlip"
[4:00:00 PM] [DPjxJ#6] DaddyDizzle: said "givekeys"
[4:05:55 PM] [DPjxJ#13] Le Bos: joined with identifiers [steam:110000111baa8b1; license:bda6f9cde356d6126cea9acd106016efdadb020c; discord:470171465388392468; license2:fd54cebafe46049548f218abfec15693031d634f]
[4:06:31 PM] [DPjxJ#6] DaddyDizzle: said "/adin"
[4:08:39 PM] [DPjxJ#13] Le Bos: disconnected (Exiting)
[4:09:13 PM] [DPjxJ#14] Le Bos: joined with identifiers [steam:110000111baa8b1; license:bda6f9cde356d6126cea9acd106016efdadb020c; discord:470171465388392468; license2:fd54cebafe46049548f218abfec15693031d634f]
[4:17:39 PM] [DPjxJ#15] Kamakazi Gamdom: joined with identifiers [steam:11000010e87be4d; license:b27179133e8df658895ecd5f756db2a4a4c8cd08; xbl:2533275003431282; live:1829581607460581; discord:242888314108116992; fivem:11442758; license2:e1e3866f24a1a081ffd211b7c1805c667b695651]
[4:22:31 PM] [DPjxJ#15] Kamakazi Gamdom: said "/hideHUD"
[4:27:06 PM] [DPjxJ#6] DaddyDizzle: said "/hideHUD"
[4:33:43 PM] [DPjxJ#16] JOSH: joined with identifiers [steam:1100001438fe567; license:b6284c20b4ad2c41c48d4a31859b65ae2a417ec8; discord:405075418769522708; fivem:12124231; license2:b6284c20b4ad2c41c48d4a31859b65ae2a417ec8]
[4:36:01 PM] [DPjxJ#6] DaddyDizzle: disconnected (Exiting)
[4:41:07 PM] [DPjxJ#15] Kamakazi Gamdom: said "/dvv"
[4:41:09 PM] [DPjxJ#14] Le Bos: disconnected (Exiting)
[4:42:36 PM] [DPjxJ#17] Le Bos: joined with identifiers [steam:110000111baa8b1; license:bda6f9cde356d6126cea9acd106016efdadb020c; discord:470171465388392468; license2:fd54cebafe46049548f218abfec15693031d634f]
[4:43:28 PM] [DPjxJ#17] Le Bos: disconnected (Game crashed: GTA5_b2699.exe!sub_1412E71A8 (0x116))
[4:43:46 PM] [DPjxJ#4] Rollo_Trollo: said "/skill"
[4:44:57 PM] [DPjxJ#18] Le Bos: joined with identifiers [steam:110000111baa8b1; license:bda6f9cde356d6126cea9acd106016efdadb020c; discord:470171465388392468; license2:fd54cebafe46049548f218abfec15693031d634f]
[4:46:49 PM] [DPjxJ#15] Kamakazi Gamdom: said "/hideHUD"
[4:46:53 PM] [DPjxJ#15] Kamakazi Gamdom: said "/hideHUD"
[4:47:43 PM] [DPjxJ#15] Kamakazi Gamdom: said "/hideHUD"
[4:48:15 PM] [DPjxJ#15] Kamakazi Gamdom: said "/hideHUD"
[4:48:15 PM] [DPjxJ#15] Kamakazi Gamdom: said "/hideHUD"
[4:48:30 PM] [DPjxJ#18] Le Bos: died from suicide (Falling)
[4:49:05 PM] [DPjxJ#15] Kamakazi Gamdom: said "/hideHUD"
[4:49:07 PM] [DPjxJ#15] Kamakazi Gamdom: said "/hideHUD"
[4:49:08 PM] [DPjxJ#15] Kamakazi Gamdom: said "/hideHUD"
[4:49:08 PM] [DPjxJ#15] Kamakazi Gamdom: said "/hideHUD"
[4:49:09 PM] [DPjxJ#15] Kamakazi Gamdom: said "/hideHUD"
[4:49:23 PM] [DPjxJ#4] Rollo_Trollo: disconnected (Exiting)
[4:49:58 PM] [DPjxJ#15] Kamakazi Gamdom: said "/hideHUD"
[4:49:58 PM] [DPjxJ#15] Kamakazi Gamdom: said "/hideHUD"
[4:54:24 PM] [DPjxJ#3] missberrymedley: disconnected (Exiting)
[4:54:39 PM] [DPjxJ#15] Kamakazi Gamdom: said "/hideHUD"
[5:00:00 PM] [DPjxJ#15] Kamakazi Gamdom: said "/hideHUD"
[5:00:02 PM] [DPjxJ#16] JOSH: said "/th"
[5:00:02 PM] [DPjxJ#15] Kamakazi Gamdom: said "/hideHUD"
[5:00:02 PM] [DPjxJ#16] JOSH: said "/th"
[5:00:02 PM] [DPjxJ#15] Kamakazi Gamdom: said "/hideHUD"
[5:00:03 PM] [DPjxJ#15] Kamakazi Gamdom: said "/hideHUD"
[5:00:04 PM] [DPjxJ#15] Kamakazi Gamdom: said "/hideHUD"
[5:01:27 PM] [DPjxJ#19] missberrymedley: joined with identifiers [steam:11000010cab8d07; license:7a3a5bfb5af789cb5f02843e29cc4ee338b0a294; xbl:2535413783067581; live:1688853905214434; discord:461174423903535107; fivem:1697557; license2:ec1926a90f33d1955abd2276f36a7c3ed4c51a23]
[5:01:48 PM] [DPjxJ#20] BotOnMnK: joined with identifiers [steam:11000014df460ff; license:06a61b4c40fc28c0a6e0a709ba99ffb637152b33; xbl:2535406023679221; live:1055518462074046; discord:1043623556015194112; fivem:9907274; license2:06a61b4c40fc28c0a6e0a709ba99ffb637152b33]
[5:06:32 PM] [DPjxJ#12] RigssRP: died from suicide
[5:06:46 PM] [DPjxJ#20] BotOnMnK: disconnected (Exiting)
[5:07:35 PM] [DPjxJ#21] BotOnMnK: joined with identifiers [steam:11000014df460ff; license:06a61b4c40fc28c0a6e0a709ba99ffb637152b33; xbl:2535406023679221; live:1055518462074046; discord:1043623556015194112; fivem:9907274; license2:06a61b4c40fc28c0a6e0a709ba99ffb637152b33]
[5:09:47 PM] [DPjxJ#21] BotOnMnK: disconnected (Exiting)
[5:10:04 PM] [DPjxJ#15] Kamakazi Gamdom: died from Hammer by JOSH
[5:10:25 PM] [DPjxJ#22] BotOnMnK: joined with identifiers [steam:11000014df460ff; license:06a61b4c40fc28c0a6e0a709ba99ffb637152b33; xbl:2535406023679221; live:1055518462074046; discord:1043623556015194112; fivem:9907274; license2:06a61b4c40fc28c0a6e0a709ba99ffb637152b33]
[5:11:40 PM] [DPjxJ#16] JOSH: said "/th"
[5:11:45 PM] [DPjxJ#23] marcusblackwell7: joined with identifiers [steam:110000154d96125; license:b90a0574761cd349c5a4e1d6372c3ba96f26a074; discord:667904617446768652; fivem:7859917; license2:b90a0574761cd349c5a4e1d6372c3ba96f26a074]
[5:15:16 PM] [DPjxJ#18] Le Bos: disconnected (You have been banned.)
[5:21:07 PM] [DPjxJ#15] Kamakazi Gamdom: died from Pistol by JOSH
[5:22:27 PM] [DPjxJ#24] MJL: joined with identifiers [steam:1100001324fa523; license:ec6c328d6d02f816bf13e4a9d09768c02d6e3125; xbl:2535415531070562; live:1055522508602522; discord:213410953641852928; fivem:2586828]
[5:25:58 PM] [DPjxJ#24] MJL: said "/exithouse"
[5:25:58 PM] [DPjxJ#24] MJL: said "/enterhouse"
[5:25:59 PM] [DPjxJ#24] MJL: said "/exithouse"
[5:25:59 PM] [DPjxJ#24] MJL: said "/enterhouse"
[5:26:22 PM] [DPjxJ#24] MJL: said "/exithouse"
[5:26:22 PM] [DPjxJ#24] MJL: said "/enterhouse"
[5:26:37 PM] [DPjxJ#24] MJL: said "/exithouse"
[5:26:37 PM] [DPjxJ#24] MJL: said "/enterhouse"
[5:26:38 PM] [DPjxJ#24] MJL: said "/exithouse"
[5:26:38 PM] [DPjxJ#24] MJL: said "/enterhouse"
[5:26:42 PM] [DPjxJ#24] MJL: said "/exithouse"
[5:26:42 PM] [DPjxJ#24] MJL: said "/enterhouse"
[5:26:43 PM] [DPjxJ#24] MJL: said "/exithouse"
[5:26:43 PM] [DPjxJ#24] MJL: said "/enterhouse"
[5:26:43 PM] [DPjxJ#24] MJL: said "/exithouse"
[5:26:43 PM] [DPjxJ#24] MJL: said "/enterhouse"
[5:26:46 PM] [DPjxJ#24] MJL: said "/exithouse"
[5:26:46 PM] [DPjxJ#24] MJL: said "/enterhouse"
[5:27:34 PM] [DPjxJ#24] MJL: said "/exithouse"
[5:27:34 PM] [DPjxJ#24] MJL: said "/enterhouse"
[5:28:48 PM] [DPjxJ#24] MJL: said "/exithouse"
[5:28:48 PM] [DPjxJ#24] MJL: said "/enterhouse"
[5:28:51 PM] [DPjxJ#24] MJL: said "/exithouse"
[5:28:51 PM] [DPjxJ#24] MJL: said "/enterhouse"
[5:28:51 PM] [DPjxJ#24] MJL: said "/exithouse"
[5:28:51 PM] [DPjxJ#24] MJL: said "/enterhouse"
[5:29:09 PM] [DPjxJ#24] MJL: said "/exithouse"
[5:29:09 PM] [DPjxJ#24] MJL: said "/enterhouse"
[5:29:09 PM] [DPjxJ#24] MJL: said "/exithouse"
[5:29:09 PM] [DPjxJ#24] MJL: said "/enterhouse"
[5:30:17 PM] [DPjxJ#25] Le Bos: joined with identifiers [steam:110000111baa8b1; license:bda6f9cde356d6126cea9acd106016efdadb020c; discord:470171465388392468; license2:fd54cebafe46049548f218abfec15693031d634f]
[5:30:37 PM] [DPjxJ#12] RigssRP: died from suicide
[5:30:44 PM] [DPjxJ#24] MJL: said "/exithouse"
[5:30:44 PM] [DPjxJ#24] MJL: said "/enterhouse"
[5:30:44 PM] [DPjxJ#23] marcusblackwell7: died from suicide (Falling)
[5:30:45 PM] [DPjxJ#24] MJL: said "/exithouse"
[5:30:45 PM] [DPjxJ#24] MJL: said "/enterhouse"
[5:30:45 PM] [DPjxJ#24] MJL: said "/exithouse"
[5:30:45 PM] [DPjxJ#24] MJL: said "/enterhouse"
[5:30:51 PM] [DPjxJ#24] MJL: said "/exithouse"
[5:30:51 PM] [DPjxJ#24] MJL: said "/enterhouse"
[5:30:51 PM] [DPjxJ#24] MJL: said "/exithouse"
[5:30:51 PM] [DPjxJ#24] MJL: said "/enterhouse"
[5:30:55 PM] [DPjxJ#24] MJL: said "/exithouse"
[5:30:55 PM] [DPjxJ#24] MJL: said "/enterhouse"
[5:31:00 PM] [DPjxJ#22] BotOnMnK: died from Pistol by JOSH
[5:31:08 PM] [DPjxJ#24] MJL: said "/exithouse"
[5:31:08 PM] [DPjxJ#24] MJL: said "/enterhouse"
[5:31:28 PM] [DPjxJ#24] MJL: said "/exithouse"
[5:31:28 PM] [DPjxJ#24] MJL: said "/enterhouse"
[5:31:29 PM] [DPjxJ#24] MJL: said "/exithouse"
[5:31:29 PM] [DPjxJ#24] MJL: said "/enterhouse"
[5:31:31 PM] [DPjxJ#24] MJL: said "/exithouse"
[5:31:31 PM] [DPjxJ#24] MJL: said "/enterhouse"
[5:31:33 PM] [DPjxJ#24] MJL: said "/exithouse"
[5:31:33 PM] [DPjxJ#24] MJL: said "/enterhouse"
[5:31:44 PM] [DPjxJ#24] MJL: said "/exithouse"
[5:31:44 PM] [DPjxJ#24] MJL: said "/enterhouse"
[5:31:45 PM] [DPjxJ#24] MJL: said "/exithouse"
[5:31:45 PM] [DPjxJ#24] MJL: said "/enterhouse"
[5:31:47 PM] [DPjxJ#24] MJL: said "/exithouse"
[5:31:47 PM] [DPjxJ#24] MJL: said "/enterhouse"
[5:31:47 PM] [DPjxJ#24] MJL: said "/exithouse"
[5:31:47 PM] [DPjxJ#24] MJL: said "/enterhouse"
[5:31:51 PM] [DPjxJ#24] MJL: said "/exithouse"
[5:31:51 PM] [DPjxJ#24] MJL: said "/enterhouse"
[5:31:51 PM] [DPjxJ#24] MJL: said "/exithouse"
[5:31:51 PM] [DPjxJ#24] MJL: said "/enterhouse"
[5:31:58 PM] [DPjxJ#24] MJL: said "/exithouse"
[5:31:58 PM] [DPjxJ#24] MJL: said "/enterhouse"
[5:32:02 PM] [DPjxJ#24] MJL: said "/exithouse"
[5:32:02 PM] [DPjxJ#24] MJL: said "/enterhouse"
[5:32:02 PM] [DPjxJ#24] MJL: said "/exithouse"
[5:32:02 PM] [DPjxJ#24] MJL: said "/enterhouse"
[5:32:03 PM] [DPjxJ#24] MJL: said "/exithouse"
[5:32:03 PM] [DPjxJ#24] MJL: said "/enterhouse"
[5:32:05 PM] [DPjxJ#24] MJL: said "/exithouse"
[5:32:05 PM] [DPjxJ#24] MJL: said "/enterhouse"
[5:32:07 PM] [DPjxJ#24] MJL: said "/exithouse"
[5:32:07 PM] [DPjxJ#24] MJL: said "/enterhouse"
[5:32:09 PM] [DPjxJ#24] MJL: said "/exithouse"
[5:32:09 PM] [DPjxJ#24] MJL: said "/enterhouse"
[5:32:32 PM] [DPjxJ#24] MJL: said "/exithouse"
[5:32:32 PM] [DPjxJ#24] MJL: said "/enterhouse"
[5:32:32 PM] [DPjxJ#24] MJL: said "/exithouse"
[5:32:32 PM] [DPjxJ#24] MJL: said "/enterhouse"
[5:32:44 PM] [DPjxJ#24] MJL: said "/exithouse"
[5:32:44 PM] [DPjxJ#24] MJL: said "/enterhouse"
[5:32:45 PM] [DPjxJ#24] MJL: said "/exithouse"
[5:32:45 PM] [DPjxJ#24] MJL: said "/enterhouse"
[5:32:47 PM] [DPjxJ#24] MJL: said "/exithouse"
[5:32:47 PM] [DPjxJ#24] MJL: said "/enterhouse"
[5:33:01 PM] [DPjxJ#24] MJL: said "/exithouse"
[5:33:01 PM] [DPjxJ#24] MJL: said "/enterhouse"
[5:33:10 PM] [DPjxJ#24] MJL: said "/exithouse"
[5:33:10 PM] [DPjxJ#24] MJL: said "/enterhouse"
[5:34:08 PM] [DPjxJ#16] JOSH: said "/th"
[5:34:20 PM] [DPjxJ#24] MJL: said "/exithouse"
[5:34:20 PM] [DPjxJ#24] MJL: said "/enterhouse"
[5:34:21 PM] [DPjxJ#24] MJL: said "/exithouse"
[5:34:21 PM] [DPjxJ#24] MJL: said "/enterhouse"
[5:34:31 PM] [DPjxJ#24] MJL: said "/exithouse"
[5:34:31 PM] [DPjxJ#24] MJL: said "/enterhouse"
[5:34:35 PM] [DPjxJ#24] MJL: said "/exithouse"
[5:34:35 PM] [DPjxJ#24] MJL: said "/enterhouse"
[5:34:36 PM] [DPjxJ#24] MJL: said "/exithouse"
[5:34:36 PM] [DPjxJ#24] MJL: said "/enterhouse"
[5:34:50 PM] [DPjxJ#24] MJL: said "/exithouse"
[5:34:50 PM] [DPjxJ#24] MJL: said "/enterhouse"
[5:34:51 PM] [DPjxJ#24] MJL: said "/exithouse"
[5:34:51 PM] [DPjxJ#24] MJL: said "/enterhouse"
[5:35:03 PM] [DPjxJ#25] Le Bos: died from suicide (Drowned)
[5:35:27 PM] [DPjxJ#24] MJL: said "/exithouse"
[5:35:27 PM] [DPjxJ#24] MJL: said "/enterhouse"
[5:35:42 PM] [DPjxJ#24] MJL: said "/exithouse"
[5:35:42 PM] [DPjxJ#24] MJL: said "/enterhouse"
[5:35:44 PM] [DPjxJ#24] MJL: said "/exithouse"
[5:35:44 PM] [DPjxJ#24] MJL: said "/enterhouse"
[5:35:53 PM] [DPjxJ#24] MJL: said "/exithouse"
[5:35:53 PM] [DPjxJ#24] MJL: said "/enterhouse"
[5:35:53 PM] [DPjxJ#24] MJL: said "/exithouse"
[5:35:53 PM] [DPjxJ#24] MJL: said "/enterhouse"
[5:37:05 PM] [DPjxJ#24] MJL: said "/exithouse"
[5:37:05 PM] [DPjxJ#24] MJL: said "/enterhouse"
[5:37:05 PM] [DPjxJ#24] MJL: said "/exithouse"
[5:37:05 PM] [DPjxJ#24] MJL: said "/enterhouse"
[5:37:06 PM] [DPjxJ#24] MJL: said "/exithouse"
[5:37:06 PM] [DPjxJ#24] MJL: said "/enterhouse"
[5:37:19 PM] [DPjxJ#24] MJL: said "/exithouse"
[5:37:19 PM] [DPjxJ#24] MJL: said "/enterhouse"
[5:37:44 PM] [DPjxJ#24] MJL: said "/exithouse"
[5:37:44 PM] [DPjxJ#24] MJL: said "/enterhouse"
[5:37:45 PM] [DPjxJ#24] MJL: said "/exithouse"
[5:37:45 PM] [DPjxJ#24] MJL: said "/enterhouse"
[5:37:45 PM] [DPjxJ#24] MJL: said "/exithouse"
[5:37:45 PM] [DPjxJ#24] MJL: said "/enterhouse"
[5:37:45 PM] [DPjxJ#24] MJL: said "/exithouse"
[5:37:45 PM] [DPjxJ#24] MJL: said "/enterhouse"
[5:37:46 PM] [DPjxJ#24] MJL: said "/exithouse"
[5:37:46 PM] [DPjxJ#24] MJL: said "/enterhouse"
[5:38:06 PM] [DPjxJ#24] MJL: said "/exithouse"
[5:38:06 PM] [DPjxJ#24] MJL: said "/enterhouse"
[5:38:06 PM] [DPjxJ#24] MJL: said "/exithouse"
[5:38:06 PM] [DPjxJ#24] MJL: said "/enterhouse"
[5:38:06 PM] [DPjxJ#24] MJL: said "/exithouse"
[5:38:06 PM] [DPjxJ#24] MJL: said "/enterhouse"
[5:38:06 PM] [DPjxJ#24] MJL: said "/exithouse"
[5:38:06 PM] [DPjxJ#24] MJL: said "/enterhouse"
[5:38:06 PM] [DPjxJ#24] MJL: said "/exithouse"
[5:38:06 PM] [DPjxJ#24] MJL: said "/enterhouse"
[5:38:07 PM] [DPjxJ#24] MJL: said "/exithouse"
[5:38:07 PM] [DPjxJ#24] MJL: said "/enterhouse"
[5:38:08 PM] [DPjxJ#24] MJL: said "/exithouse"
[5:38:08 PM] [DPjxJ#24] MJL: said "/enterhouse"
[5:38:08 PM] [DPjxJ#24] MJL: said "/exithouse"
[5:38:08 PM] [DPjxJ#24] MJL: said "/enterhouse"
[5:38:08 PM] [DPjxJ#24] MJL: said "/exithouse"
[5:38:08 PM] [DPjxJ#24] MJL: said "/enterhouse"
[5:38:08 PM] [DPjxJ#24] MJL: said "/exithouse"
[5:38:08 PM] [DPjxJ#24] MJL: said "/enterhouse"
[5:38:09 PM] [DPjxJ#24] MJL: said "/exithouse"
[5:38:09 PM] [DPjxJ#24] MJL: said "/enterhouse"
[5:38:09 PM] [DPjxJ#24] MJL: said "/exithouse"
[5:38:09 PM] [DPjxJ#24] MJL: said "/enterhouse"
[5:38:10 PM] [DPjxJ#23] marcusblackwell7: disconnected (Client timed out)
[5:38:11 PM] [DPjxJ#24] MJL: said "/exithouse"
[5:38:11 PM] [DPjxJ#24] MJL: said "/enterhouse"
[5:38:12 PM] [DPjxJ#24] MJL: said "/ficx"
[5:39:40 PM] [DPjxJ#24] MJL: said "/exithouse"
[5:39:40 PM] [DPjxJ#24] MJL: said "/enterhouse"
[5:39:58 PM] [DPjxJ#26] marcusblackwell7: joined with identifiers [steam:110000154d96125; license:b90a0574761cd349c5a4e1d6372c3ba96f26a074; discord:667904617446768652; fivem:7859917; license2:b90a0574761cd349c5a4e1d6372c3ba96f26a074]
[5:43:58 PM] [DPjxJ#19] missberrymedley: disconnected (Exiting)
[5:51:19 PM] [DPjxJ#15] Kamakazi Gamdom: died from suicide (Vehicle Rotors)
[5:56:13 PM] [DPjxJ#24] MJL: said "/exithouse"
[5:56:13 PM] [DPjxJ#24] MJL: said "/enterhouse"
[5:56:26 PM] [DPjxJ#24] MJL: said "/exithouse"
[5:56:26 PM] [DPjxJ#24] MJL: said "/enterhouse"
[5:56:26 PM] [DPjxJ#24] MJL: said "/exithouse"
[5:56:26 PM] [DPjxJ#24] MJL: said "/enterhouse"
[5:56:40 PM] [DPjxJ#24] MJL: said "/exithouse"
[5:56:40 PM] [DPjxJ#24] MJL: said "/enterhouse"
[5:56:41 PM] [DPjxJ#24] MJL: said "/exithouse"
[5:56:41 PM] [DPjxJ#24] MJL: said "/enterhouse"
[5:56:54 PM] [DPjxJ#24] MJL: said "/exithouse"
[5:56:54 PM] [DPjxJ#24] MJL: said "/enterhouse"
[5:57:00 PM] [DPjxJ#24] MJL: said "/exithouse"
[5:57:00 PM] [DPjxJ#24] MJL: said "/enterhouse"
[5:57:04 PM] [DPjxJ#24] MJL: said "/exithouse"
[5:57:04 PM] [DPjxJ#24] MJL: said "/enterhouse"
[5:57:04 PM] [DPjxJ#24] MJL: said "/exithouse"
[5:57:04 PM] [DPjxJ#24] MJL: said "/enterhouse"
[5:57:05 PM] [DPjxJ#24] MJL: said "/exithouse"
[5:57:05 PM] [DPjxJ#24] MJL: said "/enterhouse"
[5:57:05 PM] [DPjxJ#24] MJL: said "/exithouse"
[5:57:05 PM] [DPjxJ#24] MJL: said "/enterhouse"
[5:57:10 PM] [DPjxJ#24] MJL: said "/exithouse"
[5:57:10 PM] [DPjxJ#24] MJL: said "/enterhouse"
[5:57:11 PM] [DPjxJ#24] MJL: said "/exithouse"
[5:57:11 PM] [DPjxJ#24] MJL: said "/enterhouse"
[5:57:31 PM] [DPjxJ#24] MJL: said "/exithouse"
[5:57:31 PM] [DPjxJ#24] MJL: said "/enterhouse"
[5:57:31 PM] [DPjxJ#24] MJL: said "/exithouse"
[5:57:31 PM] [DPjxJ#24] MJL: said "/enterhouse"
[5:57:32 PM] [DPjxJ#24] MJL: said "/exithouse"
[5:57:32 PM] [DPjxJ#24] MJL: said "/enterhouse"
[5:57:32 PM] [DPjxJ#24] MJL: said "/exithouse"
[5:57:32 PM] [DPjxJ#24] MJL: said "/enterhouse"
[5:57:35 PM] [DPjxJ#24] MJL: said "/exithouse"
[5:57:35 PM] [DPjxJ#24] MJL: said "/enterhouse"
[5:57:37 PM] [DPjxJ#24] MJL: said "/exithouse"
[5:57:37 PM] [DPjxJ#24] MJL: said "/enterhouse"
[5:57:41 PM] [DPjxJ#24] MJL: said "/exithouse"
[5:57:41 PM] [DPjxJ#24] MJL: said "/enterhouse"
[5:57:53 PM] [DPjxJ#24] MJL: said "/exithouse"
[5:57:53 PM] [DPjxJ#24] MJL: said "/enterhouse"
[5:58:05 PM] [DPjxJ#24] MJL: said "/exithouse"
[5:58:05 PM] [DPjxJ#24] MJL: said "/enterhouse"
[5:58:06 PM] [DPjxJ#24] MJL: said "/exithouse"
[5:58:06 PM] [DPjxJ#24] MJL: said "/enterhouse"
[5:58:46 PM] [DPjxJ#24] MJL: said "/exithouse"
[5:58:46 PM] [DPjxJ#24] MJL: said "/enterhouse"
[5:58:47 PM] [DPjxJ#24] MJL: said "/exithouse"
[5:58:47 PM] [DPjxJ#24] MJL: said "/enterhouse"
[5:59:15 PM] [DPjxJ#24] MJL: said "/exithouse"
[5:59:15 PM] [DPjxJ#24] MJL: said "/enterhouse"
[5:59:16 PM] [DPjxJ#24] MJL: said "/exithouse"
[5:59:16 PM] [DPjxJ#24] MJL: said "/enterhouse"
[5:59:17 PM] [DPjxJ#24] MJL: said "/exithouse"
[5:59:17 PM] [DPjxJ#24] MJL: said "/enterhouse"
[5:59:28 PM] [DPjxJ#24] MJL: said "/exithouse"
[5:59:28 PM] [DPjxJ#24] MJL: said "/enterhouse"
[5:59:29 PM] [DPjxJ#24] MJL: said "/exithouse"
[5:59:29 PM] [DPjxJ#24] MJL: said "/enterhouse"
[5:59:33 PM] [DPjxJ#24] MJL: said "/exithouse"
[5:59:33 PM] [DPjxJ#24] MJL: said "/enterhouse"
[5:59:34 PM] [DPjxJ#24] MJL: said "/exithouse"
[5:59:34 PM] [DPjxJ#24] MJL: said "/enterhouse"
[5:59:34 PM] [DPjxJ#24] MJL: said "/exithouse"
[5:59:34 PM] [DPjxJ#24] MJL: said "/enterhouse"
[5:59:52 PM] [DPjxJ#24] MJL: said "/exithouse"
[5:59:52 PM] [DPjxJ#24] MJL: said "/enterhouse"
[6:01:16 PM] [DPjxJ#12] RigssRP: disconnected (Game crashed: GTA5_b2699.exe!_setSamplersForPixelShader (0x89))
[6:02:27 PM] [DPjxJ#24] MJL: died from Musket by Le Bos
[6:03:08 PM] [DPjxJ#27] Kody Pepperfield: joined with identifiers [steam:11000010c770c55; license:3219d00ad3af143df0db5d2bed38fe7460729e68; xbl:2535451109437060; live:1055521765014399; discord:152991330048540672; fivem:12674089; license2:3e576e238fb0360dab034daae9fc7459afbacb59]
[6:04:14 PM] [DPjxJ#28] RigssRP: joined with identifiers [steam:11000014abdebcf; license:0503ca95eab75210d3475b9e63fd6aa6028e6a91; xbl:2535446394392876; live:1055518940555852; discord:1103467626300199044; fivem:8351340; license2:2a20c64a2a1abb3e1653a5c89e5ac281f69f1eb9]
[6:07:35 PM] [DPjxJ#15] Kamakazi Gamdom: died from suicide (Vehicle Rotors)
[6:08:32 PM] [DPjxJ#15] Kamakazi Gamdom: said "/nkjugular"
[6:09:01 PM] [DPjxJ#22] BotOnMnK: died from Pistol by JOSH
[6:09:51 PM] [DPjxJ#22] BotOnMnK: died from Pistol by Kody Pepperfield
[6:10:08 PM] [DPjxJ#28] RigssRP: died from Pistol by Kody Pepperfield
[6:10:18 PM] [DPjxJ#16] JOSH: died from Pistol by Kody Pepperfield
[6:10:42 PM] [DPjxJ#15] Kamakazi Gamdom: said "/TEARS"
[6:10:45 PM] [DPjxJ#15] Kamakazi Gamdom: said "/ESACORT"
[6:10:47 PM] [DPjxJ#27] Kody Pepperfield: said "//e superhero"
[6:14:23 PM] [DPjxJ#24] MJL: died from Musket by Le Bos
[6:15:30 PM] [DPjxJ#27] Kody Pepperfield: died from suicide (Falling)
[6:24:39 PM] [DPjxJ#16] JOSH: died from Night Stick by Kody Pepperfield
[6:29:54 PM] [DPjxJ#16] JOSH: died from Night Stick by Kody Pepperfield
[6:30:41 PM] [DPjxJ#22] BotOnMnK: said "/clearprop"
[6:30:56 PM] [DPjxJ#16] JOSH: died from Night Stick by Kody Pepperfield
[6:31:36 PM] [DPjxJ#15] Kamakazi Gamdom: said "/hc"
[6:35:04 PM] [DPjxJ#28] RigssRP: died from suicide (Falling)
[6:35:33 PM] [DPjxJ#16] JOSH: said "/turfs"
[6:42:47 PM] [DPjxJ#26] marcusblackwell7: said "/r"
[6:42:55 PM] [DPjxJ#26] marcusblackwell7: said "/r"
[6:43:39 PM] [DPjxJ#16] JOSH: disconnected (Exiting)
[6:46:12 PM] [DPjxJ#26] marcusblackwell7: died from Night Stick by Kody Pepperfield
[6:46:14 PM] [DPjxJ#22] BotOnMnK: died from Night Stick by Kody Pepperfield
[6:46:21 PM] [DPjxJ#26] marcusblackwell7: died from unknown by Kamakazi Gamdom
[6:46:22 PM] [DPjxJ#27] Kody Pepperfield: died from unknown by Kamakazi Gamdom
[6:47:20 PM] [DPjxJ#26] marcusblackwell7: died from unknown by Kamakazi Gamdom
[6:47:28 PM] [DPjxJ#22] BotOnMnK: died from unknown by Kamakazi Gamdom
[6:47:57 PM] [DPjxJ#15] Kamakazi Gamdom: died from unknown by marcusblackwell7
[6:48:09 PM] [DPjxJ#26] marcusblackwell7: died from unknown by Kamakazi Gamdom
[6:48:40 PM] [DPjxJ#22] BotOnMnK: died from suicide (Falling)
[6:50:10 PM] [DPjxJ#26] marcusblackwell7: died from unknown by Kamakazi Gamdom
[6:50:53 PM] [DPjxJ#27] Kody Pepperfield: died from unknown by marcusblackwell7
[6:51:59 PM] [DPjxJ#15] Kamakazi Gamdom: said "/ADMIKN"
[6:52:12 PM] [DPjxJ#26] marcusblackwell7: died from Fist by Kody Pepperfield
[6:52:14 PM] [DPjxJ#26] marcusblackwell7: disconnected (You have been kicked from the server:	bAD WORD		🔸 Check our Discord for more information: https://discord.gg/3Pa4ZTNEt3)
[6:53:11 PM] [DPjxJ#22] BotOnMnK: died from unknown by Kody Pepperfield
[6:53:14 PM] [DPjxJ#15] Kamakazi Gamdom: died from unknown by Kody Pepperfield
[6:53:40 PM] [DPjxJ#27] Kody Pepperfield: died from Pistol by BotOnMnK
[6:53:46 PM] [DPjxJ#15] Kamakazi Gamdom: disconnected (Exiting)
[6:53:59 PM] [DPjxJ#27] Kody Pepperfield: died from Pistol by BotOnMnK
[6:54:00 PM] [DPjxJ#27] Kody Pepperfield: disconnected (Exiting)
[6:54:45 PM] [DPjxJ#22] BotOnMnK: disconnected (Exiting)
[6:58:19 PM] [DPjxJ#28] RigssRP: said "/banl"
[6:58:33 PM] [DPjxJ#28] RigssRP: disconnected (Exiting)
[8:24:54 PM] [DPjxJ#24] MJL: died from suicide (Falling)
[8:27:10 PM] [DPjxJ#24] MJL: died from suicide (Falling)
[8:44:47 PM] [DPjxJ#25] Le Bos: disconnected (text.afk_kick_message)
[8:45:03 PM] [DPjxJ#29] marcusblackwell7: joined with identifiers [steam:110000154d96125; license:b90a0574761cd349c5a4e1d6372c3ba96f26a074; discord:667904617446768652; fivem:7859917; license2:b90a0574761cd349c5a4e1d6372c3ba96f26a074]
[8:53:05 PM] [DPjxJ#29] marcusblackwell7: said "/r"
[8:53:07 PM] [DPjxJ#29] marcusblackwell7: disconnected (Exiting)
[9:09:04 PM] [DPjxJ#30] RigssRP: joined with identifiers [steam:11000014abdebcf; license:0503ca95eab75210d3475b9e63fd6aa6028e6a91; xbl:2535446394392876; live:1055518940555852; discord:1103467626300199044; fivem:8351340; license2:2a20c64a2a1abb3e1653a5c89e5ac281f69f1eb9]
[9:30:22 PM] txAdmin: ((Broadcast) txAdmin): said "This server is scheduled to restart in 30 minutes."
[9:31:48 PM] [DPjxJ#30] RigssRP: said "/type2"
[9:45:21 PM] txAdmin: ((Broadcast) txAdmin): said "This server is scheduled to restart in 15 minutes."
[9:50:22 PM] txAdmin: ((Broadcast) txAdmin): said "This server is scheduled to restart in 10 minutes."
[9:55:22 PM] txAdmin: ((Broadcast) txAdmin): said "This server is scheduled to restart in 5 minutes."
[9:56:22 PM] txAdmin: ((Broadcast) txAdmin): said "This server is scheduled to restart in 4 minutes."
[9:57:22 PM] txAdmin: ((Broadcast) txAdmin): said "This server is scheduled to restart in 3 minutes."
[9:58:22 PM] txAdmin: ((Broadcast) txAdmin): said "This server is scheduled to restart in 2 minutes."
[9:59:22 PM] txAdmin: ((Broadcast) txAdmin): said "This server is scheduled to restart in 1 minute. Please disconnect now."
[10:00:22 PM] [DPjxJ#24] MJL: disconnected ([txAdmin] Server restarting (scheduled restart at 22:00).)
[10:00:22 PM] [DPjxJ#30] RigssRP: disconnected ([txAdmin] Server restarting (scheduled restart at 22:00).)
[10:01:22 PM] txAdmin: Logger started
[10:02:21 PM] [VtTiJ#1] RigssRP: joined with identifiers [steam:11000014abdebcf; license:0503ca95eab75210d3475b9e63fd6aa6028e6a91; xbl:2535446394392876; live:1055518940555852; discord:1103467626300199044; fivem:8351340; license2:2a20c64a2a1abb3e1653a5c89e5ac281f69f1eb9]
