
================================================================
======== txAdmin Starting - 3/4/2024, 1:28:57 PM                
================================================================

================================================================
======== Log Rotated - 3/4/2024, 1:28:58 PM                     
================================================================
[1:31:40 PM] txAdmin: Logger started
[1:33:27 PM] [EkynE#1] Pepperfield: joined with identifiers [steam:11000010a17dec4; license:b27179133e8df658895ecd5f756db2a4a4c8cd08; xbl:2533275003431282; live:1829581607460581; discord:242888314108116992; fivem:11442758; license2:e1e3866f24a1a081ffd211b7c1805c667b695651]
[1:33:33 PM] [EkynE#2] MJL: joined with identifiers [steam:1100001324fa523; license:ec6c328d6d02f816bf13e4a9d09768c02d6e3125; xbl:2535415531070562; live:1055522508602522; discord:213410953641852928; fivem:2586828]
[1:35:55 PM] [EkynE#2] MJL: said "/exithouse"
[1:35:55 PM] [EkynE#2] MJL: said "/enterhouse"
[1:40:10 PM] [EkynE#2] MJL: died from suicide (Falling)
[1:42:54 PM] [EkynE#3] Gaming: joined with identifiers [license:cb5cc9b99f5b53c656d60cc7ff0e5f68f364688f; xbl:2535417184814297; live:1055519330314964; discord:668792968165064735; fivem:11149236; license2:cb5cc9b99f5b53c656d60cc7ff0e5f68f364688f]
[1:43:42 PM] [EkynE#1] Pepperfield: said "/hideHUD"
[1:45:23 PM] [EkynE#2] MJL: said "/exithouse"
[1:45:23 PM] [EkynE#2] MJL: said "/enterhouse"
[1:45:23 PM] [EkynE#2] MJL: said "/exithouse"
[1:45:23 PM] [EkynE#2] MJL: said "/enterhouse"
[1:45:23 PM] [EkynE#2] MJL: said "/exithouse"
[1:45:23 PM] [EkynE#2] MJL: said "/enterhouse"
[1:46:25 PM] [EkynE#2] MJL: said "/exithouse"
[1:46:25 PM] [EkynE#2] MJL: said "/enterhouse"
[1:46:57 PM] [EkynE#1] Pepperfield: died from Ranover by Vehicle by MJL
[1:47:13 PM] [EkynE#3] Gaming: died from unknown by Pepperfield
[1:47:32 PM] [EkynE#3] Gaming: died from unknown by Pepperfield
[1:48:06 PM] [EkynE#3] Gaming: died from unknown by Pepperfield
[1:48:15 PM] [EkynE#3] Gaming: said "revive"
[1:48:26 PM] [EkynE#1] Pepperfield: died from Pistol by Gaming
[1:50:17 PM] [EkynE#1] Pepperfield: said "/hideHUD"
[1:51:15 PM] [EkynE#3] Gaming: said "/hideHUD"
[1:51:55 PM] [EkynE#3] Gaming: said "/hideHUD"
[1:51:57 PM] [EkynE#3] Gaming: disconnected (Exiting)
[1:52:48 PM] [EkynE#4] Gaming: joined with identifiers [license:cb5cc9b99f5b53c656d60cc7ff0e5f68f364688f; xbl:2535417184814297; live:1055519330314964; discord:668792968165064735; fivem:11149236; license2:cb5cc9b99f5b53c656d60cc7ff0e5f68f364688f]
[1:54:03 PM] [EkynE#4] Gaming: said "/adminmenu"
[1:57:16 PM] [EkynE#4] Gaming: disconnected (Exiting)
[1:57:45 PM] [EkynE#5] Gaming: joined with identifiers [license:cb5cc9b99f5b53c656d60cc7ff0e5f68f364688f; xbl:2535417184814297; live:1055519330314964; discord:668792968165064735; fivem:11149236; license2:cb5cc9b99f5b53c656d60cc7ff0e5f68f364688f]
[1:57:57 PM] [EkynE#1] Pepperfield: caused an explosion (CAR)
[1:58:03 PM] [EkynE#1] Pepperfield: caused an explosion (CAR)
[1:58:07 PM] [EkynE#1] Pepperfield: caused an explosion (CAR)
[1:58:12 PM] [EkynE#1] Pepperfield: caused an explosion (CAR)
[1:58:18 PM] [EkynE#1] Pepperfield: caused an explosion (CAR)
[1:59:11 PM] [EkynE#1] Pepperfield: caused an explosion (CAR)
[1:59:14 PM] [EkynE#1] Pepperfield: caused an explosion (CAR)
[1:59:17 PM] [EkynE#1] Pepperfield: caused an explosion (CAR)
[1:59:19 PM] [EkynE#1] Pepperfield: caused an explosion (CAR)
[1:59:22 PM] [EkynE#1] Pepperfield: caused an explosion (CAR)
[2:01:22 PM] [EkynE#5] Gaming: said "/radar"
[2:01:27 PM] [EkynE#5] Gaming: said "/radar"
[2:01:45 PM] [EkynE#5] Gaming: said "/radar"
[2:02:18 PM] [EkynE#5] Gaming: said "/adminmenu"
[2:02:43 PM] [EkynE#5] Gaming: said "/adminmenu"
[2:05:14 PM] [EkynE#5] Gaming: said "/hideHUD"
[2:05:29 PM] [EkynE#5] Gaming: died from unknown by Pepperfield
[2:06:07 PM] [EkynE#5] Gaming: said "/adminmenu"
[2:06:56 PM] [EkynE#2] MJL: said "/exithouse"
[2:06:56 PM] [EkynE#2] MJL: said "/enterhouse"
[2:07:04 PM] [EkynE#5] Gaming: said "/adminmeu"
[2:07:06 PM] [EkynE#5] Gaming: said "/adminmenu"
[2:07:10 PM] [EkynE#5] Gaming: said "/adminmenu"
[2:07:16 PM] [EkynE#5] Gaming: said "/adminmenu"
[2:07:24 PM] [EkynE#1] Pepperfield: said "/admin]"
[2:07:53 PM] [EkynE#2] MJL: said "/exithouse"
[2:07:53 PM] [EkynE#2] MJL: said "/enterhouse"
[2:08:02 PM] [EkynE#2] MJL: said "/exithouse"
[2:08:02 PM] [EkynE#2] MJL: said "/enterhouse"
[2:08:02 PM] [EkynE#2] MJL: said "/exithouse"
[2:08:02 PM] [EkynE#2] MJL: said "/enterhouse"
[2:08:22 PM] [EkynE#2] MJL: said "/exithouse"
[2:08:22 PM] [EkynE#2] MJL: said "/enterhouse"
[2:08:27 PM] [EkynE#2] MJL: said "/hideHUD"
[2:12:38 PM] [EkynE#5] Gaming: said "/hideHUD"
[2:12:46 PM] [EkynE#5] Gaming: said "/admn"
[2:17:51 PM] [EkynE#1] Pepperfield: caused an explosion (PETROL_PUMP)
[2:17:51 PM] [EkynE#5] Gaming: caused an explosion (PETROL_PUMP)
[2:17:51 PM] [EkynE#1] Pepperfield: caused an explosion (CAR)
[2:17:51 PM] [EkynE#2] MJL: caused an explosion (PETROL_PUMP)
[2:17:51 PM] [EkynE#5] Gaming: caused an explosion (CAR)
[2:17:51 PM] [EkynE#5] Gaming: caused an explosion (PETROL_PUMP)
[2:17:52 PM] [EkynE#1] Pepperfield: died from suicide (Explosion)
[2:17:52 PM] [EkynE#5] Gaming: died from suicide (Explosion)
[2:17:58 PM] [EkynE#5] Gaming: died from suicide (Explosion)
[2:19:36 PM] [EkynE#5] Gaming: said "/hideHUD"
[2:21:41 PM] [EkynE#5] Gaming: died from suicide (Falling)
[2:23:32 PM] [EkynE#1] Pepperfield: died from suicide (Falling)
[2:26:10 PM] [EkynE#2] MJL: said "/exithouse"
[2:26:10 PM] [EkynE#2] MJL: said "/enterhouse"
[2:27:39 PM] [EkynE#5] Gaming: said "/repair"
[2:29:35 PM] [EkynE#5] Gaming: said "/fv"
[2:29:38 PM] [EkynE#5] Gaming: said "/hideHUD"
[2:29:51 PM] [EkynE#5] Gaming: said "/hideHUD"
[2:31:01 PM] [EkynE#2] MJL: said "/exithouse"
[2:31:01 PM] [EkynE#2] MJL: said "/enterhouse"
[2:34:12 PM] [EkynE#2] MJL: said "/clockin"
[2:35:37 PM] [EkynE#2] MJL: said "/exithouse"
[2:35:37 PM] [EkynE#2] MJL: said "/enterhouse"
[2:36:10 PM] [EkynE#1] Pepperfield: died from Pistol by Gaming
[2:38:17 PM] [EkynE#5] Gaming: said "/changejob"
[2:40:09 PM] [EkynE#2] MJL: died from Sawnoff Shotgun by Pepperfield
[2:40:36 PM] [EkynE#2] MJL: died from Sawnoff Shotgun by Pepperfield
[2:40:38 PM] [EkynE#5] Gaming: said "/hideHUD"
[2:43:22 PM] [EkynE#2] MJL: died from Sawnoff Shotgun by Pepperfield
[2:46:52 PM] [EkynE#2] MJL: said "/exithouse"
[2:46:52 PM] [EkynE#2] MJL: said "/enterhouse"
[2:46:53 PM] [EkynE#2] MJL: said "/exithouse"
[2:46:53 PM] [EkynE#2] MJL: said "/enterhouse"
[2:46:53 PM] [EkynE#2] MJL: said "/exithouse"
[2:46:53 PM] [EkynE#2] MJL: said "/enterhouse"
[2:47:09 PM] [EkynE#5] Gaming: said "/;admin"
[2:47:34 PM] [EkynE#2] MJL: said "/hideHUD"
[2:47:41 PM] [EkynE#1] Pepperfield: said "/hideHUD"
[2:50:03 PM] [EkynE#5] Gaming: said "/hideHUD"
[2:52:42 PM] [EkynE#5] Gaming: said "/hideHUD"
[2:53:04 PM] [EkynE#2] MJL: said "/hideHUD"
[2:53:10 PM] [EkynE#5] Gaming: said "vehiclemenu"
[2:53:30 PM] [EkynE#1] Pepperfield: said "/hideHUD"
[2:53:34 PM] [EkynE#1] Pepperfield: said "/hideHUD"
[2:55:57 PM] [EkynE#2] MJL: died from suicide (Falling)
[2:56:45 PM] [EkynE#1] Pepperfield: said "/hideHUD"
[2:58:11 PM] [EkynE#5] Gaming: said "/hideHUD"
[2:58:11 PM] [EkynE#2] MJL: said "/fic"
[2:58:11 PM] [EkynE#2] MJL: said "/exithouse"
[2:58:11 PM] [EkynE#2] MJL: said "/enterhouse"
[2:58:11 PM] [EkynE#1] Pepperfield: died from suicide (Falling)
[2:58:40 PM] [EkynE#5] Gaming: said "/hideHUD"
[2:58:49 PM] [EkynE#5] Gaming: said "/hideHUD"
[2:59:27 PM] [EkynE#5] Gaming: said "/hideHUD"
[2:59:46 PM] [EkynE#5] Gaming: said "/hideHUD"
[3:00:01 PM] [EkynE#5] Gaming: said "/hideHUD"
[3:00:22 PM] [EkynE#5] Gaming: said "dv"
[3:00:33 PM] [EkynE#5] Gaming: said "/hideHUD"
[3:00:50 PM] [EkynE#5] Gaming: said "/hideHUD"
[3:01:07 PM] [EkynE#2] MJL: said "/exithouse"
[3:01:07 PM] [EkynE#2] MJL: said "/enterhouse"
[3:01:08 PM] [EkynE#2] MJL: said "/exithouse"
[3:01:08 PM] [EkynE#2] MJL: said "/enterhouse"
[3:01:36 PM] [EkynE#2] MJL: said "/exithouse"
[3:01:36 PM] [EkynE#2] MJL: said "/enterhouse"
[3:01:36 PM] [EkynE#2] MJL: said "/exithouse"
[3:01:36 PM] [EkynE#2] MJL: said "/enterhouse"
[3:01:37 PM] [EkynE#2] MJL: said "/exithouse"
[3:01:37 PM] [EkynE#2] MJL: said "/enterhouse"
[3:03:38 PM] [EkynE#5] Gaming: said "/hideHUD"
[3:04:11 PM] [EkynE#5] Gaming: said "//e me"
[3:05:13 PM] [EkynE#5] Gaming: disconnected (Exiting)
[3:05:49 PM] [EkynE#6] Gaming: joined with identifiers [license:cb5cc9b99f5b53c656d60cc7ff0e5f68f364688f; xbl:2535417184814297; live:1055519330314964; discord:668792968165064735; fivem:11149236; license2:cb5cc9b99f5b53c656d60cc7ff0e5f68f364688f]
[3:10:56 PM] [EkynE#1] Pepperfield: said "/hideHUD"
[3:11:11 PM] [EkynE#6] Gaming: said "/dvc"
[3:11:14 PM] [EkynE#6] Gaming: said "/hideHUD"
[3:11:27 PM] [EkynE#2] MJL: said "/fic"
[3:11:33 PM] [EkynE#1] Pepperfield: died from suicide (Falling)
[3:11:51 PM] [EkynE#6] Gaming: said "/hideHUD"
[3:13:27 PM] [EkynE#2] MJL: said "/exithouse"
[3:13:27 PM] [EkynE#2] MJL: said "/enterhouse"
[3:13:28 PM] [EkynE#2] MJL: said "/exithouse"
[3:13:28 PM] [EkynE#2] MJL: said "/enterhouse"
[3:13:31 PM] [EkynE#2] MJL: said "/exithouse"
[3:13:31 PM] [EkynE#2] MJL: said "/enterhouse"
[3:13:36 PM] [EkynE#2] MJL: said "/exithouse"
[3:13:36 PM] [EkynE#2] MJL: said "/enterhouse"
[3:13:41 PM] [EkynE#6] Gaming: said "/hideHUD"
[3:14:20 PM] [EkynE#2] MJL: said "/exithouse"
[3:14:20 PM] [EkynE#2] MJL: said "/enterhouse"
[3:14:23 PM] [EkynE#2] MJL: said "/exithouse"
[3:14:23 PM] [EkynE#2] MJL: said "/enterhouse"
[3:14:26 PM] [EkynE#2] MJL: said "/exithouse"
[3:14:26 PM] [EkynE#2] MJL: said "/enterhouse"
[3:14:28 PM] [EkynE#2] MJL: said "/exithouse"
[3:14:28 PM] [EkynE#2] MJL: said "/enterhouse"
[3:18:01 PM] [EkynE#1] Pepperfield: died from suicide (Falling)
[3:18:31 PM] [EkynE#6] Gaming: died from Sawnoff Shotgun by Pepperfield
[3:18:41 PM] [EkynE#6] Gaming: died from Sawnoff Shotgun by Pepperfield
[3:25:29 PM] [EkynE#2] MJL: died from suicide (Falling)
[3:25:51 PM] [EkynE#6] Gaming: died from suicide (Falling)
[3:33:08 PM] [EkynE#1] Pepperfield: said "/hideHUD"
[3:39:27 PM] [EkynE#2] MJL: said "/hideHUD"
[3:39:30 PM] [EkynE#1] Pepperfield: said "/hideHUD"
[3:40:42 PM] [EkynE#6] Gaming: said "/hideHUD"
[3:40:45 PM] [EkynE#6] Gaming: said "/noclip\"
[3:41:23 PM] [EkynE#6] Gaming: said "/hideHUD"
[3:41:23 PM] [EkynE#1] Pepperfield: said "/hideHUD"
[3:42:01 PM] [EkynE#2] MJL: said "/fic"
[3:42:07 PM] [EkynE#2] MJL: said "/nolcip"
[3:44:09 PM] [EkynE#6] Gaming: died from suicide (Falling)
[3:44:48 PM] [EkynE#6] Gaming: said "/hideHUD"
[3:45:25 PM] [EkynE#6] Gaming: said "/hideHUD"
[3:54:41 PM] [EkynE#1] Pepperfield: said "//tp 2806.5 4774.46 46.9"
[3:57:27 PM] [EkynE#2] MJL: said "/hideHUD"
[3:58:12 PM] [EkynE#1] Pepperfield: disconnected (Server->client connection timed out. Last seen 36788 msec ago.)
[3:58:54 PM] [EkynE#7] Pepperfield: joined with identifiers [steam:11000010a17dec4; license:b27179133e8df658895ecd5f756db2a4a4c8cd08; xbl:2533275003431282; live:1829581607460581; discord:242888314108116992; fivem:11442758; license2:e1e3866f24a1a081ffd211b7c1805c667b695651]
[4:02:43 PM] [EkynE#6] Gaming: said "/hideHUD"
[4:05:10 PM] [EkynE#7] Pepperfield: said "/coke"
[4:13:19 PM] [EkynE#6] Gaming: died from Vintage Pistol by MJL
[4:13:46 PM] [EkynE#2] MJL: said "//escort"
[4:13:47 PM] [EkynE#2] MJL: said "//escort"
[4:14:34 PM] [EkynE#7] Pepperfield: died from suicide (Falling)
[4:15:07 PM] [EkynE#2] MJL: said "/hideHUD"
[4:18:08 PM] [EkynE#6] Gaming: said "ADMIN"
[4:19:33 PM] [EkynE#7] Pepperfield: died from Pistol by Gaming
[4:20:51 PM] [EkynE#6] Gaming: died from Pistol by Pepperfield
[4:21:31 PM] [EkynE#7] Pepperfield: died from Pistol by Gaming
[4:22:34 PM] [EkynE#6] Gaming: died from suicide (Falling)
[4:23:29 PM] [EkynE#6] Gaming: died from Molotov by Pepperfield
[4:24:09 PM] [EkynE#7] Pepperfield: said "/admin]"
[4:24:24 PM] [EkynE#7] Pepperfield: said "/hideHUD"
[4:26:28 PM] [EkynE#6] Gaming: died from suicide (Falling)
[4:27:34 PM] [EkynE#6] Gaming: died from suicide (Falling)
[4:30:27 PM] [EkynE#7] Pepperfield: said "/hideHUD"
[4:30:44 PM] [EkynE#2] MJL: said "/ficx"
[4:34:16 PM] [EkynE#2] MJL: disconnected (Exiting)
[4:37:29 PM] [EkynE#6] Gaming: said "/'fix"
[4:47:07 PM] [EkynE#6] Gaming: said "/fxi"
[4:49:23 PM] [EkynE#7] Pepperfield: said "TPM"
[4:49:27 PM] [EkynE#7] Pepperfield: said "/hideHUD"
[4:51:04 PM] [EkynE#6] Gaming: said "/hideHUD"
[4:51:19 PM] [EkynE#6] Gaming: said "/hideHUD"
[4:51:31 PM] [EkynE#6] Gaming: said "/hideHUD"
[5:01:53 PM] [EkynE#6] Gaming: died from suicide (Falling)
[5:02:49 PM] [EkynE#7] Pepperfield: died from suicide (Falling)
[5:05:48 PM] [EkynE#7] Pepperfield: said "/dic"
[5:12:33 PM] [EkynE#7] Pepperfield: said "fix"
[5:21:05 PM] [EkynE#6] Gaming: died from suicide (Falling)
[5:21:13 PM] [EkynE#6] Gaming: said "/revie"
[5:24:21 PM] [EkynE#7] Pepperfield: died from Ranover by Vehicle by Gaming
[5:24:26 PM] [EkynE#6] Gaming: said "/hideHUD"
[5:24:45 PM] [EkynE#6] Gaming: said "/hideHUD"
[5:24:49 PM] [EkynE#7] Pepperfield: said "/hideHUD"
[5:31:48 PM] [EkynE#6] Gaming: said "/hideHUD"
[5:32:13 PM] [EkynE#6] Gaming: died from suicide (Falling)
[5:32:41 PM] [EkynE#6] Gaming: said "/FOIX"
[5:32:42 PM] [EkynE#6] Gaming: said "/FOX"
[5:41:29 PM] [EkynE#6] Gaming: died from suicide (Falling)
[5:42:12 PM] [EkynE#6] Gaming: said "/hideHUD"
[5:46:59 PM] [EkynE#6] Gaming: said "/hideHUD"
[5:47:03 PM] [EkynE#6] Gaming: said "ADMIN"
[5:51:32 PM] [EkynE#7] Pepperfield: said "/fox"
[5:58:09 PM] [EkynE#7] Pepperfield: caused an explosion (TANKER)
[5:58:09 PM] [EkynE#6] Gaming: caused an explosion (TANKER)
[5:58:09 PM] [EkynE#6] Gaming: caused an explosion (CAR)
[5:58:10 PM] [EkynE#6] Gaming: died from suicide (Explosion)
[5:58:30 PM] [EkynE#7] Pepperfield: said "/pol34"
[5:58:38 PM] [EkynE#7] Pepperfield: said "pm"
[6:06:54 PM] [EkynE#7] Pepperfield: died from suicide (Falling)
[6:07:36 PM] [EkynE#6] Gaming: said "/hideHUD"
[6:07:36 PM] [EkynE#6] Gaming: said "/hideHUD"
[6:08:08 PM] [EkynE#6] Gaming: said "/hideHUD"
[6:08:18 PM] [EkynE#6] Gaming: said "/hideHUD"
[6:08:28 PM] [EkynE#6] Gaming: said "/hideHUD"
[6:08:30 PM] [EkynE#6] Gaming: said "/hideHUD"
[6:08:32 PM] [EkynE#6] Gaming: said "/hideHUD"
[6:08:35 PM] [EkynE#6] Gaming: said "/hideHUD"
[6:08:36 PM] [EkynE#6] Gaming: said "/hideHUD"
[6:08:44 PM] [EkynE#6] Gaming: said "/hideHUD"
[6:08:45 PM] [EkynE#6] Gaming: said "/hideHUD"
[6:10:13 PM] [EkynE#6] Gaming: died from Pistol by Pepperfield
[6:11:30 PM] [EkynE#6] Gaming: said "/hideHUD"
[6:11:55 PM] [EkynE#6] Gaming: said "/hideHUD"
[6:17:01 PM] [EkynE#6] Gaming: died from Pistol by Pepperfield
[6:17:04 PM] [EkynE#7] Pepperfield: said "/revive\"
[6:20:51 PM] [EkynE#7] Pepperfield: died from Pistol by Gaming
[6:25:29 PM] [EkynE#7] Pepperfield: died from suicide (Falling)
[6:25:43 PM] [EkynE#6] Gaming: said "FIX"
[6:25:50 PM] [EkynE#7] Pepperfield: died from Pistol by Gaming
[6:26:14 PM] [EkynE#7] Pepperfield: disconnected (Exiting)
[6:28:31 PM] [EkynE#6] Gaming: disconnected (Exiting)
