
================================================================
======== Log Rotated - 3/19/2024, 12:00:00 AM                   
================================================================
[5:30:02 AM] txAdmin: ((Broadcast) txAdmin): said "This server is scheduled to restart in 30 minutes."
[5:45:02 AM] txAdmin: ((Broadcast) txAdmin): said "This server is scheduled to restart in 15 minutes."
[5:50:02 AM] txAdmin: ((Broadcast) txAdmin): said "This server is scheduled to restart in 10 minutes."
[5:55:03 AM] txAdmin: Logger started
[5:55:03 AM] txAdmin: ((Broadcast) txAdmin): said "This server is scheduled to restart in 5 minutes."
[5:56:02 AM] txAdmin: ((Broadcast) txAdmin): said "This server is scheduled to restart in 4 minutes."
[5:57:02 AM] txAdmin: ((Broadcast) txAdmin): said "This server is scheduled to restart in 3 minutes."
[5:58:02 AM] txAdmin: ((Broadcast) txAdmin): said "This server is scheduled to restart in 2 minutes."
[5:59:03 AM] txAdmin: ((Broadcast) txAdmin): said "This server is scheduled to restart in 1 minute. Please disconnect now."
[6:00:38 AM] txAdmin: Logger started
[10:23:59 AM] txAdmin: Logger started
[10:30:46 AM] [3dxhK#1] MJL: joined with identifiers [steam:1100001324fa523; license:ec6c328d6d02f816bf13e4a9d09768c02d6e3125; xbl:2535415531070562; live:1055522508602522; discord:213410953641852928; fivem:2586828]
[10:31:01 AM] [3dxhK#2] Le0va: joined with identifiers [steam:110000115ceb248; license:eb50d0f0e1234a21689c685afbb0031705183403; xbl:2535464818703766; live:985157324057631; discord:246676459643600897; fivem:8879279; license2:eb50d0f0e1234a21689c685afbb0031705183403]
[10:32:37 AM] [3dxhK#1] MJL: said "/bring 2"
[10:33:03 AM] [3dxhK#2] Le0va: said "/adminm"
[10:41:33 AM] [3dxhK#2] Le0va: said "/hideHUD"
[10:41:40 AM] [3dxhK#2] Le0va: said "/hideHUD"
[10:41:41 AM] [3dxhK#1] MJL: said "/exithouse"
[10:41:41 AM] [3dxhK#1] MJL: said "/enterhouse"
[10:41:42 AM] [3dxhK#1] MJL: said "/exithouse"
[10:41:42 AM] [3dxhK#1] MJL: said "/enterhouse"
[10:41:45 AM] [3dxhK#2] Le0va: said "/hideHUD"
[10:41:46 AM] [3dxhK#2] Le0va: said "/hideHUD"
[10:41:50 AM] [3dxhK#2] Le0va: said "/hideHUD"
[10:45:32 AM] [3dxhK#2] Le0va: said "/hideHUD"
[10:45:36 AM] [3dxhK#2] Le0va: said "/hideHUD"
[10:51:34 AM] [3dxhK#2] Le0va: died from suicide (Falling)
[10:59:51 AM] [3dxhK#1] MJL: caused an explosion (GRENADE)
[10:59:51 AM] [3dxhK#2] Le0va: caused an explosion (GRENADE)
[11:00:11 AM] [3dxhK#2] Le0va: caused an explosion (GRENADE)
[11:00:11 AM] [3dxhK#1] MJL: caused an explosion (GRENADE)
[11:00:33 AM] [3dxhK#2] Le0va: caused an explosion (GRENADE)
[11:00:33 AM] [3dxhK#1] MJL: caused an explosion (GRENADE)
[11:00:52 AM] [3dxhK#2] Le0va: caused an explosion (GRENADE)
[11:00:52 AM] [3dxhK#1] MJL: caused an explosion (GRENADE)
[11:01:22 AM] [3dxhK#2] Le0va: caused an explosion (GRENADE)
[11:01:22 AM] [3dxhK#1] MJL: caused an explosion (GRENADE)
[11:01:38 AM] [3dxhK#2] Le0va: caused an explosion (GRENADE)
[11:01:38 AM] [3dxhK#1] MJL: caused an explosion (GRENADE)
[11:03:10 AM] [3dxhK#1] MJL: said "/exithouse"
[11:03:10 AM] [3dxhK#1] MJL: said "/enterhouse"
[11:07:20 AM] [3dxhK#1] MJL: said "/exithouse"
[11:07:20 AM] [3dxhK#1] MJL: said "/enterhouse"
[11:10:08 AM] [3dxhK#1] MJL: said "/exithouse"
[11:10:08 AM] [3dxhK#1] MJL: said "/enterhouse"
[11:10:42 AM] [3dxhK#1] MJL: said "/exithouse"
[11:10:42 AM] [3dxhK#1] MJL: said "/enterhouse"
[11:15:18 AM] [3dxhK#1] MJL: disconnected (Exiting)
[11:21:53 AM] [3dxhK#2] Le0va: disconnected (Exiting)
[12:46:29 PM] [3dxhK#3] MJL: joined with identifiers [steam:1100001324fa523; license:ec6c328d6d02f816bf13e4a9d09768c02d6e3125; xbl:2535415531070562; live:1055522508602522; discord:213410953641852928; fivem:2586828]
[12:48:59 PM] [3dxhK#3] MJL: said "/exithouse"
[12:48:59 PM] [3dxhK#3] MJL: said "/enterhouse"
[12:49:32 PM] [3dxhK#3] MJL: disconnected (Exiting)

================================================================
======== txAdmin Starting - 3/19/2024, 1:06:04 PM               
================================================================
[1:09:47 PM] txAdmin: Logger started
[1:30:04 PM] txAdmin: ((Broadcast) txAdmin): said "This server is scheduled to restart in 30 minutes."
[1:45:05 PM] txAdmin: ((Broadcast) txAdmin): said "This server is scheduled to restart in 15 minutes."
[1:50:04 PM] txAdmin: ((Broadcast) txAdmin): said "This server is scheduled to restart in 10 minutes."
[1:55:04 PM] txAdmin: ((Broadcast) txAdmin): said "This server is scheduled to restart in 5 minutes."
[1:56:04 PM] txAdmin: ((Broadcast) txAdmin): said "This server is scheduled to restart in 4 minutes."
[1:57:05 PM] txAdmin: ((Broadcast) txAdmin): said "This server is scheduled to restart in 3 minutes."
[1:58:05 PM] txAdmin: ((Broadcast) txAdmin): said "This server is scheduled to restart in 2 minutes."
[1:59:05 PM] txAdmin: ((Broadcast) txAdmin): said "This server is scheduled to restart in 1 minute. Please disconnect now."
[2:00:37 PM] txAdmin: Logger started
[2:08:15 PM] [JtDtC#1] MJL: joined with identifiers [steam:1100001324fa523; license:ec6c328d6d02f816bf13e4a9d09768c02d6e3125; xbl:2535415531070562; live:1055522508602522; discord:213410953641852928; fivem:2586828]
[2:11:37 PM] [JtDtC#1] MJL: disconnected ([txAdmin] Server restarting (requested by mjl1106).)
[2:12:10 PM] txAdmin: Logger started
[2:15:11 PM] txAdmin: Logger started
[2:25:46 PM] txAdmin: Logger started
[2:32:51 PM] [rpDtp#1] Kamakazi Gamdom: joined with identifiers [steam:11000010e87be4d; license:b27179133e8df658895ecd5f756db2a4a4c8cd08; xbl:2533275003431282; live:1829581607460581; discord:242888314108116992; fivem:11442758; license2:e1e3866f24a1a081ffd211b7c1805c667b695651]
[2:34:13 PM] [rpDtp#2] DaddyDizzle: joined with identifiers [steam:11000014bb53aeb; license:e0893217ab0d40d6a510bcbfe1c9441b4a208a2b; discord:584024523989581834; fivem:8961289; license2:e0893217ab0d40d6a510bcbfe1c9441b4a208a2b]
[2:35:17 PM] [rpDtp#3] MJL: joined with identifiers [steam:1100001324fa523; license:ec6c328d6d02f816bf13e4a9d09768c02d6e3125; xbl:2535415531070562; live:1055522508602522; discord:213410953641852928; fivem:2586828]
[2:37:03 PM] [rpDtp#2] DaddyDizzle: said "/admis"
[2:37:41 PM] [rpDtp#1] Kamakazi Gamdom: died from suicide (Falling)
[2:37:54 PM] [rpDtp#1] Kamakazi Gamdom: said "/hideHUD"
[2:37:57 PM] [rpDtp#1] Kamakazi Gamdom: said "/hideHUD"
[2:37:57 PM] [rpDtp#3] MJL: died from suicide (Falling)
[2:37:59 PM] [rpDtp#1] Kamakazi Gamdom: said "/hideHUD"
[2:38:00 PM] [rpDtp#1] Kamakazi Gamdom: said "/hideHUD"
[2:38:02 PM] [rpDtp#1] Kamakazi Gamdom: died from suicide
[2:38:05 PM] [rpDtp#2] DaddyDizzle: died from suicide (Falling)
[2:38:11 PM] [rpDtp#3] MJL: died from suicide (Falling)
[2:38:14 PM] [rpDtp#2] DaddyDizzle: said "/hideHUD"
[2:39:00 PM] [rpDtp#3] MJL: died from suicide (Falling)
[2:39:02 PM] [rpDtp#1] Kamakazi Gamdom: died from suicide (Falling)
[2:39:15 PM] [rpDtp#3] MJL: died from suicide
[2:39:18 PM] [rpDtp#2] DaddyDizzle: died from suicide (Falling)
[2:39:29 PM] [rpDtp#3] MJL: said "/noclipp"
[2:39:33 PM] [rpDtp#3] MJL: said "/noclipp"
[2:39:40 PM] [rpDtp#2] DaddyDizzle: said "/hideHUD"
[2:39:44 PM] [rpDtp#2] DaddyDizzle: said "/hideHUD"
[2:39:44 PM] [rpDtp#2] DaddyDizzle: said "/hideHUD"
[2:39:45 PM] [rpDtp#2] DaddyDizzle: said "/hideHUD"
[2:39:47 PM] [rpDtp#3] MJL: said "/exithouse"
[2:39:47 PM] [rpDtp#3] MJL: said "/enterhouse"
[2:39:54 PM] [rpDtp#3] MJL: died from suicide (Falling)
[2:39:57 PM] [rpDtp#3] MJL: said "/hideHUD"
[2:39:57 PM] [rpDtp#3] MJL: said "/hideHUD"
[2:39:58 PM] [rpDtp#3] MJL: said "/hideHUD"
[2:40:01 PM] [rpDtp#2] DaddyDizzle: died from suicide
[2:40:02 PM] [rpDtp#3] MJL: said "/hideHUD"
[2:41:14 PM] [rpDtp#3] MJL: said "/exithouse"
[2:41:14 PM] [rpDtp#3] MJL: said "/enterhouse"
[2:41:16 PM] [rpDtp#3] MJL: said "/exithouse"
[2:41:16 PM] [rpDtp#3] MJL: said "/enterhouse"
[2:41:17 PM] [rpDtp#3] MJL: said "/exithouse"
[2:41:17 PM] [rpDtp#3] MJL: said "/enterhouse"
[2:41:21 PM] [rpDtp#3] MJL: said "/exithouse"
[2:41:21 PM] [rpDtp#3] MJL: said "/enterhouse"
[2:41:30 PM] [rpDtp#3] MJL: said "/exithouse"
[2:41:30 PM] [rpDtp#3] MJL: said "/enterhouse"
[2:41:46 PM] [rpDtp#3] MJL: said "/exithouse"
[2:41:46 PM] [rpDtp#3] MJL: said "/enterhouse"
[2:43:48 PM] [rpDtp#3] MJL: said "/exithouse"
[2:43:48 PM] [rpDtp#3] MJL: said "/enterhouse"
[2:43:59 PM] [rpDtp#3] MJL: said "/exithouse"
[2:43:59 PM] [rpDtp#3] MJL: said "/enterhouse"
[2:44:00 PM] [rpDtp#3] MJL: said "/exithouse"
[2:44:00 PM] [rpDtp#3] MJL: said "/enterhouse"
[2:44:00 PM] [rpDtp#3] MJL: said "/exithouse"
[2:44:00 PM] [rpDtp#3] MJL: said "/enterhouse"
[2:44:02 PM] [rpDtp#3] MJL: said "/exithouse"
[2:44:02 PM] [rpDtp#3] MJL: said "/enterhouse"
[2:44:03 PM] [rpDtp#3] MJL: said "/exithouse"
[2:44:03 PM] [rpDtp#3] MJL: said "/enterhouse"
[2:47:09 PM] [rpDtp#2] DaddyDizzle: said "/transfer 3 0"
[2:47:25 PM] [rpDtp#2] DaddyDizzle: said "/transfer 3 0"
[2:47:35 PM] [rpDtp#2] DaddyDizzle: said "/transfer 3 0"
[2:50:39 PM] [rpDtp#3] MJL: said "/exithouse"
[2:50:39 PM] [rpDtp#3] MJL: said "/enterhouse"
[2:50:39 PM] [rpDtp#3] MJL: said "/exithouse"
[2:50:39 PM] [rpDtp#3] MJL: said "/enterhouse"
[2:51:07 PM] [rpDtp#3] MJL: said "/exithouse"
[2:51:07 PM] [rpDtp#3] MJL: said "/enterhouse"
[2:52:34 PM] [rpDtp#3] MJL: said "/exithouse"
[2:52:34 PM] [rpDtp#3] MJL: said "/enterhouse"
[2:52:35 PM] [rpDtp#3] MJL: said "/exithouse"
[2:52:35 PM] [rpDtp#3] MJL: said "/enterhouse"
[2:52:41 PM] [rpDtp#3] MJL: said "/exithouse"
[2:52:41 PM] [rpDtp#3] MJL: said "/enterhouse"
[2:52:42 PM] [rpDtp#3] MJL: said "/exithouse"
[2:52:42 PM] [rpDtp#3] MJL: said "/enterhouse"
[2:52:42 PM] [rpDtp#3] MJL: said "/exithouse"
[2:52:42 PM] [rpDtp#3] MJL: said "/enterhouse"
[2:52:43 PM] [rpDtp#3] MJL: said "/exithouse"
[2:52:43 PM] [rpDtp#3] MJL: said "/enterhouse"
[2:52:43 PM] [rpDtp#3] MJL: said "/exithouse"
[2:52:43 PM] [rpDtp#3] MJL: said "/enterhouse"
[2:53:32 PM] [rpDtp#3] MJL: said "/hideHUD"
[2:53:49 PM] [rpDtp#3] MJL: said "/hideHUD"
[2:54:38 PM] [rpDtp#3] MJL: said "/exithouse"
[2:54:38 PM] [rpDtp#3] MJL: said "/enterhouse"
[2:57:56 PM] [rpDtp#1] Kamakazi Gamdom: said "/hideHUD"
[2:58:48 PM] [rpDtp#1] Kamakazi Gamdom: said "/repair"
[2:59:08 PM] [rpDtp#1] Kamakazi Gamdom: said "/noclio"
[3:00:37 PM] [rpDtp#4] Kody Pepperfield: joined with identifiers [steam:11000010c770c55; license:3219d00ad3af143df0db5d2bed38fe7460729e68; xbl:2535451109437060; live:1055521765014399; discord:152991330048540672; fivem:12674089; license2:3e576e238fb0360dab034daae9fc7459afbacb59]
[3:01:46 PM] [rpDtp#1] Kamakazi Gamdom: said "/hideHUD"
[3:01:48 PM] [rpDtp#1] Kamakazi Gamdom: said "/hideHUD"
[3:03:19 PM] [rpDtp#2] DaddyDizzle: said "/hideHUD"
[3:03:45 PM] [rpDtp#1] Kamakazi Gamdom: said "/hideHUD"
[3:03:45 PM] [rpDtp#1] Kamakazi Gamdom: said "/hideHUD"
[3:03:46 PM] [rpDtp#1] Kamakazi Gamdom: said "/hideHUD"
[3:03:50 PM] [rpDtp#1] Kamakazi Gamdom: said "/hideHUD"
[3:03:50 PM] [rpDtp#1] Kamakazi Gamdom: said "/hideHUD"
[3:03:52 PM] [rpDtp#1] Kamakazi Gamdom: said "/hideHUD"
[3:03:52 PM] [rpDtp#1] Kamakazi Gamdom: said "/hideHUD"
[3:03:53 PM] [rpDtp#1] Kamakazi Gamdom: said "/hideHUD"
[3:03:54 PM] [rpDtp#1] Kamakazi Gamdom: said "/hideHUD"
[3:03:59 PM] [rpDtp#1] Kamakazi Gamdom: said "/hideHUD"
[3:03:59 PM] [rpDtp#1] Kamakazi Gamdom: said "/hideHUD"
[3:04:50 PM] [rpDtp#2] DaddyDizzle: said "/hideHUD"
[3:04:57 PM] [rpDtp#2] DaddyDizzle: said "/hideHUD"
[3:04:59 PM] [rpDtp#2] DaddyDizzle: said "/hideHUD"
[3:05:01 PM] [rpDtp#2] DaddyDizzle: said "/hideHUD"
[3:05:38 PM] [rpDtp#2] DaddyDizzle: said "/hideHUD"
[3:05:49 PM] [rpDtp#2] DaddyDizzle: said "/hideHUD"
[3:06:07 PM] [rpDtp#2] DaddyDizzle: said "/hideHUD"
[3:06:09 PM] [rpDtp#1] Kamakazi Gamdom: said "/hideHUD"
[3:06:12 PM] [rpDtp#1] Kamakazi Gamdom: said "/hideHUD"
[3:06:13 PM] [rpDtp#1] Kamakazi Gamdom: said "/hideHUD"
[3:06:16 PM] [rpDtp#2] DaddyDizzle: said "/hideHUD"
[3:06:30 PM] [rpDtp#2] DaddyDizzle: said "/hideHUD"
[3:06:39 PM] [rpDtp#3] MJL: died from suicide (Falling)
[3:07:17 PM] [rpDtp#2] DaddyDizzle: said "/hideHUD"
[3:07:20 PM] [rpDtp#1] Kamakazi Gamdom: said "/hideHUD"
[3:07:20 PM] [rpDtp#1] Kamakazi Gamdom: said "/hideHUD"
[3:08:02 PM] [rpDtp#3] MJL: disconnected (Game crashed: GTA5_b2699.exe!_setSamplersForPixelShader (0x89))
[3:08:47 PM] [rpDtp#2] DaddyDizzle: said "/hideHUD"
[3:08:57 PM] [rpDtp#2] DaddyDizzle: said "/hideHUD"
[3:09:04 PM] [rpDtp#2] DaddyDizzle: said "/hideHUD"
[3:09:07 PM] [rpDtp#2] DaddyDizzle: said "/hideHUD"
[3:09:09 PM] [rpDtp#2] DaddyDizzle: said "/hideHUD"
[3:09:11 PM] [rpDtp#1] Kamakazi Gamdom: said "/hideHUD"
[3:09:13 PM] [rpDtp#2] DaddyDizzle: said "/hideHUD"
[3:10:53 PM] [rpDtp#2] DaddyDizzle: said "changejob 2 cop"
[3:11:03 PM] [rpDtp#2] DaddyDizzle: said "changejob 2 police "
[3:11:07 PM] [rpDtp#2] DaddyDizzle: said "/mst"
[3:11:33 PM] [rpDtp#5] MJL: joined with identifiers [steam:1100001324fa523; license:ec6c328d6d02f816bf13e4a9d09768c02d6e3125; xbl:2535415531070562; live:1055522508602522; discord:213410953641852928; fivem:2586828]
[3:11:34 PM] [rpDtp#1] Kamakazi Gamdom: died from Ranover by Vehicle by DaddyDizzle
[3:12:01 PM] [rpDtp#4] Kody Pepperfield: died from unknown by Kamakazi Gamdom
[3:14:21 PM] [rpDtp#5] MJL: said "/hideHUD"
[3:14:49 PM] [rpDtp#5] MJL: said "/exithouse"
[3:14:49 PM] [rpDtp#5] MJL: said "/enterhouse"
[3:14:50 PM] [rpDtp#5] MJL: said "/exithouse"
[3:14:50 PM] [rpDtp#5] MJL: said "/enterhouse"
[3:14:50 PM] [rpDtp#5] MJL: said "/exithouse"
[3:14:50 PM] [rpDtp#5] MJL: said "/enterhouse"
[3:14:50 PM] [rpDtp#5] MJL: said "/exithouse"
[3:14:50 PM] [rpDtp#5] MJL: said "/enterhouse"
[3:14:50 PM] [rpDtp#5] MJL: said "/exithouse"
[3:14:50 PM] [rpDtp#5] MJL: said "/enterhouse"
[3:14:50 PM] [rpDtp#5] MJL: said "/exithouse"
[3:14:50 PM] [rpDtp#5] MJL: said "/enterhouse"
[3:14:50 PM] [rpDtp#5] MJL: said "/exithouse"
[3:14:50 PM] [rpDtp#5] MJL: said "/enterhouse"
[3:14:50 PM] [rpDtp#5] MJL: said "/exithouse"
[3:14:50 PM] [rpDtp#5] MJL: said "/enterhouse"
[3:14:51 PM] [rpDtp#5] MJL: said "/exithouse"
[3:14:51 PM] [rpDtp#5] MJL: said "/enterhouse"
[3:14:51 PM] [rpDtp#5] MJL: said "/exithouse"
[3:14:51 PM] [rpDtp#5] MJL: said "/enterhouse"
[3:14:52 PM] [rpDtp#5] MJL: said "/exithouse"
[3:14:52 PM] [rpDtp#5] MJL: said "/enterhouse"
[3:15:20 PM] [rpDtp#5] MJL: said "/refreshskin]"
[3:16:50 PM] [rpDtp#5] MJL: died from unknown by Kamakazi Gamdom
[3:19:24 PM] [rpDtp#2] DaddyDizzle: said "/jobchange 3 police"
[3:19:35 PM] [rpDtp#2] DaddyDizzle: said "/changejob 2 police"
[3:19:36 PM] [rpDtp#1] Kamakazi Gamdom: died from suicide (Falling)
[3:19:43 PM] [rpDtp#2] DaddyDizzle: said "/changejob police 2"
[3:19:45 PM] [rpDtp#5] MJL: said "/exithouse"
[3:19:45 PM] [rpDtp#5] MJL: said "/enterhouse"
[3:19:45 PM] [rpDtp#5] MJL: said "/exithouse"
[3:19:45 PM] [rpDtp#5] MJL: said "/enterhouse"
[3:19:46 PM] [rpDtp#5] MJL: said "/exithouse"
[3:19:46 PM] [rpDtp#5] MJL: said "/enterhouse"
[3:19:47 PM] [rpDtp#5] MJL: said "/exithouse"
[3:19:47 PM] [rpDtp#5] MJL: said "/enterhouse"
[3:19:47 PM] [rpDtp#5] MJL: said "/exithouse"
[3:19:47 PM] [rpDtp#5] MJL: said "/enterhouse"
[3:19:47 PM] [rpDtp#5] MJL: said "/exithouse"
[3:19:47 PM] [rpDtp#5] MJL: said "/enterhouse"
[3:19:48 PM] [rpDtp#5] MJL: said "/exithouse"
[3:19:48 PM] [rpDtp#5] MJL: said "/enterhouse"
[3:19:48 PM] [rpDtp#5] MJL: said "/exithouse"
[3:19:48 PM] [rpDtp#5] MJL: said "/enterhouse"
[3:20:04 PM] [rpDtp#2] DaddyDizzle: said "mdt"
[3:20:06 PM] [rpDtp#5] MJL: died from unknown by Kamakazi Gamdom
[3:20:07 PM] [rpDtp#4] Kody Pepperfield: died from unknown by Kamakazi Gamdom
[3:20:36 PM] [rpDtp#2] DaddyDizzle: said "/jobchange police 2"
[3:20:48 PM] [rpDtp#2] DaddyDizzle: said "/changejob 2 police"
[3:20:59 PM] [rpDtp#2] DaddyDizzle: said "/onduty"
[3:21:05 PM] [rpDtp#2] DaddyDizzle: said "/signonduty"
[3:21:15 PM] [rpDtp#2] DaddyDizzle: said "/police"
[3:22:21 PM] [rpDtp#2] DaddyDizzle: said "/duty"
[3:27:22 PM] [rpDtp#1] Kamakazi Gamdom: disconnected (Game crashed: phInstGta Pool Full, Size == 16384)
[3:28:06 PM] [rpDtp#4] Kody Pepperfield: disconnected (Game crashed: phInstGta Pool Full, Size == 16384)
[3:29:10 PM] [rpDtp#5] MJL: disconnected (Game crashed: phInstGta Pool Full, Size == 16384)
[3:30:34 PM] [rpDtp#6] Kody Pepperfield: joined with identifiers [steam:11000010c770c55; license:3219d00ad3af143df0db5d2bed38fe7460729e68; xbl:2535451109437060; live:1055521765014399; discord:152991330048540672; fivem:12674089; license2:3e576e238fb0360dab034daae9fc7459afbacb59]
[3:30:44 PM] [rpDtp#7] Kamakazi Gamdom: joined with identifiers [steam:11000010e87be4d; license:b27179133e8df658895ecd5f756db2a4a4c8cd08; xbl:2533275003431282; live:1829581607460581; discord:242888314108116992; fivem:11442758; license2:e1e3866f24a1a081ffd211b7c1805c667b695651]
[3:33:45 PM] [rpDtp#7] Kamakazi Gamdom: disconnected (Server->client connection timed out. Last seen 56573 msec ago.)
[3:33:51 PM] [rpDtp#8] Kamakazi Gamdom: joined with identifiers [steam:11000010e87be4d; license:b27179133e8df658895ecd5f756db2a4a4c8cd08; xbl:2533275003431282; live:1829581607460581; discord:242888314108116992; fivem:11442758; license2:e1e3866f24a1a081ffd211b7c1805c667b695651]
[3:34:34 PM] [rpDtp#2] DaddyDizzle: disconnected (Game crashed: phInstGta Pool Full, Size == 16384)
[3:35:28 PM] [rpDtp#8] Kamakazi Gamdom: said "/hideHUD"
[3:35:29 PM] [rpDtp#6] Kody Pepperfield: died from suicide (Falling)
[3:36:58 PM] [rpDtp#6] Kody Pepperfield: said "/hideHUD"
[3:36:58 PM] [rpDtp#8] Kamakazi Gamdom: said "/hideHUD"
[3:38:26 PM] [rpDtp#6] Kody Pepperfield: said "//e superhero"
[3:38:48 PM] [rpDtp#6] Kody Pepperfield: said "/hideHUD"
[3:38:49 PM] [rpDtp#8] Kamakazi Gamdom: said "/hideHUD"
[3:42:12 PM] [rpDtp#6] Kody Pepperfield: died from Pump Shotgun by Kamakazi Gamdom
[3:43:28 PM] [rpDtp#6] Kody Pepperfield: said "/hideHUD"
[3:49:32 PM] [rpDtp#6] Kody Pepperfield: said "/hideHUD"
[3:49:33 PM] [rpDtp#8] Kamakazi Gamdom: said "/hideHUD"
[3:49:35 PM] [rpDtp#8] Kamakazi Gamdom: said "/hideHUD"
[3:49:35 PM] [rpDtp#8] Kamakazi Gamdom: said "/hideHUD"
[3:57:43 PM] [rpDtp#6] Kody Pepperfield: died from suicide (Falling)
[4:14:27 PM] [rpDtp#8] Kamakazi Gamdom: said "/hideHUD"
[4:14:29 PM] [rpDtp#8] Kamakazi Gamdom: said "/hideHUD"
[4:14:31 PM] [rpDtp#8] Kamakazi Gamdom: said "/hideHUD"
[4:14:32 PM] [rpDtp#8] Kamakazi Gamdom: said "/hideHUD"
[4:14:32 PM] [rpDtp#8] Kamakazi Gamdom: said "/hideHUD"
[4:14:33 PM] [rpDtp#8] Kamakazi Gamdom: said "/hideHUD"
[4:14:34 PM] [rpDtp#8] Kamakazi Gamdom: said "/hideHUD"
[4:14:35 PM] [rpDtp#8] Kamakazi Gamdom: said "/hideHUD"
[4:14:36 PM] [rpDtp#8] Kamakazi Gamdom: said "/hideHUD"
[4:14:36 PM] [rpDtp#8] Kamakazi Gamdom: said "/hideHUD"
[4:14:38 PM] [rpDtp#8] Kamakazi Gamdom: said "/hideHUD"
[4:18:59 PM] [rpDtp#8] Kamakazi Gamdom: disconnected (Exiting)
[4:19:01 PM] [rpDtp#6] Kody Pepperfield: disconnected (Exiting)

================================================================
======== txAdmin Starting - 3/19/2024, 4:30:47 PM               
================================================================
[4:31:13 PM] txAdmin: Logger started
[4:32:15 PM] [mtqpY#1] MJL: joined with identifiers [steam:1100001324fa523; license:ec6c328d6d02f816bf13e4a9d09768c02d6e3125; xbl:2535415531070562; live:1055522508602522; discord:213410953641852928; fivem:2586828]
[4:33:32 PM] [mtqpY#1] MJL: said "/exithouse"
[4:33:32 PM] [mtqpY#1] MJL: said "/enterhouse"
[4:33:44 PM] [mtqpY#1] MJL: said "/exithouse"
[4:33:44 PM] [mtqpY#1] MJL: said "/enterhouse"
[4:33:50 PM] [mtqpY#1] MJL: said "/exithouse"
[4:33:50 PM] [mtqpY#1] MJL: said "/enterhouse"
[4:33:51 PM] [mtqpY#1] MJL: said "/exithouse"
[4:33:51 PM] [mtqpY#1] MJL: said "/enterhouse"
[4:33:55 PM] [mtqpY#1] MJL: said "/exithouse"
[4:33:55 PM] [mtqpY#1] MJL: said "/enterhouse"
[4:33:56 PM] [mtqpY#1] MJL: said "/exithouse"
[4:33:56 PM] [mtqpY#1] MJL: said "/enterhouse"
[4:33:56 PM] [mtqpY#1] MJL: said "/exithouse"
[4:33:56 PM] [mtqpY#1] MJL: said "/enterhouse"
[4:34:03 PM] [mtqpY#1] MJL: said "noclip"
[4:36:53 PM] [mtqpY#1] MJL: said "/exithouse"
[4:36:53 PM] [mtqpY#1] MJL: said "/enterhouse"
[4:38:03 PM] [mtqpY#1] MJL: said "/exithouse"
[4:38:03 PM] [mtqpY#1] MJL: said "/enterhouse"
[4:40:53 PM] [mtqpY#2] RauhRings-KICK: joined with identifiers [steam:1100001034ca46b; license:1ccd7dc20f215c56cffb282bce5cbe2ec5f3d681; xbl:2535427491610401; live:300472896121816; discord:195237542147260416; fivem:12241437; license2:b1645f12a35f99ff80c612d0c9a7c657b66eb973]
[4:42:47 PM] [mtqpY#3] Kamakazi Gamdom: joined with identifiers [steam:11000010e87be4d; license:b27179133e8df658895ecd5f756db2a4a4c8cd08; xbl:2533275003431282; live:1829581607460581; discord:242888314108116992; fivem:11442758; license2:e1e3866f24a1a081ffd211b7c1805c667b695651]
[4:51:03 PM] [mtqpY#3] Kamakazi Gamdom: died from suicide (Falling)
[4:54:28 PM] [mtqpY#3] Kamakazi Gamdom: died from suicide (Falling)
[4:56:04 PM] [mtqpY#1] MJL: disconnected (Exiting)
[4:57:26 PM] [mtqpY#2] RauhRings-KICK: disconnected (Exiting)
[4:57:42 PM] [mtqpY#4] MJL: joined with identifiers [steam:1100001324fa523; license:ec6c328d6d02f816bf13e4a9d09768c02d6e3125; xbl:2535415531070562; live:1055522508602522; discord:213410953641852928; fivem:2586828]
[4:59:00 PM] [mtqpY#5] RauhRings-KICK: joined with identifiers [steam:1100001034ca46b; license:1ccd7dc20f215c56cffb282bce5cbe2ec5f3d681; xbl:2535427491610401; live:300472896121816; discord:195237542147260416; fivem:12241437; license2:b1645f12a35f99ff80c612d0c9a7c657b66eb973]
[5:08:30 PM] [mtqpY#4] MJL: said "/exithouse"
[5:08:30 PM] [mtqpY#4] MJL: said "/enterhouse"
[5:09:34 PM] [mtqpY#4] MJL: said "/exithouse"
[5:09:34 PM] [mtqpY#4] MJL: said "/enterhouse"
[5:09:35 PM] [mtqpY#4] MJL: said "/exithouse"
[5:09:35 PM] [mtqpY#4] MJL: said "/enterhouse"
[5:09:49 PM] [mtqpY#4] MJL: said "/exithouse"
[5:09:49 PM] [mtqpY#4] MJL: said "/enterhouse"
[5:14:45 PM] [mtqpY#4] MJL: said "/exithouse"
[5:14:45 PM] [mtqpY#4] MJL: said "/enterhouse"
[5:16:13 PM] [mtqpY#4] MJL: said "/exithouse"
[5:16:13 PM] [mtqpY#4] MJL: said "/enterhouse"
[5:28:29 PM] [mtqpY#5] RauhRings-KICK: said "/carplay"
[5:42:37 PM] [mtqpY#5] RauhRings-KICK: died from suicide (Falling)
[5:52:35 PM] [mtqpY#5] RauhRings-KICK: disconnected (Exiting)
[5:52:36 PM] [mtqpY#4] MJL: disconnected (Exiting)
[5:52:38 PM] [mtqpY#3] Kamakazi Gamdom: disconnected (Exiting)
[5:57:23 PM] [mtqpY#6] MJL: joined with identifiers [steam:1100001324fa523; license:ec6c328d6d02f816bf13e4a9d09768c02d6e3125; xbl:2535415531070562; live:1055522508602522; discord:213410953641852928; fivem:2586828]
[5:59:34 PM] [mtqpY#6] MJL: said "/exithouse"
[5:59:34 PM] [mtqpY#6] MJL: said "/enterhouse"
[6:00:19 PM] [mtqpY#6] MJL: said "/exithouse"
[6:00:19 PM] [mtqpY#6] MJL: said "/enterhouse"
[6:01:30 PM] [mtqpY#6] MJL: said "/exithouse"
[6:01:30 PM] [mtqpY#6] MJL: said "/enterhouse"
[6:05:46 PM] [mtqpY#6] MJL: said "/exithouse"
[6:05:46 PM] [mtqpY#6] MJL: said "/enterhouse"
[6:05:52 PM] [mtqpY#6] MJL: said "/exithouse"
[6:05:52 PM] [mtqpY#6] MJL: said "/enterhouse"
[6:05:54 PM] [mtqpY#6] MJL: said "/exithouse"
[6:05:54 PM] [mtqpY#6] MJL: said "/enterhouse"
[6:06:16 PM] [mtqpY#6] MJL: said "/exithouse"
[6:06:16 PM] [mtqpY#6] MJL: said "/enterhouse"
[6:06:16 PM] [mtqpY#6] MJL: said "/exithouse"
[6:06:16 PM] [mtqpY#6] MJL: said "/enterhouse"
[6:06:17 PM] [mtqpY#6] MJL: said "/exithouse"
[6:06:17 PM] [mtqpY#6] MJL: said "/enterhouse"
[6:06:22 PM] [mtqpY#6] MJL: said "/exithouse"
[6:06:22 PM] [mtqpY#6] MJL: said "/enterhouse"
[6:07:20 PM] [mtqpY#6] MJL: said "/exithouse"
[6:07:20 PM] [mtqpY#6] MJL: said "/enterhouse"
[6:07:24 PM] [mtqpY#6] MJL: said "/exithouse"
[6:07:24 PM] [mtqpY#6] MJL: said "/enterhouse"
[6:07:42 PM] [mtqpY#6] MJL: said "/exithouse"
[6:07:42 PM] [mtqpY#6] MJL: said "/enterhouse"
[6:07:47 PM] [mtqpY#6] MJL: said "/exithouse"
[6:07:47 PM] [mtqpY#6] MJL: said "/enterhouse"
[6:07:48 PM] [mtqpY#6] MJL: said "/exithouse"
[6:07:48 PM] [mtqpY#6] MJL: said "/enterhouse"
[6:07:52 PM] [mtqpY#6] MJL: said "/exithouse"
[6:07:52 PM] [mtqpY#6] MJL: said "/enterhouse"
[6:08:12 PM] [mtqpY#6] MJL: said "/exithouse"
[6:08:12 PM] [mtqpY#6] MJL: said "/enterhouse"
[6:08:58 PM] [mtqpY#6] MJL: said "/exithouse"
[6:08:58 PM] [mtqpY#6] MJL: said "/enterhouse"
[6:09:23 PM] [mtqpY#6] MJL: said "/exithouse"
[6:09:23 PM] [mtqpY#6] MJL: said "/enterhouse"
[6:10:13 PM] [mtqpY#6] MJL: said "/exithouse"
[6:10:13 PM] [mtqpY#6] MJL: said "/enterhouse"
[6:15:40 PM] [mtqpY#6] MJL: said "/exithouse"
[6:15:40 PM] [mtqpY#6] MJL: said "/enterhouse"
[6:15:49 PM] [mtqpY#6] MJL: said "/exithouse"
[6:15:49 PM] [mtqpY#6] MJL: said "/enterhouse"
[6:16:10 PM] [mtqpY#6] MJL: said "/exithouse"
[6:16:10 PM] [mtqpY#6] MJL: said "/enterhouse"
[6:16:13 PM] [mtqpY#6] MJL: said "/exithouse"
[6:16:13 PM] [mtqpY#6] MJL: said "/enterhouse"
[6:16:41 PM] [mtqpY#6] MJL: said "/exithouse"
[6:16:41 PM] [mtqpY#6] MJL: said "/enterhouse"
[6:16:42 PM] [mtqpY#6] MJL: said "/exithouse"
[6:16:42 PM] [mtqpY#6] MJL: said "/enterhouse"
[6:16:43 PM] [mtqpY#6] MJL: said "/exithouse"
[6:16:43 PM] [mtqpY#6] MJL: said "/enterhouse"
[6:16:48 PM] [mtqpY#6] MJL: said "/exithouse"
[6:16:48 PM] [mtqpY#6] MJL: said "/enterhouse"
[6:16:52 PM] [mtqpY#6] MJL: said "/exithouse"
[6:16:52 PM] [mtqpY#6] MJL: said "/enterhouse"
[6:16:55 PM] [mtqpY#6] MJL: said "/exithouse"
[6:16:55 PM] [mtqpY#6] MJL: said "/enterhouse"
[6:17:00 PM] [mtqpY#6] MJL: said "/exithouse"
[6:17:00 PM] [mtqpY#6] MJL: said "/enterhouse"
[6:17:21 PM] [mtqpY#6] MJL: said "/exithouse"
[6:17:21 PM] [mtqpY#6] MJL: said "/enterhouse"
[6:17:21 PM] [mtqpY#6] MJL: said "/exithouse"
[6:17:21 PM] [mtqpY#6] MJL: said "/enterhouse"
[6:17:25 PM] [mtqpY#6] MJL: said "/exithouse"
[6:17:25 PM] [mtqpY#6] MJL: said "/enterhouse"
[6:17:25 PM] [mtqpY#6] MJL: said "/exithouse"
[6:17:25 PM] [mtqpY#6] MJL: said "/enterhouse"
[6:17:28 PM] [mtqpY#6] MJL: said "/exithouse"
[6:17:28 PM] [mtqpY#6] MJL: said "/enterhouse"
[6:17:54 PM] [mtqpY#6] MJL: said "/exithouse"
[6:17:54 PM] [mtqpY#6] MJL: said "/enterhouse"
[6:17:56 PM] [mtqpY#6] MJL: said "/exithouse"
[6:17:56 PM] [mtqpY#6] MJL: said "/enterhouse"
[6:17:57 PM] [mtqpY#6] MJL: said "/exithouse"
[6:17:57 PM] [mtqpY#6] MJL: said "/enterhouse"
[6:17:57 PM] [mtqpY#6] MJL: said "/exithouse"
[6:17:57 PM] [mtqpY#6] MJL: said "/enterhouse"
[6:17:58 PM] [mtqpY#6] MJL: said "/exithouse"
[6:17:58 PM] [mtqpY#6] MJL: said "/enterhouse"
[6:18:23 PM] [mtqpY#6] MJL: said "/exithouse"
[6:18:23 PM] [mtqpY#6] MJL: said "/enterhouse"
[6:18:28 PM] [mtqpY#6] MJL: said "/exithouse"
[6:18:28 PM] [mtqpY#6] MJL: said "/enterhouse"
[6:18:40 PM] [mtqpY#6] MJL: said "/exithouse"
[6:18:40 PM] [mtqpY#6] MJL: said "/enterhouse"
[6:18:41 PM] [mtqpY#6] MJL: said "/exithouse"
[6:18:41 PM] [mtqpY#6] MJL: said "/enterhouse"
[6:19:04 PM] [mtqpY#6] MJL: said "/exithouse"
[6:19:04 PM] [mtqpY#6] MJL: said "/enterhouse"
[6:19:08 PM] [mtqpY#6] MJL: said "/exithouse"
[6:19:08 PM] [mtqpY#6] MJL: said "/enterhouse"
[6:19:11 PM] [mtqpY#6] MJL: said "/exithouse"
[6:19:11 PM] [mtqpY#6] MJL: said "/enterhouse"
[6:19:16 PM] [mtqpY#6] MJL: said "/exithouse"
[6:19:16 PM] [mtqpY#6] MJL: said "/enterhouse"
[6:19:50 PM] [mtqpY#6] MJL: said "/exithouse"
[6:19:50 PM] [mtqpY#6] MJL: said "/enterhouse"
[6:19:52 PM] [mtqpY#6] MJL: said "/exithouse"
[6:19:52 PM] [mtqpY#6] MJL: said "/enterhouse"
[6:20:07 PM] [mtqpY#6] MJL: said "/exithouse"
[6:20:07 PM] [mtqpY#6] MJL: said "/enterhouse"
[6:20:09 PM] [mtqpY#6] MJL: said "/exithouse"
[6:20:09 PM] [mtqpY#6] MJL: said "/enterhouse"
[6:21:31 PM] [mtqpY#6] MJL: said "/exithouse"
[6:21:31 PM] [mtqpY#6] MJL: said "/enterhouse"
[6:21:32 PM] [mtqpY#6] MJL: said "/exithouse"
[6:21:32 PM] [mtqpY#6] MJL: said "/enterhouse"
[6:21:33 PM] [mtqpY#6] MJL: said "/exithouse"
[6:21:33 PM] [mtqpY#6] MJL: said "/enterhouse"
[6:22:14 PM] [mtqpY#6] MJL: said "/exithouse"
[6:22:14 PM] [mtqpY#6] MJL: said "/enterhouse"
[6:22:16 PM] [mtqpY#6] MJL: said "/exithouse"
[6:22:16 PM] [mtqpY#6] MJL: said "/enterhouse"
[6:24:32 PM] [mtqpY#6] MJL: said "/exithouse"
[6:24:32 PM] [mtqpY#6] MJL: said "/enterhouse"
[6:24:34 PM] [mtqpY#6] MJL: said "/exithouse"
[6:24:34 PM] [mtqpY#6] MJL: said "/enterhouse"
[6:24:36 PM] [mtqpY#6] MJL: said "/exithouse"
[6:24:36 PM] [mtqpY#6] MJL: said "/enterhouse"
[6:24:44 PM] [mtqpY#6] MJL: said "/exithouse"
[6:24:44 PM] [mtqpY#6] MJL: said "/enterhouse"
[6:40:32 PM] [mtqpY#6] MJL: said "/exithouse"
[6:40:32 PM] [mtqpY#6] MJL: said "/enterhouse"
[6:40:40 PM] [mtqpY#6] MJL: said "/exithouse"
[6:40:40 PM] [mtqpY#6] MJL: said "/enterhouse"
[6:40:41 PM] [mtqpY#6] MJL: said "/exithouse"
[6:40:41 PM] [mtqpY#6] MJL: said "/enterhouse"
[6:46:45 PM] [mtqpY#6] MJL: said "/hideHUD"
[6:47:00 PM] [mtqpY#6] MJL: said "admin"
[6:51:32 PM] [mtqpY#6] MJL: said "/exithouse"
[6:51:32 PM] [mtqpY#6] MJL: said "/enterhouse"
[6:51:45 PM] [mtqpY#6] MJL: said "/exithouse"
[6:51:45 PM] [mtqpY#6] MJL: said "/enterhouse"
[6:51:48 PM] [mtqpY#6] MJL: said "/exithouse"
[6:51:48 PM] [mtqpY#6] MJL: said "/enterhouse"
[6:51:49 PM] [mtqpY#6] MJL: said "/exithouse"
[6:51:49 PM] [mtqpY#6] MJL: said "/enterhouse"
[6:53:31 PM] [mtqpY#6] MJL: said "/exithouse"
[6:53:31 PM] [mtqpY#6] MJL: said "/enterhouse"
[6:54:16 PM] [mtqpY#6] MJL: said "/exithouse"
[6:54:16 PM] [mtqpY#6] MJL: said "/enterhouse"
[6:54:47 PM] [mtqpY#6] MJL: said "/exithouse"
[6:54:47 PM] [mtqpY#6] MJL: said "/enterhouse"
[6:54:55 PM] [mtqpY#6] MJL: said "/exithouse"
[6:54:55 PM] [mtqpY#6] MJL: said "/enterhouse"
[6:55:28 PM] [mtqpY#6] MJL: said "/exithouse"
[6:55:28 PM] [mtqpY#6] MJL: said "/enterhouse"
[6:55:43 PM] [mtqpY#6] MJL: said "/exithouse"
[6:55:43 PM] [mtqpY#6] MJL: said "/enterhouse"
[7:19:38 PM] [mtqpY#6] MJL: disconnected (Exiting)
[9:30:54 PM] txAdmin: ((Broadcast) txAdmin): said "This server is scheduled to restart in 30 minutes."
[9:45:54 PM] txAdmin: ((Broadcast) txAdmin): said "This server is scheduled to restart in 15 minutes."
[9:50:54 PM] txAdmin: ((Broadcast) txAdmin): said "This server is scheduled to restart in 10 minutes."
[9:55:54 PM] txAdmin: ((Broadcast) txAdmin): said "This server is scheduled to restart in 5 minutes."
[9:56:54 PM] txAdmin: ((Broadcast) txAdmin): said "This server is scheduled to restart in 4 minutes."
[9:57:54 PM] txAdmin: ((Broadcast) txAdmin): said "This server is scheduled to restart in 3 minutes."
[9:58:54 PM] txAdmin: ((Broadcast) txAdmin): said "This server is scheduled to restart in 2 minutes."
[9:59:54 PM] txAdmin: ((Broadcast) txAdmin): said "This server is scheduled to restart in 1 minute. Please disconnect now."
[10:01:40 PM] txAdmin: Logger started
