
================================================================
======== txAdmin Starting - 2/10/2024, 4:17:31 AM               
================================================================

================================================================
======== Log Rotated - 2/10/2024, 4:17:32 AM                    
================================================================
[4:19:02 AM] txAdmin: Logger started
[4:33:03 AM] [JBiBt#1] MJL: joined with identifiers [steam:1100001324fa523; license:ec6c328d6d02f816bf13e4a9d09768c02d6e3125; xbl:2535415531070562; live:1055522508602522; discord:213410953641852928; fivem:2586828]
[5:18:47 AM] [JBiBt#1] MJL: died from suicide (Falling)
[5:19:37 AM] [JBiBt#1] MJL: died from suicide (Falling)
[5:28:44 AM] [JBiBt#1] MJL: said "//tp 2806.5 4774.46 46.98"
[5:33:20 AM] [JBiBt#1] MJL: said "/TPM,"
[6:07:14 AM] [JBiBt#1] MJL: died from suicide (Falling)
[6:07:49 AM] [JBiBt#1] MJL: died from suicide (Falling)
[6:45:50 AM] [JBiBt#1] MJL: said "/exithouse"
[6:45:50 AM] [JBiBt#1] MJL: said "/enterhouse"
[6:46:04 AM] [JBiBt#1] MJL: said "/exithouse"
[6:46:04 AM] [JBiBt#1] MJL: said "/enterhouse"
[6:46:23 AM] [JBiBt#1] MJL: said "/exithouse"
[6:46:23 AM] [JBiBt#1] MJL: said "/enterhouse"
[6:46:29 AM] [JBiBt#1] MJL: said "/exithouse"
[6:46:29 AM] [JBiBt#1] MJL: said "/enterhouse"
[6:46:29 AM] [JBiBt#1] MJL: said "/exithouse"
[6:46:29 AM] [JBiBt#1] MJL: said "/enterhouse"
[6:46:34 AM] [JBiBt#1] MJL: said "/exithouse"
[6:46:34 AM] [JBiBt#1] MJL: said "/enterhouse"
[6:56:56 AM] [JBiBt#1] MJL: died from suicide (Falling)
[7:02:34 AM] [JBiBt#1] MJL: said "/tpm,"
[7:02:45 AM] [JBiBt#1] MJL: said "/nocip"
[7:09:43 AM] [JBiBt#1] MJL: died from suicide (Falling)
[7:13:04 AM] [JBiBt#1] MJL: said "/jon"
[7:28:08 AM] [JBiBt#1] MJL: said "/exithouse"
[7:28:08 AM] [JBiBt#1] MJL: said "/enterhouse"
[7:30:41 AM] [JBiBt#1] MJL: said "/exithouse"
[7:30:41 AM] [JBiBt#1] MJL: said "/enterhouse"
[7:31:54 AM] [JBiBt#1] MJL: disconnected (Disconnected.)
[7:33:38 AM] [JBiBt#2] MJL: joined with identifiers [steam:1100001324fa523; license:ec6c328d6d02f816bf13e4a9d09768c02d6e3125; xbl:2535415531070562; live:1055522508602522; discord:213410953641852928; fivem:2586828]
[7:36:14 AM] [JBiBt#3] Le0va: joined with identifiers [steam:110000115ceb248; license:eb50d0f0e1234a21689c685afbb0031705183403; xbl:2535464818703766; live:985157324057631; discord:246676459643600897; fivem:8879279; license2:eb50d0f0e1234a21689c685afbb0031705183403]
[7:39:06 AM] [JBiBt#2] MJL: said "/hud"
[7:41:14 AM] [JBiBt#3] Le0va: said "/uireset"
[7:57:01 AM] [JBiBt#2] MJL: said "/exithouse"
[7:57:01 AM] [JBiBt#2] MJL: said "/enterhouse"
[7:58:05 AM] [JBiBt#3] Le0va: said "/ui-r"
[8:00:12 AM] [JBiBt#2] MJL: died from suicide (Drowned)
[8:00:28 AM] [JBiBt#2] MJL: died from suicide (Drowned)
[8:00:36 AM] [JBiBt#3] Le0va: said "//escort"
[8:00:37 AM] [JBiBt#3] Le0va: disconnected (Exiting)
[8:01:39 AM] [JBiBt#4] Le0va: joined with identifiers [steam:110000115ceb248; license:eb50d0f0e1234a21689c685afbb0031705183403; xbl:2535464818703766; live:985157324057631; discord:246676459643600897; fivem:8879279; license2:eb50d0f0e1234a21689c685afbb0031705183403]
[8:25:27 AM] [JBiBt#4] Le0va: died from suicide (Falling)
[8:28:30 AM] [JBiBt#4] Le0va: said "/REVIVE\"
[8:31:50 AM] [JBiBt#4] Le0va: died from suicide (Falling)
[8:34:13 AM] [JBiBt#2] MJL: disconnected (Exiting)
[8:38:31 AM] [JBiBt#4] Le0va: disconnected (Server shutting down: SIGHUP received)

================================================================
======== txAdmin Starting - 2/10/2024, 8:40:28 AM               
================================================================
[8:41:07 AM] txAdmin: Logger started
[8:42:46 AM] [DWwrW#1] MJL: joined with identifiers [steam:1100001324fa523; license:ec6c328d6d02f816bf13e4a9d09768c02d6e3125; xbl:2535415531070562; live:1055522508602522; discord:213410953641852928; fivem:2586828]
[8:45:48 AM] [DWwrW#1] MJL: said "/exithouse"
[8:45:48 AM] [DWwrW#1] MJL: said "/enterhouse"
[8:46:09 AM] [DWwrW#1] MJL: said "/exithouse"
[8:46:09 AM] [DWwrW#1] MJL: said "/enterhouse"
[8:47:41 AM] [DWwrW#1] MJL: said "/exithouse"
[8:47:41 AM] [DWwrW#1] MJL: said "/enterhouse"
[8:47:54 AM] [DWwrW#1] MJL: said "/exithouse"
[8:47:54 AM] [DWwrW#1] MJL: said "/enterhouse"
[8:47:55 AM] [DWwrW#1] MJL: said "/exithouse"
[8:47:55 AM] [DWwrW#1] MJL: said "/enterhouse"
[8:47:56 AM] [DWwrW#1] MJL: said "/exithouse"
[8:47:56 AM] [DWwrW#1] MJL: said "/enterhouse"
[8:47:56 AM] [DWwrW#1] MJL: said "/exithouse"
[8:47:56 AM] [DWwrW#1] MJL: said "/enterhouse"
[8:47:57 AM] [DWwrW#1] MJL: said "/exithouse"
[8:47:57 AM] [DWwrW#1] MJL: said "/enterhouse"
[8:48:12 AM] [DWwrW#1] MJL: said "/exithouse"
[8:48:12 AM] [DWwrW#1] MJL: said "/enterhouse"
[8:48:23 AM] [DWwrW#1] MJL: died from suicide (Falling)
[8:48:32 AM] [DWwrW#1] MJL: died from suicide
[8:50:04 AM] [DWwrW#1] MJL: said "/exithouse"
[8:50:04 AM] [DWwrW#1] MJL: said "/enterhouse"
[8:50:06 AM] [DWwrW#1] MJL: said "/exithouse"
[8:50:06 AM] [DWwrW#1] MJL: said "/enterhouse"
[8:53:12 AM] [DWwrW#1] MJL: said "/exithouse"
[8:53:12 AM] [DWwrW#1] MJL: said "/enterhouse"
[8:53:13 AM] [DWwrW#1] MJL: said "/exithouse"
[8:53:13 AM] [DWwrW#1] MJL: said "/enterhouse"
[8:54:27 AM] [DWwrW#1] MJL: said "/exithouse"
[8:54:27 AM] [DWwrW#1] MJL: said "/enterhouse"
[8:54:27 AM] [DWwrW#1] MJL: said "/exithouse"
[8:54:27 AM] [DWwrW#1] MJL: said "/enterhouse"
[8:57:06 AM] [DWwrW#1] MJL: said "/exithouse"
[8:57:06 AM] [DWwrW#1] MJL: said "/enterhouse"
[8:57:06 AM] [DWwrW#1] MJL: said "/exithouse"
[8:57:06 AM] [DWwrW#1] MJL: said "/enterhouse"
[8:57:06 AM] [DWwrW#1] MJL: said "/exithouse"
[8:57:06 AM] [DWwrW#1] MJL: said "/enterhouse"
[9:09:20 AM] [DWwrW#1] MJL: said "/uit"
[9:09:22 AM] [DWwrW#1] MJL: disconnected (Exiting)

================================================================
======== txAdmin Starting - 2/10/2024, 9:51:37 AM               
================================================================
[9:52:31 AM] txAdmin: Logger started
[9:53:46 AM] [KryXb#1] MJL: joined with identifiers [steam:1100001324fa523; license:ec6c328d6d02f816bf13e4a9d09768c02d6e3125; xbl:2535415531070562; live:1055522508602522; discord:213410953641852928; fivem:2586828]
[9:55:46 AM] [KryXb#1] MJL: disconnected (Exiting)

================================================================
======== txAdmin Starting - 2/18/2024, 7:55:02 AM               
================================================================
[7:57:03 AM] txAdmin: Logger started

================================================================
======== txAdmin Starting - 2/18/2024, 12:30:18 PM              
================================================================
[12:32:33 PM] txAdmin: Logger started
[12:34:36 PM] [gWUeJ#1] MJL: joined with identifiers [steam:1100001324fa523; license:ec6c328d6d02f816bf13e4a9d09768c02d6e3125; xbl:2535415531070562; live:1055522508602522; discord:213410953641852928; fivem:2586828]
[12:35:41 PM] [gWUeJ#2] DaddyDizzle: joined with identifiers [steam:11000014bb53aeb; license:e0893217ab0d40d6a510bcbfe1c9441b4a208a2b; discord:584024523989581834; fivem:8961289; license2:e0893217ab0d40d6a510bcbfe1c9441b4a208a2b]
[12:38:11 PM] [gWUeJ#1] MJL: said "/exithouse"
[12:38:11 PM] [gWUeJ#1] MJL: said "/enterhouse"
[12:38:11 PM] [gWUeJ#1] MJL: said "/exithouse"
[12:38:11 PM] [gWUeJ#1] MJL: said "/enterhouse"
[12:38:11 PM] [gWUeJ#1] MJL: said "/exithouse"
[12:38:11 PM] [gWUeJ#1] MJL: said "/enterhouse"
[12:38:12 PM] [gWUeJ#1] MJL: said "/exithouse"
[12:38:12 PM] [gWUeJ#1] MJL: said "/enterhouse"
[12:38:37 PM] [gWUeJ#1] MJL: said "/exithouse"
[12:38:37 PM] [gWUeJ#1] MJL: said "/enterhouse"
[12:38:38 PM] [gWUeJ#1] MJL: said "/exithouse"
[12:38:38 PM] [gWUeJ#1] MJL: said "/enterhouse"
[12:38:48 PM] [gWUeJ#1] MJL: said "/exithouse"
[12:38:48 PM] [gWUeJ#1] MJL: said "/enterhouse"
[12:38:48 PM] [gWUeJ#1] MJL: said "/exithouse"
[12:38:48 PM] [gWUeJ#1] MJL: said "/enterhouse"
[12:38:56 PM] [gWUeJ#1] MJL: said "/exithouse"
[12:38:56 PM] [gWUeJ#1] MJL: said "/enterhouse"
[12:38:57 PM] [gWUeJ#1] MJL: said "/exithouse"
[12:38:57 PM] [gWUeJ#1] MJL: said "/enterhouse"
[12:39:43 PM] [gWUeJ#1] MJL: said "/exithouse"
[12:39:43 PM] [gWUeJ#1] MJL: said "/enterhouse"
[12:39:43 PM] [gWUeJ#1] MJL: said "/exithouse"
[12:39:43 PM] [gWUeJ#1] MJL: said "/enterhouse"
[12:39:49 PM] [gWUeJ#1] MJL: said "/exithouse"
[12:39:49 PM] [gWUeJ#1] MJL: said "/enterhouse"
[12:39:50 PM] [gWUeJ#1] MJL: said "/exithouse"
[12:39:50 PM] [gWUeJ#1] MJL: said "/enterhouse"
[12:39:58 PM] [gWUeJ#1] MJL: said "/exithouse"
[12:39:58 PM] [gWUeJ#1] MJL: said "/enterhouse"
[12:39:58 PM] [gWUeJ#1] MJL: said "/exithouse"
[12:39:58 PM] [gWUeJ#1] MJL: said "/enterhouse"
[12:40:32 PM] [gWUeJ#1] MJL: died from suicide (Falling)
[12:40:58 PM] [gWUeJ#1] MJL: said "/exithouse"
[12:40:58 PM] [gWUeJ#1] MJL: said "/enterhouse"
[12:40:59 PM] [gWUeJ#3] BotOnMnK: joined with identifiers [steam:11000014df460ff; license:06a61b4c40fc28c0a6e0a709ba99ffb637152b33; xbl:2535406023679221; live:1055518462074046; discord:1043623556015194112; fivem:9907274; license2:06a61b4c40fc28c0a6e0a709ba99ffb637152b33]
[12:40:59 PM] [gWUeJ#1] MJL: said "/exithouse"
[12:40:59 PM] [gWUeJ#1] MJL: said "/enterhouse"
[12:40:59 PM] [gWUeJ#1] MJL: said "/exithouse"
[12:40:59 PM] [gWUeJ#1] MJL: said "/enterhouse"
[12:43:34 PM] [gWUeJ#2] DaddyDizzle: said "/amdin"
[12:45:02 PM] [gWUeJ#1] MJL: disconnected (Exiting)
[12:46:57 PM] [gWUeJ#3] BotOnMnK: died from Fist by DaddyDizzle
[12:47:09 PM] [gWUeJ#3] BotOnMnK: died from suicide (Falling)
[12:47:52 PM] [gWUeJ#2] DaddyDizzle: said "/give ammo"
[12:48:15 PM] [gWUeJ#2] DaddyDizzle: said "admin"
[12:49:10 PM] [gWUeJ#4] Croak: joined with identifiers [steam:1100001001ceea8; license:b27179133e8df658895ecd5f756db2a4a4c8cd08; xbl:2533275003431282; live:1829581607460581; discord:242888314108116992; fivem:11442758; license2:e1e3866f24a1a081ffd211b7c1805c667b695651]
[12:49:31 PM] [gWUeJ#3] BotOnMnK: said "/give item knife"
[12:49:38 PM] [gWUeJ#2] DaddyDizzle: said "/give item 1 rifle_ammo 10000"
[12:49:48 PM] [gWUeJ#2] DaddyDizzle: said "/give item 2 rifle_ammo 10000"
[12:49:57 PM] [gWUeJ#3] BotOnMnK: died from Ranover by Vehicle by DaddyDizzle
[12:52:04 PM] [gWUeJ#3] BotOnMnK: died from Advanced Rifle by DaddyDizzle
[12:52:26 PM] [gWUeJ#3] BotOnMnK: said "/armor"
[12:55:50 PM] [gWUeJ#2] DaddyDizzle: died from Combat Pistol by Croak
[12:55:54 PM] [gWUeJ#2] DaddyDizzle: said "admin"
[12:56:14 PM] [gWUeJ#3] BotOnMnK: died from Special Carbine Mk2 by Croak
[12:56:47 PM] [gWUeJ#3] BotOnMnK: died from AP Pistol by DaddyDizzle
[12:56:58 PM] [gWUeJ#2] DaddyDizzle: said "/dmin"
[12:57:04 PM] [gWUeJ#2] DaddyDizzle: died from SNS Pistol by Croak
[12:58:03 PM] [gWUeJ#3] BotOnMnK: died from Machine Pistol by DaddyDizzle
[12:58:10 PM] [gWUeJ#3] BotOnMnK: died from Machine Pistol by DaddyDizzle
[12:58:11 PM] [gWUeJ#3] BotOnMnK: said "revive"
[12:58:14 PM] [gWUeJ#2] DaddyDizzle: died from Combat PDW by Croak
[12:58:35 PM] [gWUeJ#3] BotOnMnK: said "/smg_ammo"
[12:58:44 PM] [gWUeJ#3] BotOnMnK: said "/give smg_ammo"
[12:59:05 PM] [gWUeJ#3] BotOnMnK: said "/give id3 smg_ammo"
[12:59:52 PM] [gWUeJ#3] BotOnMnK: died from Micro SMG by DaddyDizzle
[1:02:21 PM] [gWUeJ#3] BotOnMnK: died from Bullpup Rifle by DaddyDizzle
[1:02:26 PM] [gWUeJ#4] Croak: disconnected (Exiting)
[1:02:54 PM] [gWUeJ#3] BotOnMnK: died from Carbine Rifle by DaddyDizzle
[1:03:12 PM] [gWUeJ#3] BotOnMnK: died from Carbine Rifle by DaddyDizzle
[1:03:38 PM] [gWUeJ#2] DaddyDizzle: said "/remove"
[1:03:39 PM] [gWUeJ#5] Croak: joined with identifiers [steam:1100001001ceea8; license:b27179133e8df658895ecd5f756db2a4a4c8cd08; xbl:2533275003431282; live:1829581607460581; discord:242888314108116992; fivem:11442758; license2:e1e3866f24a1a081ffd211b7c1805c667b695651]
[1:04:43 PM] [gWUeJ#3] BotOnMnK: died from suicide (Ranover by Vehicle)
[1:04:57 PM] [gWUeJ#5] Croak: said "/hud"
[1:07:13 PM] [gWUeJ#3] BotOnMnK: said "//revive"
[1:08:51 PM] [gWUeJ#2] DaddyDizzle: died from suicide (Falling)
[1:08:53 PM] [gWUeJ#3] BotOnMnK: said "//revive"
[1:09:29 PM] [gWUeJ#2] DaddyDizzle: died from Hatchet by Croak
[1:09:58 PM] [gWUeJ#5] Croak: died from Bat by DaddyDizzle
[1:10:00 PM] [gWUeJ#5] Croak: died from Bat by DaddyDizzle
[1:10:08 PM] [gWUeJ#3] BotOnMnK: died from Bat by DaddyDizzle
[1:13:44 PM] [gWUeJ#2] DaddyDizzle: died from suicide (Falling)
[1:13:46 PM] [gWUeJ#3] BotOnMnK: died from suicide (Falling)
[1:14:13 PM] [gWUeJ#3] BotOnMnK: said "/give item radio"
[1:14:29 PM] [gWUeJ#3] BotOnMnK: said "/give itemradio"
[1:14:43 PM] [gWUeJ#3] BotOnMnK: said "/give item_radio"
[1:18:27 PM] [gWUeJ#5] Croak: disconnected (Game crashed: GTA5_b2944.exe!sub_14061AAB0 (0x31))
[1:19:29 PM] [gWUeJ#6] Croak: joined with identifiers [steam:1100001001ceea8; license:b27179133e8df658895ecd5f756db2a4a4c8cd08; xbl:2533275003431282; live:1829581607460581; discord:242888314108116992; fivem:11442758; license2:e1e3866f24a1a081ffd211b7c1805c667b695651]
[1:20:34 PM] [gWUeJ#3] BotOnMnK: died from suicide (Falling)
[1:22:09 PM] [gWUeJ#2] DaddyDizzle: died from suicide (Falling)
[1:24:04 PM] [gWUeJ#3] BotOnMnK: died from suicide (Falling)
[1:24:52 PM] [gWUeJ#2] DaddyDizzle: said "/Ggiveitem 2 nos 1"
[1:26:19 PM] [gWUeJ#2] DaddyDizzle: died from suicide (Falling)
[1:31:42 PM] [gWUeJ#3] BotOnMnK: died from suicide (Falling)
[1:39:47 PM] [gWUeJ#3] BotOnMnK: died from suicide (Falling)
[1:41:15 PM] [gWUeJ#6] Croak: died from suicide
[1:42:28 PM] [gWUeJ#6] Croak: died from suicide (Rammed by Vehicle)
[1:43:07 PM] [gWUeJ#6] Croak: died from suicide
[1:45:15 PM] [gWUeJ#6] Croak: died from suicide (Rammed by Vehicle)
[1:47:20 PM] [gWUeJ#6] Croak: died from suicide
[1:48:55 PM] [gWUeJ#6] Croak: died from suicide
[1:49:07 PM] [gWUeJ#7] MJL: joined with identifiers [steam:1100001324fa523; license:ec6c328d6d02f816bf13e4a9d09768c02d6e3125; xbl:2535415531070562; live:1055522508602522; discord:213410953641852928; fivem:2586828]
[1:49:59 PM] [gWUeJ#7] MJL: disconnected (Exiting)
[1:50:06 PM] [gWUeJ#3] BotOnMnK: said "/ubind keyboard 4"
[1:50:28 PM] [gWUeJ#8] MJL: joined with identifiers [steam:1100001324fa523; license:ec6c328d6d02f816bf13e4a9d09768c02d6e3125; xbl:2535415531070562; live:1055522508602522; discord:213410953641852928; fivem:2586828]
[1:51:55 PM] [gWUeJ#6] Croak: said "/ADMIB"
[1:52:08 PM] [gWUeJ#6] Croak: caused an explosion (PLANE)
[1:52:15 PM] [gWUeJ#6] Croak: caused an explosion (PLANE)
[1:52:33 PM] [gWUeJ#2] DaddyDizzle: died from suicide (Falling)
[1:53:01 PM] [gWUeJ#6] Croak: said "/NOCLIOP"
[1:53:12 PM] [gWUeJ#6] Croak: said "/ADMIB"
[1:53:27 PM] [gWUeJ#3] BotOnMnK: said "/godmode"
[1:54:21 PM] [gWUeJ#6] Croak: caused an explosion (PLANE)
[1:54:21 PM] [gWUeJ#6] Croak: caused an explosion (PLANE)
[1:54:21 PM] [gWUeJ#6] Croak: died from suicide (Explosion)
[1:55:00 PM] [gWUeJ#2] DaddyDizzle: caused an explosion (PLANE)
[1:55:00 PM] [gWUeJ#2] DaddyDizzle: caused an explosion (PLANE)
[1:55:00 PM] [gWUeJ#3] BotOnMnK: died from suicide (Falling)
[1:55:01 PM] [gWUeJ#2] DaddyDizzle: died from suicide (Falling)
[1:55:23 PM] [gWUeJ#3] BotOnMnK: died from Vehicle Rotors by DaddyDizzle
[1:55:51 PM] [gWUeJ#3] BotOnMnK: died from Vehicle Rotors by DaddyDizzle
[1:56:20 PM] [gWUeJ#6] Croak: caused an explosion (PLANE)
[1:56:20 PM] [gWUeJ#6] Croak: died from suicide (Explosion)
[1:56:24 PM] [gWUeJ#8] MJL: disconnected (Exiting)
[1:56:31 PM] [gWUeJ#6] Croak: caused an explosion (PLANE)
[1:56:31 PM] [gWUeJ#6] Croak: died from suicide (Explosion)
[1:56:34 PM] [gWUeJ#6] Croak: died from suicide (Explosion)
[1:57:22 PM] [gWUeJ#3] BotOnMnK: caused an explosion (PLANE)
[1:57:22 PM] [gWUeJ#3] BotOnMnK: caused an explosion (PLANE)
[1:57:22 PM] [gWUeJ#3] BotOnMnK: died from suicide (Explosion)
[1:57:29 PM] [gWUeJ#2] DaddyDizzle: caused an explosion (PLANE)
[1:57:29 PM] [gWUeJ#2] DaddyDizzle: caused an explosion (PLANE)
[1:57:38 PM] [gWUeJ#3] BotOnMnK: caused an explosion (PLANE)
[1:57:38 PM] [gWUeJ#3] BotOnMnK: caused an explosion (PLANE)
[1:58:40 PM] [gWUeJ#3] BotOnMnK: died from suicide (Drowned)
[1:59:19 PM] [gWUeJ#6] Croak: died from suicide (Rammed by Vehicle)
[1:59:34 PM] [gWUeJ#6] Croak: caused an explosion (BOAT)
[1:59:34 PM] [gWUeJ#6] Croak: caused an explosion (BOAT)
[1:59:49 PM] [gWUeJ#2] DaddyDizzle: died from suicide
[2:02:46 PM] [gWUeJ#2] DaddyDizzle: said "/spawn p996 lazer"
[2:03:12 PM] [gWUeJ#2] DaddyDizzle: said "/spawn p996 laser"
[2:04:08 PM] [gWUeJ#6] Croak: said "/180sx"
[2:05:12 PM] [gWUeJ#2] DaddyDizzle: said "/spawn p-996_lazer"
[2:05:29 PM] [gWUeJ#2] DaddyDizzle: said "/spawncar p-996_lazer"
[2:05:36 PM] [gWUeJ#2] DaddyDizzle: said "/spawncar p-996_lazer"
[2:05:44 PM] [gWUeJ#2] DaddyDizzle: said "/spawnplane p-996_lazer"
[2:05:54 PM] [gWUeJ#2] DaddyDizzle: said "/spawnvehicle p-996_lazer"
[2:06:42 PM] [gWUeJ#2] DaddyDizzle: died from suicide
[2:08:00 PM] [gWUeJ#6] Croak: said "/admin'"
[2:09:48 PM] [gWUeJ#2] DaddyDizzle: died from suicide
[2:09:52 PM] [gWUeJ#3] BotOnMnK: died from suicide
[2:10:27 PM] [gWUeJ#2] DaddyDizzle: died from suicide
[2:12:21 PM] [gWUeJ#6] Croak: disconnected (Exiting)
[2:13:08 PM] [gWUeJ#2] DaddyDizzle: died from suicide (Falling)
[2:15:38 PM] [gWUeJ#2] DaddyDizzle: disconnected (Exiting)
[2:16:28 PM] [gWUeJ#3] BotOnMnK: died from suicide
[2:16:36 PM] [gWUeJ#3] BotOnMnK: disconnected (Exiting)
