
================================================================
======== Log Rotated - 2/25/2024, 12:00:00 AM                   
================================================================

================================================================
======== txAdmin Starting - 2/25/2024, 8:30:26 AM               
================================================================
[8:33:01 AM] txAdmin: Logger started
[8:33:48 AM] [qN66N#1] carma: joined with identifiers [license:b27179133e8df658895ecd5f756db2a4a4c8cd08; xbl:2533275003431282; live:1829581607460581; discord:242888314108116992; fivem:11442758; license2:e1e3866f24a1a081ffd211b7c1805c667b695651]
[8:34:22 AM] [qN66N#2] MJL: joined with identifiers [steam:1100001324fa523; license:ec6c328d6d02f816bf13e4a9d09768c02d6e3125; xbl:2535415531070562; live:1055522508602522; discord:213410953641852928; fivem:2586828]
[8:50:06 AM] [qN66N#2] MJL: said "/exithouse"
[8:50:06 AM] [qN66N#2] MJL: said "/enterhouse"
[8:50:09 AM] [qN66N#2] MJL: said "/exithouse"
[8:50:09 AM] [qN66N#2] MJL: said "/enterhouse"
[8:50:11 AM] [qN66N#2] MJL: said "/exithouse"
[8:50:11 AM] [qN66N#2] MJL: said "/enterhouse"
[8:50:11 AM] [qN66N#2] MJL: said "/exithouse"
[8:50:11 AM] [qN66N#2] MJL: said "/enterhouse"
[8:50:15 AM] [qN66N#2] MJL: said "/exithouse"
[8:50:15 AM] [qN66N#2] MJL: said "/enterhouse"
[8:50:16 AM] [qN66N#2] MJL: said "/exithouse"
[8:50:16 AM] [qN66N#2] MJL: said "/enterhouse"
[8:50:17 AM] [qN66N#2] MJL: said "/exithouse"
[8:50:17 AM] [qN66N#2] MJL: said "/enterhouse"
[8:50:17 AM] [qN66N#2] MJL: said "/exithouse"
[8:50:17 AM] [qN66N#2] MJL: said "/enterhouse"
[8:50:17 AM] [qN66N#2] MJL: said "/exithouse"
[8:50:17 AM] [qN66N#2] MJL: said "/enterhouse"
[8:50:18 AM] [qN66N#2] MJL: said "/exithouse"
[8:50:18 AM] [qN66N#2] MJL: said "/enterhouse"
[8:50:18 AM] [qN66N#2] MJL: said "/exithouse"
[8:50:18 AM] [qN66N#2] MJL: said "/enterhouse"
[8:50:19 AM] [qN66N#2] MJL: said "/exithouse"
[8:50:19 AM] [qN66N#2] MJL: said "/enterhouse"
[8:50:19 AM] [qN66N#2] MJL: said "/exithouse"
[8:50:19 AM] [qN66N#2] MJL: said "/enterhouse"
[8:50:20 AM] [qN66N#2] MJL: said "/exithouse"
[8:50:20 AM] [qN66N#2] MJL: said "/enterhouse"
[8:50:20 AM] [qN66N#2] MJL: said "/exithouse"
[8:50:20 AM] [qN66N#2] MJL: said "/enterhouse"
[8:50:20 AM] [qN66N#2] MJL: said "/exithouse"
[8:50:20 AM] [qN66N#2] MJL: said "/enterhouse"
[8:50:24 AM] [qN66N#2] MJL: said "/exithouse"
[8:50:24 AM] [qN66N#2] MJL: said "/enterhouse"
[8:50:24 AM] [qN66N#2] MJL: said "/exithouse"
[8:50:24 AM] [qN66N#2] MJL: said "/enterhouse"
[8:50:24 AM] [qN66N#2] MJL: said "/exithouse"
[8:50:24 AM] [qN66N#2] MJL: said "/enterhouse"
[8:50:26 AM] [qN66N#2] MJL: said "/exithouse"
[8:50:26 AM] [qN66N#2] MJL: said "/enterhouse"
[8:50:35 AM] [qN66N#2] MJL: said "/exithouse"
[8:50:35 AM] [qN66N#2] MJL: said "/enterhouse"
[8:50:35 AM] [qN66N#2] MJL: said "/exithouse"
[8:50:35 AM] [qN66N#2] MJL: said "/enterhouse"
[8:50:36 AM] [qN66N#2] MJL: said "/exithouse"
[8:50:36 AM] [qN66N#2] MJL: said "/enterhouse"
[8:50:36 AM] [qN66N#2] MJL: said "/exithouse"
[8:50:36 AM] [qN66N#2] MJL: said "/enterhouse"
[8:50:37 AM] [qN66N#2] MJL: said "/exithouse"
[8:50:37 AM] [qN66N#2] MJL: said "/enterhouse"
[8:50:38 AM] [qN66N#2] MJL: said "/exithouse"
[8:50:38 AM] [qN66N#2] MJL: said "/enterhouse"
[8:50:38 AM] [qN66N#2] MJL: said "/exithouse"
[8:50:38 AM] [qN66N#2] MJL: said "/enterhouse"
[8:50:39 AM] [qN66N#2] MJL: said "/exithouse"
[8:50:39 AM] [qN66N#2] MJL: said "/enterhouse"
[8:50:39 AM] [qN66N#2] MJL: said "/exithouse"
[8:50:39 AM] [qN66N#2] MJL: said "/enterhouse"
[8:50:40 AM] [qN66N#2] MJL: said "/exithouse"
[8:50:40 AM] [qN66N#2] MJL: said "/enterhouse"
[8:50:41 AM] [qN66N#2] MJL: said "/exithouse"
[8:50:41 AM] [qN66N#2] MJL: said "/enterhouse"
[8:50:53 AM] [qN66N#2] MJL: said "/exithouse"
[8:50:53 AM] [qN66N#2] MJL: said "/enterhouse"
[8:50:53 AM] [qN66N#2] MJL: said "/exithouse"
[8:50:53 AM] [qN66N#2] MJL: said "/enterhouse"
[8:50:55 AM] [qN66N#2] MJL: said "/exithouse"
[8:50:55 AM] [qN66N#2] MJL: said "/enterhouse"
[8:50:56 AM] [qN66N#2] MJL: said "/exithouse"
[8:50:56 AM] [qN66N#2] MJL: said "/enterhouse"
[8:50:56 AM] [qN66N#2] MJL: said "/exithouse"
[8:50:56 AM] [qN66N#2] MJL: said "/enterhouse"
[8:51:07 AM] [qN66N#2] MJL: said "/exithouse"
[8:51:07 AM] [qN66N#2] MJL: said "/enterhouse"
[8:51:12 AM] [qN66N#2] MJL: said "/exithouse"
[8:51:12 AM] [qN66N#2] MJL: said "/enterhouse"
[8:51:13 AM] [qN66N#2] MJL: said "/exithouse"
[8:51:13 AM] [qN66N#2] MJL: said "/enterhouse"
[8:51:14 AM] [qN66N#2] MJL: said "/exithouse"
[8:51:14 AM] [qN66N#2] MJL: said "/enterhouse"
[8:51:15 AM] [qN66N#2] MJL: said "/exithouse"
[8:51:15 AM] [qN66N#2] MJL: said "/enterhouse"
[8:51:17 AM] [qN66N#2] MJL: said "/exithouse"
[8:51:17 AM] [qN66N#2] MJL: said "/enterhouse"
[8:51:33 AM] [qN66N#2] MJL: said "/exithouse"
[8:51:33 AM] [qN66N#2] MJL: said "/enterhouse"
[8:51:36 AM] [qN66N#2] MJL: said "/exithouse"
[8:51:36 AM] [qN66N#2] MJL: said "/enterhouse"
[8:51:38 AM] [qN66N#2] MJL: said "/exithouse"
[8:51:38 AM] [qN66N#2] MJL: said "/enterhouse"
[8:51:39 AM] [qN66N#2] MJL: said "/exithouse"
[8:51:39 AM] [qN66N#2] MJL: said "/enterhouse"
[8:51:39 AM] [qN66N#2] MJL: said "/exithouse"
[8:51:39 AM] [qN66N#2] MJL: said "/enterhouse"
[8:51:39 AM] [qN66N#2] MJL: said "/exithouse"
[8:51:39 AM] [qN66N#2] MJL: said "/enterhouse"
[8:51:50 AM] [qN66N#2] MJL: said "/exithouse"
[8:51:50 AM] [qN66N#2] MJL: said "/enterhouse"
[8:51:58 AM] [qN66N#2] MJL: said "/exithouse"
[8:51:58 AM] [qN66N#2] MJL: said "/enterhouse"
[8:52:02 AM] [qN66N#2] MJL: said "/exithouse"
[8:52:02 AM] [qN66N#2] MJL: said "/enterhouse"
[8:52:04 AM] [qN66N#2] MJL: said "/exithouse"
[8:52:04 AM] [qN66N#2] MJL: said "/enterhouse"
[8:52:07 AM] [qN66N#2] MJL: said "/exithouse"
[8:52:07 AM] [qN66N#2] MJL: said "/enterhouse"
[8:55:39 AM] [qN66N#2] MJL: said "/exithouse"
[8:55:39 AM] [qN66N#2] MJL: said "/enterhouse"
[8:55:46 AM] [qN66N#2] MJL: said "/exithouse"
[8:55:46 AM] [qN66N#2] MJL: said "/enterhouse"
[8:57:44 AM] [qN66N#2] MJL: said "/exithouse"
[8:57:44 AM] [qN66N#2] MJL: said "/enterhouse"
[9:02:07 AM] [qN66N#2] MJL: disconnected (Game crashed: GTA5_b2944.exe!sub_14076F0B4 (0x5d))
[9:02:07 AM] [qN66N#1] carma: disconnected (Game crashed: GTA5_b2944.exe!sub_141663350 (0x47))
[9:11:12 AM] [qN66N#3] carma: joined with identifiers [license:b27179133e8df658895ecd5f756db2a4a4c8cd08; xbl:2533275003431282; live:1829581607460581; discord:242888314108116992; fivem:11442758; license2:e1e3866f24a1a081ffd211b7c1805c667b695651]
[9:11:17 AM] [qN66N#4] MJL: joined with identifiers [steam:1100001324fa523; license:ec6c328d6d02f816bf13e4a9d09768c02d6e3125; xbl:2535415531070562; live:1055522508602522; discord:213410953641852928; fivem:2586828]
[9:17:11 AM] [qN66N#3] carma: died from Sawnoff Shotgun by MJL
[9:17:30 AM] [qN66N#3] carma: died from Sawnoff Shotgun by MJL
[9:17:36 AM] [qN66N#4] MJL: said "/reob"
[9:18:15 AM] [qN66N#4] MJL: died from Sawnoff Shotgun by carma
[9:18:25 AM] [qN66N#4] MJL: died from Sawnoff Shotgun by carma
[9:18:30 AM] [qN66N#4] MJL: died from Sawnoff Shotgun by carma
[9:19:06 AM] [qN66N#3] carma: died from Sawnoff Shotgun by MJL
[9:19:24 AM] [qN66N#4] MJL: said "/dbv"
[9:19:26 AM] [qN66N#4] MJL: said "/hideHUD"
[9:19:37 AM] [qN66N#4] MJL: said "/hideHUD"
[9:20:15 AM] [qN66N#4] MJL: said "/hideHUD"
[9:20:25 AM] [qN66N#4] MJL: said "/exithouse"
[9:20:25 AM] [qN66N#4] MJL: said "/enterhouse"
[9:20:25 AM] [qN66N#4] MJL: said "/exithouse"
[9:20:25 AM] [qN66N#4] MJL: said "/enterhouse"
[9:20:25 AM] [qN66N#4] MJL: said "/exithouse"
[9:20:25 AM] [qN66N#4] MJL: said "/enterhouse"
[9:20:31 AM] [qN66N#3] carma: said "/help"
[9:20:34 AM] [qN66N#3] carma: said "//ems"
[9:20:50 AM] [qN66N#3] carma: died from Sawnoff Shotgun by MJL
[9:20:56 AM] [qN66N#3] carma: said "ems"
[9:22:03 AM] [qN66N#4] MJL: disconnected (Exiting)
[9:30:16 AM] [qN66N#3] carma: disconnected (Exiting)

================================================================
======== txAdmin Starting - 2/25/2024, 6:18:33 PM               
================================================================
[6:21:34 PM] txAdmin: Logger started
