
================================================================
======== Log Rotated - 3/30/2024, 12:00:00 AM                   
================================================================
[12:07:00 AM] [rLEtk#1] Mr.Green: disconnected (Exiting)
[12:11:10 AM] [rLEtk#2] Mr.Green: joined with identifiers [steam:110000117f12b1a; license:8cb9f8548eb4c7764c77849cfa2ff397ec016f08; xbl:2535433922801834; live:985153858977618; discord:322443072233537556; fivem:10498222; license2:6dd94f8afb9d56223c4c530061c5ab1316c72c1c]
[12:12:54 AM] [rLEtk#2] Mr.Green: disconnected (Exiting)
[4:27:44 AM] [rLEtk#3] missberrymedley: joined with identifiers [steam:11000010cab8d07; license:7a3a5bfb5af789cb5f02843e29cc4ee338b0a294; xbl:2535413783067581; live:1688853905214434; discord:461174423903535107; fivem:1697557; license2:ec1926a90f33d1955abd2276f36a7c3ed4c51a23]
[5:01:38 AM] [rLEtk#4] φοῖνιξ: joined with identifiers [steam:11000010ee88c01; license:ee681c08d9d45c48bf5af06870d7d23d75db16dc; xbl:2535430200613003; live:985158121988759; discord:305372052683096065; fivem:10488223; license2:ee681c08d9d45c48bf5af06870d7d23d75db16dc]
[5:30:59 AM] txAdmin: ((Broadcast) txAdmin): said "This server is scheduled to restart in 30 minutes."
[5:45:59 AM] txAdmin: ((Broadcast) txAdmin): said "This server is scheduled to restart in 15 minutes."
[5:50:59 AM] txAdmin: ((Broadcast) txAdmin): said "This server is scheduled to restart in 10 minutes."
[5:55:58 AM] txAdmin: ((Broadcast) txAdmin): said "This server is scheduled to restart in 5 minutes."
[5:56:59 AM] txAdmin: ((Broadcast) txAdmin): said "This server is scheduled to restart in 4 minutes."
[5:57:59 AM] txAdmin: ((Broadcast) txAdmin): said "This server is scheduled to restart in 3 minutes."
[5:58:59 AM] txAdmin: ((Broadcast) txAdmin): said "This server is scheduled to restart in 2 minutes."
[5:59:18 AM] [rLEtk#3] missberrymedley: disconnected (Exiting)
[5:59:59 AM] txAdmin: ((Broadcast) txAdmin): said "This server is scheduled to restart in 1 minute. Please disconnect now."
[6:00:58 AM] [rLEtk#4] φοῖνιξ: disconnected ([txAdmin] Server restarting (scheduled restart at 06:00).)
[6:01:29 AM] txAdmin: Logger started
[6:02:13 AM] [q4VQf#1] missberrymedley: joined with identifiers [steam:11000010cab8d07; license:7a3a5bfb5af789cb5f02843e29cc4ee338b0a294; xbl:2535413783067581; live:1688853905214434; discord:461174423903535107; fivem:1697557; license2:ec1926a90f33d1955abd2276f36a7c3ed4c51a23]
[6:06:18 AM] [q4VQf#2] φοῖνιξ: joined with identifiers [steam:11000010ee88c01; license:ee681c08d9d45c48bf5af06870d7d23d75db16dc; xbl:2535430200613003; live:985158121988759; discord:305372052683096065; fivem:10488223; license2:ee681c08d9d45c48bf5af06870d7d23d75db16dc]
[6:08:14 AM] [q4VQf#3] Matthew Lowe: joined with identifiers [license:ec6c328d6d02f816bf13e4a9d09768c02d6e3125; xbl:2535415531070562; live:1055522508602522; discord:213410953641852928; fivem:2586828]
[6:11:01 AM] [q4VQf#3] Matthew Lowe: disconnected (Exiting)
[6:11:39 AM] [q4VQf#2] φοῖνιξ: disconnected (Exiting)
[6:12:12 AM] [q4VQf#4] φοῖνιξ: joined with identifiers [steam:11000010ee88c01; license:ee681c08d9d45c48bf5af06870d7d23d75db16dc; xbl:2535430200613003; live:985158121988759; discord:305372052683096065; fivem:10488223; license2:ee681c08d9d45c48bf5af06870d7d23d75db16dc]
[6:15:48 AM] [q4VQf#5] marcusblackwell7: joined with identifiers [steam:110000154d96125; license:b90a0574761cd349c5a4e1d6372c3ba96f26a074; discord:667904617446768652; fivem:7859917; license2:b90a0574761cd349c5a4e1d6372c3ba96f26a074]
[6:15:50 AM] [q4VQf#4] φοῖνιξ: disconnected (Exiting)
[6:16:54 AM] [q4VQf#6] φοῖνιξ: joined with identifiers [steam:11000010ee88c01; license:ee681c08d9d45c48bf5af06870d7d23d75db16dc; xbl:2535430200613003; live:985158121988759; discord:305372052683096065; fivem:10488223; license2:ee681c08d9d45c48bf5af06870d7d23d75db16dc]
[6:21:11 AM] [q4VQf#5] marcusblackwell7: disconnected (Exiting)
[6:21:35 AM] [q4VQf#7] marcusblackwell7: joined with identifiers [steam:110000154d96125; license:b90a0574761cd349c5a4e1d6372c3ba96f26a074; discord:667904617446768652; fivem:7859917; license2:b90a0574761cd349c5a4e1d6372c3ba96f26a074]
[6:22:26 AM] [q4VQf#8] Esky: joined with identifiers [steam:110000131c93706; license:8dfbcb6dabf76f1c81aa91d421dc6c2ab1407ba6; xbl:2535436019694875; live:914798270695886; discord:350771731708772354; fivem:11993654; license2:8dfbcb6dabf76f1c81aa91d421dc6c2ab1407ba6]
[6:29:08 AM] [q4VQf#8] Esky: said "/-gearUp"
[6:29:34 AM] [q4VQf#8] Esky: said "/-gearUp"
[6:29:36 AM] [q4VQf#8] Esky: said "/-gearUp"
[6:29:38 AM] [q4VQf#8] Esky: said "/-gearUp"
[6:29:41 AM] [q4VQf#8] Esky: said "/-gearDown"
[6:29:41 AM] [q4VQf#8] Esky: said "/-gearDown"
[6:29:43 AM] [q4VQf#8] Esky: said "/-gearDown"
[6:29:44 AM] [q4VQf#8] Esky: said "/-gearUp"
[6:29:45 AM] [q4VQf#8] Esky: said "/-gearUp"
[6:29:47 AM] [q4VQf#8] Esky: said "/-gearDown"
[6:29:48 AM] [q4VQf#8] Esky: said "/-gearUp"
[6:29:53 AM] [q4VQf#8] Esky: said "/-gearDown"
[6:29:54 AM] [q4VQf#8] Esky: said "/-gearUp"
[6:29:55 AM] [q4VQf#8] Esky: said "/-gearUp"
[6:29:57 AM] [q4VQf#8] Esky: said "/-gearDown"
[6:29:57 AM] [q4VQf#8] Esky: said "/-gearDown"
[6:29:58 AM] [q4VQf#8] Esky: said "/-gearDown"
[6:29:59 AM] [q4VQf#8] Esky: said "/-gearUp"
[6:30:01 AM] [q4VQf#8] Esky: said "/-gearUp"
[6:30:03 AM] [q4VQf#8] Esky: said "/-gearDown"
[6:30:03 AM] [q4VQf#8] Esky: said "/-gearDown"
[6:30:07 AM] [q4VQf#8] Esky: said "/-gearUp"
[6:30:07 AM] [q4VQf#8] Esky: said "/-gearUp"
[6:30:08 AM] [q4VQf#8] Esky: said "/-gearDown"
[6:30:09 AM] [q4VQf#8] Esky: said "/-gearDown"
[6:30:15 AM] [q4VQf#8] Esky: said "/-gearUp"
[6:30:16 AM] [q4VQf#8] Esky: said "/-gearDown"
[6:30:17 AM] [q4VQf#8] Esky: said "/-gearUp"
[6:30:57 AM] [q4VQf#8] Esky: said "/-gearUp"
[6:31:25 AM] [q4VQf#8] Esky: said "/-gearDown"
[6:31:28 AM] [q4VQf#8] Esky: said "/-gearUp"
[6:31:29 AM] [q4VQf#8] Esky: said "/-gearUp"
[6:31:36 AM] [q4VQf#8] Esky: said "/-gearUp"
[6:31:41 AM] [q4VQf#8] Esky: said "/-gearUp"
[6:31:44 AM] [q4VQf#8] Esky: said "/-gearDown"
[6:31:45 AM] [q4VQf#8] Esky: said "/-gearUp"
[6:31:48 AM] [q4VQf#8] Esky: said "/-gearUp"
[6:31:51 AM] [q4VQf#8] Esky: said "/-gearDown"
[6:31:52 AM] [q4VQf#8] Esky: said "/-gearUp"
[6:31:53 AM] [q4VQf#8] Esky: said "/-gearDown"
[6:31:55 AM] [q4VQf#8] Esky: said "/-gearDown"
[6:31:57 AM] [q4VQf#8] Esky: said "/-gearUp"
[6:31:59 AM] [q4VQf#8] Esky: said "/-gearDown"
[6:32:00 AM] [q4VQf#8] Esky: said "/-gearUp"
[6:32:01 AM] [q4VQf#8] Esky: said "/-gearUp"
[6:32:10 AM] [q4VQf#8] Esky: said "/-gearUp"
[6:32:19 AM] [q4VQf#8] Esky: said "/-gearDown"
[6:32:20 AM] [q4VQf#8] Esky: said "/-gearDown"
[6:32:21 AM] [q4VQf#8] Esky: said "/-gearDown"
[6:32:21 AM] [q4VQf#8] Esky: said "/-gearDown"
[6:32:30 AM] [q4VQf#8] Esky: said "/-gearUp"
[6:32:31 AM] [q4VQf#8] Esky: said "/-gearUp"
[6:32:34 AM] [q4VQf#8] Esky: said "/-gearDown"
[6:32:37 AM] [q4VQf#8] Esky: said "/-gearDown"
[6:33:00 AM] [q4VQf#8] Esky: said "/-gearDown"
[6:33:00 AM] [q4VQf#8] Esky: said "/-gearDown"
[6:33:05 AM] [q4VQf#8] Esky: said "/-gearDown"
[6:33:09 AM] [q4VQf#8] Esky: said "/-gearUp"
[6:33:10 AM] [q4VQf#8] Esky: said "/-gearUp"
[6:33:31 AM] [q4VQf#8] Esky: said "/-gearDown"
[6:33:31 AM] [q4VQf#8] Esky: said "/-gearDown"
[6:33:32 AM] [q4VQf#8] Esky: said "/-gearUp"
[6:33:33 AM] [q4VQf#8] Esky: said "/-gearUp"
[6:33:33 AM] [q4VQf#8] Esky: said "/-gearUp"
[6:33:37 AM] [q4VQf#8] Esky: said "/-gearDown"
[6:33:39 AM] [q4VQf#8] Esky: said "/-gearDown"
[6:33:39 AM] [q4VQf#8] Esky: said "/-gearDown"
[6:33:42 AM] [q4VQf#8] Esky: said "/-gearUp"
[6:33:42 AM] [q4VQf#8] Esky: said "/-gearUp"
[6:33:50 AM] [q4VQf#8] Esky: said "/-gearDown"
[6:33:50 AM] [q4VQf#8] Esky: said "/-gearDown"
[6:33:52 AM] [q4VQf#8] Esky: said "/-gearUp"
[6:33:52 AM] [q4VQf#8] Esky: said "/-gearUp"
[6:34:12 AM] [q4VQf#6] φοῖνιξ: disconnected (Exiting)
[6:34:27 AM] [q4VQf#8] Esky: said "/-gearUp"
[6:34:28 AM] [q4VQf#8] Esky: said "/-gearDown"
[6:34:46 AM] [q4VQf#9] φοῖνιξ: joined with identifiers [steam:11000010ee88c01; license:ee681c08d9d45c48bf5af06870d7d23d75db16dc; xbl:2535430200613003; live:985158121988759; discord:305372052683096065; fivem:10488223; license2:ee681c08d9d45c48bf5af06870d7d23d75db16dc]
[6:37:26 AM] [q4VQf#9] φοῖνιξ: disconnected (Exiting)
[6:38:15 AM] [q4VQf#8] Esky: said "/-gearUp"
[6:38:19 AM] [q4VQf#8] Esky: said "/-gearUp"
[6:38:36 AM] [q4VQf#10] φοῖνιξ: joined with identifiers [steam:11000010ee88c01; license:ee681c08d9d45c48bf5af06870d7d23d75db16dc; xbl:2535430200613003; live:985158121988759; discord:305372052683096065; fivem:10488223; license2:ee681c08d9d45c48bf5af06870d7d23d75db16dc]
[6:38:39 AM] [q4VQf#8] Esky: said "/-gearUp"
[6:38:57 AM] [q4VQf#8] Esky: said "/-gearUp"
[6:39:02 AM] [q4VQf#8] Esky: said "/-gearUp"
[6:39:03 AM] [q4VQf#8] Esky: said "/-gearUp"
[6:39:06 AM] [q4VQf#8] Esky: said "/-gearDown"
[6:39:06 AM] [q4VQf#8] Esky: said "/-gearUp"
[6:39:06 AM] [q4VQf#8] Esky: said "/-gearDown"
[6:39:07 AM] [q4VQf#8] Esky: said "/-gearDown"
[6:39:07 AM] [q4VQf#8] Esky: said "/-gearDown"
[6:39:11 AM] [q4VQf#8] Esky: said "/-gearDown"
[6:39:12 AM] [q4VQf#8] Esky: said "/-gearUp"
[6:39:13 AM] [q4VQf#8] Esky: said "/-gearUp"
[6:39:20 AM] [q4VQf#8] Esky: said "/-gearDown"
[6:39:25 AM] [q4VQf#8] Esky: said "/-gearUp"
[6:39:30 AM] [q4VQf#8] Esky: said "/-gearDown"
[6:39:31 AM] [q4VQf#8] Esky: said "/-gearUp"
[6:39:33 AM] [q4VQf#8] Esky: said "/-gearDown"
[6:39:35 AM] [q4VQf#8] Esky: said "/-gearUp"
[6:39:39 AM] [q4VQf#8] Esky: said "/-gearDown"
[6:39:43 AM] [q4VQf#8] Esky: said "/-gearDown"
[6:39:57 AM] [q4VQf#8] Esky: said "/-gearDown"
[6:39:57 AM] [q4VQf#8] Esky: said "/-gearDown"
[6:39:59 AM] [q4VQf#8] Esky: said "/-gearUp"
[6:39:59 AM] [q4VQf#8] Esky: said "/-gearUp"
[6:39:59 AM] [q4VQf#8] Esky: said "/-gearUp"
[6:40:00 AM] [q4VQf#8] Esky: said "/-gearDown"
[6:40:17 AM] [q4VQf#8] Esky: said "/-gearUp"
[6:40:23 AM] [q4VQf#8] Esky: said "/-gearDown"
[6:40:23 AM] [q4VQf#8] Esky: said "/-gearDown"
[6:40:24 AM] [q4VQf#8] Esky: said "/-gearDown"
[6:40:27 AM] [q4VQf#8] Esky: said "/-gearUp"
[6:40:27 AM] [q4VQf#8] Esky: said "/-gearUp"
[6:40:31 AM] [q4VQf#8] Esky: said "/-gearUp"
[6:40:32 AM] [q4VQf#8] Esky: said "/-gearDown"
[6:41:00 AM] [q4VQf#8] Esky: said "/-gearUp"
[6:41:26 AM] [q4VQf#8] Esky: said "/-gearDown"
[6:41:26 AM] [q4VQf#8] Esky: said "/-gearUp"
[6:42:03 AM] [q4VQf#11] Kamakazi Gamdom: joined with identifiers [steam:11000010e87be4d; license:b27179133e8df658895ecd5f756db2a4a4c8cd08; xbl:2533275003431282; live:1829581607460581; discord:242888314108116992; fivem:11442758; license2:e1e3866f24a1a081ffd211b7c1805c667b695651]
[6:42:19 AM] [q4VQf#10] φοῖνιξ: disconnected (Exiting)
[6:43:04 AM] [q4VQf#12] φοῖνιξ: joined with identifiers [steam:11000010ee88c01; license:ee681c08d9d45c48bf5af06870d7d23d75db16dc; xbl:2535430200613003; live:985158121988759; discord:305372052683096065; fivem:10488223; license2:ee681c08d9d45c48bf5af06870d7d23d75db16dc]
[6:45:59 AM] [q4VQf#8] Esky: said "/-gearDown"
[6:46:01 AM] [q4VQf#8] Esky: said "/-gearUp"
[6:46:48 AM] [q4VQf#11] Kamakazi Gamdom: said "/hideHUD"
[6:47:51 AM] [q4VQf#11] Kamakazi Gamdom: said "/hideHUD"
[6:50:54 AM] [q4VQf#8] Esky: said "/-gearDown"
[6:50:55 AM] [q4VQf#8] Esky: said "/-gearDown"
[6:50:56 AM] [q4VQf#8] Esky: said "/-gearDown"
[6:50:57 AM] [q4VQf#8] Esky: said "/-gearDown"
[6:50:57 AM] [q4VQf#8] Esky: said "/-gearDown"
[6:52:49 AM] [q4VQf#8] Esky: said "/-gearDown"
[6:55:27 AM] [q4VQf#8] Esky: said "/-gearDown"
[6:56:38 AM] [q4VQf#8] Esky: said "/-gearDown"
[6:58:50 AM] [q4VQf#7] marcusblackwell7: disconnected (Exiting)
[7:03:54 AM] [q4VQf#8] Esky: said "/-gearUp"
[7:03:55 AM] [q4VQf#8] Esky: said "/-gearUp"
[7:04:53 AM] [q4VQf#8] Esky: said "/-gearUp"
[7:05:11 AM] [q4VQf#8] Esky: said "/-gearUp"
[7:05:13 AM] [q4VQf#8] Esky: said "/-gearUp"
[7:05:15 AM] [q4VQf#8] Esky: said "/-gearUp"
[7:05:19 AM] [q4VQf#8] Esky: said "/-gearUp"
[7:05:37 AM] [q4VQf#8] Esky: said "/-gearDown"
[7:05:39 AM] [q4VQf#8] Esky: said "/-gearDown"
[7:05:40 AM] [q4VQf#8] Esky: said "/-gearUp"
[7:05:50 AM] [q4VQf#8] Esky: said "/-gearUp"
[7:06:03 AM] [q4VQf#8] Esky: said "/-gearUp"
[7:06:04 AM] [q4VQf#8] Esky: said "/-gearUp"
[7:06:23 AM] [q4VQf#13] marcusblackwell7: joined with identifiers [steam:110000154d96125; license:b90a0574761cd349c5a4e1d6372c3ba96f26a074; discord:667904617446768652; fivem:7859917; license2:b90a0574761cd349c5a4e1d6372c3ba96f26a074]
[7:07:39 AM] [q4VQf#8] Esky: said "/-gearDown"
[7:07:40 AM] [q4VQf#8] Esky: said "/-gearDown"
[7:07:42 AM] [q4VQf#8] Esky: said "/-gearDown"
[7:07:45 AM] [q4VQf#8] Esky: said "/-gearDown"
[7:07:46 AM] [q4VQf#8] Esky: said "/-gearUp"
[7:07:48 AM] [q4VQf#8] Esky: said "/-gearDown"
[7:07:50 AM] [q4VQf#8] Esky: said "/-gearUp"
[7:07:50 AM] [q4VQf#8] Esky: said "/-gearUp"
[7:07:53 AM] [q4VQf#8] Esky: said "/-gearUp"
[7:07:58 AM] [q4VQf#8] Esky: said "/-gearDown"
[7:08:00 AM] [q4VQf#8] Esky: said "/-gearDown"
[7:08:03 AM] [q4VQf#8] Esky: said "/-gearUp"
[7:08:06 AM] [q4VQf#8] Esky: said "/-gearUp"
[7:08:10 AM] [q4VQf#8] Esky: said "/-gearUp"
[7:08:11 AM] [q4VQf#8] Esky: said "/-gearDown"
[7:08:14 AM] [q4VQf#8] Esky: said "/-gearDown"
[7:08:16 AM] [q4VQf#8] Esky: said "/-gearUp"
[7:08:20 AM] [q4VQf#8] Esky: said "/-gearUp"
[7:08:30 AM] [q4VQf#8] Esky: said "/-gearDown"
[7:08:31 AM] [q4VQf#8] Esky: said "/-gearDown"
[7:08:39 AM] [q4VQf#8] Esky: said "/-gearDown"
[7:08:39 AM] [q4VQf#8] Esky: said "/-gearDown"
[7:08:39 AM] [q4VQf#8] Esky: said "/-gearDown"
[7:08:41 AM] [q4VQf#8] Esky: said "/-gearDown"
[7:08:42 AM] [q4VQf#8] Esky: said "/-gearUp"
[7:08:42 AM] [q4VQf#8] Esky: said "/-gearUp"
[7:08:56 AM] [q4VQf#13] marcusblackwell7: disconnected (Exiting)
[7:09:29 AM] [q4VQf#8] Esky: said "/-gearUp"
[7:09:54 AM] [q4VQf#8] Esky: said "/-gearUp"
[7:09:54 AM] [q4VQf#8] Esky: said "/-gearDown"
[7:09:55 AM] [q4VQf#8] Esky: said "/-gearDown"
[7:09:55 AM] [q4VQf#8] Esky: said "/-gearDown"
[7:09:57 AM] [q4VQf#8] Esky: said "/-gearDown"
[7:09:59 AM] [q4VQf#8] Esky: said "/-gearUp"
[7:09:59 AM] [q4VQf#8] Esky: said "/-gearUp"
[7:10:28 AM] [q4VQf#8] Esky: said "/-gearUp"
[7:10:48 AM] [q4VQf#8] Esky: said "/-gearUp"
[7:10:58 AM] [q4VQf#8] Esky: said "/-gearUp"
[7:11:01 AM] [q4VQf#8] Esky: said "/-gearUp"
[7:11:05 AM] [q4VQf#8] Esky: said "/-gearUp"
[7:11:06 AM] [q4VQf#8] Esky: said "/-gearUp"
[7:11:41 AM] [q4VQf#8] Esky: said "/-gearDown"
[7:11:42 AM] [q4VQf#8] Esky: said "/-gearUp"
[7:11:43 AM] [q4VQf#8] Esky: said "/-gearUp"
[7:13:02 AM] [q4VQf#8] Esky: said "/-gearDown"
[7:13:08 AM] [q4VQf#8] Esky: said "/-gearUp"
[7:13:13 AM] [q4VQf#8] Esky: said "/-gearUp"
[7:13:21 AM] [q4VQf#11] Kamakazi Gamdom: said "/hideHUD"
[7:13:31 AM] [q4VQf#8] Esky: said "/-gearUp"
[7:15:34 AM] [q4VQf#8] Esky: said "/-gearDown"
[7:16:51 AM] [q4VQf#8] Esky: said "/-gearUp"
[7:16:51 AM] [q4VQf#8] Esky: said "/-gearUp"
[7:16:52 AM] [q4VQf#8] Esky: said "/-gearDown"
[7:16:54 AM] [q4VQf#8] Esky: said "/-gearUp"
[7:18:31 AM] [q4VQf#8] Esky: said "/-gearDown"
[7:18:31 AM] [q4VQf#8] Esky: said "/-gearUp"
[7:18:52 AM] [q4VQf#8] Esky: said "/-gearDown"
[7:19:00 AM] [q4VQf#8] Esky: said "/-gearUp"
[7:20:13 AM] [q4VQf#8] Esky: said "/-gearUp"
[7:20:19 AM] [q4VQf#8] Esky: said "/-gearUp"
[7:20:26 AM] [q4VQf#8] Esky: said "/-gearUp"
[7:22:52 AM] [q4VQf#8] Esky: said "/-gearUp"
[7:22:53 AM] [q4VQf#8] Esky: said "SH"
[7:22:55 AM] [q4VQf#8] Esky: said "/MONEY"
[7:27:10 AM] [q4VQf#14] MJL: joined with identifiers [steam:1100001324fa523; license:ec6c328d6d02f816bf13e4a9d09768c02d6e3125; xbl:2535415531070562; live:1055522508602522; discord:213410953641852928; fivem:2586828]
[7:28:04 AM] [q4VQf#11] Kamakazi Gamdom: said "/hideHUD"
[7:28:19 AM] [q4VQf#11] Kamakazi Gamdom: said "/hideHUD"
[7:28:19 AM] [q4VQf#11] Kamakazi Gamdom: said "/hideHUD"
[7:29:15 AM] [q4VQf#11] Kamakazi Gamdom: disconnected (Exiting)
[7:39:08 AM] [q4VQf#15] BotOnMnK: joined with identifiers [steam:11000014df460ff; license:06a61b4c40fc28c0a6e0a709ba99ffb637152b33; xbl:2535406023679221; live:1055518462074046; discord:1043623556015194112; fivem:9907274; license2:06a61b4c40fc28c0a6e0a709ba99ffb637152b33]
[7:41:11 AM] [q4VQf#16] JOSH: joined with identifiers [steam:1100001438fe567; license:b6284c20b4ad2c41c48d4a31859b65ae2a417ec8; discord:405075418769522708; fivem:12124231; license2:b6284c20b4ad2c41c48d4a31859b65ae2a417ec8]
[7:44:22 AM] [q4VQf#16] JOSH: disconnected (Exiting)
[7:45:19 AM] [q4VQf#17] JOSH: joined with identifiers [steam:1100001438fe567; license:b6284c20b4ad2c41c48d4a31859b65ae2a417ec8; discord:405075418769522708; fivem:12124231; license2:b6284c20b4ad2c41c48d4a31859b65ae2a417ec8]
[7:51:05 AM] [q4VQf#8] Esky: said "/-gearUp"
[7:51:33 AM] [q4VQf#8] Esky: said "/-gearUp"
[7:51:55 AM] [q4VQf#8] Esky: said "/-gearUp"
[7:52:18 AM] [q4VQf#1] missberrymedley: said "/crossarms5"
[7:52:18 AM] [q4VQf#1] missberrymedley: said "/crossarms5"
[7:52:18 AM] [q4VQf#1] missberrymedley: said "/ecrossarms5"
[7:52:54 AM] [q4VQf#8] Esky: said "/-gearUp"
[7:52:54 AM] [q4VQf#8] Esky: said "/-gearUp"
[7:52:54 AM] [q4VQf#8] Esky: said "/-gearUp"
[7:53:02 AM] [q4VQf#8] Esky: said "/-gearUp"
[7:53:04 AM] [q4VQf#8] Esky: said "/-gearUp"
[7:54:03 AM] [q4VQf#12] φοῖνιξ: disconnected (Exiting)
[7:55:26 AM] [q4VQf#8] Esky: said "/-gearDown"
[7:56:16 AM] [q4VQf#8] Esky: said "/-gearUp"
[7:56:17 AM] [q4VQf#8] Esky: said "/-gearDown"
[7:56:18 AM] [q4VQf#8] Esky: said "/-gearUp"
[7:56:21 AM] [q4VQf#8] Esky: said "/-gearUp"
[7:56:23 AM] [q4VQf#8] Esky: said "/-gearUp"
[7:56:33 AM] [q4VQf#18] Anne Flank: joined with identifiers [steam:1100001097e125b; license:a938a74170975c01e88f463aea01684a16f28545; xbl:2535409246266710; live:1899947325711585; discord:293157047682465793; license2:9eb41e0279fe15e33ff86440bafc2105d3b78f01]
[7:57:45 AM] [q4VQf#8] Esky: said "/-gearDown"
[7:57:45 AM] [q4VQf#8] Esky: said "/-gearDown"
[7:59:42 AM] [q4VQf#1] missberrymedley: said "/hideHUD"
[8:00:31 AM] [q4VQf#8] Esky: said "/-gearDown"
[8:01:37 AM] [q4VQf#8] Esky: said "/-gearDown"
[8:01:38 AM] [q4VQf#8] Esky: said "/-gearUp"
[8:02:24 AM] [q4VQf#8] Esky: said "/-gearUp"
[8:02:35 AM] [q4VQf#8] Esky: said "/-gearUp"
[8:10:40 AM] [q4VQf#8] Esky: said "/-gearUp"
[8:11:12 AM] [q4VQf#8] Esky: said "/-gearUp"
[8:11:21 AM] [q4VQf#8] Esky: said "/-gearUp"
[8:11:24 AM] [q4VQf#8] Esky: said "/-gearUp"
[8:11:25 AM] [q4VQf#8] Esky: said "/-gearDown"
[8:11:26 AM] [q4VQf#8] Esky: said "/-gearDown"
[8:11:37 AM] [q4VQf#8] Esky: said "/-gearDown"
[8:11:43 AM] [q4VQf#8] Esky: said "/-gearUp"
[8:11:52 AM] [q4VQf#8] Esky: said "/-gearUp"
[8:11:52 AM] [q4VQf#8] Esky: said "/-gearUp"
[8:11:53 AM] [q4VQf#8] Esky: said "/-gearDown"
[8:11:56 AM] [q4VQf#8] Esky: said "/-gearUp"
[8:12:16 AM] [q4VQf#8] Esky: said "/-gearUp"
[8:12:24 AM] [q4VQf#8] Esky: said "/-gearUp"
[8:12:36 AM] [q4VQf#8] Esky: said "/-gearUp"
[8:12:36 AM] [q4VQf#8] Esky: said "/-gearDown"
[8:12:38 AM] [q4VQf#8] Esky: said "/-gearUp"
[8:12:42 AM] [q4VQf#8] Esky: said "/-gearDown"
[8:12:52 AM] [q4VQf#8] Esky: said "/-gearUp"
[8:12:56 AM] [q4VQf#8] Esky: said "/-gearUp"
[8:13:00 AM] [q4VQf#8] Esky: said "/-gearUp"
[8:25:00 AM] [q4VQf#17] JOSH: disconnected (Exiting)
[8:26:30 AM] [q4VQf#15] BotOnMnK: disconnected (Exiting)
[8:26:56 AM] [q4VQf#19] JOSH: joined with identifiers [steam:1100001438fe567; license:b6284c20b4ad2c41c48d4a31859b65ae2a417ec8; discord:405075418769522708; fivem:12124231; license2:b6284c20b4ad2c41c48d4a31859b65ae2a417ec8]
[8:28:28 AM] [q4VQf#20] Kamakazi Gamdom: joined with identifiers [steam:11000010e87be4d; license:b27179133e8df658895ecd5f756db2a4a4c8cd08; xbl:2533275003431282; live:1829581607460581; discord:242888314108116992; fivem:11442758; license2:e1e3866f24a1a081ffd211b7c1805c667b695651]
[8:31:40 AM] [q4VQf#19] JOSH: said "/th"
[8:32:25 AM] [q4VQf#18] Anne Flank: disconnected (Game crashed: d3d11.dll!??$TID3D11DeviceContext_SetShaderResources_@$00$03@CContext@@SAXPEAUID3D11DeviceContext5@@IIPEBQEAUID3D11ShaderResourceView@@@Z (0x13e))
[8:33:27 AM] [q4VQf#21] Anne Flank: joined with identifiers [steam:1100001097e125b; license:a938a74170975c01e88f463aea01684a16f28545; xbl:2535409246266710; live:1899947325711585; discord:293157047682465793; license2:9eb41e0279fe15e33ff86440bafc2105d3b78f01]
[8:37:13 AM] [q4VQf#20] Kamakazi Gamdom: said "/hideHUD"
[8:37:52 AM] [q4VQf#8] Esky: said "/-gearUp"
[8:37:55 AM] [q4VQf#8] Esky: said "/-gearUp"
[8:37:59 AM] [q4VQf#8] Esky: said "/-gearUp"
[8:38:04 AM] [q4VQf#8] Esky: said "/-gearUp"
[8:38:29 AM] [q4VQf#8] Esky: said "/-gearUp"
[8:38:45 AM] [q4VQf#8] Esky: said "/-gearUp"
[8:38:48 AM] [q4VQf#8] Esky: said "/-gearUp"
[8:38:49 AM] [q4VQf#8] Esky: said "/-gearUp"
[8:38:53 AM] [q4VQf#8] Esky: said "/-gearUp"
[8:40:11 AM] [q4VQf#8] Esky: said "/-gearUp"
[8:40:20 AM] [q4VQf#8] Esky: said "/-gearUp"
[8:40:34 AM] [q4VQf#8] Esky: said "/-gearUp"
[8:40:45 AM] [q4VQf#8] Esky: said "/-gearUp"
[8:40:49 AM] [q4VQf#8] Esky: said "/-gearUp"
[8:40:51 AM] [q4VQf#8] Esky: said "/-gearUp"
[8:40:52 AM] [q4VQf#8] Esky: said "/-gearUp"
[8:40:53 AM] [q4VQf#8] Esky: said "/-gearUp"
[8:40:54 AM] [q4VQf#8] Esky: said "/-gearUp"
[8:40:59 AM] [q4VQf#8] Esky: said "/-gearUp"
[8:41:01 AM] [q4VQf#8] Esky: said "/-gearUp"
[8:41:09 AM] [q4VQf#8] Esky: said "/-gearUp"
[8:41:13 AM] [q4VQf#8] Esky: said "/-gearUp"
[8:41:47 AM] [q4VQf#8] Esky: said "/-gearDown"
[8:42:58 AM] [q4VQf#8] Esky: said "/-gearUp"
[8:43:04 AM] [q4VQf#8] Esky: said "/-gearUp"
[8:43:05 AM] [q4VQf#8] Esky: said "/-gearDown"
[8:43:07 AM] [q4VQf#8] Esky: said "/-gearUp"
[8:43:11 AM] [q4VQf#8] Esky: said "/-gearUp"
[8:43:12 AM] [q4VQf#8] Esky: said "/-gearUp"
[8:44:05 AM] [q4VQf#8] Esky: said "/-gearUp"
[8:44:09 AM] [q4VQf#8] Esky: said "/-gearUp"
[8:44:40 AM] [q4VQf#8] Esky: said "/-gearDown"
[8:45:18 AM] [q4VQf#8] Esky: said "/-gearDown"
[8:45:19 AM] [q4VQf#8] Esky: said "/-gearDown"
[8:45:20 AM] [q4VQf#8] Esky: said "/-gearDown"
[8:46:17 AM] [q4VQf#8] Esky: said "/-gearDown"
[8:46:20 AM] [q4VQf#8] Esky: said "/-gearDown"
[8:46:21 AM] [q4VQf#8] Esky: said "/-gearDown"
[8:46:21 AM] [q4VQf#8] Esky: said "/-gearDown"
[8:46:46 AM] [q4VQf#8] Esky: said "/-gearDown"
[8:46:47 AM] [q4VQf#8] Esky: said "/-gearDown"
[8:46:47 AM] [q4VQf#8] Esky: said "/-gearDown"
[8:47:40 AM] [q4VQf#8] Esky: said "/-gearDown"
[8:47:41 AM] [q4VQf#19] JOSH: said "/th"
[8:47:42 AM] [q4VQf#8] Esky: said "/-gearUp"
[8:47:56 AM] [q4VQf#8] Esky: said "/-gearUp"
[8:48:12 AM] [q4VQf#8] Esky: said "/-gearDown"
[8:48:50 AM] [q4VQf#8] Esky: said "/-gearDown"
[8:49:16 AM] [q4VQf#8] Esky: said "/-gearDown"
[8:50:30 AM] [q4VQf#8] Esky: said "/-gearDown"
[8:51:57 AM] [q4VQf#8] Esky: said "/-gearDown"
[8:52:00 AM] [q4VQf#8] Esky: said "/-gearDown"
[8:52:17 AM] [q4VQf#8] Esky: said "/-gearUp"
[8:52:27 AM] [q4VQf#22] marcusblackwell7: joined with identifiers [steam:110000154d96125; license:b90a0574761cd349c5a4e1d6372c3ba96f26a074; discord:667904617446768652; fivem:7859917; license2:b90a0574761cd349c5a4e1d6372c3ba96f26a074]
[8:52:42 AM] [q4VQf#8] Esky: said "/-gearDown"
[8:52:51 AM] [q4VQf#8] Esky: said "/-gearDown"
[8:52:53 AM] [q4VQf#8] Esky: said "/-gearDown"
[8:53:37 AM] [q4VQf#8] Esky: said "/-gearDown"
[8:54:06 AM] [q4VQf#8] Esky: said "/-gearUp"
[8:54:47 AM] [q4VQf#8] Esky: said "/-gearUp"
[8:54:47 AM] [q4VQf#8] Esky: said "/-gearDown"
[8:54:49 AM] [q4VQf#8] Esky: said "/-gearUp"
[8:54:56 AM] [q4VQf#8] Esky: said "/-gearUp"
[8:56:12 AM] [q4VQf#8] Esky: said "/-gearUp"
[8:56:15 AM] [q4VQf#8] Esky: said "/-gearUp"
[8:56:18 AM] [q4VQf#8] Esky: said "/-gearUp"
[8:56:26 AM] [q4VQf#22] marcusblackwell7: disconnected (Exiting)
[8:56:30 AM] [q4VQf#8] Esky: said "/-gearUp"
[8:56:39 AM] [q4VQf#8] Esky: said "/-gearUp"
[8:56:42 AM] [q4VQf#8] Esky: said "/-gearDown"
[8:56:46 AM] [q4VQf#8] Esky: said "/-gearUp"
[8:56:55 AM] [q4VQf#8] Esky: said "/-gearUp"
[8:56:58 AM] [q4VQf#8] Esky: said "/-gearUp"
[8:57:00 AM] [q4VQf#8] Esky: said "/-gearUp"
[8:57:03 AM] [q4VQf#8] Esky: said "/-gearUp"
[8:57:15 AM] [q4VQf#8] Esky: said "/-gearUp"
[8:57:18 AM] [q4VQf#8] Esky: said "/-gearUp"
[8:57:21 AM] [q4VQf#8] Esky: said "/-gearUp"
[8:57:44 AM] [q4VQf#8] Esky: said "/-gearDown"
[8:58:04 AM] [q4VQf#8] Esky: said "/-gearUp"
[8:58:10 AM] [q4VQf#8] Esky: said "/-gearUp"
[8:58:16 AM] [q4VQf#8] Esky: said "/-gearUp"
[8:58:20 AM] [q4VQf#8] Esky: said "/-gearUp"
[8:58:34 AM] [q4VQf#8] Esky: said "/-gearUp"
[8:58:38 AM] [q4VQf#8] Esky: said "/-gearUp"
[8:58:48 AM] [q4VQf#8] Esky: said "/-gearUp"
[8:59:03 AM] [q4VQf#8] Esky: said "/-gearUp"
[8:59:15 AM] [q4VQf#8] Esky: said "/-gearUp"
[8:59:20 AM] [q4VQf#8] Esky: said "/-gearUp"
[8:59:25 AM] [q4VQf#8] Esky: said "/-gearUp"
[9:00:25 AM] [q4VQf#8] Esky: said "/-gearDown"
[9:00:30 AM] [q4VQf#8] Esky: said "/-gearUp"
[9:00:31 AM] [q4VQf#8] Esky: said "/-gearUp"
[9:00:33 AM] [q4VQf#8] Esky: said "/-gearUp"
[9:00:36 AM] [q4VQf#8] Esky: said "/-gearUp"
[9:00:38 AM] [q4VQf#8] Esky: said "/-gearUp"
[9:00:40 AM] [q4VQf#8] Esky: said "/-gearUp"
[9:00:45 AM] [q4VQf#8] Esky: said "/-gearUp"
[9:00:47 AM] [q4VQf#8] Esky: said "/-gearUp"
[9:01:28 AM] [q4VQf#8] Esky: said "/-gearDown"
[9:01:49 AM] [q4VQf#8] Esky: said "/-gearDown"
[9:02:09 AM] [q4VQf#8] Esky: said "/-gearUp"
[9:02:13 AM] [q4VQf#8] Esky: said "/-gearUp"
[9:02:16 AM] [q4VQf#8] Esky: said "/-gearUp"
[9:02:21 AM] [q4VQf#8] Esky: said "/-gearUp"
[9:02:22 AM] [q4VQf#8] Esky: said "/-gearUp"
[9:02:23 AM] [q4VQf#8] Esky: said "/-gearUp"
[9:02:26 AM] [q4VQf#8] Esky: said "/-gearUp"
[9:02:28 AM] [q4VQf#8] Esky: said "/-gearUp"
[9:02:35 AM] [q4VQf#8] Esky: said "/-gearUp"
[9:02:42 AM] [q4VQf#8] Esky: said "/-gearUp"
[9:02:50 AM] [q4VQf#8] Esky: said "/-gearUp"
[9:02:55 AM] [q4VQf#8] Esky: said "/-gearUp"
[9:03:01 AM] [q4VQf#8] Esky: said "/-gearUp"
[9:03:05 AM] [q4VQf#8] Esky: said "/-gearUp"
[9:03:10 AM] [q4VQf#8] Esky: said "/-gearUp"
[9:03:17 AM] [q4VQf#8] Esky: said "/-gearDown"
[9:03:22 AM] [q4VQf#8] Esky: said "/-gearUp"
[9:03:27 AM] [q4VQf#8] Esky: said "/-gearUp"
[9:03:32 AM] [q4VQf#8] Esky: said "/-gearUp"
[9:03:34 AM] [q4VQf#8] Esky: said "/-gearUp"
[9:05:06 AM] [q4VQf#8] Esky: said "/-gearDown"
[9:05:43 AM] [q4VQf#8] Esky: said "/-gearDown"
[9:05:43 AM] [q4VQf#8] Esky: said "/-gearDown"
[9:06:00 AM] [q4VQf#8] Esky: said "/-gearUp"
[9:06:54 AM] [q4VQf#8] Esky: said "/-gearUp"
[9:07:11 AM] [q4VQf#8] Esky: said "/-gearUp"
[9:07:41 AM] [q4VQf#8] Esky: said "/-gearUp"
[9:07:42 AM] [q4VQf#8] Esky: said "/-gearDown"
[9:08:04 AM] [q4VQf#8] Esky: said "/-gearDown"
[9:08:17 AM] [q4VQf#8] Esky: said "/-gearUp"
[9:08:21 AM] [q4VQf#8] Esky: said "/-gearDown"
[9:08:39 AM] [q4VQf#8] Esky: said "/-gearUp"
[9:08:46 AM] [q4VQf#8] Esky: said "/-gearUp"
[9:09:06 AM] [q4VQf#8] Esky: said "/-gearUp"
[9:09:07 AM] [q4VQf#8] Esky: said "/-gearDown"
[9:09:09 AM] [q4VQf#8] Esky: said "/-gearDown"
[9:09:10 AM] [q4VQf#8] Esky: said "/-gearUp"
[9:09:12 AM] [q4VQf#8] Esky: said "/-gearUp"
[9:09:15 AM] [q4VQf#8] Esky: said "/-gearUp"
[9:09:49 AM] [q4VQf#8] Esky: said "/-gearUp"
[9:09:50 AM] [q4VQf#8] Esky: said "/-gearUp"
[9:09:56 AM] [q4VQf#8] Esky: said "/-gearUp"
[9:09:59 AM] [q4VQf#8] Esky: said "/-gearUp"
[9:10:02 AM] [q4VQf#8] Esky: said "/-gearUp"
[9:10:14 AM] [q4VQf#8] Esky: said "/-gearUp"
[9:10:18 AM] [q4VQf#8] Esky: said "/-gearUp"
[9:10:20 AM] [q4VQf#8] Esky: said "/-gearUp"
[9:10:20 AM] [q4VQf#23] φοῖνιξ: joined with identifiers [steam:11000010ee88c01; license:ee681c08d9d45c48bf5af06870d7d23d75db16dc; xbl:2535430200613003; live:985158121988759; discord:305372052683096065; fivem:10488223; license2:ee681c08d9d45c48bf5af06870d7d23d75db16dc]
[9:10:21 AM] [q4VQf#8] Esky: said "/-gearUp"
[9:10:23 AM] [q4VQf#8] Esky: said "/-gearUp"
[9:10:27 AM] [q4VQf#8] Esky: said "/-gearUp"
[9:10:29 AM] [q4VQf#8] Esky: said "/-gearUp"
[9:10:36 AM] [q4VQf#8] Esky: said "/-gearUp"
[9:11:03 AM] [q4VQf#8] Esky: said "/-gearUp"
[9:11:11 AM] [q4VQf#8] Esky: said "/-gearUp"
[9:11:14 AM] [q4VQf#8] Esky: said "/-gearUp"
[9:11:17 AM] [q4VQf#24] Kody Pepperfield: joined with identifiers [steam:11000010c770c55; license:3219d00ad3af143df0db5d2bed38fe7460729e68; xbl:2535451109437060; live:1055521765014399; discord:152991330048540672; fivem:12674089; license2:3e576e238fb0360dab034daae9fc7459afbacb59]
[9:11:27 AM] [q4VQf#8] Esky: said "/-gearUp"
[9:11:34 AM] [q4VQf#8] Esky: said "/-gearUp"
[9:11:45 AM] [q4VQf#8] Esky: said "/-gearUp"
[9:11:50 AM] [q4VQf#8] Esky: said "/-gearUp"
[9:11:58 AM] [q4VQf#8] Esky: said "/-gearUp"
[9:12:00 AM] [q4VQf#8] Esky: said "/-gearUp"
[9:12:15 AM] [q4VQf#8] Esky: said "/-gearUp"
[9:12:18 AM] [q4VQf#8] Esky: said "/-gearUp"
[9:12:47 AM] [q4VQf#8] Esky: said "/-gearDown"
[9:13:18 AM] [q4VQf#8] Esky: said "/-gearUp"
[9:13:21 AM] [q4VQf#20] Kamakazi Gamdom: said "/hideHUD"
[9:13:22 AM] [q4VQf#20] Kamakazi Gamdom: disconnected (Exiting)
[9:13:29 AM] [q4VQf#8] Esky: said "/-gearUp"
[9:13:30 AM] [q4VQf#8] Esky: said "/-gearUp"
[9:13:34 AM] [q4VQf#8] Esky: said "/-gearUp"
[9:13:36 AM] [q4VQf#8] Esky: said "/-gearUp"
[9:13:38 AM] [q4VQf#8] Esky: said "/-gearUp"
[9:13:44 AM] [q4VQf#8] Esky: said "/-gearUp"
[9:13:45 AM] [q4VQf#8] Esky: said "/-gearDown"
[9:13:46 AM] [q4VQf#8] Esky: said "/-gearDown"
[9:13:47 AM] [q4VQf#8] Esky: said "/-gearUp"
[9:13:58 AM] [q4VQf#8] Esky: said "/-gearUp"
[9:14:03 AM] [q4VQf#8] Esky: said "/-gearUp"
[9:14:03 AM] [q4VQf#8] Esky: said "/-gearUp"
[9:14:10 AM] [q4VQf#8] Esky: said "/-gearUp"
[9:14:33 AM] [q4VQf#8] Esky: said "/-gearUp"
[9:14:45 AM] [q4VQf#8] Esky: said "/-gearUp"
[9:14:46 AM] [q4VQf#24] Kody Pepperfield: said "/respawn"
[9:15:00 AM] [q4VQf#8] Esky: said "/-gearUp"
[9:15:27 AM] [q4VQf#8] Esky: said "/-gearUp"
[9:15:37 AM] [q4VQf#8] Esky: said "/-gearUp"
[9:16:08 AM] [q4VQf#25] BotOnMnK: joined with identifiers [steam:11000014df460ff; license:06a61b4c40fc28c0a6e0a709ba99ffb637152b33; xbl:2535406023679221; live:1055518462074046; discord:1043623556015194112; fivem:9907274; license2:06a61b4c40fc28c0a6e0a709ba99ffb637152b33]
[9:16:14 AM] [q4VQf#8] Esky: said "/-gearUp"
[9:16:58 AM] [q4VQf#8] Esky: said "/-gearUp"
[9:17:46 AM] [q4VQf#8] Esky: said "/-gearUp"
[9:18:01 AM] [q4VQf#8] Esky: said "/-gearUp"
[9:18:04 AM] [q4VQf#26] PISSFLAPS: joined with identifiers [steam:11000014bb53aeb; license:e0893217ab0d40d6a510bcbfe1c9441b4a208a2b; discord:584024523989581834; fivem:8961289; license2:e0893217ab0d40d6a510bcbfe1c9441b4a208a2b]
[9:18:17 AM] [q4VQf#8] Esky: said "/-gearUp"
[9:18:35 AM] [q4VQf#8] Esky: said "/-gearUp"
[9:18:49 AM] [q4VQf#8] Esky: said "/-gearUp"
[9:19:01 AM] [q4VQf#8] Esky: said "/-gearUp"
[9:19:07 AM] [q4VQf#8] Esky: said "/-gearUp"
[9:19:09 AM] [q4VQf#8] Esky: said "/-gearUp"
[9:19:16 AM] [q4VQf#8] Esky: said "/-gearUp"
[9:19:19 AM] [q4VQf#8] Esky: said "/-gearUp"
[9:19:32 AM] [q4VQf#8] Esky: said "/-gearUp"
[9:19:38 AM] [q4VQf#8] Esky: said "/-gearUp"
[9:20:01 AM] [q4VQf#8] Esky: said "/-gearUp"
[9:20:17 AM] [q4VQf#8] Esky: said "/-gearUp"
[9:20:21 AM] [q4VQf#8] Esky: said "/-gearUp"
[9:20:23 AM] [q4VQf#8] Esky: said "/-gearUp"
[9:20:37 AM] [q4VQf#8] Esky: said "/-gearUp"
[9:20:48 AM] [q4VQf#8] Esky: said "/-gearUp"
[9:20:53 AM] [q4VQf#8] Esky: said "/-gearUp"
[9:21:00 AM] [q4VQf#8] Esky: said "/-gearUp"
[9:21:07 AM] [q4VQf#8] Esky: said "/-gearUp"
[9:21:10 AM] [q4VQf#8] Esky: said "/-gearUp"
[9:21:55 AM] [q4VQf#8] Esky: said "/-gearUp"
[9:22:13 AM] [q4VQf#8] Esky: said "/-gearUp"
[9:22:35 AM] [q4VQf#8] Esky: said "/-gearUp"
[9:26:03 AM] [q4VQf#26] PISSFLAPS: died from suicide (Falling)
[9:26:08 AM] [q4VQf#26] PISSFLAPS: said "/reviv"
[9:26:20 AM] [q4VQf#8] Esky: said "/-gearUp"
[9:26:20 AM] [q4VQf#8] Esky: said "/-gearUp"
[9:26:23 AM] [q4VQf#8] Esky: said "/-gearUp"
[9:27:34 AM] [q4VQf#8] Esky: said "/-gearDown"
[9:27:51 AM] [q4VQf#8] Esky: said "/-gearDown"
[9:28:26 AM] [q4VQf#8] Esky: said "/-gearUp"
[9:28:35 AM] [q4VQf#8] Esky: said "/-gearUp"
[9:28:41 AM] [q4VQf#24] Kody Pepperfield: said "/huj"
[9:30:15 AM] [q4VQf#8] Esky: said "/-gearDown"
[9:31:50 AM] [q4VQf#26] PISSFLAPS: said "/setammo300"
[9:33:24 AM] [q4VQf#27] Kamakazi Gamdom: joined with identifiers [steam:11000010e87be4d; license:b27179133e8df658895ecd5f756db2a4a4c8cd08; xbl:2533275003431282; live:1829581607460581; discord:242888314108116992; fivem:11442758; license2:e1e3866f24a1a081ffd211b7c1805c667b695651]
[9:35:59 AM] [q4VQf#14] MJL: died from suicide
[9:36:19 AM] [q4VQf#8] Esky: said "/-gearDown"
[9:36:27 AM] [q4VQf#8] Esky: said "/-gearUp"
[9:37:01 AM] [q4VQf#24] Kody Pepperfield: said "/vehiclemenuy"
[9:37:50 AM] [q4VQf#19] JOSH: caused an explosion (PLANE)
[9:38:04 AM] [q4VQf#14] MJL: died from suicide (Falling)
[9:38:19 AM] [q4VQf#27] Kamakazi Gamdom: said "/hideHUD"
[9:39:38 AM] [q4VQf#27] Kamakazi Gamdom: said "/hideHUD"
[9:39:39 AM] [q4VQf#27] Kamakazi Gamdom: said "/hideHUD"
[9:39:39 AM] [q4VQf#27] Kamakazi Gamdom: said "/hideHUD"
[9:40:15 AM] [q4VQf#19] JOSH: died from suicide (Falling)
[9:40:26 AM] [q4VQf#27] Kamakazi Gamdom: said "/hideHUD"
[9:40:26 AM] [q4VQf#27] Kamakazi Gamdom: said "/hideHUD"
[9:41:08 AM] [q4VQf#8] Esky: said "/-gearUp"
[9:41:08 AM] [q4VQf#8] Esky: said "/-gearUp"
[9:41:10 AM] [q4VQf#8] Esky: said "/-gearUp"
[9:44:41 AM] [q4VQf#8] Esky: said "/-gearUp"
[9:45:18 AM] [q4VQf#8] Esky: said "/-gearUp"
[9:45:18 AM] [q4VQf#8] Esky: said "/-gearUp"
[9:45:19 AM] [q4VQf#8] Esky: said "/-gearUp"
[9:45:22 AM] [q4VQf#1] missberrymedley: disconnected (Exiting)
[9:45:29 AM] [q4VQf#8] Esky: said "/-gearUp"
[9:45:43 AM] [q4VQf#27] Kamakazi Gamdom: said "/hideHUD"
[9:45:45 AM] [q4VQf#27] Kamakazi Gamdom: said "/hideHUD"
[9:45:51 AM] [q4VQf#27] Kamakazi Gamdom: said "/hideHUD"
[9:45:51 AM] [q4VQf#27] Kamakazi Gamdom: said "/hideHUD"
[9:45:51 AM] [q4VQf#27] Kamakazi Gamdom: said "/hideHUD"
[9:45:53 AM] [q4VQf#27] Kamakazi Gamdom: said "/hideHUD"
[9:45:55 AM] [q4VQf#27] Kamakazi Gamdom: said "/hideHUD"
[9:45:56 AM] [q4VQf#27] Kamakazi Gamdom: said "/hideHUD"
[9:45:56 AM] [q4VQf#27] Kamakazi Gamdom: said "/hideHUD"
[9:45:57 AM] [q4VQf#27] Kamakazi Gamdom: said "/hideHUD"
[9:45:58 AM] [q4VQf#27] Kamakazi Gamdom: said "/hideHUD"
[9:45:59 AM] [q4VQf#27] Kamakazi Gamdom: said "/hideHUD"
[9:46:12 AM] [q4VQf#25] BotOnMnK: died from suicide (Falling)
[9:47:23 AM] [q4VQf#8] Esky: said "/-gearDown"
[9:47:26 AM] [q4VQf#8] Esky: said "/-gearUp"
[9:47:30 AM] [q4VQf#27] Kamakazi Gamdom: said "/hideHUD"
[9:47:35 AM] [q4VQf#8] Esky: said "/-gearDown"
[9:47:38 AM] [q4VQf#8] Esky: said "/-gearUp"
[9:49:07 AM] [q4VQf#27] Kamakazi Gamdom: said "/hideHUD"
[9:49:09 AM] [q4VQf#27] Kamakazi Gamdom: said "/hideHUD"
[9:49:10 AM] [q4VQf#27] Kamakazi Gamdom: said "/hideHUD"
[9:49:14 AM] [q4VQf#27] Kamakazi Gamdom: said "/hideHUD"
[9:49:14 AM] [q4VQf#27] Kamakazi Gamdom: said "/hideHUD"
[9:49:16 AM] [q4VQf#27] Kamakazi Gamdom: said "/hideHUD"
[9:49:17 AM] [q4VQf#27] Kamakazi Gamdom: said "/hideHUD"
[9:50:00 AM] [q4VQf#27] Kamakazi Gamdom: said "/hideHUD"
[9:50:02 AM] [q4VQf#27] Kamakazi Gamdom: said "/hideHUD"
[9:50:03 AM] [q4VQf#27] Kamakazi Gamdom: said "/hideHUD"
[9:58:45 AM] [q4VQf#8] Esky: said "/-gearDown"
[9:58:48 AM] [q4VQf#8] Esky: said "/-gearDown"
[9:59:34 AM] [q4VQf#8] Esky: said "/-gearUp"
[9:59:41 AM] [q4VQf#8] Esky: said "/-gearUp"
[9:59:57 AM] [q4VQf#8] Esky: said "/-gearDown"
[10:00:00 AM] [q4VQf#8] Esky: said "/-gearDown"
[10:00:02 AM] [q4VQf#8] Esky: said "/-gearUp"
[10:00:52 AM] [q4VQf#25] BotOnMnK: disconnected (Game crashed: GTA5_b2699.exe!_setSamplersForPixelShader (0x89))
[10:01:54 AM] [q4VQf#28] BotOnMnK: joined with identifiers [steam:11000014df460ff; license:06a61b4c40fc28c0a6e0a709ba99ffb637152b33; xbl:2535406023679221; live:1055518462074046; discord:1043623556015194112; fivem:9907274; license2:06a61b4c40fc28c0a6e0a709ba99ffb637152b33]
[10:03:39 AM] [q4VQf#8] Esky: said "/-gearDown"
[10:03:58 AM] [q4VQf#8] Esky: said "/-gearDown"
[10:04:03 AM] [q4VQf#8] Esky: said "/-gearUp"
[10:04:30 AM] [q4VQf#8] Esky: said "/-gearUp"
[10:04:40 AM] [q4VQf#8] Esky: said "/-gearUp"
[10:04:45 AM] [q4VQf#8] Esky: said "/-gearUp"
[10:04:55 AM] [q4VQf#8] Esky: said "/-gearUp"
[10:06:20 AM] [q4VQf#24] Kody Pepperfield: died from suicide (Falling)
[10:07:29 AM] [q4VQf#8] Esky: said "/-gearUp"
[10:07:33 AM] [q4VQf#8] Esky: said "/-gearUp"
[10:08:16 AM] [q4VQf#8] Esky: said "/-gearUp"
[10:08:34 AM] [q4VQf#8] Esky: said "/-gearUp"
[10:08:35 AM] [q4VQf#8] Esky: said "/-gearUp"
[10:08:44 AM] [q4VQf#8] Esky: said "/-gearUp"
[10:09:03 AM] [q4VQf#8] Esky: said "/-gearUp"
[10:09:14 AM] [q4VQf#8] Esky: said "/-gearUp"
[10:09:27 AM] [q4VQf#8] Esky: said "/-gearUp"
[10:09:59 AM] [q4VQf#8] Esky: said "/-gearUp"
[10:10:00 AM] [q4VQf#8] Esky: said "/-gearUp"
[10:10:23 AM] [q4VQf#8] Esky: said "/-gearUp"
[10:10:24 AM] [q4VQf#8] Esky: said "/-gearUp"
[10:10:31 AM] [q4VQf#8] Esky: said "/-gearUp"
[10:14:02 AM] [q4VQf#8] Esky: said "/-gearUp"
[10:14:10 AM] [q4VQf#8] Esky: said "/-gearUp"
[10:14:54 AM] [q4VQf#8] Esky: said "/-gearUp"
[10:15:40 AM] [q4VQf#8] Esky: said "/-gearDown"
[10:15:41 AM] [q4VQf#8] Esky: said "/-gearDown"
[10:15:43 AM] [q4VQf#8] Esky: said "/-gearDown"
[10:15:43 AM] [q4VQf#8] Esky: said "/-gearDown"
[10:15:44 AM] [q4VQf#8] Esky: said "/-gearUp"
[10:15:47 AM] [q4VQf#8] Esky: said "/-gearDown"
[10:15:49 AM] [q4VQf#8] Esky: said "/-gearDown"
[10:15:49 AM] [q4VQf#8] Esky: said "/-gearDown"
[10:15:57 AM] [q4VQf#8] Esky: said "/-gearDown"
[10:17:04 AM] [q4VQf#8] Esky: said "/-gearDown"
[10:17:06 AM] [q4VQf#8] Esky: said "/-gearUp"
[10:17:42 AM] [q4VQf#27] Kamakazi Gamdom: said "/hideHUD"
[10:17:55 AM] [q4VQf#27] Kamakazi Gamdom: said "/admib"
[10:19:07 AM] [q4VQf#27] Kamakazi Gamdom: said "/hideHUD"
[10:19:08 AM] [q4VQf#27] Kamakazi Gamdom: said "/hideHUD"
[10:19:08 AM] [q4VQf#27] Kamakazi Gamdom: said "/hideHUD"
[10:19:10 AM] [q4VQf#27] Kamakazi Gamdom: said "/hideHUD"
[10:19:10 AM] [q4VQf#27] Kamakazi Gamdom: said "/hideHUD"
[10:19:11 AM] [q4VQf#27] Kamakazi Gamdom: said "/hideHUD"
[10:19:12 AM] [q4VQf#27] Kamakazi Gamdom: said "/hideHUD"
[10:19:34 AM] [q4VQf#27] Kamakazi Gamdom: said "/hideHUD"
[10:19:34 AM] [q4VQf#27] Kamakazi Gamdom: said "/hideHUD"
[10:19:38 AM] [q4VQf#27] Kamakazi Gamdom: said "/hideHUD"
[10:19:53 AM] [q4VQf#27] Kamakazi Gamdom: said "/hideHUD"
[10:19:53 AM] [q4VQf#27] Kamakazi Gamdom: said "/hideHUD"
[10:19:54 AM] [q4VQf#27] Kamakazi Gamdom: said "/hideHUD"
[10:20:22 AM] [q4VQf#8] Esky: said "/-gearUp"
[10:20:31 AM] [q4VQf#27] Kamakazi Gamdom: said "/hideHUD"
[10:20:36 AM] [q4VQf#27] Kamakazi Gamdom: said "/arevive"
[10:20:56 AM] [q4VQf#27] Kamakazi Gamdom: said "/hideHUD"
[10:20:56 AM] [q4VQf#27] Kamakazi Gamdom: said "/hideHUD"
[10:20:57 AM] [q4VQf#27] Kamakazi Gamdom: said "/hideHUD"
[10:20:58 AM] [q4VQf#27] Kamakazi Gamdom: said "/hideHUD"
[10:20:58 AM] [q4VQf#27] Kamakazi Gamdom: said "/hideHUD"
[10:21:02 AM] [q4VQf#8] Esky: said "/-gearUp"
[10:21:15 AM] [q4VQf#27] Kamakazi Gamdom: said "/hideHUD"
[10:21:15 AM] [q4VQf#27] Kamakazi Gamdom: said "/hideHUD"
[10:21:19 AM] [q4VQf#24] Kody Pepperfield: said "/vehiclemenuy"
[10:21:23 AM] [q4VQf#27] Kamakazi Gamdom: said "/hideHUD"
[10:21:23 AM] [q4VQf#27] Kamakazi Gamdom: said "/hideHUD"
[10:24:20 AM] [q4VQf#27] Kamakazi Gamdom: said "/quiit"
[10:24:20 AM] [q4VQf#27] Kamakazi Gamdom: disconnected (Exiting)
[10:27:32 AM] [q4VQf#8] Esky: said "/-gearUp"
[10:27:37 AM] [q4VQf#28] BotOnMnK: said "/hideHUD"
[10:27:39 AM] [q4VQf#8] Esky: said "/-gearUp"
[10:28:00 AM] [q4VQf#8] Esky: said "/-gearUp"
[10:28:34 AM] [q4VQf#28] BotOnMnK: said "/hideHUD"
[10:31:51 AM] [q4VQf#8] Esky: said "/-gearUp"
[10:31:51 AM] [q4VQf#8] Esky: said "/-gearUp"
[10:31:57 AM] [q4VQf#8] Esky: said "/-gearUp"
[10:32:09 AM] [q4VQf#19] JOSH: disconnected (Exiting)
[10:37:11 AM] [q4VQf#8] Esky: said "/-gearUp"
[10:37:19 AM] [q4VQf#8] Esky: said "/-gearUp"
[10:37:22 AM] [q4VQf#8] Esky: said "/-gearUp"
[10:37:49 AM] [q4VQf#8] Esky: said "/-gearUp"
[10:45:08 AM] [q4VQf#8] Esky: said "/-gearUp"
[10:45:38 AM] [q4VQf#29] missberrymedley: joined with identifiers [steam:11000010cab8d07; license:7a3a5bfb5af789cb5f02843e29cc4ee338b0a294; xbl:2535413783067581; live:1688853905214434; discord:461174423903535107; fivem:1697557; license2:ec1926a90f33d1955abd2276f36a7c3ed4c51a23]
[10:46:52 AM] [q4VQf#8] Esky: said "/-gearDown"
[10:46:52 AM] [q4VQf#8] Esky: said "/-gearDown"
[10:48:39 AM] [q4VQf#8] Esky: said "/-gearDown"
[10:48:41 AM] [q4VQf#8] Esky: said "/-gearDown"
[10:48:51 AM] [q4VQf#8] Esky: said "/-gearDown"
[10:48:51 AM] [q4VQf#8] Esky: said "/-gearUp"
[10:50:19 AM] [q4VQf#8] Esky: said "/-gearUp"
[10:50:26 AM] [q4VQf#8] Esky: said "/-gearUp"
[10:54:51 AM] [q4VQf#21] Anne Flank: died from suicide (Drowned)
[10:56:23 AM] [q4VQf#8] Esky: said "/-gearUp"
[10:56:25 AM] [q4VQf#30] Kamakazi Gamdom: joined with identifiers [steam:11000010e87be4d; license:b27179133e8df658895ecd5f756db2a4a4c8cd08; xbl:2533275003431282; live:1829581607460581; discord:242888314108116992; fivem:11442758; license2:e1e3866f24a1a081ffd211b7c1805c667b695651]
[10:56:45 AM] [q4VQf#8] Esky: said "/-gearUp"
[10:56:47 AM] [q4VQf#8] Esky: said "/-gearUp"
[10:56:50 AM] [q4VQf#8] Esky: said "/-gearUp"
[10:56:57 AM] [q4VQf#8] Esky: said "/-gearUp"
[10:56:59 AM] [q4VQf#8] Esky: said "/-gearDown"
[10:56:59 AM] [q4VQf#8] Esky: said "/-gearUp"
[10:57:02 AM] [q4VQf#8] Esky: said "/-gearDown"
[10:57:04 AM] [q4VQf#8] Esky: said "/-gearUp"
[10:57:10 AM] [q4VQf#8] Esky: said "/-gearDown"
[10:57:14 AM] [q4VQf#8] Esky: said "/-gearUp"
[10:57:14 AM] [q4VQf#28] BotOnMnK: died from Ranover by Vehicle by Kody Pepperfield
[10:57:14 AM] [q4VQf#8] Esky: said "/-gearDown"
[10:57:25 AM] [q4VQf#8] Esky: said "/-gearUp"
[10:57:26 AM] [q4VQf#8] Esky: said "/-gearDown"
[10:57:27 AM] [q4VQf#8] Esky: said "/-gearDown"
[10:57:28 AM] [q4VQf#8] Esky: said "/-gearDown"
[10:57:31 AM] [q4VQf#8] Esky: said "/-gearUp"
[10:57:35 AM] [q4VQf#8] Esky: said "/-gearDown"
[10:57:36 AM] [q4VQf#8] Esky: said "/-gearUp"
[10:57:37 AM] [q4VQf#30] Kamakazi Gamdom: said "admin"
[10:57:39 AM] [q4VQf#8] Esky: said "/-gearDown"
[10:57:40 AM] [q4VQf#8] Esky: said "/-gearDown"
[10:57:43 AM] [q4VQf#8] Esky: said "/-gearDown"
[10:57:44 AM] [q4VQf#8] Esky: said "/-gearDown"
[10:57:51 AM] [q4VQf#8] Esky: said "/-gearDown"
[10:58:15 AM] [q4VQf#8] Esky: said "/-gearUp"
[10:58:30 AM] [q4VQf#8] Esky: said "/-gearUp"
[10:58:34 AM] [q4VQf#8] Esky: said "/-gearUp"
[10:58:42 AM] [q4VQf#8] Esky: said "/-gearDown"
[10:58:52 AM] [q4VQf#8] Esky: said "/-gearUp"
[10:58:53 AM] [q4VQf#30] Kamakazi Gamdom: said "/nopclip"
[10:59:03 AM] [q4VQf#8] Esky: said "/-gearDown"
[10:59:04 AM] [q4VQf#8] Esky: said "/-gearUp"
[10:59:08 AM] [q4VQf#8] Esky: said "/-gearDown"
[10:59:11 AM] [q4VQf#8] Esky: said "/-gearUp"
[10:59:16 AM] [q4VQf#8] Esky: said "/-gearUp"
[10:59:18 AM] [q4VQf#8] Esky: said "/-gearUp"
[10:59:19 AM] [q4VQf#8] Esky: said "/-gearUp"
[10:59:20 AM] [q4VQf#8] Esky: said "/-gearUp"
[10:59:23 AM] [q4VQf#8] Esky: said "/-gearUp"
[10:59:28 AM] [q4VQf#8] Esky: said "/-gearDown"
[10:59:29 AM] [q4VQf#8] Esky: said "/-gearUp"
[10:59:32 AM] [q4VQf#8] Esky: said "/-gearUp"
[10:59:33 AM] [q4VQf#8] Esky: said "/-gearDown"
[10:59:34 AM] [q4VQf#8] Esky: said "/-gearDown"
[10:59:34 AM] [q4VQf#8] Esky: said "/-gearUp"
[11:00:08 AM] [q4VQf#8] Esky: said "/-gearUp"
[11:00:14 AM] [q4VQf#8] Esky: said "/-gearUp"
[11:00:29 AM] [q4VQf#8] Esky: said "/-gearUp"
[11:00:32 AM] [q4VQf#8] Esky: said "/-gearUp"
[11:00:32 AM] [q4VQf#28] BotOnMnK: died from unknown by Kody Pepperfield
[11:01:42 AM] [q4VQf#24] Kody Pepperfield: died from Pistol by BotOnMnK
[11:04:15 AM] [q4VQf#24] Kody Pepperfield: disconnected (Game crashed: d3d11.dll!??$TID3D11DeviceContext_SetShaderResources_@$00$03@CContext@@SAXPEAUID3D11DeviceContext5@@IIPEBQEAUID3D11ShaderResourceView@@@Z (0x13e))
[11:04:18 AM] [q4VQf#30] Kamakazi Gamdom: said "/noclip'"
[11:05:33 AM] [q4VQf#31] Kody Pepperfield: joined with identifiers [steam:11000010c770c55; license:3219d00ad3af143df0db5d2bed38fe7460729e68; xbl:2535451109437060; live:1055521765014399; discord:152991330048540672; fivem:12674089; license2:3e576e238fb0360dab034daae9fc7459afbacb59]
[11:05:37 AM] [q4VQf#30] Kamakazi Gamdom: disconnected (Exiting)
[11:07:19 AM] [q4VQf#8] Esky: said "/-gearUp"
[11:07:24 AM] [q4VQf#8] Esky: said "/-gearUp"
[11:07:28 AM] [q4VQf#8] Esky: said "/-gearUp"
[11:07:44 AM] [q4VQf#8] Esky: said "/-gearUp"
[11:07:46 AM] [q4VQf#8] Esky: said "/-gearUp"
[11:07:48 AM] [q4VQf#8] Esky: said "/-gearUp"
[11:08:48 AM] [q4VQf#8] Esky: said "/-gearUp"
[11:11:50 AM] [q4VQf#8] Esky: said "/-gearUp"
[11:12:15 AM] [q4VQf#8] Esky: said "/-gearUp"
[11:15:08 AM] [q4VQf#8] Esky: said "/-gearDown"
[11:15:10 AM] [q4VQf#8] Esky: said "/-gearDown"
[11:15:15 AM] [q4VQf#8] Esky: said "/-gearUp"
[11:15:16 AM] [q4VQf#8] Esky: said "/-gearUp"
[11:15:25 AM] [q4VQf#8] Esky: said "/-gearUp"
[11:16:12 AM] [q4VQf#8] Esky: said "/-gearDown"
[11:18:26 AM] [q4VQf#8] Esky: said "/-gearDown"
[11:18:26 AM] [q4VQf#8] Esky: said "/-gearUp"
[11:19:44 AM] [q4VQf#8] Esky: said "/-gearUp"
[11:23:15 AM] [q4VQf#21] Anne Flank: died from Ranover by Vehicle by BotOnMnK
[11:26:02 AM] [q4VQf#8] Esky: said "/-gearUp"
[11:26:27 AM] [q4VQf#8] Esky: said "/-gearUp"
[11:26:34 AM] [q4VQf#8] Esky: said "/-gearUp"
[11:26:36 AM] [q4VQf#8] Esky: said "/-gearUp"
[11:27:02 AM] [q4VQf#8] Esky: said "/-gearUp"
[11:28:26 AM] [q4VQf#8] Esky: said "/-gearUp"
[11:28:48 AM] [q4VQf#8] Esky: said "/-gearUp"
[11:29:32 AM] [q4VQf#8] Esky: said "/-gearDown"
[11:30:38 AM] [q4VQf#23] φοῖνιξ: died from Knife by Anne Flank
[11:32:11 AM] [q4VQf#8] Esky: said "/-gearUp"
[11:32:12 AM] [q4VQf#8] Esky: said "/-gearUp"
[11:32:14 AM] [q4VQf#8] Esky: said "/-gearDown"
[11:32:15 AM] [q4VQf#8] Esky: said "/-gearUp"
[11:35:47 AM] [q4VQf#8] Esky: said "/-gearDown"
[11:36:46 AM] [q4VQf#32] JOSH: joined with identifiers [steam:1100001438fe567; license:b6284c20b4ad2c41c48d4a31859b65ae2a417ec8; discord:405075418769522708; fivem:12124231; license2:b6284c20b4ad2c41c48d4a31859b65ae2a417ec8]
[11:36:59 AM] [q4VQf#8] Esky: said "/-gearDown"
[11:37:04 AM] [q4VQf#8] Esky: said "/-gearUp"
[11:37:09 AM] [q4VQf#8] Esky: said "/-gearUp"
[11:40:57 AM] [q4VQf#8] Esky: said "/-gearDown"
[11:40:57 AM] [q4VQf#8] Esky: said "/-gearDown"
[11:41:15 AM] [q4VQf#8] Esky: said "/-gearUp"
[11:41:16 AM] [q4VQf#8] Esky: said "/-gearUp"
[11:41:23 AM] [q4VQf#8] Esky: said "/-gearUp"
[11:41:23 AM] [q4VQf#8] Esky: said "/-gearDown"
[11:41:51 AM] [q4VQf#8] Esky: said "/-gearDown"
[11:42:17 AM] [q4VQf#8] Esky: said "/-gearDown"
[11:42:17 AM] [q4VQf#8] Esky: said "/-gearDown"
[11:42:21 AM] [q4VQf#8] Esky: said "/-gearDown"
[11:42:25 AM] [q4VQf#8] Esky: said "/-gearDown"
[11:42:32 AM] [q4VQf#8] Esky: said "/-gearUp"
[11:43:43 AM] [q4VQf#8] Esky: said "/-gearUp"
[11:43:43 AM] [q4VQf#8] Esky: said "/-gearUp"
[11:44:23 AM] [q4VQf#8] Esky: said "/-gearUp"
[11:44:31 AM] [q4VQf#8] Esky: said "/-gearUp"
[11:44:40 AM] [q4VQf#8] Esky: said "/-gearUp"
[11:44:45 AM] [q4VQf#8] Esky: said "/-gearUp"
[11:45:41 AM] [q4VQf#8] Esky: said "/-gearUp"
[11:45:42 AM] [q4VQf#8] Esky: said "/-gearDown"
[11:45:46 AM] [q4VQf#8] Esky: said "/-gearDown"
[11:45:48 AM] [q4VQf#8] Esky: said "/-gearUp"
[11:46:54 AM] [q4VQf#8] Esky: said "/-gearUp"
[11:47:34 AM] [q4VQf#8] Esky: said "/-gearUp"
[11:48:03 AM] [q4VQf#8] Esky: said "/-gearUp"
[11:48:06 AM] [q4VQf#8] Esky: said "/-gearUp"
[11:48:42 AM] [q4VQf#8] Esky: said "/-gearUp"
[11:48:46 AM] [q4VQf#8] Esky: said "/-gearUp"
[11:50:52 AM] [q4VQf#21] Anne Flank: died from suicide (Drowned)
[11:50:53 AM] [q4VQf#8] Esky: said "/-gearUp"
[11:50:58 AM] [q4VQf#8] Esky: said "/-gearUp"
[11:51:03 AM] [q4VQf#8] Esky: said "/-gearUp"
[11:51:34 AM] [q4VQf#8] Esky: said "/-gearUp"
[11:51:36 AM] [q4VQf#8] Esky: said "/-gearUp"
[11:51:39 AM] [q4VQf#8] Esky: said "/-gearUp"
[11:55:42 AM] [q4VQf#28] BotOnMnK: died from unknown by Kody Pepperfield
[11:55:58 AM] [q4VQf#8] Esky: said "/-gearUp"
[11:56:04 AM] [q4VQf#8] Esky: said "/-gearUp"
[11:56:41 AM] [q4VQf#8] Esky: said "/-gearUp"
[11:56:48 AM] [q4VQf#8] Esky: said "/-gearUp"
[11:56:50 AM] [q4VQf#28] BotOnMnK: died from unknown by Kody Pepperfield
[11:57:06 AM] [q4VQf#8] Esky: said "/-gearUp"
[11:57:40 AM] [q4VQf#8] Esky: said "/-gearUp"
[11:57:48 AM] [q4VQf#26] PISSFLAPS: said "noclip"
[11:57:50 AM] [q4VQf#28] BotOnMnK: died from unknown by Kody Pepperfield
[11:58:06 AM] [q4VQf#8] Esky: said "/-gearUp"
[11:58:08 AM] [q4VQf#8] Esky: said "/-gearUp"
[11:58:10 AM] [q4VQf#8] Esky: said "/-gearUp"
[11:58:48 AM] [q4VQf#8] Esky: said "/-gearUp"
[11:58:54 AM] [q4VQf#8] Esky: said "/-gearDown"
[11:58:57 AM] [q4VQf#8] Esky: said "/-gearDown"
[11:59:04 AM] [q4VQf#8] Esky: said "/-gearDown"
[11:59:05 AM] [q4VQf#8] Esky: said "/-gearDown"
[11:59:08 AM] [q4VQf#8] Esky: said "/-gearUp"
[11:59:28 AM] [q4VQf#8] Esky: said "/-gearUp"
[11:59:52 AM] [q4VQf#8] Esky: said "/-gearUp"
[11:59:56 AM] [q4VQf#8] Esky: said "/-gearUp"
[12:00:06 PM] [q4VQf#8] Esky: said "/-gearUp"
[12:00:38 PM] [q4VQf#26] PISSFLAPS: said "/hideHUD"
[12:01:39 PM] [q4VQf#8] Esky: said "/-gearUp"
[12:02:46 PM] [q4VQf#28] BotOnMnK: died from unknown by Kody Pepperfield
[12:03:10 PM] [q4VQf#28] BotOnMnK: died from Pistol by Kody Pepperfield
[12:03:40 PM] [q4VQf#26] PISSFLAPS: said "/hideHUD"
[12:04:17 PM] [q4VQf#8] Esky: said "/-gearUp"
[12:07:51 PM] [q4VQf#31] Kody Pepperfield: died from unknown by BotOnMnK
[12:08:00 PM] [q4VQf#28] BotOnMnK: died from Special Carbine by MJL
[12:08:18 PM] [q4VQf#14] MJL: died from Pistol by BotOnMnK
[12:08:23 PM] [q4VQf#31] Kody Pepperfield: died from suicide
[12:08:25 PM] [q4VQf#26] PISSFLAPS: said "/hideHUD"
[12:08:52 PM] [q4VQf#31] Kody Pepperfield: died from unknown by BotOnMnK
[12:09:01 PM] [q4VQf#8] Esky: said "/-gearUp"
[12:09:02 PM] [q4VQf#28] BotOnMnK: died from Special Carbine by MJL
[12:09:06 PM] [q4VQf#8] Esky: said "/-gearUp"
[12:09:08 PM] [q4VQf#8] Esky: said "/-gearDown"
[12:09:11 PM] [q4VQf#8] Esky: said "/-gearUp"
[12:10:09 PM] [q4VQf#8] Esky: said "/-gearDown"
[12:10:10 PM] [q4VQf#8] Esky: said "/-gearDown"
[12:10:11 PM] [q4VQf#8] Esky: said "/-gearUp"
[12:10:22 PM] [q4VQf#8] Esky: said "/-gearDown"
[12:10:24 PM] [q4VQf#8] Esky: said "/-gearDown"
[12:10:29 PM] [q4VQf#31] Kody Pepperfield: said "//e superhero"
[12:11:26 PM] [q4VQf#8] Esky: said "/-gearUp"
[12:11:27 PM] [q4VQf#8] Esky: said "/-gearDown"
[12:11:36 PM] [q4VQf#8] Esky: said "/-gearUp"
[12:11:57 PM] [q4VQf#28] BotOnMnK: died from Pistol by Kody Pepperfield
[12:12:32 PM] [q4VQf#28] BotOnMnK: died from Pistol by Kody Pepperfield
[12:12:58 PM] [q4VQf#14] MJL: said "/.dv"
[12:13:36 PM] [q4VQf#26] PISSFLAPS: said "dv"
[12:13:39 PM] [q4VQf#26] PISSFLAPS: said "/hideHUD"
[12:14:29 PM] [q4VQf#8] Esky: said "/-gearUp"
[12:14:57 PM] [q4VQf#8] Esky: said "/-gearUp"
[12:15:35 PM] [q4VQf#28] BotOnMnK: died from suicide (Falling)
[12:16:17 PM] [q4VQf#8] Esky: said "/-gearDown"
[12:16:20 PM] [q4VQf#28] BotOnMnK: died from Special Carbine by MJL
[12:16:33 PM] [q4VQf#28] BotOnMnK: said "ems"
[12:16:36 PM] [q4VQf#28] BotOnMnK: died from Special Carbine by MJL
[12:16:45 PM] [q4VQf#28] BotOnMnK: died from Special Carbine by Kody Pepperfield
[12:16:53 PM] [q4VQf#28] BotOnMnK: died from unknown by Kody Pepperfield
[12:17:03 PM] [q4VQf#31] Kody Pepperfield: died from Pistol by BotOnMnK
[12:17:05 PM] [q4VQf#28] BotOnMnK: died from Special Carbine by MJL
[12:17:11 PM] [q4VQf#8] Esky: said "/-gearUp"
[12:17:21 PM] [q4VQf#28] BotOnMnK: died from Pistol by Kody Pepperfield
[12:17:31 PM] [q4VQf#28] BotOnMnK: died from Pistol by Kody Pepperfield
[12:17:59 PM] [q4VQf#14] MJL: died from unknown by BotOnMnK
[12:18:08 PM] [q4VQf#28] BotOnMnK: died from Special Carbine by MJL
[12:18:13 PM] [q4VQf#8] Esky: said "/-gearDown"
[12:18:22 PM] [q4VQf#14] MJL: died from Pistol by BotOnMnK
[12:18:47 PM] [q4VQf#8] Esky: said "/-gearUp"
[12:18:52 PM] [q4VQf#14] MJL: died from unknown by BotOnMnK
[12:19:02 PM] [q4VQf#14] MJL: died from unknown by BotOnMnK
[12:19:09 PM] [q4VQf#28] BotOnMnK: died from Special Carbine by MJL
[12:19:19 PM] [q4VQf#26] PISSFLAPS: died from suicide (Falling)
[12:19:41 PM] [q4VQf#28] BotOnMnK: died from Special Carbine by MJL
[12:19:52 PM] [q4VQf#14] MJL: died from Pistol by BotOnMnK
[12:20:10 PM] [q4VQf#28] BotOnMnK: died from Special Carbine by MJL
[12:20:11 PM] [q4VQf#14] MJL: died from unknown by BotOnMnK
[12:20:18 PM] [q4VQf#8] Esky: said "/-gearUp"
[12:20:26 PM] [q4VQf#28] BotOnMnK: died from Special Carbine by MJL
[12:20:30 PM] [q4VQf#28] BotOnMnK: disconnected (You have been banned.)
[12:20:33 PM] [q4VQf#8] Esky: said "/-gearUp"
[12:20:42 PM] [q4VQf#26] PISSFLAPS: said "/sdv"
[12:20:44 PM] [q4VQf#26] PISSFLAPS: said "/hideHUD"
[12:21:27 PM] [q4VQf#33] BotOnMnK: joined with identifiers [steam:11000014df460ff; license:06a61b4c40fc28c0a6e0a709ba99ffb637152b33; xbl:2535406023679221; live:1055518462074046; discord:1043623556015194112; fivem:9907274; license2:06a61b4c40fc28c0a6e0a709ba99ffb637152b33]
[12:23:14 PM] [q4VQf#8] Esky: said "/-gearUp"
[12:24:33 PM] [q4VQf#32] JOSH: died from Pistol by BotOnMnK
[12:24:37 PM] [q4VQf#8] Esky: said "/-gearUp"
[12:24:55 PM] [q4VQf#32] JOSH: died from Pistol by BotOnMnK
[12:25:06 PM] [q4VQf#8] Esky: said "/-gearUp"
[12:25:41 PM] [q4VQf#32] JOSH: died from Ranover by Vehicle by BotOnMnK
[12:26:08 PM] [q4VQf#8] Esky: said "/-gearUp"
[12:26:14 PM] [q4VQf#32] JOSH: died from Ranover by Vehicle by BotOnMnK
[12:26:20 PM] [q4VQf#8] Esky: said "/-gearUp"
[12:26:45 PM] [q4VQf#8] Esky: said "/-gearUp"
[12:27:12 PM] [q4VQf#32] JOSH: died from Pistol by BotOnMnK
[12:27:49 PM] [q4VQf#8] Esky: said "/-gearUp"
[12:27:59 PM] [q4VQf#14] MJL: died from Machete by JOSH
[12:28:02 PM] [q4VQf#32] JOSH: died from Pistol by BotOnMnK
[12:28:18 PM] [q4VQf#8] Esky: said "/-gearUp"
[12:28:26 PM] [q4VQf#8] Esky: said "/-gearUp"
[12:28:30 PM] [q4VQf#14] MJL: died from Machete by JOSH
[12:28:32 PM] [q4VQf#8] Esky: said "/-gearUp"
[12:28:53 PM] [q4VQf#32] JOSH: died from Pistol by BotOnMnK
[12:28:54 PM] [q4VQf#8] Esky: said "/-gearUp"
[12:29:01 PM] [q4VQf#32] JOSH: died from Ranover by Vehicle by BotOnMnK
[12:29:03 PM] [q4VQf#32] JOSH: died from suicide (Falling)
[12:29:11 PM] [q4VQf#8] Esky: said "/-gearUp"
[12:29:23 PM] [q4VQf#8] Esky: said "/-gearUp"
[12:30:03 PM] [q4VQf#8] Esky: said "/-gearUp"
[12:30:08 PM] [q4VQf#32] JOSH: died from Night Stick by BotOnMnK
[12:30:30 PM] [q4VQf#8] Esky: said "/-gearUp"
[12:30:38 PM] [q4VQf#14] MJL: died from Machete by JOSH
[12:31:10 PM] [q4VQf#33] BotOnMnK: died from Machete by JOSH
[12:31:20 PM] [q4VQf#33] BotOnMnK: died from Machete by JOSH
[12:31:24 PM] [q4VQf#8] Esky: said "/-gearUp"
[12:31:26 PM] [q4VQf#32] JOSH: died from suicide (Falling)
[12:31:49 PM] [q4VQf#8] Esky: said "/-gearUp"
[12:31:49 PM] [q4VQf#33] BotOnMnK: died from Fist by JOSH
[12:32:10 PM] [q4VQf#8] Esky: said "/-gearUp"
[12:32:24 PM] [q4VQf#8] Esky: said "/-gearUp"
[12:32:39 PM] [q4VQf#8] Esky: said "/-gearUp"
[12:32:43 PM] [q4VQf#8] Esky: said "/-gearUp"
[12:32:45 PM] [q4VQf#32] JOSH: died from suicide
[12:32:54 PM] [q4VQf#8] Esky: said "/-gearUp"
[12:33:18 PM] [q4VQf#8] Esky: said "/-gearUp"
[12:33:28 PM] [q4VQf#8] Esky: said "/-gearUp"
[12:34:08 PM] [q4VQf#26] PISSFLAPS: said "/hideHUD"
[12:34:11 PM] [q4VQf#26] PISSFLAPS: said "/hideHUD"
[12:34:15 PM] [q4VQf#26] PISSFLAPS: said "/hideHUD"
[12:34:22 PM] [q4VQf#8] Esky: said "/-gearUp"
[12:34:22 PM] [q4VQf#26] PISSFLAPS: said "/hideHUD"
[12:34:30 PM] [q4VQf#26] PISSFLAPS: said "/hideHUD"
[12:34:30 PM] [q4VQf#26] PISSFLAPS: said "/hideHUD"
[12:34:48 PM] [q4VQf#26] PISSFLAPS: said "/hideHUD"
[12:34:57 PM] [q4VQf#8] Esky: said "/-gearUp"
[12:35:18 PM] [q4VQf#26] PISSFLAPS: said "/hideHUD"
[12:35:32 PM] [q4VQf#26] PISSFLAPS: said "/hideHUD"
[12:35:39 PM] [q4VQf#26] PISSFLAPS: said "/hideHUD"
[12:36:11 PM] [q4VQf#8] Esky: said "/-gearUp"
[12:37:27 PM] [q4VQf#8] Esky: said "/-gearUp"
[12:38:31 PM] [q4VQf#26] PISSFLAPS: said "noclip"
[12:38:47 PM] [q4VQf#8] Esky: said "/-gearUp"
[12:38:49 PM] [q4VQf#8] Esky: said "/-gearUp"
[12:38:50 PM] [q4VQf#8] Esky: said "/-gearUp"
[12:38:52 PM] [q4VQf#8] Esky: said "/-gearUp"
[12:39:32 PM] [q4VQf#8] Esky: said "/-gearUp"
[12:41:33 PM] [q4VQf#8] Esky: said "/-gearUp"
[12:42:47 PM] [q4VQf#14] MJL: said "/hideHUD"
[12:42:49 PM] [q4VQf#8] Esky: said "/-gearUp"
[12:42:51 PM] [q4VQf#8] Esky: said "/-gearUp"
[12:43:11 PM] [q4VQf#8] Esky: said "/-gearUp"
[12:46:43 PM] [q4VQf#26] PISSFLAPS: said "tpm"
[12:50:04 PM] [q4VQf#29] missberrymedley: disconnected (Exiting)
[12:50:06 PM] [q4VQf#8] Esky: died from suicide (Falling)
[12:50:10 PM] [q4VQf#26] PISSFLAPS: said "/hideHUD"
[12:50:18 PM] [q4VQf#26] PISSFLAPS: disconnected (Exiting)
[12:50:53 PM] [q4VQf#34] PISSFLAPS: joined with identifiers [steam:11000014bb53aeb; license:e0893217ab0d40d6a510bcbfe1c9441b4a208a2b; discord:584024523989581834; fivem:8961289; license2:e0893217ab0d40d6a510bcbfe1c9441b4a208a2b]
[12:53:06 PM] [q4VQf#8] Esky: said "/-gearUp"
[12:53:16 PM] [q4VQf#8] Esky: said "/-gearUp"
[12:53:21 PM] [q4VQf#8] Esky: said "/-gearUp"
[12:53:26 PM] [q4VQf#34] PISSFLAPS: said "admn"
[12:54:08 PM] [q4VQf#8] Esky: said "/-gearUp"
[12:54:08 PM] [q4VQf#8] Esky: said "/-gearUp"
[12:54:10 PM] [q4VQf#8] Esky: said "/-gearUp"
[12:54:34 PM] [q4VQf#8] Esky: said "/-gearUp"
[12:54:39 PM] [q4VQf#8] Esky: said "/-gearUp"
[12:54:42 PM] [q4VQf#8] Esky: said "/-gearUp"
[12:55:27 PM] [q4VQf#8] Esky: said "/-gearUp"
[12:56:19 PM] [q4VQf#14] MJL: said "/hideHUD"
[12:56:44 PM] [q4VQf#8] Esky: said "/-gearUp"
[12:58:40 PM] [q4VQf#8] Esky: said "/-gearDown"
[12:58:43 PM] [q4VQf#8] Esky: said "/-gearDown"
[12:58:44 PM] [q4VQf#8] Esky: said "/-gearUp"
[12:59:03 PM] [q4VQf#8] Esky: said "/-gearUp"
[12:59:20 PM] [q4VQf#32] JOSH: disconnected (You were permanently banned by the server for: Exploiting)
[12:59:25 PM] [q4VQf#8] Esky: said "/-gearUp"
[12:59:33 PM] [q4VQf#8] Esky: said "/-gearUp"
[1:01:11 PM] [q4VQf#35] JOSH: joined with identifiers [steam:1100001438fe567; license:b6284c20b4ad2c41c48d4a31859b65ae2a417ec8; discord:405075418769522708; fivem:12124231; license2:b6284c20b4ad2c41c48d4a31859b65ae2a417ec8]
[1:03:52 PM] [q4VQf#35] JOSH: said "/roll"
[1:13:19 PM] [q4VQf#34] PISSFLAPS: said "/fi"
[1:14:11 PM] [q4VQf#21] Anne Flank: disconnected (Exiting)
[1:14:40 PM] [q4VQf#34] PISSFLAPS: died from suicide (Falling)
[1:15:35 PM] [q4VQf#8] Esky: said "/-gearUp"
[1:15:39 PM] [q4VQf#8] Esky: said "/-gearUp"
[1:16:09 PM] [q4VQf#8] Esky: said "/-gearUp"
[1:16:11 PM] [q4VQf#8] Esky: said "/-gearUp"
[1:16:20 PM] [q4VQf#8] Esky: said "/-gearUp"
[1:16:24 PM] [q4VQf#8] Esky: said "/-gearUp"
[1:19:43 PM] [q4VQf#23] φοῖνιξ: died from suicide
[1:30:08 PM] txAdmin: ((Broadcast) txAdmin): said "This server is scheduled to restart in 30 minutes."
[1:34:31 PM] [q4VQf#36] Anne Flank: joined with identifiers [steam:1100001097e125b; license:a938a74170975c01e88f463aea01684a16f28545; xbl:2535409246266710; live:1899947325711585; discord:293157047682465793; license2:9eb41e0279fe15e33ff86440bafc2105d3b78f01]
[1:40:03 PM] [q4VQf#14] MJL: died from suicide
[1:41:57 PM] [q4VQf#35] JOSH: died from suicide (Falling)
[1:45:09 PM] txAdmin: ((Broadcast) txAdmin): said "This server is scheduled to restart in 15 minutes."
[1:49:55 PM] [q4VQf#37] marcusblackwell7: joined with identifiers [steam:110000154d96125; license:b90a0574761cd349c5a4e1d6372c3ba96f26a074; discord:667904617446768652; fivem:7859917; license2:b90a0574761cd349c5a4e1d6372c3ba96f26a074]
[1:50:09 PM] txAdmin: ((Broadcast) txAdmin): said "This server is scheduled to restart in 10 minutes."
[1:50:15 PM] [q4VQf#8] Esky: disconnected (Exiting)
[1:51:45 PM] [q4VQf#35] JOSH: died from Fire by MJL
[1:53:45 PM] [q4VQf#35] JOSH: died from unknown by MJL
[1:54:30 PM] [q4VQf#36] Anne Flank: disconnected (Exiting)
[1:54:51 PM] [q4VQf#35] JOSH: said "//me Hey boo!"
[1:55:09 PM] txAdmin: ((Broadcast) txAdmin): said "This server is scheduled to restart in 5 minutes."
[1:56:08 PM] txAdmin: ((Broadcast) txAdmin): said "This server is scheduled to restart in 4 minutes."
[1:56:42 PM] [q4VQf#35] JOSH: died from Fist by MJL
[1:57:09 PM] txAdmin: ((Broadcast) txAdmin): said "This server is scheduled to restart in 3 minutes."
[1:58:09 PM] txAdmin: ((Broadcast) txAdmin): said "This server is scheduled to restart in 2 minutes."
[1:59:09 PM] txAdmin: ((Broadcast) txAdmin): said "This server is scheduled to restart in 1 minute. Please disconnect now."
[1:59:12 PM] [q4VQf#35] JOSH: disconnected (Exiting)
[1:59:52 PM] [q4VQf#33] BotOnMnK: died from Night Stick by MJL
[2:00:02 PM] [q4VQf#14] MJL: died from Pistol by PISSFLAPS
[2:00:04 PM] [q4VQf#14] MJL: disconnected (Exiting)
[2:00:07 PM] [q4VQf#33] BotOnMnK: died from Pistol by PISSFLAPS
[2:00:08 PM] [q4VQf#23] φοῖνιξ: disconnected ([txAdmin] Server restarting (scheduled restart at 14:00).)
[2:00:08 PM] [q4VQf#31] Kody Pepperfield: disconnected ([txAdmin] Server restarting (scheduled restart at 14:00).)
[2:00:08 PM] [q4VQf#33] BotOnMnK: disconnected ([txAdmin] Server restarting (scheduled restart at 14:00).)
[2:00:08 PM] [q4VQf#34] PISSFLAPS: disconnected ([txAdmin] Server restarting (scheduled restart at 14:00).)
[2:00:08 PM] [q4VQf#37] marcusblackwell7: disconnected ([txAdmin] Server restarting (scheduled restart at 14:00).)
[2:03:18 PM] txAdmin: Logger started
[2:03:48 PM] [ganMM#1] Anne Flank: joined with identifiers [steam:1100001097e125b; license:a938a74170975c01e88f463aea01684a16f28545; xbl:2535409246266710; live:1899947325711585; discord:293157047682465793; license2:9eb41e0279fe15e33ff86440bafc2105d3b78f01]
[2:04:07 PM] [ganMM#2] Kamakazi Gamdom: joined with identifiers [steam:11000010e87be4d; license:b27179133e8df658895ecd5f756db2a4a4c8cd08; xbl:2533275003431282; live:1829581607460581; discord:242888314108116992; fivem:11442758; license2:e1e3866f24a1a081ffd211b7c1805c667b695651]
[2:04:12 PM] [ganMM#3] BotOnMnK: joined with identifiers [steam:11000014df460ff; license:06a61b4c40fc28c0a6e0a709ba99ffb637152b33; xbl:2535406023679221; live:1055518462074046; discord:1043623556015194112; fivem:9907274; license2:06a61b4c40fc28c0a6e0a709ba99ffb637152b33]
[2:04:27 PM] [ganMM#4] φοῖνιξ: joined with identifiers [steam:11000010ee88c01; license:ee681c08d9d45c48bf5af06870d7d23d75db16dc; xbl:2535430200613003; live:985158121988759; discord:305372052683096065; fivem:10488223; license2:ee681c08d9d45c48bf5af06870d7d23d75db16dc]
[2:04:35 PM] [ganMM#5] marcusblackwell7: joined with identifiers [steam:110000154d96125; license:b90a0574761cd349c5a4e1d6372c3ba96f26a074; discord:667904617446768652; fivem:7859917; license2:b90a0574761cd349c5a4e1d6372c3ba96f26a074]
[2:05:19 PM] [ganMM#6] PISSFLAPS: joined with identifiers [steam:11000014bb53aeb; license:e0893217ab0d40d6a510bcbfe1c9441b4a208a2b; discord:584024523989581834; fivem:8961289; license2:e0893217ab0d40d6a510bcbfe1c9441b4a208a2b]
[2:06:09 PM] [ganMM#2] Kamakazi Gamdom: said "/hideHUD"
[2:06:17 PM] [ganMM#2] Kamakazi Gamdom: said "/hideHUD"
[2:06:17 PM] [ganMM#2] Kamakazi Gamdom: said "/hideHUD"
[2:06:29 PM] [ganMM#2] Kamakazi Gamdom: said "/hideHUD"
[2:06:31 PM] [ganMM#2] Kamakazi Gamdom: said "/hideHUD"
[2:06:33 PM] [ganMM#2] Kamakazi Gamdom: said "/hideHUD"
[2:07:23 PM] [ganMM#3] BotOnMnK: disconnected (Exiting)
[2:07:34 PM] [ganMM#5] marcusblackwell7: said "/hideHUD"
[2:07:52 PM] [ganMM#7] Kody Pepperfield: joined with identifiers [steam:11000010c770c55; license:3219d00ad3af143df0db5d2bed38fe7460729e68; xbl:2535451109437060; live:1055521765014399; discord:152991330048540672; fivem:12674089; license2:3e576e238fb0360dab034daae9fc7459afbacb59]
[2:07:54 PM] [ganMM#8] BotOnMnK: joined with identifiers [steam:11000014df460ff; license:06a61b4c40fc28c0a6e0a709ba99ffb637152b33; xbl:2535406023679221; live:1055518462074046; discord:1043623556015194112; fivem:9907274; license2:06a61b4c40fc28c0a6e0a709ba99ffb637152b33]
[2:08:24 PM] [ganMM#2] Kamakazi Gamdom: said "/hideHUD"
[2:08:26 PM] [ganMM#2] Kamakazi Gamdom: said "/hideHUD"
[2:08:26 PM] [ganMM#2] Kamakazi Gamdom: said "/hideHUD"
[2:08:28 PM] [ganMM#2] Kamakazi Gamdom: said "/hideHUD"
[2:10:40 PM] [ganMM#7] Kody Pepperfield: said "/hideHUD"
[2:10:55 PM] [ganMM#9] Esky: joined with identifiers [steam:110000131c93706; license:8dfbcb6dabf76f1c81aa91d421dc6c2ab1407ba6; xbl:2535436019694875; live:914798270695886; discord:350771731708772354; fivem:11993654; license2:8dfbcb6dabf76f1c81aa91d421dc6c2ab1407ba6]
[2:12:17 PM] [ganMM#8] BotOnMnK: disconnected (Exiting)
[2:12:47 PM] [ganMM#10] BotOnMnK: joined with identifiers [steam:11000014df460ff; license:06a61b4c40fc28c0a6e0a709ba99ffb637152b33; xbl:2535406023679221; live:1055518462074046; discord:1043623556015194112; fivem:9907274; license2:06a61b4c40fc28c0a6e0a709ba99ffb637152b33]
[2:13:29 PM] [ganMM#5] marcusblackwell7: said "/hideHUD"
[2:13:34 PM] [ganMM#5] marcusblackwell7: disconnected (Exiting)
[2:14:03 PM] [ganMM#2] Kamakazi Gamdom: said "/admin'"
[2:20:50 PM] [ganMM#2] Kamakazi Gamdom: said "/hideHUD"
[2:27:49 PM] [ganMM#2] Kamakazi Gamdom: said "/hideHUD"
[2:27:50 PM] [ganMM#10] BotOnMnK: said "/hideHUD"
[2:28:50 PM] [ganMM#2] Kamakazi Gamdom: said "/hideHUD"
[2:28:50 PM] [ganMM#10] BotOnMnK: said "/hideHUD"
[2:30:19 PM] [ganMM#4] φοῖνιξ: died from Ranover by Vehicle by Anne Flank
[2:32:21 PM] [ganMM#2] Kamakazi Gamdom: said "/hideHUD"
[2:32:45 PM] [ganMM#2] Kamakazi Gamdom: said "/hideHUD"
[2:33:04 PM] [ganMM#2] Kamakazi Gamdom: said "/hideHUD"
[2:33:33 PM] [ganMM#11] Mr_Green: joined with identifiers [steam:110000117f12b1a; license:8cb9f8548eb4c7764c77849cfa2ff397ec016f08; xbl:2535433922801834; live:985153858977618; discord:322443072233537556; fivem:10498222; license2:6dd94f8afb9d56223c4c530061c5ab1316c72c1c]
[2:40:23 PM] [ganMM#2] Kamakazi Gamdom: said "/hideHUD"
[2:40:23 PM] [ganMM#2] Kamakazi Gamdom: said "/hideHUD"
[2:43:00 PM] [ganMM#7] Kody Pepperfield: died from unknown by PISSFLAPS
[2:43:11 PM] [ganMM#7] Kody Pepperfield: died from Ranover by Vehicle by PISSFLAPS
[2:43:40 PM] [ganMM#10] BotOnMnK: died from suicide
[2:47:00 PM] [ganMM#6] PISSFLAPS: said "/hideHUD"
[2:47:04 PM] [ganMM#7] Kody Pepperfield: said "/hideHUD"
[2:47:10 PM] [ganMM#2] Kamakazi Gamdom: disconnected (Exiting)
[2:54:52 PM] [ganMM#9] Esky: disconnected (Exiting)
[2:55:44 PM] [ganMM#6] PISSFLAPS: said "/hideHUD"
[2:55:44 PM] [ganMM#11] Mr_Green: said "/hideHUD"
[2:59:28 PM] [ganMM#6] PISSFLAPS: said "/hideHUD"
[3:02:46 PM] [ganMM#1] Anne Flank: disconnected (Exiting)
[3:06:05 PM] [ganMM#10] BotOnMnK: died from suicide (Falling)
[3:06:21 PM] [ganMM#6] PISSFLAPS: said "admin"
[3:08:01 PM] [ganMM#10] BotOnMnK: died from suicide (Falling)
[3:13:28 PM] [ganMM#6] PISSFLAPS: said "fix"
[3:13:31 PM] [ganMM#6] PISSFLAPS: said "fix/fix"
[3:14:40 PM] [ganMM#10] BotOnMnK: died from unknown by PISSFLAPS
[3:14:59 PM] [ganMM#10] BotOnMnK: died from unknown by PISSFLAPS
[3:15:08 PM] [ganMM#10] BotOnMnK: died from unknown by PISSFLAPS
[3:16:04 PM] [ganMM#10] BotOnMnK: died from unknown by PISSFLAPS
[3:16:20 PM] [ganMM#4] φοῖνιξ: died from unknown by PISSFLAPS
[3:16:35 PM] [ganMM#4] φοῖνιξ: died from Knife by BotOnMnK
[3:16:39 PM] [ganMM#6] PISSFLAPS: died from Knife by BotOnMnK
[3:16:46 PM] [ganMM#4] φοῖνιξ: died from Knife by BotOnMnK
[3:16:57 PM] [ganMM#10] BotOnMnK: died from Pistol .50 by φοῖνιξ
[3:20:31 PM] [ganMM#6] PISSFLAPS: died from Knife by BotOnMnK
[3:20:35 PM] [ganMM#6] PISSFLAPS: said "/rrevive"
[3:21:01 PM] [ganMM#6] PISSFLAPS: died from Knife by BotOnMnK
[3:21:18 PM] [ganMM#10] BotOnMnK: died from unknown by PISSFLAPS
[3:21:31 PM] [ganMM#10] BotOnMnK: died from unknown by PISSFLAPS
[3:21:36 PM] [ganMM#6] PISSFLAPS: said "revive"
[3:22:23 PM] [ganMM#10] BotOnMnK: died from unknown by PISSFLAPS
[3:22:27 PM] [ganMM#12] Kamakazi Gamdom: joined with identifiers [steam:11000010e87be4d; license:b27179133e8df658895ecd5f756db2a4a4c8cd08; xbl:2533275003431282; live:1829581607460581; discord:242888314108116992; fivem:11442758; license2:e1e3866f24a1a081ffd211b7c1805c667b695651]
[3:22:59 PM] [ganMM#11] Mr_Green: disconnected (Exiting)
[3:36:18 PM] [ganMM#12] Kamakazi Gamdom: said "/hideHUD"
[3:37:17 PM] [ganMM#10] BotOnMnK: died from suicide (Falling)
[3:37:17 PM] [ganMM#6] PISSFLAPS: died from suicide (Falling)
[3:38:18 PM] [ganMM#12] Kamakazi Gamdom: said "/hideHUD"
[3:38:48 PM] [ganMM#13] kei: joined with identifiers [steam:11000015d2ee6eb; license:3913c4b104383854d4710df1ad355c251bc85aea; xbl:2535406310135259; live:844426017862208; discord:727383105408598140; fivem:11241954; license2:3913c4b104383854d4710df1ad355c251bc85aea]
[3:41:41 PM] [ganMM#14] marcusblackwell7: joined with identifiers [steam:110000154d96125; license:b90a0574761cd349c5a4e1d6372c3ba96f26a074; discord:667904617446768652; fivem:7859917; license2:b90a0574761cd349c5a4e1d6372c3ba96f26a074]
[3:41:57 PM] [ganMM#4] φοῖνιξ: disconnected (Exiting)
[3:42:18 PM] [ganMM#12] Kamakazi Gamdom: said "/hideHUD"
[3:42:20 PM] [ganMM#12] Kamakazi Gamdom: said "/hideHUD"
[3:42:22 PM] [ganMM#13] kei: said "/carr"
[3:42:22 PM] [ganMM#13] kei: said "/carry"
[3:42:23 PM] [ganMM#13] kei: said "/carr"
[3:42:23 PM] [ganMM#13] kei: said "/carry"
[3:42:24 PM] [ganMM#13] kei: said "/carr"
[3:42:24 PM] [ganMM#13] kei: said "/carry"
[3:42:24 PM] [ganMM#13] kei: said "/carr"
[3:42:24 PM] [ganMM#13] kei: said "/carry"
[3:42:25 PM] [ganMM#13] kei: said "/carr"
[3:42:25 PM] [ganMM#13] kei: said "/carry"
[3:42:25 PM] [ganMM#13] kei: said "/carr"
[3:42:25 PM] [ganMM#13] kei: said "/carry"
[3:42:25 PM] [ganMM#13] kei: said "/carr"
[3:42:25 PM] [ganMM#13] kei: said "/carry"
[3:42:26 PM] [ganMM#13] kei: said "/carr"
[3:42:26 PM] [ganMM#13] kei: said "/carry"
[3:42:26 PM] [ganMM#13] kei: said "/carr"
[3:42:26 PM] [ganMM#13] kei: said "/carry"
[3:42:26 PM] [ganMM#13] kei: said "/carr"
[3:42:26 PM] [ganMM#13] kei: said "/carry"
[3:42:26 PM] [ganMM#13] kei: said "/carr"
[3:42:26 PM] [ganMM#13] kei: said "/carry"
[3:42:27 PM] [ganMM#13] kei: said "/carr"
[3:42:27 PM] [ganMM#13] kei: said "/carry"
[3:42:27 PM] [ganMM#13] kei: said "/carr"
[3:42:27 PM] [ganMM#13] kei: said "/carry"
[3:42:27 PM] [ganMM#13] kei: said "/carr"
[3:42:27 PM] [ganMM#13] kei: said "/carry"
[3:42:27 PM] [ganMM#13] kei: said "/carr"
[3:42:27 PM] [ganMM#13] kei: said "/carry"
[3:42:27 PM] [ganMM#13] kei: said "/carr"
[3:42:27 PM] [ganMM#13] kei: said "/carry"
[3:42:28 PM] [ganMM#13] kei: said "/carr"
[3:42:28 PM] [ganMM#13] kei: said "/carry"
[3:42:28 PM] [ganMM#13] kei: said "/carr"
[3:42:28 PM] [ganMM#13] kei: said "/carry"
[3:42:28 PM] [ganMM#13] kei: said "/carr"
[3:42:28 PM] [ganMM#13] kei: said "/carry"
[3:42:28 PM] [ganMM#13] kei: said "/carr"
[3:42:28 PM] [ganMM#13] kei: said "/carry"
[3:44:19 PM] [ganMM#12] Kamakazi Gamdom: said "/hideHUD"
[3:44:19 PM] [ganMM#12] Kamakazi Gamdom: said "/hideHUD"
[3:44:58 PM] [ganMM#12] Kamakazi Gamdom: said "/hideHUD"
[3:46:06 PM] [ganMM#13] kei: disconnected (Exiting)
[3:50:14 PM] [ganMM#14] marcusblackwell7: said "/hideHUD"
[3:50:14 PM] [ganMM#12] Kamakazi Gamdom: said "/hideHUD"
[3:50:19 PM] [ganMM#12] Kamakazi Gamdom: said "/hideHUD"
[3:51:23 PM] [ganMM#12] Kamakazi Gamdom: died from suicide (Falling)
[3:51:26 PM] [ganMM#10] BotOnMnK: said "REFRESHSKIN"
[3:53:25 PM] [ganMM#6] PISSFLAPS: said "/hideHUD"
[3:55:52 PM] [ganMM#12] Kamakazi Gamdom: said "/hideHUD"
[3:56:13 PM] [ganMM#12] Kamakazi Gamdom: said "/hideHUD"
[3:56:13 PM] [ganMM#12] Kamakazi Gamdom: said "/hideHUD"
[3:56:14 PM] [ganMM#12] Kamakazi Gamdom: said "/hideHUD"
[3:56:20 PM] [ganMM#12] Kamakazi Gamdom: said "/hideHUD"
[3:56:21 PM] [ganMM#12] Kamakazi Gamdom: said "/hideHUD"
[3:56:55 PM] [ganMM#14] marcusblackwell7: disconnected (Exiting)
[3:59:04 PM] [ganMM#10] BotOnMnK: died from suicide (Falling)
[3:59:32 PM] [ganMM#6] PISSFLAPS: said "fix"
[3:59:33 PM] [ganMM#12] Kamakazi Gamdom: caused an explosion (BIKE)
[4:00:46 PM] [ganMM#12] Kamakazi Gamdom: disconnected (Exiting)
[4:00:46 PM] [ganMM#12] Kamakazi Gamdom: said "/hideHUD"
[4:03:07 PM] [ganMM#6] PISSFLAPS: said "/hideHUD"
[4:11:28 PM] [ganMM#6] PISSFLAPS: died from suicide
[4:22:02 PM] [ganMM#6] PISSFLAPS: said "/hideHUD"
[4:22:02 PM] [ganMM#10] BotOnMnK: said "/hideHUD"
[4:25:59 PM] [ganMM#15] jlberry10: joined with identifiers [steam:1100001615c0a52; license:41e5d20797706e46aae96886f2a6497b04b828fa; xbl:2535431518296618; live:914801212956691; discord:1183450223519998023; fivem:12942490; license2:41e5d20797706e46aae96886f2a6497b04b828fa]
[4:37:56 PM] [ganMM#16] Kamakazi Gamdom: joined with identifiers [steam:11000010e87be4d; license:b27179133e8df658895ecd5f756db2a4a4c8cd08; xbl:2533275003431282; live:1829581607460581; discord:242888314108116992; fivem:11442758; license2:e1e3866f24a1a081ffd211b7c1805c667b695651]
[4:39:57 PM] [ganMM#10] BotOnMnK: died from suicide (Falling)
[4:39:59 PM] [ganMM#16] Kamakazi Gamdom: said "/hideHUD"
[4:41:11 PM] [ganMM#16] Kamakazi Gamdom: said "/hideHUD"
[4:41:44 PM] [ganMM#6] PISSFLAPS: died from suicide (Falling)
[4:43:20 PM] [ganMM#15] jlberry10: disconnected (Game crashed: GTA5_b2699.exe!_setSamplersForPixelShader (0x89))
[4:44:29 PM] [ganMM#17] jlberry10: joined with identifiers [steam:1100001615c0a52; license:41e5d20797706e46aae96886f2a6497b04b828fa; xbl:2535431518296618; live:914801212956691; discord:1183450223519998023; fivem:12942490; license2:41e5d20797706e46aae96886f2a6497b04b828fa]
[4:46:15 PM] [ganMM#17] jlberry10: disconnected (Game crashed: d3d11.dll!??$TID3D11DeviceContext_SetShaderResources_@$00$03@CContext@@SAXPEAUID3D11DeviceContext5@@IIPEBQEAUID3D11ShaderResourceView@@@Z (0x13e))
[4:47:51 PM] [ganMM#18] jlberry10: joined with identifiers [steam:1100001615c0a52; license:41e5d20797706e46aae96886f2a6497b04b828fa; xbl:2535431518296618; live:914801212956691; discord:1183450223519998023; fivem:12942490; license2:41e5d20797706e46aae96886f2a6497b04b828fa]
[4:49:05 PM] [ganMM#18] jlberry10: disconnected (Game crashed: d3d11.dll!??$TID3D11DeviceContext_SetShaderResources_@$00$03@CContext@@SAXPEAUID3D11DeviceContext5@@IIPEBQEAUID3D11ShaderResourceView@@@Z (0x13e))
[4:49:24 PM] [ganMM#16] Kamakazi Gamdom: said "/hideHUD"
[4:49:45 PM] [ganMM#16] Kamakazi Gamdom: said "/hideHUD"
[4:51:32 PM] [ganMM#10] BotOnMnK: died from suicide (Falling)
[4:51:32 PM] [ganMM#6] PISSFLAPS: died from suicide (Falling)
[4:51:58 PM] [ganMM#16] Kamakazi Gamdom: said "/hideHUD"
[4:52:00 PM] [ganMM#16] Kamakazi Gamdom: said "/hideHUD"
[4:52:00 PM] [ganMM#16] Kamakazi Gamdom: said "/hideHUD"
[4:52:05 PM] [ganMM#16] Kamakazi Gamdom: said "/hideHUD"
[4:52:05 PM] [ganMM#16] Kamakazi Gamdom: said "/hideHUD"
[4:53:00 PM] [ganMM#7] Kody Pepperfield: died from suicide (Falling)
[4:53:57 PM] [ganMM#16] Kamakazi Gamdom: disconnected (Exiting)
[4:55:06 PM] [ganMM#7] Kody Pepperfield: died from suicide (Falling)
[4:59:39 PM] [ganMM#19] jlberry10: joined with identifiers [steam:1100001615c0a52; license:41e5d20797706e46aae96886f2a6497b04b828fa; xbl:2535431518296618; live:914801212956691; discord:1183450223519998023; fivem:12942490; license2:41e5d20797706e46aae96886f2a6497b04b828fa]
[5:01:28 PM] [ganMM#10] BotOnMnK: died from suicide (Ranover by Vehicle)
[5:01:40 PM] [ganMM#19] jlberry10: disconnected (Game crashed: d3d11.dll!??$TID3D11DeviceContext_SetShaderResources_@$00$03@CContext@@SAXPEAUID3D11DeviceContext5@@IIPEBQEAUID3D11ShaderResourceView@@@Z (0x13e))
[5:05:19 PM] [ganMM#20] Kamakazi Gamdom: joined with identifiers [steam:11000010e87be4d; license:b27179133e8df658895ecd5f756db2a4a4c8cd08; xbl:2533275003431282; live:1829581607460581; discord:242888314108116992; fivem:11442758; license2:e1e3866f24a1a081ffd211b7c1805c667b695651]
[5:06:19 PM] [ganMM#20] Kamakazi Gamdom: disconnected (Exiting)
[5:07:07 PM] [ganMM#21] Kamakazi Gamdom: joined with identifiers [steam:11000010e87be4d; license:b27179133e8df658895ecd5f756db2a4a4c8cd08; xbl:2533275003431282; live:1829581607460581; discord:242888314108116992; fivem:11442758; license2:e1e3866f24a1a081ffd211b7c1805c667b695651]
[5:09:09 PM] [ganMM#10] BotOnMnK: died from suicide (Drowned in Vehicle)
[5:09:34 PM] [ganMM#21] Kamakazi Gamdom: said "/hideHUD"
[5:09:37 PM] [ganMM#6] PISSFLAPS: died from Ranover by Vehicle by BotOnMnK
[5:11:01 PM] [ganMM#21] Kamakazi Gamdom: said "/hideHUD"
[5:11:29 PM] [ganMM#6] PISSFLAPS: said "/hideHUD"
[5:11:39 PM] [ganMM#6] PISSFLAPS: said "/hideHUD"
[5:11:53 PM] [ganMM#6] PISSFLAPS: said "/hideHUD"
[5:12:18 PM] [ganMM#6] PISSFLAPS: said "/flipcehicle"
[5:13:33 PM] [ganMM#6] PISSFLAPS: said "/hideHUD"
[5:13:34 PM] [ganMM#10] BotOnMnK: disconnected (Game crashed: GTA5_b2699.exe!sub_140ABA088 (0x205))
[5:15:30 PM] [ganMM#6] PISSFLAPS: said "/hideHUD"
[5:16:35 PM] [ganMM#22] BotOnMnK: joined with identifiers [steam:11000014df460ff; license:06a61b4c40fc28c0a6e0a709ba99ffb637152b33; xbl:2535406023679221; live:1055518462074046; discord:1043623556015194112; fivem:9907274; license2:06a61b4c40fc28c0a6e0a709ba99ffb637152b33]
[5:17:55 PM] [ganMM#23] JOSH: joined with identifiers [steam:1100001438fe567; license:b6284c20b4ad2c41c48d4a31859b65ae2a417ec8; discord:405075418769522708; fivem:12124231; license2:b6284c20b4ad2c41c48d4a31859b65ae2a417ec8]
[5:19:02 PM] [ganMM#6] PISSFLAPS: said "/sea t0"
[5:19:44 PM] [ganMM#6] PISSFLAPS: died from suicide (Falling)
[5:20:06 PM] [ganMM#24] jlberry10: joined with identifiers [steam:1100001615c0a52; license:41e5d20797706e46aae96886f2a6497b04b828fa; xbl:2535431518296618; live:914801212956691; discord:1183450223519998023; fivem:12942490; license2:41e5d20797706e46aae96886f2a6497b04b828fa]
[5:21:53 PM] [ganMM#6] PISSFLAPS: said "/hideHUD"
[5:22:34 PM] [ganMM#6] PISSFLAPS: said "/hideHUD"
[5:23:08 PM] [ganMM#21] Kamakazi Gamdom: caused an explosion (FIREWORK)
[5:24:42 PM] [ganMM#6] PISSFLAPS: said "/hideHUD"
[5:24:53 PM] [ganMM#23] JOSH: died from Heavy Pistol by Kamakazi Gamdom
[5:26:41 PM] [ganMM#24] jlberry10: died from suicide (Falling)
[5:27:16 PM] [ganMM#23] JOSH: died from Battleaxe by Kamakazi Gamdom
[5:28:12 PM] [ganMM#21] Kamakazi Gamdom: caused an explosion (FIREWORK)
[5:28:14 PM] [ganMM#6] PISSFLAPS: said "/-gearDown"
[5:28:14 PM] [ganMM#6] PISSFLAPS: said "/-gearUp"
[5:28:15 PM] [ganMM#6] PISSFLAPS: said "/-gearUp"
[5:28:19 PM] [ganMM#6] PISSFLAPS: said "/-gearDown"
[5:28:20 PM] [ganMM#6] PISSFLAPS: said "/-gearDown"
[5:28:22 PM] [ganMM#6] PISSFLAPS: said "/-gearUp"
[5:28:22 PM] [ganMM#6] PISSFLAPS: said "/-gearUp"
[5:28:31 PM] [ganMM#6] PISSFLAPS: said "/-gearDown"
[5:28:31 PM] [ganMM#6] PISSFLAPS: said "/-gearDown"
[5:28:33 PM] [ganMM#6] PISSFLAPS: said "/-gearUp"
[5:28:34 PM] [ganMM#6] PISSFLAPS: said "/hideHUD"
[5:28:34 PM] [ganMM#6] PISSFLAPS: said "/-gearDown"
[5:28:35 PM] [ganMM#6] PISSFLAPS: said "/-gearUp"
[5:28:40 PM] [ganMM#24] jlberry10: disconnected (Exiting)
[5:28:48 PM] [ganMM#6] PISSFLAPS: said "/-gearUp"
[5:29:35 PM] [ganMM#25] jlberry10: joined with identifiers [steam:1100001615c0a52; license:41e5d20797706e46aae96886f2a6497b04b828fa; xbl:2535431518296618; live:914801212956691; discord:1183450223519998023; fivem:12942490; license2:41e5d20797706e46aae96886f2a6497b04b828fa]
[5:29:52 PM] [ganMM#6] PISSFLAPS: said "/-gearUp"
[5:29:57 PM] [ganMM#6] PISSFLAPS: said "/-gearUp"
[5:30:41 PM] [ganMM#21] Kamakazi Gamdom: caused an explosion (ROCKET)
[5:30:44 PM] [ganMM#21] Kamakazi Gamdom: caused an explosion (ROCKET)
[5:30:52 PM] [ganMM#21] Kamakazi Gamdom: caused an explosion (ROCKET)
[5:30:54 PM] [ganMM#21] Kamakazi Gamdom: caused an explosion (FIREWORK)
[5:30:55 PM] [ganMM#21] Kamakazi Gamdom: caused an explosion (ROCKET)
[5:30:57 PM] [ganMM#21] Kamakazi Gamdom: caused an explosion (FIREWORK)
[5:31:00 PM] [ganMM#21] Kamakazi Gamdom: caused an explosion (FIREWORK)
[5:31:02 PM] [ganMM#21] Kamakazi Gamdom: caused an explosion (FIREWORK)
[5:31:23 PM] [ganMM#21] Kamakazi Gamdom: caused an explosion (FIREWORK)
[5:31:23 PM] [ganMM#6] PISSFLAPS: caused an explosion (PLANE)
[5:31:24 PM] [ganMM#6] PISSFLAPS: died from suicide (Explosion)
[5:31:24 PM] [ganMM#22] BotOnMnK: died from suicide (Explosion)
[5:31:25 PM] [ganMM#22] BotOnMnK: died from suicide (Explosion)
[5:31:27 PM] [ganMM#6] PISSFLAPS: said "/hideHUD"
[5:31:28 PM] [ganMM#21] Kamakazi Gamdom: caused an explosion (FIREWORK)
[5:31:31 PM] [ganMM#21] Kamakazi Gamdom: caused an explosion (FIREWORK)
[5:31:32 PM] [ganMM#6] PISSFLAPS: said "/-gearUp"
[5:31:33 PM] [ganMM#21] Kamakazi Gamdom: caused an explosion (FIREWORK)
[5:31:36 PM] [ganMM#21] Kamakazi Gamdom: caused an explosion (FIREWORK)
[5:31:36 PM] [ganMM#6] PISSFLAPS: said "/-gearUp"
[5:31:38 PM] [ganMM#21] Kamakazi Gamdom: caused an explosion (FIREWORK)
[5:31:40 PM] [ganMM#21] Kamakazi Gamdom: caused an explosion (FIREWORK)
[5:31:42 PM] [ganMM#21] Kamakazi Gamdom: caused an explosion (FIREWORK)
[5:31:43 PM] [ganMM#6] PISSFLAPS: said "/-gearUp"
[5:31:44 PM] [ganMM#21] Kamakazi Gamdom: caused an explosion (FIREWORK)
[5:31:46 PM] [ganMM#6] PISSFLAPS: said "/bring 22"
[5:31:47 PM] [ganMM#21] Kamakazi Gamdom: caused an explosion (FIREWORK)
[5:32:15 PM] [ganMM#22] BotOnMnK: died from suicide (Falling)
[5:32:21 PM] [ganMM#22] BotOnMnK: died from suicide (Falling)
[5:32:25 PM] [ganMM#21] Kamakazi Gamdom: caused an explosion (FIREWORK)
[5:32:29 PM] [ganMM#21] Kamakazi Gamdom: caused an explosion (FIREWORK)
[5:32:31 PM] [ganMM#21] Kamakazi Gamdom: caused an explosion (FIREWORK)
[5:32:33 PM] [ganMM#21] Kamakazi Gamdom: caused an explosion (FIREWORK)
[5:32:38 PM] [ganMM#21] Kamakazi Gamdom: caused an explosion (FIREWORK)
[5:32:41 PM] [ganMM#21] Kamakazi Gamdom: caused an explosion (FIREWORK)
[5:32:44 PM] [ganMM#21] Kamakazi Gamdom: caused an explosion (FIREWORK)
[5:32:46 PM] [ganMM#21] Kamakazi Gamdom: caused an explosion (FIREWORK)
[5:32:48 PM] [ganMM#21] Kamakazi Gamdom: caused an explosion (FIREWORK)
[5:32:50 PM] [ganMM#21] Kamakazi Gamdom: caused an explosion (FIREWORK)
[5:33:18 PM] [ganMM#6] PISSFLAPS: said "/-gearUp"
[5:33:21 PM] [ganMM#21] Kamakazi Gamdom: caused an explosion (FIREWORK)
[5:33:23 PM] [ganMM#21] Kamakazi Gamdom: caused an explosion (FIREWORK)
[5:33:25 PM] [ganMM#21] Kamakazi Gamdom: caused an explosion (FIREWORK)
[5:33:27 PM] [ganMM#21] Kamakazi Gamdom: caused an explosion (FIREWORK)
[5:33:30 PM] [ganMM#21] Kamakazi Gamdom: caused an explosion (FIREWORK)
[5:33:32 PM] [ganMM#21] Kamakazi Gamdom: caused an explosion (FIREWORK)
[5:33:34 PM] [ganMM#21] Kamakazi Gamdom: caused an explosion (FIREWORK)
[5:33:36 PM] [ganMM#6] PISSFLAPS: said "/-gearUp"
[5:33:36 PM] [ganMM#21] Kamakazi Gamdom: caused an explosion (FIREWORK)
[5:33:38 PM] [ganMM#21] Kamakazi Gamdom: caused an explosion (FIREWORK)
[5:33:58 PM] [ganMM#21] Kamakazi Gamdom: caused an explosion (FIREWORK)
[5:34:18 PM] [ganMM#21] Kamakazi Gamdom: said "/hideHUD"
[5:34:42 PM] [ganMM#22] BotOnMnK: disconnected (Server->client connection timed out. Last seen 4678 msec ago.)
[5:35:03 PM] [ganMM#21] Kamakazi Gamdom: said "/hideHUD"
[5:35:33 PM] [ganMM#21] Kamakazi Gamdom: said "/hideHUD"
[5:35:37 PM] [ganMM#21] Kamakazi Gamdom: said "/hideHUD"
[5:35:45 PM] [ganMM#21] Kamakazi Gamdom: said "/hideHUD"
[5:35:50 PM] [ganMM#26] BotOnMnK: joined with identifiers [steam:11000014df460ff; license:06a61b4c40fc28c0a6e0a709ba99ffb637152b33; xbl:2535406023679221; live:1055518462074046; discord:1043623556015194112; fivem:9907274; license2:06a61b4c40fc28c0a6e0a709ba99ffb637152b33]
[5:36:06 PM] [ganMM#21] Kamakazi Gamdom: said "/hideHUD"
[5:36:09 PM] [ganMM#21] Kamakazi Gamdom: said "/hideHUD"
[5:36:11 PM] [ganMM#21] Kamakazi Gamdom: said "/hideHUD"
[5:36:13 PM] [ganMM#21] Kamakazi Gamdom: said "/hideHUD"
[5:36:13 PM] [ganMM#21] Kamakazi Gamdom: said "/hideHUD"
[5:36:16 PM] [ganMM#21] Kamakazi Gamdom: said "/hideHUD"
[5:36:29 PM] [ganMM#21] Kamakazi Gamdom: said "/hideHUD"
[5:36:34 PM] [ganMM#21] Kamakazi Gamdom: said "/hideHUD"
[5:36:34 PM] [ganMM#21] Kamakazi Gamdom: said "/hideHUD"
[5:36:36 PM] [ganMM#21] Kamakazi Gamdom: said "/hideHUD"
[5:36:43 PM] [ganMM#21] Kamakazi Gamdom: said "/hideHUD"
[5:36:46 PM] [ganMM#21] Kamakazi Gamdom: said "/hideHUD"
[5:36:49 PM] [ganMM#21] Kamakazi Gamdom: said "/hideHUD"
[5:37:42 PM] [ganMM#6] PISSFLAPS: said "/-gearUp"
[5:37:46 PM] [ganMM#6] PISSFLAPS: said "/-gearUp"
[5:37:47 PM] [ganMM#6] PISSFLAPS: said "/-gearUp"
[5:37:48 PM] [ganMM#6] PISSFLAPS: said "/-gearUp"
[5:39:05 PM] [ganMM#6] PISSFLAPS: said "/-gearDown"
[5:39:05 PM] [ganMM#21] Kamakazi Gamdom: said "/hideHUD"
[5:39:05 PM] [ganMM#23] JOSH: said "/hideHUD"
[5:47:15 PM] [ganMM#6] PISSFLAPS: said "/-gearDown"
[5:49:04 PM] [ganMM#6] PISSFLAPS: died from suicide (Falling)
[5:49:17 PM] [ganMM#6] PISSFLAPS: said "/-gearUp"
[5:49:24 PM] [ganMM#6] PISSFLAPS: said "/-gearUp"
[5:49:46 PM] [ganMM#6] PISSFLAPS: died from suicide (Falling)
[5:50:01 PM] [ganMM#6] PISSFLAPS: said "/-gearUp"
[5:50:13 PM] [ganMM#6] PISSFLAPS: said "/-gearUp"
[5:51:31 PM] [ganMM#6] PISSFLAPS: said "/-gearDown"
[5:52:12 PM] [ganMM#6] PISSFLAPS: said "/-gearDown"
[5:55:27 PM] [ganMM#25] jlberry10: died from suicide (Falling)
[5:56:25 PM] [ganMM#25] jlberry10: disconnected (Exiting)
[5:56:27 PM] [ganMM#23] JOSH: died from Revolver by Kamakazi Gamdom
[5:56:59 PM] [ganMM#27] jlberry10: joined with identifiers [steam:1100001615c0a52; license:41e5d20797706e46aae96886f2a6497b04b828fa; xbl:2535431518296618; live:914801212956691; discord:1183450223519998023; fivem:12942490; license2:41e5d20797706e46aae96886f2a6497b04b828fa]
[5:57:14 PM] [ganMM#26] BotOnMnK: died from suicide (Falling)
[5:57:22 PM] [ganMM#6] PISSFLAPS: said "/-gearUp"
[5:57:28 PM] [ganMM#6] PISSFLAPS: said "/-gearUp"
[5:57:34 PM] [ganMM#6] PISSFLAPS: said "/-gearUp"
[5:58:26 PM] [ganMM#6] PISSFLAPS: said "/fi"
[5:59:30 PM] [ganMM#6] PISSFLAPS: said "/-gearDown"
[5:59:42 PM] [ganMM#6] PISSFLAPS: said "/-gearDown"
[5:59:42 PM] [ganMM#6] PISSFLAPS: died from Rammed by Vehicle by BotOnMnK
[6:00:04 PM] [ganMM#6] PISSFLAPS: said "/-gearUp"
[6:00:15 PM] [ganMM#6] PISSFLAPS: said "/-gearDown"
[6:00:16 PM] [ganMM#6] PISSFLAPS: said "/-gearUp"
[6:00:20 PM] [ganMM#6] PISSFLAPS: said "/-gearDown"
[6:00:23 PM] [ganMM#6] PISSFLAPS: said "/-gearDown"
[6:00:25 PM] [ganMM#23] JOSH: said "/hideHUD"
[6:00:25 PM] [ganMM#21] Kamakazi Gamdom: said "/hideHUD"
[6:00:26 PM] [ganMM#6] PISSFLAPS: said "/-gearDown"
[6:00:31 PM] [ganMM#6] PISSFLAPS: said "/-gearDown"
[6:00:37 PM] [ganMM#6] PISSFLAPS: said "/-gearUp"
[6:00:46 PM] [ganMM#6] PISSFLAPS: said "/-gearDown"
[6:00:58 PM] [ganMM#6] PISSFLAPS: died from suicide
[6:00:58 PM] [ganMM#6] PISSFLAPS: said "/-gearUp"
[6:01:06 PM] [ganMM#6] PISSFLAPS: said "/-gearUp"
[6:01:15 PM] [ganMM#6] PISSFLAPS: said "/-gearUp"
[6:01:18 PM] [ganMM#6] PISSFLAPS: said "/-gearUp"
[6:01:27 PM] [ganMM#6] PISSFLAPS: said "/-gearDown"
[6:01:45 PM] [ganMM#6] PISSFLAPS: said "/-gearUp"
[6:01:45 PM] [ganMM#6] PISSFLAPS: said "/-gearDown"
[6:01:48 PM] [ganMM#6] PISSFLAPS: said "/-gearUp"
[6:02:04 PM] [ganMM#6] PISSFLAPS: said "/-gearUp"
[6:02:07 PM] [ganMM#6] PISSFLAPS: said "/revie"
[6:02:10 PM] [ganMM#6] PISSFLAPS: said "/-gearUp"
[6:02:41 PM] [ganMM#6] PISSFLAPS: said "/-gearUp"
[6:03:16 PM] [ganMM#6] PISSFLAPS: said "/-gearUp"
[6:04:53 PM] [ganMM#6] PISSFLAPS: said "/-gearUp"
[6:05:12 PM] [ganMM#26] BotOnMnK: died from suicide
[6:05:22 PM] [ganMM#6] PISSFLAPS: said "/hideHUD"
[6:05:24 PM] [ganMM#6] PISSFLAPS: said "/-gearUp"
[6:05:27 PM] [ganMM#6] PISSFLAPS: said "/-gearUp"
[6:05:49 PM] [ganMM#6] PISSFLAPS: said "/-gearUp"
[6:05:51 PM] [ganMM#6] PISSFLAPS: said "/admib"
[6:06:45 PM] [ganMM#6] PISSFLAPS: said "fix"
[6:08:02 PM] [ganMM#26] BotOnMnK: said "/hideHUD"
[6:08:02 PM] [ganMM#6] PISSFLAPS: said "/hideHUD"
[6:08:07 PM] [ganMM#6] PISSFLAPS: said "/hideHUD"
[6:10:18 PM] [ganMM#21] Kamakazi Gamdom: said "/hideHUD"
[6:10:18 PM] [ganMM#23] JOSH: said "/hideHUD"
[6:10:25 PM] [ganMM#21] Kamakazi Gamdom: said "/hideHUD"
[6:11:42 PM] [ganMM#23] JOSH: died from suicide
[6:11:52 PM] [ganMM#6] PISSFLAPS: said "/-gearDown"
[6:11:54 PM] [ganMM#6] PISSFLAPS: said "/-gearDown"
[6:12:02 PM] [ganMM#21] Kamakazi Gamdom: said "/hideHUD"
[6:12:03 PM] [ganMM#23] JOSH: said "/hideHUD"
[6:12:04 PM] [ganMM#21] Kamakazi Gamdom: said "/hideHUD"
[6:12:10 PM] [ganMM#21] Kamakazi Gamdom: said "/hideHUD"
[6:12:10 PM] [ganMM#21] Kamakazi Gamdom: said "/hideHUD"
[6:12:11 PM] [ganMM#21] Kamakazi Gamdom: said "/hideHUD"
[6:12:13 PM] [ganMM#6] PISSFLAPS: said "/-gearUp"
[6:12:13 PM] [ganMM#21] Kamakazi Gamdom: said "/hideHUD"
[6:12:25 PM] [ganMM#6] PISSFLAPS: said "/-gearUp"
[6:13:46 PM] [ganMM#23] JOSH: died from suicide (Falling)
[6:15:21 PM] [ganMM#6] PISSFLAPS: said "/-gearDown"
[6:21:53 PM] [ganMM#23] JOSH: died from suicide (Falling)
[6:22:24 PM] [ganMM#23] JOSH: died from suicide (Falling)
[6:23:59 PM] [ganMM#21] Kamakazi Gamdom: said "A/FIX"
[6:24:38 PM] [ganMM#6] PISSFLAPS: disconnected (Game crashed: GTA5_b2699.exe!_setSamplersForPixelShader (0x89))
[6:25:23 PM] [ganMM#28] PISSFLAPS: joined with identifiers [steam:11000014bb53aeb; license:e0893217ab0d40d6a510bcbfe1c9441b4a208a2b; discord:584024523989581834; fivem:8961289; license2:e0893217ab0d40d6a510bcbfe1c9441b4a208a2b]
[6:28:18 PM] [ganMM#21] Kamakazi Gamdom: died from suicide
[6:35:17 PM] [ganMM#23] JOSH: died from suicide (Falling)
[6:37:05 PM] [ganMM#26] BotOnMnK: died from suicide (Falling)
[6:39:53 PM] [ganMM#28] PISSFLAPS: said "dv"
[6:39:55 PM] [ganMM#28] PISSFLAPS: said "/hideHUD"
[6:39:57 PM] [ganMM#26] BotOnMnK: said "/hideHUD"
[6:40:16 PM] [ganMM#21] Kamakazi Gamdom: said "/FLIP"
[6:41:48 PM] [ganMM#28] PISSFLAPS: said "admin"
[6:42:45 PM] [ganMM#21] Kamakazi Gamdom: died from suicide
[6:45:19 PM] [ganMM#23] JOSH: said "/hideHUD"
[6:45:19 PM] [ganMM#21] Kamakazi Gamdom: said "/hideHUD"
[6:50:18 PM] [ganMM#21] Kamakazi Gamdom: died from suicide
[6:50:33 PM] [ganMM#21] Kamakazi Gamdom: said "/admin'"
[6:51:06 PM] [ganMM#28] PISSFLAPS: disconnected (Exiting)
[6:51:31 PM] [ganMM#23] JOSH: died from suicide (Falling)
[6:53:26 PM] [ganMM#23] JOSH: died from suicide (Falling)
[6:57:44 PM] [ganMM#23] JOSH: disconnected (Game crashed: GTA5_b2699.exe!_setSamplersForPixelShader (0x89))
[6:58:38 PM] [ganMM#29] JOSH: joined with identifiers [steam:1100001438fe567; license:b6284c20b4ad2c41c48d4a31859b65ae2a417ec8; discord:405075418769522708; fivem:12124231; license2:b6284c20b4ad2c41c48d4a31859b65ae2a417ec8]
[7:05:31 PM] [ganMM#26] BotOnMnK: disconnected (Exiting)
[7:06:44 PM] [ganMM#29] JOSH: died from suicide (Falling)
[7:14:59 PM] [ganMM#21] Kamakazi Gamdom: said "/adin"
[7:15:16 PM] [ganMM#21] Kamakazi Gamdom: said "/hideHUD"
[7:15:16 PM] [ganMM#29] JOSH: said "/hideHUD"
[7:15:53 PM] [ganMM#21] Kamakazi Gamdom: said "//car "
[7:15:56 PM] [ganMM#21] Kamakazi Gamdom: said "/hideHUD"
[7:15:57 PM] [ganMM#29] JOSH: said "/hideHUD"
[7:17:05 PM] [ganMM#21] Kamakazi Gamdom: said "/admin\"
[7:18:44 PM] [ganMM#7] Kody Pepperfield: disconnected (text.afk_kick_message)
[7:19:48 PM] [ganMM#29] JOSH: died from suicide (Falling)
[7:20:40 PM] [ganMM#29] JOSH: said "/hideHUD"
[7:20:40 PM] [ganMM#21] Kamakazi Gamdom: said "/hideHUD"
[7:25:29 PM] [ganMM#21] Kamakazi Gamdom: said "/hideHUD"
[7:25:30 PM] [ganMM#29] JOSH: said "/hideHUD"
[7:25:53 PM] [ganMM#21] Kamakazi Gamdom: said "/hideHUD"
[7:25:53 PM] [ganMM#29] JOSH: said "/hideHUD"
[7:33:56 PM] [ganMM#21] Kamakazi Gamdom: said "/hideHUD"
[7:33:56 PM] [ganMM#29] JOSH: said "/hideHUD"
[7:35:21 PM] [ganMM#29] JOSH: died from suicide (Falling)
[7:42:29 PM] [ganMM#29] JOSH: died from suicide (Falling)
[7:43:13 PM] [ganMM#29] JOSH: died from Pistol by Kamakazi Gamdom
[7:45:56 PM] [ganMM#29] JOSH: died from Pistol by Kamakazi Gamdom
[7:47:28 PM] [ganMM#29] JOSH: died from Pistol by Kamakazi Gamdom
[7:48:02 PM] [ganMM#27] jlberry10: disconnected (Exiting)
[7:48:12 PM] [ganMM#21] Kamakazi Gamdom: died from Pistol by JOSH
[7:48:27 PM] [ganMM#21] Kamakazi Gamdom: died from Pistol by JOSH
[7:49:37 PM] [ganMM#29] JOSH: died from Revolver by Kamakazi Gamdom
[7:50:14 PM] [ganMM#21] Kamakazi Gamdom: died from Pistol by JOSH
[7:52:37 PM] [ganMM#29] JOSH: said "/th"
[7:54:17 PM] [ganMM#21] Kamakazi Gamdom: died from Fist by JOSH
[7:54:46 PM] [ganMM#29] JOSH: died from suicide
[7:55:18 PM] [ganMM#29] JOSH: died from Pistol by Kamakazi Gamdom
[7:56:08 PM] [ganMM#21] Kamakazi Gamdom: caused an explosion (GRENADE)
[7:56:11 PM] [ganMM#29] JOSH: died from Revolver by Kamakazi Gamdom
[7:56:52 PM] [ganMM#29] JOSH: died from suicide (Falling)
[7:57:19 PM] [ganMM#29] JOSH: died from suicide (Falling)
[7:57:29 PM] [ganMM#29] JOSH: died from suicide (Falling)
[7:58:08 PM] [ganMM#29] JOSH: died from suicide (Falling)
[7:58:52 PM] [ganMM#29] JOSH: died from Revolver by Kamakazi Gamdom
[7:59:21 PM] [ganMM#29] JOSH: died from Revolver by Kamakazi Gamdom
[7:59:25 PM] [ganMM#21] Kamakazi Gamdom: said "/ADMIN'"
[7:59:36 PM] [ganMM#29] JOSH: died from suicide (Falling)
[7:59:42 PM] [ganMM#29] JOSH: died from Revolver by Kamakazi Gamdom
[8:00:38 PM] [ganMM#29] JOSH: died from Revolver by Kamakazi Gamdom
[8:01:40 PM] [ganMM#29] JOSH: died from suicide (Falling)
[8:02:51 PM] [ganMM#29] JOSH: died from Revolver by Kamakazi Gamdom
[8:03:34 PM] [ganMM#29] JOSH: died from Revolver by Kamakazi Gamdom
[8:03:51 PM] [ganMM#21] Kamakazi Gamdom: said "/quiut"
[8:03:52 PM] [ganMM#21] Kamakazi Gamdom: disconnected (Exiting)
[8:03:53 PM] [ganMM#29] JOSH: disconnected (Exiting)
[9:30:18 PM] txAdmin: ((Broadcast) txAdmin): said "This server is scheduled to restart in 30 minutes."
[9:45:18 PM] txAdmin: ((Broadcast) txAdmin): said "This server is scheduled to restart in 15 minutes."
[9:50:19 PM] txAdmin: ((Broadcast) txAdmin): said "This server is scheduled to restart in 10 minutes."
[9:55:19 PM] txAdmin: ((Broadcast) txAdmin): said "This server is scheduled to restart in 5 minutes."
[9:56:19 PM] txAdmin: ((Broadcast) txAdmin): said "This server is scheduled to restart in 4 minutes."
[9:57:19 PM] txAdmin: ((Broadcast) txAdmin): said "This server is scheduled to restart in 3 minutes."
[9:58:18 PM] txAdmin: ((Broadcast) txAdmin): said "This server is scheduled to restart in 2 minutes."
[9:59:18 PM] txAdmin: ((Broadcast) txAdmin): said "This server is scheduled to restart in 1 minute. Please disconnect now."
[10:00:53 PM] txAdmin: Logger started
[10:01:34 PM] [MQeN8#1] Kamakazi Gamdom: joined with identifiers [steam:11000010e87be4d; license:b27179133e8df658895ecd5f756db2a4a4c8cd08; xbl:2533275003431282; live:1829581607460581; discord:242888314108116992; fivem:11442758; license2:e1e3866f24a1a081ffd211b7c1805c667b695651]
[10:03:10 PM] [MQeN8#1] Kamakazi Gamdom: disconnected (Exiting)
