
================================================================
======== Log Rotated - 4/5/2024, 12:00:00 AM                    
================================================================
[3:23:30 AM] [nAW7W#1] JOSH: joined with identifiers [steam:1100001438fe567; license:b6284c20b4ad2c41c48d4a31859b65ae2a417ec8; discord:405075418769522708; fivem:12124231; license2:b6284c20b4ad2c41c48d4a31859b65ae2a417ec8]
[3:40:19 AM] [nAW7W#2] missberrymedley: joined with identifiers [steam:11000010cab8d07; license:7a3a5bfb5af789cb5f02843e29cc4ee338b0a294; xbl:2535413783067581; live:1688853905214434; discord:461174423903535107; fivem:1697557; license2:ec1926a90f33d1955abd2276f36a7c3ed4c51a23]
[4:34:37 AM] [nAW7W#2] missberrymedley: said "/hideHUD"
[4:53:34 AM] [nAW7W#3] φοῖνιξ: joined with identifiers [steam:11000010ee88c01; license:ee681c08d9d45c48bf5af06870d7d23d75db16dc; xbl:2535430200613003; live:985158121988759; discord:305372052683096065; fivem:10488223; license2:ee681c08d9d45c48bf5af06870d7d23d75db16dc]
[5:13:03 AM] [nAW7W#1] JOSH: said "/hideHUD"
[5:13:06 AM] [nAW7W#1] JOSH: disconnected (Exiting)
[5:14:52 AM] [nAW7W#2] missberrymedley: said "/hideHUD"
[5:25:22 AM] [nAW7W#2] missberrymedley: said "/hideHUD"
[5:30:01 AM] txAdmin: ((Broadcast) txAdmin): said "This server is scheduled to restart in 30 minutes."
[5:45:02 AM] txAdmin: ((Broadcast) txAdmin): said "This server is scheduled to restart in 15 minutes."
[5:50:01 AM] txAdmin: ((Broadcast) txAdmin): said "This server is scheduled to restart in 10 minutes."
[5:55:02 AM] txAdmin: ((Broadcast) txAdmin): said "This server is scheduled to restart in 5 minutes."
[5:56:02 AM] txAdmin: ((Broadcast) txAdmin): said "This server is scheduled to restart in 4 minutes."
[5:57:02 AM] txAdmin: ((Broadcast) txAdmin): said "This server is scheduled to restart in 3 minutes."
[5:58:02 AM] txAdmin: ((Broadcast) txAdmin): said "This server is scheduled to restart in 2 minutes."
[5:59:02 AM] txAdmin: ((Broadcast) txAdmin): said "This server is scheduled to restart in 1 minute. Please disconnect now."
[5:59:23 AM] [nAW7W#2] missberrymedley: disconnected (Exiting)
[6:00:01 AM] [nAW7W#3] φοῖνιξ: disconnected ([txAdmin] Server restarting (scheduled restart at 06:00).)
[6:00:39 AM] txAdmin: Logger started
[6:01:51 AM] [wf4Xa#1] missberrymedley: joined with identifiers [steam:11000010cab8d07; license:7a3a5bfb5af789cb5f02843e29cc4ee338b0a294; xbl:2535413783067581; live:1688853905214434; discord:461174423903535107; fivem:1697557; license2:ec1926a90f33d1955abd2276f36a7c3ed4c51a23]
[6:02:37 AM] [wf4Xa#2] φοῖνιξ: joined with identifiers [steam:11000010ee88c01; license:ee681c08d9d45c48bf5af06870d7d23d75db16dc; xbl:2535430200613003; live:985158121988759; discord:305372052683096065; fivem:10488223; license2:ee681c08d9d45c48bf5af06870d7d23d75db16dc]
[6:19:00 AM] [wf4Xa#3] raula: joined with identifiers [license:afa6a3d6500dd189d241d683ac8eacfc8ebcce13; xbl:2533274859199410; live:844427484116609; discord:283020794798407681; fivem:13693537; license2:4c6ac7da51ee07772354830eeedd657df79a0f2b]
[6:55:23 AM] [wf4Xa#3] raula: died from suicide
[6:55:35 AM] [wf4Xa#3] raula: said "help"
[6:55:46 AM] [wf4Xa#3] raula: said "help"
[6:56:17 AM] [wf4Xa#3] raula: said "ambulance"
[7:26:47 AM] [wf4Xa#3] raula: disconnected (Disconnected.)
[7:51:29 AM] [wf4Xa#1] missberrymedley: said "/crossarms5"
[7:59:22 AM] [wf4Xa#4] JOSH: joined with identifiers [steam:1100001438fe567; license:b6284c20b4ad2c41c48d4a31859b65ae2a417ec8; discord:405075418769522708; fivem:12124231; license2:b6284c20b4ad2c41c48d4a31859b65ae2a417ec8]
[8:08:55 AM] [wf4Xa#5] PISSFLAPS: joined with identifiers [steam:11000014bb53aeb; license:e0893217ab0d40d6a510bcbfe1c9441b4a208a2b; discord:584024523989581834; fivem:8961289; license2:e0893217ab0d40d6a510bcbfe1c9441b4a208a2b]
[8:16:45 AM] [wf4Xa#4] JOSH: died from suicide (Falling)
[8:18:37 AM] [wf4Xa#4] JOSH: died from suicide (Falling)
[8:20:12 AM] [wf4Xa#4] JOSH: died from suicide (Falling)
[8:25:48 AM] [wf4Xa#4] JOSH: died from Knife by PISSFLAPS
[8:49:44 AM] [wf4Xa#5] PISSFLAPS: disconnected (Exiting)
[9:30:01 AM] [wf4Xa#4] JOSH: disconnected (Exiting)
[9:30:02 AM] [wf4Xa#4] JOSH: said "/hideHUD"
[10:42:38 AM] [wf4Xa#6] Esky: joined with identifiers [steam:110000131c93706; license:8dfbcb6dabf76f1c81aa91d421dc6c2ab1407ba6; xbl:2535436019694875; live:914798270695886; discord:350771731708772354; fivem:11993654; license2:8dfbcb6dabf76f1c81aa91d421dc6c2ab1407ba6]
[10:47:36 AM] [wf4Xa#6] Esky: disconnected (Exiting)
[10:47:43 AM] [wf4Xa#2] φοῖνιξ: died from suicide (Falling)
[11:09:49 AM] [wf4Xa#7] JOSH: joined with identifiers [steam:1100001438fe567; license:b6284c20b4ad2c41c48d4a31859b65ae2a417ec8; discord:405075418769522708; fivem:12124231; license2:b6284c20b4ad2c41c48d4a31859b65ae2a417ec8]
[11:15:16 AM] [wf4Xa#2] φοῖνιξ: disconnected (Exiting)
[11:19:18 AM] [wf4Xa#8] φοῖνιξ: joined with identifiers [steam:11000010ee88c01; license:ee681c08d9d45c48bf5af06870d7d23d75db16dc; xbl:2535430200613003; live:985158121988759; discord:305372052683096065; fivem:10488223; license2:ee681c08d9d45c48bf5af06870d7d23d75db16dc]
[11:48:27 AM] [wf4Xa#7] JOSH: said "/th"
[11:49:40 AM] [wf4Xa#7] JOSH: disconnected (Exiting)
[12:06:42 PM] [wf4Xa#8] φοῖνιξ: disconnected (Exiting)
[12:13:16 PM] [wf4Xa#9] Esky: joined with identifiers [steam:110000131c93706; license:8dfbcb6dabf76f1c81aa91d421dc6c2ab1407ba6; xbl:2535436019694875; live:914798270695886; discord:350771731708772354; fivem:11993654; license2:8dfbcb6dabf76f1c81aa91d421dc6c2ab1407ba6]
[12:16:22 PM] [wf4Xa#10] MJL: joined with identifiers [steam:1100001324fa523; license:ec6c328d6d02f816bf13e4a9d09768c02d6e3125; xbl:2535415531070562; live:1055522508602522; discord:213410953641852928; fivem:2586828]
[12:17:34 PM] [wf4Xa#11] Mr_Green: joined with identifiers [steam:110000117f12b1a; license:8cb9f8548eb4c7764c77849cfa2ff397ec016f08; xbl:2535433922801834; live:985153858977618; discord:322443072233537556; fivem:10498222; license2:6dd94f8afb9d56223c4c530061c5ab1316c72c1c]
[12:36:21 PM] [wf4Xa#12] φοῖνιξ: joined with identifiers [steam:11000010ee88c01; license:ee681c08d9d45c48bf5af06870d7d23d75db16dc; xbl:2535430200613003; live:985158121988759; discord:305372052683096065; fivem:10488223; license2:ee681c08d9d45c48bf5af06870d7d23d75db16dc]
[12:39:54 PM] [wf4Xa#11] Mr_Green: said "/hideHUD"
[12:47:14 PM] [wf4Xa#13] JOSH: joined with identifiers [steam:1100001438fe567; license:b6284c20b4ad2c41c48d4a31859b65ae2a417ec8; discord:405075418769522708; fivem:12124231; license2:b6284c20b4ad2c41c48d4a31859b65ae2a417ec8]
[1:06:25 PM] [wf4Xa#11] Mr_Green: said "&e prone"
[1:30:11 PM] txAdmin: ((Broadcast) txAdmin): said "This server is scheduled to restart in 30 minutes."
[1:34:42 PM] [wf4Xa#13] JOSH: died from suicide (Falling)
[1:36:18 PM] [wf4Xa#12] φοῖνιξ: disconnected (Exiting)
[1:38:07 PM] [wf4Xa#9] Esky: disconnected (Game crashed: RAGE error: ERR_STR_INFO_2)
[1:40:48 PM] [wf4Xa#14] Esky: joined with identifiers [steam:110000131c93706; license:8dfbcb6dabf76f1c81aa91d421dc6c2ab1407ba6; xbl:2535436019694875; live:914798270695886; discord:350771731708772354; fivem:11993654; license2:8dfbcb6dabf76f1c81aa91d421dc6c2ab1407ba6]
[1:43:18 PM] [wf4Xa#13] JOSH: died from suicide (Falling)
[1:45:11 PM] txAdmin: ((Broadcast) txAdmin): said "This server is scheduled to restart in 15 minutes."
[1:46:57 PM] [wf4Xa#11] Mr_Green: disconnected (Exiting)
[1:47:13 PM] [wf4Xa#13] JOSH: disconnected (Exiting)
[1:50:05 PM] [wf4Xa#1] missberrymedley: said "/hideHUD"
[1:50:07 PM] [wf4Xa#14] Esky: disconnected (Exiting)
[1:50:10 PM] [wf4Xa#1] missberrymedley: disconnected (Exiting)
[1:50:11 PM] txAdmin: ((Broadcast) txAdmin): said "This server is scheduled to restart in 10 minutes."
[1:52:58 PM] [wf4Xa#10] MJL: died from suicide
[1:55:11 PM] txAdmin: ((Broadcast) txAdmin): said "This server is scheduled to restart in 5 minutes."
[1:56:11 PM] txAdmin: ((Broadcast) txAdmin): said "This server is scheduled to restart in 4 minutes."
[1:57:11 PM] txAdmin: ((Broadcast) txAdmin): said "This server is scheduled to restart in 3 minutes."
[1:58:11 PM] txAdmin: ((Broadcast) txAdmin): said "This server is scheduled to restart in 2 minutes."
[1:59:11 PM] txAdmin: ((Broadcast) txAdmin): said "This server is scheduled to restart in 1 minute. Please disconnect now."
[1:59:44 PM] [wf4Xa#15] 3K-04 | Tide J.: joined with identifiers [steam:1100001321a696b; license:0cdee38bb7dd0865a3da58eb6378588113da300a; discord:1161360057812930690; license2:0cdee38bb7dd0865a3da58eb6378588113da300a]
[2:00:10 PM] [wf4Xa#10] MJL: disconnected ([txAdmin] Server restarting (scheduled restart at 14:00).)
[2:00:11 PM] [wf4Xa#15] 3K-04 | Tide J.: disconnected ([txAdmin] Server restarting (scheduled restart at 14:00).)
[2:03:51 PM] txAdmin: Logger started
[2:15:06 PM] [F6hXF#1] Kody Pepperfield: joined with identifiers [steam:11000010c770c55; license:3219d00ad3af143df0db5d2bed38fe7460729e68; xbl:2535451109437060; live:1055521765014399; discord:152991330048540672; fivem:8659677; license2:3e576e238fb0360dab034daae9fc7459afbacb59]
[2:24:44 PM] [F6hXF#2] MJL: joined with identifiers [steam:1100001324fa523; license:ec6c328d6d02f816bf13e4a9d09768c02d6e3125; xbl:2535415531070562; live:1055522508602522; discord:213410953641852928; fivem:2586828]
[2:40:08 PM] [F6hXF#3] Ras Jr: joined with identifiers [steam:11000015c3f1612; license:35c7844efea5c2ddeb0651d4dbc97d6a064c4774; xbl:2535439778100931; live:844425224566945; discord:614203359028576270; license2:455ac21353d0017132574f51467c9f5a6b01e629]
[2:42:25 PM] [F6hXF#4] zoom: joined with identifiers [steam:1100001445f3d8b; license:9ad75b0b7e9938320646cd632f026a1ded621e36; xbl:2535447518451339; live:985154767554358; discord:1055973336842248403; fivem:10164198; license2:9ad75b0b7e9938320646cd632f026a1ded621e36]
[2:47:16 PM] [F6hXF#4] zoom: said "/reloadskin"
[2:54:18 PM] [F6hXF#5] Mr_Green: joined with identifiers [steam:110000117f12b1a; license:8cb9f8548eb4c7764c77849cfa2ff397ec016f08; xbl:2535433922801834; live:985153858977618; discord:322443072233537556; fivem:10498222; license2:6dd94f8afb9d56223c4c530061c5ab1316c72c1c]
[2:57:42 PM] [F6hXF#6] Kamakazi: joined with identifiers [steam:11000010e87be4d; license:b27179133e8df658895ecd5f756db2a4a4c8cd08; xbl:2533275003431282; live:1829581607460581; discord:242888314108116992; fivem:11442758; license2:e1e3866f24a1a081ffd211b7c1805c667b695651]
[2:59:00 PM] [F6hXF#7] PISSFLAPS: joined with identifiers [steam:11000014bb53aeb; license:e0893217ab0d40d6a510bcbfe1c9441b4a208a2b; discord:584024523989581834; fivem:8961289; license2:e0893217ab0d40d6a510bcbfe1c9441b4a208a2b]
[3:03:10 PM] [F6hXF#6] Kamakazi: said "/setamo 250"
[3:04:42 PM] [F6hXF#7] PISSFLAPS: died from Bullpup Rifle by Kamakazi
[3:04:57 PM] [F6hXF#8] bigboishootershit: joined with identifiers [steam:1100001459e413e; license:2f45efc6fc5236b2edf98268ec669c60ecd4b984; discord:797538341758566441; fivem:13666507; license2:e28cdd42b265b48561576dcfc5b5f6141a05a949]
[3:10:46 PM] [F6hXF#8] bigboishootershit: said "/furnish"
[3:10:47 PM] [F6hXF#8] bigboishootershit: said "/carry"
[3:13:49 PM] [F6hXF#8] bigboishootershit: said "/cancelemote"
[3:13:49 PM] [F6hXF#8] bigboishootershit: said "/reloadskin"
[3:13:50 PM] [F6hXF#8] bigboishootershit: said "/cancelemote"
[3:13:50 PM] [F6hXF#8] bigboishootershit: said "/reloadskin"
[3:17:11 PM] [F6hXF#8] bigboishootershit: said "/cancelemote"
[3:17:11 PM] [F6hXF#8] bigboishootershit: said "/reloadskin"
[3:17:12 PM] [F6hXF#8] bigboishootershit: said "/cancelemote"
[3:17:12 PM] [F6hXF#8] bigboishootershit: said "/reloadskin"
[3:17:25 PM] [F6hXF#8] bigboishootershit: said "/carry"
[3:18:05 PM] [F6hXF#8] bigboishootershit: said "/cancelemote"
[3:18:05 PM] [F6hXF#8] bigboishootershit: said "/reloadskin"
[3:18:06 PM] [F6hXF#8] bigboishootershit: said "/cancelemote"
[3:18:06 PM] [F6hXF#8] bigboishootershit: said "/reloadskin"
[3:18:08 PM] [F6hXF#8] bigboishootershit: said "/cancelemote"
[3:18:08 PM] [F6hXF#8] bigboishootershit: said "/reloadskin"
[3:18:08 PM] [F6hXF#8] bigboishootershit: said "/cancelemote"
[3:18:08 PM] [F6hXF#8] bigboishootershit: said "/reloadskin"
[3:18:41 PM] [F6hXF#8] bigboishootershit: said "/carry"
[3:18:55 PM] [F6hXF#8] bigboishootershit: said "/carry"
[3:24:09 PM] [F6hXF#8] bigboishootershit: said "/carry"
[3:30:15 PM] [F6hXF#8] bigboishootershit: said "/carry"
[3:33:04 PM] [F6hXF#9] BenjiBoi410: joined with identifiers [steam:11000016074bcfa; license:2f00fbb6358fca81675eada8d02e86568b079e88; xbl:2535422169713106; live:1055519090889381; discord:913459564735766609; fivem:12688496; license2:bfeff8c28567e93ab19a5a3b3baf6bd846f75c06]
[3:33:54 PM] [F6hXF#8] bigboishootershit: said "/carry"
[3:34:03 PM] [F6hXF#8] bigboishootershit: said "/carry"
[3:35:43 PM] [F6hXF#8] bigboishootershit: said "/carry"
[3:37:42 PM] [F6hXF#8] bigboishootershit: said "/carry"
[3:38:37 PM] [F6hXF#8] bigboishootershit: said "/carry"
[3:41:37 PM] [F6hXF#8] bigboishootershit: said "/carry"
[3:42:59 PM] [F6hXF#7] PISSFLAPS: died from unknown by Kody Pepperfield
[3:43:02 PM] [F6hXF#8] bigboishootershit: said "/cancelemote"
[3:43:02 PM] [F6hXF#8] bigboishootershit: said "/reloadskin"
[3:43:03 PM] [F6hXF#8] bigboishootershit: said "/cancelemote"
[3:43:03 PM] [F6hXF#8] bigboishootershit: said "/reloadskin"
[3:43:03 PM] [F6hXF#8] bigboishootershit: said "/cancelemote"
[3:43:03 PM] [F6hXF#8] bigboishootershit: said "/reloadskin"
[3:43:06 PM] [F6hXF#7] PISSFLAPS: died from Heavy Pistol by Kamakazi
[3:43:07 PM] [F6hXF#8] bigboishootershit: said "/cancelemote"
[3:43:07 PM] [F6hXF#8] bigboishootershit: said "/reloadskin"
[3:43:09 PM] [F6hXF#8] bigboishootershit: said "/cancelemote"
[3:43:09 PM] [F6hXF#8] bigboishootershit: said "/reloadskin"
[3:43:10 PM] [F6hXF#8] bigboishootershit: said "/cancelemote"
[3:43:10 PM] [F6hXF#8] bigboishootershit: said "/reloadskin"
[3:43:15 PM] [F6hXF#8] bigboishootershit: said "/cancelemote"
[3:43:15 PM] [F6hXF#8] bigboishootershit: said "/reloadskin"
[3:43:17 PM] [F6hXF#1] Kody Pepperfield: died from suicide (Falling)
[3:43:22 PM] [F6hXF#1] Kody Pepperfield: died from suicide (Falling)
[3:43:43 PM] [F6hXF#8] bigboishootershit: said "/cancelemote"
[3:43:43 PM] [F6hXF#8] bigboishootershit: said "/reloadskin"
[3:44:16 PM] [F6hXF#8] bigboishootershit: said "/cancelemote"
[3:44:16 PM] [F6hXF#8] bigboishootershit: said "/reloadskin"
[3:44:17 PM] [F6hXF#8] bigboishootershit: said "/cancelemote"
[3:44:17 PM] [F6hXF#8] bigboishootershit: said "/reloadskin"
[3:44:24 PM] [F6hXF#8] bigboishootershit: died from Heavy Pistol by Kamakazi
[3:44:34 PM] [F6hXF#8] bigboishootershit: died from suicide (Falling)
[3:44:43 PM] [F6hXF#6] Kamakazi: died from Pistol by bigboishootershit
[3:44:45 PM] [F6hXF#8] bigboishootershit: died from Pistol by zoom
[3:44:53 PM] [F6hXF#8] bigboishootershit: died from Pistol by zoom
[3:46:43 PM] [F6hXF#10] jlberry10: joined with identifiers [steam:1100001615c0a52; license:41e5d20797706e46aae96886f2a6497b04b828fa; xbl:2535431518296618; live:914801212956691; discord:1183450223519998023; fivem:12942490; license2:41e5d20797706e46aae96886f2a6497b04b828fa]
[3:46:50 PM] [F6hXF#4] zoom: died from suicide (Falling)
[3:47:14 PM] [F6hXF#9] BenjiBoi410: said "/esleep"
[3:47:59 PM] [F6hXF#8] bigboishootershit: died from Pistol by zoom
[3:48:44 PM] [F6hXF#8] bigboishootershit: said "/carry"
[3:48:45 PM] [F6hXF#8] bigboishootershit: said "/carry"
[3:48:45 PM] [F6hXF#8] bigboishootershit: said "/carry"
[3:48:46 PM] [F6hXF#8] bigboishootershit: said "/carry"
[3:48:46 PM] [F6hXF#8] bigboishootershit: said "/carry"
[3:48:46 PM] [F6hXF#8] bigboishootershit: said "/carry"
[3:48:46 PM] [F6hXF#8] bigboishootershit: said "/carry"
[3:48:46 PM] [F6hXF#8] bigboishootershit: said "/carry"
[3:48:47 PM] [F6hXF#8] bigboishootershit: said "/carry"
[3:48:47 PM] [F6hXF#8] bigboishootershit: said "/carry"
[3:48:47 PM] [F6hXF#8] bigboishootershit: said "/carry"
[3:48:47 PM] [F6hXF#8] bigboishootershit: said "/carry"
[3:48:47 PM] [F6hXF#8] bigboishootershit: said "/carry"
[3:49:25 PM] [F6hXF#8] bigboishootershit: said "/carry"
[3:50:40 PM] [F6hXF#8] bigboishootershit: said "/carry"
[3:51:25 PM] [F6hXF#8] bigboishootershit: said "/carry"
[3:52:06 PM] [F6hXF#8] bigboishootershit: said "/cancelemote"
[3:52:06 PM] [F6hXF#8] bigboishootershit: said "/reloadskin"
[3:52:08 PM] [F6hXF#8] bigboishootershit: said "/cancelemote"
[3:52:08 PM] [F6hXF#8] bigboishootershit: said "/reloadskin"
[3:52:12 PM] [F6hXF#8] bigboishootershit: said "/carry"
[3:52:46 PM] [F6hXF#9] BenjiBoi410: said "/FLIPCAR"
[3:52:51 PM] [F6hXF#9] BenjiBoi410: said "/FLIP"
[3:53:38 PM] [F6hXF#7] PISSFLAPS: said "/refreshkin"
[3:53:38 PM] [F6hXF#9] BenjiBoi410: said "/FLIPCAR"
[3:55:40 PM] [F6hXF#5] Mr_Green: died from suicide (Falling)
[3:57:17 PM] [F6hXF#8] bigboishootershit: said "/cancelemote"
[3:57:17 PM] [F6hXF#8] bigboishootershit: said "/reloadskin"
[3:57:25 PM] [F6hXF#8] bigboishootershit: said "/cancelemote"
[3:57:25 PM] [F6hXF#8] bigboishootershit: said "/reloadskin"
[3:57:25 PM] [F6hXF#8] bigboishootershit: said "/cancelemote"
[3:57:25 PM] [F6hXF#8] bigboishootershit: said "/reloadskin"
[3:57:29 PM] [F6hXF#8] bigboishootershit: said "/cancelemote"
[3:57:29 PM] [F6hXF#8] bigboishootershit: said "/reloadskin"
[3:57:52 PM] [F6hXF#8] bigboishootershit: said "/cancelemote"
[3:57:52 PM] [F6hXF#8] bigboishootershit: said "/reloadskin"
[4:00:22 PM] [F6hXF#8] bigboishootershit: said "/carry"
[4:01:59 PM] [F6hXF#8] bigboishootershit: said "/cancelemote"
[4:01:59 PM] [F6hXF#8] bigboishootershit: said "/reloadskin"
[4:02:00 PM] [F6hXF#8] bigboishootershit: said "/cancelemote"
[4:02:00 PM] [F6hXF#8] bigboishootershit: said "/reloadskin"
[4:02:01 PM] [F6hXF#8] bigboishootershit: said "/cancelemote"
[4:02:01 PM] [F6hXF#8] bigboishootershit: said "/reloadskin"
[4:04:21 PM] [F6hXF#9] BenjiBoi410: said "/esleep"
[4:04:52 PM] [F6hXF#6] Kamakazi: said "/hideHUD"
[4:05:06 PM] [F6hXF#7] PISSFLAPS: said "/hideHUD"
[4:05:31 PM] [F6hXF#7] PISSFLAPS: said "/hideHUD"
[4:06:53 PM] [F6hXF#6] Kamakazi: said "/hideHUD"
[4:09:03 PM] [F6hXF#6] Kamakazi: said "/hideHUD"
[4:09:51 PM] [F6hXF#10] jlberry10: said "/hideHUD"
[4:10:16 PM] [F6hXF#10] jlberry10: said "/hideHUD"
[4:11:11 PM] [F6hXF#8] bigboishootershit: said "/carry"
[4:11:15 PM] [F6hXF#9] BenjiBoi410: said "/hideHUD"
[4:11:55 PM] [F6hXF#8] bigboishootershit: said "/cancelemote"
[4:11:55 PM] [F6hXF#8] bigboishootershit: said "/reloadskin"
[4:11:56 PM] [F6hXF#8] bigboishootershit: said "/cancelemote"
[4:11:56 PM] [F6hXF#8] bigboishootershit: said "/reloadskin"
[4:11:56 PM] [F6hXF#8] bigboishootershit: said "/carry"
[4:12:06 PM] [F6hXF#6] Kamakazi: said "/hideHUD"
[4:12:15 PM] [F6hXF#8] bigboishootershit: said "/cancelemote"
[4:12:15 PM] [F6hXF#8] bigboishootershit: said "/reloadskin"
[4:12:35 PM] [F6hXF#8] bigboishootershit: said "/cancelemote"
[4:12:35 PM] [F6hXF#8] bigboishootershit: said "/reloadskin"
[4:12:36 PM] [F6hXF#8] bigboishootershit: said "/cancelemote"
[4:12:36 PM] [F6hXF#8] bigboishootershit: said "/reloadskin"
[4:12:36 PM] [F6hXF#8] bigboishootershit: said "/cancelemote"
[4:12:36 PM] [F6hXF#8] bigboishootershit: said "/reloadskin"
[4:13:05 PM] [F6hXF#8] bigboishootershit: said "/cancelemote"
[4:13:05 PM] [F6hXF#8] bigboishootershit: said "/reloadskin"
[4:13:07 PM] [F6hXF#8] bigboishootershit: said "/cancelemote"
[4:13:07 PM] [F6hXF#8] bigboishootershit: said "/reloadskin"
[4:13:18 PM] [F6hXF#8] bigboishootershit: said "/cancelemote"
[4:13:18 PM] [F6hXF#8] bigboishootershit: said "/reloadskin"
[4:13:19 PM] [F6hXF#8] bigboishootershit: said "/cancelemote"
[4:13:19 PM] [F6hXF#8] bigboishootershit: said "/reloadskin"
[4:13:29 PM] [F6hXF#8] bigboishootershit: said "/cancelemote"
[4:13:29 PM] [F6hXF#8] bigboishootershit: said "/reloadskin"
[4:13:29 PM] [F6hXF#8] bigboishootershit: said "/cancelemote"
[4:13:29 PM] [F6hXF#8] bigboishootershit: said "/reloadskin"
[4:14:22 PM] [F6hXF#8] bigboishootershit: said "/cancelemote"
[4:14:22 PM] [F6hXF#8] bigboishootershit: said "/reloadskin"
[4:14:22 PM] [F6hXF#8] bigboishootershit: said "/cancelemote"
[4:14:22 PM] [F6hXF#8] bigboishootershit: said "/reloadskin"
[4:16:33 PM] [F6hXF#8] bigboishootershit: said "/hideHUD"
[4:16:37 PM] [F6hXF#8] bigboishootershit: disconnected (Exiting)
[4:16:38 PM] [F6hXF#9] BenjiBoi410: said "/esleep"
[4:16:38 PM] [F6hXF#9] BenjiBoi410: said "/esleep"
[4:16:38 PM] [F6hXF#9] BenjiBoi410: said "/esleep"
[4:16:38 PM] [F6hXF#9] BenjiBoi410: said "/esleep"
[4:16:38 PM] [F6hXF#9] BenjiBoi410: said "/esleep"
[4:16:39 PM] [F6hXF#9] BenjiBoi410: said "/esleep"
[4:16:39 PM] [F6hXF#9] BenjiBoi410: said "/esleep"
[4:16:40 PM] [F6hXF#9] BenjiBoi410: said "/esleep"
[4:16:40 PM] [F6hXF#9] BenjiBoi410: said "/esleep"
[4:16:40 PM] [F6hXF#9] BenjiBoi410: said "/esleep"
[4:16:40 PM] [F6hXF#9] BenjiBoi410: said "/esleep"
[4:16:40 PM] [F6hXF#9] BenjiBoi410: said "/esleep"
[4:16:40 PM] [F6hXF#9] BenjiBoi410: said "/esleep"
[4:16:40 PM] [F6hXF#9] BenjiBoi410: said "/esleep"
[4:16:41 PM] [F6hXF#9] BenjiBoi410: said "/esleep"
[4:16:41 PM] [F6hXF#9] BenjiBoi410: said "/esleep"
[4:16:41 PM] [F6hXF#9] BenjiBoi410: said "/esleep"
[4:16:41 PM] [F6hXF#9] BenjiBoi410: said "/esleep"
[4:16:41 PM] [F6hXF#9] BenjiBoi410: said "/esleep"
[4:16:41 PM] [F6hXF#9] BenjiBoi410: said "/esleep"
[4:16:41 PM] [F6hXF#9] BenjiBoi410: said "/esleep"
[4:16:42 PM] [F6hXF#9] BenjiBoi410: said "/esleep"
[4:16:42 PM] [F6hXF#9] BenjiBoi410: said "/esleep"
[4:16:42 PM] [F6hXF#9] BenjiBoi410: said "/esleep"
[4:16:42 PM] [F6hXF#9] BenjiBoi410: said "/esleep"
[4:16:42 PM] [F6hXF#9] BenjiBoi410: said "/esleep"
[4:16:42 PM] [F6hXF#9] BenjiBoi410: said "/esleep"
[4:16:42 PM] [F6hXF#9] BenjiBoi410: said "/esleep"
[4:16:42 PM] [F6hXF#9] BenjiBoi410: said "/esleep"
[4:16:43 PM] [F6hXF#9] BenjiBoi410: said "/esleep"
[4:16:43 PM] [F6hXF#9] BenjiBoi410: said "/esleep"
[4:16:43 PM] [F6hXF#9] BenjiBoi410: said "/esleep"
[4:16:43 PM] [F6hXF#9] BenjiBoi410: said "/esleep"
[4:16:43 PM] [F6hXF#9] BenjiBoi410: said "/esleep"
[4:16:43 PM] [F6hXF#9] BenjiBoi410: said "/esleep"
[4:16:43 PM] [F6hXF#9] BenjiBoi410: said "/esleep"
[4:16:44 PM] [F6hXF#9] BenjiBoi410: said "/esleep"
[4:16:44 PM] [F6hXF#9] BenjiBoi410: said "/esleep"
[4:16:44 PM] [F6hXF#9] BenjiBoi410: said "/esleep"
[4:16:44 PM] [F6hXF#9] BenjiBoi410: said "/esleep"
[4:16:44 PM] [F6hXF#9] BenjiBoi410: said "/esleep"
[4:16:44 PM] [F6hXF#9] BenjiBoi410: said "/esleep"
[4:16:46 PM] [F6hXF#9] BenjiBoi410: said "/esleep"
[4:16:46 PM] [F6hXF#9] BenjiBoi410: said "/esleep"
[4:16:46 PM] [F6hXF#9] BenjiBoi410: said "/esleep"
[4:16:47 PM] [F6hXF#9] BenjiBoi410: said "/esleep"
[4:16:47 PM] [F6hXF#9] BenjiBoi410: said "/esleep"
[4:16:47 PM] [F6hXF#9] BenjiBoi410: said "/esleep"
[4:16:47 PM] [F6hXF#9] BenjiBoi410: said "/esleep"
[4:16:47 PM] [F6hXF#9] BenjiBoi410: said "/esleep"
[4:16:47 PM] [F6hXF#9] BenjiBoi410: said "/esleep"
[4:17:25 PM] [F6hXF#9] BenjiBoi410: said "/esleep"
[4:17:26 PM] [F6hXF#9] BenjiBoi410: said "/esleep"
[4:18:28 PM] [F6hXF#6] Kamakazi: said "/hideHUD"
[4:18:29 PM] [F6hXF#1] Kody Pepperfield: said "/hideHUD"
[4:19:46 PM] [F6hXF#11] marcusblackwell7: joined with identifiers [steam:110000154d96125; license:b90a0574761cd349c5a4e1d6372c3ba96f26a074; discord:667904617446768652; fivem:7859917; license2:b90a0574761cd349c5a4e1d6372c3ba96f26a074]
[4:20:10 PM] [F6hXF#6] Kamakazi: said "/hideHUD"
[4:20:11 PM] [F6hXF#1] Kody Pepperfield: said "/hideHUD"
[4:20:35 PM] [F6hXF#7] PISSFLAPS: said "/hideHUD"
[4:20:47 PM] [F6hXF#1] Kody Pepperfield: said "/hideHUD"
[4:20:48 PM] [F6hXF#6] Kamakazi: said "/hideHUD"
[4:25:34 PM] [F6hXF#7] PISSFLAPS: said "/hideHUD"
[4:26:17 PM] [F6hXF#7] PISSFLAPS: disconnected (Exiting)
[4:27:49 PM] [F6hXF#1] Kody Pepperfield: disconnected (Exiting)
[4:28:10 PM] [F6hXF#4] zoom: disconnected (Exiting)
[4:31:01 PM] [F6hXF#12] Esky: joined with identifiers [steam:110000131c93706; license:8dfbcb6dabf76f1c81aa91d421dc6c2ab1407ba6; xbl:2535436019694875; live:914798270695886; discord:350771731708772354; fivem:11993654; license2:8dfbcb6dabf76f1c81aa91d421dc6c2ab1407ba6]
[4:32:07 PM] [F6hXF#6] Kamakazi: disconnected (Exiting)
[4:32:14 PM] [F6hXF#5] Mr_Green: said "/hideHUD"
[4:32:48 PM] [F6hXF#5] Mr_Green: disconnected (Exiting)
[4:32:50 PM] [F6hXF#13] Kamakazi: joined with identifiers [steam:11000010e87be4d; license:b27179133e8df658895ecd5f756db2a4a4c8cd08; xbl:2533275003431282; live:1829581607460581; discord:242888314108116992; fivem:11442758; license2:e1e3866f24a1a081ffd211b7c1805c667b695651]
[4:42:18 PM] [F6hXF#9] BenjiBoi410: disconnected (Exiting)
[4:43:05 PM] [F6hXF#14] Exorcism: joined with identifiers [steam:110000157c5c234; license:7bb253287bd9b0fde87139be280127280d5da9b8; xbl:2535460107665577; live:844426175737770; discord:539940808468594698; license2:7bb253287bd9b0fde87139be280127280d5da9b8]
[4:43:06 PM] [F6hXF#13] Kamakazi: said "m"
[4:43:17 PM] [F6hXF#11] marcusblackwell7: disconnected (Game crashed: RAGE error: ERR_STR_INFO_2)
[4:55:04 PM] [F6hXF#13] Kamakazi: disconnected (Exiting)
[5:03:13 PM] [F6hXF#3] Ras Jr: disconnected (Exiting)
[5:03:47 PM] [F6hXF#14] Exorcism: said "/hideHUD"
[5:05:06 PM] [F6hXF#14] Exorcism: said "/1000 impound"
[5:05:25 PM] [F6hXF#14] Exorcism: said "/1000 impound"
[5:05:49 PM] [F6hXF#14] Exorcism: said "/ 1000 impound"
[5:05:50 PM] [F6hXF#10] jlberry10: disconnected (Server->client connection timed out. Last seen 50596 msec ago.)
[5:10:10 PM] [F6hXF#14] Exorcism: disconnected (Exiting)
[5:15:44 PM] [F6hXF#15] Exorcism: joined with identifiers [steam:110000157c5c234; license:7bb253287bd9b0fde87139be280127280d5da9b8; xbl:2535460107665577; live:844426175737770; discord:539940808468594698; license2:7bb253287bd9b0fde87139be280127280d5da9b8]
[5:20:37 PM] [F6hXF#15] Exorcism: died from suicide (Falling)
[5:20:48 PM] [F6hXF#15] Exorcism: disconnected (Exiting)
[5:21:34 PM] [F6hXF#16] Exorcism: joined with identifiers [steam:110000157c5c234; license:7bb253287bd9b0fde87139be280127280d5da9b8; xbl:2535460107665577; live:844426175737770; discord:539940808468594698; license2:7bb253287bd9b0fde87139be280127280d5da9b8]
[5:24:17 PM] [F6hXF#16] Exorcism: disconnected (Exiting)
[5:24:47 PM] [F6hXF#17] Exorcism: joined with identifiers [steam:110000157c5c234; license:7bb253287bd9b0fde87139be280127280d5da9b8; xbl:2535460107665577; live:844426175737770; discord:539940808468594698; license2:7bb253287bd9b0fde87139be280127280d5da9b8]
[5:36:56 PM] [F6hXF#12] Esky: disconnected (Server->client connection timed out. Last seen 34460 msec ago.)
[5:58:17 PM] [F6hXF#17] Exorcism: disconnected (Exiting)
[7:40:06 PM] [F6hXF#18] Exorcism: joined with identifiers [steam:110000157c5c234; license:7bb253287bd9b0fde87139be280127280d5da9b8; xbl:2535460107665577; live:844426175737770; discord:539940808468594698; license2:7bb253287bd9b0fde87139be280127280d5da9b8]
[7:42:03 PM] [F6hXF#18] Exorcism: disconnected (Exiting)
[9:30:21 PM] txAdmin: ((Broadcast) txAdmin): said "This server is scheduled to restart in 30 minutes."
[9:45:21 PM] txAdmin: ((Broadcast) txAdmin): said "This server is scheduled to restart in 15 minutes."
[9:50:21 PM] txAdmin: ((Broadcast) txAdmin): said "This server is scheduled to restart in 10 minutes."
[9:55:21 PM] txAdmin: ((Broadcast) txAdmin): said "This server is scheduled to restart in 5 minutes."
[9:56:21 PM] txAdmin: ((Broadcast) txAdmin): said "This server is scheduled to restart in 4 minutes."
[9:57:21 PM] txAdmin: ((Broadcast) txAdmin): said "This server is scheduled to restart in 3 minutes."
[9:58:21 PM] txAdmin: ((Broadcast) txAdmin): said "This server is scheduled to restart in 2 minutes."
[9:59:22 PM] txAdmin: ((Broadcast) txAdmin): said "This server is scheduled to restart in 1 minute. Please disconnect now."
[10:00:21 PM] [F6hXF#2] MJL: disconnected ([txAdmin] Server restarting (scheduled restart at 22:00).)
[10:01:01 PM] txAdmin: Logger started
[10:59:04 PM] [a6aam#1] Anne Flank: joined with identifiers [steam:1100001097e125b; license:a938a74170975c01e88f463aea01684a16f28545; xbl:2535409246266710; live:1899947325711585; discord:293157047682465793; license2:9eb41e0279fe15e33ff86440bafc2105d3b78f01]
[11:58:50 PM] [a6aam#2] JOSH: joined with identifiers [steam:1100001438fe567; license:b6284c20b4ad2c41c48d4a31859b65ae2a417ec8; discord:405075418769522708; fivem:12124231; license2:b6284c20b4ad2c41c48d4a31859b65ae2a417ec8]
