
================================================================
======== Log Rotated - 4/1/2024, 12:00:00 AM                    
================================================================
[12:44:30 AM] [eXQyq#1] beau999: joined with identifiers [steam:11000015820ba22; license:ab6c47661af2c7682ab26a95d21fb6464d3cdc17; xbl:2535405532973454; live:844425266605287; discord:852571545490423868; fivem:12775788; license2:267b33e8a97f829c9a54d5682cf0fadad67679e6]
[12:48:34 AM] [eXQyq#1] beau999: disconnected (Exiting)
[12:50:10 AM] [eXQyq#2] beau999: joined with identifiers [steam:11000015820ba22; license:ab6c47661af2c7682ab26a95d21fb6464d3cdc17; xbl:2535405532973454; live:844425266605287; discord:852571545490423868; fivem:12775788; license2:267b33e8a97f829c9a54d5682cf0fadad67679e6]
[12:57:40 AM] [eXQyq#2] beau999: disconnected (Server->client connection timed out. Last seen 139 msec ago.)
[1:40:37 AM] [eXQyq#3] φοῖνιξ: joined with identifiers [steam:11000010ee88c01; license:ee681c08d9d45c48bf5af06870d7d23d75db16dc; xbl:2535430200613003; live:985158121988759; discord:305372052683096065; fivem:10488223; license2:ee681c08d9d45c48bf5af06870d7d23d75db16dc]
[2:26:50 AM] [eXQyq#4] JOSH: joined with identifiers [steam:1100001438fe567; license:b6284c20b4ad2c41c48d4a31859b65ae2a417ec8; discord:405075418769522708; fivem:12124231; license2:b6284c20b4ad2c41c48d4a31859b65ae2a417ec8]
[2:51:50 AM] [eXQyq#5] RigssRP: joined with identifiers [steam:11000014abdebcf; license:0503ca95eab75210d3475b9e63fd6aa6028e6a91; xbl:2535446394392876; live:1055518940555852; discord:1103467626300199044; fivem:8351340; license2:2a20c64a2a1abb3e1653a5c89e5ac281f69f1eb9]
[3:13:31 AM] [eXQyq#4] JOSH: said "/hideHUD"
[3:13:31 AM] [eXQyq#4] JOSH: disconnected (Exiting)
[3:26:41 AM] [eXQyq#6] missberrymedley: joined with identifiers [steam:11000010cab8d07; license:7a3a5bfb5af789cb5f02843e29cc4ee338b0a294; xbl:2535413783067581; live:1688853905214434; discord:461174423903535107; fivem:1697557; license2:ec1926a90f33d1955abd2276f36a7c3ed4c51a23]
[3:32:13 AM] [eXQyq#3] φοῖνιξ: disconnected (Game crashed: d3d11.dll!CContext::TID3D11DeviceContext_SetShaderResources_<1,4> (0x161))
[3:33:51 AM] [eXQyq#7] φοῖνιξ: joined with identifiers [steam:11000010ee88c01; license:ee681c08d9d45c48bf5af06870d7d23d75db16dc; xbl:2535430200613003; live:985158121988759; discord:305372052683096065; fivem:10488223; license2:ee681c08d9d45c48bf5af06870d7d23d75db16dc]
[3:40:20 AM] [eXQyq#8] Esky: joined with identifiers [steam:110000131c93706; license:8dfbcb6dabf76f1c81aa91d421dc6c2ab1407ba6; xbl:2535436019694875; live:914798270695886; discord:350771731708772354; fivem:11993654; license2:8dfbcb6dabf76f1c81aa91d421dc6c2ab1407ba6]
[3:43:00 AM] [eXQyq#7] φοῖνιξ: disconnected (Exiting)
[3:43:43 AM] [eXQyq#9] φοῖνιξ: joined with identifiers [steam:11000010ee88c01; license:ee681c08d9d45c48bf5af06870d7d23d75db16dc; xbl:2535430200613003; live:985158121988759; discord:305372052683096065; fivem:10488223; license2:ee681c08d9d45c48bf5af06870d7d23d75db16dc]
[3:57:00 AM] [eXQyq#10] samca: joined with identifiers [license:0cb0904f95f3a0c8d552729894a13d9f979aa6b7; discord:487075059320619018; license2:0cb0904f95f3a0c8d552729894a13d9f979aa6b7]
[3:59:46 AM] [eXQyq#5] RigssRP: disconnected (Game crashed: d3d11.dll!??$TID3D11DeviceContext_SetShaderResources_@$00$03@CContext@@SAXPEAUID3D11DeviceContext5@@IIPEBQEAUID3D11ShaderResourceView@@@Z (0x13e))
[4:02:51 AM] [eXQyq#9] φοῖνιξ: said "/hideHUD"
[4:40:25 AM] [eXQyq#11] pc: joined with identifiers [license:d094824ca1077bec804fa441c897dd92002897e9; xbl:2535457406681244; live:1899946154662695; discord:730884266069590117; fivem:13554888; license2:d094824ca1077bec804fa441c897dd92002897e9]
[4:48:22 AM] [eXQyq#10] samca: died from suicide (Falling)
[5:03:46 AM] [eXQyq#11] pc: disconnected (Disconnected.)
[5:30:01 AM] txAdmin: ((Broadcast) txAdmin): said "This server is scheduled to restart in 30 minutes."
[5:31:33 AM] [eXQyq#12] PISSFLAPS: joined with identifiers [steam:11000014bb53aeb; license:e0893217ab0d40d6a510bcbfe1c9441b4a208a2b; discord:584024523989581834; fivem:8961289; license2:e0893217ab0d40d6a510bcbfe1c9441b4a208a2b]
[5:38:06 AM] [eXQyq#8] Esky: disconnected (Exiting)
[5:45:01 AM] txAdmin: ((Broadcast) txAdmin): said "This server is scheduled to restart in 15 minutes."
[5:50:02 AM] txAdmin: ((Broadcast) txAdmin): said "This server is scheduled to restart in 10 minutes."
[5:54:35 AM] [eXQyq#9] φοῖνιξ: said "/hideHUD"
[5:55:01 AM] txAdmin: ((Broadcast) txAdmin): said "This server is scheduled to restart in 5 minutes."
[5:55:02 AM] [eXQyq#9] φοῖνιξ: disconnected (Exiting)
[5:55:18 AM] [eXQyq#6] missberrymedley: disconnected (Exiting)
[5:55:59 AM] [eXQyq#12] PISSFLAPS: said "fix"
[5:56:02 AM] txAdmin: ((Broadcast) txAdmin): said "This server is scheduled to restart in 4 minutes."
[5:56:20 AM] [eXQyq#12] PISSFLAPS: disconnected (Exiting)
[5:57:02 AM] txAdmin: ((Broadcast) txAdmin): said "This server is scheduled to restart in 3 minutes."
[5:58:02 AM] txAdmin: ((Broadcast) txAdmin): said "This server is scheduled to restart in 2 minutes."
[5:59:02 AM] txAdmin: ((Broadcast) txAdmin): said "This server is scheduled to restart in 1 minute. Please disconnect now."
[6:00:01 AM] [eXQyq#10] samca: disconnected ([txAdmin] Server restarting (scheduled restart at 06:00).)
[6:00:38 AM] txAdmin: Logger started
[6:01:52 AM] [tDKje#1] missberrymedley: joined with identifiers [steam:11000010cab8d07; license:7a3a5bfb5af789cb5f02843e29cc4ee338b0a294; xbl:2535413783067581; live:1688853905214434; discord:461174423903535107; fivem:1697557; license2:ec1926a90f33d1955abd2276f36a7c3ed4c51a23]
[6:02:09 AM] [tDKje#2] Esky: joined with identifiers [steam:110000131c93706; license:8dfbcb6dabf76f1c81aa91d421dc6c2ab1407ba6; xbl:2535436019694875; live:914798270695886; discord:350771731708772354; fivem:11993654; license2:8dfbcb6dabf76f1c81aa91d421dc6c2ab1407ba6]
[6:08:00 AM] [tDKje#3] PISSFLAPS: joined with identifiers [steam:11000014bb53aeb; license:e0893217ab0d40d6a510bcbfe1c9441b4a208a2b; discord:584024523989581834; fivem:8961289; license2:e0893217ab0d40d6a510bcbfe1c9441b4a208a2b]
[6:16:04 AM] [tDKje#4] samca: joined with identifiers [license:0cb0904f95f3a0c8d552729894a13d9f979aa6b7; discord:487075059320619018; license2:0cb0904f95f3a0c8d552729894a13d9f979aa6b7]
[6:25:02 AM] [tDKje#3] PISSFLAPS: said "/nolip"
[6:34:24 AM] [tDKje#3] PISSFLAPS: said "/asmin"
[6:34:36 AM] [tDKje#5] MJL: joined with identifiers [steam:1100001324fa523; license:ec6c328d6d02f816bf13e4a9d09768c02d6e3125; xbl:2535415531070562; live:1055522508602522; discord:213410953641852928; fivem:2586828]
[6:36:25 AM] [tDKje#4] samca: disconnected (Game crashed: RAGE error: ERR_STR_INFO_2)
[6:37:42 AM] [tDKje#6] samca: joined with identifiers [license:0cb0904f95f3a0c8d552729894a13d9f979aa6b7; discord:487075059320619018; license2:0cb0904f95f3a0c8d552729894a13d9f979aa6b7]
[6:38:49 AM] [tDKje#7] φοῖνιξ: joined with identifiers [steam:11000010ee88c01; license:ee681c08d9d45c48bf5af06870d7d23d75db16dc; xbl:2535430200613003; live:985158121988759; discord:305372052683096065; fivem:10488223; license2:ee681c08d9d45c48bf5af06870d7d23d75db16dc]
[6:43:44 AM] [tDKje#6] samca: disconnected (Exiting)
[6:43:57 AM] [tDKje#1] missberrymedley: died from suicide (Falling)
[6:44:42 AM] [tDKje#3] PISSFLAPS: said "/hideHUD"
[6:44:45 AM] [tDKje#1] missberrymedley: said "/crossarms5"
[7:12:47 AM] [tDKje#3] PISSFLAPS: said "fix"
[7:16:05 AM] [tDKje#7] φοῖνιξ: said "/ec"
[7:16:30 AM] [tDKje#7] φοῖνιξ: died from Combat Pistol by PISSFLAPS
[7:17:41 AM] [tDKje#7] φοῖνιξ: died from suicide
[7:20:50 AM] [tDKje#3] PISSFLAPS: died from suicide (Falling)
[7:21:16 AM] [tDKje#2] Esky: said "/flipcar"
[7:24:36 AM] [tDKje#8] marcusblackwell7: joined with identifiers [steam:110000154d96125; license:b90a0574761cd349c5a4e1d6372c3ba96f26a074; discord:667904617446768652; fivem:7859917; license2:b90a0574761cd349c5a4e1d6372c3ba96f26a074]
[7:26:40 AM] [tDKje#3] PISSFLAPS: said "fix"
[7:39:08 AM] [tDKje#2] Esky: disconnected (Game crashed: RAGE error: ERR_STR_INFO_2)
[7:40:55 AM] [tDKje#9] Esky: joined with identifiers [steam:110000131c93706; license:8dfbcb6dabf76f1c81aa91d421dc6c2ab1407ba6; xbl:2535436019694875; live:914798270695886; discord:350771731708772354; fivem:11993654; license2:8dfbcb6dabf76f1c81aa91d421dc6c2ab1407ba6]
[7:45:13 AM] [tDKje#10] Rollo_Trollo: joined with identifiers [steam:110000105388248; license:885da4c7ff748316ae69dc4092024dd378866599; xbl:2533274838319533; live:1899946045819328; discord:97100778031808512; license2:885da4c7ff748316ae69dc4092024dd378866599]
[7:47:26 AM] [tDKje#3] PISSFLAPS: said "/refrehskin"
[7:51:24 AM] [tDKje#8] marcusblackwell7: died from Combat Pistol by PISSFLAPS
[7:59:34 AM] [tDKje#8] marcusblackwell7: disconnected (Game crashed: RAGE error: ERR_STR_INFO_2)
[8:00:04 AM] [tDKje#11] marcusblackwell7: joined with identifiers [steam:110000154d96125; license:b90a0574761cd349c5a4e1d6372c3ba96f26a074; discord:667904617446768652; fivem:7859917; license2:b90a0574761cd349c5a4e1d6372c3ba96f26a074]
[8:08:02 AM] [tDKje#11] marcusblackwell7: disconnected (You have been banned.)
[8:12:11 AM] [tDKje#9] Esky: disconnected (Exiting)
[8:16:33 AM] [tDKje#3] PISSFLAPS: said "/unban marcusblackwell7"
[8:29:56 AM] [tDKje#3] PISSFLAPS: said "/unban 7859917"
[8:44:13 AM] [tDKje#5] MJL: died from suicide
[8:46:25 AM] [tDKje#12] BotOnMnK: joined with identifiers [steam:11000014df460ff; license:06a61b4c40fc28c0a6e0a709ba99ffb637152b33; xbl:2535406023679221; live:1055518462074046; discord:1043623556015194112; fivem:9907274; license2:06a61b4c40fc28c0a6e0a709ba99ffb637152b33]
[8:51:17 AM] [tDKje#3] PISSFLAPS: caused an explosion (PLANE)
[8:51:17 AM] [tDKje#3] PISSFLAPS: died from suicide (Explosion)
[8:51:59 AM] [tDKje#3] PISSFLAPS: said "dv"
[9:10:31 AM] [tDKje#12] BotOnMnK: died from Combat Pistol by PISSFLAPS
[9:11:25 AM] [tDKje#12] BotOnMnK: died from Combat Pistol by PISSFLAPS
[9:13:39 AM] [tDKje#3] PISSFLAPS: said "/hideHUD"
[9:13:39 AM] [tDKje#12] BotOnMnK: said "/hideHUD"
[9:13:47 AM] [tDKje#12] BotOnMnK: died from suicide (Falling)
[9:14:06 AM] [tDKje#12] BotOnMnK: disconnected (Exiting)
[9:16:07 AM] [tDKje#13] BotOnMnK: joined with identifiers [steam:11000014df460ff; license:06a61b4c40fc28c0a6e0a709ba99ffb637152b33; xbl:2535406023679221; live:1055518462074046; discord:1043623556015194112; fivem:9907274; license2:06a61b4c40fc28c0a6e0a709ba99ffb637152b33]
[9:30:06 AM] [tDKje#13] BotOnMnK: disconnected (Exiting)
[9:31:53 AM] [tDKje#14] BotOnMnK: joined with identifiers [steam:11000014df460ff; license:06a61b4c40fc28c0a6e0a709ba99ffb637152b33; xbl:2535406023679221; live:1055518462074046; discord:1043623556015194112; fivem:9907274; license2:06a61b4c40fc28c0a6e0a709ba99ffb637152b33]
[9:34:22 AM] [tDKje#3] PISSFLAPS: said "refreshskin"
[9:36:06 AM] [tDKje#14] BotOnMnK: died from suicide
[9:43:55 AM] [tDKje#14] BotOnMnK: died from Combat Pistol by PISSFLAPS
[9:45:41 AM] [tDKje#3] PISSFLAPS: said "/steal"
[9:45:53 AM] [tDKje#3] PISSFLAPS: said "/steal"
[9:47:53 AM] [tDKje#3] PISSFLAPS: said "revive"
[9:51:58 AM] [tDKje#14] BotOnMnK: disconnected (Exiting)
[9:53:40 AM] [tDKje#15] BotOnMnK: joined with identifiers [steam:11000014df460ff; license:06a61b4c40fc28c0a6e0a709ba99ffb637152b33; xbl:2535406023679221; live:1055518462074046; discord:1043623556015194112; fivem:9907274; license2:06a61b4c40fc28c0a6e0a709ba99ffb637152b33]
[9:56:03 AM] [tDKje#16] marcusblackwell7: joined with identifiers [steam:110000154d96125; license:b90a0574761cd349c5a4e1d6372c3ba96f26a074; discord:667904617446768652; fivem:7859917; license2:b90a0574761cd349c5a4e1d6372c3ba96f26a074]
[9:57:07 AM] [tDKje#16] marcusblackwell7: died from suicide (Falling)
[10:05:13 AM] [tDKje#16] marcusblackwell7: died from Pistol by BotOnMnK
[10:08:58 AM] [tDKje#15] BotOnMnK: died from Vintage Pistol by marcusblackwell7
[10:10:14 AM] [tDKje#3] PISSFLAPS: said "/hideHUD"
[10:13:12 AM] [tDKje#3] PISSFLAPS: said "/hideHUD"
[10:13:19 AM] [tDKje#3] PISSFLAPS: said "/hideHUD"
[10:15:38 AM] [tDKje#15] BotOnMnK: disconnected (Exiting)
[10:16:34 AM] [tDKje#3] PISSFLAPS: said "fix"
[10:19:14 AM] [tDKje#17] BotOnMnK: joined with identifiers [steam:11000014df460ff; license:06a61b4c40fc28c0a6e0a709ba99ffb637152b33; xbl:2535406023679221; live:1055518462074046; discord:1043623556015194112; fivem:9907274; license2:06a61b4c40fc28c0a6e0a709ba99ffb637152b33]
[10:24:27 AM] [tDKje#17] BotOnMnK: disconnected (Exiting)
[10:26:17 AM] [tDKje#18] BotOnMnK: joined with identifiers [steam:11000014df460ff; license:06a61b4c40fc28c0a6e0a709ba99ffb637152b33; xbl:2535406023679221; live:1055518462074046; discord:1043623556015194112; fivem:9907274; license2:06a61b4c40fc28c0a6e0a709ba99ffb637152b33]
[10:27:47 AM] [tDKje#18] BotOnMnK: said "/hideHUD"
[10:29:05 AM] [tDKje#5] MJL: enabled noclip
[10:29:08 AM] [tDKje#5] MJL: became mortal (standard mode)
[10:29:12 AM] [tDKje#5] MJL: enabled noclip
[10:29:16 AM] [tDKje#5] MJL: became mortal (standard mode)
[10:31:51 AM] [tDKje#5] MJL: enabled noclip
[10:31:58 AM] [tDKje#5] MJL: became mortal (standard mode)
[10:33:59 AM] [tDKje#5] MJL: enabled noclip
[10:34:03 AM] [tDKje#5] MJL: became mortal (standard mode)
[10:36:07 AM] [tDKje#16] marcusblackwell7: disconnected (Game crashed: RAGE error: ERR_STR_INFO_2)
[10:36:34 AM] [tDKje#19] marcusblackwell7: joined with identifiers [steam:110000154d96125; license:b90a0574761cd349c5a4e1d6372c3ba96f26a074; discord:667904617446768652; fivem:7859917; license2:b90a0574761cd349c5a4e1d6372c3ba96f26a074]
[10:40:44 AM] [tDKje#18] BotOnMnK: disconnected (Exiting)
[10:48:00 AM] [tDKje#3] PISSFLAPS: said "/hideHUD"
[10:48:06 AM] [tDKje#3] PISSFLAPS: disconnected (Exiting)
[10:49:11 AM] [tDKje#7] φοῖνιξ: disconnected (You have been banned.)
[10:54:43 AM] [tDKje#20] Esky: joined with identifiers [steam:110000131c93706; license:8dfbcb6dabf76f1c81aa91d421dc6c2ab1407ba6; xbl:2535436019694875; live:914798270695886; discord:350771731708772354; fivem:11993654; license2:8dfbcb6dabf76f1c81aa91d421dc6c2ab1407ba6]
[10:55:48 AM] [tDKje#20] Esky: disconnected (Game crashed: GTA5_b2699.exe!sub_1412E6BA4 (0x16e))
[10:57:14 AM] [tDKje#19] marcusblackwell7: said "/hideHUD"
[10:57:21 AM] [tDKje#19] marcusblackwell7: disconnected (Exiting)
[10:57:24 AM] [tDKje#21] Esky: joined with identifiers [steam:110000131c93706; license:8dfbcb6dabf76f1c81aa91d421dc6c2ab1407ba6; xbl:2535436019694875; live:914798270695886; discord:350771731708772354; fivem:11993654; license2:8dfbcb6dabf76f1c81aa91d421dc6c2ab1407ba6]
[10:58:58 AM] [tDKje#22] φοῖνιξ: joined with identifiers [steam:11000010ee88c01; license:ee681c08d9d45c48bf5af06870d7d23d75db16dc; xbl:2535430200613003; live:985158121988759; discord:305372052683096065; fivem:10488223; license2:ee681c08d9d45c48bf5af06870d7d23d75db16dc]
[11:12:06 AM] [tDKje#10] Rollo_Trollo: disconnected (Game crashed: d3d11.dll!??$TID3D11DeviceContext_SetShaderResources_@$00$03@CContext@@SAXPEAUID3D11DeviceContext5@@IIPEBQEAUID3D11ShaderResourceView@@@Z (0x13e))
[11:12:13 AM] [tDKje#1] missberrymedley: disconnected (Game crashed: d3d11.dll!??$TID3D11DeviceContext_SetShaderResources_@$00$03@CContext@@SAXPEAUID3D11DeviceContext5@@IIPEBQEAUID3D11ShaderResourceView@@@Z (0x13e))
[11:12:55 AM] [tDKje#23] Rollo_Trollo: joined with identifiers [steam:110000105388248; license:885da4c7ff748316ae69dc4092024dd378866599; xbl:2533274838319533; live:1899946045819328; discord:97100778031808512; license2:885da4c7ff748316ae69dc4092024dd378866599]
[11:13:09 AM] [tDKje#24] JOSH: joined with identifiers [steam:1100001438fe567; license:b6284c20b4ad2c41c48d4a31859b65ae2a417ec8; discord:405075418769522708; fivem:12124231; license2:b6284c20b4ad2c41c48d4a31859b65ae2a417ec8]
[11:13:36 AM] [tDKje#25] missberrymedley: joined with identifiers [steam:11000010cab8d07; license:7a3a5bfb5af789cb5f02843e29cc4ee338b0a294; xbl:2535413783067581; live:1688853905214434; discord:461174423903535107; fivem:1697557; license2:ec1926a90f33d1955abd2276f36a7c3ed4c51a23]
[11:18:38 AM] [tDKje#23] Rollo_Trollo: died from suicide (Falling)
[11:18:38 AM] [tDKje#25] missberrymedley: died from suicide (Falling)
[11:21:17 AM] [tDKje#26] Exorcism: joined with identifiers [steam:110000157c5c234; license:7bb253287bd9b0fde87139be280127280d5da9b8; xbl:2535460107665577; live:844426175737770; discord:539940808468594698; license2:7bb253287bd9b0fde87139be280127280d5da9b8]
[11:26:56 AM] [tDKje#21] Esky: died from suicide (Falling)
[11:27:33 AM] [tDKje#5] MJL: disconnected (Exiting)
[11:31:47 AM] [tDKje#21] Esky: died from suicide (Falling)
[11:32:03 AM] [tDKje#25] missberrymedley: died from Heavy Pistol by JOSH
[11:32:04 AM] [tDKje#22] φοῖνιξ: died from Heavy Pistol by JOSH
[11:32:19 AM] [tDKje#22] φοῖνιξ: said "/emws"
[11:32:21 AM] [tDKje#23] Rollo_Trollo: died from Heavy Pistol by JOSH
[11:34:22 AM] [tDKje#27] Kody Pepperfield: joined with identifiers [steam:11000010c770c55; license:3219d00ad3af143df0db5d2bed38fe7460729e68; xbl:2535451109437060; live:1055521765014399; discord:152991330048540672; fivem:8659677; license2:3e576e238fb0360dab034daae9fc7459afbacb59]
[11:36:15 AM] [tDKje#22] φοῖνιξ: said "/eme slaps kevin"
[11:36:17 AM] [tDKje#28] marcusblackwell7: joined with identifiers [steam:110000154d96125; license:b90a0574761cd349c5a4e1d6372c3ba96f26a074; discord:667904617446768652; fivem:7859917; license2:b90a0574761cd349c5a4e1d6372c3ba96f26a074]
[11:39:11 AM] [tDKje#21] Esky: said "/CARRY"
[11:40:14 AM] [tDKje#29] BotOnMnK: joined with identifiers [steam:11000014df460ff; license:06a61b4c40fc28c0a6e0a709ba99ffb637152b33; xbl:2535406023679221; live:1055518462074046; discord:1043623556015194112; fivem:9907274; license2:06a61b4c40fc28c0a6e0a709ba99ffb637152b33]
[11:42:37 AM] [tDKje#30] MJL: joined with identifiers [steam:1100001324fa523; license:ec6c328d6d02f816bf13e4a9d09768c02d6e3125; xbl:2535415531070562; live:1055522508602522; discord:213410953641852928; fivem:2586828]
[11:44:01 AM] [tDKje#30] MJL: disconnected (Exiting)
[11:44:27 AM] [tDKje#31] MJL: joined with identifiers [steam:1100001324fa523; license:ec6c328d6d02f816bf13e4a9d09768c02d6e3125; xbl:2535415531070562; live:1055522508602522; discord:213410953641852928; fivem:2586828]
[11:44:56 AM] [tDKje#32] PISSFLAPS: joined with identifiers [steam:11000014bb53aeb; license:e0893217ab0d40d6a510bcbfe1c9441b4a208a2b; discord:584024523989581834; fivem:8961289; license2:e0893217ab0d40d6a510bcbfe1c9441b4a208a2b]
[11:48:14 AM] [tDKje#33] Mr_Green: joined with identifiers [steam:110000117f12b1a; license:8cb9f8548eb4c7764c77849cfa2ff397ec016f08; xbl:2535433922801834; live:985153858977618; discord:322443072233537556; fivem:10498222; license2:6dd94f8afb9d56223c4c530061c5ab1316c72c1c]
[11:55:28 AM] [tDKje#33] Mr_Green: died from Combat Pistol by PISSFLAPS
[11:56:03 AM] [tDKje#29] BotOnMnK: died from Heavy Pistol by JOSH
[11:56:48 AM] [tDKje#27] Kody Pepperfield: died from Combat Pistol by PISSFLAPS
[12:05:01 PM] [tDKje#21] Esky: disconnected (Exiting)
[12:12:48 PM] [tDKje#34] Prime: joined with identifiers [steam:11000010ca11a3e; license:f7dcdb2337cb359eab1d01dbb378da219cffa61c; xbl:2535470342658869; live:1829581630186829; discord:218191942377406464; fivem:3083043; license2:6fb7e6793c6bdcdc1e0c5f9b3ab6accd839e0285]
[12:21:11 PM] [tDKje#32] PISSFLAPS: said "fix"
[12:25:38 PM] [tDKje#35] M1ghtpoo: joined with identifiers [steam:110000113ecc7e2; license:0cb0904f95f3a0c8d552729894a13d9f979aa6b7; discord:487075059320619018; license2:0cb0904f95f3a0c8d552729894a13d9f979aa6b7]
[12:26:16 PM] [tDKje#22] φοῖνιξ: said "/hideHUD"
[12:27:37 PM] [tDKje#33] Mr_Green: said "/hideHUD"
[12:29:44 PM] [tDKje#27] Kody Pepperfield: said "//e superhero"
[12:31:44 PM] [tDKje#33] Mr_Green: disconnected (Exiting)
[12:33:55 PM] [tDKje#29] BotOnMnK: disconnected (Exiting)
[12:36:11 PM] [tDKje#36] BotOnMnK: joined with identifiers [steam:11000014df460ff; license:06a61b4c40fc28c0a6e0a709ba99ffb637152b33; xbl:2535406023679221; live:1055518462074046; discord:1043623556015194112; fivem:9907274; license2:06a61b4c40fc28c0a6e0a709ba99ffb637152b33]
[12:38:58 PM] [tDKje#26] Exorcism: said "/998 R.Rodrigues"
[12:40:51 PM] [tDKje#32] PISSFLAPS: said "/hideHUD"
[12:40:55 PM] [tDKje#32] PISSFLAPS: said "/hideHUD"
[12:41:00 PM] [tDKje#32] PISSFLAPS: said "/hideHUD"
[12:47:20 PM] [tDKje#37] Esky: joined with identifiers [steam:110000131c93706; license:8dfbcb6dabf76f1c81aa91d421dc6c2ab1407ba6; xbl:2535436019694875; live:914798270695886; discord:350771731708772354; fivem:11993654; license2:8dfbcb6dabf76f1c81aa91d421dc6c2ab1407ba6]
[12:49:14 PM] [tDKje#23] Rollo_Trollo: disconnected (Server->client connection timed out. Last seen 47109 msec ago.)
[12:49:25 PM] [tDKje#28] marcusblackwell7: said "/refreshhskin"
[12:50:41 PM] [tDKje#25] missberrymedley: said "/crossarms5"
[12:55:45 PM] [tDKje#37] Esky: said "e crawl"
[1:02:47 PM] [tDKje#38] Rollo_Trollo: joined with identifiers [steam:110000105388248; license:885da4c7ff748316ae69dc4092024dd378866599; xbl:2533274838319533; live:1899946045819328; discord:97100778031808512; license2:885da4c7ff748316ae69dc4092024dd378866599]
[1:12:37 PM] [tDKje#39] Kamakazi Gamdom: joined with identifiers [steam:11000010e87be4d; license:b27179133e8df658895ecd5f756db2a4a4c8cd08; xbl:2533275003431282; live:1829581607460581; discord:242888314108116992; fivem:11442758; license2:e1e3866f24a1a081ffd211b7c1805c667b695651]
[1:15:47 PM] [tDKje#32] PISSFLAPS: said "/fiz"
[1:17:35 PM] [tDKje#32] PISSFLAPS: disconnected (Game crashed: GTA5_b2699.exe!_setSamplersForPixelShader (0x89))
[1:18:14 PM] [tDKje#40] PISSFLAPS: joined with identifiers [steam:11000014bb53aeb; license:e0893217ab0d40d6a510bcbfe1c9441b4a208a2b; discord:584024523989581834; fivem:8961289; license2:e0893217ab0d40d6a510bcbfe1c9441b4a208a2b]
[1:22:40 PM] [tDKje#41] pc: joined with identifiers [license:d094824ca1077bec804fa441c897dd92002897e9; xbl:2535457406681244; live:1899946154662695; discord:730884266069590117; fivem:13554888; license2:d094824ca1077bec804fa441c897dd92002897e9]
[1:24:21 PM] [tDKje#36] BotOnMnK: disconnected (Exiting)
[1:25:56 PM] [tDKje#42] BotOnMnK: joined with identifiers [steam:11000014df460ff; license:06a61b4c40fc28c0a6e0a709ba99ffb637152b33; xbl:2535406023679221; live:1055518462074046; discord:1043623556015194112; fivem:9907274; license2:06a61b4c40fc28c0a6e0a709ba99ffb637152b33]
[1:30:11 PM] txAdmin: ((Broadcast) txAdmin): said "This server is scheduled to restart in 30 minutes."
[1:32:28 PM] [tDKje#24] JOSH: said "/hideHUD"
[1:32:33 PM] [tDKje#39] Kamakazi Gamdom: said "/hideHUD"
[1:32:45 PM] [tDKje#40] PISSFLAPS: died from Knife by JOSH
[1:32:55 PM] [tDKje#28] marcusblackwell7: died from Knife by JOSH
[1:33:31 PM] [tDKje#24] JOSH: died from Machete by marcusblackwell7
[1:33:50 PM] [tDKje#28] marcusblackwell7: died from Knife by JOSH
[1:35:56 PM] [tDKje#39] Kamakazi Gamdom: disconnected (Exiting)
[1:36:28 PM] [tDKje#37] Esky: disconnected (Exiting)
[1:36:30 PM] [tDKje#43] Kamakazi Gamdom: joined with identifiers [steam:11000010e87be4d; license:b27179133e8df658895ecd5f756db2a4a4c8cd08; xbl:2533275003431282; live:1829581607460581; discord:242888314108116992; fivem:11442758; license2:e1e3866f24a1a081ffd211b7c1805c667b695651]
[1:37:58 PM] [tDKje#28] marcusblackwell7: said "/hideHUD"
[1:38:08 PM] [tDKje#40] PISSFLAPS: disconnected (Exiting)
[1:38:12 PM] [tDKje#27] Kody Pepperfield: disconnected (Exiting)
[1:38:23 PM] [tDKje#42] BotOnMnK: disconnected (Exiting)
[1:41:07 PM] [tDKje#44] bulldogcoop63: joined with identifiers [steam:11000015c5ccb9c; license:29aa888fee71382069550e6e0dc74a5a341edead; xbl:2535414660791367; live:985153908343121; discord:1117456859738153020; fivem:10691742; license2:29aa888fee71382069550e6e0dc74a5a341edead]
[1:42:10 PM] [tDKje#43] Kamakazi Gamdom: said "/hideHUD"
[1:42:11 PM] [tDKje#43] Kamakazi Gamdom: said "/hideHUD"
[1:42:12 PM] [tDKje#43] Kamakazi Gamdom: said "/hideHUD"
[1:42:12 PM] [tDKje#43] Kamakazi Gamdom: said "/hideHUD"
[1:42:14 PM] [tDKje#43] Kamakazi Gamdom: said "/hideHUD"
[1:42:14 PM] [tDKje#43] Kamakazi Gamdom: said "/hideHUD"
[1:42:23 PM] [tDKje#28] marcusblackwell7: disconnected (Exiting)
[1:45:00 PM] [tDKje#34] Prime: disconnected (Exiting)
[1:45:11 PM] txAdmin: ((Broadcast) txAdmin): said "This server is scheduled to restart in 15 minutes."
[1:46:04 PM] [tDKje#25] missberrymedley: said "/crossarms5"
[1:46:04 PM] [tDKje#25] missberrymedley: said "/ecrossarms5"
[1:47:42 PM] [tDKje#24] JOSH: disconnected (Exiting)
[1:49:01 PM] [tDKje#26] Exorcism: died from suicide (Falling)
[1:50:11 PM] txAdmin: ((Broadcast) txAdmin): said "This server is scheduled to restart in 10 minutes."
[1:50:26 PM] [tDKje#31] MJL: disconnected (Exiting)
[1:50:57 PM] [tDKje#26] Exorcism: died from suicide (Falling)
[1:53:47 PM] [tDKje#35] M1ghtpoo: died from Pistol .50 by φοῖνιξ
[1:55:11 PM] txAdmin: ((Broadcast) txAdmin): said "This server is scheduled to restart in 5 minutes."
[1:56:11 PM] txAdmin: ((Broadcast) txAdmin): said "This server is scheduled to restart in 4 minutes."
[1:57:11 PM] txAdmin: ((Broadcast) txAdmin): said "This server is scheduled to restart in 3 minutes."
[1:58:11 PM] txAdmin: ((Broadcast) txAdmin): said "This server is scheduled to restart in 2 minutes."
[1:58:13 PM] [tDKje#43] Kamakazi Gamdom: disconnected (Exiting)
[1:58:23 PM] [tDKje#44] bulldogcoop63: disconnected (Exiting)
[1:59:11 PM] txAdmin: ((Broadcast) txAdmin): said "This server is scheduled to restart in 1 minute. Please disconnect now."
[1:59:19 PM] [tDKje#22] φοῖνιξ: disconnected (Exiting)
[1:59:27 PM] [tDKje#38] Rollo_Trollo: disconnected (Exiting)
[1:59:28 PM] [tDKje#25] missberrymedley: disconnected (Exiting)
[1:59:29 PM] [tDKje#26] Exorcism: disconnected (Exiting)
[2:00:07 PM] [tDKje#35] M1ghtpoo: disconnected (Disconnected.)
[2:00:10 PM] [tDKje#41] pc: disconnected (Disconnected.)
[2:00:56 PM] txAdmin: Logger started
[2:01:40 PM] [hwWp3#1] Exorcism: joined with identifiers [steam:110000157c5c234; license:7bb253287bd9b0fde87139be280127280d5da9b8; xbl:2535460107665577; live:844426175737770; discord:539940808468594698; license2:7bb253287bd9b0fde87139be280127280d5da9b8]
[2:01:55 PM] [hwWp3#2] Kody Pepperfield: joined with identifiers [steam:11000010c770c55; license:3219d00ad3af143df0db5d2bed38fe7460729e68; xbl:2535451109437060; live:1055521765014399; discord:152991330048540672; fivem:8659677; license2:3e576e238fb0360dab034daae9fc7459afbacb59]
[2:01:59 PM] [hwWp3#3] missberrymedley: joined with identifiers [steam:11000010cab8d07; license:7a3a5bfb5af789cb5f02843e29cc4ee338b0a294; xbl:2535413783067581; live:1688853905214434; discord:461174423903535107; fivem:1697557; license2:ec1926a90f33d1955abd2276f36a7c3ed4c51a23]
[2:02:10 PM] [hwWp3#4] PISSFLAPS: joined with identifiers [steam:11000014bb53aeb; license:e0893217ab0d40d6a510bcbfe1c9441b4a208a2b; discord:584024523989581834; fivem:8961289; license2:e0893217ab0d40d6a510bcbfe1c9441b4a208a2b]
[2:02:18 PM] [hwWp3#5] φοῖνιξ: joined with identifiers [steam:11000010ee88c01; license:ee681c08d9d45c48bf5af06870d7d23d75db16dc; xbl:2535430200613003; live:985158121988759; discord:305372052683096065; fivem:10488223; license2:ee681c08d9d45c48bf5af06870d7d23d75db16dc]
[2:02:28 PM] [hwWp3#6] MJL: joined with identifiers [steam:1100001324fa523; license:ec6c328d6d02f816bf13e4a9d09768c02d6e3125; xbl:2535415531070562; live:1055522508602522; discord:213410953641852928; fivem:2586828]
[2:02:34 PM] [hwWp3#7] Prime: joined with identifiers [steam:11000010ca11a3e; license:f7dcdb2337cb359eab1d01dbb378da219cffa61c; xbl:2535470342658869; live:1829581630186829; discord:218191942377406464; fivem:3083043; license2:6fb7e6793c6bdcdc1e0c5f9b3ab6accd839e0285]
[2:04:21 PM] [hwWp3#8] marcusblackwell7: joined with identifiers [steam:110000154d96125; license:b90a0574761cd349c5a4e1d6372c3ba96f26a074; discord:667904617446768652; fivem:7859917; license2:b90a0574761cd349c5a4e1d6372c3ba96f26a074]
[2:05:01 PM] [hwWp3#9] M1ghtpoo: joined with identifiers [steam:110000113ecc7e2; license:0cb0904f95f3a0c8d552729894a13d9f979aa6b7; discord:487075059320619018; license2:0cb0904f95f3a0c8d552729894a13d9f979aa6b7]
[2:05:23 PM] [hwWp3#10] pc: joined with identifiers [license:d094824ca1077bec804fa441c897dd92002897e9; xbl:2535457406681244; live:1899946154662695; discord:730884266069590117; fivem:13554888; license2:d094824ca1077bec804fa441c897dd92002897e9]
[2:05:56 PM] [hwWp3#11] BotOnMnK: joined with identifiers [steam:11000014df460ff; license:06a61b4c40fc28c0a6e0a709ba99ffb637152b33; xbl:2535406023679221; live:1055518462074046; discord:1043623556015194112; fivem:9907274; license2:06a61b4c40fc28c0a6e0a709ba99ffb637152b33]
[2:08:28 PM] [hwWp3#2] Kody Pepperfield: disconnected (Exiting)
[2:08:38 PM] [hwWp3#11] BotOnMnK: disconnected (Exiting)
[2:09:40 PM] [hwWp3#12] Allison Brooks: joined with identifiers [steam:110000147fdd29b; license:2874d2053cf7425dd27c38fe5e90964c19e188f3; xbl:2535468824153793; live:1829582615083187; discord:743124095746572399; fivem:6209076; license2:f605bd7e4006f7156845bba4f4104994863f6784]
[2:09:49 PM] [hwWp3#13] Kody Pepperfield: joined with identifiers [steam:11000010c770c55; license:3219d00ad3af143df0db5d2bed38fe7460729e68; xbl:2535451109437060; live:1055521765014399; discord:152991330048540672; fivem:8659677; license2:3e576e238fb0360dab034daae9fc7459afbacb59]
[2:14:03 PM] [hwWp3#14] BotOnMnK: joined with identifiers [steam:11000014df460ff; license:06a61b4c40fc28c0a6e0a709ba99ffb637152b33; xbl:2535406023679221; live:1055518462074046; discord:1043623556015194112; fivem:9907274; license2:06a61b4c40fc28c0a6e0a709ba99ffb637152b33]
[2:14:18 PM] [hwWp3#15] Kamakazi Gamdom: joined with identifiers [steam:11000010e87be4d; license:b27179133e8df658895ecd5f756db2a4a4c8cd08; xbl:2533275003431282; live:1829581607460581; discord:242888314108116992; fivem:11442758; license2:e1e3866f24a1a081ffd211b7c1805c667b695651]
[2:21:33 PM] [hwWp3#7] Prime: said "/hideHUD"
[2:21:33 PM] [hwWp3#1] Exorcism: said "/hideHUD"
[2:29:16 PM] [hwWp3#14] BotOnMnK: said "/hideHUD"
[2:30:05 PM] [hwWp3#5] φοῖνιξ: died from suicide (Falling)
[2:30:24 PM] [hwWp3#8] marcusblackwell7: died from suicide
[2:38:45 PM] [hwWp3#1] Exorcism: died from suicide (Falling)
[2:42:16 PM] [hwWp3#4] PISSFLAPS: said "fix"
[2:44:01 PM] [hwWp3#4] PISSFLAPS: said "fix"
[2:49:05 PM] [hwWp3#9] M1ghtpoo: said "/hideHUD"
[2:49:10 PM] [hwWp3#10] pc: disconnected (Exiting)
[2:49:12 PM] [hwWp3#9] M1ghtpoo: disconnected (Exiting)
[2:52:31 PM] [hwWp3#13] Kody Pepperfield: died from Machete by marcusblackwell7
[2:54:24 PM] [hwWp3#5] φοῖνιξ: died from Fist by BotOnMnK
[2:55:48 PM] [hwWp3#13] Kody Pepperfield: disconnected (Game crashed: d3d11.dll!??$TID3D11DeviceContext_SetShaderResources_@$00$03@CContext@@SAXPEAUID3D11DeviceContext5@@IIPEBQEAUID3D11ShaderResourceView@@@Z (0x13e))
[2:55:56 PM] [hwWp3#15] Kamakazi Gamdom: said "a/dv"
[2:55:57 PM] [hwWp3#15] Kamakazi Gamdom: said "/hideHUD"
[2:56:18 PM] [hwWp3#14] BotOnMnK: said "/hideHUD"
[2:57:35 PM] [hwWp3#16] Kody Pepperfield: joined with identifiers [steam:11000010c770c55; license:3219d00ad3af143df0db5d2bed38fe7460729e68; xbl:2535451109437060; live:1055521765014399; discord:152991330048540672; fivem:8659677; license2:3e576e238fb0360dab034daae9fc7459afbacb59]
[3:00:12 PM] [hwWp3#14] BotOnMnK: said "/hideHUD"
[3:02:57 PM] [hwWp3#5] φοῖνιξ: said "/hideHUD"
[3:05:20 PM] [hwWp3#3] missberrymedley: said "/crossarms5"
[3:05:20 PM] [hwWp3#3] missberrymedley: said "/ecrossarms5"
[3:06:12 PM] [hwWp3#3] missberrymedley: said "/crossarms5"
[3:06:12 PM] [hwWp3#3] missberrymedley: said "/ecrossarms5"
[3:07:24 PM] [hwWp3#14] BotOnMnK: died from Fist by Kody Pepperfield
[3:09:05 PM] [hwWp3#15] Kamakazi Gamdom: died from Pistol .50 by φοῖνιξ
[3:09:06 PM] [hwWp3#5] φοῖνιξ: died from Pistol by Kody Pepperfield
[3:09:18 PM] [hwWp3#3] missberrymedley: died from suicide (Falling)
[3:09:30 PM] [hwWp3#17] Ryguyyy: joined with identifiers [steam:1100001062e8bd6; license:f926438e1973465479687d3cbfb795d8ac9b3299; discord:139867838193205249; fivem:2704061; license2:43e148fa18b4161a95fc9175047a492f036575a7]
[3:14:00 PM] [hwWp3#18] RigssRP: joined with identifiers [steam:11000014abdebcf; license:0503ca95eab75210d3475b9e63fd6aa6028e6a91; xbl:2535446394392876; live:1055518940555852; discord:1103467626300199044; fivem:8351340; license2:2a20c64a2a1abb3e1653a5c89e5ac281f69f1eb9]
[3:14:58 PM] [hwWp3#19] bulldogcoop63: joined with identifiers [steam:11000015c5ccb9c; license:29aa888fee71382069550e6e0dc74a5a341edead; xbl:2535414660791367; live:985153908343121; discord:1117456859738153020; fivem:10691742; license2:29aa888fee71382069550e6e0dc74a5a341edead]
[3:22:49 PM] [hwWp3#14] BotOnMnK: said "/hideHUD"
[3:28:58 PM] [hwWp3#17] Ryguyyy: disconnected (Exiting)
[3:37:28 PM] [hwWp3#5] φοῖνιξ: disconnected (Exiting)
[3:37:38 PM] [hwWp3#12] Allison Brooks: disconnected (Exiting)
[3:38:10 PM] [hwWp3#20] Allison Brooks: joined with identifiers [steam:110000147fdd29b; license:2874d2053cf7425dd27c38fe5e90964c19e188f3; xbl:2535468824153793; live:1829582615083187; discord:743124095746572399; fivem:6209076; license2:f605bd7e4006f7156845bba4f4104994863f6784]
[3:42:31 PM] [hwWp3#18] RigssRP: disconnected (Exiting)
[3:43:28 PM] [hwWp3#21] RigssRP: joined with identifiers [steam:11000014abdebcf; license:0503ca95eab75210d3475b9e63fd6aa6028e6a91; xbl:2535446394392876; live:1055518940555852; discord:1103467626300199044; fivem:8351340; license2:2a20c64a2a1abb3e1653a5c89e5ac281f69f1eb9]
[3:45:00 PM] [hwWp3#22] Ryguyyy: joined with identifiers [steam:1100001062e8bd6; license:f926438e1973465479687d3cbfb795d8ac9b3299; discord:139867838193205249; fivem:2704061; license2:43e148fa18b4161a95fc9175047a492f036575a7]
[3:46:31 PM] [hwWp3#15] Kamakazi Gamdom: said "/adminb"
[3:47:04 PM] [hwWp3#15] Kamakazi Gamdom: said "/hideHUD"
[3:47:05 PM] [hwWp3#15] Kamakazi Gamdom: said "/hideHUD"
[3:47:06 PM] [hwWp3#15] Kamakazi Gamdom: said "/hideHUD"
[3:47:07 PM] [hwWp3#15] Kamakazi Gamdom: said "/hideHUD"
[3:47:13 PM] [hwWp3#15] Kamakazi Gamdom: said "/hideHUD"
[3:47:29 PM] [hwWp3#15] Kamakazi Gamdom: said "/esit"
[3:51:11 PM] [hwWp3#14] BotOnMnK: said "refreshskin"
[3:52:05 PM] [hwWp3#4] PISSFLAPS: said "fix"
[3:54:49 PM] [hwWp3#19] bulldogcoop63: said "/selldrugs"
[3:54:53 PM] [hwWp3#19] bulldogcoop63: said "/deal"
[3:54:56 PM] [hwWp3#19] bulldogcoop63: said "/dealer"
[3:58:38 PM] [hwWp3#21] RigssRP: died from Machete by marcusblackwell7
[3:59:48 PM] [hwWp3#21] RigssRP: died from suicide
[4:00:10 PM] [hwWp3#8] marcusblackwell7: died from Knife by BotOnMnK
[4:00:47 PM] [hwWp3#4] PISSFLAPS: disconnected (Exiting)
[4:03:04 PM] [hwWp3#20] Allison Brooks: said "/¨escort¨"
[4:03:04 PM] [hwWp3#20] Allison Brooks: said "/2"
[4:03:07 PM] [hwWp3#20] Allison Brooks: said "/¨escort¨"
[4:03:07 PM] [hwWp3#20] Allison Brooks: said "/2"
[4:03:08 PM] [hwWp3#20] Allison Brooks: said "/¨escort¨"
[4:03:08 PM] [hwWp3#20] Allison Brooks: said "/2"
[4:03:09 PM] [hwWp3#20] Allison Brooks: said "/¨escort¨"
[4:03:09 PM] [hwWp3#20] Allison Brooks: said "/2"
[4:03:15 PM] [hwWp3#8] marcusblackwell7: died from suicide (Falling)
[4:03:59 PM] [hwWp3#14] BotOnMnK: died from Knife by RigssRP
[4:04:05 PM] [hwWp3#14] BotOnMnK: said "ems"
[4:04:27 PM] [hwWp3#21] RigssRP: died from Machete by marcusblackwell7
[4:05:43 PM] [hwWp3#6] MJL: died from suicide (Falling)
[4:07:26 PM] [hwWp3#21] RigssRP: died from suicide
[4:07:59 PM] [hwWp3#6] MJL: died from suicide (Falling)
[4:08:01 PM] [hwWp3#14] BotOnMnK: died from suicide
[4:08:29 PM] [hwWp3#8] marcusblackwell7: disconnected (Exiting)
[4:10:44 PM] [hwWp3#14] BotOnMnK: said "/hideHUD"
[4:10:51 PM] [hwWp3#14] BotOnMnK: disconnected (Exiting)
[4:11:02 PM] [hwWp3#19] bulldogcoop63: said "/dealer"
[4:11:04 PM] [hwWp3#19] bulldogcoop63: said "/deal"
[4:11:07 PM] [hwWp3#19] bulldogcoop63: said "/selldrugs"
[4:11:45 PM] [hwWp3#21] RigssRP: disconnected (Exiting)
[4:14:37 PM] [hwWp3#20] Allison Brooks: died from Night Stick by Exorcism
[4:19:11 PM] [hwWp3#20] Allison Brooks: said "/¨escort¨"
[4:19:11 PM] [hwWp3#20] Allison Brooks: said "/2"
[4:26:21 PM] [hwWp3#20] Allison Brooks: died from Fist by Exorcism
[4:26:28 PM] [hwWp3#20] Allison Brooks: died from Pistol by Exorcism
[4:31:47 PM] [hwWp3#23] JOSH: joined with identifiers [steam:1100001438fe567; license:b6284c20b4ad2c41c48d4a31859b65ae2a417ec8; discord:405075418769522708; fivem:12124231; license2:b6284c20b4ad2c41c48d4a31859b65ae2a417ec8]
[4:33:40 PM] [hwWp3#20] Allison Brooks: disconnected (Exiting)
[4:34:18 PM] [hwWp3#24] Allison Brooks: joined with identifiers [steam:110000147fdd29b; license:2874d2053cf7425dd27c38fe5e90964c19e188f3; xbl:2535468824153793; live:1829582615083187; discord:743124095746572399; fivem:6209076; license2:f605bd7e4006f7156845bba4f4104994863f6784]
[4:35:36 PM] [hwWp3#23] JOSH: disconnected (Exiting)
[4:37:30 PM] [hwWp3#1] Exorcism: died from suicide (Falling)
[4:37:31 PM] [hwWp3#24] Allison Brooks: died from suicide (Falling)
[4:40:34 PM] [hwWp3#24] Allison Brooks: said "/TWERKJ"
[4:40:38 PM] [hwWp3#24] Allison Brooks: said "/dance"
[4:44:55 PM] [hwWp3#16] Kody Pepperfield: disconnected (Exiting)
[4:47:54 PM] [hwWp3#15] Kamakazi Gamdom: said "/hideHUD"
[4:48:03 PM] [hwWp3#15] Kamakazi Gamdom: said "/hideHUD"
[4:48:05 PM] [hwWp3#15] Kamakazi Gamdom: said "/hideHUD"
[4:48:05 PM] [hwWp3#15] Kamakazi Gamdom: said "/hideHUD"
[4:48:38 PM] [hwWp3#15] Kamakazi Gamdom: said "/hideHUD"
[4:48:38 PM] [hwWp3#15] Kamakazi Gamdom: said "/hideHUD"
[4:48:51 PM] [hwWp3#7] Prime: said "/hideHUD"
[4:48:51 PM] [hwWp3#24] Allison Brooks: said "/hideHUD"
[4:48:56 PM] [hwWp3#7] Prime: disconnected (Exiting)
[4:49:04 PM] [hwWp3#24] Allison Brooks: disconnected (Exiting)
[4:49:11 PM] [hwWp3#1] Exorcism: disconnected (Exiting)
[4:49:13 PM] [hwWp3#15] Kamakazi Gamdom: said "/hideHUD"
[4:49:15 PM] [hwWp3#15] Kamakazi Gamdom: said "/hideHUD"
[4:49:29 PM] [hwWp3#15] Kamakazi Gamdom: said "/hideHUD"
[4:49:29 PM] [hwWp3#15] Kamakazi Gamdom: said "/hideHUD"
[4:50:54 PM] [hwWp3#15] Kamakazi Gamdom: disconnected (Exiting)
[4:59:37 PM] [hwWp3#25] PISSFLAPS: joined with identifiers [steam:11000014bb53aeb; license:e0893217ab0d40d6a510bcbfe1c9441b4a208a2b; discord:584024523989581834; fivem:8961289; license2:e0893217ab0d40d6a510bcbfe1c9441b4a208a2b]
[4:59:47 PM] [hwWp3#25] PISSFLAPS: disconnected (Game crashed: ntdll.dll!RtlReportFatalFailure (0x9))
[5:00:32 PM] [hwWp3#26] PISSFLAPS: joined with identifiers [steam:11000014bb53aeb; license:e0893217ab0d40d6a510bcbfe1c9441b4a208a2b; discord:584024523989581834; fivem:8961289; license2:e0893217ab0d40d6a510bcbfe1c9441b4a208a2b]
[5:31:54 PM] [hwWp3#3] missberrymedley: said "/hideHUD"
[5:33:32 PM] [hwWp3#3] missberrymedley: disconnected (Exiting)
[5:41:46 PM] [hwWp3#26] PISSFLAPS: said "/s"
[6:20:27 PM] [hwWp3#27] ki: joined with identifiers [steam:11000014937305e; license:96f267487834a7dd20e1835ec25225692b2fd6ed; xbl:2533274848562754; live:1055520789945701; discord:863516509002006589; license2:96f267487834a7dd20e1835ec25225692b2fd6ed]
[6:24:10 PM] [hwWp3#28] Prime: joined with identifiers [steam:11000010ca11a3e; license:f7dcdb2337cb359eab1d01dbb378da219cffa61c; xbl:2535470342658869; live:1829581630186829; discord:218191942377406464; fivem:3083043; license2:6fb7e6793c6bdcdc1e0c5f9b3ab6accd839e0285]
[6:28:15 PM] [hwWp3#22] Ryguyyy: died from suicide (Falling)
[6:29:21 PM] [hwWp3#29] LANDO55: joined with identifiers [steam:110000164c67725; license:d8294bc0556f53681a9512b9470267d3be4ba88f; xbl:2535453926872743; live:844425205385718; discord:1214390049429524531; fivem:13471247; license2:d8294bc0556f53681a9512b9470267d3be4ba88f]
[6:31:43 PM] [hwWp3#27] ki: said "/hideHUD"
[6:31:54 PM] [hwWp3#6] MJL: disconnected (text.afk_kick_message)
[6:32:25 PM] [hwWp3#27] ki: said "/hideHUD"
[6:33:10 PM] [hwWp3#27] ki: said "/hideHUD"
[6:34:32 PM] [hwWp3#28] Prime: died from suicide (Falling)
[6:35:28 PM] [hwWp3#27] ki: said "/hideHUD"
[6:35:51 PM] [hwWp3#30] BotOnMnK: joined with identifiers [steam:11000014df460ff; license:06a61b4c40fc28c0a6e0a709ba99ffb637152b33; xbl:2535406023679221; live:1055518462074046; discord:1043623556015194112; fivem:9907274; license2:06a61b4c40fc28c0a6e0a709ba99ffb637152b33]
[6:37:11 PM] [hwWp3#27] ki: said "/hideHUD"
[6:37:57 PM] [hwWp3#27] ki: said "/hideHUD"
[6:38:18 PM] [hwWp3#28] Prime: said "/hideHUD"
[6:38:38 PM] [hwWp3#27] ki: said "/hideHUD"
[6:39:17 PM] [hwWp3#27] ki: said "/hideHUD"
[6:39:57 PM] [hwWp3#28] Prime: said "/hideHUD"
[6:41:26 PM] [hwWp3#19] bulldogcoop63: said "/selldrugs"
[6:41:32 PM] [hwWp3#19] bulldogcoop63: said "/deal"
[6:41:38 PM] [hwWp3#19] bulldogcoop63: said "/deal"
[6:41:42 PM] [hwWp3#19] bulldogcoop63: said "/trap"
[6:42:11 PM] [hwWp3#29] LANDO55: said "/selldrugs"
[6:42:20 PM] [hwWp3#29] LANDO55: said "/selldrugs"
[6:42:27 PM] [hwWp3#19] bulldogcoop63: said "/selldrugs"
[6:42:27 PM] [hwWp3#19] bulldogcoop63: said "/selldrugs"
[6:42:28 PM] [hwWp3#19] bulldogcoop63: said "/selldrugs"
[6:42:51 PM] [hwWp3#27] ki: said "/cclear"
[6:44:50 PM] [hwWp3#31] Kamakazi: joined with identifiers [steam:11000010e87be4d; license:b27179133e8df658895ecd5f756db2a4a4c8cd08; xbl:2533275003431282; live:1829581607460581; discord:242888314108116992; fivem:11442758; license2:e1e3866f24a1a081ffd211b7c1805c667b695651]
[6:49:39 PM] [hwWp3#31] Kamakazi: disconnected (Exiting)
[6:50:09 PM] [hwWp3#27] ki: said "/hideHUD"
[6:51:23 PM] [hwWp3#22] Ryguyyy: said "/hideHUD"
[6:51:43 PM] [hwWp3#30] BotOnMnK: disconnected (Exiting)
[6:52:34 PM] [hwWp3#32] BotOnMnK: joined with identifiers [steam:11000014df460ff; license:06a61b4c40fc28c0a6e0a709ba99ffb637152b33; xbl:2535406023679221; live:1055518462074046; discord:1043623556015194112; fivem:9907274; license2:06a61b4c40fc28c0a6e0a709ba99ffb637152b33]
[6:55:59 PM] [hwWp3#33] Kamakazi: joined with identifiers [steam:11000010e87be4d; license:b27179133e8df658895ecd5f756db2a4a4c8cd08; xbl:2533275003431282; live:1829581607460581; discord:242888314108116992; fivem:11442758; license2:e1e3866f24a1a081ffd211b7c1805c667b695651]
[6:58:21 PM] [hwWp3#28] Prime: said "/hideHUD"
[7:00:03 PM] [hwWp3#27] ki: said "/hideHUD"
[7:00:17 PM] [hwWp3#27] ki: said "/hideHUD"
[7:01:21 PM] [hwWp3#28] Prime: died from suicide (Falling)
[7:02:06 PM] [hwWp3#33] Kamakazi: said "/hideHUD"
[7:02:08 PM] [hwWp3#33] Kamakazi: said "/hideHUD"
[7:02:11 PM] [hwWp3#33] Kamakazi: said "/hideHUD"
[7:02:39 PM] [hwWp3#33] Kamakazi: said "/hideHUD"
[7:02:39 PM] [hwWp3#33] Kamakazi: said "/hideHUD"
[7:04:46 PM] [hwWp3#33] Kamakazi: said "/hideHUD"
[7:05:50 PM] [hwWp3#27] ki: said "/hideHUD"
[7:05:54 PM] [hwWp3#32] BotOnMnK: died from suicide
[7:06:06 PM] [hwWp3#33] Kamakazi: disconnected (Exiting)
[7:08:18 PM] [hwWp3#27] ki: said "/hideHUD"
[7:11:07 PM] [hwWp3#34] Kiko: joined with identifiers [steam:110000133e52a5e; license:54a6c7eec11a9fb20bc62541c4e0c0e5662c273e; xbl:2535411384329761; live:914801441415108; discord:356896475013447681; fivem:7651343; license2:54a6c7eec11a9fb20bc62541c4e0c0e5662c273e]
[7:11:15 PM] [hwWp3#26] PISSFLAPS: died from Vehicle Rotors by Ryguyyy
[7:12:22 PM] [hwWp3#27] ki: said "/cleaf"
[7:12:24 PM] [hwWp3#27] ki: said "/cleart"
[7:16:16 PM] [hwWp3#29] LANDO55: said "/selldrugs"
[7:16:18 PM] [hwWp3#29] LANDO55: said "/selldrugs"
[7:16:19 PM] [hwWp3#29] LANDO55: said "/selldrugs"
[7:16:19 PM] [hwWp3#29] LANDO55: said "/selldrugs"
[7:16:20 PM] [hwWp3#29] LANDO55: said "/selldrugs"
[7:19:27 PM] [hwWp3#35] Anne Flank: joined with identifiers [steam:1100001097e125b; license:a938a74170975c01e88f463aea01684a16f28545; xbl:2535409246266710; live:1899947325711585; discord:293157047682465793; license2:9eb41e0279fe15e33ff86440bafc2105d3b78f01]
[7:20:44 PM] [hwWp3#32] BotOnMnK: died from suicide (Falling)
[7:27:06 PM] [hwWp3#27] ki: disconnected (Exiting)
[7:41:54 PM] [hwWp3#19] bulldogcoop63: said "/selldrugs"
[7:41:58 PM] [hwWp3#19] bulldogcoop63: said "/deal"
[7:42:01 PM] [hwWp3#19] bulldogcoop63: said "/dealer"
[7:42:40 PM] [hwWp3#19] bulldogcoop63: said "/trap"
[7:44:55 PM] [hwWp3#36] JOSH: joined with identifiers [steam:1100001438fe567; license:b6284c20b4ad2c41c48d4a31859b65ae2a417ec8; discord:405075418769522708; fivem:12124231; license2:b6284c20b4ad2c41c48d4a31859b65ae2a417ec8]
[7:50:05 PM] [hwWp3#29] LANDO55: said "/selldrugs"
[7:50:55 PM] [hwWp3#19] bulldogcoop63: disconnected (Exiting)
[7:51:50 PM] [hwWp3#37] bulldogcoop63: joined with identifiers [steam:11000015c5ccb9c; license:29aa888fee71382069550e6e0dc74a5a341edead; xbl:2535414660791367; live:985153908343121; discord:1117456859738153020; fivem:10691742; license2:29aa888fee71382069550e6e0dc74a5a341edead]
[7:52:47 PM] [hwWp3#37] bulldogcoop63: died from suicide (Falling)
[7:52:51 PM] [hwWp3#36] JOSH: said "/th"
[7:57:31 PM] [hwWp3#34] Kiko: disconnected (Exiting)
[7:57:45 PM] [hwWp3#32] BotOnMnK: died from suicide (Ranover by Vehicle)
[8:04:57 PM] [hwWp3#35] Anne Flank: disconnected (Exiting)
[8:11:27 PM] [hwWp3#36] JOSH: said "/hideHUD"
[8:14:29 PM] [hwWp3#28] Prime: said "/hideHUD"
[8:17:20 PM] [hwWp3#37] bulldogcoop63: said "/carry"
[8:24:58 PM] [hwWp3#38] RigssRP: joined with identifiers [steam:11000014abdebcf; license:0503ca95eab75210d3475b9e63fd6aa6028e6a91; xbl:2535446394392876; live:1055518940555852; discord:1103467626300199044; fivem:8351340; license2:2a20c64a2a1abb3e1653a5c89e5ac281f69f1eb9]
[8:34:28 PM] [hwWp3#37] bulldogcoop63: disconnected (Exiting)
[8:39:50 PM] [hwWp3#29] LANDO55: disconnected (Exiting)
[8:42:16 PM] [hwWp3#26] PISSFLAPS: said "/hideHUD"
[8:53:52 PM] [hwWp3#26] PISSFLAPS: said "/hideHUD"
[8:54:52 PM] [hwWp3#32] BotOnMnK: died from suicide (Falling)
[8:56:18 PM] [hwWp3#26] PISSFLAPS: said "/fixx"
[8:57:50 PM] [hwWp3#26] PISSFLAPS: said "/duty"
[9:00:17 PM] [hwWp3#36] JOSH: disconnected (Exiting)
[9:03:22 PM] [hwWp3#32] BotOnMnK: disconnected (Exiting)
[9:04:04 PM] [hwWp3#26] PISSFLAPS: said "/hideHUD"
[9:04:12 PM] [hwWp3#39] BotOnMnK: joined with identifiers [steam:11000014df460ff; license:06a61b4c40fc28c0a6e0a709ba99ffb637152b33; xbl:2535406023679221; live:1055518462074046; discord:1043623556015194112; fivem:9907274; license2:06a61b4c40fc28c0a6e0a709ba99ffb637152b33]
[9:18:19 PM] [hwWp3#22] Ryguyyy: disconnected (Exiting)
[9:18:26 PM] [hwWp3#39] BotOnMnK: died from suicide (Falling)
[9:23:14 PM] [hwWp3#39] BotOnMnK: caused an explosion (BIKE)
[9:30:20 PM] txAdmin: ((Broadcast) txAdmin): said "This server is scheduled to restart in 30 minutes."
[9:33:03 PM] [hwWp3#28] Prime: died from Heavy Pistol by PISSFLAPS
[9:33:33 PM] [hwWp3#39] BotOnMnK: died from Heavy Pistol by PISSFLAPS
[9:33:36 PM] [hwWp3#38] RigssRP: died from Heavy Pistol by PISSFLAPS
[9:34:07 PM] [hwWp3#26] PISSFLAPS: died from Pistol by Prime
[9:34:31 PM] [hwWp3#26] PISSFLAPS: died from suicide
[9:34:53 PM] [hwWp3#26] PISSFLAPS: died from Heavy Pistol by Prime
[9:36:49 PM] [hwWp3#26] PISSFLAPS: said "/reviv"
[9:36:55 PM] [hwWp3#26] PISSFLAPS: died from Heavy Pistol by Prime
[9:37:31 PM] [hwWp3#38] RigssRP: died from Night Stick by BotOnMnK
[9:38:22 PM] [hwWp3#26] PISSFLAPS: died from Pistol by BotOnMnK
[9:39:27 PM] [hwWp3#26] PISSFLAPS: died from Heavy Pistol by Prime
[9:39:39 PM] [hwWp3#26] PISSFLAPS: died from Heavy Pistol by Prime
[9:40:14 PM] [hwWp3#28] Prime: died from suicide (Falling)
[9:41:36 PM] [hwWp3#26] PISSFLAPS: died from suicide (Falling)
[9:41:36 PM] [hwWp3#38] RigssRP: died from Ranover by Vehicle by PISSFLAPS
[9:41:51 PM] [hwWp3#28] Prime: said "\"
[9:42:00 PM] [hwWp3#28] Prime: died from Heavy Pistol by PISSFLAPS
[9:42:07 PM] [hwWp3#39] BotOnMnK: died from Heavy Pistol by PISSFLAPS
[9:45:00 PM] [hwWp3#26] PISSFLAPS: said "/spawnweapon 26 pd_glock"
[9:45:20 PM] txAdmin: ((Broadcast) txAdmin): said "This server is scheduled to restart in 15 minutes."
[9:47:59 PM] [hwWp3#28] Prime: died from Combat Pistol by PISSFLAPS
[9:50:10 PM] [hwWp3#38] RigssRP: died from Combat Pistol by PISSFLAPS
[9:50:20 PM] txAdmin: ((Broadcast) txAdmin): said "This server is scheduled to restart in 10 minutes."
[9:51:33 PM] [hwWp3#38] RigssRP: died from Pistol by Prime
[9:55:20 PM] txAdmin: ((Broadcast) txAdmin): said "This server is scheduled to restart in 5 minutes."
[9:56:21 PM] txAdmin: ((Broadcast) txAdmin): said "This server is scheduled to restart in 4 minutes."
[9:56:24 PM] [hwWp3#39] BotOnMnK: died from Knife by RigssRP
[9:56:43 PM] [hwWp3#38] RigssRP: died from Heavy Pistol by PISSFLAPS
[9:57:21 PM] txAdmin: ((Broadcast) txAdmin): said "This server is scheduled to restart in 3 minutes."
[9:58:16 PM] [hwWp3#26] PISSFLAPS: said "/refrehskin"
[9:58:20 PM] txAdmin: ((Broadcast) txAdmin): said "This server is scheduled to restart in 2 minutes."
[9:58:47 PM] [hwWp3#38] RigssRP: died from Pistol by Prime
[9:59:21 PM] txAdmin: ((Broadcast) txAdmin): said "This server is scheduled to restart in 1 minute. Please disconnect now."
[9:59:36 PM] [hwWp3#38] RigssRP: died from Heavy Pistol by PISSFLAPS
[9:59:54 PM] [hwWp3#38] RigssRP: died from Heavy Pistol by PISSFLAPS
[10:00:20 PM] [hwWp3#26] PISSFLAPS: disconnected ([txAdmin] Server restarting (scheduled restart at 22:00).)
[10:00:20 PM] [hwWp3#28] Prime: disconnected ([txAdmin] Server restarting (scheduled restart at 22:00).)
[10:00:20 PM] [hwWp3#38] RigssRP: disconnected ([txAdmin] Server restarting (scheduled restart at 22:00).)
[10:00:20 PM] [hwWp3#39] BotOnMnK: disconnected ([txAdmin] Server restarting (scheduled restart at 22:00).)
[10:00:53 PM] txAdmin: Logger started
[10:01:34 PM] [DbzPe#1] RigssRP: joined with identifiers [steam:11000014abdebcf; license:0503ca95eab75210d3475b9e63fd6aa6028e6a91; xbl:2535446394392876; live:1055518940555852; discord:1103467626300199044; fivem:8351340; license2:2a20c64a2a1abb3e1653a5c89e5ac281f69f1eb9]
[10:02:40 PM] [DbzPe#2] Prime: joined with identifiers [steam:11000010ca11a3e; license:f7dcdb2337cb359eab1d01dbb378da219cffa61c; xbl:2535470342658869; live:1829581630186829; discord:218191942377406464; fivem:3083043; license2:6fb7e6793c6bdcdc1e0c5f9b3ab6accd839e0285]
[10:02:46 PM] [DbzPe#3] PISSFLAPS: joined with identifiers [steam:11000014bb53aeb; license:e0893217ab0d40d6a510bcbfe1c9441b4a208a2b; discord:584024523989581834; fivem:8961289; license2:e0893217ab0d40d6a510bcbfe1c9441b4a208a2b]
[10:02:50 PM] [DbzPe#4] BotOnMnK: joined with identifiers [steam:11000014df460ff; license:06a61b4c40fc28c0a6e0a709ba99ffb637152b33; xbl:2535406023679221; live:1055518462074046; discord:1043623556015194112; fivem:9907274; license2:06a61b4c40fc28c0a6e0a709ba99ffb637152b33]
[10:04:33 PM] [DbzPe#4] BotOnMnK: died from Night Stick by Prime
[10:05:58 PM] [DbzPe#2] Prime: died from suicide
[10:06:37 PM] [DbzPe#4] BotOnMnK: died from Bat by Prime
[10:07:37 PM] [DbzPe#4] BotOnMnK: died from Bat by Prime
[10:07:48 PM] [DbzPe#4] BotOnMnK: died from Bat by Prime
[10:11:11 PM] [DbzPe#2] Prime: said "/emotemeu"
[10:15:47 PM] [DbzPe#5] Anne Flank: joined with identifiers [steam:1100001097e125b; license:a938a74170975c01e88f463aea01684a16f28545; xbl:2535409246266710; live:1899947325711585; discord:293157047682465793; license2:9eb41e0279fe15e33ff86440bafc2105d3b78f01]
[10:21:59 PM] [DbzPe#3] PISSFLAPS: said "/hideHUD"
[10:23:25 PM] [DbzPe#4] BotOnMnK: died from suicide (Falling)
[10:29:51 PM] [DbzPe#4] BotOnMnK: died from suicide (Falling)
[10:29:54 PM] [DbzPe#1] RigssRP: died from suicide (Falling)
[10:32:42 PM] [DbzPe#3] PISSFLAPS: said "/delete"
[10:33:06 PM] [DbzPe#3] PISSFLAPS: said "/deleteentity"
[10:34:46 PM] [DbzPe#1] RigssRP: died from Pistol by BotOnMnK
[10:36:08 PM] [DbzPe#4] BotOnMnK: died from Pistol by Prime
[10:40:16 PM] [DbzPe#2] Prime: died from suicide (Falling)
[10:40:29 PM] [DbzPe#2] Prime: said "/quirt"
[10:40:30 PM] [DbzPe#2] Prime: disconnected (Exiting)
[10:44:33 PM] [DbzPe#1] RigssRP: died from Heavy Pistol by PISSFLAPS
[10:44:58 PM] [DbzPe#6] Prime: joined with identifiers [steam:11000010ca11a3e; license:f7dcdb2337cb359eab1d01dbb378da219cffa61c; xbl:2535470342658869; live:1829581630186829; discord:218191942377406464; fivem:3083043; license2:6fb7e6793c6bdcdc1e0c5f9b3ab6accd839e0285]
[10:53:06 PM] [DbzPe#1] RigssRP: died from Pistol by Prime
[11:03:38 PM] [DbzPe#1] RigssRP: died from Pistol by Prime
[11:10:09 PM] [DbzPe#7] JOSH: joined with identifiers [steam:1100001438fe567; license:b6284c20b4ad2c41c48d4a31859b65ae2a417ec8; discord:405075418769522708; fivem:12124231; license2:b6284c20b4ad2c41c48d4a31859b65ae2a417ec8]
[11:12:06 PM] [DbzPe#3] PISSFLAPS: said "/refreshkin"
[11:25:51 PM] [DbzPe#8] Ras Jr: joined with identifiers [steam:11000015c3f1612; license:35c7844efea5c2ddeb0651d4dbc97d6a064c4774; xbl:2535439778100931; live:844425224566945; discord:614203359028576270; license2:455ac21353d0017132574f51467c9f5a6b01e629]
[11:39:17 PM] [DbzPe#6] Prime: died from suicide (Falling)
[11:48:10 PM] [DbzPe#6] Prime: died from suicide (Falling)
[11:48:39 PM] [DbzPe#6] Prime: died from Pistol by JOSH
[11:48:42 PM] [DbzPe#3] PISSFLAPS: died from Pistol by JOSH
[11:49:13 PM] [DbzPe#7] JOSH: died from Pistol by Prime
[11:50:06 PM] [DbzPe#7] JOSH: said "/th"
[11:50:06 PM] [DbzPe#7] JOSH: said "/th"
