
================================================================
======== Log Rotated - 3/29/2024, 12:00:00 AM                   
================================================================
[4:25:03 AM] [nrJUL#1] Esky: joined with identifiers [steam:110000131c93706; license:8dfbcb6dabf76f1c81aa91d421dc6c2ab1407ba6; xbl:2535436019694875; live:914798270695886; discord:350771731708772354; fivem:11993654; license2:8dfbcb6dabf76f1c81aa91d421dc6c2ab1407ba6]
[4:30:09 AM] [nrJUL#2] DaddyDizzle: joined with identifiers [steam:11000014bb53aeb; license:e0893217ab0d40d6a510bcbfe1c9441b4a208a2b; discord:584024523989581834; fivem:8961289; license2:e0893217ab0d40d6a510bcbfe1c9441b4a208a2b]
[4:33:04 AM] [nrJUL#1] Esky: disconnected ([txAdmin] Server restarting (requested by mjl1106).)
[4:33:04 AM] [nrJUL#2] DaddyDizzle: disconnected ([txAdmin] Server restarting (requested by mjl1106).)
[4:33:36 AM] txAdmin: Logger started
[4:34:53 AM] [dgDHL#1] MJL: joined with identifiers [steam:1100001324fa523; license:ec6c328d6d02f816bf13e4a9d09768c02d6e3125; xbl:2535415531070562; live:1055522508602522; discord:213410953641852928; fivem:2586828]
[4:35:49 AM] [dgDHL#2] DaddyDizzle: joined with identifiers [steam:11000014bb53aeb; license:e0893217ab0d40d6a510bcbfe1c9441b4a208a2b; discord:584024523989581834; fivem:8961289; license2:e0893217ab0d40d6a510bcbfe1c9441b4a208a2b]
[4:40:38 AM] [dgDHL#3] missberrymedley: joined with identifiers [steam:11000010cab8d07; license:7a3a5bfb5af789cb5f02843e29cc4ee338b0a294; xbl:2535413783067581; live:1688853905214434; discord:461174423903535107; fivem:1697557; license2:ec1926a90f33d1955abd2276f36a7c3ed4c51a23]
[4:45:03 AM] [dgDHL#3] missberrymedley: disconnected (Exiting)
[4:55:32 AM] [dgDHL#4] missberrymedley: joined with identifiers [steam:11000010cab8d07; license:7a3a5bfb5af789cb5f02843e29cc4ee338b0a294; xbl:2535413783067581; live:1688853905214434; discord:461174423903535107; fivem:1697557; license2:ec1926a90f33d1955abd2276f36a7c3ed4c51a23]
[5:01:24 AM] [dgDHL#2] DaddyDizzle: said "/hideHUD"
[5:30:29 AM] txAdmin: ((Broadcast) txAdmin): said "This server is scheduled to restart in 30 minutes."
[5:42:38 AM] [dgDHL#4] missberrymedley: disconnected (Exiting)
[5:45:30 AM] txAdmin: ((Broadcast) txAdmin): said "This server is scheduled to restart in 15 minutes."
[5:46:46 AM] [dgDHL#1] MJL: said "/revvive"
[5:50:29 AM] txAdmin: ((Broadcast) txAdmin): said "This server is scheduled to restart in 10 minutes."
[5:55:30 AM] txAdmin: ((Broadcast) txAdmin): said "This server is scheduled to restart in 5 minutes."
[5:56:30 AM] txAdmin: ((Broadcast) txAdmin): said "This server is scheduled to restart in 4 minutes."
[5:57:30 AM] txAdmin: ((Broadcast) txAdmin): said "This server is scheduled to restart in 3 minutes."
[5:58:29 AM] txAdmin: ((Broadcast) txAdmin): said "This server is scheduled to restart in 2 minutes."
[5:59:29 AM] txAdmin: ((Broadcast) txAdmin): said "This server is scheduled to restart in 1 minute. Please disconnect now."
[6:00:29 AM] [dgDHL#1] MJL: disconnected ([txAdmin] Server restarting (scheduled restart at 06:00).)
[6:00:29 AM] [dgDHL#2] DaddyDizzle: disconnected ([txAdmin] Server restarting (scheduled restart at 06:00).)
[6:01:02 AM] txAdmin: Logger started
[6:03:53 AM] [hWgaP#1] DaddyDizzle: joined with identifiers [steam:11000014bb53aeb; license:e0893217ab0d40d6a510bcbfe1c9441b4a208a2b; discord:584024523989581834; fivem:8961289; license2:e0893217ab0d40d6a510bcbfe1c9441b4a208a2b]
[6:04:54 AM] [hWgaP#2] missberrymedley: joined with identifiers [steam:11000010cab8d07; license:7a3a5bfb5af789cb5f02843e29cc4ee338b0a294; xbl:2535413783067581; live:1688853905214434; discord:461174423903535107; fivem:1697557; license2:ec1926a90f33d1955abd2276f36a7c3ed4c51a23]
[6:06:55 AM] [hWgaP#1] DaddyDizzle: said "/setamm"
[6:07:00 AM] [hWgaP#1] DaddyDizzle: said "/setamm0 300"
[6:19:17 AM] [hWgaP#3] marcusblackwell7: joined with identifiers [steam:110000154d96125; license:b90a0574761cd349c5a4e1d6372c3ba96f26a074; discord:667904617446768652; fivem:7859917; license2:b90a0574761cd349c5a4e1d6372c3ba96f26a074]
[6:20:42 AM] [hWgaP#3] marcusblackwell7: disconnected (Exiting)
[6:21:05 AM] [hWgaP#4] marcusblackwell7: joined with identifiers [steam:110000154d96125; license:b90a0574761cd349c5a4e1d6372c3ba96f26a074; discord:667904617446768652; fivem:7859917; license2:b90a0574761cd349c5a4e1d6372c3ba96f26a074]
[6:24:39 AM] [hWgaP#5] Kamakazi Gamdom: joined with identifiers [steam:11000010e87be4d; license:b27179133e8df658895ecd5f756db2a4a4c8cd08; xbl:2533275003431282; live:1829581607460581; discord:242888314108116992; fivem:11442758; license2:e1e3866f24a1a081ffd211b7c1805c667b695651]
[6:26:15 AM] [hWgaP#5] Kamakazi Gamdom: said "/hideHUD"
[6:26:15 AM] [hWgaP#5] Kamakazi Gamdom: said "/hideHUD"
[6:29:12 AM] [hWgaP#5] Kamakazi Gamdom: said "/hideHUD"
[6:29:23 AM] [hWgaP#5] Kamakazi Gamdom: said "/hideHUD"
[6:29:23 AM] [hWgaP#5] Kamakazi Gamdom: said "/hideHUD"
[6:32:03 AM] [hWgaP#5] Kamakazi Gamdom: said "/hideHUD"
[6:32:04 AM] [hWgaP#5] Kamakazi Gamdom: said "/hideHUD"
[6:32:04 AM] [hWgaP#5] Kamakazi Gamdom: said "/hideHUD"
[6:32:07 AM] [hWgaP#5] Kamakazi Gamdom: said "/hideHUD"
[6:32:08 AM] [hWgaP#5] Kamakazi Gamdom: said "/hideHUD"
[6:32:14 AM] [hWgaP#5] Kamakazi Gamdom: said "/hideHUD"
[6:32:16 AM] [hWgaP#5] Kamakazi Gamdom: said "/hideHUD"
[6:32:17 AM] [hWgaP#5] Kamakazi Gamdom: said "/hideHUD"
[6:32:17 AM] [hWgaP#5] Kamakazi Gamdom: said "/hideHUD"
[6:36:37 AM] [hWgaP#5] Kamakazi Gamdom: said "/hideHUD"
[6:36:38 AM] [hWgaP#5] Kamakazi Gamdom: said "/hideHUD"
[6:38:26 AM] [hWgaP#5] Kamakazi Gamdom: said "/hideHUD"
[6:39:56 AM] [hWgaP#6] BotOnMnK: joined with identifiers [steam:11000014df460ff; license:06a61b4c40fc28c0a6e0a709ba99ffb637152b33; xbl:2535406023679221; live:1055518462074046; discord:1043623556015194112; fivem:9907274; license2:06a61b4c40fc28c0a6e0a709ba99ffb637152b33]
[6:40:00 AM] [hWgaP#5] Kamakazi Gamdom: said "/admim"
[6:40:20 AM] [hWgaP#5] Kamakazi Gamdom: disconnected (Exiting)
[6:41:47 AM] [hWgaP#6] BotOnMnK: disconnected (Exiting)
[6:43:10 AM] [hWgaP#4] marcusblackwell7: said "/hideHUD"
[6:43:14 AM] [hWgaP#1] DaddyDizzle: disconnected (Exiting)
[6:43:17 AM] [hWgaP#4] marcusblackwell7: disconnected (Exiting)
[6:48:20 AM] [hWgaP#7] marcusblackwell7: joined with identifiers [steam:110000154d96125; license:b90a0574761cd349c5a4e1d6372c3ba96f26a074; discord:667904617446768652; fivem:7859917; license2:b90a0574761cd349c5a4e1d6372c3ba96f26a074]
[7:04:10 AM] [hWgaP#2] missberrymedley: said "/hideHUD"
[7:40:17 AM] [hWgaP#7] marcusblackwell7: disconnected (Exiting)
[8:33:59 AM] [hWgaP#8] marcusblackwell7: joined with identifiers [steam:110000154d96125; license:b90a0574761cd349c5a4e1d6372c3ba96f26a074; discord:667904617446768652; fivem:7859917; license2:b90a0574761cd349c5a4e1d6372c3ba96f26a074]
[8:49:27 AM] [hWgaP#8] marcusblackwell7: disconnected (Game crashed: RAGE error: ERR_STR_INFO_2)
[8:49:53 AM] [hWgaP#9] marcusblackwell7: joined with identifiers [steam:110000154d96125; license:b90a0574761cd349c5a4e1d6372c3ba96f26a074; discord:667904617446768652; fivem:7859917; license2:b90a0574761cd349c5a4e1d6372c3ba96f26a074]
[8:59:43 AM] [hWgaP#10] JOSH: joined with identifiers [steam:1100001438fe567; license:b6284c20b4ad2c41c48d4a31859b65ae2a417ec8; discord:405075418769522708; fivem:12124231; license2:b6284c20b4ad2c41c48d4a31859b65ae2a417ec8]
[9:01:40 AM] [hWgaP#2] missberrymedley: said "/hideHUD"
[9:07:18 AM] [hWgaP#11] marcusblackwell7: joined with identifiers [steam:110000154d96125; license:b90a0574761cd349c5a4e1d6372c3ba96f26a074; discord:667904617446768652; fivem:7859917; license2:b90a0574761cd349c5a4e1d6372c3ba96f26a074]
[9:07:19 AM] [hWgaP#9] marcusblackwell7: disconnected (Duplicate licenses detected: b90a0574761cd349c5a4e1d6372c3ba96f26a074)
[9:48:08 AM] [hWgaP#10] JOSH: died from suicide (Falling)
[9:53:41 AM] [hWgaP#12] Mr.Green: joined with identifiers [steam:110000117f12b1a; license:8cb9f8548eb4c7764c77849cfa2ff397ec016f08; xbl:2535433922801834; live:985153858977618; discord:322443072233537556; fivem:10498222; license2:6dd94f8afb9d56223c4c530061c5ab1316c72c1c]
[9:54:46 AM] [hWgaP#13] φοῖνιξ: joined with identifiers [steam:11000010ee88c01; license:ee681c08d9d45c48bf5af06870d7d23d75db16dc; xbl:2535430200613003; live:985158121988759; discord:305372052683096065; fivem:10488223; license2:ee681c08d9d45c48bf5af06870d7d23d75db16dc]
[10:12:16 AM] [hWgaP#11] marcusblackwell7: died from suicide
[10:17:52 AM] [hWgaP#14] BotOnMnK: joined with identifiers [steam:11000014df460ff; license:06a61b4c40fc28c0a6e0a709ba99ffb637152b33; xbl:2535406023679221; live:1055518462074046; discord:1043623556015194112; fivem:9907274; license2:06a61b4c40fc28c0a6e0a709ba99ffb637152b33]
[10:18:09 AM] [hWgaP#13] φοῖνιξ: said "/seat1"
[10:24:15 AM] [hWgaP#11] marcusblackwell7: disconnected (Exiting)
[10:39:34 AM] [hWgaP#14] BotOnMnK: said "/handsup"
[10:39:39 AM] [hWgaP#14] BotOnMnK: said "/handsup"
[10:46:59 AM] [hWgaP#2] missberrymedley: said "/hideHUD"
[10:49:04 AM] [hWgaP#13] φοῖνιξ: said "/hideHUD"
[10:55:42 AM] [hWgaP#10] JOSH: disconnected (Exiting)
[10:56:54 AM] [hWgaP#15] JOSH: joined with identifiers [steam:1100001438fe567; license:b6284c20b4ad2c41c48d4a31859b65ae2a417ec8; discord:405075418769522708; fivem:12124231; license2:b6284c20b4ad2c41c48d4a31859b65ae2a417ec8]
[11:04:00 AM] [hWgaP#16] Esky: joined with identifiers [steam:110000131c93706; license:8dfbcb6dabf76f1c81aa91d421dc6c2ab1407ba6; xbl:2535436019694875; live:914798270695886; discord:350771731708772354; fivem:11993654; license2:8dfbcb6dabf76f1c81aa91d421dc6c2ab1407ba6]
[11:05:46 AM] [hWgaP#17] marcusblackwell7: joined with identifiers [steam:110000154d96125; license:b90a0574761cd349c5a4e1d6372c3ba96f26a074; discord:667904617446768652; fivem:7859917; license2:b90a0574761cd349c5a4e1d6372c3ba96f26a074]
[11:13:19 AM] [hWgaP#12] Mr.Green: disconnected (Exiting)
[11:19:39 AM] [hWgaP#16] Esky: said "/money"
[11:22:46 AM] [hWgaP#13] φοῖνιξ: died from suicide (Falling)
[11:30:02 AM] [hWgaP#16] Esky: said "/flip"
[11:47:44 AM] [hWgaP#15] JOSH: said "/th"
[11:47:45 AM] [hWgaP#15] JOSH: said "/th"
[11:47:45 AM] [hWgaP#15] JOSH: said "/th"
[11:51:06 AM] [hWgaP#15] JOSH: said "/th"
[11:53:18 AM] [hWgaP#16] Esky: said "/hideHUD"
[12:00:29 PM] [hWgaP#15] JOSH: disconnected (Exiting)
[12:03:30 PM] [hWgaP#14] BotOnMnK: disconnected (Game crashed: GTA5_b2699.exe!_setSamplersForPixelShader (0x89))
[12:04:41 PM] [hWgaP#16] Esky: said "/-gearDown"
[12:04:47 PM] [hWgaP#18] BotOnMnK: joined with identifiers [steam:11000014df460ff; license:06a61b4c40fc28c0a6e0a709ba99ffb637152b33; xbl:2535406023679221; live:1055518462074046; discord:1043623556015194112; fivem:9907274; license2:06a61b4c40fc28c0a6e0a709ba99ffb637152b33]
[12:04:58 PM] [hWgaP#16] Esky: said "/-gearDown"
[12:05:00 PM] [hWgaP#16] Esky: said "/-gearDown"
[12:05:03 PM] [hWgaP#16] Esky: said "/-gearDown"
[12:05:08 PM] [hWgaP#17] marcusblackwell7: said "/-gearUp"
[12:05:13 PM] [hWgaP#16] Esky: said "/-gearUp"
[12:05:55 PM] [hWgaP#17] marcusblackwell7: said "/-gearUp"
[12:06:05 PM] [hWgaP#16] Esky: said "/-gearUp"
[12:06:06 PM] [hWgaP#16] Esky: said "/-gearDown"
[12:06:07 PM] [hWgaP#16] Esky: said "/-gearUp"
[12:06:11 PM] [hWgaP#16] Esky: said "/-gearUp"
[12:06:13 PM] [hWgaP#16] Esky: said "/-gearUp"
[12:06:16 PM] [hWgaP#16] Esky: said "/-gearDown"
[12:06:18 PM] [hWgaP#16] Esky: said "/-gearDown"
[12:06:20 PM] [hWgaP#16] Esky: said "/-gearUp"
[12:06:22 PM] [hWgaP#16] Esky: said "/-gearUp"
[12:06:23 PM] [hWgaP#16] Esky: said "/-gearDown"
[12:06:26 PM] [hWgaP#16] Esky: said "/-gearUp"
[12:06:28 PM] [hWgaP#16] Esky: said "/-gearDown"
[12:06:28 PM] [hWgaP#16] Esky: said "/-gearDown"
[12:06:29 PM] [hWgaP#16] Esky: said "/-gearDown"
[12:07:02 PM] [hWgaP#16] Esky: said "/-gearUp"
[12:07:13 PM] [hWgaP#16] Esky: said "/-gearUp"
[12:07:44 PM] [hWgaP#16] Esky: said "/-gearUp"
[12:08:03 PM] [hWgaP#16] Esky: said "/-gearUp"
[12:08:04 PM] [hWgaP#16] Esky: said "/-gearUp"
[12:08:08 PM] [hWgaP#16] Esky: said "/-gearUp"
[12:09:06 PM] [hWgaP#17] marcusblackwell7: said "/-gearDown"
[12:11:15 PM] [hWgaP#16] Esky: said "/-gearUp"
[12:12:16 PM] [hWgaP#16] Esky: said "/-gearUp"
[12:12:18 PM] [hWgaP#16] Esky: said "/-gearUp"
[12:14:23 PM] [hWgaP#17] marcusblackwell7: said "/-gearUp"
[12:14:24 PM] [hWgaP#17] marcusblackwell7: said "/-gearDown"
[12:14:26 PM] [hWgaP#17] marcusblackwell7: said "/-gearUp"
[12:14:45 PM] [hWgaP#17] marcusblackwell7: said "/-gearUp"
[12:14:48 PM] [hWgaP#17] marcusblackwell7: said "/-gearUp"
[12:14:53 PM] [hWgaP#17] marcusblackwell7: said "/-gearUp"
[12:14:55 PM] [hWgaP#17] marcusblackwell7: said "/-gearUp"
[12:17:39 PM] [hWgaP#17] marcusblackwell7: said "/-gearUp"
[12:17:41 PM] [hWgaP#17] marcusblackwell7: said "/-gearUp"
[12:18:02 PM] [hWgaP#17] marcusblackwell7: said "/-gearUp"
[12:18:07 PM] [hWgaP#17] marcusblackwell7: said "/-gearUp"
[12:20:17 PM] [hWgaP#16] Esky: said "/-gearUp"
[12:20:24 PM] [hWgaP#18] BotOnMnK: disconnected (Exiting)
[12:20:50 PM] [hWgaP#16] Esky: said "/-gearUp"
[12:20:53 PM] [hWgaP#17] marcusblackwell7: disconnected (Exiting)
[12:21:20 PM] [hWgaP#16] Esky: said "/-gearUp"
[12:21:25 PM] [hWgaP#16] Esky: said "/-gearUp"
[12:21:28 PM] [hWgaP#16] Esky: said "/-gearUp"
[12:21:29 PM] [hWgaP#16] Esky: said "/-gearUp"
[12:21:30 PM] [hWgaP#16] Esky: said "/-gearUp"
[12:21:43 PM] [hWgaP#16] Esky: said "/-gearUp"
[12:25:07 PM] [hWgaP#16] Esky: said "/-gearUp"
[12:28:20 PM] [hWgaP#16] Esky: died from suicide (Falling)
[12:30:34 PM] [hWgaP#16] Esky: said "/-gearUp"
[12:33:38 PM] [hWgaP#16] Esky: said "/-gearUp"
[12:33:39 PM] [hWgaP#16] Esky: said "/-gearUp"
[12:34:37 PM] [hWgaP#16] Esky: said "/-gearUp"
[12:37:56 PM] [hWgaP#16] Esky: said "/-gearUp"
[12:38:18 PM] [hWgaP#16] Esky: said "/-gearDown"
[12:38:18 PM] [hWgaP#16] Esky: said "/-gearDown"
[12:38:40 PM] [hWgaP#16] Esky: said "/-gearDown"
[12:38:41 PM] [hWgaP#16] Esky: said "/-gearUp"
[12:38:56 PM] [hWgaP#16] Esky: said "/-gearUp"
[12:38:58 PM] [hWgaP#16] Esky: said "/-gearUp"
[12:39:14 PM] [hWgaP#16] Esky: said "/-gearUp"
[12:39:22 PM] [hWgaP#16] Esky: said "/-gearUp"
[12:39:34 PM] [hWgaP#16] Esky: said "/-gearUp"
[12:40:16 PM] [hWgaP#16] Esky: said "/-gearDown"
[12:40:16 PM] [hWgaP#16] Esky: said "/-gearDown"
[12:40:55 PM] [hWgaP#16] Esky: said "/-gearUp"
[12:41:14 PM] [hWgaP#16] Esky: said "/-gearDown"
[12:41:34 PM] [hWgaP#16] Esky: said "/-gearUp"
[12:41:45 PM] [hWgaP#16] Esky: said "/carry"
[12:41:50 PM] [hWgaP#16] Esky: said "/carry"
[12:42:27 PM] [hWgaP#16] Esky: said "/-gearDown"
[12:43:25 PM] [hWgaP#16] Esky: said "/-gearDown"
[12:43:34 PM] [hWgaP#16] Esky: said "/-gearUp"
[12:43:59 PM] [hWgaP#16] Esky: said "/-gearUp"
[12:44:07 PM] [hWgaP#16] Esky: said "/-gearUp"
[12:44:26 PM] [hWgaP#16] Esky: said "/-gearUp"
[12:45:00 PM] [hWgaP#16] Esky: said "/-gearUp"
[12:45:01 PM] [hWgaP#16] Esky: said "/-gearUp"
[12:45:24 PM] [hWgaP#16] Esky: said "/-gearUp"
[12:47:12 PM] [hWgaP#16] Esky: said "/-gearUp"
[12:51:52 PM] [hWgaP#16] Esky: said "/-gearUp"
[12:54:51 PM] [hWgaP#16] Esky: said "/-gearDown"
[12:54:52 PM] [hWgaP#16] Esky: said "/-gearUp"
[12:55:02 PM] [hWgaP#16] Esky: said "/-gearDown"
[12:55:57 PM] [hWgaP#16] Esky: said "/-gearDown"
[12:58:05 PM] [hWgaP#16] Esky: said "/-gearDown"
[12:58:11 PM] [hWgaP#16] Esky: said "/-gearDown"
[12:58:11 PM] [hWgaP#16] Esky: said "/-gearDown"
[12:58:44 PM] [hWgaP#16] Esky: said "/-gearDown"
[12:59:37 PM] [hWgaP#16] Esky: said "/-gearDown"
[12:59:40 PM] [hWgaP#16] Esky: said "/-gearUp"
[12:59:56 PM] [hWgaP#16] Esky: said "/-gearDown"
[1:05:07 PM] [hWgaP#16] Esky: said "/-gearDown"
[1:05:09 PM] [hWgaP#16] Esky: said "/-gearUp"
[1:05:13 PM] [hWgaP#16] Esky: said "/-gearUp"
[1:07:01 PM] [hWgaP#16] Esky: said "/-gearUp"
[1:07:02 PM] [hWgaP#16] Esky: said "/-gearUp"
[1:07:35 PM] [hWgaP#16] Esky: said "/-gearUp"
[1:09:03 PM] [hWgaP#16] Esky: said "/-gearDown"
[1:09:07 PM] [hWgaP#13] φοῖνιξ: disconnected (Game crashed: d3d11.dll!CContext::TID3D11DeviceContext_SetShaderResources_<1,4> (0x161))
[1:09:08 PM] [hWgaP#16] Esky: said "/-gearDown"
[1:09:34 PM] [hWgaP#16] Esky: said "/-gearUp"
[1:10:06 PM] [hWgaP#16] Esky: said "/-gearUp"
[1:10:17 PM] [hWgaP#19] φοῖνιξ: joined with identifiers [steam:11000010ee88c01; license:ee681c08d9d45c48bf5af06870d7d23d75db16dc; xbl:2535430200613003; live:985158121988759; discord:305372052683096065; fivem:10488223; license2:ee681c08d9d45c48bf5af06870d7d23d75db16dc]
[1:14:13 PM] [hWgaP#16] Esky: said "/-gearUp"
[1:17:12 PM] [hWgaP#16] Esky: said "/-gearUp"
[1:17:18 PM] [hWgaP#16] Esky: said "/-gearUp"
[1:17:27 PM] [hWgaP#16] Esky: said "/-gearUp"
[1:17:27 PM] [hWgaP#16] Esky: said "/-gearDown"
[1:17:41 PM] [hWgaP#16] Esky: said "/-gearUp"
[1:17:42 PM] [hWgaP#16] Esky: said "/-gearDown"
[1:17:46 PM] [hWgaP#16] Esky: said "/-gearUp"
[1:17:47 PM] [hWgaP#16] Esky: said "/-gearUp"
[1:17:50 PM] [hWgaP#16] Esky: said "/-gearUp"
[1:20:29 PM] [hWgaP#16] Esky: said "/-gearUp"
[1:20:33 PM] [hWgaP#16] Esky: said "/-gearUp"
[1:20:41 PM] [hWgaP#16] Esky: said "/-gearUp"
[1:20:48 PM] [hWgaP#16] Esky: said "/-gearUp"
[1:20:50 PM] [hWgaP#16] Esky: said "/-gearUp"
[1:20:52 PM] [hWgaP#16] Esky: said "/-gearUp"
[1:20:55 PM] [hWgaP#16] Esky: said "/-gearUp"
[1:20:59 PM] [hWgaP#16] Esky: said "/-gearUp"
[1:21:04 PM] [hWgaP#16] Esky: said "/-gearUp"
[1:21:07 PM] [hWgaP#16] Esky: said "/-gearUp"
[1:21:23 PM] [hWgaP#16] Esky: said "/-gearUp"
[1:22:23 PM] [hWgaP#16] Esky: disconnected (Game crashed: d3d11.dll!CContext::TID3D11DeviceContext_SetShaderResources_<1,4> (0x161))
[1:23:38 PM] [hWgaP#20] Esky: joined with identifiers [steam:110000131c93706; license:8dfbcb6dabf76f1c81aa91d421dc6c2ab1407ba6; xbl:2535436019694875; live:914798270695886; discord:350771731708772354; fivem:11993654; license2:8dfbcb6dabf76f1c81aa91d421dc6c2ab1407ba6]
[1:30:38 PM] txAdmin: ((Broadcast) txAdmin): said "This server is scheduled to restart in 30 minutes."
[1:45:38 PM] txAdmin: ((Broadcast) txAdmin): said "This server is scheduled to restart in 15 minutes."
[1:50:39 PM] txAdmin: ((Broadcast) txAdmin): said "This server is scheduled to restart in 10 minutes."
[1:55:38 PM] txAdmin: ((Broadcast) txAdmin): said "This server is scheduled to restart in 5 minutes."
[1:56:39 PM] txAdmin: ((Broadcast) txAdmin): said "This server is scheduled to restart in 4 minutes."
[1:57:39 PM] txAdmin: ((Broadcast) txAdmin): said "This server is scheduled to restart in 3 minutes."
[1:58:39 PM] txAdmin: ((Broadcast) txAdmin): said "This server is scheduled to restart in 2 minutes."
[1:59:39 PM] txAdmin: ((Broadcast) txAdmin): said "This server is scheduled to restart in 1 minute. Please disconnect now."
[1:59:57 PM] [hWgaP#2] missberrymedley: disconnected (Exiting)
[2:00:01 PM] [hWgaP#19] φοῖνιξ: disconnected (Exiting)
[2:00:38 PM] [hWgaP#20] Esky: disconnected ([txAdmin] Server restarting (scheduled restart at 14:00).)
[2:03:35 PM] txAdmin: Logger started
[2:04:24 PM] [Dx3dj#1] missberrymedley: joined with identifiers [steam:11000010cab8d07; license:7a3a5bfb5af789cb5f02843e29cc4ee338b0a294; xbl:2535413783067581; live:1688853905214434; discord:461174423903535107; fivem:1697557; license2:ec1926a90f33d1955abd2276f36a7c3ed4c51a23]
[2:04:30 PM] [Dx3dj#2] φοῖνιξ: joined with identifiers [steam:11000010ee88c01; license:ee681c08d9d45c48bf5af06870d7d23d75db16dc; xbl:2535430200613003; live:985158121988759; discord:305372052683096065; fivem:10488223; license2:ee681c08d9d45c48bf5af06870d7d23d75db16dc]
[2:05:59 PM] [Dx3dj#1] missberrymedley: disconnected (Exiting)
[2:06:29 PM] [Dx3dj#3] missberrymedley: joined with identifiers [steam:11000010cab8d07; license:7a3a5bfb5af789cb5f02843e29cc4ee338b0a294; xbl:2535413783067581; live:1688853905214434; discord:461174423903535107; fivem:1697557; license2:ec1926a90f33d1955abd2276f36a7c3ed4c51a23]
[2:06:41 PM] [Dx3dj#4] Esky: joined with identifiers [steam:110000131c93706; license:8dfbcb6dabf76f1c81aa91d421dc6c2ab1407ba6; xbl:2535436019694875; live:914798270695886; discord:350771731708772354; fivem:11993654; license2:8dfbcb6dabf76f1c81aa91d421dc6c2ab1407ba6]
[2:38:28 PM] [Dx3dj#2] φοῖνιξ: said "/hideHUD"
[2:38:29 PM] [Dx3dj#3] missberrymedley: said "/hideHUD"
[2:39:03 PM] [Dx3dj#5] BotOnMnK: joined with identifiers [steam:11000014df460ff; license:06a61b4c40fc28c0a6e0a709ba99ffb637152b33; xbl:2535406023679221; live:1055518462074046; discord:1043623556015194112; fivem:9907274; license2:06a61b4c40fc28c0a6e0a709ba99ffb637152b33]
[2:45:16 PM] [Dx3dj#6] Anne Flank: joined with identifiers [steam:1100001097e125b; license:a938a74170975c01e88f463aea01684a16f28545; xbl:2535409246266710; live:1899947325711585; discord:293157047682465793; license2:9eb41e0279fe15e33ff86440bafc2105d3b78f01]
[2:55:17 PM] [Dx3dj#7] Mr.Green: joined with identifiers [steam:110000117f12b1a; license:8cb9f8548eb4c7764c77849cfa2ff397ec016f08; xbl:2535433922801834; live:985153858977618; discord:322443072233537556; fivem:10498222; license2:6dd94f8afb9d56223c4c530061c5ab1316c72c1c]
[3:00:45 PM] [Dx3dj#8] RigssRP: joined with identifiers [steam:11000014abdebcf; license:0503ca95eab75210d3475b9e63fd6aa6028e6a91; xbl:2535446394392876; live:1055518940555852; discord:1103467626300199044; fivem:8351340; license2:2a20c64a2a1abb3e1653a5c89e5ac281f69f1eb9]
[3:04:46 PM] [Dx3dj#9] marcusblackwell7: joined with identifiers [steam:110000154d96125; license:b90a0574761cd349c5a4e1d6372c3ba96f26a074; discord:667904617446768652; fivem:7859917; license2:b90a0574761cd349c5a4e1d6372c3ba96f26a074]
[3:08:40 PM] [Dx3dj#8] RigssRP: died from Knife by BotOnMnK
[3:11:29 PM] [Dx3dj#10] Kody Pepperfield: joined with identifiers [steam:11000010c770c55; license:3219d00ad3af143df0db5d2bed38fe7460729e68; xbl:2535451109437060; live:1055521765014399; discord:152991330048540672; fivem:12674089; license2:3e576e238fb0360dab034daae9fc7459afbacb59]
[3:16:07 PM] [Dx3dj#7] Mr.Green: said "/hideHUD"
[3:16:36 PM] [Dx3dj#7] Mr.Green: said "/hideHUD"
[3:16:43 PM] [Dx3dj#11] jlberry10: joined with identifiers [steam:1100001615c0a52; license:41e5d20797706e46aae96886f2a6497b04b828fa; xbl:2535431518296618; live:914801212956691; discord:1183450223519998023; fivem:12942490; license2:41e5d20797706e46aae96886f2a6497b04b828fa]
[3:17:39 PM] [Dx3dj#7] Mr.Green: said "/hideHUD"
[3:17:51 PM] [Dx3dj#2] φοῖνιξ: died from Vintage Pistol by marcusblackwell7
[3:18:07 PM] [Dx3dj#8] RigssRP: died from Vintage Pistol by marcusblackwell7
[3:18:07 PM] [Dx3dj#3] missberrymedley: died from Vintage Pistol by marcusblackwell7
[3:29:00 PM] [Dx3dj#2] φοῖνιξ: died from Knife by BotOnMnK
[3:30:34 PM] [Dx3dj#2] φοῖνιξ: said "/refrehskin"
[3:31:36 PM] [Dx3dj#8] RigssRP: died from unknown by Kody Pepperfield
[3:32:52 PM] [Dx3dj#3] missberrymedley: said "/crossarms5"
[3:32:52 PM] [Dx3dj#3] missberrymedley: said "/ecrossarms5"
[3:33:01 PM] [Dx3dj#10] Kody Pepperfield: died from Knife by BotOnMnK
[3:33:14 PM] [Dx3dj#7] Mr.Green: died from Vintage Pistol by marcusblackwell7
[3:33:29 PM] [Dx3dj#2] φοῖνιξ: died from Knife by BotOnMnK
[3:43:50 PM] [Dx3dj#6] Anne Flank: disconnected (Game crashed: GTA5_b2699.exe!_setSamplersForPixelShader (0x89))
[3:44:18 PM] [Dx3dj#12] Anne Flank: joined with identifiers [steam:1100001097e125b; license:a938a74170975c01e88f463aea01684a16f28545; xbl:2535409246266710; live:1899947325711585; discord:293157047682465793; license2:9eb41e0279fe15e33ff86440bafc2105d3b78f01]
[3:44:51 PM] [Dx3dj#10] Kody Pepperfield: said "/vehiclmenu"
[3:49:20 PM] [Dx3dj#9] marcusblackwell7: disconnected (Exiting)
[3:49:48 PM] [Dx3dj#8] RigssRP: died from Pistol by Kody Pepperfield
[3:49:49 PM] [Dx3dj#13] marcusblackwell7: joined with identifiers [steam:110000154d96125; license:b90a0574761cd349c5a4e1d6372c3ba96f26a074; discord:667904617446768652; fivem:7859917; license2:b90a0574761cd349c5a4e1d6372c3ba96f26a074]
[3:50:35 PM] [Dx3dj#10] Kody Pepperfield: died from Knife by BotOnMnK
[3:50:50 PM] [Dx3dj#7] Mr.Green: died from Knife by BotOnMnK
[3:51:08 PM] [Dx3dj#10] Kody Pepperfield: disconnected (Exiting)
[3:54:16 PM] [Dx3dj#7] Mr.Green: said "/hideHUD"
[3:55:01 PM] [Dx3dj#7] Mr.Green: said "/hideHUD"
[3:55:56 PM] [Dx3dj#14] MJL: joined with identifiers [steam:1100001324fa523; license:ec6c328d6d02f816bf13e4a9d09768c02d6e3125; xbl:2535415531070562; live:1055522508602522; discord:213410953641852928; fivem:2586828]
[4:00:09 PM] [Dx3dj#15] JOSH: joined with identifiers [steam:1100001438fe567; license:b6284c20b4ad2c41c48d4a31859b65ae2a417ec8; discord:405075418769522708; fivem:12124231; license2:b6284c20b4ad2c41c48d4a31859b65ae2a417ec8]
[4:14:00 PM] [Dx3dj#2] φοῖνιξ: died from Fist by BotOnMnK
[4:14:57 PM] [Dx3dj#13] marcusblackwell7: died from Fist by JOSH
[4:15:04 PM] [Dx3dj#2] φοῖνιξ: disconnected (Exiting)
[4:15:12 PM] [Dx3dj#5] BotOnMnK: died from Fist by JOSH
[4:15:40 PM] [Dx3dj#4] Esky: said "/invoices"
[4:15:43 PM] [Dx3dj#4] Esky: said "/invoice"
[4:19:13 PM] [Dx3dj#16] Le Bos: joined with identifiers [steam:110000111baa8b1; license:bda6f9cde356d6126cea9acd106016efdadb020c; discord:470171465388392468; license2:fd54cebafe46049548f218abfec15693031d634f]
[4:31:41 PM] [Dx3dj#16] Le Bos: disconnected (Game crashed: GTA5_b2699.exe!_setSamplersForPixelShader (0x89))
[4:32:32 PM] [Dx3dj#17] Le Bos: joined with identifiers [steam:110000111baa8b1; license:bda6f9cde356d6126cea9acd106016efdadb020c; discord:470171465388392468; license2:fd54cebafe46049548f218abfec15693031d634f]
[4:39:18 PM] [Dx3dj#8] RigssRP: died from suicide (Drowned)
[4:40:48 PM] [Dx3dj#7] Mr.Green: died from suicide (Falling)
[4:48:07 PM] [Dx3dj#8] RigssRP: disconnected (Exiting)
[4:49:25 PM] [Dx3dj#13] marcusblackwell7: said "/refreshhskin"
[5:00:08 PM] [Dx3dj#15] JOSH: disconnected (Exiting)
[5:00:15 PM] [Dx3dj#17] Le Bos: disconnected (Exiting)
[5:09:42 PM] [Dx3dj#4] Esky: died from suicide (Falling)
[5:11:25 PM] [Dx3dj#7] Mr.Green: said "/hideHUD"
[5:11:40 PM] [Dx3dj#7] Mr.Green: said "/hideHUD"
[5:11:44 PM] [Dx3dj#7] Mr.Green: disconnected (Exiting)
[5:20:40 PM] [Dx3dj#12] Anne Flank: disconnected (Exiting)
[5:21:13 PM] [Dx3dj#18] Anne Flank: joined with identifiers [steam:1100001097e125b; license:a938a74170975c01e88f463aea01684a16f28545; xbl:2535409246266710; live:1899947325711585; discord:293157047682465793; license2:9eb41e0279fe15e33ff86440bafc2105d3b78f01]
[5:21:47 PM] [Dx3dj#13] marcusblackwell7: disconnected (Exiting)
[5:24:49 PM] [Dx3dj#5] BotOnMnK: disconnected (Exiting)
[5:56:40 PM] [Dx3dj#14] MJL: died from suicide
[5:59:59 PM] [Dx3dj#11] jlberry10: said "/hideHUD"
[6:01:35 PM] [Dx3dj#18] Anne Flank: disconnected (Exiting)
[6:04:10 PM] [Dx3dj#14] MJL: disconnected (Exiting)
[6:16:04 PM] [Dx3dj#11] jlberry10: disconnected (Server->client connection timed out. Last seen 42928 msec ago.)
[6:52:03 PM] [Dx3dj#4] Esky: disconnected (Game crashed: d3d11.dll!CContext::TID3D11DeviceContext_SetShaderResources_<1,4> (0x161))
[6:53:15 PM] [Dx3dj#19] Esky: joined with identifiers [steam:110000131c93706; license:8dfbcb6dabf76f1c81aa91d421dc6c2ab1407ba6; xbl:2535436019694875; live:914798270695886; discord:350771731708772354; fivem:11993654; license2:8dfbcb6dabf76f1c81aa91d421dc6c2ab1407ba6]
[7:12:19 PM] [Dx3dj#3] missberrymedley: disconnected (Exiting)
[7:41:35 PM] [Dx3dj#19] Esky: disconnected (Exiting)
[9:15:47 PM] [Dx3dj#20] JOSH: joined with identifiers [steam:1100001438fe567; license:b6284c20b4ad2c41c48d4a31859b65ae2a417ec8; discord:405075418769522708; fivem:12124231; license2:b6284c20b4ad2c41c48d4a31859b65ae2a417ec8]
[9:19:57 PM] [Dx3dj#20] JOSH: said "/hideHUD"
[9:30:48 PM] txAdmin: ((Broadcast) txAdmin): said "This server is scheduled to restart in 30 minutes."
[9:41:41 PM] [Dx3dj#20] JOSH: disconnected (Exiting)
[9:45:48 PM] txAdmin: ((Broadcast) txAdmin): said "This server is scheduled to restart in 15 minutes."
[9:50:48 PM] txAdmin: ((Broadcast) txAdmin): said "This server is scheduled to restart in 10 minutes."
[9:55:48 PM] txAdmin: ((Broadcast) txAdmin): said "This server is scheduled to restart in 5 minutes."
[9:56:48 PM] txAdmin: ((Broadcast) txAdmin): said "This server is scheduled to restart in 4 minutes."
[9:57:48 PM] txAdmin: ((Broadcast) txAdmin): said "This server is scheduled to restart in 3 minutes."
[9:58:48 PM] txAdmin: ((Broadcast) txAdmin): said "This server is scheduled to restart in 2 minutes."
[9:59:48 PM] txAdmin: ((Broadcast) txAdmin): said "This server is scheduled to restart in 1 minute. Please disconnect now."
[10:01:17 PM] txAdmin: Logger started
[11:56:00 PM] [rLEtk#1] Mr.Green: joined with identifiers [steam:110000117f12b1a; license:8cb9f8548eb4c7764c77849cfa2ff397ec016f08; xbl:2535433922801834; live:985153858977618; discord:322443072233537556; fivem:10498222; license2:6dd94f8afb9d56223c4c530061c5ab1316c72c1c]
