
================================================================
======== Log Rotated - 3/27/2024, 12:00:00 AM                   
================================================================
[2:37:25 AM] [3rakc#2] φοῖνιξ: joined with identifiers [steam:11000010ee88c01; license:ee681c08d9d45c48bf5af06870d7d23d75db16dc; xbl:2535430200613003; live:985158121988759; discord:305372052683096065; fivem:10488223; license2:ee681c08d9d45c48bf5af06870d7d23d75db16dc]
[2:47:38 AM] [3rakc#2] φοῖνιξ: said "/hideHUD"
[2:58:03 AM] [3rakc#2] φοῖνιξ: said "/hideHUD"
[3:34:42 AM] [3rakc#3] missberrymedley: joined with identifiers [steam:11000010cab8d07; license:7a3a5bfb5af789cb5f02843e29cc4ee338b0a294; xbl:2535413783067581; live:1688853905214434; discord:461174423903535107; fivem:1697557; license2:ec1926a90f33d1955abd2276f36a7c3ed4c51a23]
[4:02:25 AM] [3rakc#4] Kamakazi Gamdom: joined with identifiers [steam:11000010e87be4d; license:b27179133e8df658895ecd5f756db2a4a4c8cd08; xbl:2533275003431282; live:1829581607460581; discord:242888314108116992; fivem:11442758; license2:e1e3866f24a1a081ffd211b7c1805c667b695651]
[4:08:31 AM] [3rakc#4] Kamakazi Gamdom: said "/hideHUD"
[4:08:34 AM] [3rakc#4] Kamakazi Gamdom: said "/hideHUD"
[4:08:35 AM] [3rakc#4] Kamakazi Gamdom: said "/hideHUD"
[4:08:45 AM] [3rakc#4] Kamakazi Gamdom: said "/hideHUD"
[4:08:47 AM] [3rakc#4] Kamakazi Gamdom: said "/hideHUD"
[4:08:48 AM] [3rakc#4] Kamakazi Gamdom: said "/hideHUD"
[4:08:49 AM] [3rakc#4] Kamakazi Gamdom: said "/hideHUD"
[4:08:50 AM] [3rakc#4] Kamakazi Gamdom: said "/hideHUD"
[4:08:51 AM] [3rakc#4] Kamakazi Gamdom: said "/hideHUD"
[4:09:11 AM] [3rakc#4] Kamakazi Gamdom: said "/hideHUD"
[4:09:11 AM] [3rakc#4] Kamakazi Gamdom: said "/hideHUD"
[4:09:13 AM] [3rakc#4] Kamakazi Gamdom: said "/hideHUD"
[4:09:15 AM] [3rakc#4] Kamakazi Gamdom: said "/hideHUD"
[4:09:16 AM] [3rakc#4] Kamakazi Gamdom: said "/hideHUD"
[4:09:16 AM] [3rakc#4] Kamakazi Gamdom: said "/hideHUD"
[4:09:18 AM] [3rakc#4] Kamakazi Gamdom: said "/hideHUD"
[4:09:42 AM] [3rakc#4] Kamakazi Gamdom: said "/hideHUD"
[4:09:42 AM] [3rakc#4] Kamakazi Gamdom: said "/hideHUD"
[4:09:46 AM] [3rakc#4] Kamakazi Gamdom: said "/hideHUD"
[4:09:50 AM] [3rakc#4] Kamakazi Gamdom: said "/hideHUD"
[4:09:50 AM] [3rakc#4] Kamakazi Gamdom: said "/hideHUD"
[4:09:52 AM] [3rakc#4] Kamakazi Gamdom: said "/hideHUD"
[4:09:54 AM] [3rakc#4] Kamakazi Gamdom: said "/hideHUD"
[4:09:55 AM] [3rakc#4] Kamakazi Gamdom: said "/hideHUD"
[4:10:08 AM] [3rakc#4] Kamakazi Gamdom: said "/hideHUD"
[4:10:08 AM] [3rakc#4] Kamakazi Gamdom: said "/hideHUD"
[4:10:19 AM] [3rakc#4] Kamakazi Gamdom: said "/hideHUD"
[4:10:22 AM] [3rakc#4] Kamakazi Gamdom: said "/hideHUD"
[4:10:23 AM] [3rakc#4] Kamakazi Gamdom: said "/hideHUD"
[4:10:23 AM] [3rakc#4] Kamakazi Gamdom: said "/hideHUD"
[4:10:26 AM] [3rakc#4] Kamakazi Gamdom: said "/hideHUD"
[4:10:31 AM] [3rakc#4] Kamakazi Gamdom: said "/hideHUD"
[4:10:31 AM] [3rakc#4] Kamakazi Gamdom: said "/hideHUD"
[4:10:32 AM] [3rakc#4] Kamakazi Gamdom: said "/hideHUD"
[4:10:36 AM] [3rakc#4] Kamakazi Gamdom: said "/hideHUD"
[4:10:36 AM] [3rakc#4] Kamakazi Gamdom: said "/hideHUD"
[4:10:39 AM] [3rakc#4] Kamakazi Gamdom: said "/hideHUD"
[4:10:40 AM] [3rakc#4] Kamakazi Gamdom: said "/hideHUD"
[4:10:41 AM] [3rakc#4] Kamakazi Gamdom: said "/hideHUD"
[4:21:29 AM] [3rakc#4] Kamakazi Gamdom: said "/hideHUD"
[4:21:29 AM] [3rakc#4] Kamakazi Gamdom: said "/hideHUD"
[4:30:11 AM] [3rakc#4] Kamakazi Gamdom: said "/D\V"
[4:33:27 AM] [3rakc#4] Kamakazi Gamdom: disconnected (Exiting)
[4:45:11 AM] [3rakc#2] φοῖνιξ: said "/hideHUD"
[4:45:26 AM] [3rakc#2] φοῖνιξ: said "/hideHUD"
[5:04:16 AM] [3rakc#5] marcusblackwell7: joined with identifiers [steam:110000154d96125; license:b90a0574761cd349c5a4e1d6372c3ba96f26a074; discord:667904617446768652; fivem:7859917; license2:b90a0574761cd349c5a4e1d6372c3ba96f26a074]
[5:12:17 AM] [3rakc#6] RigssRP: joined with identifiers [steam:11000014abdebcf; license:0503ca95eab75210d3475b9e63fd6aa6028e6a91; xbl:2535446394392876; live:1055518940555852; discord:1103467626300199044; fivem:8351340; license2:2a20c64a2a1abb3e1653a5c89e5ac281f69f1eb9]
[5:30:30 AM] txAdmin: ((Broadcast) txAdmin): said "This server is scheduled to restart in 30 minutes."
[5:37:37 AM] [3rakc#6] RigssRP: died from unknown by marcusblackwell7
[5:41:28 AM] [3rakc#7] BotOnMnK: joined with identifiers [steam:11000014df460ff; license:06a61b4c40fc28c0a6e0a709ba99ffb637152b33; xbl:2535406023679221; live:1055518462074046; discord:1043623556015194112; fivem:9907274; license2:06a61b4c40fc28c0a6e0a709ba99ffb637152b33]
[5:45:30 AM] txAdmin: ((Broadcast) txAdmin): said "This server is scheduled to restart in 15 minutes."
[5:50:31 AM] txAdmin: ((Broadcast) txAdmin): said "This server is scheduled to restart in 10 minutes."
[5:50:43 AM] [3rakc#6] RigssRP: died from Ranover by Vehicle by marcusblackwell7
[5:53:38 AM] [3rakc#3] missberrymedley: died from Night Stick by BotOnMnK
[5:53:42 AM] [3rakc#2] φοῖνιξ: died from Night Stick by BotOnMnK
[5:54:11 AM] [3rakc#7] BotOnMnK: died from Bat by RigssRP
[5:55:01 AM] [3rakc#5] marcusblackwell7: died from Bat by RigssRP
[5:55:13 AM] [3rakc#6] RigssRP: died from Night Stick by BotOnMnK
[5:55:30 AM] txAdmin: ((Broadcast) txAdmin): said "This server is scheduled to restart in 5 minutes."
[5:56:31 AM] txAdmin: ((Broadcast) txAdmin): said "This server is scheduled to restart in 4 minutes."
[5:57:31 AM] txAdmin: ((Broadcast) txAdmin): said "This server is scheduled to restart in 3 minutes."
[5:58:17 AM] [3rakc#2] φοῖνιξ: died from suicide (Falling)
[5:58:31 AM] txAdmin: ((Broadcast) txAdmin): said "This server is scheduled to restart in 2 minutes."
[5:59:31 AM] txAdmin: ((Broadcast) txAdmin): said "This server is scheduled to restart in 1 minute. Please disconnect now."
[6:00:30 AM] [3rakc#7] BotOnMnK: disconnected ([txAdmin] Server restarting (scheduled restart at 06:00).)
[6:00:30 AM] [3rakc#2] φοῖνιξ: disconnected ([txAdmin] Server restarting (scheduled restart at 06:00).)
[6:00:30 AM] [3rakc#3] missberrymedley: disconnected ([txAdmin] Server restarting (scheduled restart at 06:00).)
[6:00:30 AM] [3rakc#5] marcusblackwell7: disconnected ([txAdmin] Server restarting (scheduled restart at 06:00).)
[6:00:30 AM] [3rakc#6] RigssRP: disconnected ([txAdmin] Server restarting (scheduled restart at 06:00).)
[6:01:02 AM] txAdmin: Logger started
[6:01:45 AM] [9gaDy#1] marcusblackwell7: joined with identifiers [steam:110000154d96125; license:b90a0574761cd349c5a4e1d6372c3ba96f26a074; discord:667904617446768652; fivem:7859917; license2:b90a0574761cd349c5a4e1d6372c3ba96f26a074]
[6:01:54 AM] [9gaDy#2] RigssRP: joined with identifiers [steam:11000014abdebcf; license:0503ca95eab75210d3475b9e63fd6aa6028e6a91; xbl:2535446394392876; live:1055518940555852; discord:1103467626300199044; fivem:8351340; license2:2a20c64a2a1abb3e1653a5c89e5ac281f69f1eb9]
[6:01:58 AM] [9gaDy#3] BotOnMnK: joined with identifiers [steam:11000014df460ff; license:06a61b4c40fc28c0a6e0a709ba99ffb637152b33; xbl:2535406023679221; live:1055518462074046; discord:1043623556015194112; fivem:9907274; license2:06a61b4c40fc28c0a6e0a709ba99ffb637152b33]
[6:02:22 AM] [9gaDy#4] φοῖνιξ: joined with identifiers [steam:11000010ee88c01; license:ee681c08d9d45c48bf5af06870d7d23d75db16dc; xbl:2535430200613003; live:985158121988759; discord:305372052683096065; fivem:10488223; license2:ee681c08d9d45c48bf5af06870d7d23d75db16dc]
[6:02:49 AM] [9gaDy#5] MJL: joined with identifiers [steam:1100001324fa523; license:ec6c328d6d02f816bf13e4a9d09768c02d6e3125; xbl:2535415531070562; live:1055522508602522; discord:213410953641852928; fivem:2586828]
[6:04:45 AM] [9gaDy#5] MJL: said "tpm"
[6:05:42 AM] [9gaDy#6] missberrymedley: joined with identifiers [steam:11000010cab8d07; license:7a3a5bfb5af789cb5f02843e29cc4ee338b0a294; xbl:2535413783067581; live:1688853905214434; discord:461174423903535107; fivem:1697557; license2:ec1926a90f33d1955abd2276f36a7c3ed4c51a23]
[6:08:12 AM] [9gaDy#5] MJL: said "/exithouse"
[6:08:12 AM] [9gaDy#5] MJL: said "/enterhouse"
[6:08:13 AM] [9gaDy#5] MJL: said "/exithouse"
[6:08:13 AM] [9gaDy#5] MJL: said "/enterhouse"
[6:10:49 AM] [9gaDy#5] MJL: said "/mdtr"
[6:15:09 AM] [9gaDy#2] RigssRP: said "/lapdance5"
[6:15:09 AM] [9gaDy#2] RigssRP: said "/type2"
[6:15:09 AM] [9gaDy#2] RigssRP: said "/rabbit"
[6:15:10 AM] [9gaDy#2] RigssRP: said "/lapdance5"
[6:15:10 AM] [9gaDy#2] RigssRP: said "/type2"
[6:15:10 AM] [9gaDy#2] RigssRP: said "/rabbit"
[6:15:10 AM] [9gaDy#2] RigssRP: said "/lapdance5"
[6:15:10 AM] [9gaDy#2] RigssRP: said "/type2"
[6:15:10 AM] [9gaDy#2] RigssRP: said "/rabbit"
[6:15:10 AM] [9gaDy#2] RigssRP: said "/lapdance5"
[6:15:10 AM] [9gaDy#2] RigssRP: said "/type2"
[6:15:10 AM] [9gaDy#2] RigssRP: said "/rabbit"
[6:15:10 AM] [9gaDy#2] RigssRP: said "/lapdance5"
[6:15:10 AM] [9gaDy#2] RigssRP: said "/type2"
[6:15:10 AM] [9gaDy#2] RigssRP: said "/rabbit"
[6:15:10 AM] [9gaDy#2] RigssRP: said "/lapdance5"
[6:15:10 AM] [9gaDy#2] RigssRP: said "/type2"
[6:15:10 AM] [9gaDy#2] RigssRP: said "/rabbit"
[6:15:10 AM] [9gaDy#2] RigssRP: said "/lapdance5"
[6:15:10 AM] [9gaDy#2] RigssRP: said "/type2"
[6:15:10 AM] [9gaDy#2] RigssRP: said "/rabbit"
[6:15:11 AM] [9gaDy#2] RigssRP: said "/lapdance5"
[6:15:11 AM] [9gaDy#2] RigssRP: said "/lapdance5"
[6:15:11 AM] [9gaDy#2] RigssRP: said "/type2"
[6:15:28 AM] [9gaDy#2] RigssRP: said "/Rabbit"
[6:19:46 AM] [9gaDy#4] φοῖνιξ: disconnected (Exiting)
[6:20:29 AM] [9gaDy#7] φοῖνιξ: joined with identifiers [steam:11000010ee88c01; license:ee681c08d9d45c48bf5af06870d7d23d75db16dc; xbl:2535430200613003; live:985158121988759; discord:305372052683096065; fivem:10488223; license2:ee681c08d9d45c48bf5af06870d7d23d75db16dc]
[6:23:13 AM] [9gaDy#2] RigssRP: said "/Rabbit"
[6:23:13 AM] [9gaDy#2] RigssRP: said "/rabbit"
[6:23:13 AM] [9gaDy#2] RigssRP: said "/Rabbit"
[6:23:13 AM] [9gaDy#2] RigssRP: said "/rabbit"
[6:23:13 AM] [9gaDy#2] RigssRP: said "/Rabbit"
[6:23:13 AM] [9gaDy#2] RigssRP: said "/rabbit"
[6:23:14 AM] [9gaDy#2] RigssRP: said "/Rabbit"
[6:23:14 AM] [9gaDy#2] RigssRP: said "/rabbit"
[6:23:14 AM] [9gaDy#2] RigssRP: said "/Rabbit"
[6:23:14 AM] [9gaDy#2] RigssRP: said "/rabbit"
[6:23:14 AM] [9gaDy#2] RigssRP: said "/Rabbit"
[6:23:14 AM] [9gaDy#2] RigssRP: said "/rabbit"
[6:23:14 AM] [9gaDy#2] RigssRP: said "/Rabbit"
[6:23:14 AM] [9gaDy#2] RigssRP: said "/rabbit"
[6:24:11 AM] [9gaDy#2] RigssRP: said "/hideHUD"
[6:24:12 AM] [9gaDy#2] RigssRP: disconnected (Exiting)
[6:30:11 AM] [9gaDy#7] φοῖνιξ: said "/hideHUD"
[6:30:11 AM] [9gaDy#6] missberrymedley: said "/hideHUD"
[6:41:01 AM] [9gaDy#3] BotOnMnK: died from Fist by marcusblackwell7
[6:45:51 AM] [9gaDy#3] BotOnMnK: died from Fist by marcusblackwell7
[6:49:16 AM] [9gaDy#3] BotOnMnK: died from Pistol by marcusblackwell7
[6:50:27 AM] [9gaDy#1] marcusblackwell7: said "/hideHUD"
[6:50:36 AM] [9gaDy#1] marcusblackwell7: died from suicide (Falling)
[6:55:56 AM] [9gaDy#3] BotOnMnK: said "refreshskin"
[7:00:06 AM] [9gaDy#8] DaddyDizzle: joined with identifiers [steam:11000014bb53aeb; license:e0893217ab0d40d6a510bcbfe1c9441b4a208a2b; discord:584024523989581834; fivem:8961289; license2:e0893217ab0d40d6a510bcbfe1c9441b4a208a2b]
[7:06:51 AM] [9gaDy#9] JOSH: joined with identifiers [steam:1100001438fe567; license:b6284c20b4ad2c41c48d4a31859b65ae2a417ec8; discord:405075418769522708; fivem:12124231; license2:b6284c20b4ad2c41c48d4a31859b65ae2a417ec8]
[7:10:38 AM] [9gaDy#3] BotOnMnK: died from unknown by DaddyDizzle
[7:10:45 AM] [9gaDy#3] BotOnMnK: died from unknown by DaddyDizzle
[7:14:11 AM] [9gaDy#8] DaddyDizzle: said "/fi"
[7:14:58 AM] [9gaDy#1] marcusblackwell7: died from Pistol by DaddyDizzle
[7:15:21 AM] [9gaDy#3] BotOnMnK: died from Pistol by DaddyDizzle
[7:16:22 AM] [9gaDy#1] marcusblackwell7: died from unknown by DaddyDizzle
[7:16:36 AM] [9gaDy#3] BotOnMnK: died from unknown by DaddyDizzle
[7:16:39 AM] [9gaDy#1] marcusblackwell7: died from unknown by DaddyDizzle
[7:16:42 AM] [9gaDy#3] BotOnMnK: died from unknown by DaddyDizzle
[7:16:54 AM] [9gaDy#8] DaddyDizzle: died from unknown by marcusblackwell7
[7:17:04 AM] [9gaDy#8] DaddyDizzle: said "/reive"
[7:17:36 AM] [9gaDy#1] marcusblackwell7: died from suicide
[7:17:41 AM] [9gaDy#3] BotOnMnK: died from suicide
[7:17:55 AM] [9gaDy#8] DaddyDizzle: said "revive"
[7:21:26 AM] [9gaDy#6] missberrymedley: said "/crossarms5"
[7:21:26 AM] [9gaDy#6] missberrymedley: said "/ecrossarms5"
[7:21:32 AM] [9gaDy#6] missberrymedley: said "/crossarms5"
[7:21:32 AM] [9gaDy#6] missberrymedley: said "/ecrossarms5"
[7:23:20 AM] [9gaDy#8] DaddyDizzle: said "/hideHUD"
[7:28:21 AM] [9gaDy#7] φοῖνιξ: died from Fist by DaddyDizzle
[7:29:15 AM] [9gaDy#6] missberrymedley: died from Fist by DaddyDizzle
[7:29:19 AM] [9gaDy#9] JOSH: said "//me Hey boo!"
[7:29:21 AM] [9gaDy#9] JOSH: said "/turfs"
[7:29:26 AM] [9gaDy#9] JOSH: said "/turfs"
[7:45:37 AM] [9gaDy#1] marcusblackwell7: died from Fist by φοῖνιξ
[7:46:16 AM] [9gaDy#1] marcusblackwell7: died from suicide (Falling)
[7:46:29 AM] [9gaDy#1] marcusblackwell7: died from suicide (Falling)
[7:46:39 AM] [9gaDy#1] marcusblackwell7: died from suicide (Falling)
[7:48:01 AM] [9gaDy#5] MJL: said "//escort"
[7:48:02 AM] [9gaDy#5] MJL: disconnected (Exiting)
[8:07:39 AM] [9gaDy#6] missberrymedley: died from suicide (Falling)
[8:08:24 AM] [9gaDy#6] missberrymedley: disconnected (Exiting)
[8:09:02 AM] [9gaDy#10] missberrymedley: joined with identifiers [steam:11000010cab8d07; license:7a3a5bfb5af789cb5f02843e29cc4ee338b0a294; xbl:2535413783067581; live:1688853905214434; discord:461174423903535107; fivem:1697557; license2:ec1926a90f33d1955abd2276f36a7c3ed4c51a23]
[8:17:27 AM] [9gaDy#1] marcusblackwell7: caused an explosion (GAS_TANK)
[8:17:27 AM] [9gaDy#9] JOSH: caused an explosion (GAS_TANK)
[8:20:48 AM] [9gaDy#9] JOSH: died from Pistol by BotOnMnK
[8:21:17 AM] [9gaDy#3] BotOnMnK: died from unknown by DaddyDizzle
[8:22:06 AM] [9gaDy#1] marcusblackwell7: died from unknown by DaddyDizzle
[8:22:57 AM] [9gaDy#7] φοῖνιξ: disconnected (Exiting)
[8:23:50 AM] [9gaDy#11] φοῖνιξ: joined with identifiers [steam:11000010ee88c01; license:ee681c08d9d45c48bf5af06870d7d23d75db16dc; xbl:2535430200613003; live:985158121988759; discord:305372052683096065; fivem:10488223; license2:ee681c08d9d45c48bf5af06870d7d23d75db16dc]
[8:41:10 AM] [9gaDy#10] missberrymedley: died from suicide
[8:45:32 AM] [9gaDy#9] JOSH: said "/hideHUD"
[8:45:34 AM] [9gaDy#9] JOSH: disconnected (Exiting)
[8:51:04 AM] [9gaDy#12] MJL: joined with identifiers [steam:1100001324fa523; license:ec6c328d6d02f816bf13e4a9d09768c02d6e3125; xbl:2535415531070562; live:1055522508602522; discord:213410953641852928; fivem:2586828]
[8:53:40 AM] [9gaDy#12] MJL: disconnected (Exiting)
[8:55:10 AM] [9gaDy#8] DaddyDizzle: said "fix"
[8:55:22 AM] [9gaDy#3] BotOnMnK: disconnected (Server->client connection timed out. Pending commands: 183.	Command list:	police:client:UpdateBlips (131 B, 34546 msec ago)	police:client:UpdateBlips (131 B, 29535 msec ago)	police:client:UpdateBlips (131 B, 24535 msec ago)	police:client:UpdateBlips (131 B, 19525 msec ago)	police:client:UpdateBlips (131 B, 30716 msec ago)	police:client:UpdateBlips (131 B, 30716 msec ago)	QBCore:Client:TriggerCallback (83 B, 30716 msec ago)	)
[8:56:59 AM] [9gaDy#8] DaddyDizzle: said "fix"
[8:57:08 AM] [9gaDy#13] MJL: joined with identifiers [steam:1100001324fa523; license:ec6c328d6d02f816bf13e4a9d09768c02d6e3125; xbl:2535415531070562; live:1055522508602522; discord:213410953641852928; fivem:2586828]
[8:58:30 AM] [9gaDy#8] DaddyDizzle: died from suicide (Falling)
[8:58:41 AM] [9gaDy#8] DaddyDizzle: died from suicide (Falling)
[8:58:44 AM] [9gaDy#8] DaddyDizzle: said "amdin"
[8:58:45 AM] [9gaDy#8] DaddyDizzle: died from suicide (Falling)
[8:58:50 AM] [9gaDy#13] MJL: died from suicide
[8:58:55 AM] [9gaDy#8] DaddyDizzle: disconnected (Exiting)
[8:59:13 AM] [9gaDy#13] MJL: said "/noclikp"
[9:00:29 AM] [9gaDy#13] MJL: said "/exithouse"
[9:00:29 AM] [9gaDy#13] MJL: said "/enterhouse"
[9:00:36 AM] [9gaDy#14] green: joined with identifiers [license:8cb9f8548eb4c7764c77849cfa2ff397ec016f08; xbl:2535433922801834; live:985153858977618; discord:322443072233537556; fivem:10498222; license2:6dd94f8afb9d56223c4c530061c5ab1316c72c1c]
[9:00:36 AM] [9gaDy#13] MJL: said "/exithouse"
[9:00:36 AM] [9gaDy#13] MJL: said "/enterhouse"
[9:04:17 AM] [9gaDy#15] BotOnMnK: joined with identifiers [steam:11000014df460ff; license:06a61b4c40fc28c0a6e0a709ba99ffb637152b33; xbl:2535406023679221; live:1055518462074046; discord:1043623556015194112; fivem:9907274; license2:06a61b4c40fc28c0a6e0a709ba99ffb637152b33]
[9:09:44 AM] [9gaDy#1] marcusblackwell7: disconnected (Exiting)
[9:09:52 AM] [9gaDy#15] BotOnMnK: disconnected (Exiting)
[9:12:14 AM] [9gaDy#13] MJL: disconnected (Exiting)
[9:42:34 AM] [9gaDy#16] Kamakazi Gamdom: joined with identifiers [steam:11000010e87be4d; license:b27179133e8df658895ecd5f756db2a4a4c8cd08; xbl:2533275003431282; live:1829581607460581; discord:242888314108116992; fivem:11442758; license2:e1e3866f24a1a081ffd211b7c1805c667b695651]
[9:43:06 AM] [9gaDy#10] missberrymedley: disconnected (Exiting)
[9:44:11 AM] [9gaDy#16] Kamakazi Gamdom: said "/hideHUD"
[9:44:13 AM] [9gaDy#16] Kamakazi Gamdom: said "/hideHUD"
[9:44:14 AM] [9gaDy#16] Kamakazi Gamdom: said "/hideHUD"
[9:44:14 AM] [9gaDy#16] Kamakazi Gamdom: said "/hideHUD"
[9:44:17 AM] [9gaDy#16] Kamakazi Gamdom: said "/hideHUD"
[9:44:17 AM] [9gaDy#16] Kamakazi Gamdom: said "/hideHUD"
[9:44:21 AM] [9gaDy#16] Kamakazi Gamdom: said "/hideHUD"
[9:44:22 AM] [9gaDy#16] Kamakazi Gamdom: said "/hideHUD"
[9:46:28 AM] [9gaDy#11] φοῖνιξ: disconnected (Exiting)
[9:50:45 AM] [9gaDy#16] Kamakazi Gamdom: said "/hideHUD"
[9:56:54 AM] [9gaDy#16] Kamakazi Gamdom: said "/hideHUD"
[9:57:17 AM] [9gaDy#16] Kamakazi Gamdom: said "/hideHUD"
[9:57:19 AM] [9gaDy#16] Kamakazi Gamdom: said "/hideHUD"
[9:57:20 AM] [9gaDy#16] Kamakazi Gamdom: said "/hideHUD"
[9:57:21 AM] [9gaDy#16] Kamakazi Gamdom: said "/hideHUD"
[9:57:37 AM] [9gaDy#16] Kamakazi Gamdom: said "/hideHUD"
[9:57:37 AM] [9gaDy#16] Kamakazi Gamdom: said "/hideHUD"
[9:57:39 AM] [9gaDy#16] Kamakazi Gamdom: said "/hideHUD"
[9:57:40 AM] [9gaDy#16] Kamakazi Gamdom: said "/hideHUD"
[9:57:41 AM] [9gaDy#16] Kamakazi Gamdom: said "/hideHUD"
[9:57:42 AM] [9gaDy#16] Kamakazi Gamdom: said "/hideHUD"
[9:57:42 AM] [9gaDy#16] Kamakazi Gamdom: said "/hideHUD"
[10:06:01 AM] [9gaDy#17] missberrymedley: joined with identifiers [steam:11000010cab8d07; license:7a3a5bfb5af789cb5f02843e29cc4ee338b0a294; xbl:2535413783067581; live:1688853905214434; discord:461174423903535107; fivem:1697557; license2:ec1926a90f33d1955abd2276f36a7c3ed4c51a23]
[10:08:09 AM] [9gaDy#14] green: disconnected (Exiting)
[10:08:45 AM] [9gaDy#16] Kamakazi Gamdom: said "/hideHUD"
[10:08:45 AM] [9gaDy#16] Kamakazi Gamdom: said "/hideHUD"
[10:08:47 AM] [9gaDy#16] Kamakazi Gamdom: said "/hideHUD"
[10:08:48 AM] [9gaDy#16] Kamakazi Gamdom: said "/hideHUD"
[10:08:49 AM] [9gaDy#16] Kamakazi Gamdom: said "/hideHUD"
[10:08:50 AM] [9gaDy#16] Kamakazi Gamdom: said "/hideHUD"
[10:08:50 AM] [9gaDy#16] Kamakazi Gamdom: said "/hideHUD"
[10:08:51 AM] [9gaDy#16] Kamakazi Gamdom: said "/hideHUD"
[10:16:34 AM] [9gaDy#16] Kamakazi Gamdom: said "/hideHUD"
[10:16:34 AM] [9gaDy#16] Kamakazi Gamdom: said "/hideHUD"
[10:16:36 AM] [9gaDy#16] Kamakazi Gamdom: said "/hideHUD"
[10:16:36 AM] [9gaDy#16] Kamakazi Gamdom: said "/hideHUD"
[10:16:39 AM] [9gaDy#16] Kamakazi Gamdom: said "/hideHUD"
[10:16:39 AM] [9gaDy#16] Kamakazi Gamdom: said "/hideHUD"
[10:16:40 AM] [9gaDy#16] Kamakazi Gamdom: said "/hideHUD"
[10:16:40 AM] [9gaDy#16] Kamakazi Gamdom: said "/hideHUD"
[10:16:41 AM] [9gaDy#16] Kamakazi Gamdom: said "/hideHUD"
[10:16:42 AM] [9gaDy#16] Kamakazi Gamdom: said "/hideHUD"
[10:21:45 AM] [9gaDy#16] Kamakazi Gamdom: said "/hideHUD"
[10:23:45 AM] [9gaDy#18] φοῖνιξ: joined with identifiers [steam:11000010ee88c01; license:ee681c08d9d45c48bf5af06870d7d23d75db16dc; xbl:2535430200613003; live:985158121988759; discord:305372052683096065; fivem:10488223; license2:ee681c08d9d45c48bf5af06870d7d23d75db16dc]
[10:25:16 AM] [9gaDy#19] green: joined with identifiers [license:8cb9f8548eb4c7764c77849cfa2ff397ec016f08; xbl:2535433922801834; live:985153858977618; discord:322443072233537556; fivem:10498222; license2:6dd94f8afb9d56223c4c530061c5ab1316c72c1c]
[10:25:53 AM] [9gaDy#16] Kamakazi Gamdom: died from Pistol by missberrymedley
[10:26:45 AM] [9gaDy#17] missberrymedley: said "/hideHUD"
[10:28:42 AM] [9gaDy#20] DaddyDizzle: joined with identifiers [steam:11000014bb53aeb; license:e0893217ab0d40d6a510bcbfe1c9441b4a208a2b; discord:584024523989581834; fivem:8961289; license2:e0893217ab0d40d6a510bcbfe1c9441b4a208a2b]
[10:28:55 AM] [9gaDy#16] Kamakazi Gamdom: said "/hideHUD"
[10:28:57 AM] [9gaDy#16] Kamakazi Gamdom: said "/hideHUD"
[10:30:33 AM] [9gaDy#21] JOSH: joined with identifiers [steam:1100001438fe567; license:b6284c20b4ad2c41c48d4a31859b65ae2a417ec8; discord:405075418769522708; fivem:12124231; license2:b6284c20b4ad2c41c48d4a31859b65ae2a417ec8]
[10:34:26 AM] [9gaDy#16] Kamakazi Gamdom: died from Pistol by DaddyDizzle
[10:34:43 AM] [9gaDy#20] DaddyDizzle: died from suicide (Falling)
[10:35:03 AM] [9gaDy#20] DaddyDizzle: died from suicide (Falling)
[10:35:08 AM] [9gaDy#20] DaddyDizzle: said "/revivie"
[10:39:35 AM] [9gaDy#16] Kamakazi Gamdom: said "/admin]"
[10:39:38 AM] [9gaDy#20] DaddyDizzle: said "fix"
[10:41:01 AM] [9gaDy#16] Kamakazi Gamdom: said "/setamm"
[10:42:19 AM] [9gaDy#16] Kamakazi Gamdom: caused an explosion (CAR)
[10:43:10 AM] [9gaDy#16] Kamakazi Gamdom: caused an explosion (FIREWORK)
[10:43:16 AM] [9gaDy#16] Kamakazi Gamdom: caused an explosion (FIREWORK)
[10:45:32 AM] [9gaDy#20] DaddyDizzle: said "/delete"
[10:46:19 AM] [9gaDy#20] DaddyDizzle: died from unknown by Kamakazi Gamdom
[10:48:14 AM] [9gaDy#20] DaddyDizzle: said "/deleteitem"
[10:55:28 AM] [9gaDy#16] Kamakazi Gamdom: said "/hideHUD"
[10:59:01 AM] [9gaDy#21] JOSH: died from Revolver by Kamakazi Gamdom
[11:02:05 AM] [9gaDy#20] DaddyDizzle: died from Revolver by Kamakazi Gamdom
[11:02:19 AM] [9gaDy#21] JOSH: died from Revolver by Kamakazi Gamdom
[11:02:47 AM] [9gaDy#21] JOSH: died from Revolver by Kamakazi Gamdom
[11:03:02 AM] [9gaDy#21] JOSH: died from Pump Shotgun by DaddyDizzle
[11:03:35 AM] [9gaDy#16] Kamakazi Gamdom: caused an explosion (FIREWORK)
[11:03:38 AM] [9gaDy#16] Kamakazi Gamdom: caused an explosion (FIREWORK)
[11:03:47 AM] [9gaDy#16] Kamakazi Gamdom: caused an explosion (FIREWORK)
[11:03:48 AM] [9gaDy#20] DaddyDizzle: died from Firework by Kamakazi Gamdom
[11:03:57 AM] [9gaDy#16] Kamakazi Gamdom: caused an explosion (FIREWORK)
[11:03:57 AM] [9gaDy#21] JOSH: died from Firework by Kamakazi Gamdom
[11:05:17 AM] [9gaDy#18] φοῖνιξ: died from unknown by Kamakazi Gamdom
[11:05:22 AM] [9gaDy#21] JOSH: died from unknown by Kamakazi Gamdom
[11:05:46 AM] [9gaDy#16] Kamakazi Gamdom: caused an explosion (GRENADE)
[11:06:39 AM] [9gaDy#21] JOSH: died from Marksman Rifle Mk2 by Kamakazi Gamdom
[11:06:52 AM] [9gaDy#21] JOSH: died from Marksman Rifle Mk2 by Kamakazi Gamdom
[11:07:53 AM] [9gaDy#21] JOSH: died from Vintage Pistol by Kamakazi Gamdom
[11:11:33 AM] [9gaDy#18] φοῖνιξ: died from Revolver by Kamakazi Gamdom
[11:13:15 AM] [9gaDy#21] JOSH: died from Combat PDW by Kamakazi Gamdom
[11:15:08 AM] [9gaDy#16] Kamakazi Gamdom: said "/hideHUD"
[11:15:10 AM] [9gaDy#16] Kamakazi Gamdom: said "/hideHUD"
[11:15:12 AM] [9gaDy#16] Kamakazi Gamdom: said "/hideHUD"
[11:15:12 AM] [9gaDy#16] Kamakazi Gamdom: said "/hideHUD"
[11:15:25 AM] [9gaDy#16] Kamakazi Gamdom: said "/hideHUD"
[11:15:27 AM] [9gaDy#16] Kamakazi Gamdom: said "/hideHUD"
[11:15:29 AM] [9gaDy#16] Kamakazi Gamdom: said "/hideHUD"
[11:15:30 AM] [9gaDy#16] Kamakazi Gamdom: said "/hideHUD"
[11:15:31 AM] [9gaDy#16] Kamakazi Gamdom: said "/hideHUD"
[11:15:32 AM] [9gaDy#16] Kamakazi Gamdom: said "/hideHUD"
[11:15:33 AM] [9gaDy#16] Kamakazi Gamdom: said "/hideHUD"
[11:15:35 AM] [9gaDy#16] Kamakazi Gamdom: said "/hideHUD"
[11:15:35 AM] [9gaDy#16] Kamakazi Gamdom: said "/hideHUD"
[11:15:40 AM] [9gaDy#16] Kamakazi Gamdom: said "/hideHUD"
[11:15:40 AM] [9gaDy#16] Kamakazi Gamdom: said "/hideHUD"
[11:15:41 AM] [9gaDy#16] Kamakazi Gamdom: said "/hideHUD"
[11:15:53 AM] [9gaDy#16] Kamakazi Gamdom: said "/hideHUD"
[11:15:54 AM] [9gaDy#16] Kamakazi Gamdom: said "/hideHUD"
[11:15:55 AM] [9gaDy#16] Kamakazi Gamdom: said "/hideHUD"
[11:15:58 AM] [9gaDy#16] Kamakazi Gamdom: said "/hideHUD"
[11:15:58 AM] [9gaDy#16] Kamakazi Gamdom: said "/hideHUD"
[11:16:14 AM] [9gaDy#16] Kamakazi Gamdom: said "/hideHUD"
[11:16:21 AM] [9gaDy#16] Kamakazi Gamdom: said "/hideHUD"
[11:16:36 AM] [9gaDy#16] Kamakazi Gamdom: said "/hideHUD"
[11:16:40 AM] [9gaDy#16] Kamakazi Gamdom: said "/hideHUD"
[11:16:42 AM] [9gaDy#16] Kamakazi Gamdom: said "/hideHUD"
[11:16:43 AM] [9gaDy#16] Kamakazi Gamdom: said "/hideHUD"
[11:16:47 AM] [9gaDy#16] Kamakazi Gamdom: said "/hideHUD"
[11:16:47 AM] [9gaDy#16] Kamakazi Gamdom: said "/hideHUD"
[11:16:53 AM] [9gaDy#16] Kamakazi Gamdom: said "/hideHUD"
[11:16:55 AM] [9gaDy#16] Kamakazi Gamdom: said "/hideHUD"
[11:16:55 AM] [9gaDy#16] Kamakazi Gamdom: said "/hideHUD"
[11:17:42 AM] [9gaDy#16] Kamakazi Gamdom: said "/hideHUD"
[11:17:43 AM] [9gaDy#16] Kamakazi Gamdom: said "/hideHUD"
[11:17:44 AM] [9gaDy#16] Kamakazi Gamdom: said "/hideHUD"
[11:18:33 AM] [9gaDy#16] Kamakazi Gamdom: said "/hideHUD"
[11:18:35 AM] [9gaDy#16] Kamakazi Gamdom: said "/hideHUD"
[11:18:39 AM] [9gaDy#16] Kamakazi Gamdom: said "/hideHUD"
[11:18:44 AM] [9gaDy#16] Kamakazi Gamdom: said "/hideHUD"
[11:18:47 AM] [9gaDy#16] Kamakazi Gamdom: said "/hideHUD"
[11:18:49 AM] [9gaDy#16] Kamakazi Gamdom: said "/hideHUD"
[11:19:04 AM] [9gaDy#16] Kamakazi Gamdom: said "/hideHUD"
[11:19:06 AM] [9gaDy#16] Kamakazi Gamdom: said "/hideHUD"
[11:19:12 AM] [9gaDy#16] Kamakazi Gamdom: said "/hideHUD"
[11:19:18 AM] [9gaDy#16] Kamakazi Gamdom: said "/hideHUD"
[11:19:45 AM] [9gaDy#16] Kamakazi Gamdom: said "/hideHUD"
[11:19:48 AM] [9gaDy#16] Kamakazi Gamdom: said "/hideHUD"
[11:19:48 AM] [9gaDy#16] Kamakazi Gamdom: said "/hideHUD"
[11:19:50 AM] [9gaDy#16] Kamakazi Gamdom: said "/hideHUD"
[11:19:52 AM] [9gaDy#16] Kamakazi Gamdom: said "/hideHUD"
[11:19:52 AM] [9gaDy#16] Kamakazi Gamdom: said "/hideHUD"
[11:20:04 AM] [9gaDy#16] Kamakazi Gamdom: caused an explosion (FIREWORK)
[11:20:16 AM] [9gaDy#16] Kamakazi Gamdom: caused an explosion (FIREWORK)
[11:20:25 AM] [9gaDy#16] Kamakazi Gamdom: caused an explosion (FIREWORK)
[11:21:29 AM] [9gaDy#21] JOSH: said "/th"
[11:21:31 AM] [9gaDy#20] DaddyDizzle: said "/hideHUD"
[11:22:32 AM] [9gaDy#16] Kamakazi Gamdom: said "/hideHUD"
[11:23:12 AM] [9gaDy#16] Kamakazi Gamdom: said "/hideHUD"
[11:23:43 AM] [9gaDy#16] Kamakazi Gamdom: caused an explosion (FIREWORK)
[11:23:52 AM] [9gaDy#16] Kamakazi Gamdom: caused an explosion (FIREWORK)
[11:26:10 AM] [9gaDy#21] JOSH: died from Assault Rifle by Kamakazi Gamdom
[11:28:01 AM] [9gaDy#20] DaddyDizzle: said "/hideHUD"
[11:28:48 AM] [9gaDy#16] Kamakazi Gamdom: caused an explosion (FIREWORK)
[11:29:47 AM] [9gaDy#16] Kamakazi Gamdom: caused an explosion (ROCKET)
[11:30:30 AM] [9gaDy#16] Kamakazi Gamdom: caused an explosion (ROCKET)
[11:31:53 AM] [9gaDy#20] DaddyDizzle: said "fix"
[11:31:54 AM] [9gaDy#16] Kamakazi Gamdom: caused an explosion (ROCKET)
[11:32:36 AM] [9gaDy#16] Kamakazi Gamdom: caused an explosion (CAR)
[11:33:34 AM] [9gaDy#20] DaddyDizzle: said "fix"
[11:33:36 AM] [9gaDy#20] DaddyDizzle: died from Revolver by Kamakazi Gamdom
[11:38:50 AM] [9gaDy#16] Kamakazi Gamdom: caused an explosion (STICKYBOMB)
[11:39:12 AM] [9gaDy#21] JOSH: said "/th"
[11:42:51 AM] [9gaDy#18] φοῖνιξ: died from Assault Rifle by Kamakazi Gamdom
[11:42:54 AM] [9gaDy#21] JOSH: died from Assault Rifle by Kamakazi Gamdom
[11:47:53 AM] [9gaDy#16] Kamakazi Gamdom: said "/admni"
[11:47:55 AM] [9gaDy#20] DaddyDizzle: said "/f9xw"
[11:48:00 AM] [9gaDy#16] Kamakazi Gamdom: said "/hideHUD"
[11:48:24 AM] [9gaDy#16] Kamakazi Gamdom: said "/hideHUD"
[11:48:48 AM] [9gaDy#20] DaddyDizzle: said "fix"
[11:50:49 AM] [9gaDy#16] Kamakazi Gamdom: disconnected (Exiting)
[11:57:25 AM] [9gaDy#20] DaddyDizzle: said "fix"
[12:08:45 PM] [9gaDy#20] DaddyDizzle: said "/nolip"
[12:16:57 PM] [9gaDy#18] φοῖνιξ: said "/hideHUD"
[12:28:50 PM] [9gaDy#21] JOSH: disconnected (Exiting)
[12:49:09 PM] [9gaDy#20] DaddyDizzle: said "/revivie"
[12:50:57 PM] [9gaDy#18] φοῖνιξ: died from Ranover by Vehicle by DaddyDizzle
[12:54:58 PM] [9gaDy#22] BotOnMnK: joined with identifiers [steam:11000014df460ff; license:06a61b4c40fc28c0a6e0a709ba99ffb637152b33; xbl:2535406023679221; live:1055518462074046; discord:1043623556015194112; fivem:9907274; license2:06a61b4c40fc28c0a6e0a709ba99ffb637152b33]
[1:05:00 PM] [9gaDy#23] Esky: joined with identifiers [steam:110000131c93706; license:8dfbcb6dabf76f1c81aa91d421dc6c2ab1407ba6; xbl:2535436019694875; live:914798270695886; discord:350771731708772354; fivem:11993654; license2:8dfbcb6dabf76f1c81aa91d421dc6c2ab1407ba6]
[1:06:56 PM] [9gaDy#20] DaddyDizzle: said "hu"
[1:09:28 PM] [9gaDy#20] DaddyDizzle: said "/hideHUD"
[1:09:36 PM] [9gaDy#23] Esky: disconnected (Exiting)
[1:09:52 PM] [9gaDy#20] DaddyDizzle: said "/qut"
[1:09:52 PM] [9gaDy#20] DaddyDizzle: said "/hideHUD"
[1:09:53 PM] [9gaDy#20] DaddyDizzle: disconnected (Exiting)
[1:10:15 PM] [9gaDy#24] Esky: joined with identifiers [steam:110000131c93706; license:8dfbcb6dabf76f1c81aa91d421dc6c2ab1407ba6; xbl:2535436019694875; live:914798270695886; discord:350771731708772354; fivem:11993654; license2:8dfbcb6dabf76f1c81aa91d421dc6c2ab1407ba6]
[1:11:30 PM] [9gaDy#25] DaddyDizzle: joined with identifiers [steam:11000014bb53aeb; license:e0893217ab0d40d6a510bcbfe1c9441b4a208a2b; discord:584024523989581834; fivem:8961289; license2:e0893217ab0d40d6a510bcbfe1c9441b4a208a2b]
[1:19:58 PM] [9gaDy#24] Esky: died from suicide (Falling)
[1:25:52 PM] [9gaDy#24] Esky: died from suicide (Falling)
[1:29:26 PM] [9gaDy#25] DaddyDizzle: died from suicide (Falling)
[1:29:58 PM] [9gaDy#25] DaddyDizzle: said "fix"
[1:30:39 PM] txAdmin: ((Broadcast) txAdmin): said "This server is scheduled to restart in 30 minutes."
[1:33:19 PM] [9gaDy#26] Kamakazi Gamdom: joined with identifiers [steam:11000010e87be4d; license:b27179133e8df658895ecd5f756db2a4a4c8cd08; xbl:2533275003431282; live:1829581607460581; discord:242888314108116992; fivem:11442758; license2:e1e3866f24a1a081ffd211b7c1805c667b695651]
[1:35:04 PM] [9gaDy#26] Kamakazi Gamdom: said "/hideHUD"
[1:35:05 PM] [9gaDy#26] Kamakazi Gamdom: said "/hideHUD"
[1:35:11 PM] [9gaDy#26] Kamakazi Gamdom: said "/hideHUD"
[1:35:11 PM] [9gaDy#26] Kamakazi Gamdom: said "/hideHUD"
[1:40:19 PM] [9gaDy#18] φοῖνιξ: disconnected (Game crashed: RAGE error: ERR_STR_INFO_2)
[1:41:28 PM] [9gaDy#24] Esky: said "/cas"
[1:42:23 PM] [9gaDy#26] Kamakazi Gamdom: said "/setammo250"
[1:44:51 PM] [9gaDy#19] green: disconnected (Game crashed: d3d11.dll!??$TID3D11DeviceContext_SetShaderResources_@$00$03@CContext@@SAXPEAUID3D11DeviceContext5@@IIPEBQEAUID3D11ShaderResourceView@@@Z (0x13e))
[1:45:40 PM] txAdmin: ((Broadcast) txAdmin): said "This server is scheduled to restart in 15 minutes."
[1:46:17 PM] [9gaDy#27] Mr.Green: joined with identifiers [steam:110000117f12b1a; license:8cb9f8548eb4c7764c77849cfa2ff397ec016f08; xbl:2535433922801834; live:985153858977618; discord:322443072233537556; fivem:10498222; license2:6dd94f8afb9d56223c4c530061c5ab1316c72c1c]
[1:46:55 PM] [9gaDy#25] DaddyDizzle: died from Assault Rifle by Kamakazi Gamdom
[1:47:10 PM] [9gaDy#26] Kamakazi Gamdom: caused an explosion (FIREWORK)
[1:47:12 PM] [9gaDy#26] Kamakazi Gamdom: caused an explosion (FIREWORK)
[1:47:28 PM] [9gaDy#26] Kamakazi Gamdom: caused an explosion (FIREWORK)
[1:47:31 PM] [9gaDy#26] Kamakazi Gamdom: caused an explosion (FIREWORK)
[1:47:42 PM] [9gaDy#26] Kamakazi Gamdom: caused an explosion (CAR)
[1:47:50 PM] [9gaDy#26] Kamakazi Gamdom: caused an explosion (ROCKET)
[1:48:55 PM] [9gaDy#25] DaddyDizzle: died from Pistol by BotOnMnK
[1:48:58 PM] [9gaDy#25] DaddyDizzle: said "/refrehskin"
[1:50:40 PM] txAdmin: ((Broadcast) txAdmin): said "This server is scheduled to restart in 10 minutes."
[1:50:56 PM] [9gaDy#28] JOSH: joined with identifiers [steam:1100001438fe567; license:b6284c20b4ad2c41c48d4a31859b65ae2a417ec8; discord:405075418769522708; fivem:12124231; license2:b6284c20b4ad2c41c48d4a31859b65ae2a417ec8]
[1:52:51 PM] [9gaDy#24] Esky: disconnected (Exiting)
[1:55:08 PM] [9gaDy#17] missberrymedley: disconnected (Exiting)
[1:55:40 PM] txAdmin: ((Broadcast) txAdmin): said "This server is scheduled to restart in 5 minutes."
[1:55:58 PM] [9gaDy#28] JOSH: disconnected (Exiting)
[1:56:40 PM] txAdmin: ((Broadcast) txAdmin): said "This server is scheduled to restart in 4 minutes."
[1:57:40 PM] txAdmin: ((Broadcast) txAdmin): said "This server is scheduled to restart in 3 minutes."
[1:58:31 PM] [9gaDy#29] Kody Pepperfield: joined with identifiers [license:3219d00ad3af143df0db5d2bed38fe7460729e68; xbl:2535451109437060; live:1055521765014399; discord:152991330048540672; fivem:12674089; license2:3e576e238fb0360dab034daae9fc7459afbacb59]
[1:58:40 PM] txAdmin: ((Broadcast) txAdmin): said "This server is scheduled to restart in 2 minutes."
[1:59:22 PM] [9gaDy#30] φοῖνιξ: joined with identifiers [steam:11000010ee88c01; license:ee681c08d9d45c48bf5af06870d7d23d75db16dc; xbl:2535430200613003; live:985158121988759; discord:305372052683096065; fivem:10488223; license2:ee681c08d9d45c48bf5af06870d7d23d75db16dc]
[1:59:40 PM] txAdmin: ((Broadcast) txAdmin): said "This server is scheduled to restart in 1 minute. Please disconnect now."
[1:59:40 PM] [9gaDy#27] Mr.Green: said "/seat1"
[1:59:56 PM] [9gaDy#27] Mr.Green: said "/seat-1"
[2:00:00 PM] [9gaDy#27] Mr.Green: said "/seat0"
[2:00:04 PM] [9gaDy#25] DaddyDizzle: disconnected (Exiting)
[2:00:11 PM] [9gaDy#26] Kamakazi Gamdom: died from Pistol by Kody Pepperfield
[2:00:13 PM] [9gaDy#22] BotOnMnK: died from Pistol by Kody Pepperfield
[2:00:24 PM] [9gaDy#26] Kamakazi Gamdom: died from unknown by Kody Pepperfield
[2:00:28 PM] [9gaDy#22] BotOnMnK: died from unknown by Kody Pepperfield
[2:00:32 PM] [9gaDy#27] Mr.Green: said "/seat3"
[2:00:38 PM] [9gaDy#29] Kody Pepperfield: died from Heavy Pistol by Kamakazi Gamdom
[2:00:40 PM] [9gaDy#22] BotOnMnK: disconnected ([txAdmin] Server restarting (scheduled restart at 14:00).)
[2:00:40 PM] [9gaDy#26] Kamakazi Gamdom: disconnected ([txAdmin] Server restarting (scheduled restart at 14:00).)
[2:00:40 PM] [9gaDy#27] Mr.Green: disconnected ([txAdmin] Server restarting (scheduled restart at 14:00).)
[2:00:40 PM] [9gaDy#30] φοῖνιξ: disconnected ([txAdmin] Server restarting (scheduled restart at 14:00).)
[2:00:40 PM] [9gaDy#29] Kody Pepperfield: disconnected ([txAdmin] Server restarting (scheduled restart at 14:00).)
[2:03:50 PM] txAdmin: Logger started
[2:04:12 PM] [Er7Hw#1] φοῖνιξ: joined with identifiers [steam:11000010ee88c01; license:ee681c08d9d45c48bf5af06870d7d23d75db16dc; xbl:2535430200613003; live:985158121988759; discord:305372052683096065; fivem:10488223; license2:ee681c08d9d45c48bf5af06870d7d23d75db16dc]
[2:04:35 PM] [Er7Hw#2] missberrymedley: joined with identifiers [steam:11000010cab8d07; license:7a3a5bfb5af789cb5f02843e29cc4ee338b0a294; xbl:2535413783067581; live:1688853905214434; discord:461174423903535107; fivem:1697557; license2:ec1926a90f33d1955abd2276f36a7c3ed4c51a23]
[2:04:35 PM] [Er7Hw#3] Kamakazi Gamdom: joined with identifiers [steam:11000010e87be4d; license:b27179133e8df658895ecd5f756db2a4a4c8cd08; xbl:2533275003431282; live:1829581607460581; discord:242888314108116992; fivem:11442758; license2:e1e3866f24a1a081ffd211b7c1805c667b695651]
[2:04:42 PM] [Er7Hw#4] Mr.Green: joined with identifiers [steam:110000117f12b1a; license:8cb9f8548eb4c7764c77849cfa2ff397ec016f08; xbl:2535433922801834; live:985153858977618; discord:322443072233537556; fivem:10498222; license2:6dd94f8afb9d56223c4c530061c5ab1316c72c1c]
[2:04:47 PM] [Er7Hw#5] Kody Pepperfield: joined with identifiers [license:3219d00ad3af143df0db5d2bed38fe7460729e68; xbl:2535451109437060; live:1055521765014399; discord:152991330048540672; fivem:12674089; license2:3e576e238fb0360dab034daae9fc7459afbacb59]
[2:05:32 PM] [Er7Hw#6] BotOnMnK: joined with identifiers [steam:11000014df460ff; license:06a61b4c40fc28c0a6e0a709ba99ffb637152b33; xbl:2535406023679221; live:1055518462074046; discord:1043623556015194112; fivem:9907274; license2:06a61b4c40fc28c0a6e0a709ba99ffb637152b33]
[2:06:19 PM] [Er7Hw#7] DaddyDizzle: joined with identifiers [steam:11000014bb53aeb; license:e0893217ab0d40d6a510bcbfe1c9441b4a208a2b; discord:584024523989581834; fivem:8961289; license2:e0893217ab0d40d6a510bcbfe1c9441b4a208a2b]
[2:06:31 PM] [Er7Hw#3] Kamakazi Gamdom: said "/hideHUD"
[2:06:32 PM] [Er7Hw#3] Kamakazi Gamdom: said "/hideHUD"
[2:06:33 PM] [Er7Hw#3] Kamakazi Gamdom: said "/hideHUD"
[2:06:33 PM] [Er7Hw#3] Kamakazi Gamdom: said "/hideHUD"
[2:06:34 PM] [Er7Hw#3] Kamakazi Gamdom: said "/hideHUD"
[2:06:35 PM] [Er7Hw#3] Kamakazi Gamdom: said "/hideHUD"
[2:06:35 PM] [Er7Hw#3] Kamakazi Gamdom: said "/hideHUD"
[2:06:36 PM] [Er7Hw#3] Kamakazi Gamdom: said "/hideHUD"
[2:06:36 PM] [Er7Hw#3] Kamakazi Gamdom: said "/hideHUD"
[2:06:40 PM] [Er7Hw#3] Kamakazi Gamdom: said "/hideHUD"
[2:06:42 PM] [Er7Hw#3] Kamakazi Gamdom: said "/hideHUD"
[2:06:44 PM] [Er7Hw#3] Kamakazi Gamdom: said "/hideHUD"
[2:06:45 PM] [Er7Hw#3] Kamakazi Gamdom: said "/hideHUD"
[2:06:57 PM] [Er7Hw#8] Esky: joined with identifiers [steam:110000131c93706; license:8dfbcb6dabf76f1c81aa91d421dc6c2ab1407ba6; xbl:2535436019694875; live:914798270695886; discord:350771731708772354; fivem:11993654; license2:8dfbcb6dabf76f1c81aa91d421dc6c2ab1407ba6]
[2:07:11 PM] [Er7Hw#4] Mr.Green: died from Revolver by Kamakazi Gamdom
[2:07:31 PM] [Er7Hw#5] Kody Pepperfield: died from Revolver by Kamakazi Gamdom
[2:08:58 PM] [Er7Hw#3] Kamakazi Gamdom: said "/hideHUD"
[2:09:00 PM] [Er7Hw#3] Kamakazi Gamdom: said "/hideHUD"
[2:09:02 PM] [Er7Hw#3] Kamakazi Gamdom: said "/hideHUD"
[2:09:03 PM] [Er7Hw#3] Kamakazi Gamdom: said "/hideHUD"
[2:09:03 PM] [Er7Hw#3] Kamakazi Gamdom: said "/hideHUD"
[2:09:04 PM] [Er7Hw#3] Kamakazi Gamdom: said "/hideHUD"
[2:09:05 PM] [Er7Hw#3] Kamakazi Gamdom: said "/hideHUD"
[2:09:05 PM] [Er7Hw#3] Kamakazi Gamdom: said "/hideHUD"
[2:09:07 PM] [Er7Hw#3] Kamakazi Gamdom: said "/hideHUD"
[2:09:07 PM] [Er7Hw#3] Kamakazi Gamdom: said "/hideHUD"
[2:09:08 PM] [Er7Hw#3] Kamakazi Gamdom: said "/hideHUD"
[2:09:08 PM] [Er7Hw#3] Kamakazi Gamdom: said "/hideHUD"
[2:09:13 PM] [Er7Hw#3] Kamakazi Gamdom: said "/hideHUD"
[2:09:13 PM] [Er7Hw#3] Kamakazi Gamdom: said "/hideHUD"
[2:09:13 PM] [Er7Hw#3] Kamakazi Gamdom: said "/hideHUD"
[2:09:16 PM] [Er7Hw#3] Kamakazi Gamdom: said "/hideHUD"
[2:09:18 PM] [Er7Hw#3] Kamakazi Gamdom: said "/hideHUD"
[2:09:18 PM] [Er7Hw#3] Kamakazi Gamdom: said "/hideHUD"
[2:09:38 PM] [Er7Hw#7] DaddyDizzle: died from Revolver by Kamakazi Gamdom
[2:11:02 PM] [Er7Hw#7] DaddyDizzle: said "/admn"
[2:11:09 PM] [Er7Hw#5] Kody Pepperfield: died from suicide (Falling)
[2:11:37 PM] [Er7Hw#5] Kody Pepperfield: died from Revolver by Kamakazi Gamdom
[2:12:05 PM] [Er7Hw#5] Kody Pepperfield: died from Pistol by DaddyDizzle
[2:12:13 PM] [Er7Hw#7] DaddyDizzle: died from Pistol by BotOnMnK
[2:12:19 PM] [Er7Hw#3] Kamakazi Gamdom: died from suicide (Falling)
[2:12:21 PM] [Er7Hw#6] BotOnMnK: died from unknown by DaddyDizzle
[2:12:23 PM] [Er7Hw#5] Kody Pepperfield: died from unknown by DaddyDizzle
[2:12:27 PM] [Er7Hw#4] Mr.Green: died from unknown by DaddyDizzle
[2:12:37 PM] [Er7Hw#9] JOSH: joined with identifiers [steam:1100001438fe567; license:b6284c20b4ad2c41c48d4a31859b65ae2a417ec8; discord:405075418769522708; fivem:12124231; license2:b6284c20b4ad2c41c48d4a31859b65ae2a417ec8]
[2:14:50 PM] [Er7Hw#5] Kody Pepperfield: died from unknown by Kamakazi Gamdom
[2:15:15 PM] [Er7Hw#3] Kamakazi Gamdom: died from Pistol by Kody Pepperfield
[2:15:16 PM] [Er7Hw#3] Kamakazi Gamdom: died from Pistol by Kody Pepperfield
[2:15:22 PM] [Er7Hw#5] Kody Pepperfield: died from unknown by DaddyDizzle
[2:15:33 PM] [Er7Hw#5] Kody Pepperfield: died from Pistol by DaddyDizzle
[2:15:38 PM] [Er7Hw#6] BotOnMnK: died from Pistol by DaddyDizzle
[2:15:44 PM] [Er7Hw#6] BotOnMnK: died from unknown by Kamakazi Gamdom
[2:15:57 PM] [Er7Hw#4] Mr.Green: died from unknown by Kamakazi Gamdom
[2:16:17 PM] [Er7Hw#4] Mr.Green: died from Pistol by DaddyDizzle
[2:16:36 PM] [Er7Hw#9] JOSH: said "/hideHUD"
[2:17:38 PM] [Er7Hw#3] Kamakazi Gamdom: said "/hideHUD"
[2:17:38 PM] [Er7Hw#7] DaddyDizzle: said "/hideHUD"
[2:20:29 PM] [Er7Hw#10] kei: joined with identifiers [steam:11000015d2ee6eb; license:3913c4b104383854d4710df1ad355c251bc85aea; xbl:2535406310135259; live:844426017862208; discord:727383105408598140; fivem:11241954; license2:3913c4b104383854d4710df1ad355c251bc85aea]
[2:22:34 PM] [Er7Hw#3] Kamakazi Gamdom: said "/hideHUD"
[2:22:35 PM] [Er7Hw#3] Kamakazi Gamdom: said "/hideHUD"
[2:22:36 PM] [Er7Hw#3] Kamakazi Gamdom: said "/hideHUD"
[2:22:37 PM] [Er7Hw#3] Kamakazi Gamdom: said "/hideHUD"
[2:22:37 PM] [Er7Hw#3] Kamakazi Gamdom: said "/hideHUD"
[2:22:38 PM] [Er7Hw#3] Kamakazi Gamdom: said "/hideHUD"
[2:23:49 PM] [Er7Hw#6] BotOnMnK: died from Revolver by Kamakazi Gamdom
[2:23:54 PM] [Er7Hw#3] Kamakazi Gamdom: died from unknown by Kody Pepperfield
[2:23:55 PM] [Er7Hw#7] DaddyDizzle: died from unknown by Kody Pepperfield
[2:24:06 PM] [Er7Hw#5] Kody Pepperfield: died from Fist by kei
[2:24:06 PM] [Er7Hw#10] kei: died from Pistol by DaddyDizzle
[2:24:09 PM] [Er7Hw#4] Mr.Green: died from Revolver by Kamakazi Gamdom
[2:24:21 PM] [Er7Hw#11] MJL: joined with identifiers [steam:1100001324fa523; license:ec6c328d6d02f816bf13e4a9d09768c02d6e3125; xbl:2535415531070562; live:1055522508602522; discord:213410953641852928; fivem:2586828]
[2:25:07 PM] [Er7Hw#7] DaddyDizzle: said "/refrehskin"
[2:25:30 PM] [Er7Hw#3] Kamakazi Gamdom: said "/dvb"
[2:26:17 PM] [Er7Hw#11] MJL: said "/exithouse"
[2:26:17 PM] [Er7Hw#11] MJL: said "/enterhouse"
[2:26:18 PM] [Er7Hw#11] MJL: said "/exithouse"
[2:26:18 PM] [Er7Hw#11] MJL: said "/enterhouse"
[2:26:20 PM] [Er7Hw#11] MJL: said "/exithouse"
[2:26:20 PM] [Er7Hw#11] MJL: said "/enterhouse"
[2:26:21 PM] [Er7Hw#11] MJL: said "/exithouse"
[2:26:21 PM] [Er7Hw#11] MJL: said "/enterhouse"
[2:26:22 PM] [Er7Hw#11] MJL: said "/exithouse"
[2:26:22 PM] [Er7Hw#11] MJL: said "/enterhouse"
[2:26:23 PM] [Er7Hw#11] MJL: said "/exithouse"
[2:26:23 PM] [Er7Hw#11] MJL: said "/enterhouse"
[2:26:27 PM] [Er7Hw#11] MJL: said "/exithouse"
[2:26:27 PM] [Er7Hw#11] MJL: said "/enterhouse"
[2:26:34 PM] [Er7Hw#3] Kamakazi Gamdom: said "/hideHUD"
[2:26:35 PM] [Er7Hw#3] Kamakazi Gamdom: said "/hideHUD"
[2:26:56 PM] [Er7Hw#3] Kamakazi Gamdom: said "/hideHUD"
[2:26:56 PM] [Er7Hw#3] Kamakazi Gamdom: said "/hideHUD"
[2:26:56 PM] [Er7Hw#3] Kamakazi Gamdom: said "/hideHUD"
[2:27:01 PM] [Er7Hw#3] Kamakazi Gamdom: said "/hideHUD"
[2:27:01 PM] [Er7Hw#3] Kamakazi Gamdom: said "/hideHUD"
[2:27:03 PM] [Er7Hw#3] Kamakazi Gamdom: said "/hideHUD"
[2:41:43 PM] [Er7Hw#3] Kamakazi Gamdom: caused an explosion (GRENADE)
[2:42:21 PM] [Er7Hw#3] Kamakazi Gamdom: caused an explosion (STICKYBOMB)
[2:42:22 PM] [Er7Hw#1] φοῖνιξ: died from Sticky Bomb by Kamakazi Gamdom
[2:42:22 PM] [Er7Hw#2] missberrymedley: died from Sticky Bomb by Kamakazi Gamdom
[2:42:22 PM] [Er7Hw#5] Kody Pepperfield: died from Sticky Bomb by Kamakazi Gamdom
[2:42:22 PM] [Er7Hw#8] Esky: died from Sticky Bomb by Kamakazi Gamdom
[2:42:22 PM] [Er7Hw#3] Kamakazi Gamdom: died from suicide (Sticky Bomb)
[2:42:22 PM] [Er7Hw#9] JOSH: died from Sticky Bomb by Kamakazi Gamdom
[2:42:22 PM] [Er7Hw#7] DaddyDizzle: died from Sticky Bomb by Kamakazi Gamdom
[2:42:22 PM] [Er7Hw#6] BotOnMnK: died from Sticky Bomb by Kamakazi Gamdom
[2:43:29 PM] [Er7Hw#3] Kamakazi Gamdom: caused an explosion (STICKYBOMB)
[2:43:29 PM] [Er7Hw#3] Kamakazi Gamdom: died from suicide (Sticky Bomb)
[2:43:30 PM] [Er7Hw#6] BotOnMnK: died from Sticky Bomb by Kamakazi Gamdom
[2:43:30 PM] [Er7Hw#9] JOSH: died from Sticky Bomb by Kamakazi Gamdom
[2:43:44 PM] [Er7Hw#5] Kody Pepperfield: said "//e superhero"
[2:43:50 PM] [Er7Hw#5] Kody Pepperfield: said "//e superhero"
[2:44:18 PM] [Er7Hw#10] kei: disconnected (Game crashed: d3d11.dll!??$TID3D11DeviceContext_SetShaderResources_@$00$03@CContext@@SAXPEAUID3D11DeviceContext5@@IIPEBQEAUID3D11ShaderResourceView@@@Z (0x13e))
[2:44:44 PM] [Er7Hw#3] Kamakazi Gamdom: caused an explosion (STICKYBOMB)
[2:44:44 PM] [Er7Hw#7] DaddyDizzle: died from Sticky Bomb by Kamakazi Gamdom
[2:44:44 PM] [Er7Hw#5] Kody Pepperfield: died from Sticky Bomb by Kamakazi Gamdom
[2:45:05 PM] [Er7Hw#6] BotOnMnK: died from unknown by Kamakazi Gamdom
[2:45:15 PM] [Er7Hw#12] kei: joined with identifiers [steam:11000015d2ee6eb; license:3913c4b104383854d4710df1ad355c251bc85aea; xbl:2535406310135259; live:844426017862208; discord:727383105408598140; fivem:11241954; license2:3913c4b104383854d4710df1ad355c251bc85aea]
[2:45:46 PM] [Er7Hw#3] Kamakazi Gamdom: said "/REVIVE10"
[2:47:49 PM] [Er7Hw#11] MJL: died from Revolver by Kamakazi Gamdom
[2:48:03 PM] [Er7Hw#2] missberrymedley: died from Revolver by Kamakazi Gamdom
[2:48:17 PM] [Er7Hw#7] DaddyDizzle: died from Revolver by Kamakazi Gamdom
[2:48:26 PM] [Er7Hw#3] Kamakazi Gamdom: died from unknown by DaddyDizzle
[2:54:08 PM] [Er7Hw#3] Kamakazi Gamdom: said "/ADAMIN"
[2:55:29 PM] [Er7Hw#2] missberrymedley: died from suicide (Falling)
[2:57:03 PM] [Er7Hw#11] MJL: said "/exithouse"
[2:57:03 PM] [Er7Hw#11] MJL: said "/enterhouse"
[2:57:04 PM] [Er7Hw#11] MJL: said "/exithouse"
[2:57:04 PM] [Er7Hw#11] MJL: said "/enterhouse"
[2:57:07 PM] [Er7Hw#11] MJL: said "/exithouse"
[2:57:07 PM] [Er7Hw#11] MJL: said "/enterhouse"
[2:57:15 PM] [Er7Hw#11] MJL: said "/exithouse"
[2:57:15 PM] [Er7Hw#11] MJL: said "/enterhouse"
[2:57:16 PM] [Er7Hw#11] MJL: said "/exithouse"
[2:57:16 PM] [Er7Hw#11] MJL: said "/enterhouse"
[2:57:16 PM] [Er7Hw#11] MJL: said "/exithouse"
[2:57:16 PM] [Er7Hw#11] MJL: said "/enterhouse"
[2:57:19 PM] [Er7Hw#11] MJL: said "/exithouse"
[2:57:19 PM] [Er7Hw#11] MJL: said "/enterhouse"
[2:57:20 PM] [Er7Hw#11] MJL: said "/exithouse"
[2:57:20 PM] [Er7Hw#11] MJL: said "/enterhouse"
[3:00:05 PM] [Er7Hw#1] φοῖνιξ: died from suicide (Falling)
[3:03:30 PM] [Er7Hw#11] MJL: said "/exithouse"
[3:03:30 PM] [Er7Hw#11] MJL: said "/enterhouse"
[3:03:32 PM] [Er7Hw#11] MJL: said "/exithouse"
[3:03:32 PM] [Er7Hw#11] MJL: said "/enterhouse"
[3:04:18 PM] [Er7Hw#11] MJL: said "/exithouse"
[3:04:18 PM] [Er7Hw#11] MJL: said "/enterhouse"
[3:04:19 PM] [Er7Hw#11] MJL: said "/exithouse"
[3:04:19 PM] [Er7Hw#11] MJL: said "/enterhouse"
[3:04:23 PM] [Er7Hw#8] Esky: disconnected (Exiting)
[3:04:44 PM] [Er7Hw#11] MJL: said "/exithouse"
[3:04:44 PM] [Er7Hw#11] MJL: said "/enterhouse"
[3:04:45 PM] [Er7Hw#11] MJL: said "/exithouse"
[3:04:45 PM] [Er7Hw#11] MJL: said "/enterhouse"
[3:04:46 PM] [Er7Hw#11] MJL: said "/exithouse"
[3:04:46 PM] [Er7Hw#11] MJL: said "/enterhouse"
[3:04:46 PM] [Er7Hw#11] MJL: said "/exithouse"
[3:04:46 PM] [Er7Hw#11] MJL: said "/enterhouse"
[3:04:46 PM] [Er7Hw#11] MJL: said "/exithouse"
[3:04:46 PM] [Er7Hw#11] MJL: said "/enterhouse"
[3:04:47 PM] [Er7Hw#11] MJL: said "/exithouse"
[3:04:47 PM] [Er7Hw#11] MJL: said "/enterhouse"
[3:04:47 PM] [Er7Hw#11] MJL: said "/exithouse"
[3:04:47 PM] [Er7Hw#11] MJL: said "/enterhouse"
[3:04:50 PM] [Er7Hw#11] MJL: said "/hideHUD"
[3:05:22 PM] [Er7Hw#11] MJL: said "/exithouse"
[3:05:22 PM] [Er7Hw#11] MJL: said "/enterhouse"
[3:05:23 PM] [Er7Hw#11] MJL: said "/exithouse"
[3:05:23 PM] [Er7Hw#11] MJL: said "/enterhouse"
[3:05:23 PM] [Er7Hw#11] MJL: said "/exithouse"
[3:05:23 PM] [Er7Hw#11] MJL: said "/enterhouse"
[3:05:24 PM] [Er7Hw#11] MJL: said "/exithouse"
[3:05:24 PM] [Er7Hw#11] MJL: said "/enterhouse"
[3:05:25 PM] [Er7Hw#11] MJL: said "/exithouse"
[3:05:25 PM] [Er7Hw#11] MJL: said "/enterhouse"
[3:05:26 PM] [Er7Hw#11] MJL: said "/exithouse"
[3:05:26 PM] [Er7Hw#11] MJL: said "/enterhouse"
[3:05:27 PM] [Er7Hw#11] MJL: said "/exithouse"
[3:05:27 PM] [Er7Hw#11] MJL: said "/enterhouse"
[3:06:47 PM] [Er7Hw#11] MJL: said "/exithouse"
[3:06:47 PM] [Er7Hw#11] MJL: said "/enterhouse"
[3:06:47 PM] [Er7Hw#11] MJL: said "/exithouse"
[3:06:47 PM] [Er7Hw#11] MJL: said "/enterhouse"
[3:06:47 PM] [Er7Hw#11] MJL: said "/exithouse"
[3:06:47 PM] [Er7Hw#11] MJL: said "/enterhouse"
[3:06:48 PM] [Er7Hw#11] MJL: said "/exithouse"
[3:06:48 PM] [Er7Hw#11] MJL: said "/enterhouse"
[3:06:48 PM] [Er7Hw#11] MJL: said "/exithouse"
[3:06:48 PM] [Er7Hw#11] MJL: said "/enterhouse"
[3:06:48 PM] [Er7Hw#11] MJL: said "/exithouse"
[3:06:48 PM] [Er7Hw#11] MJL: said "/enterhouse"
[3:06:48 PM] [Er7Hw#11] MJL: said "/exithouse"
[3:06:48 PM] [Er7Hw#11] MJL: said "/enterhouse"
[3:06:48 PM] [Er7Hw#11] MJL: said "/exithouse"
[3:06:48 PM] [Er7Hw#11] MJL: said "/enterhouse"
[3:06:48 PM] [Er7Hw#11] MJL: said "/exithouse"
[3:06:48 PM] [Er7Hw#11] MJL: said "/enterhouse"
[3:06:49 PM] [Er7Hw#11] MJL: said "/exithouse"
[3:06:49 PM] [Er7Hw#11] MJL: said "/enterhouse"
[3:06:49 PM] [Er7Hw#11] MJL: said "/exithouse"
[3:06:49 PM] [Er7Hw#11] MJL: said "/enterhouse"
[3:09:17 PM] [Er7Hw#7] DaddyDizzle: said "/hideHUD"
[3:09:26 PM] [Er7Hw#7] DaddyDizzle: said "fix"
[3:10:09 PM] [Er7Hw#7] DaddyDizzle: said "admin"
[3:11:07 PM] [Er7Hw#1] φοῖνιξ: said "/hideHUD"
[3:11:07 PM] [Er7Hw#3] Kamakazi Gamdom: said "/hideHUD"
[3:11:07 PM] [Er7Hw#2] missberrymedley: said "/hideHUD"
[3:12:08 PM] [Er7Hw#7] DaddyDizzle: said "admin"
[3:14:21 PM] [Er7Hw#11] MJL: said "/exithouse"
[3:14:21 PM] [Er7Hw#11] MJL: said "/enterhouse"
[3:14:24 PM] [Er7Hw#11] MJL: said "/exithouse"
[3:14:24 PM] [Er7Hw#11] MJL: said "/enterhouse"
[3:14:29 PM] [Er7Hw#11] MJL: said "/exithouse"
[3:14:29 PM] [Er7Hw#11] MJL: said "/enterhouse"
[3:14:30 PM] [Er7Hw#11] MJL: said "/exithouse"
[3:14:30 PM] [Er7Hw#11] MJL: said "/enterhouse"
[3:14:34 PM] [Er7Hw#11] MJL: said "/exithouse"
[3:14:34 PM] [Er7Hw#11] MJL: said "/enterhouse"
[3:14:36 PM] [Er7Hw#11] MJL: said "/exithouse"
[3:14:36 PM] [Er7Hw#11] MJL: said "/enterhouse"
[3:14:37 PM] [Er7Hw#13] RigssRP: joined with identifiers [steam:11000014abdebcf; license:0503ca95eab75210d3475b9e63fd6aa6028e6a91; xbl:2535446394392876; live:1055518940555852; discord:1103467626300199044; fivem:8351340; license2:2a20c64a2a1abb3e1653a5c89e5ac281f69f1eb9]
[3:15:14 PM] [Er7Hw#11] MJL: said "/exithouse"
[3:15:14 PM] [Er7Hw#11] MJL: said "/enterhouse"
[3:15:15 PM] [Er7Hw#11] MJL: said "/exithouse"
[3:15:15 PM] [Er7Hw#11] MJL: said "/enterhouse"
[3:15:20 PM] [Er7Hw#11] MJL: said "/exithouse"
[3:15:20 PM] [Er7Hw#11] MJL: said "/enterhouse"
[3:15:21 PM] [Er7Hw#11] MJL: said "/exithouse"
[3:15:21 PM] [Er7Hw#11] MJL: said "/enterhouse"
[3:15:23 PM] [Er7Hw#11] MJL: said "/exithouse"
[3:15:23 PM] [Er7Hw#11] MJL: said "/enterhouse"
[3:16:12 PM] [Er7Hw#11] MJL: said "/exithouse"
[3:16:12 PM] [Er7Hw#11] MJL: said "/enterhouse"
[3:16:12 PM] [Er7Hw#11] MJL: said "/exithouse"
[3:16:12 PM] [Er7Hw#11] MJL: said "/enterhouse"
[3:16:35 PM] [Er7Hw#11] MJL: said "/exithouse"
[3:16:35 PM] [Er7Hw#11] MJL: said "/enterhouse"
[3:16:35 PM] [Er7Hw#11] MJL: said "/exithouse"
[3:16:35 PM] [Er7Hw#11] MJL: said "/enterhouse"
[3:16:36 PM] [Er7Hw#11] MJL: said "/exithouse"
[3:16:36 PM] [Er7Hw#11] MJL: said "/enterhouse"
[3:16:36 PM] [Er7Hw#11] MJL: said "/exithouse"
[3:16:36 PM] [Er7Hw#11] MJL: said "/enterhouse"
[3:16:36 PM] [Er7Hw#11] MJL: said "/exithouse"
[3:16:36 PM] [Er7Hw#11] MJL: said "/enterhouse"
[3:16:37 PM] [Er7Hw#11] MJL: said "/exithouse"
[3:16:37 PM] [Er7Hw#11] MJL: said "/enterhouse"
[3:16:37 PM] [Er7Hw#11] MJL: said "/exithouse"
[3:16:37 PM] [Er7Hw#11] MJL: said "/enterhouse"
[3:16:37 PM] [Er7Hw#11] MJL: said "/exithouse"
[3:16:37 PM] [Er7Hw#11] MJL: said "/enterhouse"
[3:16:37 PM] [Er7Hw#11] MJL: said "/exithouse"
[3:16:37 PM] [Er7Hw#11] MJL: said "/enterhouse"
[3:16:37 PM] [Er7Hw#11] MJL: said "/exithouse"
[3:16:37 PM] [Er7Hw#11] MJL: said "/enterhouse"
[3:16:37 PM] [Er7Hw#11] MJL: said "/exithouse"
[3:16:37 PM] [Er7Hw#11] MJL: said "/enterhouse"
[3:16:38 PM] [Er7Hw#11] MJL: said "/exithouse"
[3:16:38 PM] [Er7Hw#11] MJL: said "/enterhouse"
[3:16:38 PM] [Er7Hw#11] MJL: said "/exithouse"
[3:16:38 PM] [Er7Hw#11] MJL: said "/enterhouse"
[3:19:25 PM] [Er7Hw#4] Mr.Green: disconnected (Game crashed: d3d11.dll!??$TID3D11DeviceContext_SetShaderResources_@$00$03@CContext@@SAXPEAUID3D11DeviceContext5@@IIPEBQEAUID3D11ShaderResourceView@@@Z (0x13e))
[3:20:31 PM] [Er7Hw#14] Mr.Green: joined with identifiers [steam:110000117f12b1a; license:8cb9f8548eb4c7764c77849cfa2ff397ec016f08; xbl:2535433922801834; live:985153858977618; discord:322443072233537556; fivem:10498222; license2:6dd94f8afb9d56223c4c530061c5ab1316c72c1c]
[3:23:23 PM] [Er7Hw#1] φοῖνιξ: died from suicide (Falling)
[3:25:15 PM] [Er7Hw#11] MJL: said "/exithouse"
[3:25:15 PM] [Er7Hw#11] MJL: said "/enterhouse"
[3:25:17 PM] [Er7Hw#11] MJL: said "/exithouse"
[3:25:17 PM] [Er7Hw#11] MJL: said "/enterhouse"
[3:25:22 PM] [Er7Hw#11] MJL: said "/exithouse"
[3:25:22 PM] [Er7Hw#11] MJL: said "/enterhouse"
[3:25:24 PM] [Er7Hw#11] MJL: said "/exithouse"
[3:25:24 PM] [Er7Hw#11] MJL: said "/enterhouse"
[3:26:20 PM] [Er7Hw#11] MJL: said "/exithouse"
[3:26:20 PM] [Er7Hw#11] MJL: said "/enterhouse"
[3:26:22 PM] [Er7Hw#11] MJL: said "/exithouse"
[3:26:22 PM] [Er7Hw#11] MJL: said "/enterhouse"
[3:26:23 PM] [Er7Hw#11] MJL: said "/exithouse"
[3:26:23 PM] [Er7Hw#11] MJL: said "/enterhouse"
[3:26:26 PM] [Er7Hw#11] MJL: said "/exithouse"
[3:26:26 PM] [Er7Hw#11] MJL: said "/enterhouse"
[3:26:28 PM] [Er7Hw#11] MJL: said "/exithouse"
[3:26:28 PM] [Er7Hw#11] MJL: said "/enterhouse"
[3:26:29 PM] [Er7Hw#11] MJL: said "/exithouse"
[3:26:29 PM] [Er7Hw#11] MJL: said "/enterhouse"
[3:27:48 PM] [Er7Hw#12] kei: disconnected (Exiting)
[3:27:54 PM] [Er7Hw#11] MJL: said "/exithouse"
[3:27:54 PM] [Er7Hw#11] MJL: said "/enterhouse"
[3:28:15 PM] [Er7Hw#11] MJL: said "/exithouse"
[3:28:15 PM] [Er7Hw#11] MJL: said "/enterhouse"
[3:28:16 PM] [Er7Hw#11] MJL: said "/exithouse"
[3:28:16 PM] [Er7Hw#11] MJL: said "/enterhouse"
[3:30:59 PM] [Er7Hw#3] Kamakazi Gamdom: disconnected (Exiting)
[3:31:31 PM] [Er7Hw#15] Kamakazi Gamdom: joined with identifiers [steam:11000010e87be4d; license:b27179133e8df658895ecd5f756db2a4a4c8cd08; xbl:2533275003431282; live:1829581607460581; discord:242888314108116992; fivem:11442758; license2:e1e3866f24a1a081ffd211b7c1805c667b695651]
[3:32:33 PM] [Er7Hw#6] BotOnMnK: said "/cop"
[3:34:09 PM] [Er7Hw#11] MJL: said "/exithouse"
[3:34:09 PM] [Er7Hw#11] MJL: said "/enterhouse"
[3:34:09 PM] [Er7Hw#11] MJL: said "/exithouse"
[3:34:09 PM] [Er7Hw#11] MJL: said "/enterhouse"
[3:34:14 PM] [Er7Hw#11] MJL: said "/exithouse"
[3:34:14 PM] [Er7Hw#11] MJL: said "/enterhouse"
[3:34:15 PM] [Er7Hw#11] MJL: said "/exithouse"
[3:34:15 PM] [Er7Hw#11] MJL: said "/enterhouse"
[3:34:18 PM] [Er7Hw#11] MJL: said "/exithouse"
[3:34:18 PM] [Er7Hw#11] MJL: said "/enterhouse"
[3:36:13 PM] [Er7Hw#5] Kody Pepperfield: said "//e superhero"
[3:37:11 PM] [Er7Hw#7] DaddyDizzle: said "/dc"
[3:37:13 PM] [Er7Hw#7] DaddyDizzle: said "/hideHUD"
[3:37:15 PM] [Er7Hw#7] DaddyDizzle: disconnected (Exiting)
[3:37:59 PM] [Er7Hw#11] MJL: said "/exithouse"
[3:37:59 PM] [Er7Hw#11] MJL: said "/enterhouse"
[3:38:00 PM] [Er7Hw#11] MJL: said "/exithouse"
[3:38:00 PM] [Er7Hw#11] MJL: said "/enterhouse"
[3:38:09 PM] [Er7Hw#11] MJL: said "/exithouse"
[3:38:09 PM] [Er7Hw#11] MJL: said "/enterhouse"
[3:38:15 PM] [Er7Hw#11] MJL: said "/exithouse"
[3:38:15 PM] [Er7Hw#11] MJL: said "/enterhouse"
[3:38:15 PM] [Er7Hw#11] MJL: said "/hideHUD"
[3:39:06 PM] [Er7Hw#15] Kamakazi Gamdom: said "/hideHUD"
[3:40:40 PM] [Er7Hw#15] Kamakazi Gamdom: said "/hideHUD"
[3:40:42 PM] [Er7Hw#15] Kamakazi Gamdom: said "/hideHUD"
[3:40:43 PM] [Er7Hw#15] Kamakazi Gamdom: said "/hideHUD"
[3:40:44 PM] [Er7Hw#15] Kamakazi Gamdom: said "/hideHUD"
[3:42:00 PM] [Er7Hw#16] DaddyDizzle: joined with identifiers [steam:11000014bb53aeb; license:e0893217ab0d40d6a510bcbfe1c9441b4a208a2b; discord:584024523989581834; fivem:8961289; license2:e0893217ab0d40d6a510bcbfe1c9441b4a208a2b]
[3:42:41 PM] [Er7Hw#17] jlberry10: joined with identifiers [steam:1100001615c0a52; license:41e5d20797706e46aae96886f2a6497b04b828fa; xbl:2535431518296618; live:914801212956691; discord:1183450223519998023; fivem:12942490; license2:41e5d20797706e46aae96886f2a6497b04b828fa]
[3:51:17 PM] [Er7Hw#15] Kamakazi Gamdom: said "/hideHUD"
[3:51:18 PM] [Er7Hw#15] Kamakazi Gamdom: said "/hideHUD"
[3:51:21 PM] [Er7Hw#15] Kamakazi Gamdom: said "/hideHUD"
[3:51:21 PM] [Er7Hw#15] Kamakazi Gamdom: said "/hideHUD"
[3:51:24 PM] [Er7Hw#15] Kamakazi Gamdom: said "/hideHUD"
[3:51:24 PM] [Er7Hw#15] Kamakazi Gamdom: said "/hideHUD"
[3:51:25 PM] [Er7Hw#15] Kamakazi Gamdom: said "/hideHUD"
[3:51:25 PM] [Er7Hw#15] Kamakazi Gamdom: said "/hideHUD"
[3:51:26 PM] [Er7Hw#15] Kamakazi Gamdom: said "/hideHUD"
[3:51:26 PM] [Er7Hw#15] Kamakazi Gamdom: said "/hideHUD"
[3:51:27 PM] [Er7Hw#15] Kamakazi Gamdom: said "/hideHUD"
[3:51:28 PM] [Er7Hw#15] Kamakazi Gamdom: said "/hideHUD"
[3:51:29 PM] [Er7Hw#15] Kamakazi Gamdom: said "/hideHUD"
[3:51:30 PM] [Er7Hw#15] Kamakazi Gamdom: said "/hideHUD"
[3:51:30 PM] [Er7Hw#15] Kamakazi Gamdom: said "/hideHUD"
[3:51:30 PM] [Er7Hw#15] Kamakazi Gamdom: said "/hideHUD"
[3:51:31 PM] [Er7Hw#15] Kamakazi Gamdom: said "/hideHUD"
[3:51:32 PM] [Er7Hw#15] Kamakazi Gamdom: said "/hideHUD"
[3:51:33 PM] [Er7Hw#15] Kamakazi Gamdom: said "/hideHUD"
[3:51:34 PM] [Er7Hw#15] Kamakazi Gamdom: said "/hideHUD"
[3:51:34 PM] [Er7Hw#15] Kamakazi Gamdom: said "/hideHUD"
[3:51:35 PM] [Er7Hw#15] Kamakazi Gamdom: said "/hideHUD"
[3:51:36 PM] [Er7Hw#15] Kamakazi Gamdom: said "/hideHUD"
[3:51:36 PM] [Er7Hw#15] Kamakazi Gamdom: said "/hideHUD"
[3:51:37 PM] [Er7Hw#15] Kamakazi Gamdom: said "/hideHUD"
[3:51:37 PM] [Er7Hw#15] Kamakazi Gamdom: said "/hideHUD"
[3:51:38 PM] [Er7Hw#15] Kamakazi Gamdom: said "/hideHUD"
[3:51:38 PM] [Er7Hw#15] Kamakazi Gamdom: said "/hideHUD"
[3:51:39 PM] [Er7Hw#15] Kamakazi Gamdom: said "/hideHUD"
[3:51:39 PM] [Er7Hw#15] Kamakazi Gamdom: said "/hideHUD"
[3:51:40 PM] [Er7Hw#15] Kamakazi Gamdom: said "/hideHUD"
[3:51:40 PM] [Er7Hw#15] Kamakazi Gamdom: said "/hideHUD"
[3:51:41 PM] [Er7Hw#15] Kamakazi Gamdom: said "/hideHUD"
[3:51:42 PM] [Er7Hw#15] Kamakazi Gamdom: said "/hideHUD"
[3:51:43 PM] [Er7Hw#15] Kamakazi Gamdom: said "/hideHUD"
[3:51:44 PM] [Er7Hw#15] Kamakazi Gamdom: said "/hideHUD"
[3:51:45 PM] [Er7Hw#15] Kamakazi Gamdom: said "/hideHUD"
[3:51:45 PM] [Er7Hw#15] Kamakazi Gamdom: said "/hideHUD"
[3:51:46 PM] [Er7Hw#15] Kamakazi Gamdom: said "/hideHUD"
[3:51:47 PM] [Er7Hw#15] Kamakazi Gamdom: said "/hideHUD"
[3:51:47 PM] [Er7Hw#15] Kamakazi Gamdom: said "/hideHUD"
[3:51:47 PM] [Er7Hw#15] Kamakazi Gamdom: said "/hideHUD"
[3:51:48 PM] [Er7Hw#15] Kamakazi Gamdom: said "/hideHUD"
[3:51:49 PM] [Er7Hw#15] Kamakazi Gamdom: said "/hideHUD"
[3:53:46 PM] [Er7Hw#15] Kamakazi Gamdom: said "/hideHUD"
[3:53:47 PM] [Er7Hw#15] Kamakazi Gamdom: said "/hideHUD"
[3:53:47 PM] [Er7Hw#15] Kamakazi Gamdom: said "/hideHUD"
[3:53:48 PM] [Er7Hw#15] Kamakazi Gamdom: said "/hideHUD"
[3:53:50 PM] [Er7Hw#15] Kamakazi Gamdom: said "/hideHUD"
[4:01:11 PM] [Er7Hw#1] φοῖνιξ: said "/seat1"
[4:01:51 PM] [Er7Hw#6] BotOnMnK: died from unknown by DaddyDizzle
[4:02:30 PM] [Er7Hw#6] BotOnMnK: died from unknown by DaddyDizzle
[4:02:53 PM] [Er7Hw#6] BotOnMnK: died from unknown by DaddyDizzle
[4:03:38 PM] [Er7Hw#6] BotOnMnK: died from unknown by DaddyDizzle
[4:03:58 PM] [Er7Hw#14] Mr.Green: died from unknown by DaddyDizzle
[4:06:14 PM] [Er7Hw#13] RigssRP: said "/lapdance5"
[4:06:14 PM] [Er7Hw#13] RigssRP: said "/type2"
[4:06:14 PM] [Er7Hw#13] RigssRP: said "/rabbit"
[4:06:47 PM] [Er7Hw#6] BotOnMnK: died from unknown by DaddyDizzle
[4:06:49 PM] [Er7Hw#5] Kody Pepperfield: died from unknown by DaddyDizzle
[4:07:09 PM] [Er7Hw#1] φοῖνιξ: said "/hideHUD"
[4:08:05 PM] [Er7Hw#6] BotOnMnK: died from unknown by DaddyDizzle
[4:08:11 PM] [Er7Hw#6] BotOnMnK: died from unknown by DaddyDizzle
[4:08:14 PM] [Er7Hw#14] Mr.Green: died from unknown by DaddyDizzle
[4:08:16 PM] [Er7Hw#5] Kody Pepperfield: died from unknown by DaddyDizzle
[4:09:11 PM] [Er7Hw#18] BenjiBoi410: joined with identifiers [steam:11000016074bcfa; license:2f00fbb6358fca81675eada8d02e86568b079e88; xbl:2535422169713106; live:1055519090889381; discord:913459564735766609; fivem:12688496; license2:bfeff8c28567e93ab19a5a3b3baf6bd846f75c06]
[4:09:58 PM] [Er7Hw#16] DaddyDizzle: died from unknown by Kody Pepperfield
[4:09:58 PM] [Er7Hw#6] BotOnMnK: died from unknown by DaddyDizzle
[4:10:08 PM] [Er7Hw#5] Kody Pepperfield: died from unknown by DaddyDizzle
[4:10:11 PM] [Er7Hw#14] Mr.Green: died from unknown by DaddyDizzle
[4:10:23 PM] [Er7Hw#13] RigssRP: disconnected (Exiting)
[4:10:23 PM] [Er7Hw#5] Kody Pepperfield: said "//e superhero"
[4:11:29 PM] [Er7Hw#19] RigssRP: joined with identifiers [steam:11000014abdebcf; license:0503ca95eab75210d3475b9e63fd6aa6028e6a91; xbl:2535446394392876; live:1055518940555852; discord:1103467626300199044; fivem:8351340; license2:2a20c64a2a1abb3e1653a5c89e5ac281f69f1eb9]
[4:11:46 PM] [Er7Hw#6] BotOnMnK: died from unknown by DaddyDizzle
[4:14:28 PM] [Er7Hw#1] φοῖνιξ: disconnected (Game crashed: d3d11.dll!CContext::TID3D11DeviceContext_SetShaderResources_<1,4> (0x161))
[4:15:11 PM] [Er7Hw#20] φοῖνιξ: joined with identifiers [steam:11000010ee88c01; license:ee681c08d9d45c48bf5af06870d7d23d75db16dc; xbl:2535430200613003; live:985158121988759; discord:305372052683096065; fivem:10488223; license2:ee681c08d9d45c48bf5af06870d7d23d75db16dc]
[4:18:56 PM] [Er7Hw#6] BotOnMnK: died from unknown by DaddyDizzle
[4:21:05 PM] [Er7Hw#6] BotOnMnK: died from unknown by DaddyDizzle
[4:21:15 PM] [Er7Hw#14] Mr.Green: died from unknown by DaddyDizzle
[4:21:33 PM] [Er7Hw#14] Mr.Green: died from unknown by DaddyDizzle
[4:21:42 PM] [Er7Hw#5] Kody Pepperfield: died from unknown by Kamakazi Gamdom
[4:21:47 PM] [Er7Hw#5] Kody Pepperfield: died from unknown by Kamakazi Gamdom
[4:22:08 PM] [Er7Hw#5] Kody Pepperfield: disconnected (Exiting)
[4:22:53 PM] [Er7Hw#21] Kody Pepperfield: joined with identifiers [license:3219d00ad3af143df0db5d2bed38fe7460729e68; xbl:2535451109437060; live:1055521765014399; discord:152991330048540672; fivem:12674089; license2:3e576e238fb0360dab034daae9fc7459afbacb59]
[4:22:54 PM] [Er7Hw#6] BotOnMnK: died from unknown by missberrymedley
[4:23:07 PM] [Er7Hw#6] BotOnMnK: died from Revolver by Kamakazi Gamdom
[4:23:13 PM] [Er7Hw#6] BotOnMnK: died from unknown by DaddyDizzle
[4:23:39 PM] [Er7Hw#20] φοῖνιξ: disconnected (Exiting)
[4:24:27 PM] [Er7Hw#6] BotOnMnK: died from unknown by DaddyDizzle
[4:24:27 PM] [Er7Hw#21] Kody Pepperfield: died from unknown by DaddyDizzle
[4:24:28 PM] [Er7Hw#14] Mr.Green: died from unknown by DaddyDizzle
[4:24:38 PM] [Er7Hw#16] DaddyDizzle: said "21"
[4:29:14 PM] [Er7Hw#6] BotOnMnK: died from unknown by DaddyDizzle
[4:29:20 PM] [Er7Hw#6] BotOnMnK: died from unknown by DaddyDizzle
[4:31:35 PM] [Er7Hw#16] DaddyDizzle: died from unknown by Kamakazi Gamdom
[4:32:47 PM] [Er7Hw#14] Mr.Green: died from Revolver by Kamakazi Gamdom
[4:32:49 PM] [Er7Hw#15] Kamakazi Gamdom: died from unknown by Kody Pepperfield
[4:32:50 PM] [Er7Hw#21] Kody Pepperfield: died from unknown by DaddyDizzle
[4:32:51 PM] [Er7Hw#6] BotOnMnK: died from unknown by DaddyDizzle
[4:37:16 PM] [Er7Hw#6] BotOnMnK: died from unknown by DaddyDizzle
[4:37:34 PM] [Er7Hw#14] Mr.Green: disconnected (Exiting)
[4:37:57 PM] [Er7Hw#16] DaddyDizzle: said "/hideHUD"
[4:37:58 PM] [Er7Hw#16] DaddyDizzle: disconnected (Exiting)
[4:42:43 PM] [Er7Hw#15] Kamakazi Gamdom: said "/hideHUD"
[4:42:45 PM] [Er7Hw#15] Kamakazi Gamdom: said "/hideHUD"
[4:42:49 PM] [Er7Hw#15] Kamakazi Gamdom: said "/hideHUD"
[4:42:49 PM] [Er7Hw#15] Kamakazi Gamdom: said "/hideHUD"
[4:43:42 PM] [Er7Hw#15] Kamakazi Gamdom: said "/hideHUD"
[4:43:42 PM] [Er7Hw#15] Kamakazi Gamdom: said "/hideHUD"
[4:46:51 PM] [Er7Hw#15] Kamakazi Gamdom: said "fix"
[4:48:21 PM] [Er7Hw#15] Kamakazi Gamdom: said "fix"
[4:49:37 PM] [Er7Hw#6] BotOnMnK: died from unknown by Kamakazi Gamdom
[4:50:57 PM] [Er7Hw#15] Kamakazi Gamdom: said "car nkjugular"
[4:52:29 PM] [Er7Hw#21] Kody Pepperfield: died from unknown by Kamakazi Gamdom
[4:52:49 PM] [Er7Hw#18] BenjiBoi410: disconnected (Exiting)
[4:53:17 PM] [Er7Hw#6] BotOnMnK: died from unknown by Kody Pepperfield
[4:53:29 PM] [Er7Hw#21] Kody Pepperfield: died from unknown by Kamakazi Gamdom
[4:54:20 PM] [Er7Hw#21] Kody Pepperfield: died from unknown by Kamakazi Gamdom
[4:54:45 PM] [Er7Hw#19] RigssRP: disconnected (Exiting)
[4:55:04 PM] [Er7Hw#15] Kamakazi Gamdom: said "/hideHUD"
[4:55:05 PM] [Er7Hw#15] Kamakazi Gamdom: said "/hideHUD"
[4:55:06 PM] [Er7Hw#15] Kamakazi Gamdom: said "/hideHUD"
[4:55:11 PM] [Er7Hw#15] Kamakazi Gamdom: said "/hideHUD"
[4:55:11 PM] [Er7Hw#15] Kamakazi Gamdom: said "/hideHUD"
[4:56:52 PM] [Er7Hw#21] Kody Pepperfield: died from Revolver by Kamakazi Gamdom
[4:57:41 PM] [Er7Hw#6] BotOnMnK: died from unknown by Kamakazi Gamdom
[4:57:50 PM] [Er7Hw#6] BotOnMnK: died from unknown by Kamakazi Gamdom
[4:58:02 PM] [Er7Hw#21] Kody Pepperfield: died from unknown by Kamakazi Gamdom
[4:59:58 PM] [Er7Hw#21] Kody Pepperfield: died from Ranover by Vehicle by Kamakazi Gamdom
[5:05:32 PM] [Er7Hw#21] Kody Pepperfield: said "/qui"
[5:05:32 PM] [Er7Hw#21] Kody Pepperfield: disconnected (Exiting)
[5:06:39 PM] [Er7Hw#22] Kody Pepperfield: joined with identifiers [license:3219d00ad3af143df0db5d2bed38fe7460729e68; xbl:2535451109437060; live:1055521765014399; discord:152991330048540672; fivem:12674089; license2:3e576e238fb0360dab034daae9fc7459afbacb59]
[5:06:52 PM] [Er7Hw#9] JOSH: died from suicide (Falling)
[5:08:50 PM] [Er7Hw#9] JOSH: said "/vash"
[5:09:46 PM] [Er7Hw#23] wocksz: joined with identifiers [steam:11000016004641e; license:4b73b33d833782513fe3f345d74115705b09d7d9; xbl:2535470203393092; live:914801574563337; discord:989752531016093696; fivem:12867302; license2:4b73b33d833782513fe3f345d74115705b09d7d9]
[5:13:04 PM] [Er7Hw#9] JOSH: said "/hideHUD"
[5:13:04 PM] [Er7Hw#9] JOSH: disconnected (Exiting)
[5:13:07 PM] [Er7Hw#24] Le Bos: joined with identifiers [steam:110000111baa8b1; license:bda6f9cde356d6126cea9acd106016efdadb020c; discord:470171465388392468; license2:fd54cebafe46049548f218abfec15693031d634f]
[5:18:38 PM] [Er7Hw#25] zoom: joined with identifiers [license:9ad75b0b7e9938320646cd632f026a1ded621e36; xbl:2535447518451339; live:985154767554358; discord:1055973336842248403; fivem:10164198; license2:9ad75b0b7e9938320646cd632f026a1ded621e36]
[5:21:59 PM] [Er7Hw#24] Le Bos: died from suicide (Ranover by Vehicle)
[5:27:07 PM] [Er7Hw#26] waterBuffalo22: joined with identifiers [steam:1100001459e413e; license:2f45efc6fc5236b2edf98268ec669c60ecd4b984; discord:797538341758566441; fivem:10306690; license2:e28cdd42b265b48561576dcfc5b5f6141a05a949]
[5:31:56 PM] [Er7Hw#26] waterBuffalo22: said "/reloadskin"
[5:42:35 PM] [Er7Hw#25] zoom: died from Ranover by Vehicle by Kody Pepperfield
[5:42:41 PM] [Er7Hw#25] zoom: died from suicide
[5:47:05 PM] [Er7Hw#15] Kamakazi Gamdom: said "/hideHUD"
[5:56:47 PM] [Er7Hw#24] Le Bos: died from suicide (Drowned)
[5:58:19 PM] [Er7Hw#22] Kody Pepperfield: died from Pistol by BotOnMnK
[5:58:25 PM] [Er7Hw#25] zoom: said "/hu\"
[5:59:47 PM] [Er7Hw#27] BenjiBoi410: joined with identifiers [steam:11000016074bcfa; license:2f00fbb6358fca81675eada8d02e86568b079e88; xbl:2535422169713106; live:1055519090889381; discord:913459564735766609; fivem:12688496; license2:bfeff8c28567e93ab19a5a3b3baf6bd846f75c06]
[6:00:47 PM] [Er7Hw#25] zoom: said "/carry"
[6:00:49 PM] [Er7Hw#25] zoom: said "/carry"
[6:01:46 PM] [Er7Hw#15] Kamakazi Gamdom: disconnected (Exiting)
[6:03:23 PM] [Er7Hw#22] Kody Pepperfield: said "//e superhero"
[6:03:34 PM] [Er7Hw#28] Trey Baker: joined with identifiers [steam:110000160cb8d81; license:c9312618f44775464ddb5a1e53549c6854308075; xbl:2535410923018928; live:914798336191919; discord:689477012255014925; fivem:12609943; license2:c130a3b1047b815442879c67cdfffe4cb372f7a8]
[6:04:02 PM] [Er7Hw#2] missberrymedley: caused an explosion (GAS_TANK)
[6:04:03 PM] [Er7Hw#2] missberrymedley: caused an explosion (CAR)
[6:04:03 PM] [Er7Hw#2] missberrymedley: died from suicide (Explosion)
[6:04:22 PM] [Er7Hw#11] MJL: died from suicide (Falling)
[6:05:13 PM] [Er7Hw#28] Trey Baker: disconnected (Server->client connection timed out. Last seen 42103 msec ago.)
[6:06:22 PM] [Er7Hw#11] MJL: died from suicide (Falling)
[6:07:04 PM] [Er7Hw#29] Trey Baker: joined with identifiers [steam:110000160cb8d81; license:c9312618f44775464ddb5a1e53549c6854308075; xbl:2535410923018928; live:914798336191919; discord:689477012255014925; fivem:12609943; license2:c130a3b1047b815442879c67cdfffe4cb372f7a8]
[6:07:24 PM] [Er7Hw#26] waterBuffalo22: said "/cancelemote"
[6:07:24 PM] [Er7Hw#26] waterBuffalo22: said "/reloadskin"
[6:07:24 PM] [Er7Hw#26] waterBuffalo22: said "/cancelemote"
[6:07:24 PM] [Er7Hw#26] waterBuffalo22: said "/reloadskin"
[6:09:27 PM] [Er7Hw#29] Trey Baker: disconnected (Server->client connection timed out. Last seen 36105 msec ago.)
[6:10:02 PM] [Er7Hw#30] Trey Baker: joined with identifiers [steam:110000160cb8d81; license:c9312618f44775464ddb5a1e53549c6854308075; xbl:2535410923018928; live:914798336191919; discord:689477012255014925; fivem:12609943; license2:c130a3b1047b815442879c67cdfffe4cb372f7a8]
[6:11:36 PM] [Er7Hw#30] Trey Baker: disconnected (Server->client connection timed out. Last seen 39080 msec ago.)
[6:14:17 PM] [Er7Hw#26] waterBuffalo22: said "/cancelemote"
[6:14:17 PM] [Er7Hw#26] waterBuffalo22: said "/reloadskin"
[6:14:19 PM] [Er7Hw#6] BotOnMnK: said "/hideHUD"
[6:14:22 PM] [Er7Hw#27] BenjiBoi410: said "/esleep"
[6:14:23 PM] [Er7Hw#27] BenjiBoi410: said "/esleep"
[6:14:23 PM] [Er7Hw#27] BenjiBoi410: said "/esleep"
[6:14:46 PM] [Er7Hw#6] BotOnMnK: disconnected (Exiting)
[6:15:07 PM] [Er7Hw#23] wocksz: said "//escort"
[6:15:08 PM] [Er7Hw#23] wocksz: said "//escort"
[6:15:43 PM] [Er7Hw#26] waterBuffalo22: said "/cancelemote"
[6:15:43 PM] [Er7Hw#26] waterBuffalo22: said "/reloadskin"
[6:15:45 PM] [Er7Hw#26] waterBuffalo22: said "/carry"
[6:15:46 PM] [Er7Hw#26] waterBuffalo22: said "/carry"
[6:15:48 PM] [Er7Hw#26] waterBuffalo22: said "/carry"
[6:15:58 PM] [Er7Hw#31] Ryguyyy: joined with identifiers [steam:1100001062e8bd6; license:f926438e1973465479687d3cbfb795d8ac9b3299; discord:139867838193205249; fivem:2704061; license2:43e148fa18b4161a95fc9175047a492f036575a7]
[6:17:52 PM] [Er7Hw#26] waterBuffalo22: said "/carry"
[6:18:45 PM] [Er7Hw#26] waterBuffalo22: said "/cancelemote"
[6:18:45 PM] [Er7Hw#26] waterBuffalo22: said "/reloadskin"
[6:19:13 PM] [Er7Hw#26] waterBuffalo22: said "/carry"
[6:20:06 PM] [Er7Hw#26] waterBuffalo22: said "/cancelemote"
[6:20:06 PM] [Er7Hw#26] waterBuffalo22: said "/reloadskin"
[6:20:30 PM] [Er7Hw#17] jlberry10: disconnected (Server->client connection timed out. Last seen 42503 msec ago.)
[6:24:39 PM] [Er7Hw#25] zoom: disconnected (You have been banned.)
[6:24:41 PM] [Er7Hw#31] Ryguyyy: disconnected (Exiting)
[6:25:52 PM] [Er7Hw#22] Kody Pepperfield: disconnected (Exiting)
[6:26:07 PM] [Er7Hw#32] Ryguyyy: joined with identifiers [steam:1100001062e8bd6; license:f926438e1973465479687d3cbfb795d8ac9b3299; discord:139867838193205249; fivem:2704061; license2:43e148fa18b4161a95fc9175047a492f036575a7]
[6:27:17 PM] [Er7Hw#33] Kody Pepperfield: joined with identifiers [license:3219d00ad3af143df0db5d2bed38fe7460729e68; xbl:2535451109437060; live:1055521765014399; discord:152991330048540672; fivem:12674089; license2:3e576e238fb0360dab034daae9fc7459afbacb59]
[6:27:56 PM] [Er7Hw#34] Kamakazi Gamdom: joined with identifiers [steam:11000010e87be4d; license:b27179133e8df658895ecd5f756db2a4a4c8cd08; xbl:2533275003431282; live:1829581607460581; discord:242888314108116992; fivem:11442758; license2:e1e3866f24a1a081ffd211b7c1805c667b695651]
[6:28:21 PM] [Er7Hw#32] Ryguyyy: said "/quity"
[6:28:29 PM] [Er7Hw#32] Ryguyyy: disconnected (Exiting)
[6:29:06 PM] [Er7Hw#35] Ryguyyy: joined with identifiers [steam:1100001062e8bd6; license:f926438e1973465479687d3cbfb795d8ac9b3299; discord:139867838193205249; fivem:2704061; license2:43e148fa18b4161a95fc9175047a492f036575a7]
[6:29:30 PM] [Er7Hw#27] BenjiBoi410: died from suicide (Falling)
[6:30:21 PM] [Er7Hw#23] wocksz: said "//escort"
[6:31:48 PM] [Er7Hw#34] Kamakazi Gamdom: said "/hideHUD"
[6:31:48 PM] [Er7Hw#34] Kamakazi Gamdom: said "/hideHUD"
[6:31:49 PM] [Er7Hw#34] Kamakazi Gamdom: said "/hideHUD"
[6:31:50 PM] [Er7Hw#34] Kamakazi Gamdom: said "/hideHUD"
[6:31:50 PM] [Er7Hw#34] Kamakazi Gamdom: said "/hideHUD"
[6:31:51 PM] [Er7Hw#34] Kamakazi Gamdom: said "/hideHUD"
[6:31:52 PM] [Er7Hw#34] Kamakazi Gamdom: said "/hideHUD"
[6:31:53 PM] [Er7Hw#34] Kamakazi Gamdom: said "/hideHUD"
[6:33:36 PM] [Er7Hw#24] Le Bos: died from suicide (Drowned)
[6:33:58 PM] [Er7Hw#27] BenjiBoi410: died from suicide (Falling)
[6:34:14 PM] [Er7Hw#23] wocksz: said "//escort"
[6:34:15 PM] [Er7Hw#23] wocksz: said "//escort"
[6:34:15 PM] [Er7Hw#23] wocksz: said "//escort"
[6:34:16 PM] [Er7Hw#23] wocksz: said "//escort"
[6:36:05 PM] [Er7Hw#27] BenjiBoi410: said "/esleep"
[6:36:10 PM] [Er7Hw#27] BenjiBoi410: said "/esleep"
[6:38:57 PM] [Er7Hw#26] waterBuffalo22: said "/carry"
[6:39:16 PM] [Er7Hw#26] waterBuffalo22: said "/carry"
[6:40:31 PM] [Er7Hw#34] Kamakazi Gamdom: said "/noclipo'"
[6:40:46 PM] [Er7Hw#34] Kamakazi Gamdom: said "/hideHUD"
[6:43:07 PM] [Er7Hw#34] Kamakazi Gamdom: said "/hideHUD"
[6:43:09 PM] [Er7Hw#34] Kamakazi Gamdom: said "/hideHUD"
[6:43:09 PM] [Er7Hw#34] Kamakazi Gamdom: said "/hideHUD"
[6:48:18 PM] [Er7Hw#2] missberrymedley: disconnected (Exiting)
[6:49:06 PM] [Er7Hw#36] zoom: joined with identifiers [steam:1100001445f3d8b; license:9ad75b0b7e9938320646cd632f026a1ded621e36; xbl:2535447518451339; live:985154767554358; discord:1055973336842248403; fivem:10164198; license2:9ad75b0b7e9938320646cd632f026a1ded621e36]
[6:50:18 PM] [Er7Hw#24] Le Bos: disconnected (Exiting)
[6:51:29 PM] [Er7Hw#36] zoom: said "/cahs"
[6:52:58 PM] [Er7Hw#26] waterBuffalo22: said "/cancelemote"
[6:52:58 PM] [Er7Hw#26] waterBuffalo22: said "/reloadskin"
[6:52:59 PM] [Er7Hw#26] waterBuffalo22: said "/cancelemote"
[6:52:59 PM] [Er7Hw#26] waterBuffalo22: said "/reloadskin"
[6:53:09 PM] [Er7Hw#26] waterBuffalo22: said "/cancelemote"
[6:53:09 PM] [Er7Hw#26] waterBuffalo22: said "/reloadskin"
[6:53:10 PM] [Er7Hw#26] waterBuffalo22: said "/cancelemote"
[6:53:10 PM] [Er7Hw#26] waterBuffalo22: said "/reloadskin"
[6:58:18 PM] [Er7Hw#34] Kamakazi Gamdom: said "/hideHUD"
[6:59:35 PM] [Er7Hw#27] BenjiBoi410: said "/esleep"
[7:00:15 PM] [Er7Hw#27] BenjiBoi410: said "/esleep"
[7:01:49 PM] [Er7Hw#34] Kamakazi Gamdom: died from suicide (Falling)
[7:02:29 PM] [Er7Hw#26] waterBuffalo22: said "/carry"
[7:02:45 PM] [Er7Hw#27] BenjiBoi410: disconnected (Exiting)
[7:02:46 PM] [Er7Hw#26] waterBuffalo22: said "/carry"
[7:04:00 PM] [Er7Hw#26] waterBuffalo22: said "/cancelemote"
[7:04:00 PM] [Er7Hw#26] waterBuffalo22: said "/reloadskin"
[7:04:01 PM] [Er7Hw#26] waterBuffalo22: said "/cancelemote"
[7:04:01 PM] [Er7Hw#26] waterBuffalo22: said "/reloadskin"
[7:04:01 PM] [Er7Hw#26] waterBuffalo22: said "/cancelemote"
[7:04:01 PM] [Er7Hw#26] waterBuffalo22: said "/reloadskin"
[7:04:02 PM] [Er7Hw#26] waterBuffalo22: said "/cancelemote"
[7:04:02 PM] [Er7Hw#26] waterBuffalo22: said "/reloadskin"
[7:04:02 PM] [Er7Hw#26] waterBuffalo22: said "/cancelemote"
[7:04:02 PM] [Er7Hw#26] waterBuffalo22: said "/reloadskin"
[7:04:03 PM] [Er7Hw#26] waterBuffalo22: said "/cancelemote"
[7:04:03 PM] [Er7Hw#26] waterBuffalo22: said "/reloadskin"
[7:04:03 PM] [Er7Hw#26] waterBuffalo22: said "/cancelemote"
[7:04:03 PM] [Er7Hw#26] waterBuffalo22: said "/reloadskin"
[7:04:04 PM] [Er7Hw#26] waterBuffalo22: said "/cancelemote"
[7:04:04 PM] [Er7Hw#26] waterBuffalo22: said "/reloadskin"
[7:04:05 PM] [Er7Hw#26] waterBuffalo22: said "/cancelemote"
[7:04:05 PM] [Er7Hw#26] waterBuffalo22: said "/reloadskin"
[7:04:05 PM] [Er7Hw#26] waterBuffalo22: said "/cancelemote"
[7:04:05 PM] [Er7Hw#26] waterBuffalo22: said "/reloadskin"
[7:04:15 PM] [Er7Hw#23] wocksz: disconnected (Exiting)
[7:04:26 PM] [Er7Hw#36] zoom: disconnected (Exiting)
[7:08:36 PM] [Er7Hw#26] waterBuffalo22: said "/cancelemote"
[7:08:36 PM] [Er7Hw#26] waterBuffalo22: said "/reloadskin"
[7:08:38 PM] [Er7Hw#26] waterBuffalo22: said "/cancelemote"
[7:08:38 PM] [Er7Hw#26] waterBuffalo22: said "/reloadskin"
[7:08:38 PM] [Er7Hw#26] waterBuffalo22: said "/cancelemote"
[7:08:38 PM] [Er7Hw#26] waterBuffalo22: said "/reloadskin"
[7:08:43 PM] [Er7Hw#26] waterBuffalo22: said "/cancelemote"
[7:08:43 PM] [Er7Hw#26] waterBuffalo22: said "/reloadskin"
[7:08:44 PM] [Er7Hw#26] waterBuffalo22: said "/cancelemote"
[7:08:44 PM] [Er7Hw#26] waterBuffalo22: said "/reloadskin"
[7:09:33 PM] [Er7Hw#35] Ryguyyy: disconnected (Exiting)
[7:10:18 PM] [Er7Hw#37] Ryguyyy: joined with identifiers [steam:1100001062e8bd6; license:f926438e1973465479687d3cbfb795d8ac9b3299; discord:139867838193205249; fivem:2704061; license2:43e148fa18b4161a95fc9175047a492f036575a7]
[7:11:26 PM] [Er7Hw#34] Kamakazi Gamdom: said "/hideHUD"
[7:11:26 PM] [Er7Hw#34] Kamakazi Gamdom: disconnected (Exiting)
[7:15:11 PM] [Er7Hw#33] Kody Pepperfield: said "/BANJ"
[7:16:37 PM] [Er7Hw#26] waterBuffalo22: said "/cancelemote"
[7:16:37 PM] [Er7Hw#26] waterBuffalo22: said "/reloadskin"
[7:17:22 PM] [Er7Hw#33] Kody Pepperfield: disconnected (Exiting)
[7:18:11 PM] [Er7Hw#26] waterBuffalo22: said "/furnish"
[7:18:13 PM] [Er7Hw#26] waterBuffalo22: said "/cancelemote"
[7:18:13 PM] [Er7Hw#26] waterBuffalo22: said "/reloadskin"
[7:18:13 PM] [Er7Hw#26] waterBuffalo22: said "/cancelemote"
[7:18:13 PM] [Er7Hw#26] waterBuffalo22: said "/reloadskin"
[7:21:27 PM] [Er7Hw#26] waterBuffalo22: said "/cancelemote"
[7:21:27 PM] [Er7Hw#26] waterBuffalo22: said "/reloadskin"
[7:21:28 PM] [Er7Hw#26] waterBuffalo22: said "/cancelemote"
[7:21:28 PM] [Er7Hw#26] waterBuffalo22: said "/reloadskin"
[7:21:39 PM] [Er7Hw#26] waterBuffalo22: said "/cancelemote"
[7:21:39 PM] [Er7Hw#26] waterBuffalo22: said "/reloadskin"
[7:21:40 PM] [Er7Hw#26] waterBuffalo22: said "/cancelemote"
[7:21:40 PM] [Er7Hw#26] waterBuffalo22: said "/reloadskin"
[7:22:04 PM] [Er7Hw#26] waterBuffalo22: said "/furnish"
[7:23:56 PM] [Er7Hw#26] waterBuffalo22: disconnected (Exiting)
[7:28:53 PM] [Er7Hw#38] BotOnMnK: joined with identifiers [steam:11000014df460ff; license:06a61b4c40fc28c0a6e0a709ba99ffb637152b33; xbl:2535406023679221; live:1055518462074046; discord:1043623556015194112; fivem:9907274; license2:06a61b4c40fc28c0a6e0a709ba99ffb637152b33]
[7:31:28 PM] [Er7Hw#38] BotOnMnK: disconnected (Exiting)
[7:36:48 PM] [Er7Hw#37] Ryguyyy: said "/extras"
[7:44:17 PM] [Er7Hw#37] Ryguyyy: disconnected (Exiting)
[7:45:13 PM] [Er7Hw#39] Ryguyyy: joined with identifiers [steam:1100001062e8bd6; license:f926438e1973465479687d3cbfb795d8ac9b3299; discord:139867838193205249; fivem:2704061; license2:43e148fa18b4161a95fc9175047a492f036575a7]
[8:37:06 PM] [Er7Hw#39] Ryguyyy: disconnected (Exiting)
[9:30:50 PM] txAdmin: ((Broadcast) txAdmin): said "This server is scheduled to restart in 30 minutes."
[9:34:10 PM] [Er7Hw#11] MJL: disconnected (text.afk_kick_message)
[9:45:50 PM] txAdmin: ((Broadcast) txAdmin): said "This server is scheduled to restart in 15 minutes."
[9:50:50 PM] txAdmin: ((Broadcast) txAdmin): said "This server is scheduled to restart in 10 minutes."
[9:51:14 PM] [Er7Hw#40] RigssRP: joined with identifiers [steam:11000014abdebcf; license:0503ca95eab75210d3475b9e63fd6aa6028e6a91; xbl:2535446394392876; live:1055518940555852; discord:1103467626300199044; fivem:8351340; license2:2a20c64a2a1abb3e1653a5c89e5ac281f69f1eb9]
[9:55:00 PM] [Er7Hw#40] RigssRP: said "/hideHUD"
[9:55:50 PM] txAdmin: ((Broadcast) txAdmin): said "This server is scheduled to restart in 5 minutes."
[9:56:50 PM] txAdmin: ((Broadcast) txAdmin): said "This server is scheduled to restart in 4 minutes."
[9:57:50 PM] txAdmin: ((Broadcast) txAdmin): said "This server is scheduled to restart in 3 minutes."
[9:58:50 PM] txAdmin: ((Broadcast) txAdmin): said "This server is scheduled to restart in 2 minutes."
[9:59:50 PM] txAdmin: ((Broadcast) txAdmin): said "This server is scheduled to restart in 1 minute. Please disconnect now."
[10:00:50 PM] [Er7Hw#40] RigssRP: disconnected ([txAdmin] Server restarting (scheduled restart at 22:00).)
[10:01:58 PM] txAdmin: Logger started
