
================================================================
======== Log Rotated - 2/19/2024, 12:00:00 AM                   
================================================================
[6:33:32 PM] [gWUeJ#9] BotOnMnK: joined with identifiers [steam:11000014df460ff; license:06a61b4c40fc28c0a6e0a709ba99ffb637152b33; xbl:2535406023679221; live:1055518462074046; discord:1043623556015194112; fivem:9907274; license2:06a61b4c40fc28c0a6e0a709ba99ffb637152b33]
[6:37:08 PM] [gWUeJ#9] BotOnMnK: disconnected (Server shutting down: SIGHUP received)

================================================================
======== txAdmin Starting - 2/19/2024, 6:43:03 PM               
================================================================
[6:46:37 PM] txAdmin: Logger started
[6:49:33 PM] [pMThy#1] BotOnMnK: joined with identifiers [steam:11000014df460ff; license:06a61b4c40fc28c0a6e0a709ba99ffb637152b33; xbl:2535406023679221; live:1055518462074046; discord:1043623556015194112; fivem:9907274; license2:06a61b4c40fc28c0a6e0a709ba99ffb637152b33]
[6:52:55 PM] [pMThy#1] BotOnMnK: disconnected (Server shutting down: SIGHUP received)

================================================================
======== txAdmin Starting - 2/19/2024, 6:53:58 PM               
================================================================
[6:54:26 PM] txAdmin: Logger started
[6:57:04 PM] [zXziU#1] MJL: joined with identifiers [steam:1100001324fa523; license:ec6c328d6d02f816bf13e4a9d09768c02d6e3125; xbl:2535415531070562; live:1055522508602522; discord:213410953641852928; fivem:2586828]
[6:57:05 PM] [zXziU#2] BotOnMnK: joined with identifiers [steam:11000014df460ff; license:06a61b4c40fc28c0a6e0a709ba99ffb637152b33; xbl:2535406023679221; live:1055518462074046; discord:1043623556015194112; fivem:9907274; license2:06a61b4c40fc28c0a6e0a709ba99ffb637152b33]
[6:59:27 PM] [zXziU#1] MJL: said "/exithouse"
[6:59:27 PM] [zXziU#1] MJL: said "/enterhouse"
[7:07:25 PM] [zXziU#1] MJL: said "/exithouse"
[7:07:25 PM] [zXziU#1] MJL: said "/enterhouse"
[7:15:01 PM] [zXziU#2] BotOnMnK: died from Heavy Pistol by MJL
[7:16:57 PM] [zXziU#2] BotOnMnK: died from Heavy Pistol by MJL
[7:17:12 PM] [zXziU#2] BotOnMnK: died from Heavy Pistol by MJL
[7:18:44 PM] [zXziU#2] BotOnMnK: died from Assault SMG by MJL
[7:19:04 PM] [zXziU#2] BotOnMnK: died from Assault SMG by MJL
[7:19:11 PM] [zXziU#2] BotOnMnK: died from Assault SMG by MJL
[7:19:58 PM] [zXziU#2] BotOnMnK: died from SMG by MJL
[7:20:17 PM] [zXziU#2] BotOnMnK: died from SMG by MJL
[7:20:26 PM] [zXziU#2] BotOnMnK: died from SMG by MJL
[7:20:45 PM] [zXziU#2] BotOnMnK: died from SMG by MJL
[7:21:02 PM] [zXziU#2] BotOnMnK: died from SMG by MJL
[7:22:45 PM] [zXziU#2] BotOnMnK: died from Carbine Rifle Mk2 by MJL
[7:22:54 PM] [zXziU#2] BotOnMnK: died from Carbine Rifle Mk2 by MJL
[7:23:02 PM] [zXziU#2] BotOnMnK: died from Carbine Rifle Mk2 by MJL
[7:23:22 PM] [zXziU#2] BotOnMnK: died from Carbine Rifle Mk2 by MJL
[7:23:31 PM] [zXziU#2] BotOnMnK: died from Carbine Rifle Mk2 by MJL
[7:23:44 PM] [zXziU#2] BotOnMnK: died from Carbine Rifle Mk2 by MJL
[7:23:53 PM] [zXziU#2] BotOnMnK: died from Carbine Rifle Mk2 by MJL
[7:24:25 PM] [zXziU#2] BotOnMnK: died from Carbine Rifle Mk2 by MJL
[7:24:36 PM] [zXziU#2] BotOnMnK: died from Carbine Rifle Mk2 by MJL
[7:24:48 PM] [zXziU#2] BotOnMnK: died from Carbine Rifle Mk2 by MJL
[7:25:59 PM] [zXziU#2] BotOnMnK: died from Revolver by MJL
[7:26:09 PM] [zXziU#2] BotOnMnK: died from Revolver by MJL
[7:27:24 PM] [zXziU#2] BotOnMnK: died from Revolver by MJL
[7:28:21 PM] [zXziU#1] MJL: died from Assault Rifle by BotOnMnK
[7:29:05 PM] [zXziU#2] BotOnMnK: died from Revolver by MJL
[7:29:15 PM] [zXziU#2] BotOnMnK: died from Revolver by MJL
[7:29:23 PM] [zXziU#2] BotOnMnK: died from Revolver by MJL
[7:29:33 PM] [zXziU#2] BotOnMnK: died from Revolver by MJL
[7:29:54 PM] [zXziU#2] BotOnMnK: died from Revolver by MJL
[7:30:02 PM] [zXziU#2] BotOnMnK: died from Revolver by MJL
[7:30:11 PM] [zXziU#2] BotOnMnK: died from Revolver by MJL
[7:30:29 PM] [zXziU#2] BotOnMnK: died from Heavy Pistol by MJL
[7:30:54 PM] [zXziU#1] MJL: died from Crowbar by BotOnMnK
[7:31:06 PM] [zXziU#2] BotOnMnK: died from Revolver by MJL
[7:31:07 PM] [zXziU#2] BotOnMnK: died from Revolver by MJL
[7:31:48 PM] [zXziU#1] MJL: said "/exithouse"
[7:31:48 PM] [zXziU#1] MJL: said "/enterhouse"
[7:31:51 PM] [zXziU#1] MJL: said "/exithouse"
[7:31:51 PM] [zXziU#1] MJL: said "/enterhouse"
[7:31:52 PM] [zXziU#1] MJL: said "/exithouse"
[7:31:52 PM] [zXziU#1] MJL: said "/enterhouse"
[7:31:54 PM] [zXziU#1] MJL: said "/exithouse"
[7:31:54 PM] [zXziU#1] MJL: said "/enterhouse"
[7:31:54 PM] [zXziU#1] MJL: said "/exithouse"
[7:31:54 PM] [zXziU#1] MJL: said "/enterhouse"
[7:33:58 PM] [zXziU#2] BotOnMnK: died from Carbine Rifle by MJL
[7:34:14 PM] [zXziU#2] BotOnMnK: died from Carbine Rifle by MJL
[7:35:10 PM] [zXziU#2] BotOnMnK: died from Sawnoff Shotgun by MJL
[7:35:33 PM] [zXziU#2] BotOnMnK: died from Sawnoff Shotgun by MJL
[7:35:40 PM] [zXziU#2] BotOnMnK: died from Sawnoff Shotgun by MJL
[7:36:00 PM] [zXziU#2] BotOnMnK: died from Sawnoff Shotgun by MJL
[7:36:08 PM] [zXziU#2] BotOnMnK: died from Sawnoff Shotgun by MJL
[7:37:18 PM] [zXziU#2] BotOnMnK: died from Machine Pistol by MJL
[7:37:39 PM] [zXziU#2] BotOnMnK: died from Machine Pistol by MJL
[7:37:47 PM] [zXziU#2] BotOnMnK: died from Machine Pistol by MJL
[7:39:53 PM] [zXziU#2] BotOnMnK: died from Machine Pistol by MJL
[7:39:59 PM] [zXziU#2] BotOnMnK: died from Machine Pistol by MJL
[7:40:23 PM] [zXziU#2] BotOnMnK: died from SNS Pistol by MJL
[7:40:50 PM] [zXziU#2] BotOnMnK: died from SNS Pistol by MJL
[7:41:13 PM] [zXziU#2] BotOnMnK: died from Machine Pistol by MJL
[7:41:30 PM] [zXziU#2] BotOnMnK: died from Machine Pistol by MJL
[7:41:31 PM] [zXziU#2] BotOnMnK: died from Machine Pistol by MJL
[7:42:18 PM] [zXziU#1] MJL: died from suicide (Falling)
[7:42:30 PM] [zXziU#1] MJL: died from Assault Rifle by BotOnMnK
[7:42:49 PM] [zXziU#1] MJL: died from Assault Rifle by BotOnMnK
[7:43:02 PM] [zXziU#2] BotOnMnK: died from Sawnoff Shotgun by MJL
[7:43:08 PM] [zXziU#2] BotOnMnK: died from Sawnoff Shotgun by MJL
[7:43:14 PM] [zXziU#2] BotOnMnK: died from Sawnoff Shotgun by MJL
[7:43:24 PM] [zXziU#2] BotOnMnK: died from Sawnoff Shotgun by MJL
[7:43:43 PM] [zXziU#2] BotOnMnK: died from Sawnoff Shotgun by MJL
[7:43:51 PM] [zXziU#2] BotOnMnK: died from Sawnoff Shotgun by MJL
[7:45:33 PM] [zXziU#1] MJL: caused an explosion (BIKE)
[7:45:47 PM] [zXziU#2] BotOnMnK: died from Sawnoff Shotgun by MJL
[7:46:53 PM] [zXziU#2] BotOnMnK: died from Sawnoff Shotgun by MJL
[7:55:21 PM] [zXziU#2] BotOnMnK: died from suicide (Falling)
[7:56:28 PM] [zXziU#1] MJL: said "/quity"
[7:56:29 PM] [zXziU#1] MJL: disconnected (Exiting)
[7:57:46 PM] [zXziU#2] BotOnMnK: died from suicide (Falling)
[8:04:43 PM] [zXziU#2] BotOnMnK: died from suicide (Falling)
[8:18:51 PM] [zXziU#2] BotOnMnK: disconnected (Exiting)
