
================================================================
======== Log Rotated - 3/14/2024, 12:00:00 AM                   
================================================================
[1:20:59 PM] txAdmin: ((Broadcast) txAdmin): said "This server is scheduled to restart in 2 minutes."
[1:21:10 PM] txAdmin: ((Broadcast) txAdmin): said "This server is scheduled to restart in 1 minute. Please disconnect now."
[1:21:22 PM] txAdmin: ((Broadcast) txAdmin): said "This server is scheduled to restart in 1 minute. Please disconnect now."
[1:25:28 PM] txAdmin: Logger started
[1:26:14 PM] [fM8md#1] MJL: joined with identifiers [steam:1100001324fa523; license:ec6c328d6d02f816bf13e4a9d09768c02d6e3125; xbl:2535415531070562; live:1055522508602522; discord:213410953641852928; fivem:2586828]
[1:26:31 PM] [fM8md#2] DaddyDizzle: joined with identifiers [steam:11000014bb53aeb; license:e0893217ab0d40d6a510bcbfe1c9441b4a208a2b; discord:584024523989581834; fivem:8961289; license2:e0893217ab0d40d6a510bcbfe1c9441b4a208a2b]
[1:30:50 PM] [fM8md#2] DaddyDizzle: said "/admins"
[1:50:40 PM] [fM8md#1] MJL: said "/adin"
[1:51:03 PM] [fM8md#1] MJL: said "noclip"
[2:01:52 PM] [fM8md#1] MJL: said "/tpm,"
[2:02:34 PM] [fM8md#1] MJL: said "dv"
[2:06:07 PM] [fM8md#2] DaddyDizzle: said "refreshskin"
[2:07:10 PM] [fM8md#2] DaddyDizzle: died from suicide (Falling)
[2:24:12 PM] [fM8md#1] MJL: said "/refreshskins"
[2:24:35 PM] [fM8md#1] MJL: said "/exithouse"
[2:24:35 PM] [fM8md#1] MJL: said "/enterhouse"
[2:29:17 PM] [fM8md#1] MJL: said "/exithouse"
[2:29:17 PM] [fM8md#1] MJL: said "/enterhouse"
[2:33:29 PM] [fM8md#1] MJL: caused an explosion (GRENADE)
[2:33:29 PM] [fM8md#2] DaddyDizzle: caused an explosion (GRENADE)
[2:33:56 PM] [fM8md#1] MJL: caused an explosion (GRENADE)
[2:33:56 PM] [fM8md#2] DaddyDizzle: caused an explosion (GRENADE)
[2:35:00 PM] [fM8md#1] MJL: caused an explosion (GRENADE)
[2:35:00 PM] [fM8md#2] DaddyDizzle: caused an explosion (GRENADE)
[2:36:08 PM] [fM8md#1] MJL: caused an explosion (GRENADE)
[2:36:08 PM] [fM8md#2] DaddyDizzle: caused an explosion (GRENADE)
[2:36:29 PM] [fM8md#1] MJL: caused an explosion (GRENADE)
[2:36:29 PM] [fM8md#2] DaddyDizzle: caused an explosion (GRENADE)
[2:36:47 PM] [fM8md#1] MJL: caused an explosion (GRENADE)
[2:36:47 PM] [fM8md#2] DaddyDizzle: caused an explosion (GRENADE)
[2:37:22 PM] [fM8md#1] MJL: caused an explosion (GRENADE)
[2:37:22 PM] [fM8md#2] DaddyDizzle: caused an explosion (GRENADE)
[2:37:43 PM] [fM8md#1] MJL: caused an explosion (GRENADE)
[2:37:43 PM] [fM8md#2] DaddyDizzle: caused an explosion (GRENADE)
[2:38:16 PM] [fM8md#1] MJL: caused an explosion (GRENADE)
[2:38:16 PM] [fM8md#2] DaddyDizzle: caused an explosion (GRENADE)
[2:39:22 PM] [fM8md#1] MJL: said "/exithouse"
[2:39:22 PM] [fM8md#1] MJL: said "/enterhouse"
[2:40:04 PM] [fM8md#1] MJL: said "/exithouse"
[2:40:04 PM] [fM8md#1] MJL: said "/enterhouse"
[2:40:05 PM] [fM8md#1] MJL: said "/exithouse"
[2:40:05 PM] [fM8md#1] MJL: said "/enterhouse"
[3:04:17 PM] [fM8md#1] MJL: said "/exithouse"
[3:04:17 PM] [fM8md#1] MJL: said "/enterhouse"
[3:04:32 PM] [fM8md#1] MJL: said "/exithouse"
[3:04:32 PM] [fM8md#1] MJL: said "/enterhouse"
[3:06:50 PM] [fM8md#1] MJL: said "/exithouse"
[3:06:50 PM] [fM8md#1] MJL: said "/enterhouse"
[3:06:51 PM] [fM8md#1] MJL: said "/exithouse"
[3:06:51 PM] [fM8md#1] MJL: said "/enterhouse"
[3:11:52 PM] [fM8md#1] MJL: said "/exithouse"
[3:11:52 PM] [fM8md#1] MJL: said "/enterhouse"
[3:11:52 PM] [fM8md#1] MJL: said "/exithouse"
[3:11:52 PM] [fM8md#1] MJL: said "/enterhouse"
[3:13:27 PM] [fM8md#2] DaddyDizzle: said "/refrehskin"
[3:13:31 PM] [fM8md#2] DaddyDizzle: said "/refreshkin"
[3:13:56 PM] [fM8md#2] DaddyDizzle: disconnected (Exiting)
[3:14:55 PM] [fM8md#3] DaddyDizzle: joined with identifiers [steam:11000014bb53aeb; license:e0893217ab0d40d6a510bcbfe1c9441b4a208a2b; discord:584024523989581834; fivem:8961289; license2:e0893217ab0d40d6a510bcbfe1c9441b4a208a2b]
[3:19:46 PM] [fM8md#1] MJL: said "/revvie"
[3:30:27 PM] [fM8md#1] MJL: said "/exithouse"
[3:30:27 PM] [fM8md#1] MJL: said "/enterhouse"
[3:30:27 PM] [fM8md#1] MJL: said "/exithouse"
[3:30:27 PM] [fM8md#1] MJL: said "/enterhouse"
[3:32:45 PM] [fM8md#1] MJL: said "/exithouse"
[3:32:45 PM] [fM8md#1] MJL: said "/enterhouse"
[3:32:46 PM] [fM8md#1] MJL: said "/exithouse"
[3:32:46 PM] [fM8md#1] MJL: said "/enterhouse"
[3:44:38 PM] [fM8md#3] DaddyDizzle: disconnected (You were permanently banned by the server for: Exploiting)
[3:45:43 PM] [fM8md#1] MJL: disconnected (You were permanently banned by the server for: Exploiting)
[6:29:30 PM] txAdmin: Logger started
[6:30:50 PM] [LrgMd#1] marcusblackwell7: joined with identifiers [steam:110000154d96125; license:b90a0574761cd349c5a4e1d6372c3ba96f26a074; discord:667904617446768652; fivem:7859917; license2:b90a0574761cd349c5a4e1d6372c3ba96f26a074]
[6:37:26 PM] [LrgMd#1] marcusblackwell7: said "/hideHUD"
[6:48:55 PM] [LrgMd#1] marcusblackwell7: said "/hideHUD"
[6:51:38 PM] [LrgMd#1] marcusblackwell7: said "/hideHUD"
[6:55:45 PM] [LrgMd#1] marcusblackwell7: died from suicide (Falling)
[7:04:54 PM] [LrgMd#1] marcusblackwell7: disconnected (You have been banned.)
[9:02:22 PM] [LrgMd#2] Kamakazi Gamdom: joined with identifiers [steam:11000010e87be4d; license:b27179133e8df658895ecd5f756db2a4a4c8cd08; xbl:2533275003431282; live:1829581607460581; discord:242888314108116992; fivem:11442758; license2:e1e3866f24a1a081ffd211b7c1805c667b695651]
[9:04:40 PM] [LrgMd#2] Kamakazi Gamdom: said "/tpmn"
[9:30:34 PM] txAdmin: ((Broadcast) txAdmin): said "This server is scheduled to restart in 30 minutes."
[9:34:34 PM] [LrgMd#2] Kamakazi Gamdom: said "/hideHUD"
[9:35:00 PM] [LrgMd#2] Kamakazi Gamdom: died from suicide (Falling)
[9:35:30 PM] [LrgMd#2] Kamakazi Gamdom: died from suicide
[9:45:34 PM] txAdmin: ((Broadcast) txAdmin): said "This server is scheduled to restart in 15 minutes."
[9:50:34 PM] txAdmin: ((Broadcast) txAdmin): said "This server is scheduled to restart in 10 minutes."
[9:53:51 PM] [LrgMd#2] Kamakazi Gamdom: said "/hideHUD"
[9:53:53 PM] [LrgMd#2] Kamakazi Gamdom: disconnected (Exiting)
[9:55:35 PM] txAdmin: ((Broadcast) txAdmin): said "This server is scheduled to restart in 5 minutes."
[9:56:34 PM] txAdmin: ((Broadcast) txAdmin): said "This server is scheduled to restart in 4 minutes."
[9:57:34 PM] txAdmin: ((Broadcast) txAdmin): said "This server is scheduled to restart in 3 minutes."
[9:58:34 PM] txAdmin: ((Broadcast) txAdmin): said "This server is scheduled to restart in 2 minutes."
[9:59:34 PM] txAdmin: ((Broadcast) txAdmin): said "This server is scheduled to restart in 1 minute. Please disconnect now."
[10:01:17 PM] txAdmin: Logger started
