
================================================================
======== Log Rotated - 3/26/2024, 12:00:00 AM                   
================================================================
[3:51:36 AM] [GpYFF#2] φοῖνιξ: joined with identifiers [steam:11000010ee88c01; license:ee681c08d9d45c48bf5af06870d7d23d75db16dc; xbl:2535430200613003; live:985158121988759; discord:305372052683096065; fivem:10488223; license2:ee681c08d9d45c48bf5af06870d7d23d75db16dc]
[3:59:30 AM] [GpYFF#3] RigssRP: joined with identifiers [steam:11000014abdebcf; license:0503ca95eab75210d3475b9e63fd6aa6028e6a91; xbl:2535446394392876; live:1055518940555852; discord:1103467626300199044; fivem:8351340; license2:2a20c64a2a1abb3e1653a5c89e5ac281f69f1eb9]
[4:30:29 AM] [GpYFF#3] RigssRP: died from suicide (Falling)
[4:31:25 AM] [GpYFF#3] RigssRP: caused an explosion (CAR)
[4:53:41 AM] [GpYFF#2] φοῖνιξ: died from suicide (Falling)
[5:10:41 AM] [GpYFF#4] missberrymedley: joined with identifiers [steam:11000010cab8d07; license:7a3a5bfb5af789cb5f02843e29cc4ee338b0a294; xbl:2535413783067581; live:1688853905214434; discord:461174423903535107; fivem:1697557; license2:ec1926a90f33d1955abd2276f36a7c3ed4c51a23]
[5:30:01 AM] txAdmin: ((Broadcast) txAdmin): said "This server is scheduled to restart in 30 minutes."
[5:40:16 AM] [GpYFF#5] marcusblackwell7: joined with identifiers [steam:110000154d96125; license:b90a0574761cd349c5a4e1d6372c3ba96f26a074; discord:667904617446768652; fivem:7859917; license2:b90a0574761cd349c5a4e1d6372c3ba96f26a074]
[5:44:42 AM] [GpYFF#6] MJL: joined with identifiers [steam:1100001324fa523; license:ec6c328d6d02f816bf13e4a9d09768c02d6e3125; xbl:2535415531070562; live:1055522508602522; discord:213410953641852928; fivem:2586828]
[5:45:01 AM] txAdmin: ((Broadcast) txAdmin): said "This server is scheduled to restart in 15 minutes."
[5:45:19 AM] [GpYFF#6] MJL: disconnected (Exiting)
[5:46:56 AM] [GpYFF#7] JOSH: joined with identifiers [steam:1100001438fe567; license:b6284c20b4ad2c41c48d4a31859b65ae2a417ec8; discord:405075418769522708; fivem:12124231; license2:b6284c20b4ad2c41c48d4a31859b65ae2a417ec8]
[5:50:01 AM] txAdmin: ((Broadcast) txAdmin): said "This server is scheduled to restart in 10 minutes."
[5:52:13 AM] [GpYFF#3] RigssRP: died from suicide (Falling)
[5:53:57 AM] [GpYFF#7] JOSH: said "/th"
[5:55:01 AM] txAdmin: ((Broadcast) txAdmin): said "This server is scheduled to restart in 5 minutes."
[5:56:01 AM] txAdmin: ((Broadcast) txAdmin): said "This server is scheduled to restart in 4 minutes."
[5:56:49 AM] [GpYFF#5] marcusblackwell7: died from Fist by JOSH
[5:57:01 AM] txAdmin: ((Broadcast) txAdmin): said "This server is scheduled to restart in 3 minutes."
[5:58:01 AM] txAdmin: ((Broadcast) txAdmin): said "This server is scheduled to restart in 2 minutes."
[5:58:02 AM] [GpYFF#7] JOSH: died from Pistol by marcusblackwell7
[5:59:01 AM] txAdmin: ((Broadcast) txAdmin): said "This server is scheduled to restart in 1 minute. Please disconnect now."
[5:59:06 AM] [GpYFF#7] JOSH: said "/th"
[5:59:17 AM] [GpYFF#4] missberrymedley: disconnected (Exiting)
[5:59:24 AM] [GpYFF#7] JOSH: said "/th"
[6:00:00 AM] [GpYFF#7] JOSH: disconnected (Exiting)
[6:00:01 AM] [GpYFF#2] φοῖνιξ: disconnected ([txAdmin] Server restarting (scheduled restart at 06:00).)
[6:00:01 AM] [GpYFF#3] RigssRP: disconnected ([txAdmin] Server restarting (scheduled restart at 06:00).)
[6:00:01 AM] [GpYFF#5] marcusblackwell7: disconnected ([txAdmin] Server restarting (scheduled restart at 06:00).)
[6:00:37 AM] txAdmin: Logger started
[6:02:12 AM] [iXq7t#1] marcusblackwell7: joined with identifiers [steam:110000154d96125; license:b90a0574761cd349c5a4e1d6372c3ba96f26a074; discord:667904617446768652; fivem:7859917; license2:b90a0574761cd349c5a4e1d6372c3ba96f26a074]
[6:02:25 AM] [iXq7t#2] JOSH: joined with identifiers [steam:1100001438fe567; license:b6284c20b4ad2c41c48d4a31859b65ae2a417ec8; discord:405075418769522708; fivem:12124231; license2:b6284c20b4ad2c41c48d4a31859b65ae2a417ec8]
[6:03:19 AM] [iXq7t#3] RigssRP: joined with identifiers [steam:11000014abdebcf; license:0503ca95eab75210d3475b9e63fd6aa6028e6a91; xbl:2535446394392876; live:1055518940555852; discord:1103467626300199044; fivem:8351340; license2:2a20c64a2a1abb3e1653a5c89e5ac281f69f1eb9]
[6:05:26 AM] [iXq7t#4] missberrymedley: joined with identifiers [steam:11000010cab8d07; license:7a3a5bfb5af789cb5f02843e29cc4ee338b0a294; xbl:2535413783067581; live:1688853905214434; discord:461174423903535107; fivem:1697557; license2:ec1926a90f33d1955abd2276f36a7c3ed4c51a23]
[6:07:22 AM] [iXq7t#5] φοῖνιξ: joined with identifiers [steam:11000010ee88c01; license:ee681c08d9d45c48bf5af06870d7d23d75db16dc; xbl:2535430200613003; live:985158121988759; discord:305372052683096065; fivem:10488223; license2:ee681c08d9d45c48bf5af06870d7d23d75db16dc]
[6:13:55 AM] [iXq7t#3] RigssRP: died from Ranover by Vehicle by marcusblackwell7
[6:24:04 AM] [iXq7t#3] RigssRP: died from suicide
[6:32:15 AM] [iXq7t#6] Mr.Green: joined with identifiers [steam:110000117f12b1a; license:8cb9f8548eb4c7764c77849cfa2ff397ec016f08; xbl:2535433922801834; live:985153858977618; discord:322443072233537556; fivem:10498222; license2:6dd94f8afb9d56223c4c530061c5ab1316c72c1c]
[6:35:18 AM] [iXq7t#7] BotOnMnK: joined with identifiers [steam:11000014df460ff; license:06a61b4c40fc28c0a6e0a709ba99ffb637152b33; xbl:2535406023679221; live:1055518462074046; discord:1043623556015194112; fivem:9907274; license2:06a61b4c40fc28c0a6e0a709ba99ffb637152b33]
[6:38:02 AM] [iXq7t#3] RigssRP: died from suicide
[6:50:55 AM] [iXq7t#3] RigssRP: disconnected (Exiting)
[6:52:19 AM] [iXq7t#7] BotOnMnK: died from Fist by JOSH
[6:52:26 AM] [iXq7t#8] RigssRP: joined with identifiers [steam:11000014abdebcf; license:0503ca95eab75210d3475b9e63fd6aa6028e6a91; xbl:2535446394392876; live:1055518940555852; discord:1103467626300199044; fivem:8351340; license2:2a20c64a2a1abb3e1653a5c89e5ac281f69f1eb9]
[6:53:24 AM] [iXq7t#2] JOSH: died from Fist by missberrymedley
[6:54:26 AM] [iXq7t#8] RigssRP: said "/hideHUD"
[6:55:24 AM] [iXq7t#8] RigssRP: said "/hideHUD"
[6:55:29 AM] [iXq7t#8] RigssRP: disconnected (Exiting)
[6:58:27 AM] [iXq7t#4] missberrymedley: died from Pistol by marcusblackwell7
[7:00:03 AM] [iXq7t#5] φοῖνιξ: died from Pistol by marcusblackwell7
[7:04:17 AM] [iXq7t#7] BotOnMnK: died from suicide (Falling)
[7:15:04 AM] [iXq7t#7] BotOnMnK: said "/hideHUD"
[7:15:13 AM] [iXq7t#1] marcusblackwell7: said "/hideHUD"
[7:15:13 AM] [iXq7t#4] missberrymedley: said "/hideHUD"
[7:15:13 AM] [iXq7t#5] φοῖνιξ: said "/hideHUD"
[7:15:13 AM] [iXq7t#7] BotOnMnK: disconnected (Exiting)
[7:41:23 AM] [iXq7t#5] φοῖνιξ: died from suicide (Falling)
[7:43:49 AM] [iXq7t#1] marcusblackwell7: said "/hideHUD"
[7:45:36 AM] [iXq7t#1] marcusblackwell7: said "/hideHUD"
[7:46:08 AM] [iXq7t#1] marcusblackwell7: said "/hideHUD"
[8:21:22 AM] [iXq7t#5] φοῖνιξ: disconnected (Exiting)
[8:21:43 AM] [iXq7t#2] JOSH: said "/th"
[8:21:43 AM] [iXq7t#2] JOSH: said "/th"
[8:21:46 AM] [iXq7t#9] BotOnMnK: joined with identifiers [steam:11000014df460ff; license:06a61b4c40fc28c0a6e0a709ba99ffb637152b33; xbl:2535406023679221; live:1055518462074046; discord:1043623556015194112; fivem:9907274; license2:06a61b4c40fc28c0a6e0a709ba99ffb637152b33]
[8:23:08 AM] [iXq7t#9] BotOnMnK: said "/hideHUD"
[8:28:42 AM] [iXq7t#2] JOSH: said "/hideHUD"
[8:28:43 AM] [iXq7t#2] JOSH: disconnected (Exiting)
[8:33:46 AM] [iXq7t#4] missberrymedley: disconnected (Exiting)
[8:34:26 AM] [iXq7t#10] missberrymedley: joined with identifiers [steam:11000010cab8d07; license:7a3a5bfb5af789cb5f02843e29cc4ee338b0a294; xbl:2535413783067581; live:1688853905214434; discord:461174423903535107; fivem:1697557; license2:ec1926a90f33d1955abd2276f36a7c3ed4c51a23]
[8:34:56 AM] [iXq7t#6] Mr.Green: disconnected (Exiting)
[8:36:42 AM] [iXq7t#1] marcusblackwell7: died from Pistol by BotOnMnK
[8:45:49 AM] [iXq7t#9] BotOnMnK: died from unknown by marcusblackwell7
[8:48:55 AM] [iXq7t#10] missberrymedley: died from suicide (Falling)
[8:52:23 AM] [iXq7t#9] BotOnMnK: died from Pistol by marcusblackwell7
[8:56:01 AM] [iXq7t#1] marcusblackwell7: said "/hideHUD"
[8:56:02 AM] [iXq7t#10] missberrymedley: said "/hideHUD"
[8:58:29 AM] [iXq7t#10] missberrymedley: died from Ranover by Vehicle by marcusblackwell7
[9:00:26 AM] [iXq7t#1] marcusblackwell7: disconnected (Game crashed: RAGE error: ERR_STR_INFO_2)
[9:04:35 AM] [iXq7t#9] BotOnMnK: died from Fist by missberrymedley
[9:14:29 AM] [iXq7t#9] BotOnMnK: died from Bat by missberrymedley
[9:15:05 AM] [iXq7t#9] BotOnMnK: disconnected (Anti-cheat resource stopped, please restart your game.)
[9:15:51 AM] [iXq7t#11] BotOnMnK: joined with identifiers [steam:11000014df460ff; license:06a61b4c40fc28c0a6e0a709ba99ffb637152b33; xbl:2535406023679221; live:1055518462074046; discord:1043623556015194112; fivem:9907274; license2:06a61b4c40fc28c0a6e0a709ba99ffb637152b33]
[9:23:24 AM] [iXq7t#11] BotOnMnK: said "/hideHUD"
[9:23:44 AM] [iXq7t#11] BotOnMnK: said "/hideHUD"
[9:24:47 AM] [iXq7t#11] BotOnMnK: disconnected (Exiting)
[9:29:39 AM] [iXq7t#10] missberrymedley: disconnected (Exiting)
[9:53:44 AM] [iXq7t#12] missberrymedley: joined with identifiers [steam:11000010cab8d07; license:7a3a5bfb5af789cb5f02843e29cc4ee338b0a294; xbl:2535413783067581; live:1688853905214434; discord:461174423903535107; fivem:1697557; license2:ec1926a90f33d1955abd2276f36a7c3ed4c51a23]
[10:22:35 AM] [iXq7t#13] φοῖνιξ: joined with identifiers [steam:11000010ee88c01; license:ee681c08d9d45c48bf5af06870d7d23d75db16dc; xbl:2535430200613003; live:985158121988759; discord:305372052683096065; fivem:10488223; license2:ee681c08d9d45c48bf5af06870d7d23d75db16dc]
[10:28:31 AM] [iXq7t#12] missberrymedley: said "/hideHUD"
[10:35:21 AM] [iXq7t#14] DaddyDizzle: joined with identifiers [steam:11000014bb53aeb; license:e0893217ab0d40d6a510bcbfe1c9441b4a208a2b; discord:584024523989581834; fivem:8961289; license2:e0893217ab0d40d6a510bcbfe1c9441b4a208a2b]
[10:51:11 AM] [iXq7t#13] φοῖνιξ: died from suicide
[10:57:23 AM] [iXq7t#14] DaddyDizzle: said "/noclup"
[11:03:02 AM] [iXq7t#15] Mr.Green: joined with identifiers [steam:110000117f12b1a; license:8cb9f8548eb4c7764c77849cfa2ff397ec016f08; xbl:2535433922801834; live:985153858977618; discord:322443072233537556; fivem:10498222; license2:6dd94f8afb9d56223c4c530061c5ab1316c72c1c]
[11:07:36 AM] [iXq7t#16] Trey Baker: joined with identifiers [steam:110000160cb8d81; license:c9312618f44775464ddb5a1e53549c6854308075; xbl:2535410923018928; live:914798336191919; discord:689477012255014925; fivem:12609943; license2:c130a3b1047b815442879c67cdfffe4cb372f7a8]
[11:25:29 AM] [iXq7t#16] Trey Baker: disconnected (Exiting)
[11:26:01 AM] [iXq7t#17] Trey Baker: joined with identifiers [steam:110000160cb8d81; license:c9312618f44775464ddb5a1e53549c6854308075; xbl:2535410923018928; live:914798336191919; discord:689477012255014925; fivem:12609943; license2:c130a3b1047b815442879c67cdfffe4cb372f7a8]
[11:37:17 AM] [iXq7t#17] Trey Baker: said "/~ws~ ~b~ I luh loot bitch boy ~ws~"
[11:44:25 AM] [iXq7t#18] JOSH: joined with identifiers [steam:1100001438fe567; license:b6284c20b4ad2c41c48d4a31859b65ae2a417ec8; discord:405075418769522708; fivem:12124231; license2:b6284c20b4ad2c41c48d4a31859b65ae2a417ec8]
[11:50:49 AM] [iXq7t#18] JOSH: disconnected (Exiting)
[11:50:50 AM] [iXq7t#18] JOSH: said "/hideHUD"
[11:51:32 AM] [iXq7t#19] JOSH: joined with identifiers [steam:1100001438fe567; license:b6284c20b4ad2c41c48d4a31859b65ae2a417ec8; discord:405075418769522708; fivem:12124231; license2:b6284c20b4ad2c41c48d4a31859b65ae2a417ec8]
[12:12:48 PM] [iXq7t#20] Le Bos: joined with identifiers [steam:110000111baa8b1; license:bda6f9cde356d6126cea9acd106016efdadb020c; discord:470171465388392468; license2:fd54cebafe46049548f218abfec15693031d634f]
[12:20:35 PM] [iXq7t#21] Kody Pepperfield: joined with identifiers [steam:11000010c770c55; license:3219d00ad3af143df0db5d2bed38fe7460729e68; xbl:2535451109437060; live:1055521765014399; discord:152991330048540672; fivem:12674089; license2:3e576e238fb0360dab034daae9fc7459afbacb59]
[12:30:37 PM] [iXq7t#17] Trey Baker: disconnected (Exiting)
[12:33:02 PM] [iXq7t#22] BotOnMnK: joined with identifiers [steam:11000014df460ff; license:06a61b4c40fc28c0a6e0a709ba99ffb637152b33; xbl:2535406023679221; live:1055518462074046; discord:1043623556015194112; fivem:9907274; license2:06a61b4c40fc28c0a6e0a709ba99ffb637152b33]
[12:37:44 PM] [iXq7t#23] MJL: joined with identifiers [steam:1100001324fa523; license:ec6c328d6d02f816bf13e4a9d09768c02d6e3125; xbl:2535415531070562; live:1055522508602522; discord:213410953641852928; fivem:2586828]
[12:41:58 PM] [iXq7t#23] MJL: disconnected (Exiting)
[12:42:40 PM] [iXq7t#24] MJL: joined with identifiers [steam:1100001324fa523; license:ec6c328d6d02f816bf13e4a9d09768c02d6e3125; xbl:2535415531070562; live:1055522508602522; discord:213410953641852928; fivem:2586828]
[12:43:58 PM] [iXq7t#24] MJL: said "/exithouse"
[12:43:58 PM] [iXq7t#24] MJL: said "/enterhouse"
[12:43:58 PM] [iXq7t#24] MJL: said "/exithouse"
[12:43:58 PM] [iXq7t#24] MJL: said "/enterhouse"
[12:44:14 PM] [iXq7t#24] MJL: said "/exithouse"
[12:44:14 PM] [iXq7t#24] MJL: said "/enterhouse"
[12:44:15 PM] [iXq7t#24] MJL: said "/exithouse"
[12:44:15 PM] [iXq7t#24] MJL: said "/enterhouse"
[12:44:38 PM] [iXq7t#24] MJL: said "/exithouse"
[12:44:38 PM] [iXq7t#24] MJL: said "/enterhouse"
[12:44:40 PM] [iXq7t#24] MJL: said "/exithouse"
[12:44:40 PM] [iXq7t#24] MJL: said "/enterhouse"
[12:44:41 PM] [iXq7t#24] MJL: said "/hideHUD"
[12:45:35 PM] [iXq7t#20] Le Bos: disconnected (Exiting)
[12:45:37 PM] [iXq7t#24] MJL: said "/exithouse"
[12:45:37 PM] [iXq7t#24] MJL: said "/enterhouse"
[12:45:38 PM] [iXq7t#24] MJL: said "/exithouse"
[12:45:38 PM] [iXq7t#24] MJL: said "/enterhouse"
[12:45:49 PM] [iXq7t#24] MJL: said "/exithouse"
[12:45:49 PM] [iXq7t#24] MJL: said "/enterhouse"
[12:45:50 PM] [iXq7t#24] MJL: said "/exithouse"
[12:45:50 PM] [iXq7t#24] MJL: said "/enterhouse"
[12:45:51 PM] [iXq7t#24] MJL: said "/exithouse"
[12:45:51 PM] [iXq7t#24] MJL: said "/enterhouse"
[12:46:49 PM] [iXq7t#24] MJL: said "/exithouse"
[12:46:49 PM] [iXq7t#24] MJL: said "/enterhouse"
[12:46:49 PM] [iXq7t#24] MJL: said "/exithouse"
[12:46:49 PM] [iXq7t#24] MJL: said "/enterhouse"
[12:46:51 PM] [iXq7t#24] MJL: said "/exithouse"
[12:46:51 PM] [iXq7t#24] MJL: said "/enterhouse"
[12:46:57 PM] [iXq7t#24] MJL: said "/exithouse"
[12:46:57 PM] [iXq7t#24] MJL: said "/enterhouse"
[12:46:57 PM] [iXq7t#24] MJL: said "/hideHUD"
[12:47:10 PM] [iXq7t#24] MJL: said "/exithouse"
[12:47:10 PM] [iXq7t#24] MJL: said "/enterhouse"
[12:47:10 PM] [iXq7t#24] MJL: said "/exithouse"
[12:47:10 PM] [iXq7t#24] MJL: said "/enterhouse"
[12:47:16 PM] [iXq7t#22] BotOnMnK: said "/hideHUD"
[12:47:23 PM] [iXq7t#24] MJL: said "/exithouse"
[12:47:23 PM] [iXq7t#24] MJL: said "/enterhouse"
[12:48:11 PM] [iXq7t#24] MJL: said "/exithouse"
[12:48:11 PM] [iXq7t#24] MJL: said "/enterhouse"
[12:48:12 PM] [iXq7t#24] MJL: said "/exithouse"
[12:48:12 PM] [iXq7t#24] MJL: said "/enterhouse"
[12:48:14 PM] [iXq7t#24] MJL: said "/exithouse"
[12:48:14 PM] [iXq7t#24] MJL: said "/enterhouse"
[12:48:21 PM] [iXq7t#24] MJL: said "/exithouse"
[12:48:21 PM] [iXq7t#24] MJL: said "/enterhouse"
[12:48:21 PM] [iXq7t#24] MJL: said "/exithouse"
[12:48:21 PM] [iXq7t#24] MJL: said "/enterhouse"
[12:48:23 PM] [iXq7t#24] MJL: said "/exithouse"
[12:48:23 PM] [iXq7t#24] MJL: said "/enterhouse"
[12:53:49 PM] [iXq7t#24] MJL: said "/exithouse"
[12:53:49 PM] [iXq7t#24] MJL: said "/enterhouse"
[1:00:08 PM] [iXq7t#14] DaddyDizzle: died from Ranover by Vehicle by Kody Pepperfield
[1:02:38 PM] [iXq7t#24] MJL: said "/exithouse"
[1:02:38 PM] [iXq7t#24] MJL: said "/enterhouse"
[1:03:58 PM] [iXq7t#24] MJL: said "/exithouse"
[1:03:58 PM] [iXq7t#24] MJL: said "/enterhouse"
[1:03:58 PM] [iXq7t#24] MJL: said "/exithouse"
[1:03:58 PM] [iXq7t#24] MJL: said "/enterhouse"
[1:03:59 PM] [iXq7t#24] MJL: said "/exithouse"
[1:03:59 PM] [iXq7t#24] MJL: said "/enterhouse"
[1:04:00 PM] [iXq7t#24] MJL: said "/exithouse"
[1:04:00 PM] [iXq7t#24] MJL: said "/enterhouse"
[1:04:00 PM] [iXq7t#24] MJL: said "/exithouse"
[1:04:00 PM] [iXq7t#24] MJL: said "/enterhouse"
[1:04:01 PM] [iXq7t#24] MJL: said "/exithouse"
[1:04:01 PM] [iXq7t#24] MJL: said "/enterhouse"
[1:04:01 PM] [iXq7t#24] MJL: said "/exithouse"
[1:04:01 PM] [iXq7t#24] MJL: said "/enterhouse"
[1:08:22 PM] [iXq7t#24] MJL: said "/exithouse"
[1:08:22 PM] [iXq7t#24] MJL: said "/enterhouse"
[1:08:23 PM] [iXq7t#24] MJL: said "/exithouse"
[1:08:23 PM] [iXq7t#24] MJL: said "/enterhouse"
[1:08:23 PM] [iXq7t#24] MJL: said "/exithouse"
[1:08:23 PM] [iXq7t#24] MJL: said "/enterhouse"
[1:10:29 PM] [iXq7t#13] φοῖνιξ: died from suicide (Falling)
[1:23:45 PM] [iXq7t#24] MJL: said "/exithouse"
[1:23:45 PM] [iXq7t#24] MJL: said "/enterhouse"
[1:23:47 PM] [iXq7t#24] MJL: said "/exithouse"
[1:23:47 PM] [iXq7t#24] MJL: said "/enterhouse"
[1:23:53 PM] [iXq7t#24] MJL: said "/exithouse"
[1:23:53 PM] [iXq7t#24] MJL: said "/enterhouse"
[1:23:55 PM] [iXq7t#24] MJL: said "/exithouse"
[1:23:55 PM] [iXq7t#24] MJL: said "/enterhouse"
[1:24:04 PM] [iXq7t#14] DaddyDizzle: said "fix"
[1:24:30 PM] [iXq7t#24] MJL: said "/exithouse"
[1:24:30 PM] [iXq7t#24] MJL: said "/enterhouse"
[1:24:31 PM] [iXq7t#24] MJL: said "/exithouse"
[1:24:31 PM] [iXq7t#24] MJL: said "/enterhouse"
[1:24:34 PM] [iXq7t#24] MJL: said "/exithouse"
[1:24:34 PM] [iXq7t#24] MJL: said "/enterhouse"
[1:24:35 PM] [iXq7t#24] MJL: said "/exithouse"
[1:24:35 PM] [iXq7t#24] MJL: said "/enterhouse"
[1:24:40 PM] [iXq7t#24] MJL: said "/exithouse"
[1:24:40 PM] [iXq7t#24] MJL: said "/enterhouse"
[1:24:41 PM] [iXq7t#24] MJL: said "/exithouse"
[1:24:41 PM] [iXq7t#24] MJL: said "/enterhouse"
[1:24:44 PM] [iXq7t#24] MJL: said "/exithouse"
[1:24:44 PM] [iXq7t#24] MJL: said "/enterhouse"
[1:24:45 PM] [iXq7t#24] MJL: said "/exithouse"
[1:24:45 PM] [iXq7t#24] MJL: said "/enterhouse"
[1:27:06 PM] [iXq7t#24] MJL: said "/exithouse"
[1:27:06 PM] [iXq7t#24] MJL: said "/enterhouse"
[1:27:11 PM] [iXq7t#24] MJL: said "/exithouse"
[1:27:11 PM] [iXq7t#24] MJL: said "/enterhouse"
[1:27:19 PM] [iXq7t#24] MJL: said "/exithouse"
[1:27:19 PM] [iXq7t#24] MJL: said "/enterhouse"
[1:27:20 PM] [iXq7t#24] MJL: said "/exithouse"
[1:27:20 PM] [iXq7t#24] MJL: said "/enterhouse"
[1:27:22 PM] [iXq7t#24] MJL: said "/exithouse"
[1:27:22 PM] [iXq7t#24] MJL: said "/enterhouse"
[1:27:22 PM] [iXq7t#24] MJL: said "/exithouse"
[1:27:22 PM] [iXq7t#24] MJL: said "/enterhouse"
[1:27:26 PM] [iXq7t#24] MJL: said "/exithouse"
[1:27:26 PM] [iXq7t#24] MJL: said "/enterhouse"
[1:27:27 PM] [iXq7t#24] MJL: said "/exithouse"
[1:27:27 PM] [iXq7t#24] MJL: said "/enterhouse"
[1:27:28 PM] [iXq7t#24] MJL: said "/exithouse"
[1:27:28 PM] [iXq7t#24] MJL: said "/enterhouse"
[1:27:29 PM] [iXq7t#24] MJL: said "/exithouse"
[1:27:29 PM] [iXq7t#24] MJL: said "/enterhouse"
[1:27:35 PM] [iXq7t#24] MJL: said "/exithouse"
[1:27:35 PM] [iXq7t#24] MJL: said "/enterhouse"
[1:27:37 PM] [iXq7t#24] MJL: said "/exithouse"
[1:27:37 PM] [iXq7t#24] MJL: said "/enterhouse"
[1:27:38 PM] [iXq7t#24] MJL: said "/exithouse"
[1:27:38 PM] [iXq7t#24] MJL: said "/enterhouse"
[1:27:38 PM] [iXq7t#24] MJL: said "/exithouse"
[1:27:38 PM] [iXq7t#24] MJL: said "/enterhouse"
[1:27:39 PM] [iXq7t#24] MJL: said "/exithouse"
[1:27:39 PM] [iXq7t#24] MJL: said "/enterhouse"
[1:27:40 PM] [iXq7t#24] MJL: said "/exithouse"
[1:27:40 PM] [iXq7t#24] MJL: said "/enterhouse"
[1:27:43 PM] [iXq7t#24] MJL: said "/exithouse"
[1:27:43 PM] [iXq7t#24] MJL: said "/enterhouse"
[1:27:43 PM] [iXq7t#24] MJL: said "/exithouse"
[1:27:43 PM] [iXq7t#24] MJL: said "/enterhouse"
[1:27:50 PM] [iXq7t#24] MJL: said "/exithouse"
[1:27:50 PM] [iXq7t#24] MJL: said "/enterhouse"
[1:27:51 PM] [iXq7t#24] MJL: said "/exithouse"
[1:27:51 PM] [iXq7t#24] MJL: said "/enterhouse"
[1:27:56 PM] [iXq7t#24] MJL: said "/exithouse"
[1:27:56 PM] [iXq7t#24] MJL: said "/enterhouse"
[1:27:58 PM] [iXq7t#24] MJL: said "/exithouse"
[1:27:58 PM] [iXq7t#24] MJL: said "/enterhouse"
[1:27:58 PM] [iXq7t#24] MJL: said "/exithouse"
[1:27:58 PM] [iXq7t#24] MJL: said "/enterhouse"
[1:28:00 PM] [iXq7t#24] MJL: said "/exithouse"
[1:28:00 PM] [iXq7t#24] MJL: said "/enterhouse"
[1:28:01 PM] [iXq7t#24] MJL: said "/exithouse"
[1:28:01 PM] [iXq7t#24] MJL: said "/enterhouse"
[1:28:10 PM] [iXq7t#24] MJL: said "/exithouse"
[1:28:10 PM] [iXq7t#24] MJL: said "/enterhouse"
[1:28:11 PM] [iXq7t#24] MJL: said "/exithouse"
[1:28:11 PM] [iXq7t#24] MJL: said "/enterhouse"
[1:28:15 PM] [iXq7t#24] MJL: said "/exithouse"
[1:28:15 PM] [iXq7t#24] MJL: said "/enterhouse"
[1:28:16 PM] [iXq7t#24] MJL: said "/exithouse"
[1:28:16 PM] [iXq7t#24] MJL: said "/enterhouse"
[1:28:24 PM] [iXq7t#24] MJL: said "/exithouse"
[1:28:24 PM] [iXq7t#24] MJL: said "/enterhouse"
[1:28:24 PM] [iXq7t#24] MJL: said "/exithouse"
[1:28:24 PM] [iXq7t#24] MJL: said "/enterhouse"
[1:28:27 PM] [iXq7t#24] MJL: said "/exithouse"
[1:28:27 PM] [iXq7t#24] MJL: said "/enterhouse"
[1:28:27 PM] [iXq7t#24] MJL: said "/exithouse"
[1:28:27 PM] [iXq7t#24] MJL: said "/enterhouse"
[1:28:29 PM] [iXq7t#24] MJL: said "/exithouse"
[1:28:29 PM] [iXq7t#24] MJL: said "/enterhouse"
[1:28:29 PM] [iXq7t#24] MJL: said "/exithouse"
[1:28:29 PM] [iXq7t#24] MJL: said "/enterhouse"
[1:30:10 PM] txAdmin: ((Broadcast) txAdmin): said "This server is scheduled to restart in 30 minutes."
[1:32:39 PM] [iXq7t#14] DaddyDizzle: said "/hideHUD"
[1:32:43 PM] [iXq7t#14] DaddyDizzle: said "/fi"
[1:33:02 PM] [iXq7t#21] Kody Pepperfield: disconnected (Exiting)
[1:35:20 PM] [iXq7t#24] MJL: said "/exithouse"
[1:35:20 PM] [iXq7t#24] MJL: said "/enterhouse"
[1:35:21 PM] [iXq7t#24] MJL: said "/exithouse"
[1:35:21 PM] [iXq7t#24] MJL: said "/enterhouse"
[1:35:33 PM] [iXq7t#24] MJL: said "/exithouse"
[1:35:33 PM] [iXq7t#24] MJL: said "/enterhouse"
[1:35:33 PM] [iXq7t#24] MJL: said "/exithouse"
[1:35:33 PM] [iXq7t#24] MJL: said "/enterhouse"
[1:35:37 PM] [iXq7t#19] JOSH: died from Night Stick by MJL
[1:35:41 PM] [iXq7t#14] DaddyDizzle: said "/flip"
[1:36:11 PM] [iXq7t#24] MJL: said "/exithouse"
[1:36:11 PM] [iXq7t#24] MJL: said "/enterhouse"
[1:36:12 PM] [iXq7t#24] MJL: said "/exithouse"
[1:36:12 PM] [iXq7t#24] MJL: said "/enterhouse"
[1:36:15 PM] [iXq7t#24] MJL: said "/exithouse"
[1:36:15 PM] [iXq7t#24] MJL: said "/enterhouse"
[1:36:16 PM] [iXq7t#24] MJL: said "/exithouse"
[1:36:16 PM] [iXq7t#24] MJL: said "/enterhouse"
[1:36:21 PM] [iXq7t#24] MJL: said "/exithouse"
[1:36:21 PM] [iXq7t#24] MJL: said "/enterhouse"
[1:36:22 PM] [iXq7t#24] MJL: said "/exithouse"
[1:36:22 PM] [iXq7t#24] MJL: said "/enterhouse"
[1:36:25 PM] [iXq7t#24] MJL: said "/exithouse"
[1:36:25 PM] [iXq7t#24] MJL: said "/enterhouse"
[1:36:27 PM] [iXq7t#24] MJL: said "/exithouse"
[1:36:27 PM] [iXq7t#24] MJL: said "/enterhouse"
[1:36:48 PM] [iXq7t#24] MJL: said "/exithouse"
[1:36:48 PM] [iXq7t#24] MJL: said "/enterhouse"
[1:36:49 PM] [iXq7t#24] MJL: said "/exithouse"
[1:36:49 PM] [iXq7t#24] MJL: said "/enterhouse"
[1:36:55 PM] [iXq7t#24] MJL: said "/exithouse"
[1:36:55 PM] [iXq7t#24] MJL: said "/enterhouse"
[1:36:56 PM] [iXq7t#24] MJL: said "/exithouse"
[1:36:56 PM] [iXq7t#24] MJL: said "/enterhouse"
[1:39:48 PM] [iXq7t#19] JOSH: said "/th"
[1:39:49 PM] [iXq7t#19] JOSH: said "/th"
[1:39:49 PM] [iXq7t#19] JOSH: said "/th"
[1:43:21 PM] [iXq7t#19] JOSH: died from Pistol by MJL
[1:43:33 PM] [iXq7t#24] MJL: said "//escort"
[1:43:36 PM] [iXq7t#24] MJL: said "//escort"
[1:44:12 PM] [iXq7t#24] MJL: said "/exithouse"
[1:44:12 PM] [iXq7t#24] MJL: said "/enterhouse"
[1:44:13 PM] [iXq7t#24] MJL: said "/exithouse"
[1:44:13 PM] [iXq7t#24] MJL: said "/enterhouse"
[1:44:13 PM] [iXq7t#24] MJL: said "/exithouse"
[1:44:13 PM] [iXq7t#24] MJL: said "/enterhouse"
[1:44:15 PM] [iXq7t#24] MJL: said "/exithouse"
[1:44:15 PM] [iXq7t#24] MJL: said "/enterhouse"
[1:44:35 PM] [iXq7t#24] MJL: said "/hideHUD"
[1:45:06 PM] [iXq7t#24] MJL: said "/exithouse"
[1:45:06 PM] [iXq7t#24] MJL: said "/enterhouse"
[1:45:07 PM] [iXq7t#24] MJL: said "/exithouse"
[1:45:07 PM] [iXq7t#24] MJL: said "/enterhouse"
[1:45:09 PM] [iXq7t#24] MJL: said "/exithouse"
[1:45:09 PM] [iXq7t#24] MJL: said "/enterhouse"
[1:45:10 PM] txAdmin: ((Broadcast) txAdmin): said "This server is scheduled to restart in 15 minutes."
[1:50:10 PM] txAdmin: ((Broadcast) txAdmin): said "This server is scheduled to restart in 10 minutes."
[1:50:13 PM] [iXq7t#24] MJL: said "/exithouse"
[1:50:13 PM] [iXq7t#24] MJL: said "/enterhouse"
[1:50:15 PM] [iXq7t#24] MJL: said "/exithouse"
[1:50:15 PM] [iXq7t#24] MJL: said "/enterhouse"
[1:50:18 PM] [iXq7t#24] MJL: said "/exithouse"
[1:50:18 PM] [iXq7t#24] MJL: said "/enterhouse"
[1:50:19 PM] [iXq7t#24] MJL: said "/exithouse"
[1:50:19 PM] [iXq7t#24] MJL: said "/enterhouse"
[1:50:20 PM] [iXq7t#24] MJL: said "/exithouse"
[1:50:20 PM] [iXq7t#24] MJL: said "/enterhouse"
[1:50:21 PM] [iXq7t#24] MJL: said "/exithouse"
[1:50:21 PM] [iXq7t#24] MJL: said "/enterhouse"
[1:50:23 PM] [iXq7t#24] MJL: said "/exithouse"
[1:50:23 PM] [iXq7t#24] MJL: said "/enterhouse"
[1:50:39 PM] [iXq7t#24] MJL: said "/exithouse"
[1:50:39 PM] [iXq7t#24] MJL: said "/enterhouse"
[1:55:10 PM] txAdmin: ((Broadcast) txAdmin): said "This server is scheduled to restart in 5 minutes."
[1:56:10 PM] txAdmin: ((Broadcast) txAdmin): said "This server is scheduled to restart in 4 minutes."
[1:56:50 PM] [iXq7t#24] MJL: said "/exithouse"
[1:56:50 PM] [iXq7t#24] MJL: said "/enterhouse"
[1:56:52 PM] [iXq7t#19] JOSH: disconnected (Exiting)
[1:57:10 PM] txAdmin: ((Broadcast) txAdmin): said "This server is scheduled to restart in 3 minutes."
[1:57:19 PM] [iXq7t#12] missberrymedley: disconnected (Exiting)
[1:58:10 PM] txAdmin: ((Broadcast) txAdmin): said "This server is scheduled to restart in 2 minutes."
[1:59:11 PM] txAdmin: ((Broadcast) txAdmin): said "This server is scheduled to restart in 1 minute. Please disconnect now."
[1:59:22 PM] [iXq7t#24] MJL: disconnected (Exiting)
[1:59:22 PM] [iXq7t#14] DaddyDizzle: disconnected (Exiting)
[1:59:30 PM] [iXq7t#15] Mr.Green: disconnected (Exiting)
[1:59:45 PM] [iXq7t#13] φοῖνιξ: disconnected (Exiting)
[2:00:10 PM] [iXq7t#22] BotOnMnK: disconnected ([txAdmin] Server restarting (scheduled restart at 14:00).)
[2:03:42 PM] txAdmin: Logger started
[2:04:43 PM] [G8kiN#1] φοῖνιξ: joined with identifiers [steam:11000010ee88c01; license:ee681c08d9d45c48bf5af06870d7d23d75db16dc; xbl:2535430200613003; live:985158121988759; discord:305372052683096065; fivem:10488223; license2:ee681c08d9d45c48bf5af06870d7d23d75db16dc]
[2:04:44 PM] [G8kiN#2] Esky: joined with identifiers [steam:110000131c93706; license:8dfbcb6dabf76f1c81aa91d421dc6c2ab1407ba6; xbl:2535436019694875; live:914798270695886; discord:350771731708772354; fivem:11993654; license2:8dfbcb6dabf76f1c81aa91d421dc6c2ab1407ba6]
[2:04:55 PM] [G8kiN#3] missberrymedley: joined with identifiers [steam:11000010cab8d07; license:7a3a5bfb5af789cb5f02843e29cc4ee338b0a294; xbl:2535413783067581; live:1688853905214434; discord:461174423903535107; fivem:1697557; license2:ec1926a90f33d1955abd2276f36a7c3ed4c51a23]
[2:06:04 PM] [G8kiN#4] BotOnMnK: joined with identifiers [steam:11000014df460ff; license:06a61b4c40fc28c0a6e0a709ba99ffb637152b33; xbl:2535406023679221; live:1055518462074046; discord:1043623556015194112; fivem:9907274; license2:06a61b4c40fc28c0a6e0a709ba99ffb637152b33]
[2:10:30 PM] [G8kiN#5] Mr.Green: joined with identifiers [steam:110000117f12b1a; license:8cb9f8548eb4c7764c77849cfa2ff397ec016f08; xbl:2535433922801834; live:985153858977618; discord:322443072233537556; fivem:10498222; license2:6dd94f8afb9d56223c4c530061c5ab1316c72c1c]
[2:21:10 PM] [G8kiN#6] JOSH: joined with identifiers [steam:1100001438fe567; license:b6284c20b4ad2c41c48d4a31859b65ae2a417ec8; discord:405075418769522708; fivem:12124231; license2:b6284c20b4ad2c41c48d4a31859b65ae2a417ec8]
[2:25:04 PM] [G8kiN#7] Anne Flank: joined with identifiers [steam:1100001097e125b; license:a938a74170975c01e88f463aea01684a16f28545; xbl:2535409246266710; live:1899947325711585; discord:293157047682465793; license2:9eb41e0279fe15e33ff86440bafc2105d3b78f01]
[2:32:38 PM] [G8kiN#2] Esky: disconnected (Exiting)
[2:33:24 PM] [G8kiN#3] missberrymedley: said "/crossarms5"
[2:33:24 PM] [G8kiN#3] missberrymedley: said "/ecrossarms5"
[2:34:00 PM] [G8kiN#4] BotOnMnK: disconnected (Exiting)
[2:41:38 PM] [G8kiN#1] φοῖνιξ: disconnected (Exiting)
[2:42:15 PM] [G8kiN#8] Esky: joined with identifiers [steam:110000131c93706; license:8dfbcb6dabf76f1c81aa91d421dc6c2ab1407ba6; xbl:2535436019694875; live:914798270695886; discord:350771731708772354; fivem:11993654; license2:8dfbcb6dabf76f1c81aa91d421dc6c2ab1407ba6]
[2:42:23 PM] [G8kiN#9] φοῖνιξ: joined with identifiers [steam:11000010ee88c01; license:ee681c08d9d45c48bf5af06870d7d23d75db16dc; xbl:2535430200613003; live:985158121988759; discord:305372052683096065; fivem:10488223; license2:ee681c08d9d45c48bf5af06870d7d23d75db16dc]
[2:49:47 PM] [G8kiN#8] Esky: disconnected (Exiting)
[2:55:39 PM] [G8kiN#5] Mr.Green: disconnected (Exiting)
[2:58:47 PM] [G8kiN#10] jlberry10: joined with identifiers [steam:1100001615c0a52; license:41e5d20797706e46aae96886f2a6497b04b828fa; xbl:2535431518296618; live:914801212956691; discord:1183450223519998023; fivem:12942490; license2:41e5d20797706e46aae96886f2a6497b04b828fa]
[3:02:17 PM] [G8kiN#9] φοῖνιξ: said "/hideHUD"
[3:05:25 PM] [G8kiN#9] φοῖνιξ: said "/hideHUD"
[3:05:26 PM] [G8kiN#3] missberrymedley: said "/hideHUD"
[3:05:27 PM] [G8kiN#7] Anne Flank: said "/hideHUD"
[3:07:46 PM] [G8kiN#7] Anne Flank: disconnected (Exiting)
[3:17:15 PM] [G8kiN#9] φοῖνιξ: disconnected (Exiting)
[3:49:48 PM] [G8kiN#6] JOSH: disconnected (Exiting)
[3:57:31 PM] [G8kiN#11] Esky: joined with identifiers [steam:110000131c93706; license:8dfbcb6dabf76f1c81aa91d421dc6c2ab1407ba6; xbl:2535436019694875; live:914798270695886; discord:350771731708772354; fivem:11993654; license2:8dfbcb6dabf76f1c81aa91d421dc6c2ab1407ba6]
[3:58:46 PM] [G8kiN#11] Esky: disconnected (Exiting)
[4:03:33 PM] [G8kiN#10] jlberry10: disconnected (Server->client connection timed out. Last seen 38370 msec ago.)
[4:57:23 PM] [G8kiN#12] BotOnMnK: joined with identifiers [steam:11000014df460ff; license:06a61b4c40fc28c0a6e0a709ba99ffb637152b33; xbl:2535406023679221; live:1055518462074046; discord:1043623556015194112; fivem:9907274; license2:06a61b4c40fc28c0a6e0a709ba99ffb637152b33]
[5:02:32 PM] [G8kiN#12] BotOnMnK: said "/hideHUD"
[5:03:22 PM] [G8kiN#13] JOSH: joined with identifiers [steam:1100001438fe567; license:b6284c20b4ad2c41c48d4a31859b65ae2a417ec8; discord:405075418769522708; fivem:12124231; license2:b6284c20b4ad2c41c48d4a31859b65ae2a417ec8]
[5:03:47 PM] [G8kiN#13] JOSH: disconnected (Exiting)
[5:04:02 PM] [G8kiN#14] adamb: joined with identifiers [license:0503ca95eab75210d3475b9e63fd6aa6028e6a91; xbl:2535446394392876; live:1055518940555852; discord:1103467626300199044; fivem:8351340; license2:2a20c64a2a1abb3e1653a5c89e5ac281f69f1eb9]
[5:04:32 PM] [G8kiN#3] missberrymedley: disconnected (Exiting)
[5:05:21 PM] [G8kiN#12] BotOnMnK: disconnected (Exiting)
[5:06:22 PM] [G8kiN#15] JOSH: joined with identifiers [steam:1100001438fe567; license:b6284c20b4ad2c41c48d4a31859b65ae2a417ec8; discord:405075418769522708; fivem:12124231; license2:b6284c20b4ad2c41c48d4a31859b65ae2a417ec8]
[5:11:58 PM] [G8kiN#14] adamb: said "/hideHUD"
[5:25:46 PM] [G8kiN#14] adamb: disconnected ([txAdmin] Server restarting (requested by mjl1106).)
[5:25:46 PM] [G8kiN#15] JOSH: disconnected ([txAdmin] Server restarting (requested by mjl1106).)
[5:26:22 PM] txAdmin: Logger started
[5:27:30 PM] [QUACh#1] adamb: joined with identifiers [license:0503ca95eab75210d3475b9e63fd6aa6028e6a91; xbl:2535446394392876; live:1055518940555852; discord:1103467626300199044; fivem:8351340; license2:2a20c64a2a1abb3e1653a5c89e5ac281f69f1eb9]
[5:28:53 PM] [QUACh#2] JOSH: joined with identifiers [steam:1100001438fe567; license:b6284c20b4ad2c41c48d4a31859b65ae2a417ec8; discord:405075418769522708; fivem:12124231; license2:b6284c20b4ad2c41c48d4a31859b65ae2a417ec8]
[5:29:28 PM] [QUACh#3] MJL: joined with identifiers [steam:1100001324fa523; license:ec6c328d6d02f816bf13e4a9d09768c02d6e3125; xbl:2535415531070562; live:1055522508602522; discord:213410953641852928; fivem:2586828]
[5:29:32 PM] [QUACh#2] JOSH: disconnected (Game crashed: An exception occurred (c0000005 at 0x1416227d5) during execution of the INIT_SESSION function for CExtraContentWrapper. The game will be terminated.)
[5:29:41 PM] [QUACh#4] BotOnMnK: joined with identifiers [steam:11000014df460ff; license:06a61b4c40fc28c0a6e0a709ba99ffb637152b33; xbl:2535406023679221; live:1055518462074046; discord:1043623556015194112; fivem:9907274; license2:06a61b4c40fc28c0a6e0a709ba99ffb637152b33]
[5:30:13 PM] [QUACh#5] JOSH: joined with identifiers [steam:1100001438fe567; license:b6284c20b4ad2c41c48d4a31859b65ae2a417ec8; discord:405075418769522708; fivem:12124231; license2:b6284c20b4ad2c41c48d4a31859b65ae2a417ec8]
[5:34:11 PM] [QUACh#1] adamb: said "/hideHUD"
[5:38:55 PM] [QUACh#3] MJL: disconnected (Exiting)
[5:39:00 PM] [QUACh#1] adamb: disconnected ([txAdmin] Server restarting (requested by mjl1106).)
[5:39:00 PM] [QUACh#4] BotOnMnK: disconnected ([txAdmin] Server restarting (requested by mjl1106).)
[5:39:00 PM] [QUACh#5] JOSH: disconnected ([txAdmin] Server restarting (requested by mjl1106).)
[5:39:33 PM] txAdmin: Logger started
[5:40:23 PM] [gMabh#1] MJL: joined with identifiers [steam:1100001324fa523; license:ec6c328d6d02f816bf13e4a9d09768c02d6e3125; xbl:2535415531070562; live:1055522508602522; discord:213410953641852928; fivem:2586828]
[5:40:37 PM] [gMabh#2] BotOnMnK: joined with identifiers [steam:11000014df460ff; license:06a61b4c40fc28c0a6e0a709ba99ffb637152b33; xbl:2535406023679221; live:1055518462074046; discord:1043623556015194112; fivem:9907274; license2:06a61b4c40fc28c0a6e0a709ba99ffb637152b33]
[5:41:10 PM] [gMabh#3] adamb: joined with identifiers [license:0503ca95eab75210d3475b9e63fd6aa6028e6a91; xbl:2535446394392876; live:1055518940555852; discord:1103467626300199044; fivem:8351340; license2:2a20c64a2a1abb3e1653a5c89e5ac281f69f1eb9]
[5:41:28 PM] [gMabh#4] JOSH: joined with identifiers [steam:1100001438fe567; license:b6284c20b4ad2c41c48d4a31859b65ae2a417ec8; discord:405075418769522708; fivem:12124231; license2:b6284c20b4ad2c41c48d4a31859b65ae2a417ec8]
[5:42:07 PM] [gMabh#4] JOSH: disconnected (Game crashed: An exception occurred (c0000005 at 0x1416227d5) during execution of the INIT_SESSION function for CExtraContentWrapper. The game will be terminated.)
[5:43:00 PM] [gMabh#5] JOSH: joined with identifiers [steam:1100001438fe567; license:b6284c20b4ad2c41c48d4a31859b65ae2a417ec8; discord:405075418769522708; fivem:12124231; license2:b6284c20b4ad2c41c48d4a31859b65ae2a417ec8]
[5:46:41 PM] [gMabh#6] missberrymedley: joined with identifiers [steam:11000010cab8d07; license:7a3a5bfb5af789cb5f02843e29cc4ee338b0a294; xbl:2535413783067581; live:1688853905214434; discord:461174423903535107; fivem:1697557; license2:ec1926a90f33d1955abd2276f36a7c3ed4c51a23]
[5:58:53 PM] [gMabh#5] JOSH: died from Bat by adamb
[6:00:30 PM] [gMabh#3] adamb: died from Fist by JOSH
[6:06:12 PM] [gMabh#2] BotOnMnK: said "/hideHUD"
[6:06:13 PM] [gMabh#2] BotOnMnK: disconnected (Exiting)
[6:19:03 PM] [gMabh#5] JOSH: said "/th"
[6:32:20 PM] [gMabh#6] missberrymedley: disconnected (Exiting)
[6:32:31 PM] [gMabh#5] JOSH: disconnected (Server->client connection timed out. Last seen 39348 msec ago.)
[6:36:38 PM] [gMabh#1] MJL: died from suicide (Falling)
[6:38:38 PM] [gMabh#1] MJL: died from suicide (Falling)
[6:45:56 PM] [gMabh#3] adamb: disconnected (Exiting)
[9:02:31 PM] [gMabh#1] MJL: disconnected (text.afk_kick_message)
[9:30:20 PM] txAdmin: ((Broadcast) txAdmin): said "This server is scheduled to restart in 30 minutes."
[9:45:20 PM] txAdmin: ((Broadcast) txAdmin): said "This server is scheduled to restart in 15 minutes."
[9:50:21 PM] txAdmin: ((Broadcast) txAdmin): said "This server is scheduled to restart in 10 minutes."
[9:55:20 PM] txAdmin: ((Broadcast) txAdmin): said "This server is scheduled to restart in 5 minutes."
[9:56:20 PM] txAdmin: ((Broadcast) txAdmin): said "This server is scheduled to restart in 4 minutes."
[9:57:20 PM] txAdmin: ((Broadcast) txAdmin): said "This server is scheduled to restart in 3 minutes."
[9:58:20 PM] txAdmin: ((Broadcast) txAdmin): said "This server is scheduled to restart in 2 minutes."
[9:59:20 PM] txAdmin: ((Broadcast) txAdmin): said "This server is scheduled to restart in 1 minute. Please disconnect now."
[10:02:01 PM] txAdmin: Logger started
[10:14:22 PM] [3rakc#1] RigssRP: joined with identifiers [steam:11000014abdebcf; license:0503ca95eab75210d3475b9e63fd6aa6028e6a91; xbl:2535446394392876; live:1055518940555852; discord:1103467626300199044; fivem:8351340; license2:2a20c64a2a1abb3e1653a5c89e5ac281f69f1eb9]
[11:54:05 PM] [3rakc#1] RigssRP: disconnected (Exiting)
