
================================================================
======== txAdmin Starting - 2/9/2024, 8:54:20 AM                
================================================================
[8:56:23 AM] txAdmin: Logger started

================================================================
======== txAdmin Starting - 2/9/2024, 9:01:33 AM                
================================================================
[9:01:50 AM] txAdmin: Logger started
[9:04:46 AM] [fPLiG#1] MJL: joined with identifiers [steam:1100001324fa523; license:ec6c328d6d02f816bf13e4a9d09768c02d6e3125; xbl:2535415531070562; live:1055522508602522; discord:213410953641852928; fivem:2586828]
[9:06:26 AM] [fPLiG#1] MJL: disconnected (Exiting)
[9:08:27 AM] txAdmin: Logger started
[9:13:17 AM] txAdmin: Logger started
[9:15:04 AM] txAdmin: Logger started
[9:16:38 AM] txAdmin: Logger started
[9:17:47 AM] [dNL94#1] Le0va: joined with identifiers [steam:110000115ceb248; license:eb50d0f0e1234a21689c685afbb0031705183403; xbl:2535464818703766; live:985157324057631; discord:246676459643600897; fivem:8879279; license2:eb50d0f0e1234a21689c685afbb0031705183403]
[9:17:59 AM] [dNL94#2] MJL: joined with identifiers [steam:1100001324fa523; license:ec6c328d6d02f816bf13e4a9d09768c02d6e3125; xbl:2535415531070562; live:1055522508602522; discord:213410953641852928; fivem:2586828]
[9:20:40 AM] [dNL94#2] MJL: said "/exithouse"
[9:20:40 AM] [dNL94#2] MJL: said "/enterhouse"
[9:20:40 AM] [dNL94#2] MJL: said "/exithouse"
[9:20:40 AM] [dNL94#2] MJL: said "/enterhouse"
[9:21:14 AM] [dNL94#2] MJL: disconnected (Exiting)
[9:23:21 AM] [dNL94#1] Le0va: disconnected (Server shutting down: SIGHUP received)

================================================================
======== txAdmin Starting - 2/9/2024, 9:52:28 AM                
================================================================
[9:53:00 AM] txAdmin: Logger started
[9:56:22 AM] [VcQX4#1] Le0va: joined with identifiers [steam:110000115ceb248; license:eb50d0f0e1234a21689c685afbb0031705183403; xbl:2535464818703766; live:985157324057631; discord:246676459643600897; fivem:8879279; license2:eb50d0f0e1234a21689c685afbb0031705183403]
[10:00:29 AM] [VcQX4#1] Le0va: said "//escort"
[10:00:29 AM] [VcQX4#1] Le0va: disconnected (Exiting)

================================================================
======== txAdmin Starting - 2/9/2024, 10:20:57 AM               
================================================================
[10:21:16 AM] txAdmin: Logger started
[10:24:01 AM] [wrgj7#1] MJL: joined with identifiers [steam:1100001324fa523; license:ec6c328d6d02f816bf13e4a9d09768c02d6e3125; xbl:2535415531070562; live:1055522508602522; discord:213410953641852928; fivem:2586828]
[10:27:13 AM] [wrgj7#1] MJL: disconnected (Exiting)

================================================================
======== txAdmin Starting - 2/9/2024, 10:29:04 AM               
================================================================
[10:30:29 AM] txAdmin: Logger started
[10:33:57 AM] [Q3RJL#1] Le0va: joined with identifiers [steam:110000115ceb248; license:eb50d0f0e1234a21689c685afbb0031705183403; xbl:2535464818703766; live:985157324057631; discord:246676459643600897; fivem:8879279; license2:eb50d0f0e1234a21689c685afbb0031705183403]
[10:34:06 AM] [Q3RJL#2] MJL: joined with identifiers [steam:1100001324fa523; license:ec6c328d6d02f816bf13e4a9d09768c02d6e3125; xbl:2535415531070562; live:1055522508602522; discord:213410953641852928; fivem:2586828]
[10:34:28 AM] [Q3RJL#2] MJL: disconnected (Could not connect to session provider. This may happen when you recently updated, but other players )
[10:35:19 AM] [Q3RJL#3] MJL: joined with identifiers [steam:1100001324fa523; license:ec6c328d6d02f816bf13e4a9d09768c02d6e3125; xbl:2535415531070562; live:1055522508602522; discord:213410953641852928; fivem:2586828]
[10:35:44 AM] [Q3RJL#3] MJL: disconnected (Server->client connection timed out. Last seen 242 msec ago.)
[10:38:26 AM] [Q3RJL#1] Le0va: disconnected (Server shutting down: SIGHUP received)

================================================================
======== txAdmin Starting - 2/9/2024, 11:09:37 AM               
================================================================
[11:12:01 AM] txAdmin: Logger started
[11:13:14 AM] [eXqYf#1] MJL: joined with identifiers [steam:1100001324fa523; license:ec6c328d6d02f816bf13e4a9d09768c02d6e3125; xbl:2535415531070562; live:1055522508602522; discord:213410953641852928; fivem:2586828]
[11:18:37 AM] [eXqYf#1] MJL: disconnected (Exiting)
[11:26:13 AM] [eXqYf#2] Le0va: joined with identifiers [steam:110000115ceb248; license:eb50d0f0e1234a21689c685afbb0031705183403; xbl:2535464818703766; live:985157324057631; discord:246676459643600897; fivem:8879279; license2:eb50d0f0e1234a21689c685afbb0031705183403]
[11:26:18 AM] [eXqYf#3] MJL: joined with identifiers [steam:1100001324fa523; license:ec6c328d6d02f816bf13e4a9d09768c02d6e3125; xbl:2535415531070562; live:1055522508602522; discord:213410953641852928; fivem:2586828]
[11:27:33 AM] [eXqYf#3] MJL: disconnected (Exiting)
[11:28:06 AM] [eXqYf#4] MJL: joined with identifiers [steam:1100001324fa523; license:ec6c328d6d02f816bf13e4a9d09768c02d6e3125; xbl:2535415531070562; live:1055522508602522; discord:213410953641852928; fivem:2586828]
[11:31:15 AM] [eXqYf#4] MJL: said "/admin#"
[11:31:43 AM] [eXqYf#4] MJL: said "/exithouse"
[11:31:43 AM] [eXqYf#4] MJL: said "/enterhouse"
[11:31:43 AM] [eXqYf#4] MJL: said "/exithouse"
[11:31:43 AM] [eXqYf#4] MJL: said "/enterhouse"
[11:33:37 AM] [eXqYf#4] MJL: said "/exithouse"
[11:33:37 AM] [eXqYf#4] MJL: said "/enterhouse"
[11:35:22 AM] [eXqYf#4] MJL: said "/exithouse"
[11:35:22 AM] [eXqYf#4] MJL: said "/enterhouse"
[11:35:23 AM] [eXqYf#4] MJL: said "/exithouse"
[11:35:23 AM] [eXqYf#4] MJL: said "/enterhouse"
[11:35:26 AM] [eXqYf#4] MJL: said "/exithouse"
[11:35:26 AM] [eXqYf#4] MJL: said "/enterhouse"
[11:35:29 AM] [eXqYf#4] MJL: said "/exithouse"
[11:35:29 AM] [eXqYf#4] MJL: said "/enterhouse"
[11:39:10 AM] [eXqYf#4] MJL: said "/m,dt"
[11:45:29 AM] [eXqYf#2] Le0va: said "/mrp"
[11:54:11 AM] [eXqYf#4] MJL: said "/jon"
[11:55:51 AM] [eXqYf#4] MJL: said "/exithouse"
[11:55:51 AM] [eXqYf#4] MJL: said "/enterhouse"
[11:57:57 AM] [eXqYf#4] MJL: said "/exithouse"
[11:57:57 AM] [eXqYf#4] MJL: said "/enterhouse"
[11:59:09 AM] [eXqYf#2] Le0va: said "/god"
[11:59:46 AM] [eXqYf#2] Le0va: said "/god"
[11:59:55 AM] [eXqYf#2] Le0va: died from suicide (Falling)
[12:06:27 PM] [eXqYf#2] Le0va: said "/-gearDown"
[12:06:34 PM] [eXqYf#2] Le0va: said "/-gearDown"
[12:06:35 PM] [eXqYf#2] Le0va: said "/-gearUp"
[12:07:25 PM] [eXqYf#4] MJL: said "/exithouse"
[12:07:25 PM] [eXqYf#4] MJL: said "/enterhouse"
[12:07:42 PM] [eXqYf#2] Le0va: said "/-gearUp"
[12:07:51 PM] [eXqYf#2] Le0va: said "/-gearUp"
[12:08:16 PM] [eXqYf#2] Le0va: said "/-gearUp"
[12:08:22 PM] [eXqYf#2] Le0va: said "/-gearUp"
[12:08:35 PM] [eXqYf#5] carma: joined with identifiers [license:b27179133e8df658895ecd5f756db2a4a4c8cd08; xbl:2533275003431282; live:1829581607460581; discord:242888314108116992; license2:e1e3866f24a1a081ffd211b7c1805c667b695651]
[12:09:10 PM] [eXqYf#2] Le0va: said "/-gearUp"
[12:09:13 PM] [eXqYf#2] Le0va: said "/-gearUp"
[12:09:59 PM] [eXqYf#4] MJL: said "/exithouse"
[12:09:59 PM] [eXqYf#4] MJL: said "/enterhouse"
[12:10:20 PM] [eXqYf#2] Le0va: said "/tpn"
[12:10:46 PM] [eXqYf#2] Le0va: said "/-gearUp"
[12:10:56 PM] [eXqYf#2] Le0va: said "/-gearUp"
[12:11:29 PM] [eXqYf#2] Le0va: said "/-gearUp"
[12:12:21 PM] [eXqYf#2] Le0va: said "/-gearUp"
[12:12:37 PM] [eXqYf#2] Le0va: said "/-gearUp"
[12:12:51 PM] [eXqYf#2] Le0va: said "/-gearUp"
[12:13:35 PM] [eXqYf#2] Le0va: said "/-gearUp"
[12:14:38 PM] [eXqYf#2] Le0va: said "/-gearUp"
[12:15:08 PM] [eXqYf#2] Le0va: said "/-gearUp"
[12:15:30 PM] [eXqYf#2] Le0va: said "/-gearUp"
[12:15:39 PM] [eXqYf#2] Le0va: said "/-gearUp"
[12:15:56 PM] [eXqYf#2] Le0va: said "/tpa"
[12:16:05 PM] [eXqYf#2] Le0va: said "/-gearUp"
[12:16:47 PM] [eXqYf#2] Le0va: said "/-gearUp"
[12:18:36 PM] [eXqYf#2] Le0va: said "/-gearDown"
[12:19:40 PM] [eXqYf#5] carma: said "/admim"
[12:19:52 PM] [eXqYf#2] Le0va: said "/-gearUp"
[12:20:27 PM] [eXqYf#4] MJL: said "/exithouse"
[12:20:27 PM] [eXqYf#4] MJL: said "/enterhouse"
[12:20:32 PM] [eXqYf#4] MJL: said "/exithouse"
[12:20:32 PM] [eXqYf#4] MJL: said "/enterhouse"
[12:20:40 PM] [eXqYf#4] MJL: said "/exithouse"
[12:20:40 PM] [eXqYf#4] MJL: said "/enterhouse"
[12:21:25 PM] [eXqYf#2] Le0va: said "/-gearUp"
[12:22:27 PM] [eXqYf#2] Le0va: said "/-gearUp"
[12:22:34 PM] [eXqYf#5] carma: died from suicide (Falling)
[12:22:37 PM] [eXqYf#5] carma: said "/adminn"
[12:23:56 PM] [eXqYf#2] Le0va: said "/-gearUp"
[12:24:11 PM] [eXqYf#5] carma: caused an explosion (PLANE)
[12:24:11 PM] [eXqYf#5] carma: died from suicide (Explosion)
[12:25:05 PM] [eXqYf#2] Le0va: said "/-gearUp"
[12:25:13 PM] [eXqYf#2] Le0va: said "/-gearUp"
[12:26:00 PM] [eXqYf#2] Le0va: said "/-gearUp"
[12:26:03 PM] [eXqYf#2] Le0va: said "/-gearUp"
[12:26:29 PM] [eXqYf#2] Le0va: said "/-gearUp"
[12:26:41 PM] [eXqYf#2] Le0va: said "/-gearUp"
[12:26:45 PM] [eXqYf#2] Le0va: said "/-gearUp"
[12:26:46 PM] [eXqYf#5] carma: disconnected (Exiting)
[12:27:02 PM] [eXqYf#2] Le0va: said "/-gearUp"
[12:30:05 PM] [eXqYf#2] Le0va: said "/-gearDown"
[12:34:48 PM] [eXqYf#2] Le0va: said "/-gearUp"
[12:34:48 PM] [eXqYf#2] Le0va: died from suicide (Falling)
[12:35:01 PM] [eXqYf#2] Le0va: said "/-gearUp"
[12:35:11 PM] [eXqYf#2] Le0va: said "/-gearUp"
[12:35:36 PM] [eXqYf#2] Le0va: said "/-gearUp"
[12:35:40 PM] [eXqYf#6] carma: joined with identifiers [license:b27179133e8df658895ecd5f756db2a4a4c8cd08; xbl:2533275003431282; live:1829581607460581; discord:242888314108116992; license2:e1e3866f24a1a081ffd211b7c1805c667b695651]
[12:36:12 PM] [eXqYf#2] Le0va: said "/-gearUp"
[12:36:32 PM] [eXqYf#2] Le0va: said "/-gearUp"
[12:36:41 PM] [eXqYf#2] Le0va: said "/-gearUp"
[12:36:49 PM] [eXqYf#2] Le0va: said "/-gearUp"
[12:37:25 PM] [eXqYf#2] Le0va: said "/-gearUp"
[12:37:55 PM] [eXqYf#2] Le0va: said "/-gearUp"
[12:37:57 PM] [eXqYf#2] Le0va: said "/-gearUp"
[12:38:02 PM] [eXqYf#2] Le0va: said "/-gearUp"
[12:38:04 PM] [eXqYf#2] Le0va: said "/-gearUp"
[12:38:27 PM] [eXqYf#2] Le0va: said "/-gearUp"
[12:38:31 PM] [eXqYf#2] Le0va: said "/-gearUp"
[12:38:39 PM] [eXqYf#4] MJL: said "/exithouse"
[12:38:39 PM] [eXqYf#4] MJL: said "/enterhouse"
[12:38:41 PM] [eXqYf#2] Le0va: said "/-gearUp"
[12:38:41 PM] [eXqYf#4] MJL: said "/exithouse"
[12:38:41 PM] [eXqYf#4] MJL: said "/enterhouse"
[12:38:52 PM] [eXqYf#2] Le0va: said "/-gearUp"
[12:38:55 PM] [eXqYf#2] Le0va: said "/-gearUp"
[12:40:48 PM] [eXqYf#4] MJL: said "/exithouse"
[12:40:48 PM] [eXqYf#4] MJL: said "/enterhouse"
[12:40:49 PM] [eXqYf#4] MJL: said "/exithouse"
[12:40:49 PM] [eXqYf#4] MJL: said "/enterhouse"
[12:41:05 PM] [eXqYf#4] MJL: said "/exithouse"
[12:41:05 PM] [eXqYf#4] MJL: said "/enterhouse"
[12:41:07 PM] [eXqYf#4] MJL: said "/exithouse"
[12:41:07 PM] [eXqYf#4] MJL: said "/enterhouse"
[12:41:12 PM] [eXqYf#4] MJL: said "/exithouse"
[12:41:12 PM] [eXqYf#4] MJL: said "/enterhouse"
[12:41:23 PM] [eXqYf#2] Le0va: said "/-gearUp"
[12:41:25 PM] [eXqYf#2] Le0va: said "/-gearUp"
[12:42:50 PM] [eXqYf#2] Le0va: said "//escort"
[12:42:51 PM] [eXqYf#2] Le0va: said "//escort"
[12:42:51 PM] [eXqYf#2] Le0va: said "//escort"
[12:42:52 PM] [eXqYf#2] Le0va: said "//escort"
[12:42:53 PM] [eXqYf#2] Le0va: said "//escort"
[12:42:56 PM] [eXqYf#2] Le0va: said "//escort"
[12:42:56 PM] [eXqYf#2] Le0va: said "//escort"
[12:43:18 PM] [eXqYf#2] Le0va: said "/-gearUp"
[12:43:21 PM] [eXqYf#4] MJL: said "/exithouse"
[12:43:21 PM] [eXqYf#4] MJL: said "/enterhouse"
[12:43:24 PM] [eXqYf#2] Le0va: said "/-gearUp"
[12:43:31 PM] [eXqYf#2] Le0va: said "/-gearUp"
[12:43:35 PM] [eXqYf#2] Le0va: said "/-gearUp"
[12:43:48 PM] [eXqYf#4] MJL: said "/exithouse"
[12:43:48 PM] [eXqYf#4] MJL: said "/enterhouse"
[12:44:04 PM] [eXqYf#4] MJL: said "/exithouse"
[12:44:04 PM] [eXqYf#4] MJL: said "/enterhouse"
[12:44:37 PM] [eXqYf#2] Le0va: said "/-gearDown"
[12:44:41 PM] [eXqYf#2] Le0va: said "/-gearUp"
[12:45:44 PM] [eXqYf#2] Le0va: said "/-gearUp"
[12:45:54 PM] [eXqYf#2] Le0va: said "/-gearDown"
[12:46:38 PM] [eXqYf#2] Le0va: said "/-gearUp"
[12:48:13 PM] [eXqYf#2] Le0va: said "/-gearUp"
[12:48:46 PM] [eXqYf#4] MJL: died from suicide (Falling)
[12:48:56 PM] [eXqYf#6] carma: said "/TPM\"
[12:49:22 PM] [eXqYf#6] carma: said "/GIVE 6 GOLD_CHAIN 20"
[12:52:29 PM] [eXqYf#2] Le0va: said "/-gearUp"
[12:52:43 PM] [eXqYf#2] Le0va: said "/-gearUp"
[12:53:14 PM] [eXqYf#4] MJL: said "/exithouse"
[12:53:14 PM] [eXqYf#4] MJL: said "/enterhouse"
[12:53:34 PM] [eXqYf#2] Le0va: said "/-gearUp"
[12:53:59 PM] [eXqYf#2] Le0va: said "/-gearUp"
[12:54:00 PM] [eXqYf#2] Le0va: said "/-gearUp"
[12:54:12 PM] [eXqYf#2] Le0va: said "/-gearUp"
[12:54:14 PM] [eXqYf#2] Le0va: said "/-gearUp"
[12:54:19 PM] [eXqYf#2] Le0va: said "/-gearUp"
[12:54:28 PM] [eXqYf#2] Le0va: said "/-gearUp"
[12:54:30 PM] [eXqYf#2] Le0va: said "/-gearUp"
[12:54:55 PM] [eXqYf#2] Le0va: said "/-gearUp"
[12:55:07 PM] [eXqYf#2] Le0va: said "/-gearUp"
[12:55:12 PM] [eXqYf#2] Le0va: said "/-gearUp"
[12:55:16 PM] [eXqYf#2] Le0va: said "/-gearUp"
[12:55:29 PM] [eXqYf#2] Le0va: said "/-gearUp"
[12:55:41 PM] [eXqYf#4] MJL: said "/enterhouse"
[12:55:42 PM] [eXqYf#2] Le0va: said "/-gearUp"
[12:55:50 PM] [eXqYf#2] Le0va: said "/-gearUp"
[12:56:25 PM] [eXqYf#2] Le0va: said "/-gearUp"
[12:56:29 PM] [eXqYf#2] Le0va: said "/-gearUp"
[12:56:35 PM] [eXqYf#2] Le0va: said "/-gearUp"
[12:56:43 PM] [eXqYf#2] Le0va: said "/-gearUp"
[12:57:03 PM] [eXqYf#2] Le0va: said "/-gearUp"
[12:57:15 PM] [eXqYf#2] Le0va: said "/-gearUp"
[12:57:19 PM] [eXqYf#2] Le0va: said "/-gearUp"
[12:57:22 PM] [eXqYf#2] Le0va: said "/-gearUp"
[12:57:59 PM] [eXqYf#2] Le0va: said "/-gearUp"
[12:58:09 PM] [eXqYf#2] Le0va: said "/-gearUp"
[12:58:13 PM] [eXqYf#2] Le0va: said "/-gearUp"
[12:58:36 PM] [eXqYf#2] Le0va: said "/-gearUp"
[12:58:59 PM] [eXqYf#2] Le0va: said "/-gearUp"
[1:01:00 PM] [eXqYf#2] Le0va: died from Special Carbine Mk2 by carma
[1:01:51 PM] [eXqYf#2] Le0va: said "/-gearDown"
[1:03:40 PM] [eXqYf#2] Le0va: said "/-gearUp"
[1:03:40 PM] [eXqYf#2] Le0va: said "/-gearUp"
[1:03:40 PM] [eXqYf#2] Le0va: said "/-gearDown"
[1:03:43 PM] [eXqYf#2] Le0va: said "/-gearUp"
[1:04:20 PM] [eXqYf#6] carma: caused an explosion (GAS_TANK)
[1:04:20 PM] [eXqYf#2] Le0va: caused an explosion (CAR)
[1:04:27 PM] [eXqYf#2] Le0va: said "/-gearUp"
[1:04:32 PM] [eXqYf#2] Le0va: said "/-gearUp"
[1:04:33 PM] [eXqYf#2] Le0va: said "/-gearUp"
[1:04:49 PM] [eXqYf#2] Le0va: said "/-gearUp"
[1:06:06 PM] [eXqYf#4] MJL: died from suicide (Falling)
[1:06:19 PM] [eXqYf#4] MJL: said "/exithouse"
[1:06:19 PM] [eXqYf#4] MJL: said "/enterhouse"
[1:06:40 PM] [eXqYf#2] Le0va: died from suicide (Falling)
[1:06:49 PM] [eXqYf#2] Le0va: said "/-gearUp"
[1:06:57 PM] [eXqYf#2] Le0va: said "/-gearUp"
[1:09:17 PM] [eXqYf#2] Le0va: said "/-gearUp"
[1:09:28 PM] [eXqYf#4] MJL: said "/exithouse"
[1:09:28 PM] [eXqYf#4] MJL: said "/enterhouse"
[1:09:42 PM] [eXqYf#4] MJL: said "/exithouse"
[1:09:42 PM] [eXqYf#4] MJL: said "/enterhouse"
[1:10:11 PM] [eXqYf#4] MJL: said "/exithouse"
[1:10:11 PM] [eXqYf#4] MJL: said "/enterhouse"
[1:10:25 PM] [eXqYf#4] MJL: said "/exithouse"
[1:10:25 PM] [eXqYf#4] MJL: said "/enterhouse"
[1:10:33 PM] [eXqYf#4] MJL: said "/exithouse"
[1:10:33 PM] [eXqYf#4] MJL: said "/enterhouse"
[1:10:37 PM] [eXqYf#4] MJL: said "/exithouse"
[1:10:37 PM] [eXqYf#4] MJL: said "/enterhouse"
[1:10:46 PM] [eXqYf#4] MJL: said "/exithouse"
[1:10:46 PM] [eXqYf#4] MJL: said "/enterhouse"
[1:10:49 PM] [eXqYf#4] MJL: said "/exithouse"
[1:10:49 PM] [eXqYf#4] MJL: said "/enterhouse"
[1:10:49 PM] [eXqYf#4] MJL: said "/exithouse"
[1:10:49 PM] [eXqYf#4] MJL: said "/enterhouse"
[1:10:50 PM] [eXqYf#4] MJL: said "/exithouse"
[1:10:50 PM] [eXqYf#4] MJL: said "/enterhouse"
[1:10:51 PM] [eXqYf#4] MJL: said "/exithouse"
[1:10:51 PM] [eXqYf#4] MJL: said "/enterhouse"
[1:12:22 PM] [eXqYf#4] MJL: said "/exithouse"
[1:12:22 PM] [eXqYf#4] MJL: said "/enterhouse"
[1:12:23 PM] [eXqYf#4] MJL: said "/exithouse"
[1:12:23 PM] [eXqYf#4] MJL: said "/enterhouse"
[1:12:36 PM] [eXqYf#4] MJL: said "/exithouse"
[1:12:36 PM] [eXqYf#4] MJL: said "/enterhouse"
[1:12:41 PM] [eXqYf#4] MJL: said "/exithouse"
[1:12:41 PM] [eXqYf#4] MJL: said "/enterhouse"
[1:12:49 PM] [eXqYf#4] MJL: said "/exithouse"
[1:12:49 PM] [eXqYf#4] MJL: said "/enterhouse"
[1:19:12 PM] [eXqYf#6] carma: said "/RELOAD"
[1:19:17 PM] [eXqYf#6] carma: said "/MAXAMMO"
[1:27:11 PM] [eXqYf#4] MJL: died from suicide (Falling)
[1:39:05 PM] [eXqYf#4] MJL: said "e c"
[1:40:44 PM] [eXqYf#4] MJL: said "/exithouse"
[1:40:44 PM] [eXqYf#4] MJL: said "/enterhouse"
[1:41:38 PM] [eXqYf#4] MJL: said "mdt"
[1:45:57 PM] [eXqYf#4] MJL: said "/exithouse"
[1:45:57 PM] [eXqYf#4] MJL: said "/enterhouse"
[1:46:16 PM] [eXqYf#4] MJL: died from Special Carbine Mk2 by carma
[1:46:27 PM] [eXqYf#4] MJL: died from Special Carbine Mk2 by carma
[1:46:49 PM] [eXqYf#4] MJL: said "/exithouse"
[1:46:49 PM] [eXqYf#4] MJL: said "/enterhouse"
[1:46:51 PM] [eXqYf#4] MJL: said "/exithouse"
[1:46:51 PM] [eXqYf#4] MJL: said "/enterhouse"
[1:46:52 PM] [eXqYf#4] MJL: said "/exithouse"
[1:46:52 PM] [eXqYf#4] MJL: said "/enterhouse"
[1:46:53 PM] [eXqYf#4] MJL: died from Ranover by Vehicle by carma
[1:47:03 PM] [eXqYf#4] MJL: said "/exithouse"
[1:47:03 PM] [eXqYf#4] MJL: said "/enterhouse"
[1:48:09 PM] [eXqYf#4] MJL: said "/exithouse"
[1:48:09 PM] [eXqYf#4] MJL: said "/enterhouse"
[1:48:47 PM] [eXqYf#4] MJL: said "/exithouse"
[1:48:47 PM] [eXqYf#4] MJL: said "/enterhouse"
[1:52:05 PM] [eXqYf#6] carma: died from suicide (Falling)
[1:53:14 PM] [eXqYf#6] carma: said "/repair"
[1:53:15 PM] [eXqYf#2] Le0va: died from suicide (Falling)
[1:53:20 PM] [eXqYf#4] MJL: said "/exithouse"
[1:53:20 PM] [eXqYf#4] MJL: said "/enterhouse"
[1:53:45 PM] [eXqYf#2] Le0va: died from suicide (Falling)
[1:58:37 PM] [eXqYf#4] MJL: died from Hatchet by carma
[1:59:35 PM] [eXqYf#4] MJL: said "/revvive"
[2:00:06 PM] [eXqYf#6] carma: said "/handsup"
[2:05:12 PM] [eXqYf#4] MJL: said "/exithouse"
[2:05:12 PM] [eXqYf#4] MJL: said "/enterhouse"
[2:09:15 PM] [eXqYf#4] MJL: said "/exithouse"
[2:09:15 PM] [eXqYf#4] MJL: said "/enterhouse"
[2:09:29 PM] [eXqYf#4] MJL: said "/exithouse"
[2:09:29 PM] [eXqYf#4] MJL: said "/enterhouse"
[2:11:06 PM] [eXqYf#4] MJL: said "/exithouse"
[2:11:06 PM] [eXqYf#4] MJL: said "/enterhouse"
[2:16:24 PM] [eXqYf#6] carma: died from suicide
[2:16:33 PM] [eXqYf#6] carma: died from suicide (Falling)
[2:26:37 PM] [eXqYf#6] carma: died from suicide
[2:26:42 PM] [eXqYf#6] carma: died from suicide (Falling)
[2:26:44 PM] [eXqYf#6] carma: died from suicide (Falling)
[2:32:06 PM] [eXqYf#6] carma: died from suicide (Drowned)
[2:32:19 PM] [eXqYf#6] carma: died from suicide (Drowned)
[2:33:40 PM] [eXqYf#6] carma: died from suicide
[2:33:43 PM] [eXqYf#4] MJL: said "/exithouse"
[2:33:43 PM] [eXqYf#4] MJL: said "/enterhouse"
[2:34:54 PM] [eXqYf#4] MJL: died from suicide (Falling)
[2:37:34 PM] [eXqYf#4] MJL: died from suicide (Falling)
[2:37:35 PM] [eXqYf#6] carma: died from suicide (Falling)
[2:37:37 PM] [eXqYf#6] carma: said "/HELP"
[2:37:41 PM] [eXqYf#6] carma: said "/HELP"
[2:38:19 PM] [eXqYf#4] MJL: said "//escort"
[2:38:21 PM] [eXqYf#4] MJL: disconnected (Exiting)
[2:38:33 PM] [eXqYf#2] Le0va: disconnected (Server shutting down: SIGHUP received)
[2:38:33 PM] [eXqYf#6] carma: disconnected (Server shutting down: SIGHUP received)
