
================================================================
======== Log Rotated - 3/20/2024, 12:00:00 AM                   
================================================================
[5:30:06 AM] txAdmin: ((Broadcast) txAdmin): said "This server is scheduled to restart in 30 minutes."
[5:45:06 AM] txAdmin: ((Broadcast) txAdmin): said "This server is scheduled to restart in 15 minutes."
[5:50:06 AM] txAdmin: ((Broadcast) txAdmin): said "This server is scheduled to restart in 10 minutes."
[5:55:07 AM] txAdmin: ((Broadcast) txAdmin): said "This server is scheduled to restart in 5 minutes."
[5:56:06 AM] txAdmin: ((Broadcast) txAdmin): said "This server is scheduled to restart in 4 minutes."
[5:57:06 AM] txAdmin: ((Broadcast) txAdmin): said "This server is scheduled to restart in 3 minutes."
[5:58:06 AM] txAdmin: ((Broadcast) txAdmin): said "This server is scheduled to restart in 2 minutes."
[5:59:06 AM] txAdmin: ((Broadcast) txAdmin): said "This server is scheduled to restart in 1 minute. Please disconnect now."
[6:00:39 AM] txAdmin: Logger started
[11:13:01 AM] txAdmin: Logger started
[12:46:34 PM] [6eVTm#1] DaddyDizzle: joined with identifiers [steam:11000014bb53aeb; license:e0893217ab0d40d6a510bcbfe1c9441b4a208a2b; discord:584024523989581834; fivem:8961289; license2:e0893217ab0d40d6a510bcbfe1c9441b4a208a2b]
[12:52:31 PM] [6eVTm#2] MJL: joined with identifiers [steam:1100001324fa523; license:ec6c328d6d02f816bf13e4a9d09768c02d6e3125; xbl:2535415531070562; live:1055522508602522; discord:213410953641852928; fivem:2586828]
[1:30:17 PM] txAdmin: ((Broadcast) txAdmin): said "This server is scheduled to restart in 30 minutes."
[1:30:40 PM] [6eVTm#1] DaddyDizzle: said "revive"
[1:45:17 PM] txAdmin: ((Broadcast) txAdmin): said "This server is scheduled to restart in 15 minutes."
[1:46:46 PM] [6eVTm#1] DaddyDizzle: said "/hideHUD"
[1:47:06 PM] [6eVTm#1] DaddyDizzle: said "/hideHUD"
[1:48:32 PM] [6eVTm#1] DaddyDizzle: said "/hideHUD"
[1:48:34 PM] [6eVTm#1] DaddyDizzle: said "/hideHUD"
[1:48:50 PM] [6eVTm#2] MJL: disconnected (Exiting)
[1:50:16 PM] txAdmin: ((Broadcast) txAdmin): said "This server is scheduled to restart in 10 minutes."
[1:50:55 PM] [6eVTm#1] DaddyDizzle: said "/hm"
[1:50:57 PM] [6eVTm#1] DaddyDizzle: said "/vm"
[1:51:01 PM] [6eVTm#1] DaddyDizzle: said "/hideHUD"
[1:51:01 PM] [6eVTm#1] DaddyDizzle: said "/hideHUD"
[1:51:12 PM] [6eVTm#1] DaddyDizzle: disconnected (Exiting)
[1:55:17 PM] txAdmin: ((Broadcast) txAdmin): said "This server is scheduled to restart in 5 minutes."
[1:56:17 PM] txAdmin: ((Broadcast) txAdmin): said "This server is scheduled to restart in 4 minutes."
[1:57:17 PM] txAdmin: ((Broadcast) txAdmin): said "This server is scheduled to restart in 3 minutes."
[1:58:17 PM] txAdmin: ((Broadcast) txAdmin): said "This server is scheduled to restart in 2 minutes."
[1:59:17 PM] txAdmin: ((Broadcast) txAdmin): said "This server is scheduled to restart in 1 minute. Please disconnect now."
[2:04:11 PM] txAdmin: Logger started
[3:58:31 PM] [aPJVC#1] BotOnMnK: joined with identifiers [steam:11000014df460ff; license:06a61b4c40fc28c0a6e0a709ba99ffb637152b33; xbl:2535406023679221; live:1055518462074046; discord:1043623556015194112; fivem:9907274; license2:06a61b4c40fc28c0a6e0a709ba99ffb637152b33]
[4:04:58 PM] [aPJVC#1] BotOnMnK: died from suicide
[4:06:00 PM] [aPJVC#2] MJL: joined with identifiers [steam:1100001324fa523; license:ec6c328d6d02f816bf13e4a9d09768c02d6e3125; xbl:2535415531070562; live:1055522508602522; discord:213410953641852928; fivem:2586828]
[4:07:04 PM] [aPJVC#2] MJL: disconnected (Exiting)
[4:34:03 PM] [aPJVC#1] BotOnMnK: disconnected (Game crashed: GTA5_b2699.exe!_setSamplersForPixelShader (0x89))
[4:38:21 PM] [aPJVC#3] BotOnMnK: joined with identifiers [steam:11000014df460ff; license:06a61b4c40fc28c0a6e0a709ba99ffb637152b33; xbl:2535406023679221; live:1055518462074046; discord:1043623556015194112; fivem:9907274; license2:06a61b4c40fc28c0a6e0a709ba99ffb637152b33]
[4:42:07 PM] [aPJVC#4] Kamakazi Gamdom: joined with identifiers [steam:11000010e87be4d; license:b27179133e8df658895ecd5f756db2a4a4c8cd08; xbl:2533275003431282; live:1829581607460581; discord:242888314108116992; fivem:11442758; license2:e1e3866f24a1a081ffd211b7c1805c667b695651]
[4:43:21 PM] [aPJVC#3] BotOnMnK: died from suicide (Falling)
[4:44:19 PM] [aPJVC#4] Kamakazi Gamdom: said "/hideHUD"
[4:44:20 PM] [aPJVC#4] Kamakazi Gamdom: disconnected (Exiting)
[4:45:03 PM] [aPJVC#3] BotOnMnK: said "/hideHUD"
[5:09:31 PM] [aPJVC#5] BlazewolfV1: joined with identifiers [steam:11000014c0af4d6; license:034b4ec00b617ed260bdf85c4f38d0d808f19925; xbl:2535455258048430; live:844425001122073; discord:556116411886469143; fivem:7690152; license2:e463f58279a9da223bfce67240fdbedf17f5775e]
[5:22:52 PM] [aPJVC#3] BotOnMnK: said "/hideHUD"
[5:23:59 PM] [aPJVC#3] BotOnMnK: died from suicide
[5:25:20 PM] [aPJVC#3] BotOnMnK: said "/hideHUD"
[5:27:49 PM] [aPJVC#3] BotOnMnK: died from suicide
[5:28:19 PM] [aPJVC#3] BotOnMnK: disconnected (Game crashed: d3d11.dll!CContext::TID3D11DeviceContext_SetShaderResources_<1,4> (0x161))
[5:28:31 PM] [aPJVC#6] Nestl: joined with identifiers [steam:110000149880bad; license:9daa0977f2ccf82e790d12610cf33fed5dacfed9; xbl:2535419590571835; live:914798558023613; discord:769967905973993482; fivem:7347046; license2:2cd768c619b24b0015ea596524ad491bca341df9]
[5:31:24 PM] [aPJVC#7] Kamakazi Gamdom: joined with identifiers [steam:11000010e87be4d; license:b27179133e8df658895ecd5f756db2a4a4c8cd08; xbl:2533275003431282; live:1829581607460581; discord:242888314108116992; fivem:11442758; license2:e1e3866f24a1a081ffd211b7c1805c667b695651]
[5:35:40 PM] [aPJVC#8] BotOnMnK: joined with identifiers [steam:11000014df460ff; license:06a61b4c40fc28c0a6e0a709ba99ffb637152b33; xbl:2535406023679221; live:1055518462074046; discord:1043623556015194112; fivem:9907274; license2:06a61b4c40fc28c0a6e0a709ba99ffb637152b33]
[5:36:33 PM] [aPJVC#7] Kamakazi Gamdom: said "/tp;m"
[5:41:04 PM] [aPJVC#5] BlazewolfV1: died from unknown by Kamakazi Gamdom
[5:42:25 PM] [aPJVC#7] Kamakazi Gamdom: died from suicide (Rammed by Vehicle)
[5:43:05 PM] [aPJVC#5] BlazewolfV1: disconnected (Exiting)
[5:43:39 PM] [aPJVC#9] BlazewolfV1: joined with identifiers [steam:11000014c0af4d6; license:034b4ec00b617ed260bdf85c4f38d0d808f19925; xbl:2535455258048430; live:844425001122073; discord:556116411886469143; fivem:7690152; license2:e463f58279a9da223bfce67240fdbedf17f5775e]
[5:44:56 PM] [aPJVC#8] BotOnMnK: died from suicide (Ranover by Vehicle)
[5:46:03 PM] [aPJVC#8] BotOnMnK: said "/give 8 100 ar_ammo"
[5:56:03 PM] [aPJVC#8] BotOnMnK: died from unknown by Kamakazi Gamdom
[5:56:16 PM] [aPJVC#9] BlazewolfV1: died from unknown by Kamakazi Gamdom
[5:56:25 PM] [aPJVC#7] Kamakazi Gamdom: said "/revivew"
[5:57:22 PM] [aPJVC#7] Kamakazi Gamdom: said "/ROBN"
[6:04:56 PM] [aPJVC#6] Nestl: disconnected ([txAdmin] Server restarting (requested by mjl1106).)
[6:04:56 PM] [aPJVC#8] BotOnMnK: disconnected ([txAdmin] Server restarting (requested by mjl1106).)
[6:04:56 PM] [aPJVC#7] Kamakazi Gamdom: disconnected ([txAdmin] Server restarting (requested by mjl1106).)
[6:04:56 PM] [aPJVC#9] BlazewolfV1: disconnected ([txAdmin] Server restarting (requested by mjl1106).)
[6:05:32 PM] txAdmin: Logger started
[6:06:42 PM] [E3hyC#1] BlazewolfV1: joined with identifiers [steam:11000014c0af4d6; license:034b4ec00b617ed260bdf85c4f38d0d808f19925; xbl:2535455258048430; live:844425001122073; discord:556116411886469143; fivem:7690152; license2:e463f58279a9da223bfce67240fdbedf17f5775e]
[6:06:51 PM] [E3hyC#2] Nestl: joined with identifiers [steam:110000149880bad; license:9daa0977f2ccf82e790d12610cf33fed5dacfed9; xbl:2535419590571835; live:914798558023613; discord:769967905973993482; fivem:7347046; license2:2cd768c619b24b0015ea596524ad491bca341df9]
[6:06:59 PM] [E3hyC#3] Kamakazi Gamdom: joined with identifiers [steam:11000010e87be4d; license:b27179133e8df658895ecd5f756db2a4a4c8cd08; xbl:2533275003431282; live:1829581607460581; discord:242888314108116992; fivem:11442758; license2:e1e3866f24a1a081ffd211b7c1805c667b695651]
[6:07:29 PM] [E3hyC#4] BotOnMnK: joined with identifiers [steam:11000014df460ff; license:06a61b4c40fc28c0a6e0a709ba99ffb637152b33; xbl:2535406023679221; live:1055518462074046; discord:1043623556015194112; fivem:9907274; license2:06a61b4c40fc28c0a6e0a709ba99ffb637152b33]
[6:10:36 PM] [E3hyC#1] BlazewolfV1: said "/hideHUD"
[6:13:11 PM] [E3hyC#4] BotOnMnK: died from Pistol by BlazewolfV1
[6:13:19 PM] [E3hyC#3] Kamakazi Gamdom: died from Pistol by BlazewolfV1
[6:14:06 PM] [E3hyC#4] BotOnMnK: died from Pump Shotgun by Kamakazi Gamdom
[6:14:30 PM] [E3hyC#1] BlazewolfV1: said "/mdw"
[6:18:15 PM] [E3hyC#4] BotOnMnK: died from Pistol by BlazewolfV1
[6:18:23 PM] [E3hyC#4] BotOnMnK: died from Pistol by BlazewolfV1
[6:23:27 PM] [E3hyC#2] Nestl: said "/hideHUD"
[6:26:09 PM] [E3hyC#3] Kamakazi Gamdom: said "/hideHUD"
[6:26:31 PM] [E3hyC#3] Kamakazi Gamdom: died from suicide (Falling)
[6:26:57 PM] [E3hyC#2] Nestl: died from suicide (Falling)
[6:27:12 PM] [E3hyC#2] Nestl: said "/panic"
[6:27:14 PM] [E3hyC#1] BlazewolfV1: said "/panic"
[6:28:14 PM] [E3hyC#5] Gaming: joined with identifiers [license:cb5cc9b99f5b53c656d60cc7ff0e5f68f364688f; xbl:2535417184814297; live:1055519330314964; discord:668792968165064735; fivem:11149236; license2:cb5cc9b99f5b53c656d60cc7ff0e5f68f364688f]
[6:29:31 PM] [E3hyC#3] Kamakazi Gamdom: died from Night Stick by Nestl
[6:29:32 PM] [E3hyC#2] Nestl: died from Night Stick by Kamakazi Gamdom
[6:29:35 PM] [E3hyC#3] Kamakazi Gamdom: died from Ranover by Vehicle by BlazewolfV1
[6:30:05 PM] [E3hyC#2] Nestl: died from Pistol by BlazewolfV1
[6:30:22 PM] [E3hyC#3] Kamakazi Gamdom: died from Pistol by BlazewolfV1
[6:30:32 PM] [E3hyC#1] BlazewolfV1: died from Pistol by Nestl
[6:30:50 PM] [E3hyC#1] BlazewolfV1: died from Pistol by Nestl
[6:31:44 PM] [E3hyC#1] BlazewolfV1: died from unknown by Nestl
[6:32:31 PM] [E3hyC#2] Nestl: died from unknown by BlazewolfV1
[6:32:41 PM] [E3hyC#2] Nestl: died from Pistol by BlazewolfV1
[6:33:20 PM] [E3hyC#2] Nestl: died from Pistol by BlazewolfV1
[6:34:10 PM] [E3hyC#3] Kamakazi Gamdom: said "/hideHUD"
[6:34:12 PM] [E3hyC#3] Kamakazi Gamdom: said "/hideHUD"
[6:34:14 PM] [E3hyC#3] Kamakazi Gamdom: said "/hideHUD"
[6:34:15 PM] [E3hyC#3] Kamakazi Gamdom: said "/hideHUD"
[6:34:16 PM] [E3hyC#3] Kamakazi Gamdom: said "/hideHUD"
[6:34:17 PM] [E3hyC#3] Kamakazi Gamdom: said "/hideHUD"
[6:35:43 PM] [E3hyC#2] Nestl: died from unknown by BlazewolfV1
[6:35:57 PM] [E3hyC#1] BlazewolfV1: died from suicide (Ranover by Vehicle)
[6:39:01 PM] [E3hyC#1] BlazewolfV1: said "/vet 1"
[6:40:09 PM] [E3hyC#3] Kamakazi Gamdom: said "/hideHUD"
[6:40:11 PM] [E3hyC#3] Kamakazi Gamdom: said "/hideHUD"
[6:40:11 PM] [E3hyC#3] Kamakazi Gamdom: said "/hideHUD"
[6:42:52 PM] [E3hyC#2] Nestl: said "/hideHUD"
[6:42:55 PM] [E3hyC#2] Nestl: disconnected (You have been banned.)
[6:43:24 PM] [E3hyC#1] BlazewolfV1: said "/hideHUD"
[6:43:27 PM] [E3hyC#1] BlazewolfV1: disconnected (You have been banned.)
[6:45:10 PM] [E3hyC#6] BlazewolfV1: joined with identifiers [steam:11000014c0af4d6; license:034b4ec00b617ed260bdf85c4f38d0d808f19925; xbl:2535455258048430; live:844425001122073; discord:556116411886469143; fivem:7690152; license2:e463f58279a9da223bfce67240fdbedf17f5775e]
[6:45:15 PM] [E3hyC#7] Nestl: joined with identifiers [steam:110000149880bad; license:9daa0977f2ccf82e790d12610cf33fed5dacfed9; xbl:2535419590571835; live:914798558023613; discord:769967905973993482; fivem:7347046; license2:2cd768c619b24b0015ea596524ad491bca341df9]
[6:47:43 PM] [E3hyC#3] Kamakazi Gamdom: said "/nocip"
[6:48:34 PM] [E3hyC#3] Kamakazi Gamdom: said "/hideHUD"
[6:49:02 PM] [E3hyC#6] BlazewolfV1: said "/hideHUD"
[6:49:06 PM] [E3hyC#6] BlazewolfV1: said "/hideHUD"
[6:49:09 PM] [E3hyC#6] BlazewolfV1: disconnected (You have been banned.)
[6:49:29 PM] [E3hyC#3] Kamakazi Gamdom: said "/dvb"
[6:50:09 PM] [E3hyC#8] BlazewolfV1: joined with identifiers [steam:11000014c0af4d6; license:034b4ec00b617ed260bdf85c4f38d0d808f19925; xbl:2535455258048430; live:844425001122073; discord:556116411886469143; fivem:7690152; license2:e463f58279a9da223bfce67240fdbedf17f5775e]
[6:51:24 PM] [E3hyC#4] BotOnMnK: caused an explosion (PLANE)
[6:51:24 PM] [E3hyC#4] BotOnMnK: died from suicide (Explosion)
[6:52:17 PM] [E3hyC#8] BlazewolfV1: disconnected (Exiting)
[6:55:20 PM] [E3hyC#5] Gaming: disconnected ([txAdmin] Server restarting (requested by mjl1106).)
[6:55:20 PM] [E3hyC#3] Kamakazi Gamdom: disconnected ([txAdmin] Server restarting (requested by mjl1106).)
[6:55:20 PM] [E3hyC#4] BotOnMnK: disconnected ([txAdmin] Server restarting (requested by mjl1106).)
[6:55:21 PM] [E3hyC#7] Nestl: disconnected ([txAdmin] Server restarting (requested by mjl1106).)
[6:55:56 PM] txAdmin: Logger started
[6:57:00 PM] [CHqfL#1] BotOnMnK: joined with identifiers [steam:11000014df460ff; license:06a61b4c40fc28c0a6e0a709ba99ffb637152b33; xbl:2535406023679221; live:1055518462074046; discord:1043623556015194112; fivem:9907274; license2:06a61b4c40fc28c0a6e0a709ba99ffb637152b33]
[6:57:19 PM] [CHqfL#2] Kamakazi Gamdom: joined with identifiers [steam:11000010e87be4d; license:b27179133e8df658895ecd5f756db2a4a4c8cd08; xbl:2533275003431282; live:1829581607460581; discord:242888314108116992; fivem:11442758; license2:e1e3866f24a1a081ffd211b7c1805c667b695651]
[6:57:21 PM] [CHqfL#3] BlazewolfV1: joined with identifiers [steam:11000014c0af4d6; license:034b4ec00b617ed260bdf85c4f38d0d808f19925; xbl:2535455258048430; live:844425001122073; discord:556116411886469143; fivem:7690152; license2:e463f58279a9da223bfce67240fdbedf17f5775e]
[6:57:50 PM] [CHqfL#4] Gaming: joined with identifiers [license:cb5cc9b99f5b53c656d60cc7ff0e5f68f364688f; xbl:2535417184814297; live:1055519330314964; discord:668792968165064735; fivem:11149236; license2:cb5cc9b99f5b53c656d60cc7ff0e5f68f364688f]
[6:59:43 PM] [CHqfL#3] BlazewolfV1: caused an explosion (TANKSHELL)
[6:59:51 PM] [CHqfL#3] BlazewolfV1: caused an explosion (TANKSHELL)
[6:59:51 PM] [CHqfL#1] BotOnMnK: caused an explosion (CAR)
[6:59:56 PM] [CHqfL#3] BlazewolfV1: caused an explosion (TANKSHELL)
[6:59:56 PM] [CHqfL#3] BlazewolfV1: died from suicide (Pistol)
[6:59:56 PM] [CHqfL#2] Kamakazi Gamdom: died from Pistol by BlazewolfV1
[7:00:09 PM] [CHqfL#2] Kamakazi Gamdom: said "/admion"
[7:00:22 PM] [CHqfL#3] BlazewolfV1: caused an explosion (TANKSHELL)
[7:00:23 PM] [CHqfL#2] Kamakazi Gamdom: died from Pistol by BlazewolfV1
[7:00:24 PM] [CHqfL#3] BlazewolfV1: caused an explosion (TANKSHELL)
[7:00:25 PM] [CHqfL#3] BlazewolfV1: caused an explosion (TANKSHELL)
[7:00:25 PM] [CHqfL#3] BlazewolfV1: caused an explosion (TANKSHELL)
[7:00:26 PM] [CHqfL#3] BlazewolfV1: caused an explosion (TANKSHELL)
[7:00:26 PM] [CHqfL#3] BlazewolfV1: caused an explosion (TANKSHELL)
[7:00:26 PM] [CHqfL#3] BlazewolfV1: caused an explosion (TANKSHELL)
[7:00:58 PM] [CHqfL#3] BlazewolfV1: caused an explosion (TANKSHELL)
[7:00:58 PM] [CHqfL#3] BlazewolfV1: caused an explosion (TANKSHELL)
[7:00:58 PM] [CHqfL#3] BlazewolfV1: caused an explosion (TANKSHELL)
[7:00:58 PM] [CHqfL#3] BlazewolfV1: caused an explosion (TANKSHELL)
[7:00:58 PM] [CHqfL#3] BlazewolfV1: caused an explosion (TANKSHELL)
[7:00:59 PM] [CHqfL#3] BlazewolfV1: caused an explosion (TANKSHELL)
[7:00:59 PM] [CHqfL#3] BlazewolfV1: caused an explosion (TANKSHELL)
[7:00:59 PM] [CHqfL#3] BlazewolfV1: caused an explosion (TANKSHELL)
[7:00:59 PM] [CHqfL#3] BlazewolfV1: caused an explosion (TANKSHELL)
[7:00:59 PM] [CHqfL#3] BlazewolfV1: caused an explosion (TANKSHELL)
[7:00:59 PM] [CHqfL#3] BlazewolfV1: caused an explosion (TANKSHELL)
[7:01:00 PM] [CHqfL#3] BlazewolfV1: caused an explosion (TANKSHELL)
[7:01:01 PM] [CHqfL#3] BlazewolfV1: disconnected (You have been banned.)
[7:01:17 PM] [CHqfL#2] Kamakazi Gamdom: died from Pistol by Gaming
[7:01:24 PM] [CHqfL#1] BotOnMnK: died from Pistol by Gaming
[7:01:56 PM] [CHqfL#5] Nestl: joined with identifiers [steam:110000149880bad; license:9daa0977f2ccf82e790d12610cf33fed5dacfed9; xbl:2535419590571835; live:914798558023613; discord:769967905973993482; fivem:7347046; license2:2cd768c619b24b0015ea596524ad491bca341df9]
[7:02:13 PM] [CHqfL#6] BlazewolfV1: joined with identifiers [steam:11000014c0af4d6; license:034b4ec00b617ed260bdf85c4f38d0d808f19925; xbl:2535455258048430; live:844425001122073; discord:556116411886469143; fivem:7690152; license2:e463f58279a9da223bfce67240fdbedf17f5775e]
[7:03:19 PM] [CHqfL#6] BlazewolfV1: died from Pistol by Nestl
[7:03:27 PM] [CHqfL#5] Nestl: died from Combat Pistol by BotOnMnK
[7:04:12 PM] [CHqfL#4] Gaming: died from Combat Pistol by BotOnMnK
[7:04:18 PM] [CHqfL#5] Nestl: died from Combat Pistol by BotOnMnK
[7:04:22 PM] [CHqfL#4] Gaming: died from unknown by Kamakazi Gamdom
[7:04:22 PM] [CHqfL#1] BotOnMnK: died from Carbine Rifle by BlazewolfV1
[7:04:28 PM] [CHqfL#2] Kamakazi Gamdom: died from Carbine Rifle by BlazewolfV1
[7:04:33 PM] [CHqfL#1] BotOnMnK: died from Carbine Rifle by BlazewolfV1
[7:04:42 PM] [CHqfL#6] BlazewolfV1: died from Combat Pistol by BotOnMnK
[7:05:01 PM] [CHqfL#2] Kamakazi Gamdom: said "/adminb"
[7:05:34 PM] [CHqfL#4] Gaming: died from Combat Pistol by BotOnMnK
[7:05:53 PM] [CHqfL#6] BlazewolfV1: said "/hideHUD"
[7:05:55 PM] [CHqfL#6] BlazewolfV1: disconnected (You have been banned.)
[7:07:48 PM] [CHqfL#7] BlazewolfV1: joined with identifiers [steam:11000014c0af4d6; license:034b4ec00b617ed260bdf85c4f38d0d808f19925; xbl:2535455258048430; live:844425001122073; discord:556116411886469143; fivem:7690152; license2:e463f58279a9da223bfce67240fdbedf17f5775e]
[7:08:17 PM] [CHqfL#5] Nestl: said "/hideHUD"
[7:09:05 PM] [CHqfL#7] BlazewolfV1: disconnected (Exiting)
[7:09:32 PM] [CHqfL#5] Nestl: said "/hideHUD"
[7:09:55 PM] [CHqfL#8] BlazewolfV1: joined with identifiers [steam:11000014c0af4d6; license:034b4ec00b617ed260bdf85c4f38d0d808f19925; xbl:2535455258048430; live:844425001122073; discord:556116411886469143; fivem:7690152; license2:e463f58279a9da223bfce67240fdbedf17f5775e]
[7:12:01 PM] [CHqfL#2] Kamakazi Gamdom: said "'/dv"
[7:12:48 PM] [CHqfL#2] Kamakazi Gamdom: said "/hideHUD"
[7:12:53 PM] [CHqfL#5] Nestl: died from Carbine Rifle by BlazewolfV1
[7:13:17 PM] [CHqfL#5] Nestl: died from Carbine Rifle by BlazewolfV1
[7:13:31 PM] [CHqfL#2] Kamakazi Gamdom: said "/hideHUD"
[7:14:12 PM] [CHqfL#5] Nestl: died from Ranover by Vehicle by Kamakazi Gamdom
[7:14:40 PM] [CHqfL#8] BlazewolfV1: died from Pistol by Gaming
[7:15:10 PM] [CHqfL#4] Gaming: died from unknown by Kamakazi Gamdom
[7:15:18 PM] [CHqfL#8] BlazewolfV1: died from Pistol by Nestl
[7:15:41 PM] [CHqfL#5] Nestl: said "/hideHUD"
[7:16:00 PM] [CHqfL#5] Nestl: said "/hideHUD"
[7:16:16 PM] [CHqfL#8] BlazewolfV1: died from Combat Pistol by BotOnMnK
[7:16:47 PM] [CHqfL#1] BotOnMnK: died from Ranover by Vehicle by Kamakazi Gamdom
[7:16:50 PM] [CHqfL#1] BotOnMnK: died from Ranover by Vehicle by Kamakazi Gamdom
[7:17:12 PM] [CHqfL#1] BotOnMnK: died from Machine Pistol by Kamakazi Gamdom
[7:17:57 PM] [CHqfL#4] Gaming: died from unknown by BotOnMnK
[7:18:27 PM] [CHqfL#4] Gaming: died from unknown by BotOnMnK
[7:18:56 PM] [CHqfL#4] Gaming: died from Combat Pistol by BotOnMnK
[7:19:24 PM] [CHqfL#4] Gaming: died from suicide (Ranover by Vehicle)
[7:20:14 PM] [CHqfL#4] Gaming: died from unknown by BlazewolfV1
[7:20:17 PM] [CHqfL#1] BotOnMnK: died from unknown by BlazewolfV1
[7:20:30 PM] [CHqfL#8] BlazewolfV1: died from Combat Pistol by BotOnMnK
[7:20:59 PM] [CHqfL#1] BotOnMnK: died from unknown by Gaming
[7:21:01 PM] [CHqfL#1] BotOnMnK: died from unknown by Gaming
[7:22:40 PM] [CHqfL#1] BotOnMnK: died from Pistol by Gaming
[7:22:43 PM] [CHqfL#1] BotOnMnK: died from Pistol by Gaming
[7:23:11 PM] [CHqfL#4] Gaming: died from Combat Pistol by BotOnMnK
[7:28:15 PM] [CHqfL#2] Kamakazi Gamdom: said "/hideHUD"
[7:28:33 PM] [CHqfL#2] Kamakazi Gamdom: said "/hideHUD"
[7:29:00 PM] [CHqfL#4] Gaming: died from Pistol by BlazewolfV1
[7:29:01 PM] [CHqfL#8] BlazewolfV1: died from Combat Pistol by BotOnMnK
[7:29:26 PM] [CHqfL#4] Gaming: died from Pistol by BlazewolfV1
[7:29:39 PM] [CHqfL#4] Gaming: died from Pistol by BlazewolfV1
[7:34:28 PM] [CHqfL#2] Kamakazi Gamdom: said "/givekey"
[7:34:35 PM] [CHqfL#2] Kamakazi Gamdom: said "/givekey"
[7:36:33 PM] [CHqfL#5] Nestl: disconnected (Game crashed: GTA5_b2944.exe!sub_141399E58 (0x89))
[7:38:06 PM] [CHqfL#9] Nestl: joined with identifiers [steam:110000149880bad; license:9daa0977f2ccf82e790d12610cf33fed5dacfed9; xbl:2535419590571835; live:914798558023613; discord:769967905973993482; fivem:7347046; license2:2cd768c619b24b0015ea596524ad491bca341df9]
[7:39:57 PM] [CHqfL#4] Gaming: died from suicide (Falling)
[7:40:14 PM] [CHqfL#9] Nestl: said "/gsr 1"
[7:41:59 PM] [CHqfL#1] BotOnMnK: died from suicide (Falling)
[7:42:06 PM] [CHqfL#4] Gaming: said "/GSR"
[7:44:25 PM] [CHqfL#8] BlazewolfV1: died from unknown by Kamakazi Gamdom
[7:47:02 PM] [CHqfL#1] BotOnMnK: said "/hideHUD"
[7:48:56 PM] [CHqfL#8] BlazewolfV1: died from suicide (Falling)
[7:51:48 PM] [CHqfL#1] BotOnMnK: died from Pistol by BlazewolfV1
[7:52:26 PM] [CHqfL#4] Gaming: died from Pistol by BlazewolfV1
[7:53:16 PM] [CHqfL#4] Gaming: died from Combat Pistol by BotOnMnK
[7:54:04 PM] [CHqfL#8] BlazewolfV1: died from unknown by BotOnMnK
[7:54:31 PM] [CHqfL#1] BotOnMnK: died from Pistol by BlazewolfV1
[7:56:55 PM] [CHqfL#1] BotOnMnK: died from Carbine Rifle by BlazewolfV1
[7:57:04 PM] [CHqfL#1] BotOnMnK: died from unknown by BlazewolfV1
[7:59:36 PM] [CHqfL#4] Gaming: died from Pistol by BlazewolfV1
[7:59:47 PM] [CHqfL#8] BlazewolfV1: died from unknown by BotOnMnK
[8:00:08 PM] [CHqfL#4] Gaming: died from unknown by BlazewolfV1
[8:00:14 PM] [CHqfL#4] Gaming: disconnected (Exiting)
[8:00:16 PM] [CHqfL#1] BotOnMnK: died from unknown by BlazewolfV1
[8:00:22 PM] [CHqfL#9] Nestl: died from Machine Pistol by Kamakazi Gamdom
[8:00:29 PM] [CHqfL#2] Kamakazi Gamdom: disconnected (Exiting)
[8:01:16 PM] [CHqfL#1] BotOnMnK: died from Pistol by BlazewolfV1
[8:03:30 PM] [CHqfL#8] BlazewolfV1: disconnected (Exiting)
[8:06:05 PM] [CHqfL#1] BotOnMnK: disconnected (Exiting)
[8:50:18 PM] [CHqfL#9] Nestl: disconnected (Exiting)
[9:30:28 PM] txAdmin: ((Broadcast) txAdmin): said "This server is scheduled to restart in 30 minutes."
[9:45:28 PM] txAdmin: ((Broadcast) txAdmin): said "This server is scheduled to restart in 15 minutes."
[9:50:28 PM] txAdmin: ((Broadcast) txAdmin): said "This server is scheduled to restart in 10 minutes."
[9:55:28 PM] txAdmin: ((Broadcast) txAdmin): said "This server is scheduled to restart in 5 minutes."
[9:56:28 PM] txAdmin: ((Broadcast) txAdmin): said "This server is scheduled to restart in 4 minutes."
[9:57:28 PM] txAdmin: ((Broadcast) txAdmin): said "This server is scheduled to restart in 3 minutes."
[9:58:28 PM] txAdmin: ((Broadcast) txAdmin): said "This server is scheduled to restart in 2 minutes."
[9:59:28 PM] txAdmin: ((Broadcast) txAdmin): said "This server is scheduled to restart in 1 minute. Please disconnect now."
[10:01:20 PM] txAdmin: Logger started
[11:21:12 PM] [ywbqm#1] BlazewolfV1: joined with identifiers [steam:11000014c0af4d6; license:034b4ec00b617ed260bdf85c4f38d0d808f19925; xbl:2535455258048430; live:844425001122073; discord:556116411886469143; fivem:7690152; license2:e463f58279a9da223bfce67240fdbedf17f5775e]
[11:26:32 PM] [ywbqm#1] BlazewolfV1: died from suicide (Falling)
[11:26:34 PM] [ywbqm#1] BlazewolfV1: disconnected (Exiting)
[11:26:58 PM] [ywbqm#2] BlazewolfV1: joined with identifiers [steam:11000014c0af4d6; license:034b4ec00b617ed260bdf85c4f38d0d808f19925; xbl:2535455258048430; live:844425001122073; discord:556116411886469143; fivem:7690152; license2:e463f58279a9da223bfce67240fdbedf17f5775e]
[11:40:19 PM] [ywbqm#2] BlazewolfV1: died from suicide (Falling)
[11:40:21 PM] [ywbqm#2] BlazewolfV1: disconnected (Exiting)
