
================================================================
======== Log Rotated - 3/31/2024, 12:00:00 AM                   
================================================================
[4:31:53 AM] [MQeN8#2] φοῖνιξ: joined with identifiers [steam:11000010ee88c01; license:ee681c08d9d45c48bf5af06870d7d23d75db16dc; xbl:2535430200613003; live:985158121988759; discord:305372052683096065; fivem:10488223; license2:ee681c08d9d45c48bf5af06870d7d23d75db16dc]
[5:08:02 AM] [MQeN8#3] PISSFLAPS: joined with identifiers [steam:11000014bb53aeb; license:e0893217ab0d40d6a510bcbfe1c9441b4a208a2b; discord:584024523989581834; fivem:8961289; license2:e0893217ab0d40d6a510bcbfe1c9441b4a208a2b]
[5:30:28 AM] txAdmin: ((Broadcast) txAdmin): said "This server is scheduled to restart in 30 minutes."
[5:34:15 AM] [MQeN8#3] PISSFLAPS: said "/hideHUD"
[5:40:53 AM] [MQeN8#3] PISSFLAPS: said "/max"
[5:45:28 AM] txAdmin: ((Broadcast) txAdmin): said "This server is scheduled to restart in 15 minutes."
[5:50:28 AM] txAdmin: ((Broadcast) txAdmin): said "This server is scheduled to restart in 10 minutes."
[5:55:29 AM] txAdmin: ((Broadcast) txAdmin): said "This server is scheduled to restart in 5 minutes."
[5:56:29 AM] txAdmin: ((Broadcast) txAdmin): said "This server is scheduled to restart in 4 minutes."
[5:57:29 AM] txAdmin: ((Broadcast) txAdmin): said "This server is scheduled to restart in 3 minutes."
[5:57:34 AM] [MQeN8#3] PISSFLAPS: disconnected (Exiting)
[5:57:47 AM] [MQeN8#2] φοῖνιξ: disconnected (Exiting)
[5:58:29 AM] txAdmin: ((Broadcast) txAdmin): said "This server is scheduled to restart in 2 minutes."
[5:59:28 AM] txAdmin: ((Broadcast) txAdmin): said "This server is scheduled to restart in 1 minute. Please disconnect now."
[6:01:00 AM] txAdmin: Logger started
[6:05:06 AM] [prAqx#1] PISSFLAPS: joined with identifiers [steam:11000014bb53aeb; license:e0893217ab0d40d6a510bcbfe1c9441b4a208a2b; discord:584024523989581834; fivem:8961289; license2:e0893217ab0d40d6a510bcbfe1c9441b4a208a2b]
[6:07:46 AM] [prAqx#2] φοῖνιξ: joined with identifiers [steam:11000010ee88c01; license:ee681c08d9d45c48bf5af06870d7d23d75db16dc; xbl:2535430200613003; live:985158121988759; discord:305372052683096065; fivem:10488223; license2:ee681c08d9d45c48bf5af06870d7d23d75db16dc]
[6:24:21 AM] [prAqx#3] Kody Pepperfield: joined with identifiers [steam:11000010c770c55; license:3219d00ad3af143df0db5d2bed38fe7460729e68; xbl:2535451109437060; live:1055521765014399; discord:152991330048540672; fivem:12674089; license2:3e576e238fb0360dab034daae9fc7459afbacb59]
[6:24:58 AM] [prAqx#3] Kody Pepperfield: disconnected (Game crashed: ntdll.dll!RtlReportFatalFailure (0x9))
[6:25:53 AM] [prAqx#4] Kody Pepperfield: joined with identifiers [steam:11000010c770c55; license:3219d00ad3af143df0db5d2bed38fe7460729e68; xbl:2535451109437060; live:1055521765014399; discord:152991330048540672; fivem:12674089; license2:3e576e238fb0360dab034daae9fc7459afbacb59]
[6:58:48 AM] [prAqx#1] PISSFLAPS: disconnected (Exiting)
[7:12:01 AM] [prAqx#4] Kody Pepperfield: disconnected (Exiting)
[7:48:37 AM] [prAqx#5] BotOnMnK: joined with identifiers [steam:11000014df460ff; license:06a61b4c40fc28c0a6e0a709ba99ffb637152b33; xbl:2535406023679221; live:1055518462074046; discord:1043623556015194112; fivem:9907274; license2:06a61b4c40fc28c0a6e0a709ba99ffb637152b33]
[7:54:51 AM] [prAqx#5] BotOnMnK: said "/hideHUD"
[7:58:07 AM] [prAqx#6] Esky: joined with identifiers [steam:110000131c93706; license:8dfbcb6dabf76f1c81aa91d421dc6c2ab1407ba6; xbl:2535436019694875; live:914798270695886; discord:350771731708772354; fivem:11993654; license2:8dfbcb6dabf76f1c81aa91d421dc6c2ab1407ba6]
[8:06:06 AM] [prAqx#7] Anne Flank: joined with identifiers [steam:1100001097e125b; license:a938a74170975c01e88f463aea01684a16f28545; xbl:2535409246266710; live:1899947325711585; discord:293157047682465793; license2:9eb41e0279fe15e33ff86440bafc2105d3b78f01]
[8:25:34 AM] [prAqx#8] MJL: joined with identifiers [steam:1100001324fa523; license:ec6c328d6d02f816bf13e4a9d09768c02d6e3125; xbl:2535415531070562; live:1055522508602522; discord:213410953641852928; fivem:2586828]
[8:31:19 AM] [prAqx#2] φοῖνιξ: disconnected (Exiting)
[8:40:36 AM] [prAqx#9] JOSH: joined with identifiers [steam:1100001438fe567; license:b6284c20b4ad2c41c48d4a31859b65ae2a417ec8; discord:405075418769522708; fivem:12124231; license2:b6284c20b4ad2c41c48d4a31859b65ae2a417ec8]
[9:20:35 AM] [prAqx#10] φοῖνιξ: joined with identifiers [steam:11000010ee88c01; license:ee681c08d9d45c48bf5af06870d7d23d75db16dc; xbl:2535430200613003; live:985158121988759; discord:305372052683096065; fivem:10488223; license2:ee681c08d9d45c48bf5af06870d7d23d75db16dc]
[9:27:18 AM] [prAqx#9] JOSH: disconnected (Exiting)
[9:28:06 AM] [prAqx#7] Anne Flank: disconnected (Game crashed: d3d11.dll!??$TID3D11DeviceContext_SetShaderResources_@$00$03@CContext@@SAXPEAUID3D11DeviceContext5@@IIPEBQEAUID3D11ShaderResourceView@@@Z (0x13e))
[9:28:50 AM] [prAqx#11] Anne Flank: joined with identifiers [steam:1100001097e125b; license:a938a74170975c01e88f463aea01684a16f28545; xbl:2535409246266710; live:1899947325711585; discord:293157047682465793; license2:9eb41e0279fe15e33ff86440bafc2105d3b78f01]
[9:29:52 AM] [prAqx#11] Anne Flank: disconnected (Exiting)
[9:30:15 AM] [prAqx#12] Anne Flank: joined with identifiers [steam:1100001097e125b; license:a938a74170975c01e88f463aea01684a16f28545; xbl:2535409246266710; live:1899947325711585; discord:293157047682465793; license2:9eb41e0279fe15e33ff86440bafc2105d3b78f01]
[9:31:42 AM] [prAqx#13] JOSH: joined with identifiers [steam:1100001438fe567; license:b6284c20b4ad2c41c48d4a31859b65ae2a417ec8; discord:405075418769522708; fivem:12124231; license2:b6284c20b4ad2c41c48d4a31859b65ae2a417ec8]
[9:43:56 AM] [prAqx#5] BotOnMnK: disconnected (Exiting)
[9:46:57 AM] [prAqx#13] JOSH: disconnected (Exiting)
[9:48:56 AM] [prAqx#14] JOSH: joined with identifiers [steam:1100001438fe567; license:b6284c20b4ad2c41c48d4a31859b65ae2a417ec8; discord:405075418769522708; fivem:12124231; license2:b6284c20b4ad2c41c48d4a31859b65ae2a417ec8]
[9:50:42 AM] [prAqx#14] JOSH: disconnected (Exiting)
[9:56:21 AM] [prAqx#15] JOSH: joined with identifiers [steam:1100001438fe567; license:b6284c20b4ad2c41c48d4a31859b65ae2a417ec8; discord:405075418769522708; fivem:12124231; license2:b6284c20b4ad2c41c48d4a31859b65ae2a417ec8]
[10:02:50 AM] [prAqx#8] MJL: disconnected (Exiting)
[10:03:20 AM] [prAqx#16] MJL: joined with identifiers [steam:1100001324fa523; license:ec6c328d6d02f816bf13e4a9d09768c02d6e3125; xbl:2535415531070562; live:1055522508602522; discord:213410953641852928; fivem:2586828]
[10:05:56 AM] [prAqx#12] Anne Flank: died from suicide (Falling)
[10:07:49 AM] [prAqx#17] Kody Pepperfield: joined with identifiers [steam:11000010c770c55; license:3219d00ad3af143df0db5d2bed38fe7460729e68; xbl:2535451109437060; live:1055521765014399; discord:152991330048540672; fivem:12674089; license2:3e576e238fb0360dab034daae9fc7459afbacb59]
[10:08:40 AM] [prAqx#18] PISSFLAPS: joined with identifiers [steam:11000014bb53aeb; license:e0893217ab0d40d6a510bcbfe1c9441b4a208a2b; discord:584024523989581834; fivem:8961289; license2:e0893217ab0d40d6a510bcbfe1c9441b4a208a2b]
[10:08:47 AM] [prAqx#16] MJL: disconnected (Exiting)
[10:09:33 AM] [prAqx#19] MJL: joined with identifiers [steam:1100001324fa523; license:ec6c328d6d02f816bf13e4a9d09768c02d6e3125; xbl:2535415531070562; live:1055522508602522; discord:213410953641852928; fivem:2586828]
[10:11:28 AM] [prAqx#19] MJL: died from Heavy Pistol by JOSH
[10:11:47 AM] [prAqx#19] MJL: said "/hideHUD"
[10:11:57 AM] [prAqx#19] MJL: said "/hideHUD"
[10:11:57 AM] [prAqx#19] MJL: said "/hideHUD"
[10:12:16 AM] [prAqx#19] MJL: said "/hideHUD"
[10:12:28 AM] [prAqx#19] MJL: said "/hideHUD"
[10:12:48 AM] [prAqx#20] Kamakazi Gamdom: joined with identifiers [steam:11000010e87be4d; license:b27179133e8df658895ecd5f756db2a4a4c8cd08; xbl:2533275003431282; live:1829581607460581; discord:242888314108116992; fivem:11442758; license2:e1e3866f24a1a081ffd211b7c1805c667b695651]
[10:13:53 AM] [prAqx#20] Kamakazi Gamdom: died from suicide (Falling)
[10:14:28 AM] [prAqx#20] Kamakazi Gamdom: said "/hideHUD"
[10:15:01 AM] [prAqx#21] PenisArms: joined with identifiers [steam:110000106663fee; license:75e8fff053fc2515d532d832f72b89caf96b5dba; live:844428493592648; discord:397099226359660555; license2:a0ef5f5967f43def5862fa6b71986903d18c3003]
[10:17:48 AM] [prAqx#15] JOSH: died from unknown by Kamakazi Gamdom
[10:18:17 AM] [prAqx#15] JOSH: died from Knife by Kamakazi Gamdom
[10:18:37 AM] [prAqx#17] Kody Pepperfield: died from Revolver by Kamakazi Gamdom
[10:21:14 AM] [prAqx#6] Esky: disconnected (Game crashed: GTA5_b2699.exe!_setSamplersForPixelShader (0x89))
[10:21:21 AM] [prAqx#15] JOSH: died from Revolver by Kamakazi Gamdom
[10:21:25 AM] [prAqx#21] PenisArms: disconnected (Server->client connection timed out. Pending commands: 158.	Command list:	QBCore:Client:TriggerCallback (34286 B, 17154 msec ago)	prospecting:setTargetPool (11138 B, 17154 msec ago)	__ox_cb_flight-houserobbery (11090 B, 17154 msec ago)	QBCore:Player:SetPlayerData (2653 B, 17154 msec ago)	QBCore:Client:TriggerCallback (2444 B, 17154 msec ago)	QBCore:Client:TriggerCallback (2262 B, 17154 msec ago)	QBCore:Client:TriggerCallback (900 B, 17154 msec ago)	)
[10:21:51 AM] [prAqx#15] JOSH: died from Pistol by Kody Pepperfield
[10:22:04 AM] [prAqx#15] JOSH: died from Pistol by Kamakazi Gamdom
[10:22:33 AM] [prAqx#22] Esky: joined with identifiers [steam:110000131c93706; license:8dfbcb6dabf76f1c81aa91d421dc6c2ab1407ba6; xbl:2535436019694875; live:914798270695886; discord:350771731708772354; fivem:11993654; license2:8dfbcb6dabf76f1c81aa91d421dc6c2ab1407ba6]
[10:23:21 AM] [prAqx#15] JOSH: died from Pistol by Kody Pepperfield
[10:23:34 AM] [prAqx#23] PenisArms: joined with identifiers [steam:110000106663fee; license:75e8fff053fc2515d532d832f72b89caf96b5dba; live:844428493592648; discord:397099226359660555; license2:a0ef5f5967f43def5862fa6b71986903d18c3003]
[10:24:51 AM] [prAqx#20] Kamakazi Gamdom: said "/hideHUD"
[10:25:03 AM] [prAqx#15] JOSH: died from Ranover by Vehicle by PISSFLAPS
[10:25:12 AM] [prAqx#15] JOSH: died from Ranover by Vehicle by PISSFLAPS
[10:26:24 AM] [prAqx#20] Kamakazi Gamdom: said "/hideHUD"
[10:27:16 AM] [prAqx#20] Kamakazi Gamdom: said "/S"
[10:28:00 AM] [prAqx#24] BotOnMnK: joined with identifiers [steam:11000014df460ff; license:06a61b4c40fc28c0a6e0a709ba99ffb637152b33; xbl:2535406023679221; live:1055518462074046; discord:1043623556015194112; fivem:9907274; license2:06a61b4c40fc28c0a6e0a709ba99ffb637152b33]
[10:29:46 AM] [prAqx#24] BotOnMnK: died from Ranover by Vehicle by PISSFLAPS
[10:30:21 AM] [prAqx#24] BotOnMnK: died from suicide
[10:34:06 AM] [prAqx#25] zoom: joined with identifiers [steam:1100001445f3d8b; license:9ad75b0b7e9938320646cd632f026a1ded621e36; xbl:2535447518451339; live:985154767554358; discord:1055973336842248403; fivem:10164198; license2:9ad75b0b7e9938320646cd632f026a1ded621e36]
[10:35:58 AM] [prAqx#20] Kamakazi Gamdom: said "/admin\"
[10:37:58 AM] [prAqx#18] PISSFLAPS: said "/fixa"
[10:39:41 AM] [prAqx#19] MJL: disconnected (Exiting)
[10:40:16 AM] [prAqx#20] Kamakazi Gamdom: said "/adminb"
[10:44:23 AM] [prAqx#24] BotOnMnK: said "/hideHUD"
[10:46:10 AM] [prAqx#20] Kamakazi Gamdom: said "/dcv"
[10:46:12 AM] [prAqx#20] Kamakazi Gamdom: said "/hideHUD"
[10:48:06 AM] [prAqx#22] Esky: disconnected (Exiting)
[10:50:39 AM] [prAqx#26] Esky: joined with identifiers [steam:110000131c93706; license:8dfbcb6dabf76f1c81aa91d421dc6c2ab1407ba6; xbl:2535436019694875; live:914798270695886; discord:350771731708772354; fivem:11993654; license2:8dfbcb6dabf76f1c81aa91d421dc6c2ab1407ba6]
[10:52:13 AM] [prAqx#23] PenisArms: said "/sit"
[10:58:04 AM] [prAqx#25] zoom: said "/hideHUD"
[10:59:51 AM] [prAqx#15] JOSH: died from suicide (Falling)
[11:02:57 AM] [prAqx#25] zoom: died from suicide (Falling)
[11:05:15 AM] [prAqx#18] PISSFLAPS: said "/ficx"
[11:10:15 AM] [prAqx#23] PenisArms: died from suicide (Falling)
[11:10:57 AM] [prAqx#27] MJL: joined with identifiers [steam:1100001324fa523; license:ec6c328d6d02f816bf13e4a9d09768c02d6e3125; xbl:2535415531070562; live:1055522508602522; discord:213410953641852928; fivem:2586828]
[11:11:10 AM] [prAqx#20] Kamakazi Gamdom: said "/hideHUD"
[11:12:04 AM] [prAqx#17] Kody Pepperfield: said "/hideHUD"
[11:19:34 AM] [prAqx#23] PenisArms: disconnected (Exiting)
[11:24:27 AM] [prAqx#10] φοῖνιξ: disconnected (Exiting)
[11:34:06 AM] [prAqx#20] Kamakazi Gamdom: caused an explosion (GRENADE)
[11:36:41 AM] [prAqx#28] φοῖνιξ: joined with identifiers [steam:11000010ee88c01; license:ee681c08d9d45c48bf5af06870d7d23d75db16dc; xbl:2535430200613003; live:985158121988759; discord:305372052683096065; fivem:10488223; license2:ee681c08d9d45c48bf5af06870d7d23d75db16dc]
[11:37:01 AM] [prAqx#25] zoom: died from suicide (Falling)
[11:38:54 AM] [prAqx#15] JOSH: died from suicide (Ranover by Vehicle)
[11:39:19 AM] [prAqx#25] zoom: said "/hideHUD"
[11:47:19 AM] [prAqx#18] PISSFLAPS: died from Night Stick by Kody Pepperfield
[11:51:08 AM] [prAqx#18] PISSFLAPS: died from unknown by Kody Pepperfield
[11:51:37 AM] [prAqx#18] PISSFLAPS: died from Pump Shotgun by Kamakazi Gamdom
[11:51:47 AM] [prAqx#18] PISSFLAPS: died from Pump Shotgun by Kamakazi Gamdom
[11:52:09 AM] [prAqx#25] zoom: died from Revolver by Kamakazi Gamdom
[11:55:32 AM] [prAqx#15] JOSH: disconnected (Exiting)
[11:57:32 AM] [prAqx#26] Esky: disconnected (Exiting)
[11:58:52 AM] [prAqx#29] dont get salty: joined with identifiers [steam:11000011c2c6619; license:5840e2356d57b9dbc96bdcd214ce4824582e6e0c; discord:364167998279516161; fivem:10728615; license2:5840e2356d57b9dbc96bdcd214ce4824582e6e0c]
[11:59:12 AM] [prAqx#20] Kamakazi Gamdom: said "FIX"
[12:00:15 PM] [prAqx#18] PISSFLAPS: died from Revolver by Kamakazi Gamdom
[12:00:35 PM] [prAqx#18] PISSFLAPS: died from Pistol by zoom
[12:00:47 PM] [prAqx#25] zoom: died from suicide (Falling)
[12:01:02 PM] [prAqx#25] zoom: died from suicide (Falling)
[12:03:58 PM] [prAqx#25] zoom: disconnected (Game crashed: GTA5_b2699.exe!_setSamplersForPixelShader (0x89))
[12:05:18 PM] [prAqx#18] PISSFLAPS: said "fix"
[12:08:35 PM] [prAqx#17] Kody Pepperfield: died from unknown by PISSFLAPS
[12:09:05 PM] [prAqx#30] zoom: joined with identifiers [steam:1100001445f3d8b; license:9ad75b0b7e9938320646cd632f026a1ded621e36; xbl:2535447518451339; live:985154767554358; discord:1055973336842248403; fivem:10164198; license2:9ad75b0b7e9938320646cd632f026a1ded621e36]
[12:12:52 PM] [prAqx#12] Anne Flank: disconnected (Exiting)
[12:20:16 PM] [prAqx#30] zoom: said "/carry"
[12:27:47 PM] [prAqx#30] zoom: died from unknown by Kody Pepperfield
[12:27:50 PM] [prAqx#20] Kamakazi Gamdom: died from unknown by Kody Pepperfield
[12:28:15 PM] [prAqx#17] Kody Pepperfield: died from Pistol by Kamakazi Gamdom
[12:29:14 PM] [prAqx#30] zoom: died from Revolver by Kamakazi Gamdom
[12:31:56 PM] [prAqx#30] zoom: died from Pump Shotgun by Kamakazi Gamdom
[12:31:56 PM] [prAqx#28] φοῖνιξ: said "/refreshskim"
[12:31:58 PM] [prAqx#17] Kody Pepperfield: died from Pump Shotgun by Kamakazi Gamdom
[12:32:32 PM] [prAqx#30] zoom: died from Pistol by Kody Pepperfield
[12:32:34 PM] [prAqx#17] Kody Pepperfield: died from Pump Shotgun by Kamakazi Gamdom
[12:33:15 PM] [prAqx#28] φοῖνιξ: disconnected (Exiting)
[12:34:02 PM] [prAqx#31] φοῖνιξ: joined with identifiers [steam:11000010ee88c01; license:ee681c08d9d45c48bf5af06870d7d23d75db16dc; xbl:2535430200613003; live:985158121988759; discord:305372052683096065; fivem:10488223; license2:ee681c08d9d45c48bf5af06870d7d23d75db16dc]
[12:38:10 PM] [prAqx#18] PISSFLAPS: said "fix"
[12:39:15 PM] [prAqx#18] PISSFLAPS: said "fix"
[12:39:38 PM] [prAqx#24] BotOnMnK: died from suicide
[12:39:49 PM] [prAqx#30] zoom: died from Revolver by Kamakazi Gamdom
[12:40:23 PM] [prAqx#17] Kody Pepperfield: died from suicide
[12:40:29 PM] [prAqx#20] Kamakazi Gamdom: said "/hideHUD"
[12:40:50 PM] [prAqx#30] zoom: disconnected (Exiting)
[12:42:19 PM] [prAqx#24] BotOnMnK: died from suicide (Falling)
[12:46:06 PM] [prAqx#20] Kamakazi Gamdom: said "/hideHUD"
[12:47:17 PM] [prAqx#18] PISSFLAPS: said "/noclup"
[12:54:11 PM] [prAqx#24] BotOnMnK: died from suicide (Falling)
[12:56:21 PM] [prAqx#31] φοῖνιξ: died from suicide (Falling)
[1:01:17 PM] [prAqx#32] JOSH: joined with identifiers [steam:1100001438fe567; license:b6284c20b4ad2c41c48d4a31859b65ae2a417ec8; discord:405075418769522708; fivem:12124231; license2:b6284c20b4ad2c41c48d4a31859b65ae2a417ec8]
[1:02:02 PM] [prAqx#18] PISSFLAPS: said "fix"
[1:06:37 PM] [prAqx#18] PISSFLAPS: said "tpm"
[1:07:41 PM] [prAqx#18] PISSFLAPS: said "tpm"
[1:08:26 PM] [prAqx#18] PISSFLAPS: said "fix"
[1:16:09 PM] [prAqx#32] JOSH: died from unknown by PISSFLAPS
[1:16:42 PM] [prAqx#31] φοῖνιξ: died from Knife by BotOnMnK
[1:19:05 PM] [prAqx#32] JOSH: died from Knife by BotOnMnK
[1:19:58 PM] [prAqx#20] Kamakazi Gamdom: died from unknown by PISSFLAPS
[1:20:42 PM] [prAqx#20] Kamakazi Gamdom: caused an explosion (GRENADE)
[1:20:55 PM] [prAqx#20] Kamakazi Gamdom: died from Heavy Pistol by JOSH
[1:21:28 PM] [prAqx#32] JOSH: died from Pump Shotgun by Kamakazi Gamdom
[1:22:04 PM] [prAqx#32] JOSH: died from Pump Shotgun by Kamakazi Gamdom
[1:23:29 PM] [prAqx#17] Kody Pepperfield: died from unknown by PISSFLAPS
[1:28:19 PM] [prAqx#18] PISSFLAPS: said "fix"
[1:30:09 PM] [prAqx#20] Kamakazi Gamdom: died from Combat Pistol by BotOnMnK
[1:30:38 PM] txAdmin: ((Broadcast) txAdmin): said "This server is scheduled to restart in 30 minutes."
[1:31:23 PM] [prAqx#17] Kody Pepperfield: died from Combat Pistol by BotOnMnK
[1:31:30 PM] [prAqx#20] Kamakazi Gamdom: died from unknown by PISSFLAPS
[1:31:50 PM] [prAqx#29] dont get salty: died from unknown by PISSFLAPS
[1:31:58 PM] [prAqx#18] PISSFLAPS: said "/steal"
[1:32:16 PM] [prAqx#32] JOSH: died from suicide (Falling)
[1:32:53 PM] [prAqx#24] BotOnMnK: said "/secort"
[1:36:34 PM] [prAqx#27] MJL: disconnected (Exiting)
[1:37:28 PM] [prAqx#24] BotOnMnK: died from Revolver by Kamakazi Gamdom
[1:38:07 PM] [prAqx#17] Kody Pepperfield: died from Heavy Pistol by JOSH
[1:38:34 PM] [prAqx#32] JOSH: died from Revolver by Kamakazi Gamdom
[1:39:23 PM] [prAqx#18] PISSFLAPS: died from Revolver by Kamakazi Gamdom
[1:39:36 PM] [prAqx#33] Esky: joined with identifiers [steam:110000131c93706; license:8dfbcb6dabf76f1c81aa91d421dc6c2ab1407ba6; xbl:2535436019694875; live:914798270695886; discord:350771731708772354; fivem:11993654; license2:8dfbcb6dabf76f1c81aa91d421dc6c2ab1407ba6]
[1:41:22 PM] [prAqx#18] PISSFLAPS: said "admin"
[1:45:38 PM] txAdmin: ((Broadcast) txAdmin): said "This server is scheduled to restart in 15 minutes."
[1:45:57 PM] [prAqx#29] dont get salty: said "/hideHUD"
[1:46:07 PM] [prAqx#33] Esky: said "/-gearUp"
[1:46:09 PM] [prAqx#33] Esky: said "/-gearUp"
[1:46:14 PM] [prAqx#33] Esky: said "/-gearUp"
[1:46:14 PM] [prAqx#33] Esky: said "/-gearDown"
[1:46:15 PM] [prAqx#33] Esky: said "/-gearUp"
[1:46:20 PM] [prAqx#33] Esky: said "/-gearDown"
[1:46:33 PM] [prAqx#33] Esky: said "/-gearUp"
[1:47:17 PM] [prAqx#33] Esky: said "/-gearUp"
[1:47:53 PM] [prAqx#31] φοῖνιξ: died from Heavy Pistol by Kody Pepperfield
[1:48:33 PM] [prAqx#29] dont get salty: died from Heavy Pistol by PISSFLAPS
[1:48:41 PM] [prAqx#29] dont get salty: said "/panic"
[1:48:43 PM] [prAqx#33] Esky: said "/-gearDown"
[1:48:44 PM] [prAqx#33] Esky: said "/-gearDown"
[1:48:49 PM] [prAqx#24] BotOnMnK: died from Heavy Pistol by Kody Pepperfield
[1:49:08 PM] [prAqx#17] Kody Pepperfield: died from Heavy Pistol by PISSFLAPS
[1:49:21 PM] [prAqx#17] Kody Pepperfield: died from Heavy Pistol by PISSFLAPS
[1:49:22 PM] [prAqx#33] Esky: said "/-gearUp"
[1:49:44 PM] [prAqx#33] Esky: said "/-gearUp"
[1:49:58 PM] [prAqx#24] BotOnMnK: said "ems"
[1:50:18 PM] [prAqx#20] Kamakazi Gamdom: died from Heavy Pistol by JOSH
[1:50:38 PM] txAdmin: ((Broadcast) txAdmin): said "This server is scheduled to restart in 10 minutes."
[1:51:03 PM] [prAqx#33] Esky: said "/-gearDown"
[1:51:04 PM] [prAqx#33] Esky: said "/-gearDown"
[1:51:05 PM] [prAqx#33] Esky: said "/-gearUp"
[1:51:32 PM] [prAqx#33] Esky: said "/-gearDown"
[1:51:35 PM] [prAqx#33] Esky: said "/-gearDown"
[1:52:12 PM] [prAqx#34] Mr_Green: joined with identifiers [steam:110000117f12b1a; license:8cb9f8548eb4c7764c77849cfa2ff397ec016f08; xbl:2535433922801834; live:985153858977618; discord:322443072233537556; fivem:10498222; license2:6dd94f8afb9d56223c4c530061c5ab1316c72c1c]
[1:52:48 PM] [prAqx#18] PISSFLAPS: died from Pistol by Kamakazi Gamdom
[1:52:53 PM] [prAqx#17] Kody Pepperfield: died from Pistol by Kamakazi Gamdom
[1:52:54 PM] [prAqx#33] Esky: said "/-gearUp"
[1:52:58 PM] [prAqx#24] BotOnMnK: died from Pistol by Kamakazi Gamdom
[1:54:16 PM] [prAqx#31] φοῖνιξ: died from unknown by Kody Pepperfield
[1:54:20 PM] [prAqx#17] Kody Pepperfield: died from Knife by BotOnMnK
[1:55:01 PM] [prAqx#17] Kody Pepperfield: died from Revolver by Kamakazi Gamdom
[1:55:39 PM] txAdmin: ((Broadcast) txAdmin): said "This server is scheduled to restart in 5 minutes."
[1:55:52 PM] [prAqx#20] Kamakazi Gamdom: disconnected (Exiting)
[1:56:03 PM] [prAqx#29] dont get salty: died from suicide (Falling)
[1:56:04 PM] [prAqx#17] Kody Pepperfield: disconnected (Exiting)
[1:56:06 PM] [prAqx#32] JOSH: disconnected (Exiting)
[1:56:06 PM] [prAqx#29] dont get salty: disconnected (Disconnected.)
[1:56:08 PM] [prAqx#34] Mr_Green: disconnected (Exiting)
[1:56:13 PM] [prAqx#31] φοῖνιξ: disconnected (Exiting)
[1:56:16 PM] [prAqx#18] PISSFLAPS: disconnected (Exiting)
[1:56:18 PM] [prAqx#24] BotOnMnK: disconnected (Exiting)
[1:56:38 PM] txAdmin: ((Broadcast) txAdmin): said "This server is scheduled to restart in 4 minutes."
[1:57:05 PM] [prAqx#33] Esky: said "/-gearUp"
[1:57:38 PM] txAdmin: ((Broadcast) txAdmin): said "This server is scheduled to restart in 3 minutes."
[1:57:45 PM] [prAqx#35] JOSH: joined with identifiers [steam:1100001438fe567; license:b6284c20b4ad2c41c48d4a31859b65ae2a417ec8; discord:405075418769522708; fivem:12124231; license2:b6284c20b4ad2c41c48d4a31859b65ae2a417ec8]
[1:58:38 PM] txAdmin: ((Broadcast) txAdmin): said "This server is scheduled to restart in 2 minutes."
[1:58:53 PM] [prAqx#33] Esky: disconnected (Exiting)
[1:59:30 PM] [prAqx#35] JOSH: disconnected (Exiting)
[1:59:38 PM] txAdmin: ((Broadcast) txAdmin): said "This server is scheduled to restart in 1 minute. Please disconnect now."
[2:04:05 PM] txAdmin: Logger started
[2:04:46 PM] [UCMp9#1] φοῖνιξ: joined with identifiers [steam:11000010ee88c01; license:ee681c08d9d45c48bf5af06870d7d23d75db16dc; xbl:2535430200613003; live:985158121988759; discord:305372052683096065; fivem:10488223; license2:ee681c08d9d45c48bf5af06870d7d23d75db16dc]
[2:04:50 PM] [UCMp9#2] Kamakazi Gamdom: joined with identifiers [steam:11000010e87be4d; license:b27179133e8df658895ecd5f756db2a4a4c8cd08; xbl:2533275003431282; live:1829581607460581; discord:242888314108116992; fivem:11442758; license2:e1e3866f24a1a081ffd211b7c1805c667b695651]
[2:05:03 PM] [UCMp9#3] PenisArms: joined with identifiers [steam:110000106663fee; license:75e8fff053fc2515d532d832f72b89caf96b5dba; live:844428493592648; discord:397099226359660555; license2:a0ef5f5967f43def5862fa6b71986903d18c3003]
[2:06:02 PM] [UCMp9#4] Mr_Green: joined with identifiers [steam:110000117f12b1a; license:8cb9f8548eb4c7764c77849cfa2ff397ec016f08; xbl:2535433922801834; live:985153858977618; discord:322443072233537556; fivem:10498222; license2:6dd94f8afb9d56223c4c530061c5ab1316c72c1c]
[2:06:06 PM] [UCMp9#5] JOSH: joined with identifiers [steam:1100001438fe567; license:b6284c20b4ad2c41c48d4a31859b65ae2a417ec8; discord:405075418769522708; fivem:12124231; license2:b6284c20b4ad2c41c48d4a31859b65ae2a417ec8]
[2:06:08 PM] [UCMp9#2] Kamakazi Gamdom: said "/hideHUD"
[2:06:09 PM] [UCMp9#2] Kamakazi Gamdom: said "/hideHUD"
[2:06:09 PM] [UCMp9#2] Kamakazi Gamdom: said "/hideHUD"
[2:06:10 PM] [UCMp9#2] Kamakazi Gamdom: said "/hideHUD"
[2:06:12 PM] [UCMp9#2] Kamakazi Gamdom: said "/hideHUD"
[2:06:55 PM] [UCMp9#2] Kamakazi Gamdom: said "/hideHUD"
[2:06:56 PM] [UCMp9#2] Kamakazi Gamdom: said "/hideHUD"
[2:06:57 PM] [UCMp9#2] Kamakazi Gamdom: said "/hideHUD"
[2:07:03 PM] [UCMp9#2] Kamakazi Gamdom: said "/hideHUD"
[2:07:03 PM] [UCMp9#2] Kamakazi Gamdom: said "/hideHUD"
[2:07:06 PM] [UCMp9#2] Kamakazi Gamdom: said "/hideHUD"
[2:07:10 PM] [UCMp9#2] Kamakazi Gamdom: said "/hideHUD"
[2:07:10 PM] [UCMp9#2] Kamakazi Gamdom: said "/hideHUD"
[2:07:12 PM] [UCMp9#2] Kamakazi Gamdom: said "/hideHUD"
[2:07:13 PM] [UCMp9#2] Kamakazi Gamdom: said "/hideHUD"
[2:07:13 PM] [UCMp9#2] Kamakazi Gamdom: said "/hideHUD"
[2:08:02 PM] [UCMp9#2] Kamakazi Gamdom: said "/hideHUD"
[2:08:02 PM] [UCMp9#2] Kamakazi Gamdom: said "/hideHUD"
[2:08:12 PM] [UCMp9#6] Prime: joined with identifiers [steam:11000010ca11a3e; license:f7dcdb2337cb359eab1d01dbb378da219cffa61c; xbl:2535470342658869; live:1829581630186829; discord:218191942377406464; fivem:3083043; license2:6fb7e6793c6bdcdc1e0c5f9b3ab6accd839e0285]
[2:08:17 PM] [UCMp9#7] Kody Pepperfield: joined with identifiers [steam:11000010c770c55; license:3219d00ad3af143df0db5d2bed38fe7460729e68; xbl:2535451109437060; live:1055521765014399; discord:152991330048540672; fivem:12674089; license2:3e576e238fb0360dab034daae9fc7459afbacb59]
[2:08:45 PM] [UCMp9#4] Mr_Green: said "/hideHUD"
[2:12:16 PM] [UCMp9#5] JOSH: died from suicide (Falling)
[2:12:45 PM] [UCMp9#8] PISSFLAPS: joined with identifiers [steam:11000014bb53aeb; license:e0893217ab0d40d6a510bcbfe1c9441b4a208a2b; discord:584024523989581834; fivem:8961289; license2:e0893217ab0d40d6a510bcbfe1c9441b4a208a2b]
[2:13:37 PM] [UCMp9#9] BotOnMnK: joined with identifiers [steam:11000014df460ff; license:06a61b4c40fc28c0a6e0a709ba99ffb637152b33; xbl:2535406023679221; live:1055518462074046; discord:1043623556015194112; fivem:9907274; license2:06a61b4c40fc28c0a6e0a709ba99ffb637152b33]
[2:14:05 PM] [UCMp9#8] PISSFLAPS: said "dmin"
[2:23:31 PM] [UCMp9#6] Prime: said "/notes"
[2:23:38 PM] [UCMp9#6] Prime: said "/clipboard"
[2:26:54 PM] [UCMp9#4] Mr_Green: disconnected (Server->client connection timed out. Last seen 36738 msec ago.)
[2:28:03 PM] [UCMp9#7] Kody Pepperfield: said "//e superhero"
[2:29:33 PM] [UCMp9#6] Prime: said "/hideHUD"
[2:29:47 PM] [UCMp9#6] Prime: said "/hideHUD"
[2:29:55 PM] [UCMp9#6] Prime: said "/hideHUD"
[2:31:34 PM] [UCMp9#6] Prime: said "/hideHUD"
[2:34:54 PM] [UCMp9#7] Kody Pepperfield: said "//e superhero"
[2:34:57 PM] [UCMp9#7] Kody Pepperfield: said "//e superhero"
[2:37:52 PM] [UCMp9#7] Kody Pepperfield: said "//e superhero"
[2:39:27 PM] [UCMp9#10] MJL: joined with identifiers [steam:1100001324fa523; license:ec6c328d6d02f816bf13e4a9d09768c02d6e3125; xbl:2535415531070562; live:1055522508602522; discord:213410953641852928; fivem:2586828]
[2:39:35 PM] [UCMp9#11] bigboishootershit: joined with identifiers [steam:1100001459e413e; license:2f45efc6fc5236b2edf98268ec669c60ecd4b984; discord:797538341758566441; license2:e28cdd42b265b48561576dcfc5b5f6141a05a949]
[2:39:53 PM] [UCMp9#6] Prime: said "/tablet"
[2:40:23 PM] [UCMp9#10] MJL: said "/noc"
[2:41:35 PM] [UCMp9#10] MJL: disconnected (Exiting)
[2:47:59 PM] [UCMp9#12] Mr_Green: joined with identifiers [steam:110000117f12b1a; license:8cb9f8548eb4c7764c77849cfa2ff397ec016f08; xbl:2535433922801834; live:985153858977618; discord:322443072233537556; fivem:10498222; license2:6dd94f8afb9d56223c4c530061c5ab1316c72c1c]
[2:50:58 PM] [UCMp9#12] Mr_Green: said "/hideHUD"
[2:58:01 PM] [UCMp9#7] Kody Pepperfield: said "/hideHUD"
[2:59:08 PM] [UCMp9#7] Kody Pepperfield: disconnected (Exiting)
[3:00:11 PM] [UCMp9#13] dont get salty: joined with identifiers [steam:11000011c2c6619; license:5840e2356d57b9dbc96bdcd214ce4824582e6e0c; discord:364167998279516161; fivem:10728615; license2:5840e2356d57b9dbc96bdcd214ce4824582e6e0c]
[3:01:55 PM] [UCMp9#13] dont get salty: said "/hideHUD"
[3:02:22 PM] [UCMp9#14] Don'tPlayMe: joined with identifiers [steam:11000014bb61c9e; license:2f9772222904964dc7e1276592f4900adc8bdf41; xbl:2535425017428396; live:985155143200123; discord:1047627826779656303; fivem:8462056; license2:2f9772222904964dc7e1276592f4900adc8bdf41]
[3:02:38 PM] [UCMp9#15] Kody Pepperfield: joined with identifiers [steam:11000010c770c55; license:3219d00ad3af143df0db5d2bed38fe7460729e68; xbl:2535451109437060; live:1055521765014399; discord:152991330048540672; fivem:8659677; license2:3e576e238fb0360dab034daae9fc7459afbacb59]
[3:05:37 PM] [UCMp9#11] bigboishootershit: said "/cancelemote"
[3:05:37 PM] [UCMp9#11] bigboishootershit: said "/reloadskin"
[3:05:37 PM] [UCMp9#11] bigboishootershit: said "/cancelemote"
[3:05:37 PM] [UCMp9#11] bigboishootershit: said "/reloadskin"
[3:06:29 PM] [UCMp9#16] Gosa: joined with identifiers [steam:110000111baa8b1; license:bda6f9cde356d6126cea9acd106016efdadb020c; discord:470171465388392468; license2:fd54cebafe46049548f218abfec15693031d634f]
[3:06:55 PM] [UCMp9#13] dont get salty: disconnected (Disconnected.)
[3:07:35 PM] [UCMp9#11] bigboishootershit: said "/cancelemote"
[3:07:35 PM] [UCMp9#11] bigboishootershit: said "/reloadskin"
[3:07:35 PM] [UCMp9#11] bigboishootershit: said "/cancelemote"
[3:07:35 PM] [UCMp9#11] bigboishootershit: said "/reloadskin"
[3:08:06 PM] [UCMp9#17] dont get salty: joined with identifiers [steam:11000011c2c6619; license:5840e2356d57b9dbc96bdcd214ce4824582e6e0c; discord:364167998279516161; fivem:10728615; license2:5840e2356d57b9dbc96bdcd214ce4824582e6e0c]
[3:08:42 PM] [UCMp9#18] MJL: joined with identifiers [steam:1100001324fa523; license:ec6c328d6d02f816bf13e4a9d09768c02d6e3125; xbl:2535415531070562; live:1055522508602522; discord:213410953641852928; fivem:2586828]
[3:09:23 PM] [UCMp9#17] dont get salty: disconnected (Disconnected.)
[3:10:26 PM] [UCMp9#2] Kamakazi Gamdom: said "/extras"
[3:10:37 PM] [UCMp9#19] dont get salty: joined with identifiers [steam:11000011c2c6619; license:5840e2356d57b9dbc96bdcd214ce4824582e6e0c; discord:364167998279516161; fivem:10728615; license2:5840e2356d57b9dbc96bdcd214ce4824582e6e0c]
[3:11:18 PM] [UCMp9#14] Don'tPlayMe: said "/reports"
[3:11:59 PM] [UCMp9#16] Gosa: disconnected (Game crashed: d3d11.dll!CContext::TID3D11DeviceContext_SetShaderResources_<1,4> (0x161))
[3:12:00 PM] [UCMp9#14] Don'tPlayMe: said "/insertcc"
[3:12:42 PM] [UCMp9#20] Gosa: joined with identifiers [steam:110000111baa8b1; license:bda6f9cde356d6126cea9acd106016efdadb020c; discord:470171465388392468; license2:fd54cebafe46049548f218abfec15693031d634f]
[3:14:42 PM] [UCMp9#21] Esky: joined with identifiers [steam:110000131c93706; license:8dfbcb6dabf76f1c81aa91d421dc6c2ab1407ba6; xbl:2535436019694875; live:914798270695886; discord:350771731708772354; fivem:11993654; license2:8dfbcb6dabf76f1c81aa91d421dc6c2ab1407ba6]
[3:15:08 PM] [UCMp9#14] Don'tPlayMe: said "/reports"
[3:15:55 PM] [UCMp9#14] Don'tPlayMe: said "/reports"
[3:16:25 PM] [UCMp9#14] Don'tPlayMe: said "/insertcc"
[3:17:03 PM] [UCMp9#15] Kody Pepperfield: said "//e superhero"
[3:19:15 PM] [UCMp9#2] Kamakazi Gamdom: said "/hideHUD"
[3:19:21 PM] [UCMp9#11] bigboishootershit: said "/carry"
[3:20:06 PM] [UCMp9#15] Kody Pepperfield: said "//e superhero"
[3:24:29 PM] [UCMp9#20] Gosa: caused an explosion (CAR)
[3:24:44 PM] [UCMp9#15] Kody Pepperfield: said "//e superhero"
[3:24:53 PM] [UCMp9#22] Anne Flank: joined with identifiers [steam:1100001097e125b; license:a938a74170975c01e88f463aea01684a16f28545; xbl:2535409246266710; live:1899947325711585; discord:293157047682465793; license2:9eb41e0279fe15e33ff86440bafc2105d3b78f01]
[3:25:59 PM] [UCMp9#11] bigboishootershit: said "/carry"
[3:26:01 PM] [UCMp9#11] bigboishootershit: said "/carry"
[3:26:03 PM] [UCMp9#11] bigboishootershit: said "/carry"
[3:26:24 PM] [UCMp9#20] Gosa: disconnected (Disconnected.)
[3:26:34 PM] [UCMp9#11] bigboishootershit: said "/carry"
[3:26:46 PM] [UCMp9#15] Kody Pepperfield: said "//e superhero"
[3:26:53 PM] [UCMp9#11] bigboishootershit: said "/carry"
[3:27:30 PM] [UCMp9#15] Kody Pepperfield: said "//e superhero"
[3:27:38 PM] [UCMp9#19] dont get salty: said "/hideHUD"
[3:27:41 PM] [UCMp9#23] Gosa: joined with identifiers [steam:110000111baa8b1; license:bda6f9cde356d6126cea9acd106016efdadb020c; discord:470171465388392468; license2:fd54cebafe46049548f218abfec15693031d634f]
[3:27:44 PM] [UCMp9#11] bigboishootershit: said "/carry"
[3:27:49 PM] [UCMp9#11] bigboishootershit: said "/carry"
[3:28:50 PM] [UCMp9#19] dont get salty: disconnected (Disconnected.)
[3:29:45 PM] [UCMp9#24] dont get salty: joined with identifiers [steam:11000011c2c6619; license:5840e2356d57b9dbc96bdcd214ce4824582e6e0c; discord:364167998279516161; fivem:10728615; license2:5840e2356d57b9dbc96bdcd214ce4824582e6e0c]
[3:30:22 PM] [UCMp9#23] Gosa: caused an explosion (CAR)
[3:30:41 PM] [UCMp9#11] bigboishootershit: said "/furnish"
[3:30:41 PM] [UCMp9#11] bigboishootershit: said "/furnish"
[3:31:11 PM] [UCMp9#2] Kamakazi Gamdom: disconnected (Exiting)
[3:31:13 PM] [UCMp9#11] bigboishootershit: said "/furnish"
[3:31:14 PM] [UCMp9#15] Kody Pepperfield: said "//e superhero"
[3:32:16 PM] [UCMp9#15] Kody Pepperfield: said "//e superhero"
[3:32:25 PM] [UCMp9#11] bigboishootershit: said "/quity"
[3:32:27 PM] [UCMp9#11] bigboishootershit: disconnected (Exiting)
[3:32:48 PM] [UCMp9#25] Kamakazi Gamdom: joined with identifiers [steam:11000010e87be4d; license:b27179133e8df658895ecd5f756db2a4a4c8cd08; xbl:2533275003431282; live:1829581607460581; discord:242888314108116992; fivem:11442758; license2:e1e3866f24a1a081ffd211b7c1805c667b695651]
[3:34:01 PM] [UCMp9#25] Kamakazi Gamdom: disconnected (Exiting)
[3:34:32 PM] [UCMp9#26] Kamakazi Gamdom: joined with identifiers [steam:11000010e87be4d; license:b27179133e8df658895ecd5f756db2a4a4c8cd08; xbl:2533275003431282; live:1829581607460581; discord:242888314108116992; fivem:11442758; license2:e1e3866f24a1a081ffd211b7c1805c667b695651]
[3:37:01 PM] [UCMp9#1] φοῖνιξ: disconnected (Exiting)
[3:37:36 PM] [UCMp9#24] dont get salty: said "/hideHUD"
[3:37:52 PM] [UCMp9#27] φοῖνιξ: joined with identifiers [steam:11000010ee88c01; license:ee681c08d9d45c48bf5af06870d7d23d75db16dc; xbl:2535430200613003; live:985158121988759; discord:305372052683096065; fivem:10488223; license2:ee681c08d9d45c48bf5af06870d7d23d75db16dc]
[3:39:07 PM] [UCMp9#26] Kamakazi Gamdom: said "/tpm'"
[3:39:23 PM] [UCMp9#18] MJL: disconnected (Game crashed: d3d11.dll!CContext::TID3D11DeviceContext_SetShaderResources_<1,4> (0x161))
[3:39:26 PM] [UCMp9#15] Kody Pepperfield: disconnected (Exiting)
[3:39:47 PM] [UCMp9#26] Kamakazi Gamdom: said "/hideHUD"
[3:39:55 PM] [UCMp9#28] MJL: joined with identifiers [steam:1100001324fa523; license:ec6c328d6d02f816bf13e4a9d09768c02d6e3125; xbl:2535415531070562; live:1055522508602522; discord:213410953641852928; fivem:2586828]
[3:40:06 PM] [UCMp9#29] Kody Pepperfield: joined with identifiers [steam:11000010c770c55; license:3219d00ad3af143df0db5d2bed38fe7460729e68; xbl:2535451109437060; live:1055521765014399; discord:152991330048540672; fivem:8659677; license2:3e576e238fb0360dab034daae9fc7459afbacb59]
[3:40:47 PM] [UCMp9#27] φοῖνιξ: died from suicide (Falling)
[3:41:11 PM] [UCMp9#26] Kamakazi Gamdom: said "/hideHUD"
[3:41:11 PM] [UCMp9#26] Kamakazi Gamdom: said "/hideHUD"
[3:41:11 PM] [UCMp9#26] Kamakazi Gamdom: said "/hideHUD"
[3:41:13 PM] [UCMp9#26] Kamakazi Gamdom: said "/hideHUD"
[3:41:15 PM] [UCMp9#26] Kamakazi Gamdom: said "/hideHUD"
[3:41:18 PM] [UCMp9#30] Ras Jr: joined with identifiers [steam:11000015c3f1612; license:35c7844efea5c2ddeb0651d4dbc97d6a064c4774; xbl:2535439778100931; live:844425224566945; discord:614203359028576270; license2:455ac21353d0017132574f51467c9f5a6b01e629]
[3:41:19 PM] [UCMp9#31] DannyCapAlot: joined with identifiers [steam:11000015a40ec37; license:eb263e7ab76e750c541c82cd398e478661c6635a; xbl:2535432706402528; live:985153924131274; discord:527305063366918144; fivem:9381534; license2:9c0de5feb9c7e2862ed712f854f029ba5ddc4e13]
[3:42:14 PM] [UCMp9#32] Spade: joined with identifiers [steam:1100001362c60a6; license:849f2c8f56ec4f8796b63e1fcbdb8b7bc66304c7; xbl:2535408622769824; live:1055519346597110; discord:465909483453939713; fivem:6035828; license2:fdf4cdb11fb9f33b1460633c7f33e940fdeade04]
[3:43:11 PM] [UCMp9#33] bigboishootershit: joined with identifiers [steam:1100001459e413e; license:2f45efc6fc5236b2edf98268ec669c60ecd4b984; discord:797538341758566441; license2:e28cdd42b265b48561576dcfc5b5f6141a05a949]
[3:43:17 PM] [UCMp9#26] Kamakazi Gamdom: said "/hideHUD"
[3:43:19 PM] [UCMp9#24] dont get salty: disconnected (Game crashed: GTA5_b2699.exe!_setSamplersForPixelShader (0x89))
[3:43:46 PM] [UCMp9#6] Prime: said "/hideHUD"
[3:44:22 PM] [UCMp9#34] dont get salty: joined with identifiers [steam:11000011c2c6619; license:5840e2356d57b9dbc96bdcd214ce4824582e6e0c; discord:364167998279516161; fivem:10728615; license2:5840e2356d57b9dbc96bdcd214ce4824582e6e0c]
[3:45:50 PM] [UCMp9#34] dont get salty: disconnected (Game crashed: GTA5_b2699.exe!_setSamplersForPixelShader (0x89))
[3:46:37 PM] [UCMp9#35] dont get salty: joined with identifiers [steam:11000011c2c6619; license:5840e2356d57b9dbc96bdcd214ce4824582e6e0c; discord:364167998279516161; fivem:10728615; license2:5840e2356d57b9dbc96bdcd214ce4824582e6e0c]
[3:50:12 PM] [UCMp9#36] ajrc2001: joined with identifiers [steam:1100001182b0956; license:d758c6624583812f66e8317a8fb68b634279c371; xbl:2535445722725196; live:985153947800579; discord:1207892662632579093; fivem:13338141; license2:7ef0bb74f59feb27886f1767d61b2801abb638db]
[3:50:33 PM] [UCMp9#37] jlberry10: joined with identifiers [steam:1100001615c0a52; license:41e5d20797706e46aae96886f2a6497b04b828fa; xbl:2535431518296618; live:914801212956691; discord:1183450223519998023; fivem:12942490; license2:41e5d20797706e46aae96886f2a6497b04b828fa]
[3:51:45 PM] [UCMp9#27] φοῖνιξ: died from suicide
[3:53:11 PM] [UCMp9#33] bigboishootershit: said "/carry"
[3:53:12 PM] [UCMp9#33] bigboishootershit: said "/carry"
[3:53:13 PM] [UCMp9#38] c3030: joined with identifiers [license:2fc2022b390e1d851ad7c43ddcf23185e5b7034b; xbl:2535419591139174; live:914798671492731; discord:602182357654700034; fivem:12535627; license2:2fc2022b390e1d851ad7c43ddcf23185e5b7034b]
[3:53:23 PM] [UCMp9#33] bigboishootershit: said "/cancelemote"
[3:53:23 PM] [UCMp9#33] bigboishootershit: said "/reloadskin"
[3:53:23 PM] [UCMp9#33] bigboishootershit: said "/cancelemote"
[3:53:23 PM] [UCMp9#33] bigboishootershit: said "/reloadskin"
[3:53:53 PM] [UCMp9#35] dont get salty: disconnected (Server->client connection timed out. Last seen 49823 msec ago.)
[3:53:56 PM] [UCMp9#39] dont get salty: joined with identifiers [steam:11000011c2c6619; license:5840e2356d57b9dbc96bdcd214ce4824582e6e0c; discord:364167998279516161; fivem:10728615; license2:5840e2356d57b9dbc96bdcd214ce4824582e6e0c]
[3:54:50 PM] [UCMp9#40] Mr Whiffy I Creamed: joined with identifiers [steam:11000014d741c86; license:a82f0a18a3331fd4c4cb7855c8167c84921d9990; xbl:2535471577424976; live:1055519521831767; discord:761552069730762803; license2:a82f0a18a3331fd4c4cb7855c8167c84921d9990]
[3:55:09 PM] [UCMp9#41] BenjiBoi410: joined with identifiers [steam:11000016074bcfa; license:2f00fbb6358fca81675eada8d02e86568b079e88; xbl:2535422169713106; live:1055519090889381; discord:913459564735766609; fivem:12688496; license2:bfeff8c28567e93ab19a5a3b3baf6bd846f75c06]
[3:55:41 PM] [UCMp9#39] dont get salty: disconnected (Game crashed: d3d11.dll!??$TID3D11DeviceContext_SetShaderResources_@$00$03@CContext@@SAXPEAUID3D11DeviceContext5@@IIPEBQEAUID3D11ShaderResourceView@@@Z (0x13e))
[3:55:57 PM] [UCMp9#26] Kamakazi Gamdom: said "/hideHUD"
[3:55:57 PM] [UCMp9#26] Kamakazi Gamdom: said "/hideHUD"
[3:56:34 PM] [UCMp9#42] dont get salty: joined with identifiers [steam:11000011c2c6619; license:5840e2356d57b9dbc96bdcd214ce4824582e6e0c; discord:364167998279516161; fivem:10728615; license2:5840e2356d57b9dbc96bdcd214ce4824582e6e0c]
[3:58:18 PM] [UCMp9#26] Kamakazi Gamdom: said "/noclip'"
[3:58:59 PM] [UCMp9#26] Kamakazi Gamdom: said "tpm"
[3:59:07 PM] [UCMp9#28] MJL: said "fixx"
[3:59:13 PM] [UCMp9#14] Don'tPlayMe: said "/carry"
[3:59:49 PM] [UCMp9#33] bigboishootershit: said "/carry"
[4:00:04 PM] [UCMp9#28] MJL: disconnected (Game crashed: GTA5_b2699.exe!_setSamplersForPixelShader (0x89))
[4:00:25 PM] [UCMp9#26] Kamakazi Gamdom: said "/nocllip"
[4:00:39 PM] [UCMp9#43] MJL: joined with identifiers [steam:1100001324fa523; license:ec6c328d6d02f816bf13e4a9d09768c02d6e3125; xbl:2535415531070562; live:1055522508602522; discord:213410953641852928; fivem:2586828]
[4:00:48 PM] [UCMp9#26] Kamakazi Gamdom: said "/hideHUD"
[4:02:01 PM] [UCMp9#26] Kamakazi Gamdom: said "tpm"
[4:02:17 PM] [UCMp9#26] Kamakazi Gamdom: said "/hideHUD"
[4:02:32 PM] [UCMp9#43] MJL: disconnected (Game crashed: GTA5_b2699.exe!_setSamplersForPixelShader (0x89))
[4:02:33 PM] [UCMp9#38] c3030: disconnected (Server->client connection timed out. Last seen 54174 msec ago.)
[4:03:48 PM] [UCMp9#44] MJL: joined with identifiers [steam:1100001324fa523; license:ec6c328d6d02f816bf13e4a9d09768c02d6e3125; xbl:2535415531070562; live:1055522508602522; discord:213410953641852928; fivem:2586828]
[4:03:53 PM] [UCMp9#6] Prime: disconnected (Exiting)
[4:05:21 PM] [UCMp9#23] Gosa: said "/hideHUD"
[4:05:25 PM] [UCMp9#23] Gosa: disconnected (Exiting)
[4:05:43 PM] [UCMp9#45] RigssRP: joined with identifiers [steam:11000014abdebcf; license:0503ca95eab75210d3475b9e63fd6aa6028e6a91; xbl:2535446394392876; live:1055518940555852; discord:1103467626300199044; fivem:8351340; license2:2a20c64a2a1abb3e1653a5c89e5ac281f69f1eb9]
[4:05:46 PM] [UCMp9#27] φοῖνιξ: said "/hideHUD"
[4:06:07 PM] [UCMp9#46] Gosa: joined with identifiers [steam:110000111baa8b1; license:bda6f9cde356d6126cea9acd106016efdadb020c; discord:470171465388392468; license2:fd54cebafe46049548f218abfec15693031d634f]
[4:07:08 PM] [UCMp9#14] Don'tPlayMe: said "/reports"
[4:07:08 PM] [UCMp9#14] Don'tPlayMe: said "/reports"
[4:08:33 PM] [UCMp9#47] shawnyb2uk: joined with identifiers [steam:1100001648dbd81; license:3e325455cbee6aa5faefc44e089daad9eb2cf364; discord:1188620012987109378; fivem:12721408; license2:9de103dfcd394a4a75e5a043c18053e3fd9f0b53]
[4:08:42 PM] [UCMp9#46] Gosa: disconnected (Disconnected.)
[4:08:59 PM] [UCMp9#8] PISSFLAPS: disconnected (Game crashed: d3d11.dll!??$TID3D11DeviceContext_SetShaderResources_@$00$03@CContext@@SAXPEAUID3D11DeviceContext5@@IIPEBQEAUID3D11ShaderResourceView@@@Z (0x13e))
[4:09:14 PM] [UCMp9#36] ajrc2001: disconnected (Exiting)
[4:09:22 PM] [UCMp9#48] Gosa: joined with identifiers [steam:110000111baa8b1; license:bda6f9cde356d6126cea9acd106016efdadb020c; discord:470171465388392468; license2:fd54cebafe46049548f218abfec15693031d634f]
[4:09:49 PM] [UCMp9#49] PISSFLAPS: joined with identifiers [steam:11000014bb53aeb; license:e0893217ab0d40d6a510bcbfe1c9441b4a208a2b; discord:584024523989581834; fivem:8961289; license2:e0893217ab0d40d6a510bcbfe1c9441b4a208a2b]
[4:10:01 PM] [UCMp9#3] PenisArms: died from suicide (Falling)
[4:10:21 PM] [UCMp9#40] Mr Whiffy I Creamed: disconnected (Server->client connection timed out. Last seen 36186 msec ago.)
[4:12:21 PM] [UCMp9#3] PenisArms: died from suicide (Falling)
[4:14:18 PM] [UCMp9#48] Gosa: disconnected (Exiting)
[4:15:03 PM] [UCMp9#50] Gosa: joined with identifiers [steam:110000111baa8b1; license:bda6f9cde356d6126cea9acd106016efdadb020c; discord:470171465388392468; license2:fd54cebafe46049548f218abfec15693031d634f]
[4:17:13 PM] [UCMp9#5] JOSH: said "/vash"
[4:17:26 PM] [UCMp9#29] Kody Pepperfield: disconnected (Exiting)
[4:17:27 PM] [UCMp9#47] shawnyb2uk: said "/l"
[4:17:37 PM] [UCMp9#51] Prime: joined with identifiers [steam:11000010ca11a3e; license:f7dcdb2337cb359eab1d01dbb378da219cffa61c; xbl:2535470342658869; live:1829581630186829; discord:218191942377406464; fivem:3083043; license2:6fb7e6793c6bdcdc1e0c5f9b3ab6accd839e0285]
[4:18:21 PM] [UCMp9#52] normalguy: joined with identifiers [steam:11000015af6c001; license:de67d5d25c87ed3f6f326ccf4aefa6027e845052; xbl:2535430892418754; live:914799382785360; discord:1178097062752034817; fivem:13471105; license2:001f633646c47cec606e45da1696b1e46bd34f73]
[4:18:59 PM] [UCMp9#5] JOSH: said "/hideHUD"
[4:19:22 PM] [UCMp9#53] Kody Pepperfield: joined with identifiers [steam:11000010c770c55; license:3219d00ad3af143df0db5d2bed38fe7460729e68; xbl:2535451109437060; live:1055521765014399; discord:152991330048540672; fivem:8659677; license2:3e576e238fb0360dab034daae9fc7459afbacb59]
[4:19:55 PM] [UCMp9#33] bigboishootershit: disconnected (Exiting)
[4:20:01 PM] [UCMp9#53] Kody Pepperfield: disconnected (Game crashed: Failed to call inflate() for streaming file compcache:/WC_Female_Without_Brands/mp_f_freemode_01_mp_f_wc_b_female_part1^accs_diff_099_d_uni.ytd.)
[4:21:32 PM] [UCMp9#54] Kody Pepperfield: joined with identifiers [steam:11000010c770c55; license:3219d00ad3af143df0db5d2bed38fe7460729e68; xbl:2535451109437060; live:1055521765014399; discord:152991330048540672; fivem:8659677; license2:3e576e238fb0360dab034daae9fc7459afbacb59]
[4:23:24 PM] [UCMp9#9] BotOnMnK: disconnected (Game crashed: d3d11.dll!CContext::TID3D11DeviceContext_SetShaderResources_<1,4> (0x161))
[4:24:22 PM] [UCMp9#55] BotOnMnK: joined with identifiers [steam:11000014df460ff; license:06a61b4c40fc28c0a6e0a709ba99ffb637152b33; xbl:2535406023679221; live:1055518462074046; discord:1043623556015194112; fivem:9907274; license2:06a61b4c40fc28c0a6e0a709ba99ffb637152b33]
[4:26:12 PM] [UCMp9#50] Gosa: died from suicide (Falling)
[4:26:43 PM] [UCMp9#56] 🔞💖Milf Lover 💖🔞: joined with identifiers [steam:110000147fe4fdf; license:b36f5f473fec90a6370906581fb02946f26a7779; xbl:2535464833131337; live:1055518376767853; discord:709664654967701596; fivem:2319241; license2:a1758bf8ce51428d109fb3e59a1174e69e674190]
[4:27:11 PM] [UCMp9#49] PISSFLAPS: said "admin"
[4:27:18 PM] [UCMp9#50] Gosa: died from suicide
[4:30:13 PM] [UCMp9#44] MJL: said "/hideHUD"
[4:31:07 PM] [UCMp9#32] Spade: disconnected (Game crashed: GTA5_b2699.exe!_setSamplersForPixelShader (0x89))
[4:31:39 PM] [UCMp9#12] Mr_Green: died from suicide (Falling)
[4:31:48 PM] [UCMp9#47] shawnyb2uk: said "/00"
[4:32:10 PM] [UCMp9#47] shawnyb2uk: said "/10000"
[4:32:10 PM] [UCMp9#57] Spade: joined with identifiers [steam:1100001362c60a6; license:849f2c8f56ec4f8796b63e1fcbdb8b7bc66304c7; xbl:2535408622769824; live:1055519346597110; discord:465909483453939713; fivem:6035828; license2:fdf4cdb11fb9f33b1460633c7f33e940fdeade04]
[4:32:25 PM] [UCMp9#47] shawnyb2uk: said "/money"
[4:32:29 PM] [UCMp9#47] shawnyb2uk: said "/00"
[4:32:45 PM] [UCMp9#58] Folty: joined with identifiers [steam:1100001655e0d41; license:1b34224ac3a8d06f289e9fb25d81b991bf6f8b0e; xbl:2535471428037386; live:914801382080031; discord:1218304440482791425; license2:be4f6532ae1151a3895631383d908325b6a830dc]
[4:33:47 PM] [UCMp9#59] ki: joined with identifiers [steam:11000014937305e; license:96f267487834a7dd20e1835ec25225692b2fd6ed; xbl:2533274848562754; live:1055520789945701; discord:863516509002006589; license2:96f267487834a7dd20e1835ec25225692b2fd6ed]
[4:35:18 PM] [UCMp9#55] BotOnMnK: said "/hideHUD"
[4:35:21 PM] [UCMp9#60] Wray: joined with identifiers [steam:110000143ca58e9; license:14d38939c2fdc2bea18135a52cdfe28331f8fc81; live:985155873652445; discord:1105106789512511548; fivem:13609293; license2:14d38939c2fdc2bea18135a52cdfe28331f8fc81]
[4:35:28 PM] [UCMp9#61] dillon basil: joined with identifiers [steam:11000015dbfd0a7; license:e39bbf785d94cfc7d88a379a4a184eb538a76d0d; xbl:2533274887670842; live:985156570329968; discord:939146021261426729; fivem:11244678; license2:50932a3061d79ceac6a7270cda373de605f23364]
[4:36:41 PM] [UCMp9#61] dillon basil: said "/steal"
[4:37:02 PM] [UCMp9#61] dillon basil: said "/steal"
[4:37:41 PM] [UCMp9#55] BotOnMnK: said "/hideHUD"
[4:37:46 PM] [UCMp9#30] Ras Jr: disconnected (Server->client connection timed out. Last seen 39875 msec ago.)
[4:38:52 PM] [UCMp9#62] David: joined with identifiers [steam:110000164487724; license:8c956f5ef5a48c0636d950388414e1af622b2f4f; discord:1084158741919834243; license2:8c956f5ef5a48c0636d950388414e1af622b2f4f]
[4:39:16 PM] [UCMp9#60] Wray: died from suicide (Falling)
[4:40:46 PM] [UCMp9#31] DannyCapAlot: disconnected (^1Kicked for attempting to duplicate items)
[4:41:20 PM] [UCMp9#63] bigboishootershit: joined with identifiers [steam:1100001459e413e; license:2f45efc6fc5236b2edf98268ec669c60ecd4b984; discord:797538341758566441; license2:e28cdd42b265b48561576dcfc5b5f6141a05a949]
[4:41:50 PM] [UCMp9#64] DannyCapAlot: joined with identifiers [steam:11000015a40ec37; license:eb263e7ab76e750c541c82cd398e478661c6635a; xbl:2535432706402528; live:985153924131274; discord:527305063366918144; fivem:9381534; license2:9c0de5feb9c7e2862ed712f854f029ba5ddc4e13]
[4:42:11 PM] [UCMp9#61] dillon basil: said "/carry"
[4:42:11 PM] [UCMp9#61] dillon basil: said "/RELOADCHAR"
[4:42:13 PM] [UCMp9#61] dillon basil: said "/carry"
[4:42:13 PM] [UCMp9#61] dillon basil: said "/RELOADCHAR"
[4:43:30 PM] [UCMp9#65] beau999: joined with identifiers [steam:11000015820ba22; license:ab6c47661af2c7682ab26a95d21fb6464d3cdc17; xbl:2535405532973454; live:844425266605287; discord:852571545490423868; fivem:12775788; license2:267b33e8a97f829c9a54d5682cf0fadad67679e6]
[4:44:24 PM] [UCMp9#44] MJL: died from suicide
[4:45:46 PM] [UCMp9#50] Gosa: disconnected (Exiting)
[4:45:50 PM] [UCMp9#62] David: said "/carry"
[4:45:52 PM] [UCMp9#60] Wray: said "/carry"
[4:45:54 PM] [UCMp9#62] David: said "/carry"
[4:45:55 PM] [UCMp9#60] Wray: said "/carry"
[4:46:45 PM] [UCMp9#60] Wray: said "/reloadchar"
[4:47:27 PM] [UCMp9#41] BenjiBoi410: said "/esleep"
[4:47:38 PM] [UCMp9#41] BenjiBoi410: said "/esleep"
[4:47:40 PM] [UCMp9#12] Mr_Green: died from AP Pistol by David
[4:47:48 PM] [UCMp9#41] BenjiBoi410: said "/esleep"
[4:47:57 PM] [UCMp9#58] Folty: disconnected (Disconnected.)
[4:48:13 PM] [UCMp9#51] Prime: died from AP Pistol by David
[4:48:27 PM] [UCMp9#41] BenjiBoi410: said "/esleep"
[4:48:41 PM] [UCMp9#66] griimy: joined with identifiers [steam:110000144a24328; license:0371de29a543038cb673ae09f42f152ffc9446e7; xbl:2535430354678248; live:1055519235839493; discord:1177678089803808866; fivem:13271838; license2:158b8ed91a8c9096e9e82f3c1ec26c2493cc9447]
[4:48:42 PM] [UCMp9#60] Wray: disconnected (You have been banned.)
[4:49:03 PM] [UCMp9#47] shawnyb2uk: disconnected (Exiting)
[4:49:08 PM] [UCMp9#41] BenjiBoi410: said "/esleep"
[4:49:45 PM] [UCMp9#61] dillon basil: died from suicide (Falling)
[4:49:48 PM] [UCMp9#61] dillon basil: said "/carry"
[4:49:48 PM] [UCMp9#61] dillon basil: said "/RELOADCHAR"
[4:50:03 PM] [UCMp9#67] shawnyb2uk: joined with identifiers [steam:1100001648dbd81; license:3e325455cbee6aa5faefc44e089daad9eb2cf364; discord:1188620012987109378; fivem:12721408; license2:9de103dfcd394a4a75e5a043c18053e3fd9f0b53]
[4:50:20 PM] [UCMp9#41] BenjiBoi410: said "/esleep"
[4:50:32 PM] [UCMp9#41] BenjiBoi410: said "/esleep"
[4:50:39 PM] [UCMp9#41] BenjiBoi410: said "/esleep"
[4:50:46 PM] [UCMp9#55] BotOnMnK: died from AP Pistol by David
[4:50:59 PM] [UCMp9#54] Kody Pepperfield: died from suicide (Falling)
[4:51:10 PM] [UCMp9#62] David: said "/STEAL"
[4:51:12 PM] [UCMp9#61] dillon basil: said "/steal"
[4:51:17 PM] [UCMp9#49] PISSFLAPS: disconnected (Game crashed: d3d11.dll!??$TID3D11DeviceContext_SetShaderResources_@$00$03@CContext@@SAXPEAUID3D11DeviceContext5@@IIPEBQEAUID3D11ShaderResourceView@@@Z (0x13e))
[4:51:26 PM] [UCMp9#41] BenjiBoi410: said "/esleep"
[4:51:55 PM] [UCMp9#41] BenjiBoi410: said "/esleep"
[4:52:01 PM] [UCMp9#62] David: disconnected (Exiting)
[4:52:07 PM] [UCMp9#68] PISSFLAPS: joined with identifiers [steam:11000014bb53aeb; license:e0893217ab0d40d6a510bcbfe1c9441b4a208a2b; discord:584024523989581834; fivem:8961289; license2:e0893217ab0d40d6a510bcbfe1c9441b4a208a2b]
[4:52:27 PM] [UCMp9#61] dillon basil: disconnected (Exiting)
[4:52:35 PM] [UCMp9#41] BenjiBoi410: said "/esleep"
[4:53:16 PM] [UCMp9#41] BenjiBoi410: said "/esleep"
[4:53:30 PM] [UCMp9#41] BenjiBoi410: said "/esleep"
[4:54:02 PM] [UCMp9#41] BenjiBoi410: said "/esleep"
[4:54:13 PM] [UCMp9#41] BenjiBoi410: said "/esleep"
[4:54:14 PM] [UCMp9#41] BenjiBoi410: said "/esleep"
[4:54:30 PM] [UCMp9#69] Reefelino: joined with identifiers [steam:11000015fb3af9c; license:c8f327c9e441ec99219d24ff275e0de70e4d68c8; discord:1155200839946874930; fivem:11941873; license2:c8f327c9e441ec99219d24ff275e0de70e4d68c8]
[4:54:49 PM] [UCMp9#68] PISSFLAPS: said "/reviv"
[4:54:53 PM] [UCMp9#41] BenjiBoi410: said "/esleep"
[4:54:55 PM] [UCMp9#41] BenjiBoi410: said "/esleep"
[4:55:47 PM] [UCMp9#41] BenjiBoi410: said "/esleep"
[4:56:19 PM] [UCMp9#41] BenjiBoi410: said "/esleep"
[4:56:37 PM] [UCMp9#70] emily: joined with identifiers [license:7bb253287bd9b0fde87139be280127280d5da9b8; xbl:2535460107665577; live:844426175737770; discord:539940808468594698; license2:7bb253287bd9b0fde87139be280127280d5da9b8]
[4:57:03 PM] [UCMp9#41] BenjiBoi410: said "/esleep"
[4:57:04 PM] [UCMp9#41] BenjiBoi410: said "/esleep"
[4:57:05 PM] [UCMp9#41] BenjiBoi410: said "/esleep"
[4:57:18 PM] [UCMp9#57] Spade: said "/hideHUD"
[4:57:32 PM] [UCMp9#41] BenjiBoi410: said "/esleep"
[4:57:46 PM] [UCMp9#67] shawnyb2uk: said "/msdk"
[4:57:58 PM] [UCMp9#41] BenjiBoi410: said "/esleep"
[4:58:00 PM] [UCMp9#41] BenjiBoi410: said "/esleep"
[4:58:09 PM] [UCMp9#63] bigboishootershit: said "/cancelemote"
[4:58:09 PM] [UCMp9#63] bigboishootershit: said "/reloadskin"
[4:58:10 PM] [UCMp9#63] bigboishootershit: said "/cancelemote"
[4:58:10 PM] [UCMp9#63] bigboishootershit: said "/reloadskin"
[4:59:45 PM] [UCMp9#71] anita: joined with identifiers [steam:11000010a3313f1; license:405a44047ad3787adb1e338c30a89c9f7d428e57; discord:120361680776593408; fivem:3376011]
[5:01:56 PM] [UCMp9#44] MJL: said "/hideHUD"
[5:02:40 PM] [UCMp9#63] bigboishootershit: said "/cancelemote"
[5:02:40 PM] [UCMp9#63] bigboishootershit: said "/reloadskin"
[5:02:41 PM] [UCMp9#63] bigboishootershit: said "/cancelemote"
[5:02:41 PM] [UCMp9#63] bigboishootershit: said "/reloadskin"
[5:02:52 PM] [UCMp9#21] Esky: died from unknown by Kody Pepperfield
[5:03:42 PM] [UCMp9#72] Kain: joined with identifiers [license:9279473e01ddc59bb4764cd0c8b5b96d062218df; xbl:2535426583786730; live:985154393246914; discord:1014998797765574806; fivem:13678007; license2:09ba79a5b9647861e4b7bd7182d597687d4db80a]
[5:03:46 PM] [UCMp9#73] becca: joined with identifiers [license:99ded322e2ddd85e3da98251f0f0a51e3240601b; xbl:2535454107290185; live:985154411718853; discord:1078675405994733598; fivem:13679221; license2:99ded322e2ddd85e3da98251f0f0a51e3240601b]
[5:04:07 PM] [UCMp9#41] BenjiBoi410: said "/esleep"
[5:04:31 PM] [UCMp9#74] enano.: joined with identifiers [steam:1100001076a8f35; license:5c89a375a3df32c9744f8be5661afa91052efc57; xbl:2535457955130348; live:914802237494920; discord:172494818835038209; fivem:8906692; license2:cfc59614985233e23958e5c47ce4f75deb916640]
[5:05:56 PM] [UCMp9#21] Esky: said "/a passout3"
[5:05:58 PM] [UCMp9#75] Pxrp1e: joined with identifiers [steam:110000143511f76; license:c11d8f1f392e9cdfbca110f1314a98a627809d1e; xbl:2535438822821557; live:914799606317888; discord:698692187034091600; fivem:13304189; license2:c11d8f1f392e9cdfbca110f1314a98a627809d1e]
[5:06:21 PM] [UCMp9#76] 2THIGH: joined with identifiers [steam:1100001492de1d0; license:d5b489a34053a1067dce969b13c16bc75d4699eb; xbl:2535447696185710; live:1055518714913033; discord:1182182595769933858; license2:db3624adb9021c2db129983c64433c946fb7f76a]
[5:06:51 PM] [UCMp9#41] BenjiBoi410: said "/esleep"
[5:06:51 PM] [UCMp9#41] BenjiBoi410: said "/esleep"
[5:06:51 PM] [UCMp9#41] BenjiBoi410: said "/esleep"
[5:07:27 PM] [UCMp9#77] Ras Jr: joined with identifiers [steam:11000015c3f1612; license:35c7844efea5c2ddeb0651d4dbc97d6a064c4774; xbl:2535439778100931; live:844425224566945; discord:614203359028576270; license2:455ac21353d0017132574f51467c9f5a6b01e629]
[5:07:35 PM] [UCMp9#78] Ryguyyy: joined with identifiers [steam:1100001062e8bd6; license:f926438e1973465479687d3cbfb795d8ac9b3299; discord:139867838193205249; fivem:2704061; license2:43e148fa18b4161a95fc9175047a492f036575a7]
[5:08:22 PM] [UCMp9#79] bulldogcoop63: joined with identifiers [steam:11000015c5ccb9c; license:29aa888fee71382069550e6e0dc74a5a341edead; xbl:2535414660791367; live:985153908343121; discord:1117456859738153020; fivem:10691742; license2:29aa888fee71382069550e6e0dc74a5a341edead]
[5:09:34 PM] [UCMp9#80] M1ghtpoo: joined with identifiers [steam:110000113ecc7e2; license:0cb0904f95f3a0c8d552729894a13d9f979aa6b7; discord:487075059320619018; license2:0cb0904f95f3a0c8d552729894a13d9f979aa6b7]
[5:10:08 PM] [UCMp9#26] Kamakazi Gamdom: said "fix"
[5:10:13 PM] [UCMp9#81] johnn: joined with identifiers [license:3e702e7abcac460b6f1ada60cf708946bd72f516; xbl:2535469875011882; live:985154827516609; discord:826269683429933087; fivem:1990419; license2:24e1325930608b6e8978a8812d6f88629a8e4727]
[5:10:33 PM] [UCMp9#59] ki: said "/hideHUD"
[5:10:35 PM] [UCMp9#54] Kody Pepperfield: caused an explosion (GAS_TANK)
[5:10:35 PM] [UCMp9#55] BotOnMnK: caused an explosion (GAS_TANK)
[5:10:35 PM] [UCMp9#68] PISSFLAPS: caused an explosion (GAS_TANK)
[5:10:35 PM] [UCMp9#51] Prime: caused an explosion (CAR)
[5:10:35 PM] [UCMp9#51] Prime: died from suicide (Explosion)
[5:10:35 PM] [UCMp9#78] Ryguyyy: disconnected (Exiting)
[5:10:41 PM] [UCMp9#82] GAMER: joined with identifiers [license:5d9cdcf23999a86442dc06d4c94fcf1762d8265d; xbl:2535416576943023; live:914801348697819; discord:1204260600343961665; fivem:13210014; license2:532a332a82dec667868c0390f7dcbae9965a6fed]
[5:11:02 PM] [UCMp9#51] Prime: disconnected (Exiting)
[5:11:08 PM] [UCMp9#27] φοῖνιξ: disconnected (Game crashed: d3d11.dll!CContext::TID3D11DeviceContext_SetShaderResources_<1,4> (0x161))
[5:11:26 PM] [UCMp9#83] Ryguyyy: joined with identifiers [steam:1100001062e8bd6; license:f926438e1973465479687d3cbfb795d8ac9b3299; discord:139867838193205249; fivem:2704061; license2:43e148fa18b4161a95fc9175047a492f036575a7]
[5:11:45 PM] [UCMp9#66] griimy: disconnected (Exiting)
[5:11:59 PM] [UCMp9#84] lewispancutt: joined with identifiers [steam:11000013663e30a; license:d094824ca1077bec804fa441c897dd92002897e9; xbl:2535457406681244; live:1899946154662695; discord:730884266069590117; fivem:13554888; license2:d094824ca1077bec804fa441c897dd92002897e9]
[5:12:11 PM] [UCMp9#85] φοῖνιξ: joined with identifiers [steam:11000010ee88c01; license:ee681c08d9d45c48bf5af06870d7d23d75db16dc; xbl:2535430200613003; live:985158121988759; discord:305372052683096065; fivem:10488223; license2:ee681c08d9d45c48bf5af06870d7d23d75db16dc]
[5:12:49 PM] [UCMp9#77] Ras Jr: said "/changejob"
[5:12:53 PM] [UCMp9#55] BotOnMnK: died from suicide (Falling)
[5:13:42 PM] [UCMp9#79] bulldogcoop63: disconnected (Server->client connection timed out. Last seen 25182 msec ago.)
[5:13:49 PM] [UCMp9#77] Ras Jr: said "/jobs"
[5:13:55 PM] [UCMp9#77] Ras Jr: said "/switchjobs"
[5:14:09 PM] [UCMp9#68] PISSFLAPS: died from Pistol by MJL
[5:14:56 PM] [UCMp9#70] emily: said "i casnt hear u my audio is buggy"
[5:15:11 PM] [UCMp9#86] bulldogcoop63: joined with identifiers [steam:11000015c5ccb9c; license:29aa888fee71382069550e6e0dc74a5a341edead; xbl:2535414660791367; live:985153908343121; discord:1117456859738153020; fivem:10691742; license2:29aa888fee71382069550e6e0dc74a5a341edead]
[5:16:09 PM] [UCMp9#77] Ras Jr: said "/hands up"
[5:16:19 PM] [UCMp9#21] Esky: disconnected (Game crashed: d3d11.dll!CContext::TID3D11DeviceContext_SetShaderResources_<1,4> (0x161))
[5:16:50 PM] [UCMp9#77] Ras Jr: said "/changejobs"
[5:17:11 PM] [UCMp9#73] becca: died from suicide (Falling)
[5:17:18 PM] [UCMp9#87] Esky: joined with identifiers [steam:110000131c93706; license:8dfbcb6dabf76f1c81aa91d421dc6c2ab1407ba6; xbl:2535436019694875; live:914798270695886; discord:350771731708772354; fivem:11993654; license2:8dfbcb6dabf76f1c81aa91d421dc6c2ab1407ba6]
[5:17:57 PM] [UCMp9#54] Kody Pepperfield: disconnected (Game crashed: d3d11.dll!??$TID3D11DeviceContext_SetShaderResources_@$00$03@CContext@@SAXPEAUID3D11DeviceContext5@@IIPEBQEAUID3D11ShaderResourceView@@@Z (0x13e))
[5:18:07 PM] [UCMp9#5] JOSH: disconnected (Game crashed: GTA5_b2699.exe!_setSamplersForPixelShader (0x89))
[5:18:47 PM] [UCMp9#41] BenjiBoi410: said "/esleep"
[5:19:14 PM] [UCMp9#88] JOSH: joined with identifiers [steam:1100001438fe567; license:b6284c20b4ad2c41c48d4a31859b65ae2a417ec8; discord:405075418769522708; fivem:12124231; license2:b6284c20b4ad2c41c48d4a31859b65ae2a417ec8]
[5:19:33 PM] [UCMp9#73] becca: disconnected (Exiting)
[5:19:37 PM] [UCMp9#63] bigboishootershit: said "/cancelemote"
[5:19:37 PM] [UCMp9#63] bigboishootershit: said "/reloadskin"
[5:19:37 PM] [UCMp9#63] bigboishootershit: said "/cancelemote"
[5:19:37 PM] [UCMp9#63] bigboishootershit: said "/reloadskin"
[5:19:53 PM] [UCMp9#89] Kody Pepperfield: joined with identifiers [steam:11000010c770c55; license:3219d00ad3af143df0db5d2bed38fe7460729e68; xbl:2535451109437060; live:1055521765014399; discord:152991330048540672; fivem:8659677; license2:3e576e238fb0360dab034daae9fc7459afbacb59]
[5:20:20 PM] [UCMp9#26] Kamakazi Gamdom: said "admin"
[5:20:22 PM] [UCMp9#26] Kamakazi Gamdom: said "/admnin"
[5:21:19 PM] [UCMp9#90] griimy: joined with identifiers [steam:110000144a24328; license:0371de29a543038cb673ae09f42f152ffc9446e7; xbl:2535430354678248; live:1055519235839493; discord:1177678089803808866; fivem:13271838; license2:158b8ed91a8c9096e9e82f3c1ec26c2493cc9447]
[5:21:52 PM] [UCMp9#3] PenisArms: disconnected (Exiting)
[5:22:01 PM] [UCMp9#91] becca: joined with identifiers [license:99ded322e2ddd85e3da98251f0f0a51e3240601b; xbl:2535454107290185; live:985154411718853; discord:1078675405994733598; fivem:13679221; license2:99ded322e2ddd85e3da98251f0f0a51e3240601b]
[5:22:59 PM] [UCMp9#68] PISSFLAPS: said "fix"
[5:23:06 PM] [UCMp9#41] BenjiBoi410: said "/esleep"
[5:23:53 PM] [UCMp9#41] BenjiBoi410: said "/esleep"
[5:23:57 PM] [UCMp9#52] normalguy: disconnected (Exiting)
[5:24:00 PM] [UCMp9#80] M1ghtpoo: said "/opentask"
[5:24:26 PM] [UCMp9#57] Spade: said "/carry"
[5:24:27 PM] [UCMp9#57] Spade: said "/carry"
[5:24:30 PM] [UCMp9#63] bigboishootershit: said "/furnish"
[5:24:37 PM] [UCMp9#63] bigboishootershit: said "/cancelemote"
[5:24:37 PM] [UCMp9#63] bigboishootershit: said "/reloadskin"
[5:24:38 PM] [UCMp9#63] bigboishootershit: said "/cancelemote"
[5:24:38 PM] [UCMp9#63] bigboishootershit: said "/reloadskin"
[5:24:41 PM] [UCMp9#26] Kamakazi Gamdom: said "/hideHUD"
[5:24:42 PM] [UCMp9#26] Kamakazi Gamdom: said "/hideHUD"
[5:24:43 PM] [UCMp9#26] Kamakazi Gamdom: said "/hideHUD"
[5:24:44 PM] [UCMp9#26] Kamakazi Gamdom: said "/hideHUD"
[5:24:45 PM] [UCMp9#26] Kamakazi Gamdom: said "/hideHUD"
[5:24:46 PM] [UCMp9#26] Kamakazi Gamdom: said "/hideHUD"
[5:25:21 PM] [UCMp9#70] emily: died from Fist by Kain
[5:25:30 PM] [UCMp9#90] griimy: said "/reloadui"
[5:25:35 PM] [UCMp9#65] beau999: disconnected (Exiting)
[5:25:37 PM] [UCMp9#90] griimy: said "/reloadf"
[5:26:34 PM] [UCMp9#26] Kamakazi Gamdom: said "fix"
[5:26:38 PM] [UCMp9#75] Pxrp1e: disconnected (Exiting)
[5:26:48 PM] [UCMp9#71] anita: said "/carry"
[5:27:04 PM] [UCMp9#59] ki: disconnected (Exiting)
[5:27:14 PM] [UCMp9#76] 2THIGH: disconnected (Exiting)
[5:27:28 PM] [UCMp9#64] DannyCapAlot: disconnected (Exiting)
[5:27:43 PM] [UCMp9#56] 🔞💖Milf Lover 💖🔞: said "/carry"
[5:27:43 PM] [UCMp9#56] 🔞💖Milf Lover 💖🔞: said "/PB"
[5:27:45 PM] [UCMp9#41] BenjiBoi410: said "/esleep"
[5:27:51 PM] [UCMp9#56] 🔞💖Milf Lover 💖🔞: said "/carry"
[5:27:51 PM] [UCMp9#56] 🔞💖Milf Lover 💖🔞: said "/PB"
[5:27:51 PM] [UCMp9#56] 🔞💖Milf Lover 💖🔞: said "/carry"
[5:27:51 PM] [UCMp9#56] 🔞💖Milf Lover 💖🔞: said "/PB"
[5:27:51 PM] [UCMp9#56] 🔞💖Milf Lover 💖🔞: said "/carry"
[5:27:51 PM] [UCMp9#56] 🔞💖Milf Lover 💖🔞: said "/PB"
[5:27:51 PM] [UCMp9#56] 🔞💖Milf Lover 💖🔞: said "/carry"
[5:27:51 PM] [UCMp9#56] 🔞💖Milf Lover 💖🔞: said "/PB"
[5:28:07 PM] [UCMp9#92] ki: joined with identifiers [steam:11000014937305e; license:96f267487834a7dd20e1835ec25225692b2fd6ed; xbl:2533274848562754; live:1055520789945701; discord:863516509002006589; license2:96f267487834a7dd20e1835ec25225692b2fd6ed]
[5:29:26 PM] [UCMp9#69] Reefelino: died from suicide (Falling)
[5:30:37 PM] [UCMp9#69] Reefelino: disconnected (Exiting)
[5:30:48 PM] [UCMp9#26] Kamakazi Gamdom: said "/hideHUD"
[5:30:48 PM] [UCMp9#26] Kamakazi Gamdom: said "/hideHUD"
[5:30:49 PM] [UCMp9#26] Kamakazi Gamdom: said "/hideHUD"
[5:30:50 PM] [UCMp9#26] Kamakazi Gamdom: said "/hideHUD"
[5:30:50 PM] [UCMp9#26] Kamakazi Gamdom: said "/hideHUD"
[5:30:52 PM] [UCMp9#26] Kamakazi Gamdom: said "/hideHUD"
[5:30:52 PM] [UCMp9#26] Kamakazi Gamdom: said "/hideHUD"
[5:30:52 PM] [UCMp9#26] Kamakazi Gamdom: said "/hideHUD"
[5:30:53 PM] [UCMp9#26] Kamakazi Gamdom: said "/hideHUD"
[5:30:54 PM] [UCMp9#26] Kamakazi Gamdom: said "/hideHUD"
[5:31:31 PM] [UCMp9#71] anita: disconnected (Exiting)
[5:32:14 PM] [UCMp9#85] φοῖνιξ: disconnected (Exiting)
[5:32:51 PM] [UCMp9#57] Spade: disconnected (Game crashed: d3d11.dll!??$TID3D11DeviceContext_SetShaderResources_@$06$03@CContext@@SAXPEAUID3D11DeviceContext5@@IIPEBQEAUID3D11ShaderResourceView@@@Z (0x92))
[5:33:53 PM] [UCMp9#93] lolo1: joined with identifiers [steam:110000165396dd3; license:74ecdd6a846ffa4da45ba6da3ba61f051193fc69; discord:1220839338536079370; fivem:7490388; license2:74ecdd6a846ffa4da45ba6da3ba61f051193fc69]
[5:33:54 PM] [UCMp9#94] Spade: joined with identifiers [steam:1100001362c60a6; license:849f2c8f56ec4f8796b63e1fcbdb8b7bc66304c7; xbl:2535408622769824; live:1055519346597110; discord:465909483453939713; fivem:6035828; license2:fdf4cdb11fb9f33b1460633c7f33e940fdeade04]
[5:34:58 PM] [UCMp9#81] johnn: died from Fist by GAMER
[5:35:10 PM] [UCMp9#22] Anne Flank: disconnected (Game crashed: GTA5_b2699.exe!_setSamplersForPixelShader (0x89))
[5:35:33 PM] [UCMp9#95] reimoliivat: joined with identifiers [steam:110000159bcd8e8; license:87c7288dede16846fa10cc8044734746a2d4409e; xbl:2535456393501896; live:1055519227307100; discord:1193326729213776043; fivem:12869445; license2:d078059d7b51699fcf85bc327a1cffb01ad3a5ec]
[5:35:40 PM] [UCMp9#96] Anne Flank: joined with identifiers [steam:1100001097e125b; license:a938a74170975c01e88f463aea01684a16f28545; xbl:2535409246266710; live:1899947325711585; discord:293157047682465793; license2:9eb41e0279fe15e33ff86440bafc2105d3b78f01]
[5:35:58 PM] [UCMp9#92] ki: died from suicide (Falling)
[5:36:19 PM] [UCMp9#26] Kamakazi Gamdom: disconnected (Game crashed: GTA5_b2699.exe!sub_14076841C (0x5a))
[5:36:22 PM] [UCMp9#90] griimy: disconnected (Exiting)
[5:36:37 PM] [UCMp9#37] jlberry10: died from suicide
[5:39:56 PM] [UCMp9#97] Kamakazi Gamdom: joined with identifiers [steam:11000010e87be4d; license:b27179133e8df658895ecd5f756db2a4a4c8cd08; xbl:2533275003431282; live:1829581607460581; discord:242888314108116992; fivem:11442758; license2:e1e3866f24a1a081ffd211b7c1805c667b695651]
[5:41:02 PM] [UCMp9#98] Xelo: joined with identifiers [steam:110000116109a15; license:a2db071d76d436f7aa5e6efec9351699c2cd38c5; xbl:2535444412181725; live:1055518428603189; discord:185904261509414913; fivem:6326934; license2:dbab2f7ffc63ab4f5226ef0224530e6e711dbd42]
[5:41:02 PM] [UCMp9#41] BenjiBoi410: disconnected (Exiting)
[5:41:30 PM] [UCMp9#81] johnn: disconnected (Exiting)
[5:41:43 PM] [UCMp9#82] GAMER: disconnected (Exiting)
[5:42:19 PM] [UCMp9#74] enano.: disconnected (Exiting)
[5:43:02 PM] [UCMp9#72] Kain: died from suicide (Drowned)
[5:45:10 PM] [UCMp9#91] becca: died from suicide (Drowned)
[5:45:30 PM] [UCMp9#99] JDO432: joined with identifiers [steam:110000118946493; license:0e2fcfb117c01e6326d50a78a40a9e1b505b9a66; xbl:2533274799106057; live:985156132562648; discord:283711213798555649; fivem:10438647; license2:7cd85c02ee73227cda52e15864da2dddf11965e0]
[5:46:11 PM] [UCMp9#88] JOSH: said "/hideHUD"
[5:46:53 PM] [UCMp9#94] Spade: died from suicide (Falling)
[5:46:59 PM] [UCMp9#94] Spade: died from suicide (Ranover by Vehicle)
[5:47:34 PM] [UCMp9#42] dont get salty: disconnected (Exiting)
[5:48:07 PM] [UCMp9#37] jlberry10: disconnected (Server->client connection timed out. Last seen 35291 msec ago.)
[5:48:08 PM] [UCMp9#67] shawnyb2uk: disconnected ([txAdmin] (mjl1106) You have been permanently banned from this server for "Cheating/Stealing Items from peoples inventory".)
[5:48:19 PM] [UCMp9#96] Anne Flank: disconnected (Exiting)
[5:48:23 PM] [UCMp9#87] Esky: disconnected (Exiting)
[5:48:24 PM] [UCMp9#100] Prime: joined with identifiers [steam:11000010ca11a3e; license:f7dcdb2337cb359eab1d01dbb378da219cffa61c; xbl:2535470342658869; live:1829581630186829; discord:218191942377406464; fivem:3083043; license2:6fb7e6793c6bdcdc1e0c5f9b3ab6accd839e0285]
[5:49:17 PM] [UCMp9#94] Spade: said "/reloadskin"
[5:50:37 PM] [UCMp9#93] lolo1: died from suicide (Falling)
[5:50:46 PM] [UCMp9#88] JOSH: said "/hideHUD"
[5:54:59 PM] [UCMp9#84] lewispancutt: died from suicide (Falling)
[5:55:54 PM] [UCMp9#93] lolo1: died from suicide (Falling)
[5:56:11 PM] [UCMp9#93] lolo1: disconnected (Exiting)
[5:59:42 PM] [UCMp9#80] M1ghtpoo: disconnected (Game crashed: GTA5_b2699.exe!_setSamplersForPixelShader (0x89))
[6:00:23 PM] [UCMp9#94] Spade: disconnected (Game crashed: GTA5_b2699.exe!_setSamplersForPixelShader (0x89))
[6:00:29 PM] [UCMp9#101] M1ghtpoo: joined with identifiers [steam:110000113ecc7e2; license:0cb0904f95f3a0c8d552729894a13d9f979aa6b7; discord:487075059320619018; license2:0cb0904f95f3a0c8d552729894a13d9f979aa6b7]
[6:00:46 PM] [UCMp9#92] ki: said "/cop2"
[6:00:56 PM] [UCMp9#72] Kain: disconnected (Game crashed: d3d11.dll!CContext::TID3D11DeviceContext_SetShaderResources_<1,4> (0x161))
[6:01:01 PM] [UCMp9#83] Ryguyyy: disconnected (Exiting)
[6:01:10 PM] [UCMp9#56] 🔞💖Milf Lover 💖🔞: disconnected (Exiting)
[6:01:33 PM] [UCMp9#77] Ras Jr: died from suicide (Falling)
[6:03:28 PM] [UCMp9#91] becca: died from suicide (Falling)
[6:04:09 PM] [UCMp9#91] becca: disconnected (Exiting)
[6:04:32 PM] [UCMp9#84] lewispancutt: said "/laydown"
[6:07:34 PM] [UCMp9#100] Prime: disconnected (Game crashed: GTA5_b2699.exe!_setSamplersForPixelShader (0x89))
[6:08:07 PM] [UCMp9#95] reimoliivat: disconnected (Exiting)
[6:08:49 PM] [UCMp9#102] reimoliivat: joined with identifiers [steam:110000159bcd8e8; license:87c7288dede16846fa10cc8044734746a2d4409e; xbl:2535456393501896; live:1055519227307100; discord:1193326729213776043; fivem:12869445; license2:d078059d7b51699fcf85bc327a1cffb01ad3a5ec]
[6:09:05 PM] [UCMp9#103] Ryguyyy: joined with identifiers [steam:1100001062e8bd6; license:f926438e1973465479687d3cbfb795d8ac9b3299; discord:139867838193205249; fivem:2704061; license2:43e148fa18b4161a95fc9175047a492f036575a7]
[6:09:12 PM] [UCMp9#97] Kamakazi Gamdom: said "/admin]"
[6:09:39 PM] [UCMp9#97] Kamakazi Gamdom: said "/hideHUD"
[6:10:02 PM] [UCMp9#97] Kamakazi Gamdom: said "/hideHUD"
[6:10:12 PM] [UCMp9#89] Kody Pepperfield: said "/hideHUD"
[6:10:40 PM] [UCMp9#12] Mr_Green: said "/hideHUD"
[6:11:58 PM] [UCMp9#12] Mr_Green: disconnected (Exiting)
[6:12:12 PM] [UCMp9#45] RigssRP: said "/hideHUD"
[6:12:34 PM] [UCMp9#104] THE one: joined with identifiers [steam:110000159cc2b64; license:16d1dfb491f7e8a4419f00b9c7e763c25ab78404; discord:1059983194344149012; fivem:13679430; license2:16d1dfb491f7e8a4419f00b9c7e763c25ab78404]
[6:13:13 PM] [UCMp9#89] Kody Pepperfield: disconnected (Exiting)
[6:13:17 PM] [UCMp9#14] Don'tPlayMe: said "/reports"
[6:13:18 PM] [UCMp9#14] Don'tPlayMe: said "/reports"
[6:13:30 PM] [UCMp9#63] bigboishootershit: said "/furnish"
[6:13:58 PM] [UCMp9#55] BotOnMnK: disconnected (Exiting)
[6:15:14 PM] [UCMp9#14] Don'tPlayMe: died from suicide (Falling)
[6:15:49 PM] [UCMp9#63] bigboishootershit: said "/carry"
[6:15:49 PM] [UCMp9#63] bigboishootershit: said "/cancelemote"
[6:15:49 PM] [UCMp9#63] bigboishootershit: said "/reloadskin"
[6:15:50 PM] [UCMp9#63] bigboishootershit: said "/cancelemote"
[6:15:50 PM] [UCMp9#63] bigboishootershit: said "/reloadskin"
[6:16:33 PM] [UCMp9#63] bigboishootershit: said "/furnish"
[6:16:46 PM] [UCMp9#63] bigboishootershit: said "/carry"
[6:17:06 PM] [UCMp9#63] bigboishootershit: said "/furnish"
[6:18:34 PM] [UCMp9#63] bigboishootershit: said "/furnish"
[6:21:24 PM] [UCMp9#97] Kamakazi Gamdom: said "/hideHUD"
[6:21:25 PM] [UCMp9#63] bigboishootershit: said "/furnish"
[6:21:30 PM] [UCMp9#97] Kamakazi Gamdom: said "/hideHUD"
[6:21:31 PM] [UCMp9#97] Kamakazi Gamdom: said "/hideHUD"
[6:21:51 PM] [UCMp9#77] Ras Jr: died from suicide (Falling)
[6:22:57 PM] [UCMp9#102] reimoliivat: said "y"
[6:23:25 PM] [UCMp9#63] bigboishootershit: said "/cancelemote"
[6:23:25 PM] [UCMp9#63] bigboishootershit: said "/reloadskin"
[6:23:25 PM] [UCMp9#63] bigboishootershit: said "/cancelemote"
[6:23:25 PM] [UCMp9#63] bigboishootershit: said "/reloadskin"
[6:23:47 PM] [UCMp9#105] justiceleeburnett123: joined with identifiers [steam:11000013fadc52b; license:373755d394112d628b2824935400f55c7dee30e7; xbl:2535424925925114; live:914801372948321; discord:789957444855398440; fivem:13642013; license2:373755d394112d628b2824935400f55c7dee30e7]
[6:23:53 PM] [UCMp9#14] Don'tPlayMe: disconnected (Server->client connection timed out. Last seen 32509 msec ago.)
[6:24:18 PM] [UCMp9#102] reimoliivat: said "/hideHUD"
[6:24:39 PM] [UCMp9#63] bigboishootershit: said "/furnish"
[6:25:33 PM] [UCMp9#63] bigboishootershit: said "/furnish"
[6:25:35 PM] [UCMp9#97] Kamakazi Gamdom: said "/hideHUD"
[6:26:12 PM] [UCMp9#63] bigboishootershit: said "/furnish"
[6:28:48 PM] [UCMp9#63] bigboishootershit: said "/furnish"
[6:30:12 PM] [UCMp9#63] bigboishootershit: said "/furnish"
[6:30:16 PM] [UCMp9#63] bigboishootershit: disconnected (Exiting)
[6:31:09 PM] [UCMp9#102] reimoliivat: disconnected (Exiting)
[6:31:34 PM] [UCMp9#84] lewispancutt: died from suicide (Falling)
[6:31:49 PM] [UCMp9#106] reimoliivat: joined with identifiers [steam:110000159bcd8e8; license:87c7288dede16846fa10cc8044734746a2d4409e; xbl:2535456393501896; live:1055519227307100; discord:1193326729213776043; fivem:12869445; license2:d078059d7b51699fcf85bc327a1cffb01ad3a5ec]
[6:33:35 PM] [UCMp9#107] justiceleeburnett123: joined with identifiers [steam:11000013fadc52b; license:373755d394112d628b2824935400f55c7dee30e7; xbl:2535424925925114; live:914801372948321; discord:789957444855398440; fivem:13642013; license2:373755d394112d628b2824935400f55c7dee30e7]
[6:33:36 PM] [UCMp9#105] justiceleeburnett123: disconnected (Duplicate licenses detected: 373755d394112d628b2824935400f55c7dee30e7)
[6:35:16 PM] [UCMp9#107] justiceleeburnett123: died from suicide (Falling)
[6:36:05 PM] [UCMp9#106] reimoliivat: died from suicide (Falling)
[6:36:08 PM] [UCMp9#107] justiceleeburnett123: disconnected (Exiting)
[6:36:12 PM] [UCMp9#45] RigssRP: said "/hideHUD"
[6:36:36 PM] [UCMp9#68] PISSFLAPS: said "/hideHUD"
[6:36:39 PM] [UCMp9#77] Ras Jr: said "/hideHUD"
[6:36:57 PM] [UCMp9#108] justiceleeburnett123: joined with identifiers [steam:11000013fadc52b; license:373755d394112d628b2824935400f55c7dee30e7; xbl:2535424925925114; live:914801372948321; discord:789957444855398440; fivem:13642013; license2:373755d394112d628b2824935400f55c7dee30e7]
[6:37:23 PM] [UCMp9#45] RigssRP: disconnected (Exiting)
[6:37:34 PM] [UCMp9#92] ki: said "/hideHUD"
[6:37:45 PM] [UCMp9#109] zoom: joined with identifiers [steam:1100001445f3d8b; license:9ad75b0b7e9938320646cd632f026a1ded621e36; xbl:2535447518451339; live:985154767554358; discord:1055973336842248403; fivem:10164198; license2:9ad75b0b7e9938320646cd632f026a1ded621e36]
[6:37:49 PM] [UCMp9#92] ki: said "/hideHUD"
[6:38:41 PM] [UCMp9#92] ki: said "/hideHUD"
[6:41:31 PM] [UCMp9#88] JOSH: disconnected (Exiting)
[6:42:20 PM] [UCMp9#108] justiceleeburnett123: disconnected (Server->client connection timed out. Last seen 46263 msec ago.)
[6:42:33 PM] [UCMp9#110] justiceleeburnett123: joined with identifiers [steam:11000013fadc52b; license:373755d394112d628b2824935400f55c7dee30e7; xbl:2535424925925114; live:914801372948321; discord:789957444855398440; fivem:13642013; license2:373755d394112d628b2824935400f55c7dee30e7]
[6:46:23 PM] [UCMp9#110] justiceleeburnett123: disconnected (Server->client connection timed out. Last seen 38793 msec ago.)
[6:47:08 PM] [UCMp9#111] bigboishootershit: joined with identifiers [steam:1100001459e413e; license:2f45efc6fc5236b2edf98268ec669c60ecd4b984; discord:797538341758566441; license2:e28cdd42b265b48561576dcfc5b5f6141a05a949]
[6:47:43 PM] [UCMp9#112] Don'tPlayMe: joined with identifiers [steam:11000014bb61c9e; license:2f9772222904964dc7e1276592f4900adc8bdf41; xbl:2535425017428396; live:985155143200123; discord:1047627826779656303; fivem:8462056; license2:2f9772222904964dc7e1276592f4900adc8bdf41]
[6:49:02 PM] [UCMp9#111] bigboishootershit: said "/cancelemote"
[6:49:02 PM] [UCMp9#111] bigboishootershit: said "/reloadskin"
[6:49:02 PM] [UCMp9#111] bigboishootershit: said "/cancelemote"
[6:49:02 PM] [UCMp9#111] bigboishootershit: said "/reloadskin"
[6:49:07 PM] [UCMp9#111] bigboishootershit: said "/cancelemote"
[6:49:07 PM] [UCMp9#111] bigboishootershit: said "/reloadskin"
[6:49:09 PM] [UCMp9#111] bigboishootershit: said "/cancelemote"
[6:49:09 PM] [UCMp9#111] bigboishootershit: said "/reloadskin"
[6:49:54 PM] [UCMp9#101] M1ghtpoo: said "/repair"
[6:50:01 PM] [UCMp9#112] Don'tPlayMe: said "/reports"
[6:50:11 PM] [UCMp9#112] Don'tPlayMe: said "/reports"
[6:50:30 PM] [UCMp9#106] reimoliivat: died from suicide (Falling)
[6:51:00 PM] [UCMp9#113] LANDO55: joined with identifiers [steam:110000164c67725; license:d8294bc0556f53681a9512b9470267d3be4ba88f; xbl:2535453926872743; live:844425205385718; discord:1214390049429524531; fivem:13471247; license2:d8294bc0556f53681a9512b9470267d3be4ba88f]
[6:51:37 PM] [UCMp9#111] bigboishootershit: said "/carry"
[6:52:05 PM] [UCMp9#101] M1ghtpoo: disconnected (Game crashed: GTA5_b2699.exe!_setSamplersForPixelShader (0x89))
[6:52:10 PM] [UCMp9#84] lewispancutt: disconnected (Exiting)
[6:52:44 PM] [UCMp9#114] M1ghtpoo: joined with identifiers [steam:110000113ecc7e2; license:0cb0904f95f3a0c8d552729894a13d9f979aa6b7; discord:487075059320619018; license2:0cb0904f95f3a0c8d552729894a13d9f979aa6b7]
[6:53:53 PM] [UCMp9#44] MJL: died from suicide
[6:53:57 PM] [UCMp9#111] bigboishootershit: said "/hideHUD"
[6:54:01 PM] [UCMp9#114] M1ghtpoo: disconnected (Server->client connection timed out. Last seen 45767 msec ago.)
[6:54:03 PM] [UCMp9#70] emily: died from suicide (Falling)
[6:54:14 PM] [UCMp9#111] bigboishootershit: said "/cancelemote"
[6:54:14 PM] [UCMp9#111] bigboishootershit: said "/reloadskin"
[6:54:15 PM] [UCMp9#111] bigboishootershit: said "/cancelemote"
[6:54:15 PM] [UCMp9#111] bigboishootershit: said "/reloadskin"
[6:54:35 PM] [UCMp9#111] bigboishootershit: said "/hideHUD"
[6:56:20 PM] [UCMp9#70] emily: disconnected (Exiting)
[6:56:41 PM] [UCMp9#77] Ras Jr: disconnected (Game crashed: d3d11.dll!??$TID3D11DeviceContext_SetShaderResources_@$03$03@CContext@@SAXPEAUID3D11DeviceContext5@@IIPEBQEAUID3D11ShaderResourceView@@@Z (0x95))
[6:57:18 PM] [UCMp9#115] Ras Jr: joined with identifiers [steam:11000015c3f1612; license:35c7844efea5c2ddeb0651d4dbc97d6a064c4774; xbl:2535439778100931; live:844425224566945; discord:614203359028576270; license2:455ac21353d0017132574f51467c9f5a6b01e629]
[6:59:17 PM] [UCMp9#106] reimoliivat: died from suicide (Falling)
[7:01:19 PM] [UCMp9#92] ki: died from suicide (Falling)
[7:02:03 PM] [UCMp9#111] bigboishootershit: said "/furnish"
[7:03:07 PM] [UCMp9#111] bigboishootershit: said "/cancelemote"
[7:03:07 PM] [UCMp9#111] bigboishootershit: said "/reloadskin"
[7:03:08 PM] [UCMp9#111] bigboishootershit: said "/cancelemote"
[7:03:08 PM] [UCMp9#111] bigboishootershit: said "/reloadskin"
[7:03:20 PM] [UCMp9#111] bigboishootershit: said "/furnish"
[7:03:49 PM] [UCMp9#112] Don'tPlayMe: said "/reports"
[7:03:49 PM] [UCMp9#112] Don'tPlayMe: said "/reports"
[7:04:21 PM] [UCMp9#111] bigboishootershit: said "/furnish"
[7:04:40 PM] [UCMp9#111] bigboishootershit: said "/cancelemote"
[7:04:40 PM] [UCMp9#111] bigboishootershit: said "/reloadskin"
[7:04:45 PM] [UCMp9#111] bigboishootershit: said "/cancelemote"
[7:04:45 PM] [UCMp9#111] bigboishootershit: said "/reloadskin"
[7:05:09 PM] [UCMp9#104] THE one: disconnected (Exiting)
[7:06:50 PM] [UCMp9#116] THE one: joined with identifiers [steam:110000159cc2b64; license:16d1dfb491f7e8a4419f00b9c7e763c25ab78404; discord:1059983194344149012; fivem:13679430; license2:16d1dfb491f7e8a4419f00b9c7e763c25ab78404]
[7:08:18 PM] [UCMp9#106] reimoliivat: disconnected (Game crashed: d3d11.dll!??$TID3D11DeviceContext_SetShaderResources_@$00$03@CContext@@SAXPEAUID3D11DeviceContext5@@IIPEBQEAUID3D11ShaderResourceView@@@Z (0x13e))
[7:09:36 PM] [UCMp9#112] Don'tPlayMe: died from suicide (Falling)
[7:09:40 PM] [UCMp9#97] Kamakazi Gamdom: died from suicide
[7:09:50 PM] [UCMp9#109] zoom: died from suicide
[7:10:00 PM] [UCMp9#117] Admin: joined with identifiers [license:022315e44bd8f7d20ed1ccb14b82699981f870bc; xbl:2535416662850519; live:914801400217495; discord:429739739491598336; fivem:1205928; license2:022315e44bd8f7d20ed1ccb14b82699981f870bc]
[7:10:04 PM] [UCMp9#118] reimoliivat: joined with identifiers [steam:110000159bcd8e8; license:87c7288dede16846fa10cc8044734746a2d4409e; xbl:2535456393501896; live:1055519227307100; discord:1193326729213776043; fivem:12869445; license2:d078059d7b51699fcf85bc327a1cffb01ad3a5ec]
[7:11:31 PM] [UCMp9#111] bigboishootershit: said "/furnish"
[7:12:13 PM] [UCMp9#111] bigboishootershit: said "/carry"
[7:12:34 PM] [UCMp9#112] Don'tPlayMe: died from suicide (Falling)
[7:13:24 PM] [UCMp9#92] ki: said "/hideHUD"
[7:13:45 PM] [UCMp9#92] ki: disconnected (Exiting)
[7:17:54 PM] [UCMp9#115] Ras Jr: died from unknown by Don'tPlayMe
[7:17:56 PM] [UCMp9#111] bigboishootershit: died from unknown by Don'tPlayMe
[7:18:17 PM] [UCMp9#111] bigboishootershit: said "/help"
[7:19:04 PM] [UCMp9#109] zoom: died from unknown by Don'tPlayMe
[7:19:15 PM] [UCMp9#111] bigboishootershit: died from unknown by Don'tPlayMe
[7:19:23 PM] [UCMp9#109] zoom: died from suicide (Falling)
[7:20:08 PM] [UCMp9#115] Ras Jr: died from unknown by Don'tPlayMe
[7:21:36 PM] [UCMp9#111] bigboishootershit: said "/help"
[7:21:47 PM] [UCMp9#111] bigboishootershit: said "/help"
[7:22:47 PM] [UCMp9#111] bigboishootershit: said "/cancelemote"
[7:22:47 PM] [UCMp9#111] bigboishootershit: said "/reloadskin"
[7:22:48 PM] [UCMp9#111] bigboishootershit: said "/cancelemote"
[7:22:48 PM] [UCMp9#111] bigboishootershit: said "/reloadskin"
[7:22:55 PM] [UCMp9#98] Xelo: died from suicide (Falling)
[7:23:02 PM] [UCMp9#111] bigboishootershit: said "/cancelemote"
[7:23:02 PM] [UCMp9#111] bigboishootershit: said "/reloadskin"
[7:23:03 PM] [UCMp9#111] bigboishootershit: said "/cancelemote"
[7:23:03 PM] [UCMp9#111] bigboishootershit: said "/reloadskin"
[7:24:16 PM] [UCMp9#119] Kody Pepperfield: joined with identifiers [steam:11000010c770c55; license:3219d00ad3af143df0db5d2bed38fe7460729e68; xbl:2535451109437060; live:1055521765014399; discord:152991330048540672; fivem:8659677; license2:3e576e238fb0360dab034daae9fc7459afbacb59]
[7:31:28 PM] [UCMp9#86] bulldogcoop63: disconnected (Exiting)
[7:32:41 PM] [UCMp9#111] bigboishootershit: said "/carry"
[7:33:33 PM] [UCMp9#111] bigboishootershit: said "/cancelemote"
[7:33:33 PM] [UCMp9#111] bigboishootershit: said "/reloadskin"
[7:33:34 PM] [UCMp9#111] bigboishootershit: said "/cancelemote"
[7:33:34 PM] [UCMp9#111] bigboishootershit: said "/reloadskin"
[7:33:54 PM] [UCMp9#111] bigboishootershit: said "/cancelemote"
[7:33:54 PM] [UCMp9#111] bigboishootershit: said "/reloadskin"
[7:33:54 PM] [UCMp9#111] bigboishootershit: said "/cancelemote"
[7:33:54 PM] [UCMp9#111] bigboishootershit: said "/reloadskin"
[7:33:55 PM] [UCMp9#111] bigboishootershit: said "/cancelemote"
[7:33:55 PM] [UCMp9#111] bigboishootershit: said "/reloadskin"
[7:33:59 PM] [UCMp9#111] bigboishootershit: said "/cancelemote"
[7:33:59 PM] [UCMp9#111] bigboishootershit: said "/reloadskin"
[7:33:59 PM] [UCMp9#112] Don'tPlayMe: said "/reports"
[7:36:27 PM] [UCMp9#111] bigboishootershit: said "/cancelemote"
[7:36:27 PM] [UCMp9#111] bigboishootershit: said "/reloadskin"
[7:36:28 PM] [UCMp9#111] bigboishootershit: said "/cancelemote"
[7:36:28 PM] [UCMp9#111] bigboishootershit: said "/reloadskin"
[7:37:03 PM] [UCMp9#111] bigboishootershit: said "/carry"
[7:37:30 PM] [UCMp9#111] bigboishootershit: said "/carry"
[7:38:00 PM] [UCMp9#98] Xelo: said "cant buy car? preparing for tour de france i guess"
[7:38:01 PM] [UCMp9#111] bigboishootershit: said "/carry"
[7:38:22 PM] [UCMp9#111] bigboishootershit: said "/carry"
[7:38:41 PM] [UCMp9#97] Kamakazi Gamdom: said "/dmv"
[7:40:21 PM] [UCMp9#111] bigboishootershit: said "/cancelemote"
[7:40:21 PM] [UCMp9#111] bigboishootershit: said "/reloadskin"
[7:41:30 PM] [UCMp9#111] bigboishootershit: said "/cancelemote"
[7:41:30 PM] [UCMp9#111] bigboishootershit: said "/reloadskin"
[7:42:58 PM] [UCMp9#111] bigboishootershit: said "/carry"
[7:43:22 PM] [UCMp9#111] bigboishootershit: said "/carry"
[7:44:45 PM] [UCMp9#111] bigboishootershit: said "/carry"
[7:45:01 PM] [UCMp9#111] bigboishootershit: said "/carry"
[7:45:10 PM] [UCMp9#111] bigboishootershit: said "/cancelemote"
[7:45:10 PM] [UCMp9#111] bigboishootershit: said "/reloadskin"
[7:45:10 PM] [UCMp9#111] bigboishootershit: said "/cancelemote"
[7:45:10 PM] [UCMp9#111] bigboishootershit: said "/reloadskin"
[7:45:14 PM] [UCMp9#118] reimoliivat: disconnected (You have been banned.)
[7:47:33 PM] [UCMp9#113] LANDO55: disconnected (Exiting)
[7:48:42 PM] [UCMp9#111] bigboishootershit: said "/carry"
[7:49:11 PM] [UCMp9#117] Admin: disconnected (Exiting)
[7:49:32 PM] [UCMp9#112] Don'tPlayMe: said "/carry"
[7:49:38 PM] [UCMp9#111] bigboishootershit: said "/carry"
[7:51:54 PM] [UCMp9#120] reimoliivat: joined with identifiers [steam:110000159bcd8e8; license:87c7288dede16846fa10cc8044734746a2d4409e; xbl:2535456393501896; live:1055519227307100; discord:1193326729213776043; fivem:12869445; license2:d078059d7b51699fcf85bc327a1cffb01ad3a5ec]
[7:52:46 PM] [UCMp9#98] Xelo: disconnected (Exiting)
[7:52:51 PM] [UCMp9#111] bigboishootershit: said "/carry"
[7:52:55 PM] [UCMp9#116] THE one: disconnected (Exiting)
[7:53:05 PM] [UCMp9#111] bigboishootershit: said "/cancelemote"
[7:53:05 PM] [UCMp9#111] bigboishootershit: said "/reloadskin"
[7:53:06 PM] [UCMp9#111] bigboishootershit: said "/cancelemote"
[7:53:06 PM] [UCMp9#111] bigboishootershit: said "/reloadskin"
[7:55:24 PM] [UCMp9#120] reimoliivat: died from suicide (Falling)
[7:57:03 PM] [UCMp9#111] bigboishootershit: said "/cancelemote"
[7:57:03 PM] [UCMp9#111] bigboishootershit: said "/reloadskin"
[7:57:04 PM] [UCMp9#111] bigboishootershit: said "/cancelemote"
[7:57:04 PM] [UCMp9#111] bigboishootershit: said "/reloadskin"
[7:57:19 PM] [UCMp9#109] zoom: disconnected (You have been banned.)
[7:58:19 PM] [UCMp9#97] Kamakazi Gamdom: said "/admin]"
[7:58:25 PM] [UCMp9#121] zoom: joined with identifiers [steam:1100001445f3d8b; license:9ad75b0b7e9938320646cd632f026a1ded621e36; xbl:2535447518451339; live:985154767554358; discord:1055973336842248403; fivem:10164198; license2:9ad75b0b7e9938320646cd632f026a1ded621e36]
[7:58:55 PM] [UCMp9#111] bigboishootershit: said "/cancelemote"
[7:58:55 PM] [UCMp9#111] bigboishootershit: said "/reloadskin"
[7:58:55 PM] [UCMp9#111] bigboishootershit: said "/cancelemote"
[7:58:55 PM] [UCMp9#111] bigboishootershit: said "/reloadskin"
[8:01:54 PM] [UCMp9#111] bigboishootershit: said "/cancelemote"
[8:01:54 PM] [UCMp9#111] bigboishootershit: said "/reloadskin"
[8:02:06 PM] [UCMp9#111] bigboishootershit: said "/cancelemote"
[8:02:06 PM] [UCMp9#111] bigboishootershit: said "/reloadskin"
[8:02:28 PM] [UCMp9#111] bigboishootershit: said "/cancelemote"
[8:02:28 PM] [UCMp9#111] bigboishootershit: said "/reloadskin"
[8:02:29 PM] [UCMp9#111] bigboishootershit: said "/cancelemote"
[8:02:29 PM] [UCMp9#111] bigboishootershit: said "/reloadskin"
[8:03:27 PM] [UCMp9#97] Kamakazi Gamdom: caused an explosion (STICKYBOMB)
[8:03:27 PM] [UCMp9#97] Kamakazi Gamdom: died from suicide
[8:03:28 PM] [UCMp9#119] Kody Pepperfield: died from Sticky Bomb by Kamakazi Gamdom
[8:03:28 PM] [UCMp9#111] bigboishootershit: died from Sticky Bomb by Kamakazi Gamdom
[8:03:52 PM] [UCMp9#111] bigboishootershit: said "/cancelemote"
[8:03:52 PM] [UCMp9#111] bigboishootershit: said "/reloadskin"
[8:03:52 PM] [UCMp9#111] bigboishootershit: said "/cancelemote"
[8:03:52 PM] [UCMp9#111] bigboishootershit: said "/reloadskin"
[8:06:14 PM] [UCMp9#119] Kody Pepperfield: died from unknown by Kamakazi Gamdom
[8:07:48 PM] [UCMp9#112] Don'tPlayMe: said "/reloadskin"
[8:08:40 PM] [UCMp9#103] Ryguyyy: disconnected (Exiting)
[8:08:46 PM] [UCMp9#111] bigboishootershit: said "/cancelemote"
[8:08:46 PM] [UCMp9#111] bigboishootershit: said "/reloadskin"
[8:08:47 PM] [UCMp9#111] bigboishootershit: said "/cancelemote"
[8:08:47 PM] [UCMp9#111] bigboishootershit: said "/reloadskin"
[8:09:27 PM] [UCMp9#122] Ryguyyy: joined with identifiers [steam:1100001062e8bd6; license:f926438e1973465479687d3cbfb795d8ac9b3299; discord:139867838193205249; fivem:2704061; license2:43e148fa18b4161a95fc9175047a492f036575a7]
[8:10:05 PM] [UCMp9#111] bigboishootershit: said "/cancelemote"
[8:10:05 PM] [UCMp9#111] bigboishootershit: said "/reloadskin"
[8:10:06 PM] [UCMp9#111] bigboishootershit: said "/cancelemote"
[8:10:06 PM] [UCMp9#111] bigboishootershit: said "/reloadskin"
[8:11:12 PM] [UCMp9#97] Kamakazi Gamdom: died from Pistol by bigboishootershit
[8:11:16 PM] [UCMp9#111] bigboishootershit: died from unknown by Kody Pepperfield
[8:13:05 PM] [UCMp9#99] JDO432: disconnected (Exiting)
[8:13:09 PM] [UCMp9#112] Don'tPlayMe: died from suicide (Ranover by Vehicle)
[8:13:32 PM] [UCMp9#119] Kody Pepperfield: disconnected (Exiting)
[8:13:54 PM] [UCMp9#121] zoom: died from Revolver by Kamakazi Gamdom
[8:14:07 PM] [UCMp9#97] Kamakazi Gamdom: died from Pistol by zoom
[8:14:08 PM] [UCMp9#111] bigboishootershit: died from Pistol by Ras Jr
[8:14:20 PM] [UCMp9#111] bigboishootershit: said "/cancelemote"
[8:14:20 PM] [UCMp9#111] bigboishootershit: said "/reloadskin"
[8:14:29 PM] [UCMp9#115] Ras Jr: died from Pistol by zoom
[8:14:37 PM] [UCMp9#111] bigboishootershit: said "/cancelemote"
[8:14:37 PM] [UCMp9#111] bigboishootershit: said "/reloadskin"
[8:15:39 PM] [UCMp9#111] bigboishootershit: disconnected (Exiting)
[8:18:18 PM] [UCMp9#97] Kamakazi Gamdom: disconnected (Exiting)
[8:20:31 PM] [UCMp9#115] Ras Jr: disconnected (Exiting)
[8:20:38 PM] [UCMp9#121] zoom: disconnected (Exiting)
[8:25:24 PM] [UCMp9#112] Don'tPlayMe: disconnected (Exiting)
[8:25:50 PM] [UCMp9#120] reimoliivat: disconnected (Server->client connection timed out. Last seen 38028 msec ago.)
[8:29:00 PM] [UCMp9#123] Prime: joined with identifiers [steam:11000010ca11a3e; license:f7dcdb2337cb359eab1d01dbb378da219cffa61c; xbl:2535470342658869; live:1829581630186829; discord:218191942377406464; fivem:3083043; license2:6fb7e6793c6bdcdc1e0c5f9b3ab6accd839e0285]
[8:30:08 PM] [UCMp9#124] JOSH: joined with identifiers [steam:1100001438fe567; license:b6284c20b4ad2c41c48d4a31859b65ae2a417ec8; discord:405075418769522708; fivem:12124231; license2:b6284c20b4ad2c41c48d4a31859b65ae2a417ec8]
[8:31:24 PM] [UCMp9#125] BotOnMnK: joined with identifiers [steam:11000014df460ff; license:06a61b4c40fc28c0a6e0a709ba99ffb637152b33; xbl:2535406023679221; live:1055518462074046; discord:1043623556015194112; fivem:9907274; license2:06a61b4c40fc28c0a6e0a709ba99ffb637152b33]
[8:42:39 PM] [UCMp9#122] Ryguyyy: disconnected (Exiting)
[8:48:15 PM] [UCMp9#68] PISSFLAPS: died from suicide
[9:06:03 PM] [UCMp9#123] Prime: disconnected (Exiting)
[9:19:42 PM] [UCMp9#44] MJL: disconnected (text.afk_kick_message)
[9:24:03 PM] [UCMp9#124] JOSH: said "/th"
[9:30:50 PM] txAdmin: ((Broadcast) txAdmin): said "This server is scheduled to restart in 30 minutes."
[9:45:51 PM] txAdmin: ((Broadcast) txAdmin): said "This server is scheduled to restart in 15 minutes."
[9:50:51 PM] txAdmin: ((Broadcast) txAdmin): said "This server is scheduled to restart in 10 minutes."
[9:55:51 PM] txAdmin: ((Broadcast) txAdmin): said "This server is scheduled to restart in 5 minutes."
[9:56:51 PM] txAdmin: ((Broadcast) txAdmin): said "This server is scheduled to restart in 4 minutes."
[9:57:36 PM] [UCMp9#124] JOSH: said "/hideHUD"
[9:57:50 PM] [UCMp9#124] JOSH: disconnected (Exiting)
[9:57:51 PM] txAdmin: ((Broadcast) txAdmin): said "This server is scheduled to restart in 3 minutes."
[9:58:10 PM] [UCMp9#125] BotOnMnK: disconnected (Exiting)
[9:58:51 PM] txAdmin: ((Broadcast) txAdmin): said "This server is scheduled to restart in 2 minutes."
[9:59:51 PM] txAdmin: ((Broadcast) txAdmin): said "This server is scheduled to restart in 1 minute. Please disconnect now."
[10:00:51 PM] [UCMp9#68] PISSFLAPS: disconnected ([txAdmin] Server restarting (scheduled restart at 22:00).)
[10:01:23 PM] txAdmin: Logger started
