
================================================================
======== Log Rotated - 2/29/2024, 12:00:00 AM                   
================================================================

================================================================
======== txAdmin Starting - 2/29/2024, 3:00:32 PM               
================================================================
[3:03:56 PM] txAdmin: Logger started

================================================================
======== txAdmin Starting - 2/29/2024, 5:12:17 PM               
================================================================
[5:13:07 PM] txAdmin: Logger started
[5:14:12 PM] [kYXfG#1] Matthew Lowe: joined with identifiers [license:ec6c328d6d02f816bf13e4a9d09768c02d6e3125; xbl:2535415531070562; live:1055522508602522; discord:213410953641852928; fivem:2586828]
[5:14:47 PM] [kYXfG#2] Pepperfield: joined with identifiers [steam:11000010a17dec4; license:b27179133e8df658895ecd5f756db2a4a4c8cd08; xbl:2533275003431282; live:1829581607460581; discord:242888314108116992; fivem:11442758; license2:e1e3866f24a1a081ffd211b7c1805c667b695651]
[5:16:01 PM] [kYXfG#1] Matthew Lowe: said "/exithouse"
[5:16:01 PM] [kYXfG#1] Matthew Lowe: said "/enterhouse"
[5:16:07 PM] [kYXfG#1] Matthew Lowe: said "/exithouse"
[5:16:07 PM] [kYXfG#1] Matthew Lowe: said "/enterhouse"
[5:16:08 PM] [kYXfG#1] Matthew Lowe: said "/exithouse"
[5:16:08 PM] [kYXfG#1] Matthew Lowe: said "/enterhouse"
[5:16:12 PM] [kYXfG#1] Matthew Lowe: said "/exithouse"
[5:16:12 PM] [kYXfG#1] Matthew Lowe: said "/enterhouse"
[5:19:00 PM] [kYXfG#2] Pepperfield: caused an explosion (FIREWORK)
[5:19:02 PM] [kYXfG#2] Pepperfield: caused an explosion (FIREWORK)
[5:19:04 PM] [kYXfG#2] Pepperfield: caused an explosion (FIREWORK)
[5:19:06 PM] [kYXfG#2] Pepperfield: caused an explosion (FIREWORK)
[5:19:45 PM] [kYXfG#2] Pepperfield: caused an explosion (CAR)
[5:19:54 PM] [kYXfG#2] Pepperfield: caused an explosion (CAR)
[5:20:29 PM] [kYXfG#2] Pepperfield: caused an explosion (FIREWORK)
[5:20:32 PM] [kYXfG#2] Pepperfield: caused an explosion (FIREWORK)
[5:20:39 PM] [kYXfG#2] Pepperfield: caused an explosion (FIREWORK)
[5:20:42 PM] [kYXfG#2] Pepperfield: caused an explosion (FIREWORK)
[5:20:44 PM] [kYXfG#2] Pepperfield: caused an explosion (FIREWORK)
[5:20:46 PM] [kYXfG#2] Pepperfield: caused an explosion (FIREWORK)
[5:20:48 PM] [kYXfG#2] Pepperfield: caused an explosion (FIREWORK)
[5:20:50 PM] [kYXfG#2] Pepperfield: caused an explosion (FIREWORK)
[5:20:52 PM] [kYXfG#2] Pepperfield: caused an explosion (FIREWORK)
[5:20:54 PM] [kYXfG#2] Pepperfield: caused an explosion (FIREWORK)
[5:20:56 PM] [kYXfG#2] Pepperfield: caused an explosion (FIREWORK)
[5:21:07 PM] [kYXfG#2] Pepperfield: caused an explosion (FIREWORK)
[5:21:09 PM] [kYXfG#2] Pepperfield: caused an explosion (FIREWORK)
[5:21:11 PM] [kYXfG#2] Pepperfield: caused an explosion (FIREWORK)
[5:21:13 PM] [kYXfG#2] Pepperfield: caused an explosion (FIREWORK)
[5:21:15 PM] [kYXfG#2] Pepperfield: caused an explosion (FIREWORK)
[5:22:03 PM] [kYXfG#2] Pepperfield: caused an explosion (FIREWORK)
[5:22:18 PM] [kYXfG#2] Pepperfield: caused an explosion (FIREWORK)
[5:22:27 PM] [kYXfG#2] Pepperfield: caused an explosion (FIREWORK)
[5:22:30 PM] [kYXfG#2] Pepperfield: caused an explosion (FIREWORK)
[5:22:32 PM] [kYXfG#2] Pepperfield: caused an explosion (FIREWORK)
[5:23:52 PM] [kYXfG#2] Pepperfield: said "/SETAMMO250"
[5:24:07 PM] [kYXfG#1] Matthew Lowe: died from unknown by Pepperfield
[5:24:12 PM] [kYXfG#1] Matthew Lowe: said "/exithouse"
[5:24:12 PM] [kYXfG#1] Matthew Lowe: said "/enterhouse"
[5:28:02 PM] [kYXfG#2] Pepperfield: caused an explosion (FIREWORK)
[5:28:07 PM] [kYXfG#2] Pepperfield: caused an explosion (FIREWORK)
[5:28:09 PM] [kYXfG#2] Pepperfield: caused an explosion (FIREWORK)
[5:28:12 PM] [kYXfG#2] Pepperfield: caused an explosion (FIREWORK)
[5:28:14 PM] [kYXfG#2] Pepperfield: caused an explosion (FIREWORK)
[5:28:16 PM] [kYXfG#2] Pepperfield: caused an explosion (FIREWORK)
[5:28:18 PM] [kYXfG#2] Pepperfield: caused an explosion (FIREWORK)
[5:28:18 PM] [kYXfG#2] Pepperfield: caused an explosion (FIREWORK)
[5:28:27 PM] [kYXfG#2] Pepperfield: caused an explosion (FIREWORK)
[5:28:30 PM] [kYXfG#2] Pepperfield: caused an explosion (FIREWORK)
[5:31:37 PM] [kYXfG#1] Matthew Lowe: died from Flaregun by Pepperfield
[5:32:45 PM] [kYXfG#2] Pepperfield: disconnected (Exiting)
[5:33:27 PM] [kYXfG#3] Pepperfield: joined with identifiers [steam:11000010a17dec4; license:b27179133e8df658895ecd5f756db2a4a4c8cd08; xbl:2533275003431282; live:1829581607460581; discord:242888314108116992; fivem:11442758; license2:e1e3866f24a1a081ffd211b7c1805c667b695651]
[5:36:43 PM] [kYXfG#1] Matthew Lowe: died from Flaregun by Pepperfield
[5:37:11 PM] [kYXfG#1] Matthew Lowe: died from unknown by Pepperfield
[5:37:39 PM] [kYXfG#1] Matthew Lowe: died from Hammer by Pepperfield
[5:38:09 PM] [kYXfG#1] Matthew Lowe: died from unknown by Pepperfield
[5:39:38 PM] [kYXfG#1] Matthew Lowe: died from unknown by Pepperfield
[5:39:51 PM] [kYXfG#1] Matthew Lowe: died from unknown by Pepperfield
[5:40:36 PM] [kYXfG#3] Pepperfield: caused an explosion (CAR)
[5:42:22 PM] [kYXfG#1] Matthew Lowe: said "/exithouse"
[5:42:22 PM] [kYXfG#1] Matthew Lowe: said "/enterhouse"
[5:42:26 PM] [kYXfG#1] Matthew Lowe: said "/exithouse"
[5:42:26 PM] [kYXfG#1] Matthew Lowe: said "/enterhouse"
[5:43:17 PM] [kYXfG#1] Matthew Lowe: said "/exithouse"
[5:43:17 PM] [kYXfG#1] Matthew Lowe: said "/enterhouse"
[5:43:42 PM] [kYXfG#1] Matthew Lowe: said "/exithouse"
[5:43:42 PM] [kYXfG#1] Matthew Lowe: said "/enterhouse"
[5:43:43 PM] [kYXfG#1] Matthew Lowe: said "/exithouse"
[5:43:43 PM] [kYXfG#1] Matthew Lowe: said "/enterhouse"
[5:48:02 PM] [kYXfG#1] Matthew Lowe: died from Micro SMG by Pepperfield
[5:48:36 PM] [kYXfG#1] Matthew Lowe: said "/exithouse"
[5:48:36 PM] [kYXfG#1] Matthew Lowe: said "/enterhouse"
[5:50:46 PM] [kYXfG#1] Matthew Lowe: said "/exithouse"
[5:50:46 PM] [kYXfG#1] Matthew Lowe: said "/enterhouse"
[5:50:49 PM] [kYXfG#1] Matthew Lowe: said "/exithouse"
[5:50:49 PM] [kYXfG#1] Matthew Lowe: said "/enterhouse"
[5:51:07 PM] [kYXfG#1] Matthew Lowe: said "/exithouse"
[5:51:07 PM] [kYXfG#1] Matthew Lowe: said "/enterhouse"
[5:51:10 PM] [kYXfG#1] Matthew Lowe: said "/exithouse"
[5:51:10 PM] [kYXfG#1] Matthew Lowe: said "/enterhouse"
[6:02:30 PM] [kYXfG#3] Pepperfield: caused an explosion (PETROL_PUMP)
[6:02:30 PM] [kYXfG#3] Pepperfield: caused an explosion (CAR)
[6:02:30 PM] [kYXfG#3] Pepperfield: died from suicide (Explosion)
[6:07:02 PM] [kYXfG#1] Matthew Lowe: died from Ranover by Vehicle by Pepperfield
[6:07:02 PM] [kYXfG#3] Pepperfield: died from suicide (Falling)
[6:11:14 PM] [kYXfG#1] Matthew Lowe: died from Machine Pistol by Pepperfield
[6:14:49 PM] [kYXfG#1] Matthew Lowe: died from suicide (Falling)
[6:16:46 PM] [kYXfG#1] Matthew Lowe: disconnected (Exiting)
[6:17:02 PM] [kYXfG#3] Pepperfield: said "/adwmin"
[6:17:09 PM] [kYXfG#3] Pepperfield: said "/hideHUD"
[6:19:38 PM] [kYXfG#3] Pepperfield: said "/hideHUD"
[6:19:41 PM] [kYXfG#3] Pepperfield: said "/hideHUD"
[6:19:42 PM] [kYXfG#3] Pepperfield: said "/hideHUD"
[6:21:27 PM] [kYXfG#3] Pepperfield: said "/hideHUD"
[6:27:05 PM] [kYXfG#3] Pepperfield: disconnected (Exiting)
