
================================================================
======== Log Rotated - 3/6/2024, 12:00:00 AM                    
================================================================

================================================================
======== txAdmin Starting - 3/6/2024, 6:05:25 AM                
================================================================

================================================================
======== txAdmin Starting - 3/6/2024, 6:35:46 AM                
================================================================

================================================================
======== txAdmin Starting - 3/6/2024, 7:06:09 AM                
================================================================
[7:08:37 AM] txAdmin: Logger started

================================================================
======== txAdmin Starting - 3/6/2024, 8:55:53 AM                
================================================================
[8:59:18 AM] txAdmin: Logger started
[9:08:55 AM] [Wjp6K#1] ttv.dabbunny710: joined with identifiers [steam:11000014aadcc8a; license:cb5cc9b99f5b53c656d60cc7ff0e5f68f364688f; xbl:2535417184814297; live:1055519330314964; discord:668792968165064735; fivem:11149236; license2:cb5cc9b99f5b53c656d60cc7ff0e5f68f364688f]
[9:50:51 AM] [Wjp6K#1] ttv.dabbunny710: died from suicide (Falling)
[9:50:58 AM] [Wjp6K#1] ttv.dabbunny710: disconnected (Exiting)
[11:03:50 AM] [Wjp6K#2] MJL: joined with identifiers [steam:1100001324fa523; license:ec6c328d6d02f816bf13e4a9d09768c02d6e3125; xbl:2535415531070562; live:1055522508602522; discord:213410953641852928; fivem:2586828]
[11:05:03 AM] [Wjp6K#3] DaddyDizzle: joined with identifiers [steam:11000014bb53aeb; license:e0893217ab0d40d6a510bcbfe1c9441b4a208a2b; discord:584024523989581834; fivem:8961289; license2:e0893217ab0d40d6a510bcbfe1c9441b4a208a2b]
[11:06:12 AM] [Wjp6K#3] DaddyDizzle: said "/adnmin"
[11:07:36 AM] [Wjp6K#4] Kamakazi Gamdom: joined with identifiers [steam:11000010e87be4d; license:b27179133e8df658895ecd5f756db2a4a4c8cd08; xbl:2533275003431282; live:1829581607460581; discord:242888314108116992; fivem:11442758; license2:e1e3866f24a1a081ffd211b7c1805c667b695651]
[11:19:40 AM] [Wjp6K#5] Gaming: joined with identifiers [license:cb5cc9b99f5b53c656d60cc7ff0e5f68f364688f; xbl:2535417184814297; live:1055519330314964; discord:668792968165064735; fivem:11149236; license2:cb5cc9b99f5b53c656d60cc7ff0e5f68f364688f]
[11:21:22 AM] [Wjp6K#5] Gaming: died from suicide (Falling)
[11:21:25 AM] [Wjp6K#5] Gaming: died from suicide (Falling)
[11:21:30 AM] [Wjp6K#5] Gaming: died from suicide (Falling)
[11:21:31 AM] [Wjp6K#5] Gaming: died from suicide (Falling)
[11:21:32 AM] [Wjp6K#5] Gaming: died from suicide (Falling)
[11:21:33 AM] [Wjp6K#5] Gaming: died from suicide (Falling)
[11:21:48 AM] [Wjp6K#4] Kamakazi Gamdom: said "/tpmn"
[11:22:05 AM] [Wjp6K#3] DaddyDizzle: said "admin"
[11:22:17 AM] [Wjp6K#5] Gaming: said "/reloadskin"
[11:22:40 AM] [Wjp6K#5] Gaming: said "/adminmenu"
[11:23:49 AM] [Wjp6K#5] Gaming: said "/hideHUD"
[11:24:53 AM] [Wjp6K#5] Gaming: died from suicide (Falling)
[11:25:41 AM] [Wjp6K#2] MJL: died from suicide (Falling)
[11:25:46 AM] [Wjp6K#2] MJL: said "revive"
[11:29:45 AM] [Wjp6K#6] YoMum: joined with identifiers [steam:11000010342828d; license:1af907c53b2a9f8229df53acad45eabc6ceab6de; xbl:2533275003975508; live:1759221479074037; license2:6f132769ecfdaf55988ba7e02a0ae3d538283932]
[11:30:05 AM] [Wjp6K#5] Gaming: said "/reloadskin"
[11:33:57 AM] [Wjp6K#6] YoMum: said "/nocliup"
[11:35:51 AM] [Wjp6K#5] Gaming: said "/hideHUD"
[11:37:34 AM] [Wjp6K#3] DaddyDizzle: said "/hideHUD"
[11:38:29 AM] [Wjp6K#2] MJL: said "/hideHUD"
[11:40:08 AM] [Wjp6K#4] Kamakazi Gamdom: said "/admim"
[11:44:59 AM] [Wjp6K#4] Kamakazi Gamdom: said "/hideHUD"
[11:45:54 AM] [Wjp6K#3] DaddyDizzle: died from Ranover by Vehicle by Gaming
[11:45:56 AM] [Wjp6K#5] Gaming: died from unknown by Kamakazi Gamdom
[11:45:59 AM] [Wjp6K#4] Kamakazi Gamdom: caused an explosion (CAR)
[11:47:08 AM] [Wjp6K#2] MJL: said "/exithouse"
[11:47:08 AM] [Wjp6K#2] MJL: said "/enterhouse"
[11:47:13 AM] [Wjp6K#2] MJL: said "/exithouse"
[11:47:13 AM] [Wjp6K#2] MJL: said "/enterhouse"
[11:47:14 AM] [Wjp6K#2] MJL: said "/exithouse"
[11:47:14 AM] [Wjp6K#2] MJL: said "/enterhouse"
[11:47:17 AM] [Wjp6K#2] MJL: said "/exithouse"
[11:47:17 AM] [Wjp6K#2] MJL: said "/enterhouse"
[11:47:24 AM] [Wjp6K#2] MJL: said "/exithouse"
[11:47:24 AM] [Wjp6K#2] MJL: said "/enterhouse"
[11:48:50 AM] [Wjp6K#2] MJL: said "/hideHUD"
[11:49:11 AM] [Wjp6K#5] Gaming: said "/hideHUD"
[11:53:13 AM] [Wjp6K#3] DaddyDizzle: said "/changejob"
[11:57:27 AM] [Wjp6K#4] Kamakazi Gamdom: died from suicide (Falling)
[11:57:38 AM] [Wjp6K#7] Xontiac: joined with identifiers [steam:110000112f8977b; license:1828a114381c17e87ae388e71f30e9e336237bcd; xbl:2535469211314763; live:844428295724865; discord:396982918955663360; fivem:2252653; license2:1828a114381c17e87ae388e71f30e9e336237bcd]
[11:57:49 AM] [Wjp6K#4] Kamakazi Gamdom: said "/hideHUD"
[12:00:03 PM] [Wjp6K#4] Kamakazi Gamdom: said "/hideHUD"
[12:01:54 PM] [Wjp6K#4] Kamakazi Gamdom: said "/hideHUD"
[12:05:14 PM] [Wjp6K#5] Gaming: died from Machete by Kamakazi Gamdom
[12:05:19 PM] [Wjp6K#5] Gaming: died from Machete by Kamakazi Gamdom
[12:06:03 PM] [Wjp6K#7] Xontiac: said "/rockstar"
[12:06:12 PM] [Wjp6K#7] Xontiac: disconnected ([txAdmin] Server restarting (requested by mjl1106).)
[12:06:12 PM] [Wjp6K#2] MJL: disconnected ([txAdmin] Server restarting (requested by mjl1106).)
[12:06:12 PM] [Wjp6K#6] YoMum: disconnected ([txAdmin] Server restarting (requested by mjl1106).)
[12:06:12 PM] [Wjp6K#3] DaddyDizzle: disconnected ([txAdmin] Server restarting (requested by mjl1106).)
[12:06:12 PM] [Wjp6K#4] Kamakazi Gamdom: disconnected ([txAdmin] Server restarting (requested by mjl1106).)
[12:06:12 PM] [Wjp6K#5] Gaming: disconnected ([txAdmin] Server restarting (requested by mjl1106).)

================================================================
======== txAdmin Starting - 3/6/2024, 12:08:17 PM               
================================================================
[12:11:02 PM] txAdmin: Logger started
[12:11:19 PM] [QktfX#1] Kamakazi Gamdom: joined with identifiers [steam:11000010e87be4d; license:b27179133e8df658895ecd5f756db2a4a4c8cd08; xbl:2533275003431282; live:1829581607460581; discord:242888314108116992; fivem:11442758; license2:e1e3866f24a1a081ffd211b7c1805c667b695651]
[12:11:37 PM] [QktfX#2] Gaming: joined with identifiers [license:cb5cc9b99f5b53c656d60cc7ff0e5f68f364688f; xbl:2535417184814297; live:1055519330314964; discord:668792968165064735; fivem:11149236; license2:cb5cc9b99f5b53c656d60cc7ff0e5f68f364688f]
[12:11:43 PM] [QktfX#3] MJL: joined with identifiers [steam:1100001324fa523; license:ec6c328d6d02f816bf13e4a9d09768c02d6e3125; xbl:2535415531070562; live:1055522508602522; discord:213410953641852928; fivem:2586828]
[12:11:53 PM] [QktfX#4] YoMum: joined with identifiers [steam:11000010342828d; license:1af907c53b2a9f8229df53acad45eabc6ceab6de; xbl:2533275003975508; live:1759221479074037; license2:6f132769ecfdaf55988ba7e02a0ae3d538283932]
[12:12:16 PM] [QktfX#1] Kamakazi Gamdom: disconnected (Disconnected.)
[12:12:26 PM] [QktfX#3] MJL: said "/exithouse"
[12:12:26 PM] [QktfX#3] MJL: said "/enterhouse"
[12:12:29 PM] [QktfX#3] MJL: said "/exithouse"
[12:12:29 PM] [QktfX#3] MJL: said "/enterhouse"
[12:13:29 PM] [QktfX#5] Kamakazi Gamdom: joined with identifiers [steam:11000010e87be4d; license:b27179133e8df658895ecd5f756db2a4a4c8cd08; xbl:2533275003431282; live:1829581607460581; discord:242888314108116992; fivem:11442758; license2:e1e3866f24a1a081ffd211b7c1805c667b695651]
[12:13:51 PM] [QktfX#6] Xontiac: joined with identifiers [steam:110000112f8977b; license:1828a114381c17e87ae388e71f30e9e336237bcd; xbl:2535469211314763; live:844428295724865; discord:396982918955663360; fivem:2252653; license2:1828a114381c17e87ae388e71f30e9e336237bcd]
[12:14:13 PM] [QktfX#7] DaddyDizzle: joined with identifiers [steam:11000014bb53aeb; license:e0893217ab0d40d6a510bcbfe1c9441b4a208a2b; discord:584024523989581834; fivem:8961289; license2:e0893217ab0d40d6a510bcbfe1c9441b4a208a2b]
[12:15:05 PM] [QktfX#5] Kamakazi Gamdom: said "tpm"
[12:16:40 PM] [QktfX#5] Kamakazi Gamdom: said "/hideHUD"
[12:17:49 PM] [QktfX#4] YoMum: said "/give item nos"
[12:18:19 PM] [QktfX#3] MJL: said "/exithouse"
[12:18:19 PM] [QktfX#3] MJL: said "/enterhouse"
[12:19:06 PM] [QktfX#7] DaddyDizzle: said "/hideHUD"
[12:19:32 PM] [QktfX#5] Kamakazi Gamdom: said "tpm"
[12:21:30 PM] [QktfX#7] DaddyDizzle: said "/chekmods"
[12:22:09 PM] [QktfX#5] Kamakazi Gamdom: said "/tpmn"
[12:23:44 PM] [QktfX#7] DaddyDizzle: said "/changejob 3 mechanic"
[12:23:54 PM] [QktfX#7] DaddyDizzle: said "/upgrade"
[12:24:26 PM] [QktfX#7] DaddyDizzle: said "/changemods"
[12:24:28 PM] [QktfX#7] DaddyDizzle: said "/mods"
[12:24:36 PM] [QktfX#7] DaddyDizzle: said "/mechanic"
[12:25:58 PM] [QktfX#7] DaddyDizzle: said "/changejob 3"
[12:28:33 PM] [QktfX#6] Xontiac: said "/spawncar swift2"
[12:34:51 PM] [QktfX#4] YoMum: said "/tpw"
[12:37:39 PM] [QktfX#4] YoMum: died from suicide (Falling)
[12:39:50 PM] [QktfX#3] MJL: said "tpm"
[12:40:42 PM] [QktfX#7] DaddyDizzle: said "/ypm"
[12:45:40 PM] [QktfX#2] Gaming: said "/hideHUD"
[12:45:51 PM] [QktfX#2] Gaming: said "/hideHUD"
[12:47:23 PM] [QktfX#3] MJL: said "/exithouse"
[12:47:23 PM] [QktfX#3] MJL: said "/enterhouse"
[12:47:24 PM] [QktfX#3] MJL: said "/exithouse"
[12:47:24 PM] [QktfX#3] MJL: said "/enterhouse"
[12:48:11 PM] [QktfX#3] MJL: said "tpm"
[12:49:18 PM] [QktfX#7] DaddyDizzle: said "/hideHUD"
[12:50:53 PM] [QktfX#3] MJL: said "/hideHUD"
[12:50:54 PM] [QktfX#4] YoMum: said "/hideHUD"
[12:51:07 PM] [QktfX#2] Gaming: died from Heavy Pistol by MJL
[12:51:36 PM] [QktfX#7] DaddyDizzle: said "/hideHUD"
[12:52:00 PM] [QktfX#7] DaddyDizzle: died from Ranover by Vehicle by Kamakazi Gamdom
[12:52:35 PM] [QktfX#2] Gaming: said "/hideHUD"
[12:53:41 PM] [QktfX#6] Xontiac: said "/hideHUD"
[1:01:31 PM] [QktfX#7] DaddyDizzle: died from suicide (Falling)
[1:01:46 PM] [QktfX#7] DaddyDizzle: said "/hideHUD"
[1:02:42 PM] [QktfX#6] Xontiac: said "/hideHUD"
[1:02:55 PM] [QktfX#2] Gaming: said "/hideHUD"
[1:03:11 PM] [QktfX#2] Gaming: said "/hideHUD"
[1:04:37 PM] [QktfX#4] YoMum: said "/money"
[1:05:29 PM] [QktfX#3] MJL: said "/exithouse"
[1:05:29 PM] [QktfX#3] MJL: said "/enterhouse"
[1:05:55 PM] [QktfX#6] Xontiac: said "/clothing"
[1:05:59 PM] [QktfX#3] MJL: said "/exithouse"
[1:05:59 PM] [QktfX#3] MJL: said "/enterhouse"
[1:06:00 PM] [QktfX#3] MJL: said "/exithouse"
[1:06:00 PM] [QktfX#3] MJL: said "/enterhouse"
[1:06:06 PM] [QktfX#3] MJL: said "/exithouse"
[1:06:06 PM] [QktfX#3] MJL: said "/enterhouse"
[1:06:23 PM] [QktfX#7] DaddyDizzle: died from unknown by Kamakazi Gamdom
[1:07:08 PM] [QktfX#3] MJL: said "/exithouse"
[1:07:08 PM] [QktfX#3] MJL: said "/enterhouse"
[1:08:27 PM] [QktfX#3] MJL: said "/exithouse"
[1:08:27 PM] [QktfX#3] MJL: said "/enterhouse"
[1:08:55 PM] [QktfX#4] YoMum: said "/repair"
[1:08:58 PM] [QktfX#4] YoMum: said "/repairr"
[1:09:01 PM] [QktfX#4] YoMum: said "/repair"
[1:09:06 PM] [QktfX#4] YoMum: said "/repairvehicle"
[1:10:09 PM] [QktfX#3] MJL: said "e c"
[1:10:12 PM] [QktfX#5] Kamakazi Gamdom: said "tpm"
[1:10:50 PM] [QktfX#5] Kamakazi Gamdom: died from suicide (Falling)
[1:11:13 PM] [QktfX#2] Gaming: said "/hideHUD"
[1:11:19 PM] [QktfX#4] YoMum: said "/giveammo 250"
[1:11:57 PM] [QktfX#2] Gaming: said "/hideHUD"
[1:12:26 PM] [QktfX#5] Kamakazi Gamdom: said "/hideHUD"
[1:14:23 PM] [QktfX#3] MJL: said "/exithouse"
[1:14:23 PM] [QktfX#3] MJL: said "/enterhouse"
[1:14:57 PM] [QktfX#4] YoMum: said "/police"
[1:16:11 PM] [QktfX#2] Gaming: said "/hideHUD"
[1:17:12 PM] [QktfX#2] Gaming: said "/delobject"
[1:18:25 PM] [QktfX#4] YoMum: said "/d v"
[1:24:18 PM] [QktfX#7] DaddyDizzle: said "/vd"
[1:25:20 PM] [QktfX#2] Gaming: said "/hideHUD"
[1:26:05 PM] [QktfX#6] Xontiac: died from suicide
[1:27:25 PM] [QktfX#3] MJL: said "/hideHUD"
[1:27:25 PM] [QktfX#7] DaddyDizzle: said "/hideHUD"
[1:27:25 PM] [QktfX#5] Kamakazi Gamdom: said "/hideHUD"
[1:28:01 PM] [QktfX#5] Kamakazi Gamdom: said "/TP-M"
[1:28:02 PM] [QktfX#5] Kamakazi Gamdom: said "/TPMN"
[1:28:40 PM] [QktfX#5] Kamakazi Gamdom: said "/ADMION"
[1:28:54 PM] [QktfX#5] Kamakazi Gamdom: said "/hideHUD"
[1:29:05 PM] [QktfX#4] YoMum: said "/hideHUD"
[1:29:37 PM] [QktfX#4] YoMum: said "/hideHUD"
[1:29:40 PM] [QktfX#5] Kamakazi Gamdom: said "/hideHUD"
[1:29:44 PM] [QktfX#5] Kamakazi Gamdom: said "/hideHUD"
[1:29:45 PM] [QktfX#5] Kamakazi Gamdom: said "/hideHUD"
[1:29:45 PM] [QktfX#5] Kamakazi Gamdom: said "/hideHUD"
[1:29:46 PM] [QktfX#5] Kamakazi Gamdom: said "/hideHUD"
[1:29:46 PM] [QktfX#5] Kamakazi Gamdom: said "/hideHUD"
[1:29:47 PM] [QktfX#5] Kamakazi Gamdom: said "/hideHUD"
[1:29:48 PM] [QktfX#5] Kamakazi Gamdom: said "/hideHUD"
[1:29:49 PM] [QktfX#4] YoMum: said "/hideHUD"
[1:29:55 PM] [QktfX#4] YoMum: said "/hideHUD"
[1:30:26 PM] [QktfX#5] Kamakazi Gamdom: said "/prop"
[1:32:43 PM] [QktfX#7] DaddyDizzle: said "tpm"
[1:33:00 PM] [QktfX#2] Gaming: said "/hideHUD"
[1:33:19 PM] [QktfX#7] DaddyDizzle: said "/stea 6"
[1:33:27 PM] [QktfX#7] DaddyDizzle: said "/seat6"
[1:33:28 PM] [QktfX#5] Kamakazi Gamdom: said "/hideHUD"
[1:33:28 PM] [QktfX#5] Kamakazi Gamdom: said "/hideHUD"
[1:33:29 PM] [QktfX#5] Kamakazi Gamdom: said "/hideHUD"
[1:33:30 PM] [QktfX#5] Kamakazi Gamdom: said "/hideHUD"
[1:33:39 PM] [QktfX#7] DaddyDizzle: said "seat 5"
[1:35:02 PM] [QktfX#7] DaddyDizzle: said "e lean4"
[1:36:42 PM] [QktfX#5] Kamakazi Gamdom: said "/lean5"
[1:40:55 PM] [QktfX#6] Xontiac: said "/erp"
[1:41:49 PM] [QktfX#5] Kamakazi Gamdom: said "/m0"
[1:41:51 PM] [QktfX#5] Kamakazi Gamdom: said "/mask]\"
[1:41:58 PM] [QktfX#2] Gaming: caused an explosion (GAS_TANK)
[1:41:58 PM] [QktfX#4] YoMum: caused an explosion (GAS_TANK)
[1:41:58 PM] [QktfX#6] Xontiac: caused an explosion (GAS_TANK)
[1:41:58 PM] [QktfX#7] DaddyDizzle: caused an explosion (GAS_TANK)
[1:42:13 PM] [QktfX#7] DaddyDizzle: died from suicide (Falling)
[1:42:22 PM] [QktfX#5] Kamakazi Gamdom: said "admin"
[1:42:58 PM] [QktfX#5] Kamakazi Gamdom: said "/hideHUD"
[1:43:05 PM] [QktfX#4] YoMum: said "/hideHUD"
[1:43:13 PM] [QktfX#2] Gaming: said "/tp,"
[1:43:25 PM] [QktfX#5] Kamakazi Gamdom: said "/hideHUD"
[1:43:27 PM] [QktfX#5] Kamakazi Gamdom: said "/hideHUD"
[1:43:27 PM] [QktfX#5] Kamakazi Gamdom: said "/hideHUD"
[1:43:46 PM] [QktfX#5] Kamakazi Gamdom: said "/hideHUD"
[1:46:10 PM] [QktfX#3] MJL: said "/exithouse"
[1:46:10 PM] [QktfX#3] MJL: said "/enterhouse"
[1:46:18 PM] [QktfX#3] MJL: said "/exithouse"
[1:46:18 PM] [QktfX#3] MJL: said "/enterhouse"
[1:46:33 PM] [QktfX#3] MJL: said "/exithouse"
[1:46:33 PM] [QktfX#3] MJL: said "/enterhouse"
[1:46:37 PM] [QktfX#3] MJL: said "/exithouse"
[1:46:37 PM] [QktfX#3] MJL: said "/enterhouse"
[1:49:26 PM] [QktfX#4] YoMum: said "/foodtray"
[1:49:48 PM] [QktfX#3] MJL: said "/exithouse"
[1:49:48 PM] [QktfX#3] MJL: said "/enterhouse"
[1:49:48 PM] [QktfX#3] MJL: said "/exithouse"
[1:49:48 PM] [QktfX#3] MJL: said "/enterhouse"
[1:49:50 PM] [QktfX#3] MJL: said "/exithouse"
[1:49:50 PM] [QktfX#3] MJL: said "/enterhouse"
[1:49:51 PM] [QktfX#3] MJL: said "/exithouse"
[1:49:51 PM] [QktfX#3] MJL: said "/enterhouse"
[1:49:51 PM] [QktfX#3] MJL: said "/exithouse"
[1:49:51 PM] [QktfX#3] MJL: said "/enterhouse"
[1:49:58 PM] [QktfX#3] MJL: said "/exithouse"
[1:49:58 PM] [QktfX#3] MJL: said "/enterhouse"
[1:50:05 PM] [QktfX#3] MJL: said "/exithouse"
[1:50:05 PM] [QktfX#3] MJL: said "/enterhouse"
[1:51:14 PM] [QktfX#4] YoMum: died from suicide
[1:53:25 PM] [QktfX#3] MJL: said "/exithouse"
[1:53:25 PM] [QktfX#3] MJL: said "/enterhouse"
[1:53:42 PM] [QktfX#4] YoMum: disconnected (Disconnected.)
[1:55:16 PM] [QktfX#7] DaddyDizzle: said "/hideHUD"
[1:56:46 PM] [QktfX#6] Xontiac: disconnected (Exiting)
[1:57:13 PM] [QktfX#3] MJL: said "/hideHUD"
[1:57:15 PM] [QktfX#3] MJL: said "/hideHUD"
[1:58:39 PM] [QktfX#8] Xontiac: joined with identifiers [steam:110000112f8977b; license:1828a114381c17e87ae388e71f30e9e336237bcd; xbl:2535469211314763; live:844428295724865; discord:396982918955663360; fivem:2252653; license2:1828a114381c17e87ae388e71f30e9e336237bcd]
[2:06:52 PM] [QktfX#5] Kamakazi Gamdom: said "/hideHUD"
[2:06:53 PM] [QktfX#5] Kamakazi Gamdom: said "/hideHUD"
[2:08:35 PM] [QktfX#8] Xontiac: disconnected (Exiting)
[2:09:49 PM] [QktfX#9] Xontiac: joined with identifiers [steam:110000112f8977b; license:1828a114381c17e87ae388e71f30e9e336237bcd; xbl:2535469211314763; live:844428295724865; discord:396982918955663360; fivem:2252653; license2:1828a114381c17e87ae388e71f30e9e336237bcd]
[2:09:56 PM] [QktfX#7] DaddyDizzle: said "tpm"
[2:10:54 PM] [QktfX#5] Kamakazi Gamdom: died from suicide (Falling)
[2:13:36 PM] [QktfX#3] MJL: said "/exithouse"
[2:13:36 PM] [QktfX#3] MJL: said "/enterhouse"
[2:13:38 PM] [QktfX#3] MJL: said "/exithouse"
[2:13:38 PM] [QktfX#3] MJL: said "/enterhouse"
[2:16:14 PM] [QktfX#7] DaddyDizzle: said "tpm"
[2:19:33 PM] [QktfX#5] Kamakazi Gamdom: died from suicide (Falling)
[2:19:40 PM] [QktfX#5] Kamakazi Gamdom: died from suicide
[2:23:02 PM] [QktfX#3] MJL: said "/exithouse"
[2:23:02 PM] [QktfX#3] MJL: said "/enterhouse"
[2:23:09 PM] [QktfX#3] MJL: said "/exithouse"
[2:23:09 PM] [QktfX#3] MJL: said "/enterhouse"
[2:25:29 PM] [QktfX#3] MJL: said "/exithouse"
[2:25:29 PM] [QktfX#3] MJL: said "/enterhouse"
[2:25:54 PM] [QktfX#3] MJL: said "/exithouse"
[2:25:54 PM] [QktfX#3] MJL: said "/enterhouse"
[2:26:23 PM] [QktfX#3] MJL: said "/exithouse"
[2:26:23 PM] [QktfX#3] MJL: said "/enterhouse"
[2:33:03 PM] [QktfX#2] Gaming: died from suicide (Falling)
[2:33:34 PM] [QktfX#2] Gaming: died from suicide (Falling)
[2:39:22 PM] [QktfX#7] DaddyDizzle: died from Heavy Pistol by MJL
[2:39:32 PM] [QktfX#7] DaddyDizzle: died from Heavy Pistol by MJL
[2:39:38 PM] [QktfX#3] MJL: died from suicide (Falling)
[2:40:06 PM] [QktfX#7] DaddyDizzle: died from Heavy Pistol by MJL
[2:40:13 PM] [QktfX#3] MJL: said "rob"
[2:40:14 PM] [QktfX#3] MJL: said "rob"
[2:40:26 PM] [QktfX#3] MJL: said "e c"
[2:40:30 PM] [QktfX#5] Kamakazi Gamdom: said "/adminm"
[2:42:17 PM] [QktfX#9] Xontiac: disconnected (Exiting)
[2:49:39 PM] [QktfX#7] DaddyDizzle: said "/hideHUD"
[2:51:32 PM] [QktfX#7] DaddyDizzle: died from suicide
[2:53:44 PM] [QktfX#3] MJL: disconnected (Exiting)
[2:56:48 PM] [QktfX#7] DaddyDizzle: said "/hideHUD"
[2:58:03 PM] [QktfX#5] Kamakazi Gamdom: disconnected (Exiting)
[2:58:31 PM] [QktfX#7] DaddyDizzle: said "/hideHUD"
[2:58:53 PM] [QktfX#7] DaddyDizzle: said "/spawncar pdcharger"
[3:00:32 PM] [QktfX#2] Gaming: died from Heavy Pistol by DaddyDizzle
[3:02:03 PM] [QktfX#2] Gaming: died from Heavy Pistol by DaddyDizzle
[3:05:20 PM] [QktfX#2] Gaming: died from Heavy Pistol by DaddyDizzle
[3:05:27 PM] [QktfX#2] Gaming: died from Heavy Pistol by DaddyDizzle
[3:05:54 PM] [QktfX#2] Gaming: died from Heavy Pistol by DaddyDizzle
[3:05:59 PM] [QktfX#2] Gaming: died from Heavy Pistol by DaddyDizzle
[3:06:10 PM] [QktfX#2] Gaming: died from Heavy Pistol by DaddyDizzle
[3:06:26 PM] [QktfX#2] Gaming: died from Heavy Pistol by DaddyDizzle
[3:06:29 PM] [QktfX#2] Gaming: died from Heavy Pistol by DaddyDizzle
[3:06:47 PM] [QktfX#2] Gaming: died from Heavy Pistol by DaddyDizzle
[3:07:30 PM] [QktfX#2] Gaming: died from suicide
[3:07:41 PM] [QktfX#7] DaddyDizzle: died from suicide
[3:08:37 PM] [QktfX#2] Gaming: said "/hideHUD"
[3:08:38 PM] [QktfX#7] DaddyDizzle: said "/hideHUD"
[3:08:42 PM] [QktfX#2] Gaming: said "/hideHUD"
[3:09:37 PM] [QktfX#2] Gaming: said "/hideHUD"
[3:11:08 PM] [QktfX#2] Gaming: died from suicide (Falling)
[3:16:27 PM] [QktfX#7] DaddyDizzle: died from suicide
[3:16:35 PM] [QktfX#7] DaddyDizzle: said "/reviv"
[3:17:03 PM] [QktfX#7] DaddyDizzle: said "tpm"
[3:17:16 PM] [QktfX#7] DaddyDizzle: said "/hideHUD"
[3:17:42 PM] [QktfX#7] DaddyDizzle: said "/hideHUD"
[3:20:44 PM] [QktfX#7] DaddyDizzle: died from suicide
[3:20:47 PM] [QktfX#7] DaddyDizzle: disconnected (Exiting)
[3:25:58 PM] [QktfX#2] Gaming: said "/hideHUD"
[3:28:14 PM] [QktfX#2] Gaming: said "/hideHUD"
[4:10:23 PM] [QktfX#2] Gaming: died from suicide
[4:10:53 PM] [QktfX#2] Gaming: died from suicide
[4:11:24 PM] [QktfX#10] MJL: joined with identifiers [steam:1100001324fa523; license:ec6c328d6d02f816bf13e4a9d09768c02d6e3125; xbl:2535415531070562; live:1055522508602522; discord:213410953641852928; fivem:2586828]
[4:28:46 PM] [QktfX#10] MJL: disconnected (Exiting)
[4:38:52 PM] [QktfX#2] Gaming: died from suicide
[4:42:17 PM] [QktfX#2] Gaming: disconnected (Exiting)

================================================================
======== txAdmin Starting - 3/6/2024, 4:47:17 PM                
================================================================
[4:48:55 PM] txAdmin: Logger started
[4:59:56 PM] txAdmin: Logger started
[5:01:21 PM] [HxJMd#1] MJL: joined with identifiers [steam:1100001324fa523; license:ec6c328d6d02f816bf13e4a9d09768c02d6e3125; xbl:2535415531070562; live:1055522508602522; discord:213410953641852928; fivem:2586828]
[5:03:03 PM] [HxJMd#2] ttv.dabbunny710: joined with identifiers [steam:11000014aadcc8a; license:cb5cc9b99f5b53c656d60cc7ff0e5f68f364688f; xbl:2535417184814297; live:1055519330314964; discord:668792968165064735; fivem:11149236; license2:cb5cc9b99f5b53c656d60cc7ff0e5f68f364688f]
[5:03:57 PM] [HxJMd#3] Kamakazi Gamdom: joined with identifiers [steam:11000010e87be4d; license:b27179133e8df658895ecd5f756db2a4a4c8cd08; xbl:2533275003431282; live:1829581607460581; discord:242888314108116992; fivem:11442758; license2:e1e3866f24a1a081ffd211b7c1805c667b695651]
[5:18:22 PM] [HxJMd#1] MJL: died from Machine Pistol by Kamakazi Gamdom
[5:18:44 PM] [HxJMd#3] Kamakazi Gamdom: died from unknown by MJL
[5:19:28 PM] [HxJMd#3] Kamakazi Gamdom: died from unknown by MJL
[5:19:37 PM] [HxJMd#3] Kamakazi Gamdom: died from unknown by MJL
[5:19:48 PM] [HxJMd#1] MJL: died from unknown by Kamakazi Gamdom
[5:20:04 PM] [HxJMd#1] MJL: died from unknown by Kamakazi Gamdom
[5:20:29 PM] [HxJMd#3] Kamakazi Gamdom: died from unknown by MJL
[5:21:01 PM] [HxJMd#1] MJL: died from unknown by Kamakazi Gamdom
[5:22:16 PM] [HxJMd#1] MJL: died from unknown by Kamakazi Gamdom
[5:22:33 PM] [HxJMd#1] MJL: died from unknown by Kamakazi Gamdom
[5:22:45 PM] [HxJMd#1] MJL: died from unknown by Kamakazi Gamdom
[5:24:57 PM] [HxJMd#1] MJL: died from unknown by Kamakazi Gamdom
[5:27:26 PM] [HxJMd#3] Kamakazi Gamdom: disconnected (Exiting)
[5:28:31 PM] [HxJMd#4] Kamakazi Gamdom: joined with identifiers [steam:11000010e87be4d; license:b27179133e8df658895ecd5f756db2a4a4c8cd08; xbl:2533275003431282; live:1829581607460581; discord:242888314108116992; fivem:11442758; license2:e1e3866f24a1a081ffd211b7c1805c667b695651]
[5:42:16 PM] [HxJMd#4] Kamakazi Gamdom: said "tpm"
[5:50:20 PM] [HxJMd#1] MJL: said "/exithouse"
[5:50:20 PM] [HxJMd#1] MJL: said "/enterhouse"
[5:50:21 PM] [HxJMd#1] MJL: said "/exithouse"
[5:50:21 PM] [HxJMd#1] MJL: said "/enterhouse"
[5:50:22 PM] [HxJMd#1] MJL: said "/exithouse"
[5:50:22 PM] [HxJMd#1] MJL: said "/enterhouse"
[5:51:36 PM] [HxJMd#1] MJL: said "/exithouse"
[5:51:36 PM] [HxJMd#1] MJL: said "/enterhouse"
[5:51:37 PM] [HxJMd#1] MJL: said "/exithouse"
[5:51:37 PM] [HxJMd#1] MJL: said "/enterhouse"
[5:52:05 PM] [HxJMd#1] MJL: said "/hideHUD"
[5:58:36 PM] [HxJMd#1] MJL: said "tpm"
[5:58:37 PM] [HxJMd#1] MJL: said "/tpm]"
[6:00:21 PM] [HxJMd#2] ttv.dabbunny710: died from suicide (Falling)
[6:12:12 PM] [HxJMd#1] MJL: said "/exithouse"
[6:12:12 PM] [HxJMd#1] MJL: said "/enterhouse"
[6:12:15 PM] [HxJMd#1] MJL: said "/exithouse"
[6:12:15 PM] [HxJMd#1] MJL: said "/enterhouse"
[6:12:15 PM] [HxJMd#1] MJL: said "/exithouse"
[6:12:15 PM] [HxJMd#1] MJL: said "/enterhouse"
[6:12:16 PM] [HxJMd#1] MJL: said "/exithouse"
[6:12:16 PM] [HxJMd#1] MJL: said "/enterhouse"
[6:18:19 PM] [HxJMd#2] ttv.dabbunny710: said "/revove"
[6:18:29 PM] [HxJMd#2] ttv.dabbunny710: died from unknown by MJL
[6:18:54 PM] [HxJMd#2] ttv.dabbunny710: died from unknown by MJL
[6:23:05 PM] [HxJMd#4] Kamakazi Gamdom: died from suicide (Falling)
[6:32:47 PM] [HxJMd#1] MJL: said "e c"
[6:33:05 PM] [HxJMd#2] ttv.dabbunny710: died from unknown by MJL
[6:33:09 PM] [HxJMd#4] Kamakazi Gamdom: died from unknown by MJL
[6:33:09 PM] [HxJMd#2] ttv.dabbunny710: said "/revive\"
[6:33:28 PM] [HxJMd#2] ttv.dabbunny710: died from unknown by MJL
[6:33:44 PM] [HxJMd#2] ttv.dabbunny710: died from unknown by MJL
[6:34:51 PM] [HxJMd#4] Kamakazi Gamdom: disconnected (Exiting)
[6:35:10 PM] [HxJMd#1] MJL: disconnected (Exiting)
[6:36:19 PM] [HxJMd#2] ttv.dabbunny710: died from suicide (Falling)
[6:36:22 PM] [HxJMd#2] ttv.dabbunny710: said "/reviev"
[6:38:20 PM] [HxJMd#2] ttv.dabbunny710: said "/hideHUD"
[6:38:44 PM] [HxJMd#2] ttv.dabbunny710: said "/hideHUD"
[6:57:32 PM] [HxJMd#2] ttv.dabbunny710: died from suicide (Falling)
[6:59:44 PM] [HxJMd#2] ttv.dabbunny710: said "/FOX"
[7:05:13 PM] [HxJMd#2] ttv.dabbunny710: said "/hideHUD"
[7:12:43 PM] [HxJMd#2] ttv.dabbunny710: said "/hideHUD"
[7:13:18 PM] [HxJMd#2] ttv.dabbunny710: said "/hideHUD"
[7:15:59 PM] [HxJMd#2] ttv.dabbunny710: said "/hideHUD"
[7:17:22 PM] [HxJMd#2] ttv.dabbunny710: said "/hideHUD"
[7:17:53 PM] [HxJMd#2] ttv.dabbunny710: said "admin"
[7:27:08 PM] [HxJMd#2] ttv.dabbunny710: disconnected (Exiting)
