
================================================================
======== Log Rotated - 3/21/2024, 12:00:00 AM                   
================================================================
[5:30:40 AM] txAdmin: ((Broadcast) txAdmin): said "This server is scheduled to restart in 30 minutes."
[5:45:40 AM] txAdmin: ((Broadcast) txAdmin): said "This server is scheduled to restart in 15 minutes."
[5:50:40 AM] txAdmin: ((Broadcast) txAdmin): said "This server is scheduled to restart in 10 minutes."
[5:55:40 AM] txAdmin: ((Broadcast) txAdmin): said "This server is scheduled to restart in 5 minutes."
[5:56:40 AM] txAdmin: ((Broadcast) txAdmin): said "This server is scheduled to restart in 4 minutes."
[5:57:40 AM] txAdmin: ((Broadcast) txAdmin): said "This server is scheduled to restart in 3 minutes."
[5:58:40 AM] txAdmin: ((Broadcast) txAdmin): said "This server is scheduled to restart in 2 minutes."
[5:59:40 AM] txAdmin: ((Broadcast) txAdmin): said "This server is scheduled to restart in 1 minute. Please disconnect now."
[6:01:17 AM] txAdmin: Logger started
[6:42:26 AM] [NnyhF#1] marcusblackwell7: joined with identifiers [steam:110000154d96125; license:b90a0574761cd349c5a4e1d6372c3ba96f26a074; discord:667904617446768652; fivem:7859917; license2:b90a0574761cd349c5a4e1d6372c3ba96f26a074]
[6:47:23 AM] [NnyhF#1] marcusblackwell7: died from suicide (Falling)
[6:55:28 AM] [NnyhF#1] marcusblackwell7: said "/hideHUD"
[6:55:38 AM] [NnyhF#1] marcusblackwell7: said "/hideHUD"
[6:55:43 AM] [NnyhF#1] marcusblackwell7: said "/hideHUD"
[6:55:56 AM] [NnyhF#1] marcusblackwell7: said "/r"
[6:55:57 AM] [NnyhF#1] marcusblackwell7: disconnected (Exiting)
[8:00:55 AM] [NnyhF#2] Gaming: joined with identifiers [license:cb5cc9b99f5b53c656d60cc7ff0e5f68f364688f; xbl:2535417184814297; live:1055519330314964; discord:668792968165064735; fivem:11149236; license2:cb5cc9b99f5b53c656d60cc7ff0e5f68f364688f]
[8:04:32 AM] [NnyhF#2] Gaming: said "/vehiclemeu"
[8:13:43 AM] [NnyhF#3] MJL: joined with identifiers [steam:1100001324fa523; license:ec6c328d6d02f816bf13e4a9d09768c02d6e3125; xbl:2535415531070562; live:1055522508602522; discord:213410953641852928; fivem:2586828]
[8:18:03 AM] [NnyhF#2] Gaming: said "/palert Hello"
[8:25:04 AM] [NnyhF#3] MJL: said "/exithouse"
[8:25:04 AM] [NnyhF#3] MJL: said "/enterhouse"
[8:25:17 AM] [NnyhF#3] MJL: said "/exithouse"
[8:25:17 AM] [NnyhF#3] MJL: said "/enterhouse"
[8:25:29 AM] [NnyhF#3] MJL: said "/exithouse"
[8:25:29 AM] [NnyhF#3] MJL: said "/enterhouse"
[8:25:32 AM] [NnyhF#3] MJL: said "/exithouse"
[8:25:32 AM] [NnyhF#3] MJL: said "/enterhouse"
[8:25:54 AM] [NnyhF#3] MJL: said "/exithouse"
[8:25:54 AM] [NnyhF#3] MJL: said "/enterhouse"
[8:26:22 AM] [NnyhF#3] MJL: said "/exithouse"
[8:26:22 AM] [NnyhF#3] MJL: said "/enterhouse"
[8:26:34 AM] [NnyhF#3] MJL: said "/exithouse"
[8:26:34 AM] [NnyhF#3] MJL: said "/enterhouse"
[8:27:54 AM] [NnyhF#3] MJL: disconnected (Exiting)
[8:34:44 AM] [NnyhF#4] MJL: joined with identifiers [steam:1100001324fa523; license:ec6c328d6d02f816bf13e4a9d09768c02d6e3125; xbl:2535415531070562; live:1055522508602522; discord:213410953641852928; fivem:2586828]
[8:35:50 AM] [NnyhF#4] MJL: said "/exithouse"
[8:35:50 AM] [NnyhF#4] MJL: said "/enterhouse"
[8:35:51 AM] [NnyhF#4] MJL: said "/exithouse"
[8:35:51 AM] [NnyhF#4] MJL: said "/enterhouse"
[8:52:58 AM] [NnyhF#4] MJL: said "/exithouse"
[8:52:58 AM] [NnyhF#4] MJL: said "/enterhouse"
[8:53:04 AM] [NnyhF#4] MJL: said "/exithouse"
[8:53:04 AM] [NnyhF#4] MJL: said "/enterhouse"
[8:53:05 AM] [NnyhF#4] MJL: said "/exithouse"
[8:53:05 AM] [NnyhF#4] MJL: said "/enterhouse"
[8:53:11 AM] [NnyhF#4] MJL: said "/exithouse"
[8:53:11 AM] [NnyhF#4] MJL: said "/enterhouse"
[8:53:12 AM] [NnyhF#4] MJL: said "/exithouse"
[8:53:12 AM] [NnyhF#4] MJL: said "/enterhouse"
[8:53:13 AM] [NnyhF#4] MJL: said "/exithouse"
[8:53:13 AM] [NnyhF#4] MJL: said "/enterhouse"
[8:56:53 AM] [NnyhF#4] MJL: said "/exithouse"
[8:56:53 AM] [NnyhF#4] MJL: said "/enterhouse"
[8:57:02 AM] [NnyhF#4] MJL: said "/exithouse"
[8:57:02 AM] [NnyhF#4] MJL: said "/enterhouse"
[8:57:02 AM] [NnyhF#4] MJL: said "/exithouse"
[8:57:02 AM] [NnyhF#4] MJL: said "/enterhouse"
[8:57:42 AM] [NnyhF#4] MJL: said "/exithouse"
[8:57:42 AM] [NnyhF#4] MJL: said "/enterhouse"
[8:59:19 AM] [NnyhF#4] MJL: said "/exithouse"
[8:59:19 AM] [NnyhF#4] MJL: said "/enterhouse"
[8:59:20 AM] [NnyhF#4] MJL: said "/exithouse"
[8:59:20 AM] [NnyhF#4] MJL: said "/enterhouse"
[9:00:30 AM] [NnyhF#4] MJL: disconnected (Exiting)
[9:02:08 AM] [NnyhF#2] Gaming: died from suicide (Falling)
[9:02:49 AM] [NnyhF#2] Gaming: died from suicide (Falling)
[9:19:22 AM] [NnyhF#2] Gaming: died from suicide (Vehicle Rotors)
[9:19:26 AM] [NnyhF#2] Gaming: caused an explosion (PLANE)
[9:21:34 AM] [NnyhF#2] Gaming: disconnected (Exiting)
[9:36:02 AM] [NnyhF#5] MJL: joined with identifiers [steam:1100001324fa523; license:ec6c328d6d02f816bf13e4a9d09768c02d6e3125; xbl:2535415531070562; live:1055522508602522; discord:213410953641852928; fivem:2586828]
[9:37:04 AM] [NnyhF#5] MJL: said "/exithouse"
[9:37:04 AM] [NnyhF#5] MJL: said "/enterhouse"
[9:37:05 AM] [NnyhF#5] MJL: said "/exithouse"
[9:37:05 AM] [NnyhF#5] MJL: said "/enterhouse"
[9:37:28 AM] [NnyhF#6] DaddyDizzle: joined with identifiers [steam:11000014bb53aeb; license:e0893217ab0d40d6a510bcbfe1c9441b4a208a2b; discord:584024523989581834; fivem:8961289; license2:e0893217ab0d40d6a510bcbfe1c9441b4a208a2b]
[9:39:44 AM] [NnyhF#5] MJL: said "/exithouse"
[9:39:44 AM] [NnyhF#5] MJL: said "/enterhouse"
[9:39:44 AM] [NnyhF#5] MJL: said "/exithouse"
[9:39:44 AM] [NnyhF#5] MJL: said "/enterhouse"
[9:42:04 AM] [NnyhF#6] DaddyDizzle: disconnected (Anti-cheat resource stopped, please restart your game.)
[9:43:08 AM] [NnyhF#7] DaddyDizzle: joined with identifiers [steam:11000014bb53aeb; license:e0893217ab0d40d6a510bcbfe1c9441b4a208a2b; discord:584024523989581834; fivem:8961289; license2:e0893217ab0d40d6a510bcbfe1c9441b4a208a2b]
[9:44:47 AM] [NnyhF#7] DaddyDizzle: said "cash"
[9:46:05 AM] [NnyhF#7] DaddyDizzle: disconnected (You have been banned.)
[9:49:23 AM] [NnyhF#8] BotOnMnK: joined with identifiers [steam:11000014df460ff; license:06a61b4c40fc28c0a6e0a709ba99ffb637152b33; xbl:2535406023679221; live:1055518462074046; discord:1043623556015194112; fivem:9907274; license2:06a61b4c40fc28c0a6e0a709ba99ffb637152b33]
[10:01:31 AM] [NnyhF#5] MJL: said "/exithouse"
[10:01:31 AM] [NnyhF#5] MJL: said "/enterhouse"
[10:03:36 AM] [NnyhF#5] MJL: said "/revivve 8"
[10:10:21 AM] [NnyhF#5] MJL: died from suicide (Ranover by Vehicle)
[10:10:57 AM] [NnyhF#5] MJL: died from unknown by BotOnMnK
[10:20:35 AM] [NnyhF#8] BotOnMnK: disconnected (Exiting)
[10:21:37 AM] [NnyhF#9] BotOnMnK: joined with identifiers [steam:11000014df460ff; license:06a61b4c40fc28c0a6e0a709ba99ffb637152b33; xbl:2535406023679221; live:1055518462074046; discord:1043623556015194112; fivem:9907274; license2:06a61b4c40fc28c0a6e0a709ba99ffb637152b33]
[10:25:01 AM] [NnyhF#5] MJL: disconnected (Exiting)
[11:03:38 AM] [NnyhF#9] BotOnMnK: disconnected (Exiting)
[11:12:51 AM] [NnyhF#10] BotOnMnK: joined with identifiers [steam:11000014df460ff; license:06a61b4c40fc28c0a6e0a709ba99ffb637152b33; xbl:2535406023679221; live:1055518462074046; discord:1043623556015194112; fivem:9907274; license2:06a61b4c40fc28c0a6e0a709ba99ffb637152b33]
[11:23:18 AM] [NnyhF#11] DaddyDizzle: joined with identifiers [steam:11000014bb53aeb; license:e0893217ab0d40d6a510bcbfe1c9441b4a208a2b; discord:584024523989581834; fivem:8961289; license2:e0893217ab0d40d6a510bcbfe1c9441b4a208a2b]
[11:24:58 AM] [NnyhF#10] BotOnMnK: died from suicide (Falling)
[11:27:18 AM] [NnyhF#10] BotOnMnK: died from suicide (Falling)
[11:29:32 AM] [NnyhF#11] DaddyDizzle: said "/hideHUD"
[11:31:24 AM] [NnyhF#10] BotOnMnK: died from suicide (Falling)
[11:37:17 AM] [NnyhF#11] DaddyDizzle: said "/hideHUD"
[11:38:57 AM] [NnyhF#10] BotOnMnK: disconnected (Game crashed: GTA5_b2944.exe!sub_141399E58 (0x89))
[11:40:43 AM] [NnyhF#11] DaddyDizzle: said "/hideHUD"
[11:43:21 AM] [NnyhF#11] DaddyDizzle: said "/hideHUD"
[11:45:39 AM] [NnyhF#11] DaddyDizzle: said "/hideHUD"
[11:45:42 AM] [NnyhF#11] DaddyDizzle: said "/hideHUD"
[11:45:43 AM] [NnyhF#11] DaddyDizzle: said "/hideHUD"
[11:45:44 AM] [NnyhF#11] DaddyDizzle: said "/hideHUD"
[11:45:45 AM] [NnyhF#11] DaddyDizzle: said "/hideHUD"
[11:45:46 AM] [NnyhF#11] DaddyDizzle: said "/hideHUD"
[11:47:07 AM] [NnyhF#11] DaddyDizzle: said "/hideHUD"
[11:47:07 AM] [NnyhF#11] DaddyDizzle: said "/hideHUD"
[11:47:36 AM] [NnyhF#11] DaddyDizzle: disconnected (Exiting)
[1:30:50 PM] txAdmin: ((Broadcast) txAdmin): said "This server is scheduled to restart in 30 minutes."
[1:45:51 PM] txAdmin: ((Broadcast) txAdmin): said "This server is scheduled to restart in 15 minutes."
[1:50:50 PM] txAdmin: ((Broadcast) txAdmin): said "This server is scheduled to restart in 10 minutes."
[1:55:51 PM] txAdmin: ((Broadcast) txAdmin): said "This server is scheduled to restart in 5 minutes."
[1:56:51 PM] txAdmin: ((Broadcast) txAdmin): said "This server is scheduled to restart in 4 minutes."
[1:57:51 PM] txAdmin: ((Broadcast) txAdmin): said "This server is scheduled to restart in 3 minutes."
[1:58:51 PM] txAdmin: ((Broadcast) txAdmin): said "This server is scheduled to restart in 2 minutes."
[1:59:51 PM] txAdmin: ((Broadcast) txAdmin): said "This server is scheduled to restart in 1 minute. Please disconnect now."
[2:04:32 PM] txAdmin: Logger started
[2:07:30 PM] [d39Vb#1] Kody Pepperfield: joined with identifiers [steam:11000010c770c55; license:3219d00ad3af143df0db5d2bed38fe7460729e68; xbl:2535451109437060; live:1055521765014399; discord:152991330048540672; fivem:12674089; license2:3e576e238fb0360dab034daae9fc7459afbacb59]
[2:16:23 PM] [d39Vb#1] Kody Pepperfield: said "/handsup"
[2:21:23 PM] [d39Vb#1] Kody Pepperfield: said "/hideHUD"
[2:27:24 PM] [d39Vb#2] Chip Diamond: joined with identifiers [steam:11000010ea65d99; license:f3a2650224382e13f875afc3765c83f6655e596b; xbl:2535473701065398; live:844428061678846; discord:484538642031706129; fivem:13469420; license2:f3a2650224382e13f875afc3765c83f6655e596b]
[2:27:59 PM] [d39Vb#3] Gaming: joined with identifiers [license:cb5cc9b99f5b53c656d60cc7ff0e5f68f364688f; xbl:2535417184814297; live:1055519330314964; discord:668792968165064735; fivem:11149236; license2:cb5cc9b99f5b53c656d60cc7ff0e5f68f364688f]
[2:30:04 PM] [d39Vb#4] BotOnMnK: joined with identifiers [steam:11000014df460ff; license:06a61b4c40fc28c0a6e0a709ba99ffb637152b33; xbl:2535406023679221; live:1055518462074046; discord:1043623556015194112; fivem:9907274; license2:06a61b4c40fc28c0a6e0a709ba99ffb637152b33]
[2:30:32 PM] [d39Vb#5] Kamakazi Gamdom: joined with identifiers [steam:11000010e87be4d; license:b27179133e8df658895ecd5f756db2a4a4c8cd08; xbl:2533275003431282; live:1829581607460581; discord:242888314108116992; fivem:11442758; license2:e1e3866f24a1a081ffd211b7c1805c667b695651]
[2:32:59 PM] [d39Vb#3] Gaming: died from unknown by Kamakazi Gamdom
[2:33:12 PM] [d39Vb#4] BotOnMnK: died from unknown by Kody Pepperfield
[2:33:19 PM] [d39Vb#1] Kody Pepperfield: died from suicide (Falling)
[2:34:06 PM] [d39Vb#6] DaddyDizzle: joined with identifiers [steam:11000014bb53aeb; license:e0893217ab0d40d6a510bcbfe1c9441b4a208a2b; discord:584024523989581834; fivem:8961289; license2:e0893217ab0d40d6a510bcbfe1c9441b4a208a2b]
[2:36:28 PM] [d39Vb#1] Kody Pepperfield: died from Machine Pistol by Kamakazi Gamdom
[2:36:58 PM] [d39Vb#5] Kamakazi Gamdom: disconnected (Exiting)
[2:37:34 PM] [d39Vb#7] Kamakazi Gamdom: joined with identifiers [steam:11000010e87be4d; license:b27179133e8df658895ecd5f756db2a4a4c8cd08; xbl:2533275003431282; live:1829581607460581; discord:242888314108116992; fivem:11442758; license2:e1e3866f24a1a081ffd211b7c1805c667b695651]
[2:38:16 PM] [d39Vb#8] blakesivon: joined with identifiers [steam:11000010808a938; license:8acb66735a5b68f0f9ebfa836f39697fb6b15b44; xbl:2533274883397060; live:844427447092395; discord:440328840053653516; fivem:11543013; license2:8acb66735a5b68f0f9ebfa836f39697fb6b15b44]
[2:39:51 PM] [d39Vb#9] Bashd: joined with identifiers [license:a00857b602d138b5ec7509d31a9a89d95ef3395e; xbl:2535446564592413; live:985154622891630; discord:810419830540337152; fivem:5554937; license2:a00857b602d138b5ec7509d31a9a89d95ef3395e]
[2:40:35 PM] [d39Vb#4] BotOnMnK: died from Pistol by Kody Pepperfield
[2:40:42 PM] [d39Vb#1] Kody Pepperfield: died from suicide (Falling)
[2:42:26 PM] [d39Vb#1] Kody Pepperfield: said "//e superhero"
[2:43:16 PM] [d39Vb#1] Kody Pepperfield: died from suicide (Falling)
[2:44:03 PM] [d39Vb#7] Kamakazi Gamdom: said "/hideHUD"
[2:44:08 PM] [d39Vb#6] DaddyDizzle: died from Pistol by BotOnMnK
[2:44:41 PM] [d39Vb#6] DaddyDizzle: said "/revivwe"
[2:44:54 PM] [d39Vb#3] Gaming: died from suicide (Falling)
[2:45:01 PM] [d39Vb#3] Gaming: died from suicide (Falling)
[2:45:13 PM] [d39Vb#1] Kody Pepperfield: died from Carbine Rifle by DaddyDizzle
[2:45:27 PM] [d39Vb#1] Kody Pepperfield: died from suicide
[2:48:46 PM] [d39Vb#7] Kamakazi Gamdom: died from suicide (Falling)
[2:54:26 PM] [d39Vb#7] Kamakazi Gamdom: said "fix"
[2:54:42 PM] [d39Vb#1] Kody Pepperfield: died from suicide (Falling)
[2:55:27 PM] [d39Vb#4] BotOnMnK: died from suicide
[2:58:28 PM] [d39Vb#1] Kody Pepperfield: said "/hideHUD"
[2:59:56 PM] [d39Vb#9] Bashd: died from suicide (Falling)
[3:01:42 PM] [d39Vb#7] Kamakazi Gamdom: said "fix"
[3:02:27 PM] [d39Vb#3] Gaming: died from suicide (Falling)
[3:02:27 PM] [d39Vb#9] Bashd: died from suicide (Falling)
[3:02:32 PM] [d39Vb#1] Kody Pepperfield: said "/hideHUD"
[3:03:19 PM] [d39Vb#1] Kody Pepperfield: said "/hideHUD"
[3:04:44 PM] [d39Vb#8] blakesivon: said "/panic"
[3:04:51 PM] [d39Vb#8] blakesivon: said "//e handsup2"
[3:05:33 PM] [d39Vb#8] blakesivon: said "//e handsup2"
[3:08:26 PM] [d39Vb#1] Kody Pepperfield: died from Machine Pistol by Kamakazi Gamdom
[3:08:46 PM] [d39Vb#4] BotOnMnK: died from Pump Shotgun by Kamakazi Gamdom
[3:10:07 PM] [d39Vb#8] blakesivon: said "//e wave3"
[3:11:31 PM] [d39Vb#8] blakesivon: said "//e wave3"
[3:11:44 PM] [d39Vb#6] DaddyDizzle: said "mdt"
[3:12:48 PM] [d39Vb#6] DaddyDizzle: said "giveitem tunership 6"
[3:12:59 PM] [d39Vb#6] DaddyDizzle: said "giveitem  6 tunership 1"
[3:15:37 PM] [d39Vb#6] DaddyDizzle: said "/radar"
[3:15:45 PM] [d39Vb#1] Kody Pepperfield: said "//e superhero"
[3:16:11 PM] [d39Vb#1] Kody Pepperfield: said "//e superhero"
[3:16:25 PM] [d39Vb#6] DaddyDizzle: said "/radar_1_lock"
[3:18:48 PM] [d39Vb#1] Kody Pepperfield: said "//e superhero"
[3:19:03 PM] [d39Vb#1] Kody Pepperfield: said "/scene"
[3:19:03 PM] [d39Vb#7] Kamakazi Gamdom: said "/scene"
[3:20:19 PM] [d39Vb#4] BotOnMnK: died from suicide (Falling)
[3:20:19 PM] [d39Vb#6] DaddyDizzle: died from suicide (Falling)
[3:22:32 PM] [d39Vb#7] Kamakazi Gamdom: said "/hideHUD"
[3:28:07 PM] [d39Vb#1] Kody Pepperfield: said "//e superhero"
[3:30:22 PM] [d39Vb#7] Kamakazi Gamdom: caused an explosion (PIPEBOMB)
[3:30:39 PM] [d39Vb#9] Bashd: died from Pipe bomb by Kamakazi Gamdom
[3:30:43 PM] [d39Vb#9] Bashd: died from Fire by Kamakazi Gamdom
[3:39:54 PM] [d39Vb#7] Kamakazi Gamdom: caused an explosion (STICKYBOMB)
[3:39:55 PM] [d39Vb#4] BotOnMnK: died from Sticky Bomb by Kamakazi Gamdom
[3:39:55 PM] [d39Vb#9] Bashd: died from Sticky Bomb by Kamakazi Gamdom
[3:39:55 PM] [d39Vb#2] Chip Diamond: died from Sticky Bomb by Kamakazi Gamdom
[3:39:55 PM] [d39Vb#6] DaddyDizzle: died from Sticky Bomb by Kamakazi Gamdom
[3:39:55 PM] [d39Vb#1] Kody Pepperfield: died from Sticky Bomb by Kamakazi Gamdom
[3:39:55 PM] [d39Vb#8] blakesivon: died from Sticky Bomb by Kamakazi Gamdom
[3:39:55 PM] [d39Vb#3] Gaming: died from Sticky Bomb by Kamakazi Gamdom
[3:40:18 PM] [d39Vb#6] DaddyDizzle: said "/dancemonkey"
[3:47:43 PM] [d39Vb#8] blakesivon: died from unknown by Kamakazi Gamdom
[3:47:57 PM] [d39Vb#8] blakesivon: died from unknown by Kamakazi Gamdom
[3:53:20 PM] [d39Vb#7] Kamakazi Gamdom: said "/k"
[3:59:12 PM] [d39Vb#1] Kody Pepperfield: died from unknown by Kamakazi Gamdom
[4:19:16 PM] [d39Vb#6] DaddyDizzle: said "noclip"
[4:21:55 PM] [d39Vb#6] DaddyDizzle: said "/revivwe"
[4:24:20 PM] [d39Vb#6] DaddyDizzle: said "/vd"
[4:24:27 PM] [d39Vb#6] DaddyDizzle: said "/vd"
[4:24:34 PM] [d39Vb#6] DaddyDizzle: said "/vd"
[4:25:04 PM] [d39Vb#6] DaddyDizzle: said "/vd"
[4:25:36 PM] [d39Vb#6] DaddyDizzle: said "/deleteentity"
[4:25:57 PM] [d39Vb#7] Kamakazi Gamdom: said "/freeze 9"
[4:35:55 PM] [d39Vb#1] Kody Pepperfield: said "/hideHUD"
[4:36:39 PM] [d39Vb#4] BotOnMnK: said "/hideHUD"
[4:37:03 PM] [d39Vb#4] BotOnMnK: said "/hideHUD"
[4:37:19 PM] [d39Vb#4] BotOnMnK: died from Machine Pistol by Kamakazi Gamdom
[4:38:38 PM] [d39Vb#6] DaddyDizzle: died from Machine Pistol by Kamakazi Gamdom
[4:39:29 PM] [d39Vb#7] Kamakazi Gamdom: died from suicide (Falling)
[4:39:44 PM] [d39Vb#6] DaddyDizzle: disconnected (Exiting)
[4:39:47 PM] [d39Vb#2] Chip Diamond: died from suicide (Falling)
[4:39:47 PM] [d39Vb#3] Gaming: died from suicide (Falling)
[4:40:16 PM] [d39Vb#2] Chip Diamond: died from suicide (Falling)
[4:40:48 PM] [d39Vb#1] Kody Pepperfield: died from unknown by Kamakazi Gamdom
[4:42:54 PM] [d39Vb#4] BotOnMnK: died from suicide
[4:50:48 PM] [d39Vb#8] blakesivon: died from suicide (Falling)
[4:51:22 PM] [d39Vb#8] blakesivon: died from suicide (Falling)
[4:51:47 PM] [d39Vb#4] BotOnMnK: said "/QUIR"
[4:51:49 PM] [d39Vb#4] BotOnMnK: disconnected (Exiting)
[4:51:56 PM] [d39Vb#3] Gaming: died from suicide (Falling)
[4:52:18 PM] [d39Vb#3] Gaming: died from Machine Pistol by Kamakazi Gamdom
[4:52:19 PM] [d39Vb#1] Kody Pepperfield: disconnected (Exiting)
[4:52:22 PM] [d39Vb#10] BotOnMnK: joined with identifiers [steam:11000014df460ff; license:06a61b4c40fc28c0a6e0a709ba99ffb637152b33; xbl:2535406023679221; live:1055518462074046; discord:1043623556015194112; fivem:9907274; license2:06a61b4c40fc28c0a6e0a709ba99ffb637152b33]
[4:53:54 PM] [d39Vb#11] Kody Pepperfield: joined with identifiers [steam:11000010c770c55; license:3219d00ad3af143df0db5d2bed38fe7460729e68; xbl:2535451109437060; live:1055521765014399; discord:152991330048540672; fivem:12674089; license2:3e576e238fb0360dab034daae9fc7459afbacb59]
[4:54:56 PM] [d39Vb#9] Bashd: said "/reloadskin"
[4:56:10 PM] [d39Vb#9] Bashd: said "/passout3"
[4:57:13 PM] [d39Vb#9] Bashd: died from unknown by Kamakazi Gamdom
[4:58:26 PM] [d39Vb#9] Bashd: died from unknown by Kamakazi Gamdom
[5:00:38 PM] [d39Vb#9] Bashd: died from unknown by Kamakazi Gamdom
[5:01:42 PM] [d39Vb#3] Gaming: died from unknown by Kamakazi Gamdom
[5:02:10 PM] [d39Vb#8] blakesivon: died from unknown by Kamakazi Gamdom
[5:02:24 PM] [d39Vb#10] BotOnMnK: died from Fist by Kody Pepperfield
[5:02:34 PM] [d39Vb#3] Gaming: died from unknown by Kamakazi Gamdom
[5:02:37 PM] [d39Vb#10] BotOnMnK: died from Night Stick by Kody Pepperfield
[5:02:55 PM] [d39Vb#3] Gaming: died from unknown by Kamakazi Gamdom
[5:03:23 PM] [d39Vb#7] Kamakazi Gamdom: died from Night Stick by Kody Pepperfield
[5:03:33 PM] [d39Vb#11] Kody Pepperfield: died from Pistol by Gaming
[5:03:37 PM] [d39Vb#3] Gaming: died from unknown by Kamakazi Gamdom
[5:04:11 PM] [d39Vb#11] Kody Pepperfield: died from unknown by Kamakazi Gamdom
[5:04:24 PM] [d39Vb#3] Gaming: died from unknown by Kamakazi Gamdom
[5:04:34 PM] [d39Vb#3] Gaming: died from unknown by Kamakazi Gamdom
[5:04:35 PM] [d39Vb#11] Kody Pepperfield: died from unknown by Kamakazi Gamdom
[5:05:01 PM] [d39Vb#8] blakesivon: died from Pistol by Gaming
[5:05:39 PM] [d39Vb#12] BlazewolfV1: joined with identifiers [steam:11000014c0af4d6; license:034b4ec00b617ed260bdf85c4f38d0d808f19925; xbl:2535455258048430; live:844425001122073; discord:556116411886469143; fivem:7690152; license2:e463f58279a9da223bfce67240fdbedf17f5775e]
[5:05:52 PM] [d39Vb#11] Kody Pepperfield: died from suicide (Falling)
[5:05:58 PM] [d39Vb#11] Kody Pepperfield: died from unknown by Kamakazi Gamdom
[5:06:36 PM] [d39Vb#11] Kody Pepperfield: died from unknown by Kamakazi Gamdom
[5:06:59 PM] [d39Vb#12] BlazewolfV1: disconnected (Exiting)
[5:07:26 PM] [d39Vb#8] blakesivon: died from Pump Shotgun by Kamakazi Gamdom
[5:07:30 PM] [d39Vb#11] Kody Pepperfield: died from Pump Shotgun by Kamakazi Gamdom
[5:07:32 PM] [d39Vb#10] BotOnMnK: died from Pump Shotgun by Kamakazi Gamdom
[5:07:37 PM] [d39Vb#8] blakesivon: died from Pump Shotgun by Kamakazi Gamdom
[5:07:37 PM] [d39Vb#13] BlazewolfV1: joined with identifiers [steam:11000014c0af4d6; license:034b4ec00b617ed260bdf85c4f38d0d808f19925; xbl:2535455258048430; live:844425001122073; discord:556116411886469143; fivem:7690152; license2:e463f58279a9da223bfce67240fdbedf17f5775e]
[5:07:38 PM] [d39Vb#11] Kody Pepperfield: died from Pump Shotgun by Kamakazi Gamdom
[5:07:40 PM] [d39Vb#10] BotOnMnK: died from Pump Shotgun by Kamakazi Gamdom
[5:07:45 PM] [d39Vb#11] Kody Pepperfield: died from Pump Shotgun by Kamakazi Gamdom
[5:07:48 PM] [d39Vb#10] BotOnMnK: said "revive"
[5:07:51 PM] [d39Vb#3] Gaming: died from Pump Shotgun by Kamakazi Gamdom
[5:07:58 PM] [d39Vb#8] blakesivon: died from Pump Shotgun by Kamakazi Gamdom
[5:08:25 PM] [d39Vb#10] BotOnMnK: died from Pump Shotgun by Kamakazi Gamdom
[5:08:43 PM] [d39Vb#8] blakesivon: died from suicide (Falling)
[5:08:44 PM] [d39Vb#10] BotOnMnK: said "/reviove"
[5:08:51 PM] [d39Vb#10] BotOnMnK: died from Pump Shotgun by Kamakazi Gamdom
[5:09:23 PM] [d39Vb#10] BotOnMnK: said "//unbind f4 admin"
[5:09:30 PM] [d39Vb#7] Kamakazi Gamdom: died from Pump Shotgun by Kody Pepperfield
[5:09:34 PM] [d39Vb#10] BotOnMnK: died from Pump Shotgun by Kody Pepperfield
[5:09:38 PM] [d39Vb#11] Kody Pepperfield: died from unknown by Kamakazi Gamdom
[5:10:22 PM] [d39Vb#10] BotOnMnK: died from Pump Shotgun by Kody Pepperfield
[5:12:39 PM] [d39Vb#7] Kamakazi Gamdom: said "/repair"
[5:14:48 PM] [d39Vb#13] BlazewolfV1: died from suicide (Falling)
[5:15:40 PM] [d39Vb#10] BotOnMnK: said "/hideHUD"
[5:15:40 PM] [d39Vb#3] Gaming: said "/hideHUD"
[5:15:41 PM] [d39Vb#11] Kody Pepperfield: said "/hideHUD"
[5:15:45 PM] [d39Vb#8] blakesivon: died from suicide (Falling)
[5:16:11 PM] [d39Vb#3] Gaming: died from Pistol by BlazewolfV1
[5:16:59 PM] [d39Vb#11] Kody Pepperfield: died from suicide (Falling)
[5:17:01 PM] [d39Vb#11] Kody Pepperfield: said "/hideHUD"
[5:17:48 PM] [d39Vb#9] Bashd: died from suicide (Falling)
[5:17:56 PM] [d39Vb#9] Bashd: died from unknown by Kamakazi Gamdom
[5:19:16 PM] [d39Vb#3] Gaming: died from unknown by Kamakazi Gamdom
[5:20:14 PM] [d39Vb#13] BlazewolfV1: died from Pump Shotgun by Kody Pepperfield
[5:21:12 PM] [d39Vb#13] BlazewolfV1: died from unknown by Kamakazi Gamdom
[5:21:16 PM] [d39Vb#3] Gaming: died from unknown by Kamakazi Gamdom
[5:22:38 PM] [d39Vb#10] BotOnMnK: died from Pump Shotgun by Kody Pepperfield
[5:22:40 PM] [d39Vb#10] BotOnMnK: died from Pump Shotgun by Kody Pepperfield
[5:24:22 PM] [d39Vb#9] Bashd: died from Ranover by Vehicle by BlazewolfV1
[5:34:06 PM] [d39Vb#13] BlazewolfV1: disconnected (Exiting)
[5:34:50 PM] [d39Vb#14] BlazewolfV1: joined with identifiers [steam:11000014c0af4d6; license:034b4ec00b617ed260bdf85c4f38d0d808f19925; xbl:2535455258048430; live:844425001122073; discord:556116411886469143; fivem:7690152; license2:e463f58279a9da223bfce67240fdbedf17f5775e]
[5:35:38 PM] [d39Vb#14] BlazewolfV1: said "depot"
[5:36:20 PM] [d39Vb#9] Bashd: died from suicide (Falling)
[5:40:09 PM] [d39Vb#10] BotOnMnK: said "/hideHUD"
[5:41:54 PM] [d39Vb#2] Chip Diamond: died from suicide (Falling)
[5:46:11 PM] [d39Vb#14] BlazewolfV1: died from suicide (Vehicle Rotors)
[5:47:59 PM] [d39Vb#3] Gaming: died from suicide (Falling)
[5:48:22 PM] [d39Vb#14] BlazewolfV1: said "/depotw"
[5:48:24 PM] [d39Vb#14] BlazewolfV1: said "/depotw"
[5:49:18 PM] [d39Vb#7] Kamakazi Gamdom: said "/fix\"
[5:51:27 PM] [d39Vb#9] Bashd: said "/hideHUD"
[5:53:00 PM] [d39Vb#2] Chip Diamond: said "/reloadskin"
[6:01:36 PM] [d39Vb#8] blakesivon: disconnected (Game crashed: d3d11.dll!?GetDesc@CSampler@@UEAAXPEAUD3D11_SAMPLER_DESC@@@Z (0x3129))
[6:03:58 PM] [d39Vb#9] Bashd: said "/frontseat"
[6:03:59 PM] [d39Vb#15] blakesivon: joined with identifiers [steam:11000010808a938; license:8acb66735a5b68f0f9ebfa836f39697fb6b15b44; xbl:2533274883397060; live:844427447092395; discord:440328840053653516; fivem:11543013; license2:8acb66735a5b68f0f9ebfa836f39697fb6b15b44]
[6:05:03 PM] [d39Vb#14] BlazewolfV1: died from Pistol by Gaming
[6:05:32 PM] [d39Vb#9] Bashd: died from suicide (Falling)
[6:05:32 PM] [d39Vb#10] BotOnMnK: died from unknown by Kamakazi Gamdom
[6:05:33 PM] [d39Vb#2] Chip Diamond: said "/reloadskin"
[6:06:01 PM] [d39Vb#2] Chip Diamond: said "/carry"
[6:06:01 PM] [d39Vb#2] Chip Diamond: said "/carry"
[6:06:40 PM] [d39Vb#2] Chip Diamond: said "/reloadskin"
[6:06:49 PM] [d39Vb#3] Gaming: died from suicide (Falling)
[6:07:42 PM] [d39Vb#2] Chip Diamond: said "/hideHUD"
[6:07:53 PM] [d39Vb#2] Chip Diamond: died from suicide (Falling)
[6:10:44 PM] [d39Vb#11] Kody Pepperfield: disconnected (Exiting)
[6:11:14 PM] [d39Vb#3] Gaming: disconnected (Exiting)
[6:12:04 PM] [d39Vb#14] BlazewolfV1: said "/hideHUD"
[6:19:08 PM] [d39Vb#16] marcusblackwell7: joined with identifiers [steam:110000154d96125; license:b90a0574761cd349c5a4e1d6372c3ba96f26a074; discord:667904617446768652; fivem:7859917; license2:b90a0574761cd349c5a4e1d6372c3ba96f26a074]
[6:21:12 PM] [d39Vb#10] BotOnMnK: died from suicide (Drowned)
[6:25:49 PM] [d39Vb#16] marcusblackwell7: died from unknown by Kamakazi Gamdom
[6:25:53 PM] [d39Vb#10] BotOnMnK: died from Pistol by BlazewolfV1
[6:26:11 PM] [d39Vb#16] marcusblackwell7: died from Carbine Rifle by BlazewolfV1
[6:26:32 PM] [d39Vb#14] BlazewolfV1: died from unknown by Kamakazi Gamdom
[6:26:38 PM] [d39Vb#15] blakesivon: died from unknown by Kamakazi Gamdom
[6:28:04 PM] [d39Vb#7] Kamakazi Gamdom: said "/hideHUD"
[6:29:53 PM] [d39Vb#9] Bashd: died from suicide (Falling)
[6:29:56 PM] [d39Vb#9] Bashd: died from suicide (Falling)
[6:36:45 PM] [d39Vb#9] Bashd: died from suicide (Falling)
[6:36:59 PM] [d39Vb#16] marcusblackwell7: died from suicide (Falling)
[6:37:08 PM] [d39Vb#9] Bashd: said "/refreashskin"
[6:37:16 PM] [d39Vb#2] Chip Diamond: died from suicide (Falling)
[6:41:39 PM] [d39Vb#7] Kamakazi Gamdom: died from Ranover by Vehicle by BlazewolfV1
[6:41:50 PM] [d39Vb#9] Bashd: died from suicide (Falling)
[6:41:51 PM] [d39Vb#14] BlazewolfV1: died from unknown by Kamakazi Gamdom
[6:44:23 PM] [d39Vb#14] BlazewolfV1: died from unknown by Kamakazi Gamdom
[6:54:06 PM] [d39Vb#7] Kamakazi Gamdom: said "/hideHUD"
[6:56:40 PM] [d39Vb#14] BlazewolfV1: died from suicide (Falling)
[6:57:21 PM] [d39Vb#14] BlazewolfV1: died from unknown by Kamakazi Gamdom
[6:59:15 PM] [d39Vb#7] Kamakazi Gamdom: said "/hideHUD"
[7:00:49 PM] [d39Vb#2] Chip Diamond: died from suicide (Falling)
[7:02:02 PM] [d39Vb#17] Zeph: joined with identifiers [steam:110000105005359; license:0d98e0a6b6a21269f75dc7e55a68e6095fa315ef; xbl:2535457321411525; live:914798745103423; discord:411356002131378176; fivem:13441836; license2:0d98e0a6b6a21269f75dc7e55a68e6095fa315ef]
[7:04:14 PM] [d39Vb#14] BlazewolfV1: died from suicide (Falling)
[7:11:52 PM] [d39Vb#9] Bashd: said "/quit'"
[7:11:54 PM] [d39Vb#9] Bashd: disconnected (Exiting)
[7:13:43 PM] [d39Vb#7] Kamakazi Gamdom: died from Carbine Rifle by BlazewolfV1
[7:14:31 PM] [d39Vb#15] blakesivon: said "/hideHUD"
[7:16:21 PM] [d39Vb#15] blakesivon: said "//e wave3"
[7:16:22 PM] [d39Vb#2] Chip Diamond: said "/carry"
[7:17:28 PM] [d39Vb#7] Kamakazi Gamdom: caused an explosion (STICKYBOMB)
[7:17:28 PM] [d39Vb#7] Kamakazi Gamdom: died from suicide (Sticky Bomb)
[7:17:28 PM] [d39Vb#14] BlazewolfV1: died from Sticky Bomb by Kamakazi Gamdom
[7:17:28 PM] [d39Vb#2] Chip Diamond: died from Sticky Bomb by Kamakazi Gamdom
[7:17:28 PM] [d39Vb#15] blakesivon: died from Sticky Bomb by Kamakazi Gamdom
[7:17:29 PM] [d39Vb#16] marcusblackwell7: died from Sticky Bomb by Kamakazi Gamdom
[7:20:26 PM] [d39Vb#7] Kamakazi Gamdom: died from unknown by BlazewolfV1
[7:21:45 PM] [d39Vb#14] BlazewolfV1: died from unknown by Kamakazi Gamdom
[7:22:02 PM] [d39Vb#10] BotOnMnK: died from unknown by Kamakazi Gamdom
[7:22:03 PM] [d39Vb#16] marcusblackwell7: died from unknown by Kamakazi Gamdom
[7:22:04 PM] [d39Vb#14] BlazewolfV1: died from unknown by Kamakazi Gamdom
[7:22:25 PM] [d39Vb#2] Chip Diamond: died from Pistol by BlazewolfV1
[7:22:33 PM] [d39Vb#14] BlazewolfV1: died from unknown by Kamakazi Gamdom
[7:23:09 PM] [d39Vb#7] Kamakazi Gamdom: said "/revivfe"
[7:23:27 PM] [d39Vb#2] Chip Diamond: died from unknown by Kamakazi Gamdom
[7:23:32 PM] [d39Vb#7] Kamakazi Gamdom: died from Pistol by BlazewolfV1
[7:23:34 PM] [d39Vb#16] marcusblackwell7: disconnected (Exiting)
[7:24:02 PM] [d39Vb#18] marcusblackwell7: joined with identifiers [steam:110000154d96125; license:b90a0574761cd349c5a4e1d6372c3ba96f26a074; discord:667904617446768652; fivem:7859917; license2:b90a0574761cd349c5a4e1d6372c3ba96f26a074]
[7:24:03 PM] [d39Vb#7] Kamakazi Gamdom: died from Pistol by Chip Diamond
[7:24:16 PM] [d39Vb#14] BlazewolfV1: died from unknown by Kamakazi Gamdom
[7:24:23 PM] [d39Vb#2] Chip Diamond: died from unknown by Kamakazi Gamdom
[7:24:26 PM] [d39Vb#10] BotOnMnK: died from unknown by Kamakazi Gamdom
[7:26:13 PM] [d39Vb#14] BlazewolfV1: died from unknown by Kamakazi Gamdom
[7:26:14 PM] [d39Vb#7] Kamakazi Gamdom: died from suicide (Falling)
[7:26:21 PM] [d39Vb#7] Kamakazi Gamdom: said "/revive'"
[7:26:51 PM] [d39Vb#2] Chip Diamond: died from unknown by Kamakazi Gamdom
[7:27:08 PM] [d39Vb#7] Kamakazi Gamdom: said "/REFRESHSKIN'"
[7:28:30 PM] [d39Vb#2] Chip Diamond: died from Pistol by BlazewolfV1
[7:28:41 PM] [d39Vb#2] Chip Diamond: died from unknown by Kamakazi Gamdom
[7:30:04 PM] [d39Vb#14] BlazewolfV1: died from unknown by BotOnMnK
[7:30:51 PM] [d39Vb#10] BotOnMnK: died from Ranover by Vehicle by Kamakazi Gamdom
[7:30:52 PM] [d39Vb#18] marcusblackwell7: died from Ranover by Vehicle by Kamakazi Gamdom
[7:30:57 PM] [d39Vb#10] BotOnMnK: died from suicide
[7:30:58 PM] [d39Vb#18] marcusblackwell7: died from suicide
[7:31:56 PM] [d39Vb#14] BlazewolfV1: died from suicide (Falling)
[7:33:34 PM] [d39Vb#14] BlazewolfV1: disconnected (Exiting)
[7:37:07 PM] [d39Vb#10] BotOnMnK: said "/hideHUD"
[7:38:28 PM] [d39Vb#7] Kamakazi Gamdom: said "/hideHUD"
[7:38:29 PM] [d39Vb#7] Kamakazi Gamdom: said "/QUIIT"
[7:38:30 PM] [d39Vb#7] Kamakazi Gamdom: disconnected (Exiting)
[7:39:04 PM] [d39Vb#18] marcusblackwell7: disconnected (Exiting)
[7:39:06 PM] [d39Vb#10] BotOnMnK: died from Pistol by Chip Diamond
[7:39:41 PM] [d39Vb#2] Chip Diamond: died from Pistol by BotOnMnK
[7:43:23 PM] [d39Vb#2] Chip Diamond: died from Pistol by BotOnMnK
[7:44:23 PM] [d39Vb#10] BotOnMnK: disconnected (Exiting)
[7:47:14 PM] [d39Vb#15] blakesivon: said "//e handsup2"
[7:47:15 PM] [d39Vb#15] blakesivon: disconnected (Exiting)
[7:48:51 PM] [d39Vb#2] Chip Diamond: disconnected (Exiting)
[8:15:22 PM] [d39Vb#17] Zeph: died from suicide
[8:15:56 PM] [d39Vb#17] Zeph: died from suicide (Falling)
[8:28:16 PM] [d39Vb#17] Zeph: said "/mumble+"
[8:28:21 PM] [d39Vb#17] Zeph: said "//commands"
[8:28:25 PM] [d39Vb#17] Zeph: said "/commands"
[8:28:49 PM] [d39Vb#17] Zeph: said "/reconnect"
[8:28:51 PM] [d39Vb#17] Zeph: disconnected (Exiting)
[8:29:48 PM] [d39Vb#19] Zeph: joined with identifiers [steam:110000105005359; license:0d98e0a6b6a21269f75dc7e55a68e6095fa315ef; xbl:2535457321411525; live:914798745103423; discord:411356002131378176; fivem:13441836; license2:0d98e0a6b6a21269f75dc7e55a68e6095fa315ef]
[9:00:46 PM] [d39Vb#19] Zeph: disconnected (Exiting)
[9:30:00 PM] txAdmin: ((Broadcast) txAdmin): said "This server is scheduled to restart in 30 minutes."
[9:45:01 PM] txAdmin: ((Broadcast) txAdmin): said "This server is scheduled to restart in 15 minutes."
[9:50:01 PM] txAdmin: ((Broadcast) txAdmin): said "This server is scheduled to restart in 10 minutes."
[9:55:00 PM] txAdmin: ((Broadcast) txAdmin): said "This server is scheduled to restart in 5 minutes."
[9:56:00 PM] txAdmin: ((Broadcast) txAdmin): said "This server is scheduled to restart in 4 minutes."
[9:57:00 PM] txAdmin: ((Broadcast) txAdmin): said "This server is scheduled to restart in 3 minutes."
[9:58:00 PM] txAdmin: ((Broadcast) txAdmin): said "This server is scheduled to restart in 2 minutes."
[9:59:00 PM] txAdmin: ((Broadcast) txAdmin): said "This server is scheduled to restart in 1 minute. Please disconnect now."
[10:00:44 PM] txAdmin: Logger started
