
================================================================
======== Log Rotated - 4/7/2024, 12:00:00 AM                    
================================================================
[5:30:02 AM] txAdmin: ((Broadcast) txAdmin): said "This server is scheduled to restart in 30 minutes."
[5:45:03 AM] txAdmin: ((Broadcast) txAdmin): said "This server is scheduled to restart in 15 minutes."
[5:50:03 AM] txAdmin: ((Broadcast) txAdmin): said "This server is scheduled to restart in 10 minutes."
[5:55:03 AM] txAdmin: ((Broadcast) txAdmin): said "This server is scheduled to restart in 5 minutes."
[5:56:03 AM] txAdmin: ((Broadcast) txAdmin): said "This server is scheduled to restart in 4 minutes."
[5:57:03 AM] txAdmin: ((Broadcast) txAdmin): said "This server is scheduled to restart in 3 minutes."
[5:58:03 AM] txAdmin: ((Broadcast) txAdmin): said "This server is scheduled to restart in 2 minutes."
[5:59:03 AM] txAdmin: ((Broadcast) txAdmin): said "This server is scheduled to restart in 1 minute. Please disconnect now."
[6:00:37 AM] txAdmin: Logger started
[1:30:13 PM] txAdmin: ((Broadcast) txAdmin): said "This server is scheduled to restart in 30 minutes."
[1:45:14 PM] txAdmin: ((Broadcast) txAdmin): said "This server is scheduled to restart in 15 minutes."
[1:50:13 PM] txAdmin: ((Broadcast) txAdmin): said "This server is scheduled to restart in 10 minutes."
[1:55:14 PM] txAdmin: ((Broadcast) txAdmin): said "This server is scheduled to restart in 5 minutes."
[1:56:14 PM] txAdmin: ((Broadcast) txAdmin): said "This server is scheduled to restart in 4 minutes."
[1:57:14 PM] txAdmin: ((Broadcast) txAdmin): said "This server is scheduled to restart in 3 minutes."
[1:58:14 PM] txAdmin: ((Broadcast) txAdmin): said "This server is scheduled to restart in 2 minutes."
[1:59:14 PM] txAdmin: ((Broadcast) txAdmin): said "This server is scheduled to restart in 1 minute. Please disconnect now."
[2:04:11 PM] txAdmin: Logger started
[6:20:33 PM] [VwmTp#1] Anne Flank: joined with identifiers [steam:1100001097e125b; license:a938a74170975c01e88f463aea01684a16f28545; xbl:2535409246266710; live:1899947325711585; discord:293157047682465793; license2:9eb41e0279fe15e33ff86440bafc2105d3b78f01]
[7:57:25 PM] [VwmTp#2] cringyking180: joined with identifiers [steam:110000160ce1c2c; license:7bb253287bd9b0fde87139be280127280d5da9b8; xbl:2535460107665577; live:844426175737770; discord:539940808468594698; license2:7bb253287bd9b0fde87139be280127280d5da9b8]
[7:59:16 PM] [VwmTp#3] ki: joined with identifiers [steam:11000014937305e; license:96f267487834a7dd20e1835ec25225692b2fd6ed; xbl:2533274848562754; live:1055520789945701; discord:863516509002006589; license2:96f267487834a7dd20e1835ec25225692b2fd6ed]
[7:59:38 PM] [VwmTp#2] cringyking180: disconnected (Exiting)
[8:02:45 PM] [VwmTp#3] ki: disconnected (Exiting)
[9:30:24 PM] txAdmin: ((Broadcast) txAdmin): said "This server is scheduled to restart in 30 minutes."
[9:42:06 PM] [VwmTp#1] Anne Flank: said "/hideHUD"
[9:43:28 PM] [VwmTp#1] Anne Flank: disconnected (Exiting)
[9:44:53 PM] [VwmTp#4] 💤: joined with identifiers [steam:110000147fe4fdf; license:b36f5f473fec90a6370906581fb02946f26a7779; xbl:2535464833131337; live:1055518376767853; discord:709664654967701596; fivem:2319241; license2:a1758bf8ce51428d109fb3e59a1174e69e674190]
[9:45:24 PM] txAdmin: ((Broadcast) txAdmin): said "This server is scheduled to restart in 15 minutes."
[9:50:25 PM] txAdmin: ((Broadcast) txAdmin): said "This server is scheduled to restart in 10 minutes."
[9:55:24 PM] txAdmin: ((Broadcast) txAdmin): said "This server is scheduled to restart in 5 minutes."
[9:56:24 PM] txAdmin: ((Broadcast) txAdmin): said "This server is scheduled to restart in 4 minutes."
[9:57:24 PM] txAdmin: ((Broadcast) txAdmin): said "This server is scheduled to restart in 3 minutes."
[9:58:24 PM] txAdmin: ((Broadcast) txAdmin): said "This server is scheduled to restart in 2 minutes."
[9:59:25 PM] txAdmin: ((Broadcast) txAdmin): said "This server is scheduled to restart in 1 minute. Please disconnect now."
[10:00:24 PM] [VwmTp#4] 💤: disconnected ([txAdmin] Server restarting (scheduled restart at 22:00).)
[10:01:00 PM] txAdmin: Logger started
[10:01:38 PM] [UxmJb#1] 💤: joined with identifiers [steam:110000147fe4fdf; license:b36f5f473fec90a6370906581fb02946f26a7779; xbl:2535464833131337; live:1055518376767853; discord:709664654967701596; fivem:2319241; license2:a1758bf8ce51428d109fb3e59a1174e69e674190]
[10:22:37 PM] [UxmJb#2] Anne Flank: joined with identifiers [steam:1100001097e125b; license:a938a74170975c01e88f463aea01684a16f28545; xbl:2535409246266710; live:1899947325711585; discord:293157047682465793; license2:9eb41e0279fe15e33ff86440bafc2105d3b78f01]
[10:42:24 PM] [UxmJb#1] 💤: disconnected (Exiting)
[10:44:08 PM] [UxmJb#3] 💤: joined with identifiers [steam:110000147fe4fdf; license:b36f5f473fec90a6370906581fb02946f26a7779; xbl:2535464833131337; live:1055518376767853; discord:709664654967701596; fivem:2319241; license2:a1758bf8ce51428d109fb3e59a1174e69e674190]
[10:47:46 PM] [UxmJb#3] 💤: disconnected (Exiting)
[10:59:21 PM] [UxmJb#2] Anne Flank: said "/hideHUD"
[10:59:22 PM] [UxmJb#2] Anne Flank: disconnected (Exiting)
