
================================================================
======== Log Rotated - 3/5/2024, 12:00:00 AM                    
================================================================

================================================================
======== txAdmin Starting - 3/5/2024, 10:51:28 AM               
================================================================
[10:54:38 AM] txAdmin: Logger started
[10:55:34 AM] [4jQBQ#1] MJL: joined with identifiers [steam:1100001324fa523; license:ec6c328d6d02f816bf13e4a9d09768c02d6e3125; xbl:2535415531070562; live:1055522508602522; discord:213410953641852928; fivem:2586828]
[11:04:58 AM] [4jQBQ#1] MJL: said "/exithouse"
[11:04:58 AM] [4jQBQ#1] MJL: said "/enterhouse"
[11:05:02 AM] [4jQBQ#1] MJL: said "/exithouse"
[11:05:02 AM] [4jQBQ#1] MJL: said "/enterhouse"
[11:05:05 AM] [4jQBQ#1] MJL: said "/exithouse"
[11:05:05 AM] [4jQBQ#1] MJL: said "/enterhouse"
[11:05:07 AM] [4jQBQ#1] MJL: said "/exithouse"
[11:05:07 AM] [4jQBQ#1] MJL: said "/enterhouse"
[11:05:08 AM] [4jQBQ#1] MJL: said "/exithouse"
[11:05:08 AM] [4jQBQ#1] MJL: said "/enterhouse"
[11:09:39 AM] [4jQBQ#1] MJL: disconnected (Server->client connection timed out. Last seen 169 msec ago.)
[12:31:17 PM] txAdmin: Logger started
[12:32:10 PM] [h7DJ7#1] MJL: joined with identifiers [steam:1100001324fa523; license:ec6c328d6d02f816bf13e4a9d09768c02d6e3125; xbl:2535415531070562; live:1055522508602522; discord:213410953641852928; fivem:2586828]
[12:38:42 PM] [h7DJ7#1] MJL: disconnected (Exiting)
[12:47:59 PM] [h7DJ7#2] Gaming: joined with identifiers [license:cb5cc9b99f5b53c656d60cc7ff0e5f68f364688f; xbl:2535417184814297; live:1055519330314964; discord:668792968165064735; fivem:11149236; license2:cb5cc9b99f5b53c656d60cc7ff0e5f68f364688f]
[12:53:17 PM] [h7DJ7#2] Gaming: said "/ad,om"
[12:57:59 PM] [h7DJ7#2] Gaming: disconnected (Exiting)
[5:37:53 PM] txAdmin: Logger started
[5:39:14 PM] [4EYLT#1] Kamakazi Gamdom: joined with identifiers [steam:11000010e87be4d; license:b27179133e8df658895ecd5f756db2a4a4c8cd08; xbl:2533275003431282; live:1829581607460581; discord:242888314108116992; fivem:11442758; license2:e1e3866f24a1a081ffd211b7c1805c667b695651]
[5:40:27 PM] [4EYLT#1] Kamakazi Gamdom: said "/hideHUD"
[5:40:28 PM] [4EYLT#1] Kamakazi Gamdom: said "/hideHUD"
[5:40:38 PM] [4EYLT#1] Kamakazi Gamdom: said "/radio"
[5:41:17 PM] [4EYLT#1] Kamakazi Gamdom: said "/hideHUD"
[5:41:17 PM] [4EYLT#1] Kamakazi Gamdom: said "/hideHUD"
[5:44:07 PM] [4EYLT#1] Kamakazi Gamdom: said "/hideHUD"
[5:44:16 PM] [4EYLT#1] Kamakazi Gamdom: said "/hideHUD"
[5:44:41 PM] [4EYLT#1] Kamakazi Gamdom: said "/hideHUD"
[5:47:43 PM] [4EYLT#1] Kamakazi Gamdom: disconnected ([txAdmin] Server restarting (requested by mjl1106).)
[5:48:16 PM] txAdmin: Logger started
[5:49:15 PM] [btXWw#1] Kamakazi Gamdom: joined with identifiers [steam:11000010e87be4d; license:b27179133e8df658895ecd5f756db2a4a4c8cd08; xbl:2533275003431282; live:1829581607460581; discord:242888314108116992; fivem:11442758; license2:e1e3866f24a1a081ffd211b7c1805c667b695651]
[6:08:18 PM] [btXWw#1] Kamakazi Gamdom: said "/hideHUD"
[6:28:54 PM] [btXWw#1] Kamakazi Gamdom: said "/admim"
[6:42:19 PM] [btXWw#1] Kamakazi Gamdom: said "/hideHUD"
[6:42:32 PM] [btXWw#1] Kamakazi Gamdom: said "/hideHUD"
[6:45:00 PM] [btXWw#1] Kamakazi Gamdom: died from suicide (Falling)
[6:49:22 PM] [btXWw#1] Kamakazi Gamdom: said "/hideHUD"
[6:49:39 PM] [btXWw#1] Kamakazi Gamdom: said "/hideHUD"
[6:49:44 PM] [btXWw#1] Kamakazi Gamdom: said "/hideHUD"
[6:50:17 PM] [btXWw#1] Kamakazi Gamdom: said "/hideHUD"
[6:54:51 PM] [btXWw#1] Kamakazi Gamdom: said "/hideHUD"
[6:54:52 PM] [btXWw#1] Kamakazi Gamdom: disconnected (Exiting)
