
================================================================
======== Log Rotated - 4/6/2024, 12:00:00 AM                    
================================================================
[12:55:23 AM] [a6aam#2] JOSH: died from suicide (Falling)
[1:02:16 AM] [a6aam#3] Exorcism: joined with identifiers [steam:110000157c5c234; license:7bb253287bd9b0fde87139be280127280d5da9b8; xbl:2535460107665577; live:844426175737770; discord:539940808468594698; license2:7bb253287bd9b0fde87139be280127280d5da9b8]
[1:11:21 AM] [a6aam#3] Exorcism: disconnected (Exiting)
[2:27:57 AM] [a6aam#2] JOSH: said "/hideHUD"
[2:27:58 AM] [a6aam#2] JOSH: disconnected (Exiting)
[2:36:50 AM] [a6aam#1] Anne Flank: said "/hideHUD"
[2:58:40 AM] [a6aam#4] φοῖνιξ: joined with identifiers [steam:11000010ee88c01; license:ee681c08d9d45c48bf5af06870d7d23d75db16dc; xbl:2535430200613003; live:985158121988759; discord:305372052683096065; fivem:10488223; license2:ee681c08d9d45c48bf5af06870d7d23d75db16dc]
[3:20:16 AM] [a6aam#1] Anne Flank: said "/hideHUD"
[3:20:22 AM] [a6aam#4] φοῖνιξ: said "/hideHUD"
[3:20:49 AM] [a6aam#4] φοῖνιξ: disconnected (Exiting)
[4:10:25 AM] [a6aam#1] Anne Flank: disconnected (Exiting)
[4:49:14 AM] [a6aam#5] missberrymedley: joined with identifiers [steam:11000010cab8d07; license:7a3a5bfb5af789cb5f02843e29cc4ee338b0a294; xbl:2535413783067581; live:1688853905214434; discord:461174423903535107; fivem:1697557; license2:ec1926a90f33d1955abd2276f36a7c3ed4c51a23]
[4:51:18 AM] [a6aam#5] missberrymedley: disconnected (Exiting)
[4:51:53 AM] [a6aam#6] missberrymedley: joined with identifiers [steam:11000010cab8d07; license:7a3a5bfb5af789cb5f02843e29cc4ee338b0a294; xbl:2535413783067581; live:1688853905214434; discord:461174423903535107; fivem:1697557; license2:ec1926a90f33d1955abd2276f36a7c3ed4c51a23]
[5:10:49 AM] [a6aam#6] missberrymedley: disconnected (Exiting)
[5:30:30 AM] txAdmin: ((Broadcast) txAdmin): said "This server is scheduled to restart in 30 minutes."
[5:45:31 AM] txAdmin: ((Broadcast) txAdmin): said "This server is scheduled to restart in 15 minutes."
[5:50:31 AM] txAdmin: ((Broadcast) txAdmin): said "This server is scheduled to restart in 10 minutes."
[5:55:30 AM] txAdmin: ((Broadcast) txAdmin): said "This server is scheduled to restart in 5 minutes."
[5:56:30 AM] txAdmin: ((Broadcast) txAdmin): said "This server is scheduled to restart in 4 minutes."
[5:57:30 AM] txAdmin: ((Broadcast) txAdmin): said "This server is scheduled to restart in 3 minutes."
[5:58:30 AM] txAdmin: ((Broadcast) txAdmin): said "This server is scheduled to restart in 2 minutes."
[5:59:31 AM] txAdmin: ((Broadcast) txAdmin): said "This server is scheduled to restart in 1 minute. Please disconnect now."
[6:01:09 AM] txAdmin: Logger started
[7:59:26 AM] [M8N9G#1] Anne Flank: joined with identifiers [steam:1100001097e125b; license:a938a74170975c01e88f463aea01684a16f28545; xbl:2535409246266710; live:1899947325711585; discord:293157047682465793; license2:9eb41e0279fe15e33ff86440bafc2105d3b78f01]
[8:57:45 AM] [M8N9G#1] Anne Flank: died from suicide (Falling)
[9:02:05 AM] [M8N9G#1] Anne Flank: disconnected (Exiting)
[10:07:43 AM] [M8N9G#2] Anne Flank: joined with identifiers [steam:1100001097e125b; license:a938a74170975c01e88f463aea01684a16f28545; xbl:2535409246266710; live:1899947325711585; discord:293157047682465793; license2:9eb41e0279fe15e33ff86440bafc2105d3b78f01]
[10:09:15 AM] [M8N9G#2] Anne Flank: disconnected (Exiting)
[10:09:41 AM] [M8N9G#3] Anne Flank: joined with identifiers [steam:1100001097e125b; license:a938a74170975c01e88f463aea01684a16f28545; xbl:2535409246266710; live:1899947325711585; discord:293157047682465793; license2:9eb41e0279fe15e33ff86440bafc2105d3b78f01]
[10:12:36 AM] [M8N9G#3] Anne Flank: disconnected (Exiting)
[10:19:00 AM] [M8N9G#4] Anne Flank: joined with identifiers [steam:1100001097e125b; license:a938a74170975c01e88f463aea01684a16f28545; xbl:2535409246266710; live:1899947325711585; discord:293157047682465793; license2:9eb41e0279fe15e33ff86440bafc2105d3b78f01]
[10:20:22 AM] [M8N9G#4] Anne Flank: disconnected (Exiting)
[10:20:49 AM] [M8N9G#5] Anne Flank: joined with identifiers [steam:1100001097e125b; license:a938a74170975c01e88f463aea01684a16f28545; xbl:2535409246266710; live:1899947325711585; discord:293157047682465793; license2:9eb41e0279fe15e33ff86440bafc2105d3b78f01]
[10:26:44 AM] [M8N9G#5] Anne Flank: died from suicide (Falling)
[11:41:53 AM] [M8N9G#5] Anne Flank: disconnected (Exiting)
[1:30:40 PM] txAdmin: ((Broadcast) txAdmin): said "This server is scheduled to restart in 30 minutes."
[1:45:41 PM] txAdmin: ((Broadcast) txAdmin): said "This server is scheduled to restart in 15 minutes."
[1:50:41 PM] txAdmin: ((Broadcast) txAdmin): said "This server is scheduled to restart in 10 minutes."
[1:55:41 PM] txAdmin: ((Broadcast) txAdmin): said "This server is scheduled to restart in 5 minutes."
[1:56:41 PM] txAdmin: ((Broadcast) txAdmin): said "This server is scheduled to restart in 4 minutes."
[1:57:40 PM] txAdmin: ((Broadcast) txAdmin): said "This server is scheduled to restart in 3 minutes."
[1:58:41 PM] txAdmin: ((Broadcast) txAdmin): said "This server is scheduled to restart in 2 minutes."
[1:59:41 PM] txAdmin: ((Broadcast) txAdmin): said "This server is scheduled to restart in 1 minute. Please disconnect now."
[2:05:02 PM] txAdmin: Logger started
[3:00:01 PM] [EfmTN#1] Mr_Green: joined with identifiers [steam:110000117f12b1a; license:8cb9f8548eb4c7764c77849cfa2ff397ec016f08; xbl:2535433922801834; live:985153858977618; discord:322443072233537556; fivem:10498222; license2:6dd94f8afb9d56223c4c530061c5ab1316c72c1c]
[3:03:12 PM] [EfmTN#1] Mr_Green: said "/hideHUD"
[3:08:01 PM] [EfmTN#1] Mr_Green: said "/hideHUD"
[3:08:46 PM] [EfmTN#1] Mr_Green: said "/hideHUD"
[3:09:44 PM] [EfmTN#1] Mr_Green: said "/hideHUD"
[3:10:56 PM] [EfmTN#1] Mr_Green: said "/hideHUD"
[3:12:18 PM] [EfmTN#1] Mr_Green: said "/hideHUD"
[3:12:46 PM] [EfmTN#1] Mr_Green: said "/hideHUD"
[3:14:15 PM] [EfmTN#1] Mr_Green: said "/hideHUD"
[3:14:59 PM] [EfmTN#2] ki: joined with identifiers [steam:11000014937305e; license:96f267487834a7dd20e1835ec25225692b2fd6ed; xbl:2533274848562754; live:1055520789945701; discord:863516509002006589; license2:96f267487834a7dd20e1835ec25225692b2fd6ed]
[3:18:35 PM] [EfmTN#2] ki: disconnected (Exiting)
[3:19:25 PM] [EfmTN#1] Mr_Green: said "/hideHUD"
[3:20:14 PM] [EfmTN#1] Mr_Green: said "/hideHUD"
[3:33:13 PM] [EfmTN#1] Mr_Green: disconnected (Exiting)
[9:30:51 PM] txAdmin: ((Broadcast) txAdmin): said "This server is scheduled to restart in 30 minutes."
[9:45:52 PM] txAdmin: ((Broadcast) txAdmin): said "This server is scheduled to restart in 15 minutes."
[9:50:52 PM] txAdmin: ((Broadcast) txAdmin): said "This server is scheduled to restart in 10 minutes."
[9:55:52 PM] txAdmin: ((Broadcast) txAdmin): said "This server is scheduled to restart in 5 minutes."
[9:56:52 PM] txAdmin: ((Broadcast) txAdmin): said "This server is scheduled to restart in 4 minutes."
[9:57:52 PM] txAdmin: ((Broadcast) txAdmin): said "This server is scheduled to restart in 3 minutes."
[9:58:52 PM] txAdmin: ((Broadcast) txAdmin): said "This server is scheduled to restart in 2 minutes."
[9:59:52 PM] txAdmin: ((Broadcast) txAdmin): said "This server is scheduled to restart in 1 minute. Please disconnect now."
[10:01:32 PM] txAdmin: Logger started
