
================================================================
======== Log Rotated - 2/24/2024, 12:00:00 AM                   
================================================================

================================================================
======== txAdmin Starting - 2/24/2024, 2:02:34 PM               
================================================================
[2:02:55 PM] txAdmin: Logger started
[2:05:02 PM] [wg9GH#1] MJL: joined with identifiers [steam:1100001324fa523; license:ec6c328d6d02f816bf13e4a9d09768c02d6e3125; xbl:2535415531070562; live:1055522508602522; discord:213410953641852928; fivem:2586828]
[2:05:43 PM] [wg9GH#2] Pepperfield: joined with identifiers [steam:11000010a17dec4; license:b27179133e8df658895ecd5f756db2a4a4c8cd08; xbl:2533275003431282; live:1829581607460581; discord:242888314108116992; fivem:11442758; license2:e1e3866f24a1a081ffd211b7c1805c667b695651]
[2:05:46 PM] [wg9GH#1] MJL: said "clip"
[2:06:35 PM] [wg9GH#1] MJL: said "/exithouse"
[2:06:35 PM] [wg9GH#1] MJL: said "/enterhouse"
[2:06:36 PM] [wg9GH#1] MJL: said "/exithouse"
[2:06:36 PM] [wg9GH#1] MJL: said "/enterhouse"
[2:06:39 PM] [wg9GH#1] MJL: said "/exithouse"
[2:06:39 PM] [wg9GH#1] MJL: said "/enterhouse"
[2:10:15 PM] [wg9GH#2] Pepperfield: said "admin"
[2:11:01 PM] [wg9GH#3] Gaming: joined with identifiers [license:cb5cc9b99f5b53c656d60cc7ff0e5f68f364688f; xbl:2535417184814297; live:1055519330314964; discord:668792968165064735; fivem:11149236; license2:cb5cc9b99f5b53c656d60cc7ff0e5f68f364688f]
[2:13:09 PM] [wg9GH#1] MJL: died from unknown by Pepperfield
[2:13:22 PM] [wg9GH#1] MJL: died from unknown by Pepperfield
[2:13:30 PM] [wg9GH#2] Pepperfield: died from Sawnoff Shotgun by MJL
[2:13:40 PM] [wg9GH#2] Pepperfield: died from Sawnoff Shotgun by MJL
[2:14:54 PM] [wg9GH#1] MJL: died from unknown by Pepperfield
[2:15:03 PM] [wg9GH#2] Pepperfield: died from Sawnoff Shotgun by MJL
[2:15:18 PM] [wg9GH#1] MJL: died from unknown by Pepperfield
[2:15:32 PM] [wg9GH#2] Pepperfield: died from Sawnoff Shotgun by MJL
[2:15:40 PM] [wg9GH#2] Pepperfield: died from Sawnoff Shotgun by MJL
[2:15:52 PM] [wg9GH#2] Pepperfield: died from Sawnoff Shotgun by MJL
[2:16:01 PM] [wg9GH#2] Pepperfield: died from Sawnoff Shotgun by MJL
[2:16:18 PM] [wg9GH#1] MJL: said "/admin]"
[2:17:01 PM] [wg9GH#1] MJL: said "/exithouse"
[2:17:01 PM] [wg9GH#1] MJL: said "/enterhouse"
[2:17:03 PM] [wg9GH#2] Pepperfield: died from Sawnoff Shotgun by MJL
[2:17:03 PM] [wg9GH#1] MJL: died from suicide (Falling)
[2:17:04 PM] [wg9GH#1] MJL: said "/exithouse"
[2:17:04 PM] [wg9GH#1] MJL: said "/enterhouse"
[2:17:09 PM] [wg9GH#1] MJL: died from suicide (Falling)
[2:17:27 PM] [wg9GH#1] MJL: said "/exithouse"
[2:17:27 PM] [wg9GH#1] MJL: said "/enterhouse"
[2:17:39 PM] [wg9GH#2] Pepperfield: died from Sawnoff Shotgun by MJL
[2:17:54 PM] [wg9GH#2] Pepperfield: died from Sawnoff Shotgun by MJL
[2:18:06 PM] [wg9GH#2] Pepperfield: died from Sawnoff Shotgun by MJL
[2:18:22 PM] [wg9GH#2] Pepperfield: died from Sawnoff Shotgun by MJL
[2:18:31 PM] [wg9GH#1] MJL: died from unknown by Pepperfield
[2:18:41 PM] [wg9GH#1] MJL: died from unknown by Pepperfield
[2:18:50 PM] [wg9GH#2] Pepperfield: died from Sawnoff Shotgun by MJL
[2:19:16 PM] [wg9GH#2] Pepperfield: died from Sawnoff Shotgun by MJL
[2:19:28 PM] [wg9GH#2] Pepperfield: died from Sawnoff Shotgun by MJL
[2:19:43 PM] [wg9GH#1] MJL: said "/freeze"
[2:19:44 PM] [wg9GH#1] MJL: died from unknown by Pepperfield
[2:19:49 PM] [wg9GH#1] MJL: said "/freeze"
[2:20:29 PM] [wg9GH#3] Gaming: died from Sawnoff Shotgun by MJL
[2:21:45 PM] [wg9GH#1] MJL: said "tpm"
[2:21:59 PM] [wg9GH#1] MJL: said "/exithouse"
[2:21:59 PM] [wg9GH#1] MJL: said "/enterhouse"
[2:22:04 PM] [wg9GH#1] MJL: said "/exithouse"
[2:22:04 PM] [wg9GH#1] MJL: said "/enterhouse"
[2:22:05 PM] [wg9GH#1] MJL: said "/exithouse"
[2:22:05 PM] [wg9GH#1] MJL: said "/enterhouse"
[2:22:08 PM] [wg9GH#1] MJL: said "/exithouse"
[2:22:08 PM] [wg9GH#1] MJL: said "/enterhouse"
[2:22:09 PM] [wg9GH#1] MJL: said "/exithouse"
[2:22:09 PM] [wg9GH#1] MJL: said "/enterhouse"
[2:22:26 PM] [wg9GH#1] MJL: said "/exithouse"
[2:22:26 PM] [wg9GH#1] MJL: said "/enterhouse"
[2:22:27 PM] [wg9GH#1] MJL: said "/exithouse"
[2:22:27 PM] [wg9GH#1] MJL: said "/enterhouse"
[2:22:50 PM] [wg9GH#1] MJL: said "/exithouse"
[2:22:50 PM] [wg9GH#1] MJL: said "/enterhouse"
[2:22:52 PM] [wg9GH#1] MJL: said "/exithouse"
[2:22:52 PM] [wg9GH#1] MJL: said "/enterhouse"
[2:23:11 PM] [wg9GH#1] MJL: said "/exithouse"
[2:23:11 PM] [wg9GH#1] MJL: said "/enterhouse"
[2:23:11 PM] [wg9GH#1] MJL: said "/exithouse"
[2:23:11 PM] [wg9GH#1] MJL: said "/enterhouse"
[2:23:18 PM] [wg9GH#1] MJL: said "/exithouse"
[2:23:18 PM] [wg9GH#1] MJL: said "/enterhouse"
[2:23:19 PM] [wg9GH#1] MJL: said "/exithouse"
[2:23:19 PM] [wg9GH#1] MJL: said "/enterhouse"
[2:23:19 PM] [wg9GH#1] MJL: said "/exithouse"
[2:23:19 PM] [wg9GH#1] MJL: said "/enterhouse"
[2:23:21 PM] [wg9GH#1] MJL: said "/exithouse"
[2:23:21 PM] [wg9GH#1] MJL: said "/enterhouse"
[2:23:42 PM] [wg9GH#1] MJL: said "/exithouse"
[2:23:42 PM] [wg9GH#1] MJL: said "/enterhouse"
[2:23:49 PM] [wg9GH#1] MJL: said "/exithouse"
[2:23:49 PM] [wg9GH#1] MJL: said "/enterhouse"
[2:23:49 PM] [wg9GH#1] MJL: said "/exithouse"
[2:23:49 PM] [wg9GH#1] MJL: said "/enterhouse"
[2:23:54 PM] [wg9GH#1] MJL: said "/exithouse"
[2:23:54 PM] [wg9GH#1] MJL: said "/enterhouse"
[2:23:54 PM] [wg9GH#1] MJL: said "/exithouse"
[2:23:54 PM] [wg9GH#1] MJL: said "/enterhouse"
[2:23:56 PM] [wg9GH#1] MJL: said "/exithouse"
[2:23:56 PM] [wg9GH#1] MJL: said "/enterhouse"
[2:23:56 PM] [wg9GH#1] MJL: said "/exithouse"
[2:23:56 PM] [wg9GH#1] MJL: said "/enterhouse"
[2:24:05 PM] [wg9GH#1] MJL: said "/exithouse"
[2:24:05 PM] [wg9GH#1] MJL: said "/enterhouse"
[2:24:05 PM] [wg9GH#1] MJL: said "/exithouse"
[2:24:05 PM] [wg9GH#1] MJL: said "/enterhouse"
[2:24:22 PM] [wg9GH#1] MJL: said "/exithouse"
[2:24:22 PM] [wg9GH#1] MJL: said "/enterhouse"
[2:26:18 PM] [wg9GH#3] Gaming: said "/dvv"
[2:30:13 PM] [wg9GH#2] Pepperfield: said "/setcash 2 50000"
[2:35:13 PM] [wg9GH#1] MJL: disconnected (Exiting)
[2:35:57 PM] [wg9GH#3] Gaming: said "/adminoptions"
[2:42:25 PM] [wg9GH#3] Gaming: died from suicide
[2:42:54 PM] [wg9GH#3] Gaming: said "/fuel"
[2:46:31 PM] [wg9GH#2] Pepperfield: said "/admin\"
[2:47:54 PM] [wg9GH#3] Gaming: said "//e me"
[2:47:56 PM] [wg9GH#3] Gaming: said "//e me"
[2:47:57 PM] [wg9GH#3] Gaming: said "//e me"
[2:47:58 PM] [wg9GH#3] Gaming: said "//e me"
[2:47:59 PM] [wg9GH#3] Gaming: said "//e me"
[2:47:59 PM] [wg9GH#3] Gaming: said "//e me"
[2:47:59 PM] [wg9GH#3] Gaming: said "//e me"
[2:47:59 PM] [wg9GH#3] Gaming: said "//e me"
[2:47:59 PM] [wg9GH#3] Gaming: said "//e me"
[2:48:00 PM] [wg9GH#3] Gaming: said "//e me"
[2:48:00 PM] [wg9GH#3] Gaming: said "//e me"
[2:48:00 PM] [wg9GH#3] Gaming: said "//e me"
[2:48:00 PM] [wg9GH#3] Gaming: said "//e me"
[2:48:00 PM] [wg9GH#3] Gaming: said "//e me"
[2:53:38 PM] [wg9GH#3] Gaming: died from suicide
[2:57:12 PM] [wg9GH#3] Gaming: died from suicide
[2:57:40 PM] [wg9GH#3] Gaming: said "/radar"
[3:16:10 PM] [wg9GH#3] Gaming: died from suicide
[3:23:14 PM] [wg9GH#2] Pepperfield: died from unknown by Gaming
[3:37:18 PM] [wg9GH#2] Pepperfield: died from suicide (Falling)
[3:42:07 PM] [wg9GH#3] Gaming: died from suicide
[3:46:52 PM] [wg9GH#3] Gaming: said "/-gearUp"
[3:46:54 PM] [wg9GH#3] Gaming: said "/-gearUp"
[3:46:58 PM] [wg9GH#3] Gaming: said "/-gearUp"
[3:47:00 PM] [wg9GH#3] Gaming: said "/-gearUp"
[3:47:03 PM] [wg9GH#3] Gaming: said "/-gearUp"
[3:47:08 PM] [wg9GH#3] Gaming: said "/-gearUp"
[3:47:14 PM] [wg9GH#3] Gaming: said "/-gearDown"
[3:47:15 PM] [wg9GH#3] Gaming: said "/-gearDown"
[3:47:15 PM] [wg9GH#3] Gaming: said "/-gearDown"
[3:47:17 PM] [wg9GH#3] Gaming: said "/-gearDown"
[3:47:19 PM] [wg9GH#3] Gaming: said "/-gearUp"
[3:47:27 PM] [wg9GH#3] Gaming: said "/-gearUp"
[3:47:29 PM] [wg9GH#3] Gaming: said "/-gearUp"
[3:47:29 PM] [wg9GH#3] Gaming: said "/-gearUp"
[3:47:29 PM] [wg9GH#3] Gaming: said "/-gearUp"
[3:47:30 PM] [wg9GH#3] Gaming: said "/-gearUp"
[3:47:30 PM] [wg9GH#3] Gaming: said "/-gearDown"
[3:47:30 PM] [wg9GH#3] Gaming: said "/-gearDown"
[3:47:30 PM] [wg9GH#3] Gaming: said "/-gearDown"
[3:47:30 PM] [wg9GH#3] Gaming: said "/-gearDown"
[3:47:31 PM] [wg9GH#3] Gaming: said "/-gearDown"
[3:47:34 PM] [wg9GH#3] Gaming: said "/-gearUp"
[3:47:35 PM] [wg9GH#3] Gaming: said "/-gearUp"
[3:47:37 PM] [wg9GH#3] Gaming: said "/-gearUp"
[3:47:43 PM] [wg9GH#3] Gaming: said "/-gearDown"
[3:47:46 PM] [wg9GH#3] Gaming: said "/-gearDown"
[3:47:46 PM] [wg9GH#3] Gaming: said "/-gearDown"
[3:47:49 PM] [wg9GH#3] Gaming: said "/-gearDown"
[3:47:49 PM] [wg9GH#3] Gaming: said "/-gearDown"
[3:47:49 PM] [wg9GH#3] Gaming: said "/-gearDown"
[3:47:53 PM] [wg9GH#3] Gaming: said "/-gearUp"
[3:47:55 PM] [wg9GH#3] Gaming: said "/-gearUp"
[3:47:57 PM] [wg9GH#3] Gaming: said "/-gearDown"
[3:47:57 PM] [wg9GH#3] Gaming: said "/-gearDown"
[3:47:57 PM] [wg9GH#3] Gaming: said "/-gearDown"
[3:47:59 PM] [wg9GH#3] Gaming: said "/-gearUp"
[3:48:01 PM] [wg9GH#3] Gaming: said "/-gearUp"
[3:48:01 PM] [wg9GH#3] Gaming: said "/-gearUp"
[3:48:02 PM] [wg9GH#3] Gaming: said "/-gearDown"
[3:48:07 PM] [wg9GH#3] Gaming: said "/-gearDown"
[3:48:18 PM] [wg9GH#3] Gaming: said "/-gearUp"
[3:48:31 PM] [wg9GH#2] Pepperfield: said "/-gearUp"
[3:48:36 PM] [wg9GH#2] Pepperfield: said "/-gearUp"
[3:48:36 PM] [wg9GH#2] Pepperfield: said "/-gearUp"
[3:48:37 PM] [wg9GH#2] Pepperfield: said "/-gearDown"
[3:48:37 PM] [wg9GH#2] Pepperfield: said "/-gearDown"
[3:48:38 PM] [wg9GH#2] Pepperfield: said "/-gearDown"
[3:48:38 PM] [wg9GH#3] Gaming: said "/-gearDown"
[3:48:38 PM] [wg9GH#3] Gaming: said "/-gearDown"
[3:48:39 PM] [wg9GH#2] Pepperfield: said "/-gearDown"
[3:48:40 PM] [wg9GH#2] Pepperfield: said "/-gearUp"
[3:48:40 PM] [wg9GH#2] Pepperfield: said "/-gearUp"
[3:48:41 PM] [wg9GH#2] Pepperfield: said "/-gearUp"
[3:48:41 PM] [wg9GH#2] Pepperfield: said "/-gearUp"
[3:48:42 PM] [wg9GH#3] Gaming: said "/-gearUp"
[3:48:44 PM] [wg9GH#3] Gaming: said "/-gearUp"
[3:48:47 PM] [wg9GH#3] Gaming: said "/-gearUp"
[3:48:48 PM] [wg9GH#2] Pepperfield: said "/-gearDown"
[3:48:48 PM] [wg9GH#2] Pepperfield: said "/-gearDown"
[3:48:49 PM] [wg9GH#3] Gaming: said "/-gearUp"
[3:48:50 PM] [wg9GH#3] Gaming: said "/-gearUp"
[3:48:52 PM] [wg9GH#2] Pepperfield: said "/-gearUp"
[3:48:53 PM] [wg9GH#3] Gaming: said "/-gearUp"
[3:48:53 PM] [wg9GH#2] Pepperfield: said "/-gearUp"
[3:48:53 PM] [wg9GH#3] Gaming: said "/-gearDown"
[3:48:54 PM] [wg9GH#3] Gaming: said "/-gearDown"
[3:48:54 PM] [wg9GH#3] Gaming: said "/-gearDown"
[3:48:55 PM] [wg9GH#3] Gaming: said "/-gearUp"
[3:48:55 PM] [wg9GH#3] Gaming: said "/-gearDown"
[3:48:55 PM] [wg9GH#3] Gaming: said "/-gearDown"
[3:48:56 PM] [wg9GH#2] Pepperfield: said "/-gearDown"
[3:48:56 PM] [wg9GH#2] Pepperfield: said "/-gearDown"
[3:48:57 PM] [wg9GH#2] Pepperfield: said "/-gearDown"
[3:49:00 PM] [wg9GH#2] Pepperfield: said "/-gearUp"
[3:49:01 PM] [wg9GH#2] Pepperfield: said "/-gearUp"
[3:49:02 PM] [wg9GH#2] Pepperfield: said "/-gearUp"
[3:49:03 PM] [wg9GH#2] Pepperfield: said "/-gearUp"
[3:49:05 PM] [wg9GH#2] Pepperfield: said "/-gearUp"
[3:49:06 PM] [wg9GH#2] Pepperfield: said "/-gearUp"
[3:49:06 PM] [wg9GH#2] Pepperfield: said "/-gearUp"
[3:49:06 PM] [wg9GH#2] Pepperfield: said "/-gearUp"
[3:49:06 PM] [wg9GH#2] Pepperfield: said "/-gearUp"
[3:49:07 PM] [wg9GH#3] Gaming: said "/-gearDown"
[3:49:07 PM] [wg9GH#3] Gaming: said "/-gearUp"
[3:49:20 PM] [wg9GH#2] Pepperfield: said "/-gearDown"
[3:49:23 PM] [wg9GH#2] Pepperfield: said "/-gearDown"
[3:49:24 PM] [wg9GH#2] Pepperfield: said "/-gearUp"
[3:49:24 PM] [wg9GH#2] Pepperfield: said "/-gearDown"
[3:49:24 PM] [wg9GH#2] Pepperfield: said "/-gearDown"
[3:49:24 PM] [wg9GH#2] Pepperfield: said "/-gearDown"
[3:49:25 PM] [wg9GH#2] Pepperfield: said "/-gearUp"
[3:49:27 PM] [wg9GH#2] Pepperfield: said "/-gearUp"
[3:49:30 PM] [wg9GH#2] Pepperfield: said "/-gearUp"
[3:49:32 PM] [wg9GH#2] Pepperfield: said "/-gearUp"
[3:49:33 PM] [wg9GH#2] Pepperfield: said "/-gearUp"
[3:49:40 PM] [wg9GH#2] Pepperfield: said "/-gearDown"
[3:49:42 PM] [wg9GH#2] Pepperfield: said "/-gearDown"
[3:49:43 PM] [wg9GH#2] Pepperfield: said "/-gearDown"
[3:49:44 PM] [wg9GH#2] Pepperfield: said "/-gearDown"
[3:49:45 PM] [wg9GH#2] Pepperfield: said "/-gearDown"
[3:49:46 PM] [wg9GH#2] Pepperfield: said "/-gearDown"
[3:49:46 PM] [wg9GH#2] Pepperfield: said "/-gearUp"
[3:49:47 PM] [wg9GH#2] Pepperfield: said "/-gearUp"
[3:49:48 PM] [wg9GH#2] Pepperfield: said "/-gearUp"
[3:50:14 PM] [wg9GH#2] Pepperfield: said "/-gearDown"
[3:50:16 PM] [wg9GH#3] Gaming: said "/vehiclemenu'"
[3:50:16 PM] [wg9GH#2] Pepperfield: said "/-gearUp"
[3:50:17 PM] [wg9GH#2] Pepperfield: said "/-gearUp"
[3:50:20 PM] [wg9GH#2] Pepperfield: said "/-gearUp"
[3:50:21 PM] [wg9GH#2] Pepperfield: said "/-gearUp"
[3:50:21 PM] [wg9GH#2] Pepperfield: said "/-gearUp"
[3:50:22 PM] [wg9GH#2] Pepperfield: said "/-gearDown"
[3:50:23 PM] [wg9GH#2] Pepperfield: said "/-gearDown"
[3:50:23 PM] [wg9GH#2] Pepperfield: said "/-gearDown"
[3:50:24 PM] [wg9GH#2] Pepperfield: said "/-gearUp"
[3:50:25 PM] [wg9GH#2] Pepperfield: said "/-gearUp"
[3:50:30 PM] [wg9GH#2] Pepperfield: said "/-gearUp"
[3:50:31 PM] [wg9GH#2] Pepperfield: said "/-gearUp"
[3:50:31 PM] [wg9GH#2] Pepperfield: said "/-gearDown"
[3:50:31 PM] [wg9GH#2] Pepperfield: said "/-gearDown"
[3:50:33 PM] [wg9GH#2] Pepperfield: said "/-gearDown"
[3:50:34 PM] [wg9GH#2] Pepperfield: said "/-gearDown"
[3:50:35 PM] [wg9GH#2] Pepperfield: said "/-gearUp"
[3:50:38 PM] [wg9GH#2] Pepperfield: said "/-gearUp"
[3:50:40 PM] [wg9GH#2] Pepperfield: said "/-gearUp"
[3:50:41 PM] [wg9GH#2] Pepperfield: said "/-gearUp"
[3:50:43 PM] [wg9GH#2] Pepperfield: said "/-gearUp"
[3:50:48 PM] [wg9GH#2] Pepperfield: said "/-gearUp"
[3:50:48 PM] [wg9GH#2] Pepperfield: said "/-gearDown"
[3:50:49 PM] [wg9GH#2] Pepperfield: said "/-gearDown"
[3:50:51 PM] [wg9GH#2] Pepperfield: said "/-gearDown"
[3:50:53 PM] [wg9GH#2] Pepperfield: said "/-gearUp"
[3:50:54 PM] [wg9GH#2] Pepperfield: said "/-gearUp"
[3:50:59 PM] [wg9GH#2] Pepperfield: said "/-gearDown"
[3:51:00 PM] [wg9GH#2] Pepperfield: said "/-gearUp"
[3:51:01 PM] [wg9GH#2] Pepperfield: said "/-gearUp"
[3:51:01 PM] [wg9GH#3] Gaming: died from suicide
[3:51:02 PM] [wg9GH#2] Pepperfield: said "/-gearUp"
[3:51:03 PM] [wg9GH#2] Pepperfield: said "/-gearUp"
[3:51:07 PM] [wg9GH#2] Pepperfield: said "/-gearDown"
[3:51:07 PM] [wg9GH#2] Pepperfield: said "/-gearDown"
[3:51:07 PM] [wg9GH#2] Pepperfield: said "/-gearDown"
[3:51:13 PM] [wg9GH#2] Pepperfield: said "/-gearDown"
[3:51:15 PM] [wg9GH#2] Pepperfield: said "/-gearUp"
[3:51:16 PM] [wg9GH#2] Pepperfield: said "/-gearUp"
[3:51:18 PM] [wg9GH#3] Gaming: said "/-gearUp"
[3:51:21 PM] [wg9GH#3] Gaming: said "/-gearUp"
[3:51:21 PM] [wg9GH#2] Pepperfield: said "/-gearUp"
[3:51:23 PM] [wg9GH#2] Pepperfield: said "/-gearUp"
[3:51:24 PM] [wg9GH#2] Pepperfield: said "/-gearDown"
[3:51:24 PM] [wg9GH#2] Pepperfield: said "/-gearDown"
[3:51:30 PM] [wg9GH#2] Pepperfield: said "/-gearDown"
[3:51:30 PM] [wg9GH#2] Pepperfield: said "/-gearDown"
[3:51:32 PM] [wg9GH#2] Pepperfield: said "/-gearDown"
[3:51:35 PM] [wg9GH#2] Pepperfield: said "/-gearUp"
[3:51:35 PM] [wg9GH#2] Pepperfield: said "/-gearUp"
[3:51:35 PM] [wg9GH#2] Pepperfield: said "/-gearUp"
[3:51:38 PM] [wg9GH#2] Pepperfield: said "/-gearUp"
[3:51:39 PM] [wg9GH#2] Pepperfield: said "/-gearDown"
[3:51:39 PM] [wg9GH#2] Pepperfield: said "/-gearDown"
[3:51:40 PM] [wg9GH#2] Pepperfield: said "/-gearUp"
[3:55:02 PM] [wg9GH#2] Pepperfield: said "/-gearDown"
[3:55:18 PM] [wg9GH#2] Pepperfield: said "/-gearDown"
[3:58:37 PM] [wg9GH#3] Gaming: said "/-gearUp"
[3:58:40 PM] [wg9GH#3] Gaming: said "/-gearUp"
[3:59:15 PM] [wg9GH#3] Gaming: said "/-gearUp"
[3:59:25 PM] [wg9GH#2] Pepperfield: said "/-gearDown"
[4:01:21 PM] [wg9GH#2] Pepperfield: said "/-gearDown"
[4:01:24 PM] [wg9GH#2] Pepperfield: said "/-gearUp"
[4:01:26 PM] [wg9GH#2] Pepperfield: said "/-gearUp"
[4:01:30 PM] [wg9GH#3] Gaming: said "/-gearUp"
[4:01:39 PM] [wg9GH#3] Gaming: said "/-gearUp"
[4:01:48 PM] [wg9GH#3] Gaming: said "/-gearUp"
[4:01:52 PM] [wg9GH#2] Pepperfield: said "/-gearUp"
[4:01:53 PM] [wg9GH#3] Gaming: said "/-gearUp"
[4:02:08 PM] [wg9GH#2] Pepperfield: said "/-gearUp"
[4:02:17 PM] [wg9GH#2] Pepperfield: said "/-gearUp"
[4:02:35 PM] [wg9GH#2] Pepperfield: said "/-gearUp"
[4:02:39 PM] [wg9GH#2] Pepperfield: said "/-gearUp"
[4:02:44 PM] [wg9GH#2] Pepperfield: said "/-gearUp"
[4:02:48 PM] [wg9GH#2] Pepperfield: said "/-gearUp"
[4:02:54 PM] [wg9GH#2] Pepperfield: said "/-gearUp"
[4:02:56 PM] [wg9GH#2] Pepperfield: said "/-gearUp"
[4:03:08 PM] [wg9GH#2] Pepperfield: said "/-gearUp"
[4:05:52 PM] [wg9GH#2] Pepperfield: said "/-gearDown"
[4:11:55 PM] [wg9GH#2] Pepperfield: said "/-gearDown"
[4:11:56 PM] [wg9GH#2] Pepperfield: said "/-gearUp"
[4:11:56 PM] [wg9GH#2] Pepperfield: said "/-gearDown"
[4:12:44 PM] [wg9GH#2] Pepperfield: said "/-gearUp"
[4:12:44 PM] [wg9GH#2] Pepperfield: said "/-gearDown"
[4:12:45 PM] [wg9GH#2] Pepperfield: said "/-gearUp"
[4:12:49 PM] [wg9GH#2] Pepperfield: said "/-gearUp"
[4:12:54 PM] [wg9GH#2] Pepperfield: said "/-gearUp"
[4:13:17 PM] [wg9GH#2] Pepperfield: said "/-gearUp"
[4:13:17 PM] [wg9GH#2] Pepperfield: said "/-gearUp"
[4:13:17 PM] [wg9GH#2] Pepperfield: said "/-gearDown"
[4:13:18 PM] [wg9GH#2] Pepperfield: said "/-gearUp"
[4:13:18 PM] [wg9GH#2] Pepperfield: said "/-gearDown"
[4:13:45 PM] [wg9GH#2] Pepperfield: said "/-gearDown"
[4:13:54 PM] [wg9GH#2] Pepperfield: said "/-gearDown"
[4:13:54 PM] [wg9GH#2] Pepperfield: said "/-gearDown"
[4:13:59 PM] [wg9GH#2] Pepperfield: said "/-gearUp"
[4:22:47 PM] [wg9GH#3] Gaming: said "/-gearUp"
[4:24:38 PM] [wg9GH#2] Pepperfield: died from suicide (Falling)
[4:24:45 PM] [wg9GH#2] Pepperfield: said "/-gearUp"
[4:25:12 PM] [wg9GH#3] Gaming: said "/fuel"
[4:26:35 PM] [wg9GH#2] Pepperfield: said "/-gearDown"
[4:26:36 PM] [wg9GH#2] Pepperfield: said "/-gearDown"
[4:26:38 PM] [wg9GH#2] Pepperfield: said "/-gearDown"
[4:26:57 PM] [wg9GH#2] Pepperfield: said "/-gearDown"
[4:27:01 PM] [wg9GH#2] Pepperfield: said "/-gearDown"
[4:27:04 PM] [wg9GH#3] Gaming: said "/-gearUp"
[4:27:06 PM] [wg9GH#2] Pepperfield: said "/-gearDown"
[4:27:07 PM] [wg9GH#2] Pepperfield: said "/-gearDown"
[4:27:10 PM] [wg9GH#3] Gaming: said "/-gearUp"
[4:27:14 PM] [wg9GH#3] Gaming: said "/-gearUp"
[4:27:17 PM] [wg9GH#3] Gaming: said "/-gearUp"
[4:29:33 PM] [wg9GH#2] Pepperfield: said "/-gearDown"
[4:30:08 PM] [wg9GH#2] Pepperfield: said "/-gearDown"
[4:30:09 PM] [wg9GH#2] Pepperfield: said "/-gearUp"
[4:30:25 PM] [wg9GH#2] Pepperfield: said "/c8"
[4:30:47 PM] [wg9GH#2] Pepperfield: said "/-gearUp"
[4:31:38 PM] [wg9GH#2] Pepperfield: said "/-gearUp"
[4:33:20 PM] [wg9GH#2] Pepperfield: said "/-gearDown"
[4:33:21 PM] [wg9GH#2] Pepperfield: said "/-gearUp"
[4:33:21 PM] [wg9GH#2] Pepperfield: said "/-gearDown"
[4:33:25 PM] [wg9GH#2] Pepperfield: said "/-gearUp"
[4:33:32 PM] [wg9GH#2] Pepperfield: said "/-gearUp"
[4:33:41 PM] [wg9GH#2] Pepperfield: said "/-gearUp"
[4:33:44 PM] [wg9GH#2] Pepperfield: said "/-gearUp"
[4:33:51 PM] [wg9GH#2] Pepperfield: said "/-gearUp"
[4:34:06 PM] [wg9GH#2] Pepperfield: said "/-gearUp"
[4:34:08 PM] [wg9GH#2] Pepperfield: said "/-gearUp"
[4:34:19 PM] [wg9GH#2] Pepperfield: said "/-gearDown"
[4:34:33 PM] [wg9GH#3] Gaming: said "/-gearUp"
[4:34:39 PM] [wg9GH#3] Gaming: said "/-gearUp"
[4:34:40 PM] [wg9GH#2] Pepperfield: said "/-gearDown"
[4:34:42 PM] [wg9GH#2] Pepperfield: said "/-gearDown"
[4:34:51 PM] [wg9GH#3] Gaming: said "/-gearUp"
[4:34:55 PM] [wg9GH#2] Pepperfield: said "/-gearUp"
[4:35:04 PM] [wg9GH#2] Pepperfield: said "/-gearDown"
[4:36:58 PM] [wg9GH#2] Pepperfield: said "/-gearDown"
[4:36:58 PM] [wg9GH#2] Pepperfield: said "/-gearUp"
[4:37:18 PM] [wg9GH#3] Gaming: said "/-gearUp"
[4:38:02 PM] [wg9GH#2] Pepperfield: said "/-gearDown"
[4:39:25 PM] [wg9GH#3] Gaming: died from suicide
[4:39:39 PM] [wg9GH#3] Gaming: said "/-gearUp"
[4:40:50 PM] [wg9GH#2] Pepperfield: said "/-gearUp"
[4:40:55 PM] [wg9GH#2] Pepperfield: said "/-gearUp"
[4:41:22 PM] [wg9GH#2] Pepperfield: said "/-gearDown"
[4:46:10 PM] [wg9GH#2] Pepperfield: said "/-gearDown"
[4:48:59 PM] [wg9GH#2] Pepperfield: said "/-gearDown"
[4:50:13 PM] [wg9GH#2] Pepperfield: said "/-gearDown"
[4:50:36 PM] [wg9GH#2] Pepperfield: said "/-gearDown"
[4:50:39 PM] [wg9GH#2] Pepperfield: said "/-gearUp"
[4:50:40 PM] [wg9GH#2] Pepperfield: said "/-gearUp"
[4:51:52 PM] [wg9GH#2] Pepperfield: said "/-gearDown"
[4:52:01 PM] [wg9GH#2] Pepperfield: said "/-gearDown"
[4:52:05 PM] [wg9GH#2] Pepperfield: said "/-gearDown"
[4:52:26 PM] [wg9GH#2] Pepperfield: said "/-gearDown"
[4:52:33 PM] [wg9GH#2] Pepperfield: said "/-gearDown"
[4:52:33 PM] [wg9GH#2] Pepperfield: said "/-gearUp"
[4:52:40 PM] [wg9GH#2] Pepperfield: said "/-gearDown"
[4:54:21 PM] [wg9GH#2] Pepperfield: said "/-gearDown"
[4:55:00 PM] [wg9GH#3] Gaming: said "/-gearUp"
[4:55:00 PM] [wg9GH#2] Pepperfield: said "/-gearDown"
[4:55:59 PM] [wg9GH#3] Gaming: said "/-gearUp"
[4:56:17 PM] [wg9GH#2] Pepperfield: said "/-gearDown"
[4:57:34 PM] [wg9GH#2] Pepperfield: said "/-gearDown"
[4:57:38 PM] [wg9GH#2] Pepperfield: said "/-gearDown"
[4:57:41 PM] [wg9GH#2] Pepperfield: said "/-gearDown"
[4:57:57 PM] [wg9GH#2] Pepperfield: said "/-gearDown"
[4:58:00 PM] [wg9GH#2] Pepperfield: said "/-gearDown"
[4:58:05 PM] [wg9GH#2] Pepperfield: said "/-gearDown"
[4:59:03 PM] [wg9GH#2] Pepperfield: said "/-gearUp"
[4:59:58 PM] [wg9GH#2] Pepperfield: said "/-gearUp"
[4:59:58 PM] [wg9GH#2] Pepperfield: said "/-gearDown"
[5:00:40 PM] [wg9GH#2] Pepperfield: said "/-gearUp"
[5:01:07 PM] [wg9GH#2] Pepperfield: said "/-gearUp"
[5:01:29 PM] [wg9GH#3] Gaming: said "/-gearUp"
[5:01:51 PM] [wg9GH#2] Pepperfield: said "/-gearUp"
[5:01:56 PM] [wg9GH#2] Pepperfield: died from Pistol by Gaming
[5:01:56 PM] [wg9GH#3] Gaming: said "/-gearUp"
[5:02:01 PM] [wg9GH#2] Pepperfield: said "/-gearUp"
[5:02:19 PM] [wg9GH#2] Pepperfield: said "/-gearUp"
[5:02:23 PM] [wg9GH#2] Pepperfield: said "/-gearUp"
[5:02:36 PM] [wg9GH#2] Pepperfield: said "/-gearUp"
[5:02:59 PM] [wg9GH#2] Pepperfield: said "/-gearUp"
[5:03:01 PM] [wg9GH#3] Gaming: said "/-gearUp"
[5:03:17 PM] [wg9GH#3] Gaming: said "/-gearUp"
[5:03:19 PM] [wg9GH#2] Pepperfield: said "/-gearUp"
[5:03:28 PM] [wg9GH#3] Gaming: said "/-gearUp"
[5:03:45 PM] [wg9GH#3] Gaming: said "/-gearUp"
[5:03:55 PM] [wg9GH#2] Pepperfield: said "/-gearUp"
[5:03:59 PM] [wg9GH#2] Pepperfield: said "/-gearUp"
[5:04:03 PM] [wg9GH#2] Pepperfield: said "/-gearUp"
[5:04:11 PM] [wg9GH#3] Gaming: said "/-gearUp"
[5:04:13 PM] [wg9GH#3] Gaming: said "/vestr"
[5:04:14 PM] [wg9GH#2] Pepperfield: said "/-gearUp"
[5:04:33 PM] [wg9GH#2] Pepperfield: said "/-gearUp"
[5:04:39 PM] [wg9GH#3] Gaming: said "/-gearUp"
[5:04:43 PM] [wg9GH#2] Pepperfield: said "/-gearUp"
[5:04:49 PM] [wg9GH#2] Pepperfield: said "/-gearUp"
[5:04:49 PM] [wg9GH#3] Gaming: said "/-gearUp"
[5:04:58 PM] [wg9GH#3] Gaming: said "/-gearUp"
[5:05:08 PM] [wg9GH#2] Pepperfield: said "/-gearUp"
[5:05:08 PM] [wg9GH#3] Gaming: said "/-gearUp"
[5:05:16 PM] [wg9GH#2] Pepperfield: said "/-gearUp"
[5:05:18 PM] [wg9GH#2] Pepperfield: said "/-gearUp"
[5:05:29 PM] [wg9GH#3] Gaming: said "/-gearUp"
[5:05:32 PM] [wg9GH#3] Gaming: said "/-gearUp"
[5:05:34 PM] [wg9GH#2] Pepperfield: said "/-gearUp"
[5:05:36 PM] [wg9GH#3] Gaming: said "/-gearUp"
[5:05:36 PM] [wg9GH#3] Gaming: said "/-gearUp"
[5:05:37 PM] [wg9GH#3] Gaming: said "/-gearUp"
[5:05:39 PM] [wg9GH#3] Gaming: said "/-gearUp"
[5:05:39 PM] [wg9GH#3] Gaming: said "/-gearUp"
[5:05:41 PM] [wg9GH#3] Gaming: said "/-gearUp"
[5:05:45 PM] [wg9GH#3] Gaming: died from unknown by Pepperfield
[5:05:51 PM] [wg9GH#2] Pepperfield: said "/-gearUp"
[5:05:53 PM] [wg9GH#2] Pepperfield: said "/-gearUp"
[5:06:09 PM] [wg9GH#2] Pepperfield: said "/-gearUp"
[5:06:55 PM] [wg9GH#3] Gaming: said "/-gearUp"
[5:06:59 PM] [wg9GH#3] Gaming: said "/-gearUp"
[5:07:09 PM] [wg9GH#3] Gaming: said "/-gearUp"
[5:07:17 PM] [wg9GH#2] Pepperfield: said "/-gearUp"
[5:07:17 PM] [wg9GH#3] Gaming: said "/-gearUp"
[5:07:24 PM] [wg9GH#3] Gaming: said "/-gearUp"
[5:07:26 PM] [wg9GH#3] Gaming: said "/-gearUp"
[5:07:28 PM] [wg9GH#3] Gaming: said "/-gearUp"
[5:07:41 PM] [wg9GH#3] Gaming: said "/-gearUp"
[5:07:45 PM] [wg9GH#3] Gaming: said "/-gearUp"
[5:08:02 PM] [wg9GH#3] Gaming: said "/-gearUp"
[5:08:06 PM] [wg9GH#2] Pepperfield: died from unknown by Gaming
[5:08:06 PM] [wg9GH#3] Gaming: said "/-gearUp"
[5:08:06 PM] [wg9GH#2] Pepperfield: said "/-gearUp"
[5:08:12 PM] [wg9GH#3] Gaming: said "/-gearUp"
[5:08:14 PM] [wg9GH#2] Pepperfield: said "/-gearUp"
[5:08:15 PM] [wg9GH#3] Gaming: said "/-gearUp"
[5:08:19 PM] [wg9GH#2] Pepperfield: said "/-gearUp"
[5:08:20 PM] [wg9GH#3] Gaming: died from Machine Pistol by Pepperfield
[5:08:20 PM] [wg9GH#3] Gaming: said "/-gearUp"
[5:08:22 PM] [wg9GH#2] Pepperfield: said "/-gearUp"
[5:08:26 PM] [wg9GH#3] Gaming: said "/revjve"
[5:08:40 PM] [wg9GH#2] Pepperfield: said "/-gearUp"
[5:08:44 PM] [wg9GH#3] Gaming: said "/-gearUp"
[5:08:45 PM] [wg9GH#2] Pepperfield: died from unknown by Gaming
[5:08:46 PM] [wg9GH#3] Gaming: said "/-gearUp"
[5:08:48 PM] [wg9GH#3] Gaming: said "/-gearUp"
[5:08:53 PM] [wg9GH#3] Gaming: said "/-gearUp"
[5:08:56 PM] [wg9GH#3] Gaming: said "/-gearUp"
[5:09:03 PM] [wg9GH#2] Pepperfield: died from unknown by Gaming
[5:09:04 PM] [wg9GH#2] Pepperfield: said "/-gearUp"
[5:09:09 PM] [wg9GH#2] Pepperfield: said "/-gearUp"
[5:09:19 PM] [wg9GH#2] Pepperfield: said "/-gearUp"
[5:09:23 PM] [wg9GH#2] Pepperfield: died from unknown by Gaming
[5:09:23 PM] [wg9GH#3] Gaming: said "/-gearUp"
[5:09:24 PM] [wg9GH#2] Pepperfield: said "/-gearUp"
[5:09:30 PM] [wg9GH#3] Gaming: said "/-gearUp"
[5:09:30 PM] [wg9GH#2] Pepperfield: died from unknown by Gaming
[5:09:36 PM] [wg9GH#3] Gaming: said "/-gearUp"
[5:09:37 PM] [wg9GH#3] Gaming: said "/-gearUp"
[5:09:38 PM] [wg9GH#2] Pepperfield: died from unknown by Gaming
[5:09:41 PM] [wg9GH#3] Gaming: said "/-gearUp"
[5:09:41 PM] [wg9GH#3] Gaming: said "/-gearUp"
[5:09:46 PM] [wg9GH#2] Pepperfield: said "/REVIVER"
[5:10:00 PM] [wg9GH#3] Gaming: died from unknown by Pepperfield
[5:10:09 PM] [wg9GH#2] Pepperfield: said "/-gearUp"
[5:10:13 PM] [wg9GH#3] Gaming: died from unknown by Pepperfield
[5:10:14 PM] [wg9GH#2] Pepperfield: said "/-gearUp"
[5:10:33 PM] [wg9GH#2] Pepperfield: said "/-gearUp"
[5:10:33 PM] [wg9GH#2] Pepperfield: said "/-gearUp"
[5:10:41 PM] [wg9GH#3] Gaming: died from unknown by Pepperfield
[5:10:42 PM] [wg9GH#2] Pepperfield: said "/-gearUp"
[5:10:48 PM] [wg9GH#3] Gaming: said "/-gearDown"
[5:10:49 PM] [wg9GH#2] Pepperfield: said "/-gearUp"
[5:10:50 PM] [wg9GH#3] Gaming: said "/-gearDown"
[5:11:09 PM] [wg9GH#3] Gaming: said "/-gearUp"
[5:11:13 PM] [wg9GH#3] Gaming: said "/-gearUp"
[5:11:14 PM] [wg9GH#3] Gaming: said "/-gearUp"
[5:11:18 PM] [wg9GH#2] Pepperfield: said "/-gearUp"
[5:12:02 PM] [wg9GH#2] Pepperfield: said "/-gearUp"
[5:12:03 PM] [wg9GH#2] Pepperfield: caused an explosion (GRENADE)
[5:12:03 PM] [wg9GH#2] Pepperfield: said "/-gearUp"
[5:12:29 PM] [wg9GH#2] Pepperfield: said "/-gearUp"
[5:12:54 PM] [wg9GH#2] Pepperfield: said "/-gearDown"
[5:12:58 PM] [wg9GH#2] Pepperfield: said "/-gearDown"
[5:12:59 PM] [wg9GH#2] Pepperfield: died from suicide (Falling)
[5:13:12 PM] [wg9GH#2] Pepperfield: said "/-gearUp"
[5:13:24 PM] [wg9GH#2] Pepperfield: said "/-gearUp"
[5:13:42 PM] [wg9GH#2] Pepperfield: said "/-gearUp"
[5:13:50 PM] [wg9GH#3] Gaming: died from unknown by Pepperfield
[5:14:03 PM] [wg9GH#3] Gaming: said "/-gearUp"
[5:14:07 PM] [wg9GH#2] Pepperfield: said "/-gearUp"
[5:14:12 PM] [wg9GH#3] Gaming: said "/-gearUp"
[5:14:15 PM] [wg9GH#3] Gaming: said "/-gearUp"
[5:14:16 PM] [wg9GH#3] Gaming: said "/-gearUp"
[5:14:17 PM] [wg9GH#3] Gaming: died from unknown by Pepperfield
[5:14:23 PM] [wg9GH#3] Gaming: said "/-gearUp"
[5:14:24 PM] [wg9GH#2] Pepperfield: said "/-gearUp"
[5:14:59 PM] [wg9GH#2] Pepperfield: said "/-gearUp"
[5:15:14 PM] [wg9GH#3] Gaming: said "/-gearUp"
[5:15:15 PM] [wg9GH#2] Pepperfield: said "/-gearUp"
[5:15:24 PM] [wg9GH#2] Pepperfield: said "/-gearUp"
[5:15:24 PM] [wg9GH#3] Gaming: said "/-gearUp"
[5:15:25 PM] [wg9GH#3] Gaming: said "/-gearUp"
[5:15:26 PM] [wg9GH#3] Gaming: died from unknown by Pepperfield
[5:15:34 PM] [wg9GH#3] Gaming: said "/-gearDown"
[5:15:35 PM] [wg9GH#2] Pepperfield: said "/-gearUp"
[5:15:43 PM] [wg9GH#2] Pepperfield: said "/-gearUp"
[5:15:59 PM] [wg9GH#3] Gaming: caused an explosion (CAR)
[5:15:59 PM] [wg9GH#3] Gaming: died from Explosion by Pepperfield
[5:16:08 PM] [wg9GH#3] Gaming: caused an explosion (CAR)
[5:16:09 PM] [wg9GH#3] Gaming: caused an explosion (CAR)
[5:16:16 PM] [wg9GH#3] Gaming: said "/-gearUp"
[5:16:20 PM] [wg9GH#3] Gaming: said "/-gearUp"
[5:16:21 PM] [wg9GH#3] Gaming: said "/-gearUp"
[5:16:22 PM] [wg9GH#3] Gaming: said "/-gearUp"
[5:16:26 PM] [wg9GH#2] Pepperfield: said "/ADMN"
[5:17:52 PM] [wg9GH#2] Pepperfield: said "/-gearUp"
[5:18:07 PM] [wg9GH#2] Pepperfield: said "/-gearUp"
[5:18:11 PM] [wg9GH#2] Pepperfield: said "/-gearUp"
[5:18:33 PM] [wg9GH#3] Gaming: said "/-gearUp"
[5:18:43 PM] [wg9GH#3] Gaming: said "/-gearUp"
[5:18:44 PM] [wg9GH#3] Gaming: said "/-gearUp"
[5:18:47 PM] [wg9GH#3] Gaming: said "/-gearUp"
[5:18:52 PM] [wg9GH#2] Pepperfield: said "/-gearUp"
[5:18:54 PM] [wg9GH#3] Gaming: said "/-gearUp"
[5:18:59 PM] [wg9GH#3] Gaming: said "/-gearUp"
[5:19:14 PM] [wg9GH#3] Gaming: said "/-gearUp"
[5:20:39 PM] [wg9GH#2] Pepperfield: caused an explosion (CAR)
[5:20:39 PM] [wg9GH#2] Pepperfield: died from Explosion by Gaming
[5:20:42 PM] [wg9GH#2] Pepperfield: said "/-gearUp"
[5:20:47 PM] [wg9GH#2] Pepperfield: said "/-gearUp"
[5:20:54 PM] [wg9GH#2] Pepperfield: said "/-gearUp"
[5:21:03 PM] [wg9GH#2] Pepperfield: died from suicide (Falling)
[5:21:04 PM] [wg9GH#3] Gaming: said "/-gearUp"
[5:21:05 PM] [wg9GH#3] Gaming: said "/-gearUp"
[5:21:11 PM] [wg9GH#2] Pepperfield: said "/-gearUp"
[5:21:13 PM] [wg9GH#3] Gaming: said "/-gearUp"
[5:21:13 PM] [wg9GH#3] Gaming: said "/-gearDown"
[5:21:14 PM] [wg9GH#3] Gaming: said "/-gearDown"
[5:21:14 PM] [wg9GH#3] Gaming: said "/-gearUp"
[5:21:15 PM] [wg9GH#3] Gaming: said "/-gearDown"
[5:21:15 PM] [wg9GH#3] Gaming: said "/-gearUp"
[5:21:44 PM] [wg9GH#2] Pepperfield: said "/-gearUp"
[5:21:52 PM] [wg9GH#3] Gaming: said "/-gearUp"
[5:21:54 PM] [wg9GH#3] Gaming: said "/-gearUp"
[5:21:55 PM] [wg9GH#2] Pepperfield: said "/-gearUp"
[5:21:56 PM] [wg9GH#3] Gaming: said "/-gearUp"
[5:22:00 PM] [wg9GH#3] Gaming: said "/-gearUp"
[5:22:01 PM] [wg9GH#2] Pepperfield: died from unknown by Gaming
[5:22:02 PM] [wg9GH#2] Pepperfield: said "/-gearUp"
[5:22:02 PM] [wg9GH#2] Pepperfield: said "/-gearUp"
[5:22:04 PM] [wg9GH#3] Gaming: said "/-gearUp"
[5:22:05 PM] [wg9GH#3] Gaming: said "/-gearUp"
[5:22:13 PM] [wg9GH#3] Gaming: died from unknown by Pepperfield
[5:22:17 PM] [wg9GH#2] Pepperfield: said "/-gearUp"
[5:22:18 PM] [wg9GH#2] Pepperfield: said "/-gearUp"
[5:22:32 PM] [wg9GH#2] Pepperfield: said "/-gearUp"
[5:22:41 PM] [wg9GH#2] Pepperfield: said "/-gearUp"
[5:22:50 PM] [wg9GH#2] Pepperfield: said "/-gearUp"
[5:23:08 PM] [wg9GH#2] Pepperfield: said "/-gearUp"
[5:23:22 PM] [wg9GH#3] Gaming: said "dv"
[5:23:35 PM] [wg9GH#2] Pepperfield: said "/-gearUp"
[5:23:45 PM] [wg9GH#2] Pepperfield: said "/-gearDown"
[5:25:34 PM] [wg9GH#2] Pepperfield: said "/-gearDown"
[5:26:06 PM] [wg9GH#2] Pepperfield: said "/-gearDown"
[5:26:08 PM] [wg9GH#2] Pepperfield: said "/-gearDown"
[5:26:10 PM] [wg9GH#3] Gaming: said "/-gearUp"
[5:26:13 PM] [wg9GH#2] Pepperfield: said "/-gearDown"
[5:26:43 PM] [wg9GH#3] Gaming: said "/-gearUp"
[5:26:45 PM] [wg9GH#3] Gaming: said "/-gearUp"
[5:26:49 PM] [wg9GH#3] Gaming: said "/-gearUp"
[5:26:50 PM] [wg9GH#3] Gaming: said "/-gearUp"
[5:26:54 PM] [wg9GH#3] Gaming: said "/-gearUp"
[5:26:59 PM] [wg9GH#2] Pepperfield: said "/-gearDown"
[5:27:02 PM] [wg9GH#3] Gaming: said "/-gearUp"
[5:27:09 PM] [wg9GH#3] Gaming: said "/changejob"
[5:27:45 PM] [wg9GH#2] Pepperfield: said "/-gearDown"
[5:28:19 PM] [wg9GH#2] Pepperfield: said "/-gearUp"
[5:28:22 PM] [wg9GH#2] Pepperfield: said "/-gearDown"
[5:29:20 PM] [wg9GH#3] Gaming: said "/-gearUp"
[5:29:21 PM] [wg9GH#3] Gaming: said "/-gearUp"
[5:29:25 PM] [wg9GH#3] Gaming: said "/-gearUp"
[5:29:27 PM] [wg9GH#3] Gaming: said "/-gearUp"
[5:29:35 PM] [wg9GH#2] Pepperfield: said "/-gearUp"
[5:29:39 PM] [wg9GH#2] Pepperfield: said "/-gearUp"
[5:29:43 PM] [wg9GH#2] Pepperfield: said "/-gearUp"
[5:29:57 PM] [wg9GH#2] Pepperfield: said "/-gearUp"
[5:29:57 PM] [wg9GH#2] Pepperfield: said "/-gearUp"
[5:30:00 PM] [wg9GH#2] Pepperfield: said "/-gearUp"
[5:30:03 PM] [wg9GH#2] Pepperfield: said "/-gearUp"
[5:30:07 PM] [wg9GH#2] Pepperfield: said "/-gearUp"
[5:30:16 PM] [wg9GH#2] Pepperfield: said "/-gearUp"
[5:30:54 PM] [wg9GH#3] Gaming: died from unknown by Pepperfield
[5:30:55 PM] [wg9GH#3] Gaming: said "/-gearUp"
[5:30:59 PM] [wg9GH#2] Pepperfield: said "/-gearUp"
[5:31:00 PM] [wg9GH#2] Pepperfield: said "/-gearUp"
[5:31:03 PM] [wg9GH#2] Pepperfield: said "/-gearUp"
[5:31:06 PM] [wg9GH#3] Gaming: said "/-gearUp"
[5:31:22 PM] [wg9GH#2] Pepperfield: said "/-gearUp"
[5:31:50 PM] [wg9GH#2] Pepperfield: died from unknown by Gaming
[5:31:50 PM] [wg9GH#3] Gaming: said "/-gearUp"
[5:31:51 PM] [wg9GH#2] Pepperfield: said "/-gearUp"
[5:32:01 PM] [wg9GH#2] Pepperfield: said "/-gearUp"
[5:32:07 PM] [wg9GH#2] Pepperfield: said "/-gearUp"
[5:32:09 PM] [wg9GH#3] Gaming: said "/-gearUp"
[5:32:11 PM] [wg9GH#2] Pepperfield: said "/-gearUp"
[5:32:15 PM] [wg9GH#3] Gaming: said "/-gearUp"
[5:32:23 PM] [wg9GH#3] Gaming: said "/-gearUp"
[5:32:28 PM] [wg9GH#3] Gaming: said "/-gearUp"
[5:32:36 PM] [wg9GH#3] Gaming: said "/-gearUp"
[5:32:45 PM] [wg9GH#2] Pepperfield: said "/-gearUp"
[5:32:45 PM] [wg9GH#2] Pepperfield: said "/-gearUp"
[5:32:47 PM] [wg9GH#2] Pepperfield: said "/-gearUp"
[5:32:50 PM] [wg9GH#2] Pepperfield: said "/-gearUp"
[5:35:39 PM] [wg9GH#2] Pepperfield: disconnected (Exiting)
[5:57:39 PM] [wg9GH#3] Gaming: said "/-gearUp"
[5:58:40 PM] [wg9GH#3] Gaming: said "/-gearDown"
[5:59:20 PM] [wg9GH#3] Gaming: said "/-gearDown"
[6:02:24 PM] [wg9GH#3] Gaming: said "/-gearDown"
[6:02:24 PM] [wg9GH#3] Gaming: said "/-gearDown"
[6:03:06 PM] [wg9GH#3] Gaming: died from suicide (Falling)
[6:03:12 PM] [wg9GH#3] Gaming: said "/-gearUp"
[6:05:54 PM] [wg9GH#3] Gaming: said "t/vehicle"
[6:06:40 PM] [wg9GH#3] Gaming: said "/-gearUp"
[6:06:56 PM] [wg9GH#3] Gaming: said "/-gearUp"
[6:07:16 PM] [wg9GH#3] Gaming: said "/-gearUp"
[6:09:06 PM] [wg9GH#3] Gaming: said "/-gearUp"
[6:09:46 PM] [wg9GH#3] Gaming: said "/-gearDown"
[6:09:46 PM] [wg9GH#3] Gaming: said "/-gearDown"
[6:09:47 PM] [wg9GH#3] Gaming: said "/-gearDown"
[6:11:51 PM] [wg9GH#3] Gaming: said "/-gearUp"
[6:11:53 PM] [wg9GH#3] Gaming: said "/-gearUp"
[6:11:55 PM] [wg9GH#3] Gaming: said "/-gearUp"
[6:11:58 PM] [wg9GH#3] Gaming: said "/-gearUp"
[6:12:32 PM] [wg9GH#3] Gaming: said "/-gearUp"
[6:12:46 PM] [wg9GH#3] Gaming: said "/-gearUp"
[6:12:48 PM] [wg9GH#3] Gaming: said "/-gearUp"
[6:13:05 PM] [wg9GH#3] Gaming: said "/-gearUp"
[6:13:22 PM] [wg9GH#3] Gaming: said "/-gearUp"
[6:13:23 PM] [wg9GH#3] Gaming: said "/-gearUp"
[6:13:25 PM] [wg9GH#3] Gaming: said "/-gearUp"
[6:13:27 PM] [wg9GH#3] Gaming: said "/-gearUp"
[6:14:09 PM] [wg9GH#3] Gaming: said "/-gearUp"
[6:14:18 PM] [wg9GH#3] Gaming: said "/-gearUp"
[6:14:41 PM] [wg9GH#3] Gaming: said "/-gearUp"
[6:14:42 PM] [wg9GH#3] Gaming: said "/-gearUp"
[6:18:49 PM] [wg9GH#3] Gaming: disconnected (Exiting)
