
================================================================
======== Log Rotated - 3/18/2024, 12:00:00 AM                   
================================================================
[5:30:25 AM] txAdmin: ((Broadcast) txAdmin): said "This server is scheduled to restart in 30 minutes."
[5:45:27 AM] txAdmin: ((Broadcast) txAdmin): said "This server is scheduled to restart in 15 minutes."
[5:50:26 AM] txAdmin: ((Broadcast) txAdmin): said "This server is scheduled to restart in 10 minutes."
[5:55:26 AM] txAdmin: ((Broadcast) txAdmin): said "This server is scheduled to restart in 5 minutes."
[5:56:26 AM] txAdmin: ((Broadcast) txAdmin): said "This server is scheduled to restart in 4 minutes."
[5:57:26 AM] txAdmin: ((Broadcast) txAdmin): said "This server is scheduled to restart in 3 minutes."
[5:58:26 AM] txAdmin: ((Broadcast) txAdmin): said "This server is scheduled to restart in 2 minutes."
[5:59:27 AM] txAdmin: ((Broadcast) txAdmin): said "This server is scheduled to restart in 1 minute. Please disconnect now."
[6:01:09 AM] txAdmin: Logger started
[1:30:37 PM] txAdmin: ((Broadcast) txAdmin): said "This server is scheduled to restart in 30 minutes."
[1:45:38 PM] txAdmin: ((Broadcast) txAdmin): said "This server is scheduled to restart in 15 minutes."
[1:50:38 PM] txAdmin: ((Broadcast) txAdmin): said "This server is scheduled to restart in 10 minutes."
[1:55:38 PM] txAdmin: ((Broadcast) txAdmin): said "This server is scheduled to restart in 5 minutes."
[1:56:38 PM] txAdmin: ((Broadcast) txAdmin): said "This server is scheduled to restart in 4 minutes."
[1:57:38 PM] txAdmin: ((Broadcast) txAdmin): said "This server is scheduled to restart in 3 minutes."
[1:58:38 PM] txAdmin: ((Broadcast) txAdmin): said "This server is scheduled to restart in 2 minutes."
[1:59:38 PM] txAdmin: ((Broadcast) txAdmin): said "This server is scheduled to restart in 1 minute. Please disconnect now."
[2:04:32 PM] txAdmin: Logger started
[9:30:49 PM] txAdmin: ((Broadcast) txAdmin): said "This server is scheduled to restart in 30 minutes."
[9:45:50 PM] txAdmin: ((Broadcast) txAdmin): said "This server is scheduled to restart in 15 minutes."
[9:50:50 PM] txAdmin: ((Broadcast) txAdmin): said "This server is scheduled to restart in 10 minutes."
[9:55:50 PM] txAdmin: ((Broadcast) txAdmin): said "This server is scheduled to restart in 5 minutes."
[9:56:51 PM] txAdmin: ((Broadcast) txAdmin): said "This server is scheduled to restart in 4 minutes."
[9:57:51 PM] txAdmin: ((Broadcast) txAdmin): said "This server is scheduled to restart in 3 minutes."
[9:58:50 PM] txAdmin: ((Broadcast) txAdmin): said "This server is scheduled to restart in 2 minutes."
[9:59:50 PM] txAdmin: ((Broadcast) txAdmin): said "This server is scheduled to restart in 1 minute. Please disconnect now."
[10:01:34 PM] txAdmin: Logger started
