
================================================================
======== Log Rotated - 4/4/2024, 12:00:00 AM                    
================================================================
[2:30:20 AM] [4Fk7q#2] JOSH: joined with identifiers [steam:1100001438fe567; license:b6284c20b4ad2c41c48d4a31859b65ae2a417ec8; discord:405075418769522708; fivem:12124231; license2:b6284c20b4ad2c41c48d4a31859b65ae2a417ec8]
[2:45:11 AM] [4Fk7q#2] JOSH: said "/dorr"
[2:57:38 AM] [4Fk7q#3] φοῖνιξ: joined with identifiers [steam:11000010ee88c01; license:ee681c08d9d45c48bf5af06870d7d23d75db16dc; xbl:2535430200613003; live:985158121988759; discord:305372052683096065; fivem:10488223; license2:ee681c08d9d45c48bf5af06870d7d23d75db16dc]
[3:22:57 AM] [4Fk7q#4] kaigi: joined with identifiers [license:a938a74170975c01e88f463aea01684a16f28545; xbl:2535409246266710; live:1899947325711585; discord:293157047682465793; license2:9eb41e0279fe15e33ff86440bafc2105d3b78f01]
[3:25:44 AM] [4Fk7q#4] kaigi: disconnected (Exiting)
[4:04:12 AM] [4Fk7q#5] missberrymedley: joined with identifiers [steam:11000010cab8d07; license:7a3a5bfb5af789cb5f02843e29cc4ee338b0a294; xbl:2535413783067581; live:1688853905214434; discord:461174423903535107; fivem:1697557; license2:ec1926a90f33d1955abd2276f36a7c3ed4c51a23]
[4:05:25 AM] [4Fk7q#5] missberrymedley: disconnected (Game crashed: GTA5_b2699.exe!sub_1412E71A8 (0x116))
[4:07:01 AM] [4Fk7q#6] missberrymedley: joined with identifiers [steam:11000010cab8d07; license:7a3a5bfb5af789cb5f02843e29cc4ee338b0a294; xbl:2535413783067581; live:1688853905214434; discord:461174423903535107; fivem:1697557; license2:ec1926a90f33d1955abd2276f36a7c3ed4c51a23]
[4:23:10 AM] [4Fk7q#2] JOSH: died from suicide (Falling)
[4:23:51 AM] [4Fk7q#3] φοῖνιξ: said "/hideHUD"
[5:27:33 AM] [4Fk7q#3] φοῖνιξ: said "/hideHUD"
[5:27:34 AM] [4Fk7q#6] missberrymedley: said "/hideHUD"
[5:30:31 AM] txAdmin: ((Broadcast) txAdmin): said "This server is scheduled to restart in 30 minutes."
[5:45:31 AM] txAdmin: ((Broadcast) txAdmin): said "This server is scheduled to restart in 15 minutes."
[5:48:20 AM] [4Fk7q#3] φοῖνιξ: died from suicide
[5:50:31 AM] txAdmin: ((Broadcast) txAdmin): said "This server is scheduled to restart in 10 minutes."
[5:55:31 AM] txAdmin: ((Broadcast) txAdmin): said "This server is scheduled to restart in 5 minutes."
[5:56:31 AM] txAdmin: ((Broadcast) txAdmin): said "This server is scheduled to restart in 4 minutes."
[5:57:31 AM] txAdmin: ((Broadcast) txAdmin): said "This server is scheduled to restart in 3 minutes."
[5:58:18 AM] [4Fk7q#2] JOSH: said "/hideHUD"
[5:58:19 AM] [4Fk7q#6] missberrymedley: said "/hideHUD"
[5:58:20 AM] [4Fk7q#2] JOSH: disconnected (Exiting)
[5:58:31 AM] txAdmin: ((Broadcast) txAdmin): said "This server is scheduled to restart in 2 minutes."
[5:59:31 AM] txAdmin: ((Broadcast) txAdmin): said "This server is scheduled to restart in 1 minute. Please disconnect now."
[5:59:34 AM] [4Fk7q#6] missberrymedley: disconnected (Exiting)
[5:59:45 AM] [4Fk7q#3] φοῖνιξ: disconnected (Exiting)
[6:01:08 AM] txAdmin: Logger started
[6:01:29 AM] [apEhE#1] missberrymedley: joined with identifiers [steam:11000010cab8d07; license:7a3a5bfb5af789cb5f02843e29cc4ee338b0a294; xbl:2535413783067581; live:1688853905214434; discord:461174423903535107; fivem:1697557; license2:ec1926a90f33d1955abd2276f36a7c3ed4c51a23]
[6:02:02 AM] [apEhE#2] marcusblackwell7: joined with identifiers [steam:110000154d96125; license:b90a0574761cd349c5a4e1d6372c3ba96f26a074; discord:667904617446768652; fivem:7859917; license2:b90a0574761cd349c5a4e1d6372c3ba96f26a074]
[6:04:36 AM] [apEhE#3] JOSH: joined with identifiers [steam:1100001438fe567; license:b6284c20b4ad2c41c48d4a31859b65ae2a417ec8; discord:405075418769522708; fivem:12124231; license2:b6284c20b4ad2c41c48d4a31859b65ae2a417ec8]
[6:42:56 AM] [apEhE#3] JOSH: disconnected (Exiting)
[7:25:20 AM] [apEhE#1] missberrymedley: said "/hideHUD"
[7:45:47 AM] [apEhE#2] marcusblackwell7: disconnected (Exiting)
[7:45:55 AM] [apEhE#1] missberrymedley: disconnected (Attempting To Exploit)
[7:47:22 AM] [apEhE#4] missberrymedley: joined with identifiers [steam:11000010cab8d07; license:7a3a5bfb5af789cb5f02843e29cc4ee338b0a294; xbl:2535413783067581; live:1688853905214434; discord:461174423903535107; fivem:1697557; license2:ec1926a90f33d1955abd2276f36a7c3ed4c51a23]
[8:12:30 AM] [apEhE#5] JOSH: joined with identifiers [steam:1100001438fe567; license:b6284c20b4ad2c41c48d4a31859b65ae2a417ec8; discord:405075418769522708; fivem:12124231; license2:b6284c20b4ad2c41c48d4a31859b65ae2a417ec8]
[8:53:04 AM] [apEhE#6] BotOnMnK: joined with identifiers [steam:11000014df460ff; license:06a61b4c40fc28c0a6e0a709ba99ffb637152b33; xbl:2535406023679221; live:1055518462074046; discord:1043623556015194112; fivem:9907274; license2:06a61b4c40fc28c0a6e0a709ba99ffb637152b33]
[8:53:56 AM] [apEhE#5] JOSH: said "/ CLEAR"
[8:56:08 AM] [apEhE#6] BotOnMnK: said "/hideHUD"
[8:58:45 AM] [apEhE#6] BotOnMnK: said "/hideHUD"
[8:59:43 AM] [apEhE#5] JOSH: said "/th"
[8:59:43 AM] [apEhE#5] JOSH: said "/th"
[8:59:43 AM] [apEhE#5] JOSH: said "/th"
[8:59:43 AM] [apEhE#5] JOSH: said "/th"
[9:03:45 AM] [apEhE#6] BotOnMnK: said "/hideHUD"
[9:04:12 AM] [apEhE#6] BotOnMnK: disconnected (Exiting)
[9:17:16 AM] [apEhE#7] Mr_Green: joined with identifiers [steam:110000117f12b1a; license:8cb9f8548eb4c7764c77849cfa2ff397ec016f08; xbl:2535433922801834; live:985153858977618; discord:322443072233537556; fivem:10498222; license2:6dd94f8afb9d56223c4c530061c5ab1316c72c1c]
[9:31:00 AM] [apEhE#5] JOSH: died from suicide (Falling)
[9:35:40 AM] [apEhE#8] φοῖνιξ: joined with identifiers [steam:11000010ee88c01; license:ee681c08d9d45c48bf5af06870d7d23d75db16dc; xbl:2535430200613003; live:985158121988759; discord:305372052683096065; fivem:10488223; license2:ee681c08d9d45c48bf5af06870d7d23d75db16dc]
[9:35:48 AM] [apEhE#9] Anne Flank: joined with identifiers [steam:1100001097e125b; license:a938a74170975c01e88f463aea01684a16f28545; xbl:2535409246266710; live:1899947325711585; discord:293157047682465793; license2:9eb41e0279fe15e33ff86440bafc2105d3b78f01]
[9:39:18 AM] [apEhE#9] Anne Flank: said "/hideHUD"
[9:41:35 AM] [apEhE#5] JOSH: said "/th"
[9:41:56 AM] [apEhE#7] Mr_Green: said "/hideHUD"
[9:44:06 AM] [apEhE#9] Anne Flank: disconnected (Exiting)
[9:46:23 AM] [apEhE#8] φοῖνιξ: died from suicide (Falling)
[9:52:26 AM] [apEhE#5] JOSH: said "/window"
[9:55:01 AM] [apEhE#7] Mr_Green: said "/hideHUD"
[9:58:08 AM] [apEhE#7] Mr_Green: said "/hideHUD"
[9:58:12 AM] [apEhE#7] Mr_Green: disconnected (Exiting)
[10:02:39 AM] [apEhE#10] Anne Flank: joined with identifiers [steam:1100001097e125b; license:a938a74170975c01e88f463aea01684a16f28545; xbl:2535409246266710; live:1899947325711585; discord:293157047682465793; license2:9eb41e0279fe15e33ff86440bafc2105d3b78f01]
[10:06:26 AM] [apEhE#10] Anne Flank: said "/hideHUD"
[10:22:37 AM] [apEhE#5] JOSH: disconnected (Exiting)
[10:23:38 AM] [apEhE#11] PISSFLAPS: joined with identifiers [steam:11000014bb53aeb; license:e0893217ab0d40d6a510bcbfe1c9441b4a208a2b; discord:584024523989581834; fivem:8961289; license2:e0893217ab0d40d6a510bcbfe1c9441b4a208a2b]
[10:24:37 AM] [apEhE#10] Anne Flank: disconnected (Exiting)
[10:38:36 AM] [apEhE#12] BotOnMnK: joined with identifiers [steam:11000014df460ff; license:06a61b4c40fc28c0a6e0a709ba99ffb637152b33; xbl:2535406023679221; live:1055518462074046; discord:1043623556015194112; fivem:9907274; license2:06a61b4c40fc28c0a6e0a709ba99ffb637152b33]
[10:41:05 AM] [apEhE#12] BotOnMnK: said "hu"
[10:46:44 AM] [apEhE#12] BotOnMnK: said "/hideHUD"
[11:06:39 AM] [apEhE#12] BotOnMnK: said "/hideHUD"
[11:07:25 AM] [apEhE#11] PISSFLAPS: caused an explosion (PLANE)
[11:07:25 AM] [apEhE#11] PISSFLAPS: died from suicide (Explosion)
[11:07:25 AM] [apEhE#8] φοῖνιξ: died from Explosion by PISSFLAPS
[11:07:30 AM] [apEhE#12] BotOnMnK: died from suicide
[11:07:33 AM] [apEhE#8] φοῖνιξ: said "/hideHUD"
[11:07:34 AM] [apEhE#11] PISSFLAPS: said "/hideHUD"
[11:13:35 AM] [apEhE#13] Anne Flank: joined with identifiers [steam:1100001097e125b; license:a938a74170975c01e88f463aea01684a16f28545; xbl:2535409246266710; live:1899947325711585; discord:293157047682465793; license2:9eb41e0279fe15e33ff86440bafc2105d3b78f01]
[11:21:44 AM] [apEhE#8] φοῖνιξ: died from Knife by Anne Flank
[11:21:54 AM] [apEhE#12] BotOnMnK: died from Pistol .50 by PISSFLAPS
[11:21:59 AM] [apEhE#13] Anne Flank: died from Pistol .50 by PISSFLAPS
[11:23:30 AM] [apEhE#8] φοῖνιξ: died from Knife by Anne Flank
[11:26:09 AM] [apEhE#12] BotOnMnK: died from suicide (Falling)
[11:39:39 AM] [apEhE#11] PISSFLAPS: disconnected (Exiting)
[11:40:21 AM] [apEhE#12] BotOnMnK: disconnected (Exiting)
[11:51:58 AM] [apEhE#14] JOSH: joined with identifiers [steam:1100001438fe567; license:b6284c20b4ad2c41c48d4a31859b65ae2a417ec8; discord:405075418769522708; fivem:12124231; license2:b6284c20b4ad2c41c48d4a31859b65ae2a417ec8]
[12:08:36 PM] [apEhE#15] Exorcism: joined with identifiers [steam:110000157c5c234; license:7bb253287bd9b0fde87139be280127280d5da9b8; xbl:2535460107665577; live:844426175737770; discord:539940808468594698; license2:7bb253287bd9b0fde87139be280127280d5da9b8]
[12:13:23 PM] [apEhE#15] Exorcism: disconnected (Exiting)
[12:13:52 PM] [apEhE#16] Exorcism: joined with identifiers [steam:110000157c5c234; license:7bb253287bd9b0fde87139be280127280d5da9b8; xbl:2535460107665577; live:844426175737770; discord:539940808468594698; license2:7bb253287bd9b0fde87139be280127280d5da9b8]
[12:19:13 PM] [apEhE#17] Mr_Green: joined with identifiers [steam:110000117f12b1a; license:8cb9f8548eb4c7764c77849cfa2ff397ec016f08; xbl:2535433922801834; live:985153858977618; discord:322443072233537556; fivem:10498222; license2:6dd94f8afb9d56223c4c530061c5ab1316c72c1c]
[12:26:41 PM] [apEhE#16] Exorcism: said "/-gearUp"
[12:27:47 PM] [apEhE#16] Exorcism: said "/-gearUp"
[12:28:22 PM] [apEhE#17] Mr_Green: said "/hideHUD"
[12:28:34 PM] [apEhE#16] Exorcism: said "/-gearUp"
[12:40:30 PM] [apEhE#16] Exorcism: said "/-gearDown"
[12:40:56 PM] [apEhE#16] Exorcism: said "/-gearUp"
[12:40:56 PM] [apEhE#16] Exorcism: said "/-gearUp"
[12:40:57 PM] [apEhE#16] Exorcism: said "/-gearDown"
[12:40:59 PM] [apEhE#16] Exorcism: said "/-gearUp"
[12:49:58 PM] [apEhE#16] Exorcism: said "/-gearUp"
[12:50:04 PM] [apEhE#16] Exorcism: said "/-gearUp"
[12:50:06 PM] [apEhE#16] Exorcism: said "/-gearUp"
[12:50:15 PM] [apEhE#16] Exorcism: said "/-gearUp"
[12:50:58 PM] [apEhE#16] Exorcism: said "/-gearUp"
[12:52:11 PM] [apEhE#16] Exorcism: said "/-gearUp"
[12:52:33 PM] [apEhE#16] Exorcism: said "/-gearUp"
[12:53:15 PM] [apEhE#16] Exorcism: said "/-gearUp"
[12:53:17 PM] [apEhE#16] Exorcism: said "/-gearUp"
[12:53:18 PM] [apEhE#16] Exorcism: said "/-gearUp"
[12:54:20 PM] [apEhE#16] Exorcism: said "/-gearUp"
[12:59:23 PM] [apEhE#16] Exorcism: said "/-gearDown"
[12:59:27 PM] [apEhE#16] Exorcism: said "/-gearDown"
[12:59:49 PM] [apEhE#16] Exorcism: said "/-gearDown"
[12:59:52 PM] [apEhE#16] Exorcism: said "/-gearDown"
[1:00:03 PM] [apEhE#16] Exorcism: said "/-gearDown"
[1:00:08 PM] [apEhE#16] Exorcism: said "/-gearDown"
[1:03:11 PM] [apEhE#16] Exorcism: said "/-gearUp"
[1:09:26 PM] [apEhE#18] BotOnMnK: joined with identifiers [steam:11000014df460ff; license:06a61b4c40fc28c0a6e0a709ba99ffb637152b33; xbl:2535406023679221; live:1055518462074046; discord:1043623556015194112; fivem:9907274; license2:06a61b4c40fc28c0a6e0a709ba99ffb637152b33]
[1:10:24 PM] [apEhE#16] Exorcism: said "/-gearUp"
[1:10:55 PM] [apEhE#19] Kamakazi: joined with identifiers [steam:11000010e87be4d; license:b27179133e8df658895ecd5f756db2a4a4c8cd08; xbl:2533275003431282; live:1829581607460581; discord:242888314108116992; fivem:11442758; license2:e1e3866f24a1a081ffd211b7c1805c667b695651]
[1:11:22 PM] [apEhE#16] Exorcism: said "/-gearUp"
[1:11:34 PM] [apEhE#18] BotOnMnK: said "/hideHUD"
[1:13:50 PM] [apEhE#16] Exorcism: said "/-gearUp"
[1:14:35 PM] [apEhE#20] ap0x08: joined with identifiers [license:230b1bba3029b1b039c53b0cba83084cec628f25; discord:1225490691216638086; fivem:10833656; license2:230b1bba3029b1b039c53b0cba83084cec628f25]
[1:14:56 PM] [apEhE#19] Kamakazi: said "/hideHUD"
[1:14:57 PM] [apEhE#19] Kamakazi: said "/hideHUD"
[1:14:57 PM] [apEhE#19] Kamakazi: said "/hideHUD"
[1:17:40 PM] [apEhE#19] Kamakazi: disconnected (Exiting)
[1:21:10 PM] [apEhE#16] Exorcism: said "/-gearUp"
[1:21:43 PM] [apEhE#16] Exorcism: said "/-gearUp"
[1:21:47 PM] [apEhE#16] Exorcism: said "/-gearUp"
[1:21:54 PM] [apEhE#16] Exorcism: said "/-gearUp"
[1:21:57 PM] [apEhE#18] BotOnMnK: said "/hideHUD"
[1:23:33 PM] [apEhE#21] PISSFLAPS: joined with identifiers [steam:11000014bb53aeb; license:e0893217ab0d40d6a510bcbfe1c9441b4a208a2b; discord:584024523989581834; fivem:8961289; license2:e0893217ab0d40d6a510bcbfe1c9441b4a208a2b]
[1:23:50 PM] [apEhE#22] Kody Pepperfield: joined with identifiers [steam:11000010c770c55; license:3219d00ad3af143df0db5d2bed38fe7460729e68; xbl:2535451109437060; live:1055521765014399; discord:152991330048540672; fivem:8659677; license2:3e576e238fb0360dab034daae9fc7459afbacb59]
[1:27:33 PM] [apEhE#22] Kody Pepperfield: said "/hideHUD"
[1:27:59 PM] [apEhE#22] Kody Pepperfield: said "/hideHUD"
[1:28:29 PM] [apEhE#8] φοῖνιξ: said "/hideHUD"
[1:29:03 PM] [apEhE#16] Exorcism: said "/-gearUp"
[1:29:46 PM] [apEhE#16] Exorcism: said "/-gearUp"
[1:29:55 PM] [apEhE#16] Exorcism: said "/-gearUp"
[1:30:08 PM] [apEhE#16] Exorcism: said "/-gearUp"
[1:30:40 PM] txAdmin: ((Broadcast) txAdmin): said "This server is scheduled to restart in 30 minutes."
[1:31:39 PM] [apEhE#16] Exorcism: said "/-gearUp"
[1:32:05 PM] [apEhE#4] missberrymedley: disconnected (Exiting)
[1:32:16 PM] [apEhE#13] Anne Flank: said "/hideHUD"
[1:32:40 PM] [apEhE#16] Exorcism: said "/-gearUp"
[1:33:07 PM] [apEhE#16] Exorcism: said "/-gearUp"
[1:33:12 PM] [apEhE#16] Exorcism: said "/-gearUp"
[1:33:45 PM] [apEhE#20] ap0x08: disconnected (Exiting)
[1:34:28 PM] [apEhE#16] Exorcism: said "/-gearUp"
[1:34:32 PM] [apEhE#16] Exorcism: said "/-gearUp"
[1:34:53 PM] [apEhE#22] Kody Pepperfield: said "//e superhero"
[1:37:09 PM] [apEhE#16] Exorcism: said "/-gearUp"
[1:37:33 PM] [apEhE#16] Exorcism: said "/-gearUp"
[1:38:02 PM] [apEhE#16] Exorcism: said "/-gearUp"
[1:38:31 PM] [apEhE#16] Exorcism: said "/-gearUp"
[1:38:42 PM] [apEhE#16] Exorcism: said "/-gearUp"
[1:38:53 PM] [apEhE#16] Exorcism: said "/-gearUp"
[1:39:09 PM] [apEhE#16] Exorcism: said "/-gearUp"
[1:39:16 PM] [apEhE#16] Exorcism: said "/-gearUp"
[1:39:37 PM] [apEhE#16] Exorcism: died from Heavy Pistol by JOSH
[1:41:44 PM] [apEhE#16] Exorcism: said "/-gearUp"
[1:42:15 PM] [apEhE#23] Esky: joined with identifiers [steam:110000131c93706; license:8dfbcb6dabf76f1c81aa91d421dc6c2ab1407ba6; xbl:2535436019694875; live:914798270695886; discord:350771731708772354; fivem:11993654; license2:8dfbcb6dabf76f1c81aa91d421dc6c2ab1407ba6]
[1:42:47 PM] [apEhE#16] Exorcism: said "/-gearUp"
[1:43:16 PM] [apEhE#16] Exorcism: said "/-gearUp"
[1:43:28 PM] [apEhE#23] Esky: disconnected (Exiting)
[1:43:33 PM] [apEhE#16] Exorcism: said "/-gearUp"
[1:44:08 PM] [apEhE#16] Exorcism: said "/-gearUp"
[1:44:18 PM] [apEhE#16] Exorcism: said "/-gearUp"
[1:45:12 PM] [apEhE#16] Exorcism: said "/-gearUp"
[1:45:27 PM] [apEhE#16] Exorcism: said "/-gearUp"
[1:45:40 PM] txAdmin: ((Broadcast) txAdmin): said "This server is scheduled to restart in 15 minutes."
[1:45:41 PM] [apEhE#16] Exorcism: said "/-gearUp"
[1:46:34 PM] [apEhE#16] Exorcism: said "/-gearUp"
[1:46:37 PM] [apEhE#16] Exorcism: said "/-gearUp"
[1:46:56 PM] [apEhE#17] Mr_Green: disconnected (Exiting)
[1:48:12 PM] [apEhE#16] Exorcism: said "/-gearUp"
[1:48:27 PM] [apEhE#16] Exorcism: said "/-gearUp"
[1:49:04 PM] [apEhE#21] PISSFLAPS: said "/amdin"
[1:49:16 PM] [apEhE#21] PISSFLAPS: said "dv"
[1:49:43 PM] [apEhE#16] Exorcism: said "/-gearUp"
[1:49:46 PM] [apEhE#16] Exorcism: said "/-gearUp"
[1:49:47 PM] [apEhE#16] Exorcism: said "/-gearDown"
[1:50:07 PM] [apEhE#16] Exorcism: said "/-gearUp"
[1:50:08 PM] [apEhE#16] Exorcism: said "/-gearDown"
[1:50:08 PM] [apEhE#16] Exorcism: said "/-gearDown"
[1:50:11 PM] [apEhE#16] Exorcism: said "/-gearDown"
[1:50:41 PM] txAdmin: ((Broadcast) txAdmin): said "This server is scheduled to restart in 10 minutes."
[1:50:55 PM] [apEhE#16] Exorcism: said "/-gearUp"
[1:50:55 PM] [apEhE#16] Exorcism: said "/-gearDown"
[1:51:00 PM] [apEhE#16] Exorcism: said "/-gearUp"
[1:51:00 PM] [apEhE#16] Exorcism: said "/-gearDown"
[1:51:06 PM] [apEhE#13] Anne Flank: disconnected (Exiting)
[1:51:21 PM] [apEhE#8] φοῖνιξ: disconnected (Exiting)
[1:51:28 PM] [apEhE#16] Exorcism: said "/-gearUp"
[1:51:30 PM] [apEhE#14] JOSH: disconnected (You have been banned.)
[1:51:34 PM] [apEhE#16] Exorcism: said "/-gearUp"
[1:51:34 PM] [apEhE#16] Exorcism: said "/-gearUp"
[1:51:35 PM] [apEhE#16] Exorcism: said "/-gearDown"
[1:51:35 PM] [apEhE#16] Exorcism: said "/-gearDown"
[1:52:25 PM] [apEhE#16] Exorcism: said "/-gearUp"
[1:52:25 PM] [apEhE#16] Exorcism: said "/-gearDown"
[1:52:32 PM] [apEhE#16] Exorcism: said "/-gearUp"
[1:52:47 PM] [apEhE#16] Exorcism: said "/-gearUp"
[1:53:04 PM] [apEhE#16] Exorcism: said "/-gearUp"
[1:54:03 PM] [apEhE#16] Exorcism: said "/-gearUp"
[1:54:11 PM] [apEhE#16] Exorcism: said "/-gearUp"
[1:55:40 PM] txAdmin: ((Broadcast) txAdmin): said "This server is scheduled to restart in 5 minutes."
[1:55:45 PM] [apEhE#16] Exorcism: said "/-gearUp"
[1:55:53 PM] [apEhE#22] Kody Pepperfield: disconnected (Exiting)
[1:55:56 PM] [apEhE#16] Exorcism: said "/-gearUp"
[1:55:58 PM] [apEhE#16] Exorcism: said "/-gearUp"
[1:56:02 PM] [apEhE#16] Exorcism: said "/-gearUp"
[1:56:06 PM] [apEhE#21] PISSFLAPS: disconnected (Exiting)
[1:56:09 PM] [apEhE#16] Exorcism: disconnected (Exiting)
[1:56:41 PM] txAdmin: ((Broadcast) txAdmin): said "This server is scheduled to restart in 4 minutes."
[1:57:41 PM] txAdmin: ((Broadcast) txAdmin): said "This server is scheduled to restart in 3 minutes."
[1:57:42 PM] [apEhE#24] JOSH: joined with identifiers [steam:1100001438fe567; license:b6284c20b4ad2c41c48d4a31859b65ae2a417ec8; discord:405075418769522708; fivem:12124231; license2:b6284c20b4ad2c41c48d4a31859b65ae2a417ec8]
[1:58:01 PM] [apEhE#24] JOSH: disconnected (Exiting)
[1:58:33 PM] [apEhE#18] BotOnMnK: disconnected (Exiting)
[1:58:41 PM] txAdmin: ((Broadcast) txAdmin): said "This server is scheduled to restart in 2 minutes."
[1:59:38 PM] [apEhE#25] Exorcism: joined with identifiers [steam:110000157c5c234; license:7bb253287bd9b0fde87139be280127280d5da9b8; xbl:2535460107665577; live:844426175737770; discord:539940808468594698; license2:7bb253287bd9b0fde87139be280127280d5da9b8]
[1:59:41 PM] txAdmin: ((Broadcast) txAdmin): said "This server is scheduled to restart in 1 minute. Please disconnect now."
[2:00:37 PM] [apEhE#25] Exorcism: disconnected (Exiting)
[2:03:52 PM] txAdmin: Logger started
[2:04:13 PM] [wFNQx#1] Anne Flank: joined with identifiers [steam:1100001097e125b; license:a938a74170975c01e88f463aea01684a16f28545; xbl:2535409246266710; live:1899947325711585; discord:293157047682465793; license2:9eb41e0279fe15e33ff86440bafc2105d3b78f01]
[2:04:51 PM] [wFNQx#2] Exorcism: joined with identifiers [steam:110000157c5c234; license:7bb253287bd9b0fde87139be280127280d5da9b8; xbl:2535460107665577; live:844426175737770; discord:539940808468594698; license2:7bb253287bd9b0fde87139be280127280d5da9b8]
[2:04:53 PM] [wFNQx#3] BotOnMnK: joined with identifiers [steam:11000014df460ff; license:06a61b4c40fc28c0a6e0a709ba99ffb637152b33; xbl:2535406023679221; live:1055518462074046; discord:1043623556015194112; fivem:9907274; license2:06a61b4c40fc28c0a6e0a709ba99ffb637152b33]
[2:04:55 PM] [wFNQx#4] PISSFLAPS: joined with identifiers [steam:11000014bb53aeb; license:e0893217ab0d40d6a510bcbfe1c9441b4a208a2b; discord:584024523989581834; fivem:8961289; license2:e0893217ab0d40d6a510bcbfe1c9441b4a208a2b]
[2:16:44 PM] [wFNQx#5] Kamakazi: joined with identifiers [steam:11000010e87be4d; license:b27179133e8df658895ecd5f756db2a4a4c8cd08; xbl:2533275003431282; live:1829581607460581; discord:242888314108116992; fivem:11442758; license2:e1e3866f24a1a081ffd211b7c1805c667b695651]
[2:20:30 PM] [wFNQx#4] PISSFLAPS: said "/refrehskin"
[2:21:28 PM] [wFNQx#6] JOSH: joined with identifiers [steam:1100001438fe567; license:b6284c20b4ad2c41c48d4a31859b65ae2a417ec8; discord:405075418769522708; fivem:12124231; license2:b6284c20b4ad2c41c48d4a31859b65ae2a417ec8]
[2:22:17 PM] [wFNQx#7] Ragnar818: joined with identifiers [steam:1100001543c036d; license:2f9772222904964dc7e1276592f4900adc8bdf41; xbl:2535425017428396; live:985155143200123; discord:1047627826779656303; fivem:13652867; license2:2f9772222904964dc7e1276592f4900adc8bdf41]
[2:24:16 PM] [wFNQx#3] BotOnMnK: died from Knife by PISSFLAPS
[2:24:45 PM] [wFNQx#1] Anne Flank: died from Pistol by Exorcism
[2:26:37 PM] [wFNQx#6] JOSH: said "/th"
[2:27:15 PM] [wFNQx#6] JOSH: said "/th"
[2:27:16 PM] [wFNQx#6] JOSH: said "/th"
[2:27:16 PM] [wFNQx#6] JOSH: said "/th"
[2:27:20 PM] [wFNQx#6] JOSH: said "/th"
[2:27:22 PM] [wFNQx#6] JOSH: said "/th"
[2:31:52 PM] [wFNQx#6] JOSH: said "/hideHUD"
[2:36:02 PM] [wFNQx#8] Kody Pepperfield: joined with identifiers [steam:11000010c770c55; license:3219d00ad3af143df0db5d2bed38fe7460729e68; xbl:2535451109437060; live:1055521765014399; discord:152991330048540672; fivem:8659677; license2:3e576e238fb0360dab034daae9fc7459afbacb59]
[2:37:40 PM] [wFNQx#8] Kody Pepperfield: said "/hideHUD"
[2:39:30 PM] [wFNQx#1] Anne Flank: said "/lean4"
[2:43:23 PM] [wFNQx#6] JOSH: died from suicide (Falling)
[2:45:33 PM] [wFNQx#6] JOSH: died from suicide (Falling)
[2:47:32 PM] [wFNQx#7] Ragnar818: said "/reports"
[2:48:38 PM] [wFNQx#7] Ragnar818: said "/insertcc"
[2:56:14 PM] [wFNQx#7] Ragnar818: disconnected (^1Kicked for attempting to duplicate items)
[2:58:11 PM] [wFNQx#9] Ragnar818: joined with identifiers [steam:1100001543c036d; license:2f9772222904964dc7e1276592f4900adc8bdf41; xbl:2535425017428396; live:985155143200123; discord:1047627826779656303; fivem:13652867; license2:2f9772222904964dc7e1276592f4900adc8bdf41]
[3:04:46 PM] [wFNQx#9] Ragnar818: said "/carry"
[3:05:08 PM] [wFNQx#9] Ragnar818: said "/carry"
[3:06:57 PM] [wFNQx#9] Ragnar818: said "/carry"
[3:09:05 PM] [wFNQx#9] Ragnar818: said "/reports"
[3:09:05 PM] [wFNQx#9] Ragnar818: said "/reports"
[3:11:43 PM] [wFNQx#9] Ragnar818: said "/reports"
[3:14:18 PM] [wFNQx#5] Kamakazi: died from Pistol by Ragnar818
[3:14:30 PM] [wFNQx#2] Exorcism: died from Pistol by Ragnar818
[3:15:00 PM] [wFNQx#3] BotOnMnK: died from Pistol by Ragnar818
[3:15:06 PM] [wFNQx#9] Ragnar818: died from Pistol by Kody Pepperfield
[3:19:15 PM] [wFNQx#4] PISSFLAPS: disconnected (Exiting)
[3:20:24 PM] [wFNQx#6] JOSH: said "/th"
[3:20:26 PM] [wFNQx#6] JOSH: said "/th"
[3:22:13 PM] [wFNQx#9] Ragnar818: disconnected ([txAdmin] (mjl1106) You have been permanently banned from this server for "Damage Multi on gun".)
[3:26:08 PM] [wFNQx#8] Kody Pepperfield: died from Pistol by Kamakazi
[3:27:33 PM] [wFNQx#5] Kamakazi: disconnected (Exiting)
[3:29:54 PM] [wFNQx#1] Anne Flank: disconnected (Exiting)
[3:43:25 PM] [wFNQx#10] Kamakazi: joined with identifiers [steam:11000010e87be4d; license:b27179133e8df658895ecd5f756db2a4a4c8cd08; xbl:2533275003431282; live:1829581607460581; discord:242888314108116992; fivem:11442758; license2:e1e3866f24a1a081ffd211b7c1805c667b695651]
[3:48:00 PM] [wFNQx#3] BotOnMnK: disconnected (Exiting)
[3:48:04 PM] [wFNQx#2] Exorcism: disconnected (Exiting)
[3:49:45 PM] [wFNQx#6] JOSH: said "/hideHUD"
[3:49:46 PM] [wFNQx#6] JOSH: disconnected (Exiting)
[3:55:23 PM] [wFNQx#10] Kamakazi: disconnected (Exiting)
[3:55:37 PM] [wFNQx#8] Kody Pepperfield: disconnected (Exiting)
[4:32:08 PM] [wFNQx#11] Kamakazi: joined with identifiers [steam:11000010e87be4d; license:b27179133e8df658895ecd5f756db2a4a4c8cd08; xbl:2533275003431282; live:1829581607460581; discord:242888314108116992; fivem:11442758; license2:e1e3866f24a1a081ffd211b7c1805c667b695651]
[4:50:33 PM] [wFNQx#11] Kamakazi: disconnected (Exiting)
[9:30:50 PM] txAdmin: ((Broadcast) txAdmin): said "This server is scheduled to restart in 30 minutes."
[9:45:51 PM] txAdmin: ((Broadcast) txAdmin): said "This server is scheduled to restart in 15 minutes."
[9:50:51 PM] txAdmin: ((Broadcast) txAdmin): said "This server is scheduled to restart in 10 minutes."
[9:55:51 PM] txAdmin: ((Broadcast) txAdmin): said "This server is scheduled to restart in 5 minutes."
[9:56:51 PM] txAdmin: ((Broadcast) txAdmin): said "This server is scheduled to restart in 4 minutes."
[9:57:51 PM] txAdmin: ((Broadcast) txAdmin): said "This server is scheduled to restart in 3 minutes."
[9:58:51 PM] txAdmin: ((Broadcast) txAdmin): said "This server is scheduled to restart in 2 minutes."
[9:59:51 PM] txAdmin: ((Broadcast) txAdmin): said "This server is scheduled to restart in 1 minute. Please disconnect now."
[10:01:27 PM] txAdmin: Logger started
