
================================================================
======== Log Rotated - 4/2/2024, 12:00:00 AM                    
================================================================
[12:01:31 AM] [DbzPe#1] RigssRP: disconnected (Exiting)
[12:01:32 AM] [DbzPe#7] JOSH: died from suicide (Falling)
[12:04:18 AM] [DbzPe#5] Anne Flank: disconnected (Game crashed: d3d11.dll!??$TID3D11DeviceContext_SetShaderResources_@$00$03@CContext@@SAXPEAUID3D11DeviceContext5@@IIPEBQEAUID3D11ShaderResourceView@@@Z (0x13e))
[12:04:50 AM] [DbzPe#9] Anne Flank: joined with identifiers [steam:1100001097e125b; license:a938a74170975c01e88f463aea01684a16f28545; xbl:2535409246266710; live:1899947325711585; discord:293157047682465793; license2:9eb41e0279fe15e33ff86440bafc2105d3b78f01]
[12:07:24 AM] [DbzPe#9] Anne Flank: said "/hideHUD"
[12:10:19 AM] [DbzPe#3] PISSFLAPS: disconnected (Game crashed: GTA5_b2699.exe!_setSamplersForPixelShader (0x89))
[12:10:39 AM] [DbzPe#6] Prime: disconnected (Game crashed: GTA5_b2699.exe!_setSamplersForPixelShader (0x89))
[12:11:05 AM] [DbzPe#10] PISSFLAPS: joined with identifiers [steam:11000014bb53aeb; license:e0893217ab0d40d6a510bcbfe1c9441b4a208a2b; discord:584024523989581834; fivem:8961289; license2:e0893217ab0d40d6a510bcbfe1c9441b4a208a2b]
[12:15:11 AM] [DbzPe#8] Ras Jr: died from suicide (Ranover by Vehicle)
[12:18:15 AM] [DbzPe#7] JOSH: died from suicide (Falling)
[12:23:46 AM] [DbzPe#8] Ras Jr: disconnected (Game crashed: GTA5_b2699.exe!_setSamplersForPixelShader (0x89))
[12:25:17 AM] [DbzPe#11] Ras Jr: joined with identifiers [steam:11000015c3f1612; license:35c7844efea5c2ddeb0651d4dbc97d6a064c4774; xbl:2535439778100931; live:844425224566945; discord:614203359028576270; license2:455ac21353d0017132574f51467c9f5a6b01e629]
[12:30:00 AM] [DbzPe#4] BotOnMnK: said "/vehivlemenu"
[12:32:44 AM] [DbzPe#7] JOSH: died from suicide (Falling)
[12:33:12 AM] [DbzPe#7] JOSH: disconnected (Exiting)
[12:51:40 AM] [DbzPe#10] PISSFLAPS: said "/hideHUD"
[12:51:43 AM] [DbzPe#10] PISSFLAPS: disconnected (Exiting)
[12:52:24 AM] [DbzPe#11] Ras Jr: disconnected (Exiting)
[12:53:29 AM] [DbzPe#12] Espen661: joined with identifiers [steam:11000014bb61c9e; license:2f9772222904964dc7e1276592f4900adc8bdf41; xbl:2535425017428396; live:985155143200123; discord:1047627826779656303; fivem:8462056; license2:2f9772222904964dc7e1276592f4900adc8bdf41]
[12:53:45 AM] [DbzPe#12] Espen661: disconnected (Game crashed: GTA5_b2699.exe!rage::pgRawStreamer::AddNewEntry (0xc8))
[1:05:08 AM] [DbzPe#9] Anne Flank: disconnected (Exiting)
[1:05:26 AM] [DbzPe#4] BotOnMnK: disconnected (Exiting)
[3:11:00 AM] [DbzPe#13] Anne Flank: joined with identifiers [steam:1100001097e125b; license:a938a74170975c01e88f463aea01684a16f28545; xbl:2535409246266710; live:1899947325711585; discord:293157047682465793; license2:9eb41e0279fe15e33ff86440bafc2105d3b78f01]
[3:16:36 AM] [DbzPe#14] φοῖνιξ: joined with identifiers [steam:11000010ee88c01; license:ee681c08d9d45c48bf5af06870d7d23d75db16dc; xbl:2535430200613003; live:985158121988759; discord:305372052683096065; fivem:10488223; license2:ee681c08d9d45c48bf5af06870d7d23d75db16dc]
[3:18:02 AM] [DbzPe#13] Anne Flank: disconnected (Exiting)
[3:18:49 AM] [DbzPe#15] Anne Flank: joined with identifiers [steam:1100001097e125b; license:a938a74170975c01e88f463aea01684a16f28545; xbl:2535409246266710; live:1899947325711585; discord:293157047682465793; license2:9eb41e0279fe15e33ff86440bafc2105d3b78f01]
[4:12:45 AM] [DbzPe#16] marcusblackwell7: joined with identifiers [steam:110000154d96125; license:b90a0574761cd349c5a4e1d6372c3ba96f26a074; discord:667904617446768652; fivem:7859917; license2:b90a0574761cd349c5a4e1d6372c3ba96f26a074]
[4:14:24 AM] [DbzPe#17] JOSH: joined with identifiers [steam:1100001438fe567; license:b6284c20b4ad2c41c48d4a31859b65ae2a417ec8; discord:405075418769522708; fivem:12124231; license2:b6284c20b4ad2c41c48d4a31859b65ae2a417ec8]
[4:20:32 AM] [DbzPe#18] MJL: joined with identifiers [steam:1100001324fa523; license:ec6c328d6d02f816bf13e4a9d09768c02d6e3125; xbl:2535415531070562; live:1055522508602522; discord:213410953641852928; fivem:2586828]
[4:26:17 AM] [DbzPe#19] missberrymedley: joined with identifiers [steam:11000010cab8d07; license:7a3a5bfb5af789cb5f02843e29cc4ee338b0a294; xbl:2535413783067581; live:1688853905214434; discord:461174423903535107; fivem:1697557; license2:ec1926a90f33d1955abd2276f36a7c3ed4c51a23]
[4:56:38 AM] [DbzPe#19] missberrymedley: died from suicide (Falling)
[5:11:52 AM] [DbzPe#16] marcusblackwell7: disconnected (Game crashed: RAGE error: ERR_STR_INFO_2)
[5:12:19 AM] [DbzPe#20] marcusblackwell7: joined with identifiers [steam:110000154d96125; license:b90a0574761cd349c5a4e1d6372c3ba96f26a074; discord:667904617446768652; fivem:7859917; license2:b90a0574761cd349c5a4e1d6372c3ba96f26a074]
[5:30:29 AM] txAdmin: ((Broadcast) txAdmin): said "This server is scheduled to restart in 30 minutes."
[5:45:30 AM] txAdmin: ((Broadcast) txAdmin): said "This server is scheduled to restart in 15 minutes."
[5:50:30 AM] txAdmin: ((Broadcast) txAdmin): said "This server is scheduled to restart in 10 minutes."
[5:55:30 AM] txAdmin: ((Broadcast) txAdmin): said "This server is scheduled to restart in 5 minutes."
[5:56:07 AM] [DbzPe#20] marcusblackwell7: said "/hideHUD"
[5:56:14 AM] [DbzPe#20] marcusblackwell7: disconnected (Exiting)
[5:56:30 AM] txAdmin: ((Broadcast) txAdmin): said "This server is scheduled to restart in 4 minutes."
[5:56:45 AM] [DbzPe#17] JOSH: disconnected (Exiting)
[5:57:00 AM] [DbzPe#15] Anne Flank: disconnected (Exiting)
[5:57:04 AM] [DbzPe#14] φοῖνιξ: disconnected (Exiting)
[5:57:30 AM] txAdmin: ((Broadcast) txAdmin): said "This server is scheduled to restart in 3 minutes."
[5:58:08 AM] [DbzPe#19] missberrymedley: disconnected (Exiting)
[5:58:30 AM] txAdmin: ((Broadcast) txAdmin): said "This server is scheduled to restart in 2 minutes."
[5:59:30 AM] txAdmin: ((Broadcast) txAdmin): said "This server is scheduled to restart in 1 minute. Please disconnect now."
[6:00:30 AM] [DbzPe#18] MJL: disconnected ([txAdmin] Server restarting (scheduled restart at 06:00).)
[6:01:04 AM] txAdmin: Logger started
[6:04:09 AM] [7dVKq#1] missberrymedley: joined with identifiers [steam:11000010cab8d07; license:7a3a5bfb5af789cb5f02843e29cc4ee338b0a294; xbl:2535413783067581; live:1688853905214434; discord:461174423903535107; fivem:1697557; license2:ec1926a90f33d1955abd2276f36a7c3ed4c51a23]
[6:04:22 AM] [7dVKq#2] φοῖνιξ: joined with identifiers [steam:11000010ee88c01; license:ee681c08d9d45c48bf5af06870d7d23d75db16dc; xbl:2535430200613003; live:985158121988759; discord:305372052683096065; fivem:10488223; license2:ee681c08d9d45c48bf5af06870d7d23d75db16dc]
[6:04:41 AM] [7dVKq#3] Anne Flank: joined with identifiers [steam:1100001097e125b; license:a938a74170975c01e88f463aea01684a16f28545; xbl:2535409246266710; live:1899947325711585; discord:293157047682465793; license2:9eb41e0279fe15e33ff86440bafc2105d3b78f01]
[6:05:46 AM] [7dVKq#2] φοῖνιξ: disconnected (Game crashed: Recursive error: Failed to call inflate() for streaming file compcache:/WC_Female_Without_Brands/mp_f_freemode_01_mp_f_wc_b_female_part1^accs_diff_022_e_uni.ytd.)
[6:06:43 AM] [7dVKq#4] φοῖνιξ: joined with identifiers [steam:11000010ee88c01; license:ee681c08d9d45c48bf5af06870d7d23d75db16dc; xbl:2535430200613003; live:985158121988759; discord:305372052683096065; fivem:10488223; license2:ee681c08d9d45c48bf5af06870d7d23d75db16dc]
[6:07:31 AM] [7dVKq#5] JOSH: joined with identifiers [steam:1100001438fe567; license:b6284c20b4ad2c41c48d4a31859b65ae2a417ec8; discord:405075418769522708; fivem:12124231; license2:b6284c20b4ad2c41c48d4a31859b65ae2a417ec8]
[6:09:55 AM] [7dVKq#5] JOSH: said "/hideHUD"
[6:21:48 AM] [7dVKq#4] φοῖνιξ: said "/xp"
[6:21:52 AM] [7dVKq#4] φοῖνιξ: said "/myxp"
[6:46:55 AM] [7dVKq#6] marcusblackwell7: joined with identifiers [steam:110000154d96125; license:b90a0574761cd349c5a4e1d6372c3ba96f26a074; discord:667904617446768652; fivem:7859917; license2:b90a0574761cd349c5a4e1d6372c3ba96f26a074]
[7:05:00 AM] [7dVKq#3] Anne Flank: said "/-gearUp"
[7:05:04 AM] [7dVKq#3] Anne Flank: said "/-gearUp"
[7:05:07 AM] [7dVKq#3] Anne Flank: said "/-gearUp"
[7:05:10 AM] [7dVKq#3] Anne Flank: said "/-gearDown"
[7:05:10 AM] [7dVKq#3] Anne Flank: said "/-gearUp"
[7:05:12 AM] [7dVKq#3] Anne Flank: said "/-gearDown"
[7:05:12 AM] [7dVKq#3] Anne Flank: said "/-gearUp"
[7:05:24 AM] [7dVKq#3] Anne Flank: said "/-gearUp"
[7:05:35 AM] [7dVKq#3] Anne Flank: said "/-gearUp"
[7:05:41 AM] [7dVKq#3] Anne Flank: said "/-gearDown"
[7:05:41 AM] [7dVKq#3] Anne Flank: said "/-gearDown"
[7:05:46 AM] [7dVKq#3] Anne Flank: said "/-gearDown"
[7:05:50 AM] [7dVKq#3] Anne Flank: said "/-gearUp"
[7:05:51 AM] [7dVKq#3] Anne Flank: said "/-gearDown"
[7:05:52 AM] [7dVKq#3] Anne Flank: said "/-gearDown"
[7:05:53 AM] [7dVKq#3] Anne Flank: said "/-gearUp"
[7:05:54 AM] [7dVKq#3] Anne Flank: said "/-gearUp"
[7:06:00 AM] [7dVKq#3] Anne Flank: said "/-gearUp"
[7:06:14 AM] [7dVKq#3] Anne Flank: said "/-gearUp"
[7:06:31 AM] [7dVKq#3] Anne Flank: said "/-gearUp"
[7:06:34 AM] [7dVKq#3] Anne Flank: said "/-gearDown"
[7:06:35 AM] [7dVKq#3] Anne Flank: said "/-gearUp"
[7:06:36 AM] [7dVKq#3] Anne Flank: said "/-gearDown"
[7:06:42 AM] [7dVKq#3] Anne Flank: said "/-gearUp"
[7:07:45 AM] [7dVKq#3] Anne Flank: said "/-gearDown"
[7:07:45 AM] [7dVKq#3] Anne Flank: said "/-gearDown"
[7:07:47 AM] [7dVKq#3] Anne Flank: said "/-gearDown"
[7:07:53 AM] [7dVKq#3] Anne Flank: said "/-gearUp"
[7:07:54 AM] [7dVKq#3] Anne Flank: said "/-gearDown"
[7:07:55 AM] [7dVKq#3] Anne Flank: said "/-gearUp"
[7:08:01 AM] [7dVKq#3] Anne Flank: said "/-gearDown"
[7:08:02 AM] [7dVKq#3] Anne Flank: said "/-gearDown"
[7:08:04 AM] [7dVKq#3] Anne Flank: said "/-gearDown"
[7:08:04 AM] [7dVKq#3] Anne Flank: said "/-gearDown"
[7:08:07 AM] [7dVKq#3] Anne Flank: said "/-gearUp"
[7:08:07 AM] [7dVKq#3] Anne Flank: said "/-gearUp"
[7:08:13 AM] [7dVKq#3] Anne Flank: said "/-gearUp"
[7:08:13 AM] [7dVKq#3] Anne Flank: said "/-gearDown"
[7:08:17 AM] [7dVKq#3] Anne Flank: said "/-gearUp"
[7:08:20 AM] [7dVKq#3] Anne Flank: said "/-gearUp"
[7:08:41 AM] [7dVKq#3] Anne Flank: said "/-gearUp"
[7:08:46 AM] [7dVKq#3] Anne Flank: said "/-gearUp"
[7:09:02 AM] [7dVKq#3] Anne Flank: said "/-gearUp"
[7:09:06 AM] [7dVKq#3] Anne Flank: said "/-gearUp"
[7:09:13 AM] [7dVKq#7] Rollo_Trollo: joined with identifiers [steam:110000105388248; license:885da4c7ff748316ae69dc4092024dd378866599; xbl:2533274838319533; live:1899946045819328; discord:97100778031808512; license2:885da4c7ff748316ae69dc4092024dd378866599]
[7:09:22 AM] [7dVKq#3] Anne Flank: said "/-gearUp"
[7:09:56 AM] [7dVKq#3] Anne Flank: said "/-gearUp"
[7:10:01 AM] [7dVKq#3] Anne Flank: said "/-gearUp"
[7:10:23 AM] [7dVKq#3] Anne Flank: said "/-gearUp"
[7:10:32 AM] [7dVKq#3] Anne Flank: said "/-gearUp"
[7:11:05 AM] [7dVKq#3] Anne Flank: said "/-gearUp"
[7:13:40 AM] [7dVKq#3] Anne Flank: said "/-gearUp"
[7:14:08 AM] [7dVKq#6] marcusblackwell7: died from suicide (Falling)
[7:14:25 AM] [7dVKq#8] MJL: joined with identifiers [steam:1100001324fa523; license:ec6c328d6d02f816bf13e4a9d09768c02d6e3125; xbl:2535415531070562; live:1055522508602522; discord:213410953641852928; fivem:2586828]
[7:14:29 AM] [7dVKq#3] Anne Flank: said "/-gearUp"
[7:15:29 AM] [7dVKq#3] Anne Flank: said "/-gearUp"
[7:15:32 AM] [7dVKq#3] Anne Flank: said "/-gearUp"
[7:15:44 AM] [7dVKq#3] Anne Flank: said "/-gearUp"
[7:15:45 AM] [7dVKq#3] Anne Flank: said "/-gearUp"
[7:15:47 AM] [7dVKq#3] Anne Flank: said "/-gearUp"
[7:15:51 AM] [7dVKq#3] Anne Flank: said "/-gearUp"
[7:15:57 AM] [7dVKq#3] Anne Flank: said "/-gearUp"
[7:18:10 AM] [7dVKq#4] φοῖνιξ: disconnected (Exiting)
[7:18:51 AM] [7dVKq#9] φοῖνιξ: joined with identifiers [steam:11000010ee88c01; license:ee681c08d9d45c48bf5af06870d7d23d75db16dc; xbl:2535430200613003; live:985158121988759; discord:305372052683096065; fivem:10488223; license2:ee681c08d9d45c48bf5af06870d7d23d75db16dc]
[7:21:04 AM] [7dVKq#5] JOSH: said "/hideHUD"
[7:22:35 AM] [7dVKq#5] JOSH: said "/hideHUD"
[7:22:56 AM] [7dVKq#5] JOSH: said "/hideHUD"
[7:28:08 AM] [7dVKq#3] Anne Flank: said "/-gearUp"
[7:28:34 AM] [7dVKq#3] Anne Flank: said "/-gearUp"
[7:28:46 AM] [7dVKq#3] Anne Flank: said "/-gearUp"
[7:28:50 AM] [7dVKq#3] Anne Flank: said "/-gearUp"
[7:28:51 AM] [7dVKq#3] Anne Flank: said "/-gearUp"
[7:29:09 AM] [7dVKq#3] Anne Flank: said "/-gearUp"
[7:29:09 AM] [7dVKq#3] Anne Flank: said "/-gearDown"
[7:29:14 AM] [7dVKq#3] Anne Flank: said "/-gearUp"
[7:29:14 AM] [7dVKq#3] Anne Flank: said "/-gearDown"
[7:29:38 AM] [7dVKq#3] Anne Flank: said "/-gearUp"
[7:29:43 AM] [7dVKq#3] Anne Flank: said "/-gearUp"
[7:30:53 AM] [7dVKq#3] Anne Flank: said "/-gearUp"
[7:32:34 AM] [7dVKq#3] Anne Flank: said "/-gearUp"
[7:37:35 AM] [7dVKq#3] Anne Flank: said "/-gearUp"
[7:37:50 AM] [7dVKq#3] Anne Flank: said "/-gearUp"
[7:38:21 AM] [7dVKq#3] Anne Flank: said "/-gearUp"
[7:38:26 AM] [7dVKq#3] Anne Flank: said "/-gearUp"
[7:38:44 AM] [7dVKq#3] Anne Flank: said "/-gearDown"
[7:39:17 AM] [7dVKq#3] Anne Flank: said "/-gearDown"
[7:39:46 AM] [7dVKq#3] Anne Flank: said "/-gearUp"
[7:39:47 AM] [7dVKq#3] Anne Flank: said "/-gearUp"
[7:39:52 AM] [7dVKq#3] Anne Flank: said "/-gearUp"
[7:40:03 AM] [7dVKq#3] Anne Flank: said "/-gearUp"
[7:40:40 AM] [7dVKq#3] Anne Flank: said "/-gearUp"
[7:41:04 AM] [7dVKq#3] Anne Flank: said "/-gearUp"
[7:42:06 AM] [7dVKq#3] Anne Flank: said "/-gearUp"
[7:42:16 AM] [7dVKq#3] Anne Flank: said "/-gearUp"
[7:46:40 AM] [7dVKq#3] Anne Flank: said "/-gearDown"
[7:49:20 AM] [7dVKq#3] Anne Flank: said "/-gearDown"
[7:49:21 AM] [7dVKq#3] Anne Flank: said "/-gearDown"
[7:49:39 AM] [7dVKq#3] Anne Flank: said "/-gearDown"
[7:50:13 AM] [7dVKq#3] Anne Flank: said "/-gearDown"
[7:50:18 AM] [7dVKq#3] Anne Flank: said "/-gearUp"
[7:51:38 AM] [7dVKq#3] Anne Flank: said "/-gearDown"
[7:55:13 AM] [7dVKq#3] Anne Flank: said "/-gearUp"
[7:55:13 AM] [7dVKq#3] Anne Flank: said "/-gearDown"
[7:55:15 AM] [7dVKq#3] Anne Flank: said "/-gearUp"
[7:55:33 AM] [7dVKq#3] Anne Flank: said "/-gearUp"
[7:55:35 AM] [7dVKq#3] Anne Flank: said "/-gearUp"
[7:55:44 AM] [7dVKq#3] Anne Flank: said "/-gearUp"
[7:56:12 AM] [7dVKq#3] Anne Flank: said "/-gearDown"
[7:56:26 AM] [7dVKq#3] Anne Flank: said "/-gearDown"
[7:56:47 AM] [7dVKq#3] Anne Flank: said "/-gearDown"
[7:57:13 AM] [7dVKq#3] Anne Flank: said "/-gearDown"
[7:57:27 AM] [7dVKq#3] Anne Flank: said "/-gearDown"
[7:57:47 AM] [7dVKq#3] Anne Flank: said "/-gearDown"
[7:57:55 AM] [7dVKq#3] Anne Flank: said "/-gearDown"
[7:58:13 AM] [7dVKq#3] Anne Flank: said "/-gearDown"
[7:58:20 AM] [7dVKq#3] Anne Flank: said "/-gearDown"
[7:58:27 AM] [7dVKq#3] Anne Flank: said "/-gearDown"
[7:58:29 AM] [7dVKq#3] Anne Flank: said "/-gearDown"
[7:58:34 AM] [7dVKq#3] Anne Flank: said "/-gearDown"
[7:58:37 AM] [7dVKq#3] Anne Flank: said "/-gearDown"
[7:58:39 AM] [7dVKq#3] Anne Flank: said "/-gearDown"
[7:58:41 AM] [7dVKq#3] Anne Flank: said "/-gearDown"
[7:59:01 AM] [7dVKq#3] Anne Flank: said "/-gearDown"
[8:00:48 AM] [7dVKq#3] Anne Flank: said "/-gearDown"
[8:02:49 AM] [7dVKq#3] Anne Flank: said "/-gearDown"
[8:03:00 AM] [7dVKq#6] marcusblackwell7: said "/hideHUD"
[8:03:13 AM] [7dVKq#3] Anne Flank: said "/-gearUp"
[8:03:15 AM] [7dVKq#6] marcusblackwell7: disconnected (Exiting)
[8:03:37 AM] [7dVKq#3] Anne Flank: said "/-gearUp"
[8:03:48 AM] [7dVKq#3] Anne Flank: said "/-gearUp"
[8:03:56 AM] [7dVKq#3] Anne Flank: said "/-gearUp"
[8:04:01 AM] [7dVKq#3] Anne Flank: said "/-gearUp"
[8:04:01 AM] [7dVKq#3] Anne Flank: said "/-gearUp"
[8:04:07 AM] [7dVKq#3] Anne Flank: said "/-gearUp"
[8:06:42 AM] [7dVKq#3] Anne Flank: said "/-gearDown"
[8:06:53 AM] [7dVKq#3] Anne Flank: said "/-gearUp"
[8:06:53 AM] [7dVKq#3] Anne Flank: said "/-gearDown"
[8:08:39 AM] [7dVKq#3] Anne Flank: said "/-gearDown"
[8:09:30 AM] [7dVKq#3] Anne Flank: said "/-gearDown"
[8:09:35 AM] [7dVKq#3] Anne Flank: said "/-gearDown"
[8:09:43 AM] [7dVKq#3] Anne Flank: said "/-gearDown"
[8:10:38 AM] [7dVKq#3] Anne Flank: said "/-gearDown"
[8:10:51 AM] [7dVKq#3] Anne Flank: said "/-gearDown"
[8:11:11 AM] [7dVKq#3] Anne Flank: said "/-gearUp"
[8:11:39 AM] [7dVKq#1] missberrymedley: disconnected (Exiting)
[8:12:28 AM] [7dVKq#10] missberrymedley: joined with identifiers [steam:11000010cab8d07; license:7a3a5bfb5af789cb5f02843e29cc4ee338b0a294; xbl:2535413783067581; live:1688853905214434; discord:461174423903535107; fivem:1697557; license2:ec1926a90f33d1955abd2276f36a7c3ed4c51a23]
[8:14:34 AM] [7dVKq#7] Rollo_Trollo: said "/hideHUD"
[8:14:35 AM] [7dVKq#7] Rollo_Trollo: disconnected (You have been banned.)
[8:20:49 AM] [7dVKq#3] Anne Flank: said "/-gearUp"
[8:21:14 AM] [7dVKq#3] Anne Flank: said "/-gearUp"
[8:21:51 AM] [7dVKq#3] Anne Flank: said "/-gearUp"
[8:21:55 AM] [7dVKq#3] Anne Flank: said "/-gearUp"
[8:26:38 AM] [7dVKq#3] Anne Flank: said "/-gearUp"
[8:27:49 AM] [7dVKq#3] Anne Flank: said "/-gearDown"
[8:28:18 AM] [7dVKq#3] Anne Flank: said "/-gearUp"
[8:28:19 AM] [7dVKq#3] Anne Flank: said "/-gearDown"
[8:28:42 AM] [7dVKq#3] Anne Flank: said "/-gearUp"
[8:29:05 AM] [7dVKq#3] Anne Flank: said "/-gearUp"
[8:29:11 AM] [7dVKq#3] Anne Flank: said "/-gearUp"
[8:30:40 AM] [7dVKq#3] Anne Flank: said "/-gearUp"
[8:34:40 AM] [7dVKq#3] Anne Flank: said "/-gearUp"
[8:34:53 AM] [7dVKq#3] Anne Flank: said "/-gearUp"
[8:35:00 AM] [7dVKq#3] Anne Flank: said "/-gearUp"
[8:35:04 AM] [7dVKq#3] Anne Flank: said "/-gearUp"
[8:38:10 AM] [7dVKq#11] PISSFLAPS: joined with identifiers [steam:11000014bb53aeb; license:e0893217ab0d40d6a510bcbfe1c9441b4a208a2b; discord:584024523989581834; fivem:8961289; license2:e0893217ab0d40d6a510bcbfe1c9441b4a208a2b]
[8:39:22 AM] [7dVKq#3] Anne Flank: said "/-gearDown"
[8:39:26 AM] [7dVKq#3] Anne Flank: said "/-gearDown"
[8:39:34 AM] [7dVKq#3] Anne Flank: said "/-gearDown"
[8:39:55 AM] [7dVKq#3] Anne Flank: said "/-gearDown"
[8:40:42 AM] [7dVKq#3] Anne Flank: said "/-gearUp"
[8:41:25 AM] [7dVKq#12] Rollo_Trollo: joined with identifiers [steam:110000105388248; license:885da4c7ff748316ae69dc4092024dd378866599; xbl:2533274838319533; live:1899946045819328; discord:97100778031808512; license2:885da4c7ff748316ae69dc4092024dd378866599]
[8:47:31 AM] [7dVKq#3] Anne Flank: said "/-gearUp"
[8:48:01 AM] [7dVKq#3] Anne Flank: said "/-gearUp"
[8:48:18 AM] [7dVKq#12] Rollo_Trollo: said "/hideHUD"
[8:48:26 AM] [7dVKq#3] Anne Flank: said "/-gearUp"
[8:48:40 AM] [7dVKq#12] Rollo_Trollo: said "/hideHUD"
[8:48:51 AM] [7dVKq#12] Rollo_Trollo: disconnected (Exiting)
[8:49:07 AM] [7dVKq#3] Anne Flank: said "/-gearUp"
[8:49:10 AM] [7dVKq#3] Anne Flank: said "/-gearUp"
[8:49:25 AM] [7dVKq#3] Anne Flank: said "/-gearUp"
[8:54:16 AM] [7dVKq#3] Anne Flank: said "/-gearDown"
[8:54:25 AM] [7dVKq#3] Anne Flank: said "/-gearDown"
[8:55:43 AM] [7dVKq#3] Anne Flank: said "/-gearDown"
[8:55:44 AM] [7dVKq#3] Anne Flank: said "/-gearDown"
[8:55:47 AM] [7dVKq#3] Anne Flank: said "/-gearDown"
[8:58:00 AM] [7dVKq#3] Anne Flank: said "/-gearUp"
[8:58:01 AM] [7dVKq#3] Anne Flank: said "/-gearDown"
[8:58:02 AM] [7dVKq#3] Anne Flank: said "/-gearUp"
[9:00:36 AM] [7dVKq#3] Anne Flank: said "/-gearUp"
[9:00:56 AM] [7dVKq#3] Anne Flank: said "/-gearUp"
[9:01:10 AM] [7dVKq#3] Anne Flank: said "/-gearUp"
[9:01:17 AM] [7dVKq#3] Anne Flank: said "/-gearUp"
[9:03:02 AM] [7dVKq#3] Anne Flank: said "/-gearDown"
[9:03:04 AM] [7dVKq#3] Anne Flank: said "/-gearDown"
[9:05:27 AM] [7dVKq#13] Prime: joined with identifiers [steam:11000010ca11a3e; license:f7dcdb2337cb359eab1d01dbb378da219cffa61c; xbl:2535470342658869; live:1829581630186829; discord:218191942377406464; fivem:3083043; license2:6fb7e6793c6bdcdc1e0c5f9b3ab6accd839e0285]
[9:06:00 AM] [7dVKq#3] Anne Flank: said "/-gearDown"
[9:06:05 AM] [7dVKq#3] Anne Flank: said "/-gearDown"
[9:08:29 AM] [7dVKq#3] Anne Flank: said "/-gearDown"
[9:09:01 AM] [7dVKq#3] Anne Flank: said "/-gearUp"
[9:09:02 AM] [7dVKq#3] Anne Flank: said "/-gearDown"
[9:09:04 AM] [7dVKq#3] Anne Flank: said "/-gearUp"
[9:09:15 AM] [7dVKq#13] Prime: said "/hideHUD"
[9:10:16 AM] [7dVKq#3] Anne Flank: said "/-gearDown"
[9:10:23 AM] [7dVKq#3] Anne Flank: said "/-gearDown"
[9:10:29 AM] [7dVKq#3] Anne Flank: said "/-gearDown"
[9:13:22 AM] [7dVKq#3] Anne Flank: said "/-gearDown"
[9:13:35 AM] [7dVKq#3] Anne Flank: said "/-gearDown"
[9:13:46 AM] [7dVKq#3] Anne Flank: said "/-gearDown"
[9:13:49 AM] [7dVKq#3] Anne Flank: said "/-gearDown"
[9:13:50 AM] [7dVKq#3] Anne Flank: said "/-gearDown"
[9:13:54 AM] [7dVKq#3] Anne Flank: said "/-gearUp"
[9:14:42 AM] [7dVKq#3] Anne Flank: said "/-gearDown"
[9:15:07 AM] [7dVKq#3] Anne Flank: said "/-gearDown"
[9:15:47 AM] [7dVKq#3] Anne Flank: said "/-gearUp"
[9:16:45 AM] [7dVKq#3] Anne Flank: said "/-gearDown"
[9:16:48 AM] [7dVKq#3] Anne Flank: said "/-gearDown"
[9:16:48 AM] [7dVKq#3] Anne Flank: said "/-gearDown"
[9:17:23 AM] [7dVKq#3] Anne Flank: said "/-gearDown"
[9:17:24 AM] [7dVKq#3] Anne Flank: said "/-gearUp"
[9:17:28 AM] [7dVKq#14] BotOnMnK: joined with identifiers [steam:11000014df460ff; license:06a61b4c40fc28c0a6e0a709ba99ffb637152b33; xbl:2535406023679221; live:1055518462074046; discord:1043623556015194112; fivem:9907274; license2:06a61b4c40fc28c0a6e0a709ba99ffb637152b33]
[9:17:37 AM] [7dVKq#3] Anne Flank: said "/-gearDown"
[9:17:38 AM] [7dVKq#3] Anne Flank: said "/-gearUp"
[9:17:43 AM] [7dVKq#3] Anne Flank: said "/-gearDown"
[9:17:57 AM] [7dVKq#3] Anne Flank: said "/-gearDown"
[9:17:58 AM] [7dVKq#3] Anne Flank: said "/-gearUp"
[9:18:11 AM] [7dVKq#3] Anne Flank: said "/-gearDown"
[9:18:25 AM] [7dVKq#3] Anne Flank: said "/-gearDown"
[9:18:41 AM] [7dVKq#3] Anne Flank: said "/-gearDown"
[9:18:42 AM] [7dVKq#3] Anne Flank: said "/-gearUp"
[9:19:11 AM] [7dVKq#3] Anne Flank: said "/-gearDown"
[9:19:23 AM] [7dVKq#3] Anne Flank: said "/-gearDown"
[9:21:26 AM] [7dVKq#3] Anne Flank: said "/-gearDown"
[9:21:45 AM] [7dVKq#3] Anne Flank: said "/-gearDown"
[9:21:46 AM] [7dVKq#3] Anne Flank: said "/-gearUp"
[9:21:57 AM] [7dVKq#3] Anne Flank: said "/-gearDown"
[9:22:12 AM] [7dVKq#3] Anne Flank: said "/-gearDown"
[9:22:17 AM] [7dVKq#3] Anne Flank: said "/-gearDown"
[9:22:24 AM] [7dVKq#3] Anne Flank: said "/-gearDown"
[9:22:27 AM] [7dVKq#3] Anne Flank: said "/-gearDown"
[9:22:32 AM] [7dVKq#3] Anne Flank: said "/-gearDown"
[9:22:34 AM] [7dVKq#3] Anne Flank: said "/-gearUp"
[9:22:34 AM] [7dVKq#3] Anne Flank: said "/-gearDown"
[9:23:06 AM] [7dVKq#3] Anne Flank: said "/-gearDown"
[9:23:14 AM] [7dVKq#3] Anne Flank: said "/-gearDown"
[9:23:15 AM] [7dVKq#3] Anne Flank: said "/-gearUp"
[9:23:27 AM] [7dVKq#3] Anne Flank: said "/-gearDown"
[9:23:29 AM] [7dVKq#3] Anne Flank: said "/-gearDown"
[9:23:37 AM] [7dVKq#3] Anne Flank: said "/-gearDown"
[9:23:37 AM] [7dVKq#3] Anne Flank: said "/-gearDown"
[9:23:38 AM] [7dVKq#3] Anne Flank: said "/-gearUp"
[9:23:41 AM] [7dVKq#3] Anne Flank: said "/-gearDown"
[9:24:49 AM] [7dVKq#3] Anne Flank: said "/-gearDown"
[9:24:51 AM] [7dVKq#3] Anne Flank: said "/-gearDown"
[9:24:55 AM] [7dVKq#3] Anne Flank: said "/-gearDown"
[9:25:22 AM] [7dVKq#8] MJL: died from suicide
[9:25:25 AM] [7dVKq#3] Anne Flank: said "/-gearUp"
[9:25:45 AM] [7dVKq#13] Prime: disconnected (Server->client connection timed out. Pending commands: 350.	Command list:	__ox_cb_ps-dispatch (533 B, 89 msec ago)	__ox_cb_ps-dispatch (533 B, 940 msec ago)	__ox_cb_ps-dispatch (533 B, 3450 msec ago)	de3d1a59 (246 B, 18903 msec ago)	de3d1a59 (239 B, 19712 msec ago)	police:client:UpdateBlips (133 B, 1640 msec ago)	police:client:UpdateBlips (133 B, 19712 msec ago)	)
[9:25:46 AM] [7dVKq#3] Anne Flank: said "/-gearDown"
[9:25:47 AM] [7dVKq#3] Anne Flank: said "/-gearDown"
[9:25:50 AM] [7dVKq#3] Anne Flank: said "/-gearDown"
[9:25:50 AM] [7dVKq#3] Anne Flank: said "/-gearDown"
[9:26:05 AM] [7dVKq#3] Anne Flank: said "/-gearDown"
[9:26:06 AM] [7dVKq#3] Anne Flank: said "/-gearUp"
[9:26:09 AM] [7dVKq#3] Anne Flank: said "/-gearDown"
[9:27:11 AM] [7dVKq#8] MJL: died from suicide
[9:28:05 AM] [7dVKq#3] Anne Flank: said "/-gearDown"
[9:28:20 AM] [7dVKq#11] PISSFLAPS: disconnected (Exiting)
[9:28:37 AM] [7dVKq#3] Anne Flank: said "/-gearDown"
[9:28:38 AM] [7dVKq#3] Anne Flank: said "/-gearUp"
[9:28:46 AM] [7dVKq#3] Anne Flank: said "/-gearDown"
[9:29:10 AM] [7dVKq#15] PISSFLAPS: joined with identifiers [steam:11000014bb53aeb; license:e0893217ab0d40d6a510bcbfe1c9441b4a208a2b; discord:584024523989581834; fivem:8961289; license2:e0893217ab0d40d6a510bcbfe1c9441b4a208a2b]
[9:30:59 AM] [7dVKq#14] BotOnMnK: said "/hideHUD"
[9:31:00 AM] [7dVKq#3] Anne Flank: said "/-gearDown"
[9:31:19 AM] [7dVKq#3] Anne Flank: said "/-gearDown"
[9:33:16 AM] [7dVKq#3] Anne Flank: disconnected (You have been banned.)
[9:37:32 AM] [7dVKq#16] Anne Flank: joined with identifiers [steam:1100001097e125b; license:a938a74170975c01e88f463aea01684a16f28545; xbl:2535409246266710; live:1899947325711585; discord:293157047682465793; license2:9eb41e0279fe15e33ff86440bafc2105d3b78f01]
[9:41:54 AM] [7dVKq#17] Esky: joined with identifiers [license:8dfbcb6dabf76f1c81aa91d421dc6c2ab1407ba6; xbl:2535436019694875; live:914798270695886; discord:350771731708772354; fivem:11993654; license2:8dfbcb6dabf76f1c81aa91d421dc6c2ab1407ba6]
[9:43:20 AM] [7dVKq#16] Anne Flank: said "/hideHUD"
[9:50:23 AM] [7dVKq#5] JOSH: said "/hideHUD"
[9:50:36 AM] [7dVKq#5] JOSH: said "/hideHUD"
[9:52:57 AM] [7dVKq#5] JOSH: said "/hideHUD"
[9:54:31 AM] [7dVKq#5] JOSH: said "/hideHUD"
[9:54:36 AM] [7dVKq#5] JOSH: said "/hideHUD"
[9:54:41 AM] [7dVKq#5] JOSH: said "/hideHUD"
[9:55:04 AM] [7dVKq#5] JOSH: said "/hideHUD"
[9:55:16 AM] [7dVKq#5] JOSH: disconnected (Exiting)
[9:59:20 AM] [7dVKq#14] BotOnMnK: died from suicide (Falling)
[10:13:20 AM] [7dVKq#9] φοῖνιξ: said "/hideHUD"
[10:19:27 AM] [7dVKq#9] φοῖνιξ: died from suicide (Falling)
[10:26:03 AM] [7dVKq#15] PISSFLAPS: died from suicide (Falling)
[10:26:27 AM] [7dVKq#15] PISSFLAPS: said "/admn"
[10:27:29 AM] [7dVKq#9] φοῖνιξ: disconnected (Exiting)
[10:28:39 AM] [7dVKq#18] φοῖνιξ: joined with identifiers [steam:11000010ee88c01; license:ee681c08d9d45c48bf5af06870d7d23d75db16dc; xbl:2535430200613003; live:985158121988759; discord:305372052683096065; fivem:10488223; license2:ee681c08d9d45c48bf5af06870d7d23d75db16dc]
[10:41:16 AM] [7dVKq#16] Anne Flank: disconnected (Exiting)
[10:49:20 AM] [7dVKq#8] MJL: disconnected (Exiting)
[10:52:25 AM] [7dVKq#14] BotOnMnK: said "/-gearUp"
[10:52:35 AM] [7dVKq#14] BotOnMnK: said "/-gearUp"
[10:52:42 AM] [7dVKq#14] BotOnMnK: said "/-gearUp"
[10:52:49 AM] [7dVKq#14] BotOnMnK: said "/-gearUp"
[10:54:18 AM] [7dVKq#14] BotOnMnK: said "/-gearUp"
[10:54:19 AM] [7dVKq#14] BotOnMnK: said "/-gearDown"
[10:55:33 AM] [7dVKq#14] BotOnMnK: said "/-gearDown"
[10:56:42 AM] [7dVKq#14] BotOnMnK: said "/-gearUp"
[10:56:42 AM] [7dVKq#14] BotOnMnK: said "/-gearDown"
[10:56:55 AM] [7dVKq#14] BotOnMnK: said "/-gearUp"
[10:56:56 AM] [7dVKq#14] BotOnMnK: said "/-gearDown"
[10:56:57 AM] [7dVKq#14] BotOnMnK: said "/-gearUp"
[10:58:58 AM] [7dVKq#14] BotOnMnK: said "/-gearDown"
[10:59:51 AM] [7dVKq#14] BotOnMnK: said "/-gearUp"
[10:59:51 AM] [7dVKq#14] BotOnMnK: said "/-gearUp"
[10:59:52 AM] [7dVKq#14] BotOnMnK: said "/-gearUp"
[10:59:52 AM] [7dVKq#14] BotOnMnK: said "/-gearDown"
[11:00:36 AM] [7dVKq#14] BotOnMnK: said "/-gearUp"
[11:00:46 AM] [7dVKq#14] BotOnMnK: said "/-gearUp"
[11:01:07 AM] [7dVKq#14] BotOnMnK: said "/-gearUp"
[11:01:13 AM] [7dVKq#14] BotOnMnK: said "/-gearUp"
[11:01:36 AM] [7dVKq#14] BotOnMnK: said "/-gearUp"
[11:04:20 AM] [7dVKq#14] BotOnMnK: said "/-gearUp"
[11:04:23 AM] [7dVKq#14] BotOnMnK: said "/-gearUp"
[11:07:03 AM] [7dVKq#14] BotOnMnK: said "/-gearUp"
[11:07:11 AM] [7dVKq#14] BotOnMnK: said "/-gearUp"
[11:08:02 AM] [7dVKq#14] BotOnMnK: said "/-gearUp"
[11:15:02 AM] [7dVKq#14] BotOnMnK: said "/-gearUp"
[11:15:06 AM] [7dVKq#14] BotOnMnK: said "/-gearUp"
[11:15:12 AM] [7dVKq#14] BotOnMnK: said "/-gearUp"
[11:15:47 AM] [7dVKq#14] BotOnMnK: said "/-gearUp"
[11:15:48 AM] [7dVKq#14] BotOnMnK: said "/-gearUp"
[11:16:33 AM] [7dVKq#14] BotOnMnK: said "/-gearUp"
[11:16:39 AM] [7dVKq#14] BotOnMnK: said "/-gearUp"
[11:17:49 AM] [7dVKq#14] BotOnMnK: said "/-gearUp"
[11:17:56 AM] [7dVKq#14] BotOnMnK: said "/-gearUp"
[11:18:01 AM] [7dVKq#14] BotOnMnK: said "/-gearUp"
[11:18:06 AM] [7dVKq#14] BotOnMnK: said "/-gearUp"
[11:18:30 AM] [7dVKq#14] BotOnMnK: said "/-gearDown"
[11:20:07 AM] [7dVKq#15] PISSFLAPS: said "fix"
[11:22:33 AM] [7dVKq#17] Esky: disconnected (Exiting)
[11:22:44 AM] [7dVKq#14] BotOnMnK: said "/-gearUp"
[11:22:44 AM] [7dVKq#14] BotOnMnK: said "/-gearDown"
[11:22:46 AM] [7dVKq#14] BotOnMnK: said "/-gearUp"
[11:23:12 AM] [7dVKq#14] BotOnMnK: said "/-gearUp"
[11:24:35 AM] [7dVKq#14] BotOnMnK: said "/-gearUp"
[11:24:47 AM] [7dVKq#14] BotOnMnK: said "/-gearUp"
[11:24:50 AM] [7dVKq#14] BotOnMnK: said "/-gearUp"
[11:24:56 AM] [7dVKq#14] BotOnMnK: said "/-gearUp"
[11:24:57 AM] [7dVKq#14] BotOnMnK: said "/-gearUp"
[11:24:57 AM] [7dVKq#14] BotOnMnK: said "/-gearUp"
[11:24:58 AM] [7dVKq#14] BotOnMnK: said "/-gearDown"
[11:25:01 AM] [7dVKq#14] BotOnMnK: said "/-gearUp"
[11:25:09 AM] [7dVKq#14] BotOnMnK: said "/-gearUp"
[11:25:11 AM] [7dVKq#14] BotOnMnK: said "/-gearDown"
[11:25:12 AM] [7dVKq#14] BotOnMnK: said "/-gearDown"
[11:25:14 AM] [7dVKq#14] BotOnMnK: said "/-gearDown"
[11:25:56 AM] [7dVKq#14] BotOnMnK: said "/-gearDown"
[11:26:07 AM] [7dVKq#14] BotOnMnK: said "/-gearUp"
[11:26:07 AM] [7dVKq#14] BotOnMnK: said "/-gearDown"
[11:26:42 AM] [7dVKq#14] BotOnMnK: said "/-gearDown"
[11:26:43 AM] [7dVKq#14] BotOnMnK: said "/-gearUp"
[11:26:44 AM] [7dVKq#14] BotOnMnK: said "/-gearDown"
[11:28:34 AM] [7dVKq#14] BotOnMnK: said "/-gearUp"
[11:28:41 AM] [7dVKq#14] BotOnMnK: said "/-gearUp"
[11:28:50 AM] [7dVKq#14] BotOnMnK: said "/-gearUp"
[11:28:53 AM] [7dVKq#14] BotOnMnK: said "/-gearUp"
[11:28:56 AM] [7dVKq#14] BotOnMnK: said "/-gearDown"
[11:28:57 AM] [7dVKq#14] BotOnMnK: said "/-gearDown"
[11:28:57 AM] [7dVKq#14] BotOnMnK: said "/-gearDown"
[11:28:59 AM] [7dVKq#14] BotOnMnK: said "/-gearDown"
[11:29:00 AM] [7dVKq#14] BotOnMnK: said "/-gearDown"
[11:29:01 AM] [7dVKq#14] BotOnMnK: said "/-gearDown"
[11:29:05 AM] [7dVKq#14] BotOnMnK: said "/-gearUp"
[11:29:05 AM] [7dVKq#14] BotOnMnK: said "/-gearUp"
[11:29:06 AM] [7dVKq#14] BotOnMnK: said "/-gearUp"
[11:29:13 AM] [7dVKq#14] BotOnMnK: said "/-gearUp"
[11:29:13 AM] [7dVKq#14] BotOnMnK: said "/-gearDown"
[11:29:22 AM] [7dVKq#14] BotOnMnK: said "/-gearUp"
[11:29:36 AM] [7dVKq#14] BotOnMnK: said "/-gearUp"
[11:29:40 AM] [7dVKq#14] BotOnMnK: said "/-gearUp"
[11:29:53 AM] [7dVKq#14] BotOnMnK: said "/-gearUp"
[11:30:01 AM] [7dVKq#14] BotOnMnK: said "/-gearUp"
[11:30:17 AM] [7dVKq#14] BotOnMnK: said "/-gearUp"
[11:30:51 AM] [7dVKq#14] BotOnMnK: said "/-gearUp"
[11:30:51 AM] [7dVKq#14] BotOnMnK: said "/-gearUp"
[11:30:51 AM] [7dVKq#14] BotOnMnK: said "/-gearUp"
[11:31:00 AM] [7dVKq#14] BotOnMnK: said "/-gearUp"
[11:32:00 AM] [7dVKq#14] BotOnMnK: said "/-gearUp"
[11:32:06 AM] [7dVKq#14] BotOnMnK: said "/-gearUp"
[11:32:26 AM] [7dVKq#14] BotOnMnK: said "/-gearUp"
[11:32:34 AM] [7dVKq#14] BotOnMnK: said "/-gearUp"
[11:32:35 AM] [7dVKq#14] BotOnMnK: said "/-gearUp"
[11:32:50 AM] [7dVKq#18] φοῖνιξ: died from Heavy Pistol by PISSFLAPS
[11:32:50 AM] [7dVKq#14] BotOnMnK: said "/-gearUp"
[11:32:58 AM] [7dVKq#14] BotOnMnK: said "/-gearUp"
[11:33:07 AM] [7dVKq#14] BotOnMnK: said "refreshskin"
[11:33:35 AM] [7dVKq#14] BotOnMnK: said "/-gearUp"
[11:33:46 AM] [7dVKq#19] MrValentino: joined with identifiers [steam:11000013464012b; license:fec461f11f5a989ae6033483f5f3c9c150aaf4bc; xbl:2535461288884674; live:914798041685848; discord:817567016910454814; fivem:6228215; license2:256e0172b8db6717c93c9774be7adb28484d700d]
[11:34:11 AM] [7dVKq#14] BotOnMnK: said "/-gearUp"
[11:34:17 AM] [7dVKq#14] BotOnMnK: said "/-gearUp"
[11:34:25 AM] [7dVKq#14] BotOnMnK: said "/-gearDown"
[11:34:30 AM] [7dVKq#14] BotOnMnK: said "/-gearUp"
[11:34:32 AM] [7dVKq#14] BotOnMnK: said "/-gearUp"
[11:34:32 AM] [7dVKq#14] BotOnMnK: said "/-gearDown"
[11:34:32 AM] [7dVKq#14] BotOnMnK: said "/-gearUp"
[11:34:40 AM] [7dVKq#14] BotOnMnK: said "/-gearUp"
[11:34:42 AM] [7dVKq#10] missberrymedley: disconnected (Exiting)
[11:34:50 AM] [7dVKq#14] BotOnMnK: said "/-gearUp"
[11:35:13 AM] [7dVKq#14] BotOnMnK: said "/-gearUp"
[11:35:15 AM] [7dVKq#14] BotOnMnK: said "/-gearUp"
[11:36:35 AM] [7dVKq#14] BotOnMnK: said "/-gearUp"
[11:36:45 AM] [7dVKq#14] BotOnMnK: said "/-gearUp"
[11:37:03 AM] [7dVKq#14] BotOnMnK: said "/-gearDown"
[11:37:30 AM] [7dVKq#14] BotOnMnK: said "/-gearUp"
[11:37:30 AM] [7dVKq#14] BotOnMnK: said "/-gearUp"
[11:37:32 AM] [7dVKq#14] BotOnMnK: said "/-gearDown"
[11:39:18 AM] [7dVKq#14] BotOnMnK: said "/-gearDown"
[11:39:18 AM] [7dVKq#14] BotOnMnK: said "/-gearDown"
[11:39:19 AM] [7dVKq#14] BotOnMnK: said "/-gearDown"
[11:39:34 AM] [7dVKq#14] BotOnMnK: said "/-gearUp"
[11:39:35 AM] [7dVKq#14] BotOnMnK: said "/-gearUp"
[11:39:35 AM] [7dVKq#14] BotOnMnK: said "/-gearUp"
[11:39:55 AM] [7dVKq#14] BotOnMnK: said "/-gearUp"
[11:40:12 AM] [7dVKq#14] BotOnMnK: said "/-gearUp"
[11:40:19 AM] [7dVKq#14] BotOnMnK: said "/-gearUp"
[11:40:26 AM] [7dVKq#14] BotOnMnK: said "/hideHUD"
[11:40:28 AM] [7dVKq#14] BotOnMnK: disconnected (Exiting)
[11:40:30 AM] [7dVKq#15] PISSFLAPS: disconnected (Exiting)
[11:44:32 AM] [7dVKq#20] missberrymedley: joined with identifiers [steam:11000010cab8d07; license:7a3a5bfb5af789cb5f02843e29cc4ee338b0a294; xbl:2535413783067581; live:1688853905214434; discord:461174423903535107; fivem:1697557; license2:ec1926a90f33d1955abd2276f36a7c3ed4c51a23]
[11:59:38 AM] [7dVKq#21] sonorathegamer: joined with identifiers [steam:11000013a6b6b2c; license:3643e8f52e253889fe7e79e489975e2408222f4b; xbl:2535469064424220; live:1055518496017518; discord:434560391171932160; fivem:13520953; license2:85168a18567dfe5642789ef7e94c1abaf5419193]
[12:14:35 PM] [7dVKq#22] MJL: joined with identifiers [steam:1100001324fa523; license:ec6c328d6d02f816bf13e4a9d09768c02d6e3125; xbl:2535415531070562; live:1055522508602522; discord:213410953641852928; fivem:2586828]
[12:19:43 PM] [7dVKq#23] Anne Flank: joined with identifiers [steam:1100001097e125b; license:a938a74170975c01e88f463aea01684a16f28545; xbl:2535409246266710; live:1899947325711585; discord:293157047682465793; license2:9eb41e0279fe15e33ff86440bafc2105d3b78f01]
[12:29:37 PM] [7dVKq#19] MrValentino: said "/handsup"
[12:29:38 PM] [7dVKq#19] MrValentino: said "/handsup"
[12:29:38 PM] [7dVKq#19] MrValentino: said "/handsup"
[12:29:39 PM] [7dVKq#19] MrValentino: said "/handsup"
[12:29:47 PM] [7dVKq#19] MrValentino: said "/handsup"
[12:29:50 PM] [7dVKq#19] MrValentino: said "/handsup"
[12:29:59 PM] [7dVKq#19] MrValentino: said "/handsup"
[12:30:00 PM] [7dVKq#19] MrValentino: said "/handsup"
[12:30:02 PM] [7dVKq#19] MrValentino: said "/handsup"
[12:30:03 PM] [7dVKq#19] MrValentino: said "/handsup"
[12:30:13 PM] [7dVKq#19] MrValentino: said "/handsup"
[12:30:14 PM] [7dVKq#19] MrValentino: said "/handsup"
[12:39:29 PM] [7dVKq#19] MrValentino: said "/handsup"
[12:39:42 PM] [7dVKq#19] MrValentino: said "/handsup"
[12:39:47 PM] [7dVKq#19] MrValentino: said "/handsup"
[12:39:48 PM] [7dVKq#19] MrValentino: said "/handsup"
[12:39:48 PM] [7dVKq#19] MrValentino: said "/handsup"
[12:39:48 PM] [7dVKq#19] MrValentino: said "/handsup"
[12:39:49 PM] [7dVKq#19] MrValentino: said "/handsup"
[12:39:49 PM] [7dVKq#19] MrValentino: said "/handsup"
[12:39:49 PM] [7dVKq#19] MrValentino: said "/handsup"
[12:39:50 PM] [7dVKq#19] MrValentino: said "/handsup"
[12:39:50 PM] [7dVKq#19] MrValentino: said "/handsup"
[12:39:51 PM] [7dVKq#19] MrValentino: said "/handsup"
[12:40:25 PM] [7dVKq#19] MrValentino: said "/handsup"
[12:40:31 PM] [7dVKq#19] MrValentino: said "/handsup"
[12:40:35 PM] [7dVKq#19] MrValentino: said "/handsup"
[12:40:37 PM] [7dVKq#19] MrValentino: said "/handsup"
[12:40:37 PM] [7dVKq#19] MrValentino: said "/handsup"
[12:40:37 PM] [7dVKq#19] MrValentino: said "/handsup"
[12:40:38 PM] [7dVKq#19] MrValentino: said "/handsup"
[12:40:38 PM] [7dVKq#19] MrValentino: said "/handsup"
[12:40:44 PM] [7dVKq#19] MrValentino: said "/handsup"
[12:40:47 PM] [7dVKq#19] MrValentino: said "/handsup"
[12:41:11 PM] [7dVKq#19] MrValentino: said "/handsup"
[12:41:18 PM] [7dVKq#19] MrValentino: said "/handsup"
[12:41:54 PM] [7dVKq#19] MrValentino: said "/handsup"
[12:41:54 PM] [7dVKq#19] MrValentino: said "/handsup"
[12:41:54 PM] [7dVKq#19] MrValentino: said "/handsup"
[12:41:54 PM] [7dVKq#19] MrValentino: said "/handsup"
[12:41:55 PM] [7dVKq#19] MrValentino: said "/handsup"
[12:41:55 PM] [7dVKq#19] MrValentino: said "/handsup"
[12:41:58 PM] [7dVKq#19] MrValentino: said "/handsup"
[12:42:02 PM] [7dVKq#19] MrValentino: said "/handsup"
[12:43:56 PM] [7dVKq#19] MrValentino: said "/handsup"
[12:43:57 PM] [7dVKq#19] MrValentino: said "/handsup"
[12:45:34 PM] [7dVKq#19] MrValentino: said "/handsup"
[12:45:35 PM] [7dVKq#19] MrValentino: said "/handsup"
[12:45:35 PM] [7dVKq#19] MrValentino: said "/handsup"
[12:45:35 PM] [7dVKq#19] MrValentino: said "/handsup"
[12:45:35 PM] [7dVKq#19] MrValentino: said "/handsup"
[12:45:36 PM] [7dVKq#19] MrValentino: said "/handsup"
[12:45:36 PM] [7dVKq#19] MrValentino: said "/handsup"
[12:45:36 PM] [7dVKq#19] MrValentino: said "/handsup"
[12:45:37 PM] [7dVKq#19] MrValentino: said "/handsup"
[12:45:37 PM] [7dVKq#19] MrValentino: said "/handsup"
[12:45:53 PM] [7dVKq#19] MrValentino: said "/handsup"
[12:45:53 PM] [7dVKq#19] MrValentino: said "/handsup"
[12:45:54 PM] [7dVKq#19] MrValentino: said "/handsup"
[12:45:54 PM] [7dVKq#19] MrValentino: said "/handsup"
[12:45:54 PM] [7dVKq#19] MrValentino: said "/handsup"
[12:45:54 PM] [7dVKq#19] MrValentino: said "/handsup"
[12:49:04 PM] [7dVKq#19] MrValentino: said "/handsup"
[12:49:04 PM] [7dVKq#19] MrValentino: said "/handsup"
[12:50:19 PM] [7dVKq#22] MJL: disconnected (Exiting)
[12:50:48 PM] [7dVKq#19] MrValentino: said "/handsup"
[12:50:59 PM] [7dVKq#19] MrValentino: said "/handsup"
[12:50:59 PM] [7dVKq#19] MrValentino: said "/handsup"
[12:51:00 PM] [7dVKq#19] MrValentino: said "/handsup"
[12:51:02 PM] [7dVKq#19] MrValentino: said "/handsup"
[12:51:05 PM] [7dVKq#19] MrValentino: said "/handsup"
[12:51:05 PM] [7dVKq#19] MrValentino: said "/handsup"
[12:51:05 PM] [7dVKq#19] MrValentino: said "/handsup"
[12:51:06 PM] [7dVKq#19] MrValentino: said "/handsup"
[12:51:07 PM] [7dVKq#19] MrValentino: said "/handsup"
[12:51:09 PM] [7dVKq#19] MrValentino: said "/handsup"
[12:51:11 PM] [7dVKq#19] MrValentino: said "/handsup"
[12:51:29 PM] [7dVKq#19] MrValentino: said "/handsup"
[12:51:30 PM] [7dVKq#19] MrValentino: said "/handsup"
[12:52:07 PM] [7dVKq#19] MrValentino: said "/handsup"
[12:52:08 PM] [7dVKq#19] MrValentino: said "/handsup"
[12:52:11 PM] [7dVKq#19] MrValentino: said "/handsup"
[12:52:11 PM] [7dVKq#19] MrValentino: said "/handsup"
[12:52:11 PM] [7dVKq#19] MrValentino: said "/handsup"
[12:52:12 PM] [7dVKq#19] MrValentino: said "/handsup"
[12:52:12 PM] [7dVKq#19] MrValentino: said "/handsup"
[12:52:12 PM] [7dVKq#19] MrValentino: said "/handsup"
[12:52:12 PM] [7dVKq#19] MrValentino: said "/handsup"
[12:52:12 PM] [7dVKq#19] MrValentino: said "/handsup"
[12:52:13 PM] [7dVKq#19] MrValentino: said "/handsup"
[12:52:13 PM] [7dVKq#19] MrValentino: said "/handsup"
[12:52:13 PM] [7dVKq#19] MrValentino: said "/handsup"
[12:52:14 PM] [7dVKq#19] MrValentino: said "/handsup"
[12:52:16 PM] [7dVKq#19] MrValentino: said "/handsup"
[12:52:18 PM] [7dVKq#19] MrValentino: said "/handsup"
[12:52:31 PM] [7dVKq#19] MrValentino: said "/handsup"
[12:52:32 PM] [7dVKq#19] MrValentino: said "/handsup"
[12:52:32 PM] [7dVKq#19] MrValentino: said "/handsup"
[12:52:32 PM] [7dVKq#19] MrValentino: said "/handsup"
[12:52:33 PM] [7dVKq#19] MrValentino: said "/handsup"
[12:52:33 PM] [7dVKq#19] MrValentino: said "/handsup"
[12:52:38 PM] [7dVKq#19] MrValentino: said "/handsup"
[12:52:38 PM] [7dVKq#19] MrValentino: said "/handsup"
[12:52:38 PM] [7dVKq#19] MrValentino: said "/handsup"
[12:52:38 PM] [7dVKq#19] MrValentino: said "/handsup"
[12:52:39 PM] [7dVKq#19] MrValentino: said "/handsup"
[12:52:39 PM] [7dVKq#19] MrValentino: said "/handsup"
[12:52:39 PM] [7dVKq#19] MrValentino: said "/handsup"
[12:52:39 PM] [7dVKq#19] MrValentino: said "/handsup"
[12:52:39 PM] [7dVKq#19] MrValentino: said "/handsup"
[12:52:40 PM] [7dVKq#19] MrValentino: said "/handsup"
[12:52:40 PM] [7dVKq#19] MrValentino: said "/handsup"
[12:52:41 PM] [7dVKq#19] MrValentino: said "/handsup"
[12:53:50 PM] [7dVKq#19] MrValentino: said "/handsup"
[12:53:50 PM] [7dVKq#19] MrValentino: said "/handsup"
[12:53:51 PM] [7dVKq#19] MrValentino: said "/handsup"
[12:53:51 PM] [7dVKq#19] MrValentino: said "/handsup"
[12:53:54 PM] [7dVKq#19] MrValentino: said "/handsup"
[12:53:54 PM] [7dVKq#19] MrValentino: said "/handsup"
[12:53:54 PM] [7dVKq#19] MrValentino: said "/handsup"
[12:53:54 PM] [7dVKq#19] MrValentino: said "/handsup"
[12:54:12 PM] [7dVKq#20] missberrymedley: disconnected (Exiting)
[12:54:29 PM] [7dVKq#24] Esky: joined with identifiers [steam:110000131c93706; license:8dfbcb6dabf76f1c81aa91d421dc6c2ab1407ba6; xbl:2535436019694875; live:914798270695886; discord:350771731708772354; fivem:11993654; license2:8dfbcb6dabf76f1c81aa91d421dc6c2ab1407ba6]
[12:54:47 PM] [7dVKq#25] missberrymedley: joined with identifiers [steam:11000010cab8d07; license:7a3a5bfb5af789cb5f02843e29cc4ee338b0a294; xbl:2535413783067581; live:1688853905214434; discord:461174423903535107; fivem:1697557; license2:ec1926a90f33d1955abd2276f36a7c3ed4c51a23]
[12:57:43 PM] [7dVKq#19] MrValentino: said "/handsup"
[12:57:44 PM] [7dVKq#19] MrValentino: said "/handsup"
[12:57:57 PM] [7dVKq#19] MrValentino: said "/handsup"
[12:57:57 PM] [7dVKq#19] MrValentino: said "/handsup"
[12:58:38 PM] [7dVKq#19] MrValentino: said "/handsup"
[12:58:39 PM] [7dVKq#19] MrValentino: said "/handsup"
[1:00:39 PM] [7dVKq#19] MrValentino: said "/carry"
[1:06:16 PM] [7dVKq#19] MrValentino: said "/handsup"
[1:06:16 PM] [7dVKq#19] MrValentino: said "/handsup"
[1:18:59 PM] [7dVKq#19] MrValentino: said "/handsup"
[1:19:00 PM] [7dVKq#19] MrValentino: said "/handsup"
[1:24:22 PM] [7dVKq#23] Anne Flank: disconnected (Exiting)
[1:24:50 PM] [7dVKq#19] MrValentino: said "/handsup"
[1:24:50 PM] [7dVKq#19] MrValentino: said "/handsup"
[1:24:50 PM] [7dVKq#26] Anne Flank: joined with identifiers [steam:1100001097e125b; license:a938a74170975c01e88f463aea01684a16f28545; xbl:2535409246266710; live:1899947325711585; discord:293157047682465793; license2:9eb41e0279fe15e33ff86440bafc2105d3b78f01]
[1:30:39 PM] txAdmin: ((Broadcast) txAdmin): said "This server is scheduled to restart in 30 minutes."
[1:36:35 PM] [7dVKq#24] Esky: said "/mdty"
[1:41:55 PM] [7dVKq#18] φοῖνιξ: died from Knife by Anne Flank
[1:42:31 PM] [7dVKq#19] MrValentino: said "/handsup"
[1:42:31 PM] [7dVKq#19] MrValentino: said "/handsup"
[1:44:56 PM] [7dVKq#19] MrValentino: said "/handsup"
[1:44:56 PM] [7dVKq#19] MrValentino: said "/handsup"
[1:44:57 PM] [7dVKq#21] sonorathegamer: died from Knife by Anne Flank
[1:45:01 PM] [7dVKq#19] MrValentino: said "/handsup"
[1:45:01 PM] [7dVKq#19] MrValentino: said "/handsup"
[1:45:40 PM] txAdmin: ((Broadcast) txAdmin): said "This server is scheduled to restart in 15 minutes."
[1:45:40 PM] [7dVKq#27] Ryguyyy: joined with identifiers [steam:1100001062e8bd6; license:f926438e1973465479687d3cbfb795d8ac9b3299; discord:139867838193205249; fivem:2704061; license2:43e148fa18b4161a95fc9175047a492f036575a7]
[1:45:42 PM] [7dVKq#28] Kamakazi: joined with identifiers [steam:11000010e87be4d; license:b27179133e8df658895ecd5f756db2a4a4c8cd08; xbl:2533275003431282; live:1829581607460581; discord:242888314108116992; fivem:11442758; license2:e1e3866f24a1a081ffd211b7c1805c667b695651]
[1:45:49 PM] [7dVKq#19] MrValentino: said "/handsup"
[1:45:49 PM] [7dVKq#19] MrValentino: said "/handsup"
[1:47:14 PM] [7dVKq#25] missberrymedley: said "/crossarms5"
[1:47:26 PM] [7dVKq#28] Kamakazi: said "/hideHUD"
[1:48:45 PM] [7dVKq#28] Kamakazi: said "/hideHUD"
[1:48:46 PM] [7dVKq#28] Kamakazi: said "/hideHUD"
[1:48:47 PM] [7dVKq#28] Kamakazi: said "/hideHUD"
[1:48:48 PM] [7dVKq#28] Kamakazi: said "/hideHUD"
[1:48:53 PM] [7dVKq#28] Kamakazi: said "/hideHUD"
[1:48:55 PM] [7dVKq#28] Kamakazi: said "/hideHUD"
[1:48:56 PM] [7dVKq#28] Kamakazi: said "/hideHUD"
[1:48:56 PM] [7dVKq#28] Kamakazi: said "/hideHUD"
[1:50:39 PM] txAdmin: ((Broadcast) txAdmin): said "This server is scheduled to restart in 10 minutes."
[1:51:08 PM] [7dVKq#19] MrValentino: said "/handsup"
[1:51:08 PM] [7dVKq#19] MrValentino: said "/handsup"
[1:51:09 PM] [7dVKq#19] MrValentino: said "/handsup"
[1:51:09 PM] [7dVKq#19] MrValentino: said "/handsup"
[1:51:09 PM] [7dVKq#19] MrValentino: said "/handsup"
[1:51:10 PM] [7dVKq#19] MrValentino: said "/handsup"
[1:53:04 PM] [7dVKq#19] MrValentino: disconnected (Game crashed: Failed to call inflate() for streaming file compcache:/WC_Female_Without_Brands/mp_f_freemode_01_mp_f_wc_b_female_part1^accs_diff_072_b_uni.ytd.)
[1:53:17 PM] [7dVKq#28] Kamakazi: said "/hideHUD"
[1:55:34 PM] [7dVKq#28] Kamakazi: said "/hideHUD"
[1:55:39 PM] txAdmin: ((Broadcast) txAdmin): said "This server is scheduled to restart in 5 minutes."
[1:56:32 PM] [7dVKq#29] MrValentino: joined with identifiers [steam:11000013464012b; license:fec461f11f5a989ae6033483f5f3c9c150aaf4bc; xbl:2535461288884674; live:914798041685848; discord:817567016910454814; fivem:6228215; license2:256e0172b8db6717c93c9774be7adb28484d700d]
[1:56:40 PM] txAdmin: ((Broadcast) txAdmin): said "This server is scheduled to restart in 4 minutes."
[1:57:19 PM] [7dVKq#28] Kamakazi: said "/hideHUD"
[1:57:29 PM] [7dVKq#28] Kamakazi: said "/hideHUD"
[1:57:30 PM] [7dVKq#28] Kamakazi: said "/hideHUD"
[1:57:31 PM] [7dVKq#28] Kamakazi: said "/hideHUD"
[1:57:31 PM] [7dVKq#28] Kamakazi: said "/hideHUD"
[1:57:32 PM] [7dVKq#28] Kamakazi: said "/hideHUD"
[1:57:33 PM] [7dVKq#28] Kamakazi: said "/hideHUD"
[1:57:33 PM] [7dVKq#28] Kamakazi: said "/hideHUD"
[1:57:33 PM] [7dVKq#28] Kamakazi: said "/hideHUD"
[1:57:33 PM] [7dVKq#28] Kamakazi: said "/hideHUD"
[1:57:34 PM] [7dVKq#28] Kamakazi: said "/hideHUD"
[1:57:35 PM] [7dVKq#28] Kamakazi: said "/hideHUD"
[1:57:35 PM] [7dVKq#28] Kamakazi: said "/hideHUD"
[1:57:35 PM] [7dVKq#28] Kamakazi: said "/hideHUD"
[1:57:36 PM] [7dVKq#28] Kamakazi: said "/hideHUD"
[1:57:36 PM] [7dVKq#28] Kamakazi: said "/hideHUD"
[1:57:40 PM] txAdmin: ((Broadcast) txAdmin): said "This server is scheduled to restart in 3 minutes."
[1:57:54 PM] [7dVKq#21] sonorathegamer: disconnected (Game crashed: ntdll.dll!RtlReportFatalFailure (0x9))
[1:58:24 PM] [7dVKq#30] reimoliivat: joined with identifiers [steam:110000159bcd8e8; license:87c7288dede16846fa10cc8044734746a2d4409e; xbl:2535456393501896; live:1055519227307100; discord:1193326729213776043; fivem:12869445; license2:d078059d7b51699fcf85bc327a1cffb01ad3a5ec]
[1:58:27 PM] [7dVKq#27] Ryguyyy: disconnected (Exiting)
[1:58:40 PM] txAdmin: ((Broadcast) txAdmin): said "This server is scheduled to restart in 2 minutes."
[1:58:52 PM] [7dVKq#18] φοῖνιξ: disconnected (Exiting)
[1:59:40 PM] txAdmin: ((Broadcast) txAdmin): said "This server is scheduled to restart in 1 minute. Please disconnect now."
[1:59:48 PM] [7dVKq#30] reimoliivat: disconnected (Exiting)
[1:59:51 PM] [7dVKq#29] MrValentino: said "/handsup"
[1:59:51 PM] [7dVKq#29] MrValentino: said "/handsup"
[1:59:52 PM] [7dVKq#29] MrValentino: said "/handsup"
[1:59:52 PM] [7dVKq#29] MrValentino: said "/handsup"
[2:00:15 PM] [7dVKq#29] MrValentino: disconnected (Exiting)
[2:00:15 PM] [7dVKq#24] Esky: disconnected (Exiting)
[2:00:15 PM] [7dVKq#25] missberrymedley: disconnected (Exiting)
[2:00:20 PM] [7dVKq#26] Anne Flank: disconnected (Exiting)
[2:00:39 PM] [7dVKq#28] Kamakazi: disconnected ([txAdmin] Server restarting (scheduled restart at 14:00).)
[2:03:57 PM] txAdmin: Logger started
[2:04:37 PM] [y7jpG#1] Ryguyyy: joined with identifiers [steam:1100001062e8bd6; license:f926438e1973465479687d3cbfb795d8ac9b3299; discord:139867838193205249; fivem:2704061; license2:43e148fa18b4161a95fc9175047a492f036575a7]
[2:04:45 PM] [y7jpG#2] Prime: joined with identifiers [steam:11000010ca11a3e; license:f7dcdb2337cb359eab1d01dbb378da219cffa61c; xbl:2535470342658869; live:1829581630186829; discord:218191942377406464; fivem:3083043; license2:6fb7e6793c6bdcdc1e0c5f9b3ab6accd839e0285]
[2:04:46 PM] [y7jpG#3] Esky: joined with identifiers [steam:110000131c93706; license:8dfbcb6dabf76f1c81aa91d421dc6c2ab1407ba6; xbl:2535436019694875; live:914798270695886; discord:350771731708772354; fivem:11993654; license2:8dfbcb6dabf76f1c81aa91d421dc6c2ab1407ba6]
[2:04:46 PM] [y7jpG#4] PISSFLAPS: joined with identifiers [steam:11000014bb53aeb; license:e0893217ab0d40d6a510bcbfe1c9441b4a208a2b; discord:584024523989581834; fivem:8961289; license2:e0893217ab0d40d6a510bcbfe1c9441b4a208a2b]
[2:05:07 PM] [y7jpG#5] BotOnMnK: joined with identifiers [steam:11000014df460ff; license:06a61b4c40fc28c0a6e0a709ba99ffb637152b33; xbl:2535406023679221; live:1055518462074046; discord:1043623556015194112; fivem:9907274; license2:06a61b4c40fc28c0a6e0a709ba99ffb637152b33]
[2:05:25 PM] [y7jpG#6] reimoliivat: joined with identifiers [steam:110000159bcd8e8; license:87c7288dede16846fa10cc8044734746a2d4409e; xbl:2535456393501896; live:1055519227307100; discord:1193326729213776043; fivem:12869445; license2:d078059d7b51699fcf85bc327a1cffb01ad3a5ec]
[2:05:42 PM] [y7jpG#7] MJL: joined with identifiers [steam:1100001324fa523; license:ec6c328d6d02f816bf13e4a9d09768c02d6e3125; xbl:2535415531070562; live:1055522508602522; discord:213410953641852928; fivem:2586828]
[2:05:47 PM] [y7jpG#8] missberrymedley: joined with identifiers [steam:11000010cab8d07; license:7a3a5bfb5af789cb5f02843e29cc4ee338b0a294; xbl:2535413783067581; live:1688853905214434; discord:461174423903535107; fivem:1697557; license2:ec1926a90f33d1955abd2276f36a7c3ed4c51a23]
[2:06:12 PM] [y7jpG#9] StillTyping420: joined with identifiers [license:945d096bcf9bc9c671805b5a7886cdf6e9df8add; discord:1121884230645985402; fivem:12703366; license2:945d096bcf9bc9c671805b5a7886cdf6e9df8add]
[2:06:34 PM] [y7jpG#10] MrValentino: joined with identifiers [steam:11000013464012b; license:fec461f11f5a989ae6033483f5f3c9c150aaf4bc; xbl:2535461288884674; live:914798041685848; discord:817567016910454814; fivem:6228215; license2:256e0172b8db6717c93c9774be7adb28484d700d]
[2:06:36 PM] [y7jpG#11] φοῖνιξ: joined with identifiers [steam:11000010ee88c01; license:ee681c08d9d45c48bf5af06870d7d23d75db16dc; xbl:2535430200613003; live:985158121988759; discord:305372052683096065; fivem:10488223; license2:ee681c08d9d45c48bf5af06870d7d23d75db16dc]
[2:06:55 PM] [y7jpG#6] reimoliivat: said "/refreshskins"
[2:07:23 PM] [y7jpG#12] Anne Flank: joined with identifiers [steam:1100001097e125b; license:a938a74170975c01e88f463aea01684a16f28545; xbl:2535409246266710; live:1899947325711585; discord:293157047682465793; license2:9eb41e0279fe15e33ff86440bafc2105d3b78f01]
[2:07:41 PM] [y7jpG#7] MJL: enabled noclip
[2:07:54 PM] [y7jpG#7] MJL: became mortal (standard mode)
[2:08:40 PM] [y7jpG#13] sonorathegamer: joined with identifiers [steam:11000013a6b6b2c; license:3643e8f52e253889fe7e79e489975e2408222f4b; xbl:2535469064424220; live:1055518496017518; discord:434560391171932160; fivem:13520953; license2:85168a18567dfe5642789ef7e94c1abaf5419193]
[2:08:57 PM] [y7jpG#14] Kody Pepperfield: joined with identifiers [steam:11000010c770c55; license:3219d00ad3af143df0db5d2bed38fe7460729e68; xbl:2535451109437060; live:1055521765014399; discord:152991330048540672; fivem:8659677; license2:3e576e238fb0360dab034daae9fc7459afbacb59]
[2:09:22 PM] [y7jpG#4] PISSFLAPS: said "/refrehsskin"
[2:09:38 PM] [y7jpG#13] sonorathegamer: died from suicide (Falling)
[2:11:42 PM] [y7jpG#15] Kamakazi: joined with identifiers [steam:11000010e87be4d; license:b27179133e8df658895ecd5f756db2a4a4c8cd08; xbl:2533275003431282; live:1829581607460581; discord:242888314108116992; fivem:11442758; license2:e1e3866f24a1a081ffd211b7c1805c667b695651]
[2:13:08 PM] [y7jpG#11] φοῖνιξ: died from Pistol by Kamakazi
[2:13:28 PM] [y7jpG#15] Kamakazi: died from Heavy Pistol by Anne Flank
[2:14:09 PM] [y7jpG#7] MJL: died from Heavy Pistol by Anne Flank
[2:15:31 PM] [y7jpG#2] Prime: said "/hideHUD"
[2:15:39 PM] [y7jpG#15] Kamakazi: said "/adminm"
[2:15:48 PM] [y7jpG#4] PISSFLAPS: said "/hideHUD"
[2:15:51 PM] [y7jpG#6] reimoliivat: disconnected (Server->client connection timed out. Last seen 6880 msec ago.)
[2:15:51 PM] [y7jpG#4] PISSFLAPS: said "/hideHUD"
[2:15:54 PM] [y7jpG#4] PISSFLAPS: said "/hideHUD"
[2:15:55 PM] [y7jpG#4] PISSFLAPS: said "/hideHUD"
[2:15:57 PM] [y7jpG#4] PISSFLAPS: said "/hideHUD"
[2:16:00 PM] [y7jpG#4] PISSFLAPS: said "/hideHUD"
[2:16:10 PM] [y7jpG#4] PISSFLAPS: said "/hideHUD"
[2:16:16 PM] [y7jpG#4] PISSFLAPS: said "/hideHUD"
[2:16:19 PM] [y7jpG#4] PISSFLAPS: said "/hideHUD"
[2:16:20 PM] [y7jpG#4] PISSFLAPS: said "/hideHUD"
[2:16:22 PM] [y7jpG#4] PISSFLAPS: said "/hideHUD"
[2:16:23 PM] [y7jpG#4] PISSFLAPS: said "/hideHUD"
[2:16:27 PM] [y7jpG#4] PISSFLAPS: said "/hideHUD"
[2:16:29 PM] [y7jpG#4] PISSFLAPS: said "/hideHUD"
[2:16:30 PM] [y7jpG#4] PISSFLAPS: said "/hideHUD"
[2:16:32 PM] [y7jpG#4] PISSFLAPS: said "/hideHUD"
[2:16:36 PM] [y7jpG#4] PISSFLAPS: said "/hideHUD"
[2:16:49 PM] [y7jpG#16] reimoliivat: joined with identifiers [steam:110000159bcd8e8; license:87c7288dede16846fa10cc8044734746a2d4409e; xbl:2535456393501896; live:1055519227307100; discord:1193326729213776043; fivem:12869445; license2:d078059d7b51699fcf85bc327a1cffb01ad3a5ec]
[2:16:50 PM] [y7jpG#4] PISSFLAPS: said "/hideHUD"
[2:16:57 PM] [y7jpG#4] PISSFLAPS: said "/hideHUD"
[2:17:00 PM] [y7jpG#4] PISSFLAPS: said "/hideHUD"
[2:17:03 PM] [y7jpG#4] PISSFLAPS: said "/hideHUD"
[2:17:25 PM] [y7jpG#14] Kody Pepperfield: said "/hideHUD"
[2:18:12 PM] [y7jpG#14] Kody Pepperfield: said "/hideHUD"
[2:18:54 PM] [y7jpG#14] Kody Pepperfield: said "/hideHUD"
[2:18:55 PM] [y7jpG#9] StillTyping420: said "/th"
[2:18:56 PM] [y7jpG#9] StillTyping420: said "/th"
[2:18:57 PM] [y7jpG#9] StillTyping420: said "/th"
[2:18:57 PM] [y7jpG#9] StillTyping420: said "/th"
[2:18:58 PM] [y7jpG#9] StillTyping420: said "/th"
[2:18:58 PM] [y7jpG#9] StillTyping420: said "/th"
[2:18:58 PM] [y7jpG#9] StillTyping420: said "/th"
[2:18:58 PM] [y7jpG#9] StillTyping420: said "/th"
[2:18:59 PM] [y7jpG#9] StillTyping420: said "/th"
[2:19:01 PM] [y7jpG#9] StillTyping420: said "/th"
[2:19:01 PM] [y7jpG#9] StillTyping420: said "/th"
[2:19:01 PM] [y7jpG#9] StillTyping420: said "/th"
[2:19:02 PM] [y7jpG#9] StillTyping420: said "/th"
[2:19:02 PM] [y7jpG#9] StillTyping420: said "/th"
[2:19:39 PM] [y7jpG#9] StillTyping420: said "/th"
[2:19:39 PM] [y7jpG#9] StillTyping420: said "/th"
[2:19:40 PM] [y7jpG#9] StillTyping420: said "/th"
[2:19:40 PM] [y7jpG#9] StillTyping420: said "/th"
[2:19:40 PM] [y7jpG#9] StillTyping420: said "/th"
[2:19:40 PM] [y7jpG#9] StillTyping420: said "/th"
[2:19:40 PM] [y7jpG#9] StillTyping420: said "/th"
[2:19:41 PM] [y7jpG#9] StillTyping420: said "/th"
[2:19:41 PM] [y7jpG#9] StillTyping420: said "/th"
[2:19:58 PM] [y7jpG#9] StillTyping420: said "/th"
[2:19:58 PM] [y7jpG#9] StillTyping420: said "/th"
[2:19:59 PM] [y7jpG#9] StillTyping420: said "/th"
[2:20:21 PM] [y7jpG#8] missberrymedley: said "/hideHUD"
[2:20:21 PM] [y7jpG#10] MrValentino: said "/hideHUD"
[2:20:31 PM] [y7jpG#9] StillTyping420: said "/th"
[2:20:39 PM] [y7jpG#9] StillTyping420: said "/th"
[2:20:43 PM] [y7jpG#9] StillTyping420: said "/th"
[2:20:59 PM] [y7jpG#9] StillTyping420: said "/th"
[2:21:18 PM] [y7jpG#9] StillTyping420: said "/th"
[2:21:53 PM] [y7jpG#5] BotOnMnK: died from suicide (Falling)
[2:22:33 PM] [y7jpG#14] Kody Pepperfield: said "/hideHUD"
[2:22:42 PM] [y7jpG#9] StillTyping420: said "/th"
[2:22:43 PM] [y7jpG#9] StillTyping420: said "/th"
[2:22:44 PM] [y7jpG#9] StillTyping420: said "/th"
[2:22:45 PM] [y7jpG#9] StillTyping420: said "/th"
[2:22:45 PM] [y7jpG#9] StillTyping420: said "/th"
[2:22:46 PM] [y7jpG#9] StillTyping420: said "/th"
[2:22:46 PM] [y7jpG#9] StillTyping420: said "/th"
[2:22:46 PM] [y7jpG#9] StillTyping420: said "/th"
[2:22:46 PM] [y7jpG#9] StillTyping420: said "/th"
[2:22:47 PM] [y7jpG#9] StillTyping420: said "/th"
[2:22:47 PM] [y7jpG#9] StillTyping420: said "/th"
[2:22:47 PM] [y7jpG#9] StillTyping420: said "/th"
[2:22:49 PM] [y7jpG#9] StillTyping420: said "/th"
[2:22:49 PM] [y7jpG#9] StillTyping420: said "/th"
[2:22:51 PM] [y7jpG#9] StillTyping420: said "/th"
[2:22:51 PM] [y7jpG#9] StillTyping420: said "/th"
[2:22:54 PM] [y7jpG#14] Kody Pepperfield: said "/hideHUD"
[2:23:55 PM] [y7jpG#14] Kody Pepperfield: said "/hideHUD"
[2:24:25 PM] [y7jpG#14] Kody Pepperfield: said "/hideHUD"
[2:25:06 PM] [y7jpG#16] reimoliivat: died from suicide
[2:25:15 PM] [y7jpG#8] missberrymedley: died from Pistol by Kamakazi
[2:25:17 PM] [y7jpG#9] StillTyping420: said "/th"
[2:25:22 PM] [y7jpG#9] StillTyping420: said "/carry"
[2:25:34 PM] [y7jpG#9] StillTyping420: said "/carrty"
[2:25:43 PM] [y7jpG#9] StillTyping420: said "/pivõckup"
[2:26:02 PM] [y7jpG#9] StillTyping420: said "/th"
[2:26:17 PM] [y7jpG#14] Kody Pepperfield: said "/hideHUD"
[2:26:21 PM] [y7jpG#8] missberrymedley: died from Pistol by Kamakazi
[2:26:44 PM] [y7jpG#9] StillTyping420: said "/th"
[2:26:45 PM] [y7jpG#9] StillTyping420: said "/th"
[2:26:58 PM] [y7jpG#14] Kody Pepperfield: said "/hideHUD"
[2:27:17 PM] [y7jpG#9] StillTyping420: said "/th"
[2:27:55 PM] [y7jpG#14] Kody Pepperfield: said "/hideHUD"
[2:28:07 PM] [y7jpG#15] Kamakazi: said "/hideHUD"
[2:28:07 PM] [y7jpG#8] missberrymedley: said "/hideHUD"
[2:28:08 PM] [y7jpG#10] MrValentino: said "/hideHUD"
[2:28:42 PM] [y7jpG#10] MrValentino: said "/handsup"
[2:28:43 PM] [y7jpG#10] MrValentino: said "/handsup"
[2:28:50 PM] [y7jpG#14] Kody Pepperfield: said "/hideHUD"
[2:29:04 PM] [y7jpG#10] MrValentino: said "/handsup"
[2:29:04 PM] [y7jpG#10] MrValentino: said "/handsup"
[2:29:05 PM] [y7jpG#10] MrValentino: said "/handsup"
[2:29:05 PM] [y7jpG#10] MrValentino: said "/handsup"
[2:31:37 PM] [y7jpG#17] Allison Brooks: joined with identifiers [steam:110000147fdd29b; license:2874d2053cf7425dd27c38fe5e90964c19e188f3; xbl:2535468824153793; live:1829582615083187; discord:743124095746572399; fivem:6209076; license2:f605bd7e4006f7156845bba4f4104994863f6784]
[2:31:37 PM] [y7jpG#9] StillTyping420: said "/th"
[2:32:06 PM] [y7jpG#16] reimoliivat: disconnected (Server->client connection timed out. Last seen 48148 msec ago.)
[2:32:21 PM] [y7jpG#3] Esky: said "e pron e"
[2:33:47 PM] [y7jpG#2] Prime: said "/hideHUD"
[2:33:58 PM] [y7jpG#18] reimoliivat: joined with identifiers [steam:110000159bcd8e8; license:87c7288dede16846fa10cc8044734746a2d4409e; xbl:2535456393501896; live:1055519227307100; discord:1193326729213776043; fivem:12869445; license2:d078059d7b51699fcf85bc327a1cffb01ad3a5ec]
[2:33:58 PM] [y7jpG#9] StillTyping420: said "/th"
[2:34:14 PM] [y7jpG#9] StillTyping420: said "/th"
[2:37:13 PM] [y7jpG#14] Kody Pepperfield: said "/hideHUD"
[2:37:29 PM] [y7jpG#14] Kody Pepperfield: said "/hideHUD"
[2:37:50 PM] [y7jpG#14] Kody Pepperfield: said "/hideHUD"
[2:38:05 PM] [y7jpG#14] Kody Pepperfield: said "/hideHUD"
[2:38:32 PM] [y7jpG#4] PISSFLAPS: died from Pistol by Kamakazi
[2:39:37 PM] [y7jpG#9] StillTyping420: said "/th"
[2:39:47 PM] [y7jpG#9] StillTyping420: said "/th"
[2:40:58 PM] [y7jpG#9] StillTyping420: died from suicide (Falling)
[2:40:58 PM] [y7jpG#18] reimoliivat: died from suicide (Falling)
[2:41:13 PM] [y7jpG#9] StillTyping420: said "/help"
[2:42:07 PM] [y7jpG#9] StillTyping420: said "/th"
[2:42:08 PM] [y7jpG#15] Kamakazi: disconnected (Game crashed: d3d11.dll!CContext::TID3D11DeviceContext_SetShaderResources_<1,4> (0x161))
[2:42:49 PM] [y7jpG#19] Kamakazi: joined with identifiers [steam:11000010e87be4d; license:b27179133e8df658895ecd5f756db2a4a4c8cd08; xbl:2533275003431282; live:1829581607460581; discord:242888314108116992; fivem:11442758; license2:e1e3866f24a1a081ffd211b7c1805c667b695651]
[2:48:19 PM] [y7jpG#18] reimoliivat: said "/refresjskin"
[2:48:26 PM] [y7jpG#7] MJL: enabled noclip
[2:48:27 PM] [y7jpG#7] MJL: became mortal (standard mode)
[2:48:38 PM] [y7jpG#7] MJL: enabled noclip
[2:48:48 PM] [y7jpG#7] MJL: became mortal (standard mode)
[2:49:08 PM] [y7jpG#17] Allison Brooks: said "/¨escort¨"
[2:49:08 PM] [y7jpG#17] Allison Brooks: said "/2"
[2:49:40 PM] [y7jpG#9] StillTyping420: disconnected (Exiting)
[2:49:50 PM] [y7jpG#18] reimoliivat: disconnected (Exiting)
[2:51:59 PM] [y7jpG#13] sonorathegamer: disconnected (Game crashed: RAGE error: ERR_GEN_MAP)
[2:52:11 PM] [y7jpG#1] Ryguyyy: disconnected (Exiting)
[2:52:14 PM] [y7jpG#19] Kamakazi: said "/tpmn"
[2:52:19 PM] [y7jpG#5] BotOnMnK: disconnected (Game crashed: ntdll.dll!RtlReportFatalFailure (0x9))
[2:52:40 PM] [y7jpG#19] Kamakazi: said "/hideHUD"
[2:52:42 PM] [y7jpG#19] Kamakazi: said "/hideHUD"
[2:52:43 PM] [y7jpG#19] Kamakazi: said "/hideHUD"
[2:52:44 PM] [y7jpG#19] Kamakazi: said "/hideHUD"
[2:52:45 PM] [y7jpG#19] Kamakazi: said "/hideHUD"
[2:52:47 PM] [y7jpG#19] Kamakazi: said "/hideHUD"
[2:53:03 PM] [y7jpG#20] BotOnMnK: joined with identifiers [steam:11000014df460ff; license:06a61b4c40fc28c0a6e0a709ba99ffb637152b33; xbl:2535406023679221; live:1055518462074046; discord:1043623556015194112; fivem:9907274; license2:06a61b4c40fc28c0a6e0a709ba99ffb637152b33]
[2:53:04 PM] [y7jpG#21] Ryguyyy: joined with identifiers [steam:1100001062e8bd6; license:f926438e1973465479687d3cbfb795d8ac9b3299; discord:139867838193205249; fivem:2704061; license2:43e148fa18b4161a95fc9175047a492f036575a7]
[2:54:14 PM] [y7jpG#21] Ryguyyy: died from suicide
[2:54:47 PM] [y7jpG#12] Anne Flank: disconnected (Exiting)
[2:55:17 PM] [y7jpG#22] Anne Flank: joined with identifiers [steam:1100001097e125b; license:a938a74170975c01e88f463aea01684a16f28545; xbl:2535409246266710; live:1899947325711585; discord:293157047682465793; license2:9eb41e0279fe15e33ff86440bafc2105d3b78f01]
[2:55:34 PM] [y7jpG#20] BotOnMnK: died from suicide (Falling)
[2:56:04 PM] [y7jpG#23] Sonor: joined with identifiers [license:3643e8f52e253889fe7e79e489975e2408222f4b; xbl:2535469064424220; live:1055518496017518; discord:434560391171932160; fivem:13520953; license2:85168a18567dfe5642789ef7e94c1abaf5419193]
[2:56:25 PM] [y7jpG#4] PISSFLAPS: disconnected (Exiting)
[2:56:44 PM] [y7jpG#17] Allison Brooks: disconnected (Exiting)
[2:56:46 PM] [y7jpG#20] BotOnMnK: disconnected (Exiting)
[2:57:05 PM] [y7jpG#24] PISSFLAPS: joined with identifiers [steam:11000014bb53aeb; license:e0893217ab0d40d6a510bcbfe1c9441b4a208a2b; discord:584024523989581834; fivem:8961289; license2:e0893217ab0d40d6a510bcbfe1c9441b4a208a2b]
[2:57:23 PM] [y7jpG#25] BotOnMnK: joined with identifiers [steam:11000014df460ff; license:06a61b4c40fc28c0a6e0a709ba99ffb637152b33; xbl:2535406023679221; live:1055518462074046; discord:1043623556015194112; fivem:9907274; license2:06a61b4c40fc28c0a6e0a709ba99ffb637152b33]
[2:59:07 PM] [y7jpG#24] PISSFLAPS: disconnected (Exiting)
[2:59:10 PM] [y7jpG#2] Prime: disconnected (Exiting)
[3:00:12 PM] [y7jpG#21] Ryguyyy: disconnected (Exiting)
[3:00:26 PM] [y7jpG#26] Prime: joined with identifiers [steam:11000010ca11a3e; license:f7dcdb2337cb359eab1d01dbb378da219cffa61c; xbl:2535470342658869; live:1829581630186829; discord:218191942377406464; fivem:3083043; license2:6fb7e6793c6bdcdc1e0c5f9b3ab6accd839e0285]
[3:00:36 PM] [y7jpG#27] Ryguyyy: joined with identifiers [steam:1100001062e8bd6; license:f926438e1973465479687d3cbfb795d8ac9b3299; discord:139867838193205249; fivem:2704061; license2:43e148fa18b4161a95fc9175047a492f036575a7]
[3:00:41 PM] [y7jpG#28] PISSFLAPS: joined with identifiers [steam:11000014bb53aeb; license:e0893217ab0d40d6a510bcbfe1c9441b4a208a2b; discord:584024523989581834; fivem:8961289; license2:e0893217ab0d40d6a510bcbfe1c9441b4a208a2b]
[3:00:58 PM] [y7jpG#19] Kamakazi: said "/hideHUD"
[3:00:59 PM] [y7jpG#19] Kamakazi: said "/hideHUD"
[3:01:00 PM] [y7jpG#19] Kamakazi: said "/hideHUD"
[3:01:01 PM] [y7jpG#19] Kamakazi: said "/hideHUD"
[3:01:01 PM] [y7jpG#19] Kamakazi: said "/hideHUD"
[3:01:03 PM] [y7jpG#19] Kamakazi: said "/hideHUD"
[3:01:03 PM] [y7jpG#19] Kamakazi: said "/hideHUD"
[3:01:04 PM] [y7jpG#19] Kamakazi: said "/hideHUD"
[3:01:04 PM] [y7jpG#19] Kamakazi: said "/hideHUD"
[3:01:05 PM] [y7jpG#19] Kamakazi: said "/hideHUD"
[3:01:05 PM] [y7jpG#19] Kamakazi: said "/hideHUD"
[3:01:06 PM] [y7jpG#19] Kamakazi: said "/hideHUD"
[3:01:06 PM] [y7jpG#19] Kamakazi: said "/hideHUD"
[3:01:07 PM] [y7jpG#19] Kamakazi: said "/hideHUD"
[3:01:07 PM] [y7jpG#19] Kamakazi: said "/hideHUD"
[3:01:10 PM] [y7jpG#19] Kamakazi: said "/hideHUD"
[3:01:10 PM] [y7jpG#19] Kamakazi: said "/hideHUD"
[3:01:10 PM] [y7jpG#19] Kamakazi: said "/hideHUD"
[3:01:10 PM] [y7jpG#19] Kamakazi: said "/hideHUD"
[3:01:10 PM] [y7jpG#19] Kamakazi: said "/hideHUD"
[3:01:10 PM] [y7jpG#19] Kamakazi: said "/hideHUD"
[3:01:12 PM] [y7jpG#19] Kamakazi: said "/hideHUD"
[3:01:13 PM] [y7jpG#19] Kamakazi: said "/hideHUD"
[3:01:13 PM] [y7jpG#19] Kamakazi: said "/hideHUD"
[3:01:13 PM] [y7jpG#19] Kamakazi: said "/hideHUD"
[3:01:14 PM] [y7jpG#19] Kamakazi: said "/hideHUD"
[3:01:16 PM] [y7jpG#19] Kamakazi: said "/noclip["
[3:01:17 PM] [y7jpG#19] Kamakazi: died from suicide (Falling)
[3:05:26 PM] [y7jpG#10] MrValentino: disconnected (Exiting)
[3:05:29 PM] [y7jpG#3] Esky: disconnected (Exiting)
[3:06:34 PM] [y7jpG#29] Esky: joined with identifiers [license:8dfbcb6dabf76f1c81aa91d421dc6c2ab1407ba6; xbl:2535436019694875; live:914798270695886; discord:350771731708772354; fivem:11993654; license2:8dfbcb6dabf76f1c81aa91d421dc6c2ab1407ba6]
[3:07:59 PM] [y7jpG#23] Sonor: disconnected (Exiting)
[3:07:59 PM] [y7jpG#26] Prime: said "/REFRESHSLKO"
[3:11:01 PM] [y7jpG#30] MrValentino: joined with identifiers [steam:11000013464012b; license:fec461f11f5a989ae6033483f5f3c9c150aaf4bc; xbl:2535461288884674; live:914798041685848; discord:817567016910454814; fivem:6228215; license2:256e0172b8db6717c93c9774be7adb28484d700d]
[3:12:00 PM] [y7jpG#31] sonorathegamer: joined with identifiers [steam:11000013a6b6b2c; license:3643e8f52e253889fe7e79e489975e2408222f4b; xbl:2535469064424220; live:1055518496017518; discord:434560391171932160; fivem:13520953; license2:85168a18567dfe5642789ef7e94c1abaf5419193]
[3:12:53 PM] [y7jpG#29] Esky: disconnected (Exiting)
[3:12:58 PM] [y7jpG#32] reimoliivat: joined with identifiers [steam:110000159bcd8e8; license:87c7288dede16846fa10cc8044734746a2d4409e; xbl:2535456393501896; live:1055519227307100; discord:1193326729213776043; fivem:12869445; license2:d078059d7b51699fcf85bc327a1cffb01ad3a5ec]
[3:13:05 PM] [y7jpG#28] PISSFLAPS: said "/hideHUD"
[3:13:11 PM] [y7jpG#7] MJL: enabled noclip
[3:13:14 PM] [y7jpG#28] PISSFLAPS: said "/hideHUD"
[3:15:16 PM] [y7jpG#27] Ryguyyy: disconnected (Game crashed: ntdll.dll!RtlReportFatalFailure (0x9))
[3:15:45 PM] [y7jpG#33] Ryguyyy: joined with identifiers [steam:1100001062e8bd6; license:f926438e1973465479687d3cbfb795d8ac9b3299; discord:139867838193205249; fivem:2704061; license2:43e148fa18b4161a95fc9175047a492f036575a7]
[3:16:16 PM] [y7jpG#25] BotOnMnK: died from Ranover by Vehicle by PISSFLAPS
[3:17:29 PM] [y7jpG#11] φοῖνιξ: disconnected (Exiting)
[3:18:05 PM] [y7jpG#25] BotOnMnK: disconnected (Exiting)
[3:18:08 PM] [y7jpG#28] PISSFLAPS: disconnected (Exiting)
[3:18:08 PM] [y7jpG#34] φοῖνιξ: joined with identifiers [steam:11000010ee88c01; license:ee681c08d9d45c48bf5af06870d7d23d75db16dc; xbl:2535430200613003; live:985158121988759; discord:305372052683096065; fivem:10488223; license2:ee681c08d9d45c48bf5af06870d7d23d75db16dc]
[3:18:54 PM] [y7jpG#35] PISSFLAPS: joined with identifiers [steam:11000014bb53aeb; license:e0893217ab0d40d6a510bcbfe1c9441b4a208a2b; discord:584024523989581834; fivem:8961289; license2:e0893217ab0d40d6a510bcbfe1c9441b4a208a2b]
[3:18:59 PM] [y7jpG#30] MrValentino: said "/handsup"
[3:18:59 PM] [y7jpG#30] MrValentino: said "/handsup"
[3:21:11 PM] [y7jpG#35] PISSFLAPS: disconnected (Exiting)
[3:23:37 PM] [y7jpG#33] Ryguyyy: died from suicide (Falling)
[3:23:57 PM] [y7jpG#33] Ryguyyy: disconnected (Exiting)
[3:29:29 PM] [y7jpG#34] φοῖνιξ: disconnected (Exiting)
[3:31:00 PM] [y7jpG#30] MrValentino: said "/handsup"
[3:31:01 PM] [y7jpG#30] MrValentino: said "/handsup"
[3:31:01 PM] [y7jpG#30] MrValentino: said "/handsup"
[3:31:02 PM] [y7jpG#30] MrValentino: said "/handsup"
[3:32:56 PM] [y7jpG#22] Anne Flank: disconnected (Exiting)
[3:36:58 PM] [y7jpG#30] MrValentino: said "/handsup"
[3:36:58 PM] [y7jpG#30] MrValentino: said "/handsup"
[3:38:21 PM] [y7jpG#30] MrValentino: said "/handsup"
[3:38:21 PM] [y7jpG#30] MrValentino: said "/handsup"
[3:39:11 PM] [y7jpG#30] MrValentino: said "/handsup"
[3:39:27 PM] [y7jpG#30] MrValentino: said "/handsup"
[3:39:27 PM] [y7jpG#30] MrValentino: said "/handsup"
[3:39:28 PM] [y7jpG#30] MrValentino: said "/handsup"
[3:39:35 PM] [y7jpG#30] MrValentino: said "/handsup"
[3:39:35 PM] [y7jpG#30] MrValentino: said "/handsup"
[3:40:26 PM] [y7jpG#31] sonorathegamer: disconnected (Exiting)
[3:41:43 PM] [y7jpG#36] sonorathegamer: joined with identifiers [steam:11000013a6b6b2c; license:3643e8f52e253889fe7e79e489975e2408222f4b; xbl:2535469064424220; live:1055518496017518; discord:434560391171932160; fivem:13520953; license2:85168a18567dfe5642789ef7e94c1abaf5419193]
[3:48:09 PM] [y7jpG#14] Kody Pepperfield: said "/hideHUD"
[3:48:13 PM] [y7jpG#14] Kody Pepperfield: disconnected (Exiting)
[3:53:24 PM] [y7jpG#36] sonorathegamer: disconnected (Server->client connection timed out. Last seen 34480 msec ago.)
[3:54:00 PM] [y7jpG#30] MrValentino: said "/handsup"
[3:54:26 PM] [y7jpG#30] MrValentino: said "/handsup"
[3:55:39 PM] [y7jpG#8] missberrymedley: said "/crossarms5"
[3:55:39 PM] [y7jpG#8] missberrymedley: said "/ecrossarms5"
[4:03:13 PM] [y7jpG#37] Allison Brooks: joined with identifiers [steam:110000147fdd29b; license:2874d2053cf7425dd27c38fe5e90964c19e188f3; xbl:2535468824153793; live:1829582615083187; discord:743124095746572399; fivem:6209076; license2:f605bd7e4006f7156845bba4f4104994863f6784]
[4:04:14 PM] [y7jpG#38] Ryguyyy: joined with identifiers [steam:1100001062e8bd6; license:f926438e1973465479687d3cbfb795d8ac9b3299; discord:139867838193205249; fivem:2704061; license2:43e148fa18b4161a95fc9175047a492f036575a7]
[4:04:53 PM] [y7jpG#37] Allison Brooks: said "/TWERK"
[4:06:10 PM] [y7jpG#32] reimoliivat: said "/refresskin"
[4:10:33 PM] [y7jpG#32] reimoliivat: disconnected (Exiting)
[4:10:47 PM] [y7jpG#26] Prime: said "/hideHUD"
[4:15:17 PM] [y7jpG#8] missberrymedley: said "/crossarms5"
[4:15:17 PM] [y7jpG#8] missberrymedley: said "/ecrossarms5"
[4:15:55 PM] [y7jpG#26] Prime: said "/-gearUp"
[4:15:56 PM] [y7jpG#26] Prime: said "/-gearDown"
[4:15:58 PM] [y7jpG#26] Prime: said "/-gearUp"
[4:15:58 PM] [y7jpG#26] Prime: said "/-gearDown"
[4:16:00 PM] [y7jpG#26] Prime: said "/-gearUp"
[4:16:03 PM] [y7jpG#26] Prime: said "/-gearUp"
[4:16:05 PM] [y7jpG#26] Prime: said "/-gearUp"
[4:16:07 PM] [y7jpG#26] Prime: said "/-gearUp"
[4:16:11 PM] [y7jpG#37] Allison Brooks: said "/-gearUp"
[4:16:19 PM] [y7jpG#37] Allison Brooks: said "/-gearUp"
[4:16:22 PM] [y7jpG#26] Prime: said "/-gearUp"
[4:16:24 PM] [y7jpG#37] Allison Brooks: disconnected (Exiting)
[4:16:43 PM] [y7jpG#26] Prime: disconnected (Exiting)
[4:16:43 PM] [y7jpG#26] Prime: said "/-gearUp"
[4:23:51 PM] [y7jpG#7] MJL: died from suicide (Falling)
[4:24:05 PM] [y7jpG#38] Ryguyyy: disconnected (Exiting)
[4:28:48 PM] [y7jpG#7] MJL: disconnected (Server->client connection timed out. Last seen 44334 msec ago.)
[4:30:49 PM] [y7jpG#8] missberrymedley: said "/hideHUD"
[4:35:56 PM] [y7jpG#30] MrValentino: said "/handsup"
[4:35:56 PM] [y7jpG#30] MrValentino: said "/handsup"
[4:36:43 PM] [y7jpG#30] MrValentino: said "/handsup"
[4:36:43 PM] [y7jpG#30] MrValentino: said "/handsup"
[4:37:10 PM] [y7jpG#30] MrValentino: disconnected (Exiting)
[4:37:18 PM] [y7jpG#8] missberrymedley: disconnected (Exiting)
[5:01:26 PM] [y7jpG#19] Kamakazi: said "/hideHUD"
[5:01:27 PM] [y7jpG#19] Kamakazi: said "/hideHUD"
[5:02:08 PM] [y7jpG#19] Kamakazi: disconnected (Exiting)
[6:27:07 PM] [y7jpG#39] Kamakazi: joined with identifiers [steam:11000010e87be4d; license:b27179133e8df658895ecd5f756db2a4a4c8cd08; xbl:2533275003431282; live:1829581607460581; discord:242888314108116992; fivem:11442758; license2:e1e3866f24a1a081ffd211b7c1805c667b695651]
[6:29:04 PM] [y7jpG#39] Kamakazi: disconnected (Exiting)
[6:30:25 PM] txAdmin: Logger started
[6:31:43 PM] [XHeEe#1] Exorcism: joined with identifiers [steam:110000157c5c234; license:7bb253287bd9b0fde87139be280127280d5da9b8; xbl:2535460107665577; live:844426175737770; discord:539940808468594698; license2:7bb253287bd9b0fde87139be280127280d5da9b8]
[6:46:37 PM] [XHeEe#1] Exorcism: disconnected (Server->client connection timed out. Last seen 50561 msec ago.)
[6:47:12 PM] [XHeEe#2] JOSH: joined with identifiers [steam:1100001438fe567; license:b6284c20b4ad2c41c48d4a31859b65ae2a417ec8; discord:405075418769522708; fivem:12124231; license2:b6284c20b4ad2c41c48d4a31859b65ae2a417ec8]
[6:48:56 PM] [XHeEe#3] Kamakazi: joined with identifiers [steam:11000010e87be4d; license:b27179133e8df658895ecd5f756db2a4a4c8cd08; xbl:2533275003431282; live:1829581607460581; discord:242888314108116992; fivem:11442758; license2:e1e3866f24a1a081ffd211b7c1805c667b695651]
[7:00:49 PM] [XHeEe#2] JOSH: died from suicide (Falling)
[7:03:37 PM] [XHeEe#3] Kamakazi: disconnected (Exiting)
[7:11:55 PM] [XHeEe#2] JOSH: disconnected (Exiting)
[7:39:31 PM] [XHeEe#4] Ryguyyy: joined with identifiers [steam:1100001062e8bd6; license:f926438e1973465479687d3cbfb795d8ac9b3299; discord:139867838193205249; fivem:2704061; license2:43e148fa18b4161a95fc9175047a492f036575a7]
[8:18:04 PM] [XHeEe#4] Ryguyyy: died from suicide
[8:21:40 PM] [XHeEe#4] Ryguyyy: died from suicide (Falling)
[8:27:33 PM] [XHeEe#4] Ryguyyy: said "/hideHUD"
[9:06:30 PM] [XHeEe#4] Ryguyyy: disconnected (Exiting)
[9:30:50 PM] txAdmin: ((Broadcast) txAdmin): said "This server is scheduled to restart in 30 minutes."
[9:45:50 PM] txAdmin: ((Broadcast) txAdmin): said "This server is scheduled to restart in 15 minutes."
[9:50:51 PM] txAdmin: ((Broadcast) txAdmin): said "This server is scheduled to restart in 10 minutes."
[9:55:51 PM] txAdmin: ((Broadcast) txAdmin): said "This server is scheduled to restart in 5 minutes."
[9:56:51 PM] txAdmin: ((Broadcast) txAdmin): said "This server is scheduled to restart in 4 minutes."
[9:57:51 PM] txAdmin: ((Broadcast) txAdmin): said "This server is scheduled to restart in 3 minutes."
[9:58:51 PM] txAdmin: ((Broadcast) txAdmin): said "This server is scheduled to restart in 2 minutes."
[9:59:51 PM] txAdmin: ((Broadcast) txAdmin): said "This server is scheduled to restart in 1 minute. Please disconnect now."
[10:01:28 PM] txAdmin: Logger started
[10:21:28 PM] [UCejb#1] RigssRP: joined with identifiers [steam:11000014abdebcf; license:0503ca95eab75210d3475b9e63fd6aa6028e6a91; xbl:2535446394392876; live:1055518940555852; discord:1103467626300199044; fivem:8351340; license2:2a20c64a2a1abb3e1653a5c89e5ac281f69f1eb9]
[10:44:47 PM] [UCejb#2] JOSH: joined with identifiers [steam:1100001438fe567; license:b6284c20b4ad2c41c48d4a31859b65ae2a417ec8; discord:405075418769522708; fivem:12124231; license2:b6284c20b4ad2c41c48d4a31859b65ae2a417ec8]
[11:03:56 PM] [UCejb#2] JOSH: said "/hideHUD"
[11:04:08 PM] [UCejb#2] JOSH: said "/hideHUD"
[11:06:07 PM] [UCejb#1] RigssRP: said "/hideHUD"
[11:25:48 PM] [UCejb#2] JOSH: said "/th"
[11:25:49 PM] [UCejb#2] JOSH: said "/th"
[11:25:49 PM] [UCejb#2] JOSH: said "/th"
[11:25:58 PM] [UCejb#2] JOSH: said "/th"
[11:30:28 PM] [UCejb#2] JOSH: died from suicide (Ranover by Vehicle)
[11:32:15 PM] [UCejb#1] RigssRP: disconnected (Exiting)
[11:32:15 PM] [UCejb#2] JOSH: disconnected (Exiting)
